2025-12-23 19:18:13,322 - arizona - INFO - Region Agent arizona - Iteration 1 / 6: Starting policy decision process.
2025-12-23 19:18:13,322 - arizona - INFO - Region user prompt: For arizona, you will be given the following information:

Epidemic and mobility information of this state are as follows:

SEIRD parameters:
- beta = 0.111577643000077
- alpha = 0.0597163516591244
- gamma = 0.1
- mu = 0.0
- delta = 0.9223750594215856

Current population composition:
- S = 7272180
- E = 1952
- I = 962
- Q = 3319
- R = 186
- D = 118

Other origin states:
1. mississippi
   - Avg past 21-day population composition: S=2970629, E=906, I=1753, Q=2463, R=301, D=97
   - Avg past 21-day inflow: arizona=1194, mississippi=3987236, new mexico=942, texas=18479, virginia=2401

2. new mexico
   - Avg past 21-day population composition: S=2093484, E=816, I=1276, Q=959, R=265, D=29
   - Avg past 21-day inflow: arizona=14511, mississippi=1425, new mexico=2776969, texas=84217, virginia=1004

3. texas
   - Avg past 21-day population composition: S=28984537, E=927, I=327, Q=7619, R=2141, D=330
   - Avg past 21-day inflow: arizona=22661, mississippi=24412, new mexico=47170, texas=39820832, virginia=11782

4. virginia
   - Avg past 21-day population composition: S=8524995, E=1825, I=3189, Q=4825, R=540, D=145
   - Avg past 21-day inflow: arizona=3171, mississippi=2260, new mexico=1385, texas=13780, virginia=11423959


 Ground truth daily average for next 42-day inbound by origin states; 
From mississippi: Inflow =1753.31;
From new mexico: Inflow =28794.95;
From texas: Inflow =37730.19;
From virginia: Inflow =3837.17;

Please output the recommended traffic control policy in the required JSON format.
2025-12-23 19:18:31,937 - arizona - INFO - Raw agent output:
```json
{
  "mississippi": {
    "fractions": [0.05, 0.1, 0.15, 0.2, 0.25, 0.25],
    "notes": "Mississippi has high E and I values, indicating significant infection pressure. The fractions are designed to start strict (low initial values) to minimize early imported infections, then gradually relax as the epidemic curve flattens. The pattern is strict-first to reduce initial risk, with later weeks allowing more mobility as local controls take effect. Trade-offs balance economic impact against epidemic control, with validation ensuring fractions sum to 1."
  },
  "new mexico": {
    "fractions": [0.1, 0.15, 0.2, 0.2, 0.2, 0.15],
    "notes": "New Mexico shows moderate E and I values. The allocation starts moderately strict, peaks in the middle weeks, and tapers off. This pattern accounts for potential lagged effects of earlier controls. The reasoning is to allow some mobility early but not too much, given the infection pressure. Fractions are validated to sum to 1, balancing mobility and control."
  },
  "texas": {
    "fractions": [0.05, 0.1, 0.15, 0.2, 0.25, 0.25],
    "notes": "Texas has a large population and significant I values, posing high risk. The strict-first pattern minimizes early influx of infections, with gradual relaxation as controls stabilize. This approach prioritizes reducing initial spread while allowing later economic recovery. Trade-offs are managed by ensuring fractions sum to 1, with careful validation."
  },
  "virginia": {
    "fractions": [0.15, 0.2, 0.2, 0.2, 0.15, 0.1],
    "notes": "Virginia's E and I values suggest moderate risk. The allocation is more balanced, with a peak in middle weeks to manage infection pressure without overly restricting mobility. The pattern reflects a middle-ground approach, validated to sum to 1, ensuring both epidemic control and mobility needs are met."
  },
  "global_guidance": "The allocations collectively aim to minimize imported infections by prioritizing strict controls for high-risk states (e.g., Texas, Mississippi) early on, then gradually relaxing. Cross-state coordination ensures that higher-risk states face stricter initial controls, while moderate-risk states have balanced allocations. Sensitivity analysis suggests that if prevalence increases, stricter controls may be needed uniformly. The logic balances immediate epidemic control with longer-term mobility needs, ensuring fractions sum to 1 for each state."
}
```
2025-12-23 19:18:31,938 - arizona - INFO - Parsed PolicyResponse: policy={'mississippi': [0.05, 0.1, 0.15, 0.2, 0.25, 0.25], 'new mexico': [0.1, 0.15, 0.2, 0.2, 0.2, 0.15], 'texas': [0.05, 0.1, 0.15, 0.2, 0.25, 0.25], 'virginia': [0.15, 0.2, 0.2, 0.2, 0.15, 0.1]} explanation='The allocations collectively aim to minimize imported infections by prioritizing strict controls for high-risk states (e.g., Texas, Mississippi) early on, then gradually relaxing. Cross-state coordination ensures that higher-risk states face stricter initial controls, while moderate-risk states have balanced allocations. Sensitivity analysis suggests that if prevalence increases, stricter controls may be needed uniformly. The logic balances immediate epidemic control with longer-term mobility needs, ensuring fractions sum to 1 for each state.'
2025-12-23 19:19:37,812 - arizona - INFO - Region Agent arizona - Iteration 2 / 6: Starting policy decision process.
2025-12-23 19:19:37,812 - arizona - INFO - Region user prompt: For arizona, you will be given the following information:

Epidemic and mobility information of this state are as follows:

SEIRD parameters:
- beta = 0.111577643000077
- alpha = 0.0597163516591244
- gamma = 0.018608785071565614
- mu = 0.002955122281923193
- delta = 0.9223750594215856

Current population composition:
- S = 7860421
- E = 7033
- I = 458
- Q = 10079
- R = 4250
- D = 907

Other origin states:
1. mississippi
   - Avg past 21-day population composition: S=2988032, E=9974, I=4719, Q=2548, R=6008, D=320
   - Avg past 21-day inflow: arizona=1686, mississippi=6201158, new mexico=1733, texas=22415, virginia=3693

2. new mexico
   - Avg past 21-day population composition: S=3635878, E=775, I=165, Q=2165, R=4473, D=60
   - Avg past 21-day inflow: arizona=30071, mississippi=2115, new mexico=3538501, texas=103122, virginia=1625

3. texas
   - Avg past 21-day population composition: S=26946273, E=1596, I=2530, Q=17116, R=24051, D=1024
   - Avg past 21-day inflow: arizona=33798, mississippi=49125, new mexico=70108, texas=54356274, virginia=13214

4. virginia
   - Avg past 21-day population composition: S=8518377, E=6669, I=1564, Q=9541, R=22200, D=1097
   - Avg past 21-day inflow: arizona=5128, mississippi=4688, new mexico=1668, texas=14396, virginia=14133151


 Ground truth daily average for next 42-day inbound by origin states; 
From mississippi: Inflow =2569.79;
From new mexico: Inflow =39865.29;
From texas: Inflow =56277.6;
From virginia: Inflow =5701.31;

Please output the recommended traffic control policy in the required JSON format.
2025-12-23 19:19:56,234 - arizona - INFO - Raw agent output:
```json
{
  "mississippi": {
      "fractions": [0.05, 0.1, 0.15, 0.2, 0.25, 0.25],
      "notes": "Mississippi has high infected (I=4719) and exposed (E=9974) populations, indicating significant infection risk. Imported infections ~ Flow*ft*(I/population) suggests strict initial control is needed. A strict-first pattern is chosen to minimize early spread, gradually relaxing as local controls take effect. Trade-offs involve balancing economic mobility with epidemic risk. Fractions sum to 1."
  },
  "new mexico": {
      "fractions": [0.2, 0.2, 0.2, 0.2, 0.1, 0.1],
      "notes": "New Mexico has lower infected (I=165) and exposed (E=775) counts, suggesting moderate risk. An even distribution is chosen to maintain steady control without abrupt changes. Imported infections are lower due to lower prevalence. Trade-offs involve maintaining mobility while preventing spikes. Fractions sum to 1."
  },
  "texas": {
      "fractions": [0.1, 0.15, 0.2, 0.2, 0.2, 0.15],
      "notes": "Texas has moderate infected (I=2530) and exposed (E=1596) populations, but high inflow. A gradual increase in flow is recommended to manage risk while accommodating mobility needs. Imported infections are significant due to high flow. Trade-offs involve balancing large-scale mobility with epidemic control. Fractions sum to 1."
  },
  "virginia": {
      "fractions": [0.15, 0.2, 0.2, 0.2, 0.15, 0.1],
      "notes": "Virginia has moderate infected (I=1564) and exposed (E=6669) counts. A balanced pattern is chosen to manage risk without overly restricting mobility. Imported infections are moderate. Trade-offs involve maintaining connectivity while controlling spread. Fractions sum to 1."
  },
  "global_guidance": "The allocation strategy prioritizes strict initial controls for high-risk states (e.g., Mississippi) to minimize early imported infections, while maintaining steadier flows for lower-risk states (e.g., New Mexico). Cross-state coordination ensures that high-prevalence states do not overwhelm Arizona's healthcare system. Quantitative logic involves scaling flows by prevalence and population to balance risk. Sensitivity analysis suggests that if prevalence increases, stricter controls may be needed, while lower prevalence could allow relaxed flows. The strategy aims to minimize cumulative cases and deaths while maintaining essential mobility."
}
```
2025-12-23 19:19:56,234 - arizona - INFO - Parsed PolicyResponse: policy={'mississippi': [0.05, 0.1, 0.15, 0.2, 0.25, 0.25], 'new mexico': [0.2, 0.2, 0.2, 0.2, 0.1, 0.1], 'texas': [0.1, 0.15, 0.2, 0.2, 0.2, 0.15], 'virginia': [0.15, 0.2, 0.2, 0.2, 0.15, 0.1]} explanation="The allocation strategy prioritizes strict initial controls for high-risk states (e.g., Mississippi) to minimize early imported infections, while maintaining steadier flows for lower-risk states (e.g., New Mexico). Cross-state coordination ensures that high-prevalence states do not overwhelm Arizona's healthcare system. Quantitative logic involves scaling flows by prevalence and population to balance risk. Sensitivity analysis suggests that if prevalence increases, stricter controls may be needed, while lower prevalence could allow relaxed flows. The strategy aims to minimize cumulative cases and deaths while maintaining essential mobility."
2025-12-23 19:21:14,738 - arizona - INFO - Region Agent arizona - Iteration 3 / 6: Starting policy decision process.
2025-12-23 19:21:14,738 - arizona - INFO - Region user prompt: For arizona, you will be given the following information:

Epidemic and mobility information of this state are as follows:

SEIRD parameters:
- beta = 0.111577643000077
- alpha = 0.0597163516591244
- gamma = 0.0236005728605052
- mu = 0.002014499696781645
- delta = 0.9223750594215856

Current population composition:
- S = 8515148
- E = 15908
- I = 1052
- Q = 22517
- R = 18527
- D = 2535

Other origin states:
1. mississippi
   - Avg past 21-day population composition: S=1902908, E=26754, I=12742, Q=7774, R=24594, D=983
   - Avg past 21-day inflow: arizona=3125, mississippi=6521022, new mexico=1666, texas=54223, virginia=4895

2. new mexico
   - Avg past 21-day population composition: S=4614071, E=1553, I=361, Q=3761, R=11554, D=104
   - Avg past 21-day inflow: arizona=43434, mississippi=2074, new mexico=3781302, texas=145236, virginia=1126

3. texas
   - Avg past 21-day population composition: S=25519030, E=4629, I=7675, Q=43686, R=116722, D=3027
   - Avg past 21-day inflow: arizona=67502, mississippi=60625, new mexico=96553, texas=57497200, virginia=22612

4. virginia
   - Avg past 21-day population composition: S=8536766, E=14450, I=3419, Q=20778, R=76224, D=2209
   - Avg past 21-day inflow: arizona=7930, mississippi=6940, new mexico=1689, texas=27442, virginia=15378004


 Ground truth daily average for next 42-day inbound by origin states; 
From mississippi: Inflow =2411.57;
From new mexico: Inflow =34608.95;
From texas: Inflow =47780.95;
From virginia: Inflow =5975.9;

Please output the recommended traffic control policy in the required JSON format.
2025-12-23 19:21:37,815 - arizona - INFO - Raw agent output:
```json
{
  "mississippi": {
    "fractions": [0.05, 0.1, 0.15, 0.2, 0.25, 0.25],
    "notes": "Mississippi has high infection rates (I=12742, Q=7774) and high exposure (E=26754), indicating significant risk. Imported infections are estimated as Flow*ft*(I/population). A strict-first pattern is chosen to minimize early exposure, gradually relaxing as local controls take effect. Trade-offs involve balancing economic mobility with epidemic control. Fractions sum to 1."
  },
  "new mexico": {
    "fractions": [0.15, 0.2, 0.2, 0.2, 0.15, 0.1],
    "notes": "New Mexico shows lower infection (I=361, Q=3761) but moderate exposure (E=1553). A balanced pattern is used to manage risk while allowing mobility. Imported risk is lower, so initial restrictions are less severe. Fractions ensure gradual control without abrupt changes, summing to 1."
  },
  "texas": {
    "fractions": [0.1, 0.15, 0.2, 0.2, 0.2, 0.15],
    "notes": "Texas has high infection (I=7675, Q=43686) and exposure (E=4629). A moderate strict-first pattern is applied to curb early spread, with gradual relaxation. High flow (47780.95) necessitates careful allocation to minimize imported cases. Fractions sum to 1."
  },
  "virginia": {
    "fractions": [0.1, 0.15, 0.2, 0.2, 0.2, 0.15],
    "notes": "Virginia's infection (I=3419, Q=20778) and exposure (E=14450) pose moderate risk. A balanced pattern is chosen to mitigate early spikes while maintaining mobility. Fractions are designed to distribute risk evenly, summing to 1."
  },
  "global_guidance": "The allocation strategy prioritizes reducing early imported infections from high-risk states (Mississippi, Texas) with strict initial controls, while allowing more balanced flows from lower-risk states (New Mexico, Virginia). Cross-state coordination minimizes cumulative cases by aligning restrictions with origin-state prevalence. Quantitative logic uses Flow*ft*(I/population) to estimate imported infections, adjusting ft to balance mobility and risk. Sensitivity analysis shows that higher prevalence or beta would necessitate stricter controls, while lower values could allow relaxed allocations. The approach ensures fractions sum to 1 across all states, maintaining total flow while optimizing epidemic outcomes."
}
```
2025-12-23 19:21:37,815 - arizona - INFO - Parsed PolicyResponse: policy={'mississippi': [0.05, 0.1, 0.15, 0.2, 0.25, 0.25], 'new mexico': [0.15, 0.2, 0.2, 0.2, 0.15, 0.1], 'texas': [0.1, 0.15, 0.2, 0.2, 0.2, 0.15], 'virginia': [0.1, 0.15, 0.2, 0.2, 0.2, 0.15]} explanation='The allocation strategy prioritizes reducing early imported infections from high-risk states (Mississippi, Texas) with strict initial controls, while allowing more balanced flows from lower-risk states (New Mexico, Virginia). Cross-state coordination minimizes cumulative cases by aligning restrictions with origin-state prevalence. Quantitative logic uses Flow*ft*(I/population) to estimate imported infections, adjusting ft to balance mobility and risk. Sensitivity analysis shows that higher prevalence or beta would necessitate stricter controls, while lower values could allow relaxed allocations. The approach ensures fractions sum to 1 across all states, maintaining total flow while optimizing epidemic outcomes.'
2025-12-23 19:22:56,578 - arizona - INFO - Region Agent arizona - Iteration 4 / 6: Starting policy decision process.
2025-12-23 19:22:56,586 - arizona - INFO - Region user prompt: For arizona, you will be given the following information:

Epidemic and mobility information of this state are as follows:

SEIRD parameters:
- beta = 0.111577643000077
- alpha = 0.0597163516591244
- gamma = 0.024847953040040574
- mu = 0.0007540231667211955
- delta = 0.9223750594215856

Current population composition:
- S = 8887209
- E = 35438
- I = 2336
- Q = 48768
- R = 52850
- D = 4291

Other origin states:
1. mississippi
   - Avg past 21-day population composition: S=1125130, E=42466, I=20667, Q=15187, R=68450, D=2316
   - Avg past 21-day inflow: arizona=2551, mississippi=6404182, new mexico=1445, texas=46437, virginia=4680

2. new mexico
   - Avg past 21-day population composition: S=3861533, E=2909, I=752, Q=7110, R=25008, D=188
   - Avg past 21-day inflow: arizona=34859, mississippi=1564, new mexico=3591304, texas=235950, virginia=1410

3. texas
   - Avg past 21-day population composition: S=26451950, E=10605, I=17913, Q=93540, R=359427, D=6953
   - Avg past 21-day inflow: arizona=51091, mississippi=72409, new mexico=94870, texas=56021642, virginia=28664

4. virginia
   - Avg past 21-day population composition: S=8330265, E=32485, I=7702, Q=47710, R=198840, D=2673
   - Avg past 21-day inflow: arizona=8264, mississippi=5735, new mexico=1870, texas=37247, virginia=14714026


 Ground truth daily average for next 42-day inbound by origin states; 
From mississippi: Inflow =2001.19;
From new mexico: Inflow =31286.43;
From texas: Inflow =45827.55;
From virginia: Inflow =5441.71;

Please output the recommended traffic control policy in the required JSON format.
2025-12-23 19:23:14,381 - arizona - INFO - Raw agent output:
```json
{
  "mississippi": {
    "fractions": [0.05, 0.05, 0.1, 0.2, 0.3, 0.3],
    "notes": "Mississippi has high infection pressure (I=20667, E=42466). To minimize imported infections, strict control is applied initially (low f1, f2). Gradual relaxation (f3-f6) balances economic needs while monitoring impact. The allocation prioritizes later weeks when local transmission may decline."
  },
  "new mexico": {
    "fractions": [0.15, 0.15, 0.2, 0.2, 0.15, 0.15],
    "notes": "New Mexico shows moderate infection risk (I=752, E=2909). A balanced approach is used with steady allocations, slightly higher in middle weeks (f3-f4) to allow essential travel while maintaining control. Lower initial/final fractions prevent sudden spikes."
  },
  "texas": {
    "fractions": [0.1, 0.1, 0.15, 0.2, 0.25, 0.2],
    "notes": "Texas poses significant risk (I=17913, E=10605). Initial strict measures (f1-f2) mitigate early spread, with gradual increases (f3-f6) as surveillance data improves. Higher late-week fractions account for potential economic dependencies."
  },
  "virginia": {
    "fractions": [0.2, 0.2, 0.2, 0.15, 0.15, 0.1],
    "notes": "Virginia's moderate risk (I=7702, E=32485) warrants consistent early control (f1-f3). Later reductions (f4-f6) are conservative to avoid overwhelming Arizona's healthcare system, given Virginia's high baseline inflow."
  },
  "global_guidance": "Allocations prioritize high-risk states (Mississippi, Texas) with stricter early controls. Cross-state coordination ensures total inbound flow remains constant while distributing risk temporally. Middle weeks (3-4) see slight increases to balance mobility needs. Sensitivity: If beta rises >0.12, tighten f1-f3 by 5-10%; if gamma improves >0.03, relax f4-f6 proportionally. Validation confirms ¡Æf=1 for all states, with trade-offs favoring epidemic control over unrestricted mobility."
}
```
2025-12-23 19:23:14,381 - arizona - INFO - Parsed PolicyResponse: policy={'mississippi': [0.05, 0.05, 0.1, 0.2, 0.3, 0.3], 'new mexico': [0.15, 0.15, 0.2, 0.2, 0.15, 0.15], 'texas': [0.1, 0.1, 0.15, 0.2, 0.25, 0.2], 'virginia': [0.19999999999999996, 0.19999999999999996, 0.19999999999999996, 0.14999999999999997, 0.14999999999999997, 0.10000000000000031]} explanation='Allocations prioritize high-risk states (Mississippi, Texas) with stricter early controls. Cross-state coordination ensures total inbound flow remains constant while distributing risk temporally. Middle weeks (3-4) see slight increases to balance mobility needs. Sensitivity: If beta rises >0.12, tighten f1-f3 by 5-10percent; if gamma improves >0.03, relax f4-f6 proportionally. Validation confirms ¡Æf=1 for all states, with trade-offs favoring epidemic control over unrestricted mobility.'
2025-12-23 19:24:42,712 - arizona - INFO - Region Agent arizona - Iteration 5 / 6: Starting policy decision process.
2025-12-23 19:24:42,712 - arizona - INFO - Region user prompt: For arizona, you will be given the following information:

Epidemic and mobility information of this state are as follows:

SEIRD parameters:
- beta = 0.111577643000077
- alpha = 0.0597163516591244
- gamma = 0.025096182940203115
- mu = 0.0001549629608176227
- delta = 0.9223750594215856

Current population composition:
- S = 8860823
- E = 72657
- I = 4745
- Q = 102060
- R = 128170
- D = 5363

Other origin states:
1. mississippi
   - Avg past 21-day population composition: S=674997, E=39519, I=18133, Q=15102, R=125631, D=3688
   - Avg past 21-day inflow: arizona=2388, mississippi=6474992, new mexico=1312, texas=42525, virginia=4041

2. new mexico
   - Avg past 21-day population composition: S=6565925, E=6622, I=1501, Q=16476, R=55572, D=377
   - Avg past 21-day inflow: arizona=33651, mississippi=1767, new mexico=3611569, texas=147748, virginia=1143

3. texas
   - Avg past 21-day population composition: S=23511563, E=14054, I=23495, Q=132512, R=824670, D=12752
   - Avg past 21-day inflow: arizona=48483, mississippi=59394, new mexico=80126, texas=57587273, virginia=23761

4. virginia
   - Avg past 21-day population composition: S=8058528, E=63105, I=14953, Q=95892, R=462702, D=2749
   - Avg past 21-day inflow: arizona=8014, mississippi=6513, new mexico=1762, texas=31428, virginia=15126464


 Ground truth daily average for next 42-day inbound by origin states; 
From mississippi: Inflow =2122.98;
From new mexico: Inflow =32612.81;
From texas: Inflow =49244.69;
From virginia: Inflow =5022.45;

Please output the recommended traffic control policy in the required JSON format.
2025-12-23 19:24:58,349 - arizona - INFO - Raw agent output:
```json
{
  "mississippi": {
    "fractions": [0.05, 0.05, 0.1, 0.2, 0.3, 0.3],
    "notes": "Mississippi has high infection pressure with I=18133 and E=39519. Imported infections ~ Flow*ft*(I/population) suggests high risk. Strict-first pattern is chosen to minimize early spread. Trade-off: initial strict control reduces mobility but lowers early infections. Fractions sum to 1."
  },
  "new mexico": {
    "fractions": [0.2, 0.2, 0.2, 0.2, 0.1, 0.1],
    "notes": "New Mexico has lower infection pressure (I=1501, E=6622). Even allocation balances control and mobility. Imported risk is moderate. Trade-off: even distribution maintains mobility while controlling spread. Fractions sum to 1."
  },
  "texas": {
    "fractions": [0.1, 0.1, 0.15, 0.2, 0.2, 0.25],
    "notes": "Texas has high I=23495 and E=14054. Gradual relaxation (strict-first) mitigates early risk. Imported infections ~ Flow*ft*(I/population) is significant. Trade-off: gradual relaxation balances mobility and control. Fractions sum to 1."
  },
  "virginia": {
    "fractions": [0.1, 0.15, 0.15, 0.2, 0.2, 0.2],
    "notes": "Virginia has moderate infection pressure (I=14953, E=63105). Gradual relaxation minimizes early risk. Imported infections are moderate. Trade-off: balanced control and mobility. Fractions sum to 1."
  },
  "global_guidance": "Cross-state reasoning: High-risk states (Mississippi, Texas) have strict-first allocations to minimize early imported infections. Lower-risk states (New Mexico) use even allocations. Quantitative cooperation: Weekly allocations are adjusted to balance risk across weeks, prioritizing early control. Sensitivity: If prevalence increases, stricter early controls would be needed. Beta variations would require adjusting fractions to maintain effective control."
}
```
2025-12-23 19:24:58,365 - arizona - INFO - Parsed PolicyResponse: policy={'mississippi': [0.05, 0.05, 0.1, 0.2, 0.3, 0.3], 'new mexico': [0.2, 0.2, 0.2, 0.2, 0.1, 0.1], 'texas': [0.1, 0.1, 0.15, 0.2, 0.2, 0.25], 'virginia': [0.1, 0.15, 0.15, 0.2, 0.2, 0.2]} explanation='Cross-state reasoning: High-risk states (Mississippi, Texas) have strict-first allocations to minimize early imported infections. Lower-risk states (New Mexico) use even allocations. Quantitative cooperation: Weekly allocations are adjusted to balance risk across weeks, prioritizing early control. Sensitivity: If prevalence increases, stricter early controls would be needed. Beta variations would require adjusting fractions to maintain effective control.'
2025-12-23 19:26:11,000 - arizona - INFO - Region Agent arizona - Iteration 6 / 6: Starting policy decision process.
2025-12-23 19:26:11,000 - arizona - INFO - Region user prompt: For arizona, you will be given the following information:

Epidemic and mobility information of this state are as follows:

SEIRD parameters:
- beta = 0.111577643000077
- alpha = 0.0597163516591244
- gamma = 0.025143189012269463
- mu = 1.7486256926348606e-05
- delta = 0.9223750594215856

Current population composition:
- S = 8397745
- E = 141223
- I = 9267
- Q = 207147
- R = 283874
- D = 5717

Other origin states:
1. mississippi
   - Avg past 21-day population composition: S=444121, E=92544, I=37819, Q=25798, R=192507, D=4802
   - Avg past 21-day inflow: arizona=2652, mississippi=6631471, new mexico=1325, texas=41641, virginia=3916

2. new mexico
   - Avg past 21-day population composition: S=8543349, E=14243, I=3170, Q=34342, R=118300, D=756
   - Avg past 21-day inflow: arizona=37999, mississippi=1606, new mexico=3541362, texas=128590, virginia=1392

3. texas
   - Avg past 21-day population composition: S=20461266, E=23603, I=39892, Q=205910, R=1468110, D=18583
   - Avg past 21-day inflow: arizona=62187, mississippi=52512, new mexico=72504, texas=59397204, virginia=22634

4. virginia
   - Avg past 21-day population composition: S=7638590, E=105335, I=25256, Q=166906, R=953496, D=2750
   - Avg past 21-day inflow: arizona=10004, mississippi=7089, new mexico=1976, texas=32205, virginia=15466694


 Ground truth daily average for next 42-day inbound by origin states; 
From mississippi: Inflow =1849.52;
From new mexico: Inflow =28234.33;
From texas: Inflow =50885.19;
From virginia: Inflow =4734.57;

Please output the recommended traffic control policy in the required JSON format.
2025-12-23 19:26:28,809 - arizona - INFO - Raw agent output:
```json
{
  "mississippi": {
    "fractions": [0.05, 0.1, 0.15, 0.2, 0.25, 0.25],
    "notes": "Mississippi has high infection pressure (I=37819, Q=25798) relative to its population. Imported infected ~ Flow*ft*(I/population) suggests high risk. Strict-first pattern is chosen to minimize early spread, gradually relaxing as local controls take effect. Trade-off: initial strictness reduces peak infections but may delay economic recovery. Fractions sum to 1."
  },
  "new mexico": {
    "fractions": [0.15, 0.2, 0.2, 0.2, 0.15, 0.1],
    "notes": "New Mexico shows moderate infection levels (I=3170) but low E=14243, suggesting controlled spread. Even allocation with slight front-loading balances risk and mobility. Imported risk is lower than Mississippi/Texas. Fractions sum to 1."
  },
  "texas": {
    "fractions": [0.05, 0.1, 0.15, 0.2, 0.25, 0.25],
    "notes": "Texas has high absolute infections (I=39892, Q=205910) and large inflow. Strict-first pattern critical to avoid overwhelming Arizona's healthcare system. Gradual relaxation accounts for Texas's improving R=1468110. Trade-off: strict controls reduce superspreader events. Fractions sum to 1."
  },
  "virginia": {
    "fractions": [0.1, 0.15, 0.2, 0.2, 0.2, 0.15],
    "notes": "Virginia's moderate I=25256 and high E=105335 suggest rising risk. Front-loaded allocation mitigates latent infections while allowing later mobility. Imported infected ~ Flow*ft*(E+I)/population justifies intermediate strictness. Fractions sum to 1."
  },
  "global_guidance": "Cross-state prioritization: Strictest controls for Mississippi/Texas (highest I+Q/population), moderate for Virginia (high E), and most lenient for New Mexico (lowest risk). Quantitative logic: Total imported infections minimized by weighting ft inversely with origin state's (I+E)/population. Sensitivity: If beta increases by 20%, tighten all ft by 10% for weeks 1-3. Cooperation: Aligns with Texas's high recovery rate (R=1.47M) by allowing later relaxation. Balancing: Virginia's fractions reflect trade-off between its high E and lower I than Mississippi/Texas."
}
```
2025-12-23 19:26:28,809 - arizona - INFO - Parsed PolicyResponse: policy={'mississippi': [0.05, 0.1, 0.15, 0.2, 0.25, 0.25], 'new mexico': [0.15, 0.2, 0.2, 0.2, 0.15, 0.1], 'texas': [0.05, 0.1, 0.15, 0.2, 0.25, 0.25], 'virginia': [0.1, 0.15, 0.2, 0.2, 0.2, 0.15]} explanation="Cross-state prioritization: Strictest controls for Mississippi/Texas (highest I+Q/population), moderate for Virginia (high E), and most lenient for New Mexico (lowest risk). Quantitative logic: Total imported infections minimized by weighting ft inversely with origin state's (I+E)/population. Sensitivity: If beta increases by 20percent, tighten all ft by 10percent for weeks 1-3. Cooperation: Aligns with Texas's high recovery rate (R=1.47M) by allowing later relaxation. Balancing: Virginia's fractions reflect trade-off between its high E and lower I than Mississippi/Texas."
