2025-12-23 19:18:52,924 - new mexico - INFO - Region Agent new mexico - Iteration 1 / 6: Starting policy decision process.
2025-12-23 19:18:52,924 - new mexico - INFO - Region user prompt: For new mexico, you will be given the following information:

Epidemic and mobility information of this state are as follows:

SEIRD parameters:
- beta = 0.1117782502495318
- alpha = 0.1853333987657855
- gamma = 0.1
- mu = 0.0
- delta = 0.9086749315713404

Current population composition:
- S = 2093484
- E = 816
- I = 1276
- Q = 959
- R = 265
- D = 29

Other origin states:
1. arizona
   - Avg past 21-day population composition: S=7272180, E=1952, I=962, Q=3319, R=186, D=118
   - Avg past 21-day inflow: arizona=9717467, mississippi=1551, new mexico=19529, texas=27907, virginia=3665

2. mississippi
   - Avg past 21-day population composition: S=2970629, E=906, I=1753, Q=2463, R=301, D=97
   - Avg past 21-day inflow: arizona=1194, mississippi=3987236, new mexico=942, texas=18479, virginia=2401

3. texas
   - Avg past 21-day population composition: S=28984537, E=927, I=327, Q=7619, R=2141, D=330
   - Avg past 21-day inflow: arizona=22661, mississippi=24412, new mexico=47170, texas=39820832, virginia=11782

4. virginia
   - Avg past 21-day population composition: S=8524995, E=1825, I=3189, Q=4825, R=540, D=145
   - Avg past 21-day inflow: arizona=3171, mississippi=2260, new mexico=1385, texas=13780, virginia=11423959


 Ground truth daily average for next 42-day inbound by origin states; 
From arizona: Inflow =21480.17;
From mississippi: Inflow =1923.76;
From texas: Inflow =128903.14;
From virginia: Inflow =1161.5;

Please output the recommended traffic control policy in the required JSON format.
2025-12-23 19:19:06,601 - new mexico - INFO - Raw agent output:
```json
{
  "arizona": {
    "fractions": [0.05, 0.1, 0.15, 0.2, 0.25, 0.25],
    "notes": "Arizona has a high infected (I) and confirmed (Q) population, indicating significant infection pressure. The fractions are designed to be strict-first to minimize early imported infections, gradually relaxing as the epidemic stabilizes. Imported infected is estimated as Flow*ft*(I/population). The trade-off is between early strict control and later mobility relaxation. Fractions sum to 1."
  },
  "mississippi": {
    "fractions": [0.1, 0.15, 0.2, 0.2, 0.2, 0.15],
    "notes": "Mississippi has high E and I values, suggesting active transmission. The allocation is strict-first to reduce early risk, with a gradual increase. Expected imported infections are Flow*ft*(I/population). The pattern balances early control with later mobility needs. Fractions sum to 1."
  },
  "texas": {
    "fractions": [0.2, 0.2, 0.2, 0.2, 0.1, 0.1],
    "notes": "Texas has lower I but high Q, indicating potential underreporting. The allocation is even initially, with stricter control later to manage latent risks. Imported infected is Flow*ft*(I/population). The trade-off is between consistent control and mobility. Fractions sum to 1."
  },
  "virginia": {
    "fractions": [0.05, 0.1, 0.15, 0.2, 0.25, 0.25],
    "notes": "Virginia has high E and I, indicating high infection pressure. The strict-first pattern minimizes early imported infections, with gradual relaxation. Imported infected is Flow*ft*(I/population). The trade-off is early control vs. later mobility. Fractions sum to 1."
  },
  "global_guidance": "The allocations collectively aim to minimize imported infections by prioritizing strict control for high-risk states (Arizona, Virginia) early on. The quantitative logic balances infection pressure (I/population) with mobility needs. Cross-state cooperation reduces peak imported cases. Sensitivity analysis suggests that higher prevalence would require stricter early controls, while lower beta could allow more relaxed allocations. The patterns are designed to flatten the curve of imported infections over the 6-week period."
}
```
2025-12-23 19:19:06,601 - new mexico - INFO - Parsed PolicyResponse: policy={'arizona': [0.05, 0.1, 0.15, 0.2, 0.25, 0.25], 'mississippi': [0.1, 0.15, 0.2, 0.2, 0.2, 0.15], 'texas': [0.2, 0.2, 0.2, 0.2, 0.1, 0.1], 'virginia': [0.05, 0.1, 0.15, 0.2, 0.25, 0.25]} explanation='The allocations collectively aim to minimize imported infections by prioritizing strict control for high-risk states (Arizona, Virginia) early on. The quantitative logic balances infection pressure (I/population) with mobility needs. Cross-state cooperation reduces peak imported cases. Sensitivity analysis suggests that higher prevalence would require stricter early controls, while lower beta could allow more relaxed allocations. The patterns are designed to flatten the curve of imported infections over the 6-week period.'
2025-12-23 19:20:18,588 - new mexico - INFO - Region Agent new mexico - Iteration 2 / 6: Starting policy decision process.
2025-12-23 19:20:18,588 - new mexico - INFO - Region user prompt: For new mexico, you will be given the following information:

Epidemic and mobility information of this state are as follows:

SEIRD parameters:
- beta = 0.1117782502495318
- alpha = 0.1853333987657855
- gamma = 0.06304094999826802
- mu = 0.0003954377962876131
- delta = 0.9086749315713404

Current population composition:
- S = 3930592
- E = 905
- I = 195
- Q = 2330
- R = 5857
- D = 70

Other origin states:
1. arizona
   - Avg past 21-day population composition: S=7658006, E=5671, I=366, Q=8267, R=2735, D=648
   - Avg past 21-day inflow: arizona=12334093, mississippi=2454, new mexico=31673, texas=52821, virginia=3452

2. mississippi
   - Avg past 21-day population composition: S=2988032, E=9974, I=4719, Q=2548, R=6008, D=320
   - Avg past 21-day inflow: arizona=1686, mississippi=6201158, new mexico=1733, texas=22415, virginia=3693

3. texas
   - Avg past 21-day population composition: S=26946273, E=1596, I=2530, Q=17116, R=24051, D=1024
   - Avg past 21-day inflow: arizona=33798, mississippi=49125, new mexico=70108, texas=54356274, virginia=13214

4. virginia
   - Avg past 21-day population composition: S=8518377, E=6669, I=1564, Q=9541, R=22200, D=1097
   - Avg past 21-day inflow: arizona=5128, mississippi=4688, new mexico=1668, texas=14396, virginia=14133151


 Ground truth daily average for next 42-day inbound by origin states; 
From arizona: Inflow =31024.95;
From mississippi: Inflow =1886.79;
From texas: Inflow =161374.02;
From virginia: Inflow =1408.24;

Please output the recommended traffic control policy in the required JSON format.
2025-12-23 19:20:39,164 - new mexico - INFO - Raw agent output:
```json
{
  "arizona": {
    "fractions": [0.05, 0.1, 0.15, 0.2, 0.25, 0.25],
    "notes": "Arizona has a high infected population (I=366) and significant inflow (12,334,093). To minimize imported infections, stricter controls are applied initially (low f1-f3) to reduce early spread, gradually relaxing (higher f4-f6) as the epidemic curve flattens. The pattern is strict-first to prioritize early containment. Imported infections scale with Flow*ft*(I/population), so initial tight controls reduce risk. Trade-offs balance mobility needs with epidemic control."
  },
  "mississippi": {
    "fractions": [0.1, 0.15, 0.2, 0.2, 0.2, 0.15],
    "notes": "Mississippi has a very high infected population (I=4,719) but lower inflow (6,201,158). The strict-first pattern is used to mitigate high infection pressure early. Fractions are adjusted to allow moderate mobility later while maintaining control. Imported risk is high due to high I, so initial weeks are stricter. Trade-offs ensure mobility isn't overly restricted while controlling spread."
  },
  "texas": {
    "fractions": [0.15, 0.2, 0.2, 0.2, 0.15, 0.1],
    "notes": "Texas has moderate infected (I=2,530) but extremely high inflow (54,356,274). The relaxed-first pattern is used because high mobility is unavoidable, but gradual tightening (lower f5-f6) helps reduce late-stage spread. Imported infections are significant due to high Flow, so fractions are balanced to avoid overwhelming the system. Trade-offs prioritize economic activity with controlled risk."
  },
  "virginia": {
    "fractions": [0.2, 0.2, 0.2, 0.2, 0.1, 0.1],
    "notes": "Virginia has moderate infected (I=1,564) and low inflow (14,133,151). The even pattern is used because infection pressure is stable. Fractions are kept consistent to avoid sudden changes in mobility. Imported risk is lower due to smaller I, so controls are less strict. Trade-offs favor steady mobility with moderate epidemic control."
  },
  "global_guidance": "The allocations aim to minimize cumulative cases in New Mexico by balancing infection pressure and mobility. High-risk states (e.g., Mississippi) have stricter early controls to reduce initial spread, while high-mobility states (e.g., Texas) use gradual tightening to avoid economic disruption. Cross-state coordination ensures no single origin overwhelms the system. Sensitivity analysis shows that if prevalence (I) increases, stricter controls (lower ft) are needed, while higher beta would require tighter allocations. The fractions sum to 1 for each state, ensuring total inbound flow matches ground truth while optimizing epidemic outcomes."
}
```
2025-12-23 19:20:39,164 - new mexico - INFO - Parsed PolicyResponse: policy={'arizona': [0.05, 0.1, 0.15, 0.2, 0.25, 0.25], 'mississippi': [0.1, 0.15, 0.2, 0.2, 0.2, 0.15], 'texas': [0.15, 0.2, 0.2, 0.2, 0.15, 0.1], 'virginia': [0.2, 0.2, 0.2, 0.2, 0.1, 0.1]} explanation='The allocations aim to minimize cumulative cases in New Mexico by balancing infection pressure and mobility. High-risk states (e.g., Mississippi) have stricter early controls to reduce initial spread, while high-mobility states (e.g., Texas) use gradual tightening to avoid economic disruption. Cross-state coordination ensures no single origin overwhelms the system. Sensitivity analysis shows that if prevalence (I) increases, stricter controls (lower ft) are needed, while higher beta would require tighter allocations. The fractions sum to 1 for each state, ensuring total inbound flow matches ground truth while optimizing epidemic outcomes.'
2025-12-23 19:21:54,837 - new mexico - INFO - Region Agent new mexico - Iteration 3 / 6: Starting policy decision process.
2025-12-23 19:21:54,837 - new mexico - INFO - Region user prompt: For new mexico, you will be given the following information:

Epidemic and mobility information of this state are as follows:

SEIRD parameters:
- beta = 0.1117782502495318
- alpha = 0.1853333987657855
- gamma = 0.06304095000463207
- mu = 0.00039419562780104
- delta = 0.9086749315713404

Current population composition:
- S = 5226554
- E = 1989
- I = 444
- Q = 4737
- R = 14077
- D = 121

Other origin states:
1. arizona
   - Avg past 21-day population composition: S=8876291, E=13545, I=897, Q=18923, R=13926, D=2098
   - Avg past 21-day inflow: arizona=12691405, mississippi=3597, new mexico=31891, texas=61904, virginia=5130

2. mississippi
   - Avg past 21-day population composition: S=1902908, E=26754, I=12742, Q=7774, R=24594, D=983
   - Avg past 21-day inflow: arizona=3125, mississippi=6521022, new mexico=1666, texas=54223, virginia=4895

3. texas
   - Avg past 21-day population composition: S=25519030, E=4629, I=7675, Q=43686, R=116722, D=3027
   - Avg past 21-day inflow: arizona=67502, mississippi=60625, new mexico=96553, texas=57497200, virginia=22612

4. virginia
   - Avg past 21-day population composition: S=8536766, E=14450, I=3419, Q=20778, R=76224, D=2209
   - Avg past 21-day inflow: arizona=7930, mississippi=6940, new mexico=1689, texas=27442, virginia=15378004


 Ground truth daily average for next 42-day inbound by origin states; 
From arizona: Inflow =24900.24;
From mississippi: Inflow =1422.36;
From texas: Inflow =142139.4;
From virginia: Inflow =1568.29;

Please output the recommended traffic control policy in the required JSON format.
2025-12-23 19:22:12,022 - new mexico - INFO - Raw agent output:
```json
{
  "arizona": {
    "fractions": [0.05, 0.1, 0.15, 0.2, 0.25, 0.25],
    "notes": "Arizona shows moderate infection pressure with I=897 and E=13545. Given its high inflow (12691405), strict initial controls are needed to minimize imported infections. The fractions gradually increase to balance economic needs while maintaining control. The pattern is strict-first to reduce early spread, with later weeks allowing more mobility as surveillance data confirms lower risk."
  },
  "mississippi": {
    "fractions": [0.1, 0.15, 0.2, 0.2, 0.2, 0.15],
    "notes": "Mississippi has high infection pressure (I=12742, E=26754) but lower inflow (6521022). The fractions start moderately strict and peak mid-period to manage risk while allowing some mobility. The pattern is relaxed-first to account for lower inflow volume but adjusts based on high local prevalence."
  },
  "texas": {
    "fractions": [0.02, 0.05, 0.1, 0.2, 0.3, 0.33],
    "notes": "Texas has significant infection pressure (I=7675, E=4629) and very high inflow (57497200). Strict initial controls are critical, with gradual relaxation to mitigate economic impact. The pattern is strict-first due to high inflow and moderate infection risk, ensuring minimal early spread."
  },
  "virginia": {
    "fractions": [0.15, 0.2, 0.2, 0.2, 0.15, 0.1],
    "notes": "Virginia shows moderate infection pressure (I=3417, E=14450) and moderate inflow (15378004). The fractions are balanced to avoid early spikes while maintaining mobility. The pattern is even to distribute risk evenly, given stable prevalence and inflow."
  },
  "global_guidance": "The allocations prioritize strict initial controls for high-risk states (Texas, Arizona) to minimize early imported infections. Lower-risk states (Virginia, Mississippi) have more balanced distributions. Cross-state coordination ensures that high-inflow states do not overwhelm New Mexico's capacity. Sensitivity analysis suggests that if prevalence rises, stricter controls may be needed mid-period. The fractions sum to 1 for each state, ensuring total inbound flow matches ground truth while optimizing for minimal cases."
}
```
2025-12-23 19:22:12,022 - new mexico - INFO - Parsed PolicyResponse: policy={'arizona': [0.05, 0.1, 0.15, 0.2, 0.25, 0.25], 'mississippi': [0.1, 0.15, 0.2, 0.2, 0.2, 0.15], 'texas': [0.02, 0.05, 0.1, 0.2, 0.3, 0.33], 'virginia': [0.15, 0.2, 0.2, 0.2, 0.15, 0.1]} explanation="The allocations prioritize strict initial controls for high-risk states (Texas, Arizona) to minimize early imported infections. Lower-risk states (Virginia, Mississippi) have more balanced distributions. Cross-state coordination ensures that high-inflow states do not overwhelm New Mexico's capacity. Sensitivity analysis suggests that if prevalence rises, stricter controls may be needed mid-period. The fractions sum to 1 for each state, ensuring total inbound flow matches ground truth while optimizing for minimal cases."
2025-12-23 19:23:37,388 - new mexico - INFO - Region Agent new mexico - Iteration 4 / 6: Starting policy decision process.
2025-12-23 19:23:37,388 - new mexico - INFO - Region user prompt: For new mexico, you will be given the following information:

Epidemic and mobility information of this state are as follows:

SEIRD parameters:
- beta = 0.1117782502495318
- alpha = 0.1853333987657855
- gamma = 0.06304095001099612
- mu = 0.00039063206364745316
- delta = 0.9086749315713404

Current population composition:
- S = 5689516
- E = 4246
- I = 1128
- Q = 9817
- R = 29846
- D = 219

Other origin states:
1. arizona
   - Avg past 21-day population composition: S=9026133, E=29757, I=1975, Q=40638, R=42286, D=3905
   - Avg past 21-day inflow: arizona=12204458, mississippi=3375, new mexico=31147, texas=52558, virginia=6573

2. mississippi
   - Avg past 21-day population composition: S=1125130, E=42466, I=20667, Q=15187, R=68450, D=2316
   - Avg past 21-day inflow: arizona=2551, mississippi=6404182, new mexico=1445, texas=46437, virginia=4680

3. texas
   - Avg past 21-day population composition: S=26451950, E=10605, I=17913, Q=93540, R=359427, D=6953
   - Avg past 21-day inflow: arizona=51091, mississippi=72409, new mexico=94870, texas=56021642, virginia=28664

4. virginia
   - Avg past 21-day population composition: S=8330265, E=32485, I=7702, Q=47710, R=198840, D=2673
   - Avg past 21-day inflow: arizona=8264, mississippi=5735, new mexico=1870, texas=37247, virginia=14714026


 Ground truth daily average for next 42-day inbound by origin states; 
From arizona: Inflow =28043.0;
From mississippi: Inflow =1178.48;
From texas: Inflow =147749.24;
From virginia: Inflow =1430.02;

Please output the recommended traffic control policy in the required JSON format.
2025-12-23 19:23:58,871 - new mexico - INFO - Raw agent output:
```json
{
  "arizona": {
    "fractions": [0.1, 0.1, 0.2, 0.2, 0.2, 0.2],
    "notes": "Arizona shows moderate infection pressure with I=1975 and Q=40638. The fractions are designed to be strict-first to minimize initial imported infections, then gradually relaxed. Imported_infected ~ Flow*ft*(I/population) suggests higher initial control reduces early spread. Trade-off: initial strictness may impact mobility but lowers cumulative cases. Validation: 0.1+0.1+0.2+0.2+0.2+0.2=1."
  },
  "mississippi": {
    "fractions": [0.05, 0.05, 0.15, 0.25, 0.25, 0.25],
    "notes": "Mississippi has high infection pressure (I=20667, Q=15187). Strict-first allocation (low initial ft) is critical to prevent early surge. Imported_infected ~ Flow*ft*(I/population) justifies stringent early control. Trade-off: severe initial restrictions balance mobility and epidemic control. Validation: 0.05+0.05+0.15+0.25+0.25+0.25=1."
  },
  "texas": {
    "fractions": [0.15, 0.15, 0.2, 0.2, 0.15, 0.15],
    "notes": "Texas has high I=17913 and Q=93540, but lower E=10605 suggests slower growth. Moderate strict-first fractions curb early imports while allowing later flexibility. Imported_infected ~ Flow*ft*(I/population) supports balanced allocation. Trade-off: moderate initial control balances mobility and risk. Validation: 0.15+0.15+0.2+0.2+0.15+0.15=1."
  },
  "virginia": {
    "fractions": [0.2, 0.2, 0.2, 0.2, 0.1, 0.1],
    "notes": "Virginia's I=7702 and Q=47710 indicate moderate risk. Even allocation with slight late strictness accounts for potential secondary waves. Imported_infected ~ Flow*ft*(I/population) justifies steady control. Trade-off: even distribution maintains mobility while managing risk. Validation: 0.2+0.2+0.2+0.2+0.1+0.1=1."
  },
  "global_guidance": "Cross-state reasoning prioritizes strictest control for Mississippi (highest I) and Arizona (high Q), followed by Texas and Virginia. Quantitative cooperation: early strictness reduces initial seeding, while later relaxation allows controlled mobility. Sensitivity: if prevalence rises, stricter allocations may be needed; if beta drops, fractions can be relaxed. Balancing high-risk states (Mississippi, Arizona) with moderate ones (Texas, Virginia) minimizes imported infections and deaths collectively. Validation: all fractions sum to 1, ensuring total Flow remains constant."
}
```
2025-12-23 19:23:58,871 - new mexico - INFO - Parsed PolicyResponse: policy={'arizona': [0.1, 0.1, 0.2, 0.2, 0.2, 0.2], 'mississippi': [0.05, 0.05, 0.15, 0.25, 0.25, 0.25], 'texas': [0.15, 0.15, 0.2, 0.2, 0.15, 0.15], 'virginia': [0.2, 0.2, 0.2, 0.2, 0.1, 0.1]} explanation='Cross-state reasoning prioritizes strictest control for Mississippi (highest I) and Arizona (high Q), followed by Texas and Virginia. Quantitative cooperation: early strictness reduces initial seeding, while later relaxation allows controlled mobility. Sensitivity: if prevalence rises, stricter allocations may be needed; if beta drops, fractions can be relaxed. Balancing high-risk states (Mississippi, Arizona) with moderate ones (Texas, Virginia) minimizes imported infections and deaths collectively. Validation: all fractions sum to 1, ensuring total Flow remains constant.'
2025-12-23 19:25:17,947 - new mexico - INFO - Region Agent new mexico - Iteration 5 / 6: Starting policy decision process.
2025-12-23 19:25:17,947 - new mexico - INFO - Region user prompt: For new mexico, you will be given the following information:

Epidemic and mobility information of this state are as follows:

SEIRD parameters:
- beta = 0.1117782502495318
- alpha = 0.1853333987657855
- gamma = 0.06304095001736017
- mu = 0.00038481007310605856
- delta = 0.9086749315713404

Current population composition:
- S = 7280308
- E = 8174
- I = 1869
- Q = 19726
- R = 66472
- D = 443

Other origin states:
1. arizona
   - Avg past 21-day population composition: S=8865895, E=61456, I=4010, Q=86247, R=105554, D=5178
   - Avg past 21-day inflow: arizona=12775936, mississippi=3201, new mexico=31286, texas=59575, virginia=4352

2. mississippi
   - Avg past 21-day population composition: S=674997, E=39519, I=18133, Q=15102, R=125631, D=3688
   - Avg past 21-day inflow: arizona=2388, mississippi=6474992, new mexico=1312, texas=42525, virginia=4041

3. texas
   - Avg past 21-day population composition: S=23511563, E=14054, I=23495, Q=132512, R=824670, D=12752
   - Avg past 21-day inflow: arizona=48483, mississippi=59394, new mexico=80126, texas=57587273, virginia=23761

4. virginia
   - Avg past 21-day population composition: S=8058528, E=63105, I=14953, Q=95892, R=462702, D=2749
   - Avg past 21-day inflow: arizona=8014, mississippi=6513, new mexico=1762, texas=31428, virginia=15126464


 Ground truth daily average for next 42-day inbound by origin states; 
From arizona: Inflow =34545.19;
From mississippi: Inflow =1148.12;
From texas: Inflow =142879.29;
From virginia: Inflow =1741.21;

Please output the recommended traffic control policy in the required JSON format.
2025-12-23 19:25:34,158 - new mexico - INFO - Raw agent output:
```json
{
  "arizona": {
    "fractions": [0.1, 0.15, 0.2, 0.2, 0.2, 0.15],
    "notes": "Arizona has high E and I values, indicating significant infection pressure. Imported infections are estimated as Flow*ft*(I/population). A strict-first pattern is chosen to minimize early spread, gradually relaxing as initial risk is mitigated. The fractions sum to 1, ensuring total inbound flow remains constant. Trade-offs involve balancing economic mobility with epidemic control, prioritizing early strict measures to reduce peak infections."
  },
  "mississippi": {
    "fractions": [0.05, 0.1, 0.15, 0.2, 0.25, 0.25],
    "notes": "Mississippi has extremely high I and E relative to population, posing high risk. Imported infections scale with Flow*ft*(I/population). A strict-first pattern is critical, with gradual relaxation to avoid overwhelming healthcare. Fractions sum to 1, maintaining total flow. Trade-offs involve severe early restrictions to curb high infection potential, with later relaxation as risk diminishes."
  },
  "texas": {
    "fractions": [0.15, 0.2, 0.2, 0.2, 0.15, 0.1],
    "notes": "Texas has moderate I but large population, leading to substantial absolute infected count. Imported infections are Flow*ft*(I/population). A balanced pattern is used, with slight early strictness to manage large inflow volume. Fractions sum to 1. Trade-offs involve managing high flow while mitigating infection spread, with gradual reduction in later weeks."
  },
  "virginia": {
    "fractions": [0.2, 0.2, 0.2, 0.2, 0.1, 0.1],
    "notes": "Virginia has moderate E and I, with lower relative risk. Imported infections are Flow*ft*(I/population). An even pattern is chosen due to stable risk, with slight late reduction to align with cross-state coordination. Fractions sum to 1. Trade-offs involve maintaining mobility while monitoring for secondary waves."
  },
  "global_guidance": "Cross-state coordination prioritizes strictest measures for highest-risk states (Mississippi, Arizona) early, reducing peak imported infections. Quantitative logic balances Flow*ft*(I/population) across states, minimizing cumulative cases. Sensitivity analysis shows stricter measures are robust to higher beta or prevalence. Late-week relaxation in high-flow states (Texas) avoids economic disruption while maintaining control. Collective risk reduction is achieved by aligning strict phases with highest infection pressure periods, ensuring healthcare capacity is not overwhelmed. Dynamic adjustments may be needed if prevalence shifts significantly."
}
```
2025-12-23 19:25:34,158 - new mexico - INFO - Parsed PolicyResponse: policy={'arizona': [0.1, 0.15, 0.2, 0.2, 0.2, 0.15], 'mississippi': [0.05, 0.1, 0.15, 0.2, 0.25, 0.25], 'texas': [0.15, 0.2, 0.2, 0.2, 0.15, 0.1], 'virginia': [0.2, 0.2, 0.2, 0.2, 0.1, 0.1]} explanation='Cross-state coordination prioritizes strictest measures for highest-risk states (Mississippi, Arizona) early, reducing peak imported infections. Quantitative logic balances Flow*ft*(I/population) across states, minimizing cumulative cases. Sensitivity analysis shows stricter measures are robust to higher beta or prevalence. Late-week relaxation in high-flow states (Texas) avoids economic disruption while maintaining control. Collective risk reduction is achieved by aligning strict phases with highest infection pressure periods, ensuring healthcare capacity is not overwhelmed. Dynamic adjustments may be needed if prevalence shifts significantly.'
2025-12-23 19:26:48,199 - new mexico - INFO - Region Agent new mexico - Iteration 6 / 6: Starting policy decision process.
2025-12-23 19:26:48,199 - new mexico - INFO - Region user prompt: For new mexico, you will be given the following information:

Epidemic and mobility information of this state are as follows:

SEIRD parameters:
- beta = 0.1117782502495318
- alpha = 0.1853333987657855
- gamma = 0.06304095002372422
- mu = 0.00037683170480265135
- delta = 0.9086749315713404

Current population composition:
- S = 9060459
- E = 16840
- I = 3672
- Q = 41542
- R = 141161
- D = 893

Other origin states:
1. arizona
   - Avg past 21-day population composition: S=8687246, E=122517, I=8026, Q=176396, R=237582, D=5669
   - Avg past 21-day inflow: arizona=13314477, mississippi=3396, new mexico=26089, texas=64017, virginia=6026

2. mississippi
   - Avg past 21-day population composition: S=444121, E=92544, I=37819, Q=25798, R=192507, D=4802
   - Avg past 21-day inflow: arizona=2652, mississippi=6631471, new mexico=1325, texas=41641, virginia=3916

3. texas
   - Avg past 21-day population composition: S=20461266, E=23603, I=39892, Q=205910, R=1468110, D=18583
   - Avg past 21-day inflow: arizona=62187, mississippi=52512, new mexico=72504, texas=59397204, virginia=22634

4. virginia
   - Avg past 21-day population composition: S=7638590, E=105335, I=25256, Q=166906, R=953496, D=2750
   - Avg past 21-day inflow: arizona=10004, mississippi=7089, new mexico=1976, texas=32205, virginia=15466694


 Ground truth daily average for next 42-day inbound by origin states; 
From arizona: Inflow =43754.86;
From mississippi: Inflow =1678.74;
From texas: Inflow =139538.48;
From virginia: Inflow =1271.17;

Please output the recommended traffic control policy in the required JSON format.
2025-12-23 19:27:04,621 - new mexico - INFO - Raw agent output:
```json
{
  "arizona": {
      "fractions": [0.1, 0.1, 0.15, 0.2, 0.2, 0.25],
      "notes": "Arizona has high E and I values, indicating significant infection pressure. Imported infections are estimated as Flow*ft*(I/population). A strict-first pattern is chosen to delay peak infections, with gradual relaxation to balance mobility needs. Fractions sum to 1, ensuring total flow remains constant."
  },
  "mississippi": {
      "fractions": [0.05, 0.1, 0.15, 0.2, 0.25, 0.25],
      "notes": "Mississippi shows very high E and I relative to population, posing high risk. Imported infections are Flow*ft*(I/population). Strict-first allocation minimizes early spread, with later relaxation. Trade-offs between control and mobility are managed by gradual increase. Fractions sum to 1."
  },
  "texas": {
      "fractions": [0.15, 0.15, 0.2, 0.2, 0.15, 0.15],
      "notes": "Texas has moderate I but large population, leading to lower per-capita risk. Imported infections are Flow*ft*(I/population). Even allocation balances control and mobility due to moderate risk. Fractions sum to 1, maintaining total flow."
  },
  "virginia": {
      "fractions": [0.2, 0.2, 0.2, 0.2, 0.1, 0.1],
      "notes": "Virginia has moderate E and I, with lower per-capita risk. Imported infections are Flow*ft*(I/population). Relaxed-first allocation is used, as risk is manageable. Later strictness prepares for potential surges. Fractions sum to 1."
  },
  "global_guidance": "Allocations prioritize high-risk states (Arizona, Mississippi) with strict early controls, while moderate-risk states (Texas, Virginia) have balanced or relaxed controls. This minimizes early imported infections, delaying peak and reducing cumulative cases. Quantitative logic: imported infections are summed across states as ¦²(Flow_i*ft_i*(I_i/pop_i)). Sensitivity: if prevalence rises, stricter controls may be needed; if beta increases, allocations may shift to stricter patterns. Cooperation across states ensures balanced risk mitigation."
}
```
2025-12-23 19:27:04,621 - new mexico - INFO - Parsed PolicyResponse: policy={'arizona': [0.1, 0.1, 0.15, 0.2, 0.2, 0.25], 'mississippi': [0.05, 0.1, 0.15, 0.2, 0.25, 0.25], 'texas': [0.15, 0.15, 0.2, 0.2, 0.15, 0.15], 'virginia': [0.2, 0.2, 0.2, 0.2, 0.1, 0.1]} explanation='Allocations prioritize high-risk states (Arizona, Mississippi) with strict early controls, while moderate-risk states (Texas, Virginia) have balanced or relaxed controls. This minimizes early imported infections, delaying peak and reducing cumulative cases. Quantitative logic: imported infections are summed across states as ¦²(Flow_i*ft_i*(I_i/pop_i)). Sensitivity: if prevalence rises, stricter controls may be needed; if beta increases, allocations may shift to stricter patterns. Cooperation across states ensures balanced risk mitigation.'
