2025-12-25 11:19:28,938 - arizona - INFO - Region Agent arizona - Iteration 1 / 18: Starting policy decision process.
2025-12-25 11:19:28,938 - arizona - INFO - Region user prompt: For arizona, you will be given the following information:

Epidemic and mobility information of this state are as follows:

SEIRD parameters:
- beta = 0.111577643000077
- alpha = 0.0597163516591244
- gamma = 0.1
- mu = 0.0
- delta = 0.9223750594215856

Current population composition:
- S = 7272180
- E = 1952
- I = 962
- Q = 3319
- R = 186
- D = 118

Other origin states:
1. mississippi
   - Avg past 21-day population composition: S=2970629, E=906, I=1753, Q=2463, R=301, D=97
   - Avg past 21-day inflow: arizona=1194, mississippi=3987236, new mexico=942, texas=18479, virginia=2401

2. new mexico
   - Avg past 21-day population composition: S=2093484, E=816, I=1276, Q=959, R=265, D=29
   - Avg past 21-day inflow: arizona=14511, mississippi=1425, new mexico=2776969, texas=84217, virginia=1004

3. texas
   - Avg past 21-day population composition: S=28984537, E=927, I=327, Q=7619, R=2141, D=330
   - Avg past 21-day inflow: arizona=22661, mississippi=24412, new mexico=47170, texas=39820832, virginia=11782

4. virginia
   - Avg past 21-day population composition: S=8524995, E=1825, I=3189, Q=4825, R=540, D=145
   - Avg past 21-day inflow: arizona=3171, mississippi=2260, new mexico=1385, texas=13780, virginia=11423959

Please output the recommended traffic control policy in the required JSON format.
2025-12-25 11:19:37,155 - arizona - INFO - Raw agent output:
```json
{
  "weekly_policy": {
    "restricted_state": "mississippi"
  },
  "global_guidance": "Mississippi has the highest infectious density (E+I)/Population among the origin states, with a value of (906+1753)/3987236 「 0.000666. This indicates a higher risk of importing hidden infections into Arizona. Implementing targeted inbound screening from Mississippi can effectively capture and convert approximately 90% of the exposed and infected travelers (E and I) to Q-status, reducing the risk of disease spread within Arizona. While Texas has a higher absolute number of daily inbound travelers, its infectious density is lower, making it a less critical target for screening. This approach balances the need to minimize imported infections while avoiding overburdening the screening resources."
}
```
2025-12-25 11:19:37,156 - arizona - INFO - Parsed PolicyResponse: policy={'mississippi': [0.5, 0.5]} explanation='Mississippi has the highest infectious density (E+I)/Population among the origin states, with a value of (906+1753)/3987236 「 0.000666. This indicates a higher risk of importing hidden infections into Arizona. Implementing targeted inbound screening from Mississippi can effectively capture and convert approximately 90percent of the exposed and infected travelers (E and I) to Q-status, reducing the risk of disease spread within Arizona. While Texas has a higher absolute number of daily inbound travelers, its infectious density is lower, making it a less critical target for screening. This approach balances the need to minimize imported infections while avoiding overburdening the screening resources.'
2025-12-25 11:20:21,898 - arizona - INFO - Region Agent arizona - Iteration 2 / 18: Starting policy decision process.
2025-12-25 11:20:21,899 - arizona - INFO - Region user prompt: For arizona, you will be given the following information:

Epidemic and mobility information of this state are as follows:

SEIRD parameters:
- beta = 0.111577643000077
- alpha = 0.0597163516591244
- gamma = 0.012122141642363015
- mu = 0.002734399207933894
- delta = 0.9223750594215856

Current population composition:
- S = 7457654
- E = 3548
- I = 225
- Q = 5525
- R = 880
- D = 288

Other origin states:
1. mississippi
   - Avg past 21-day population composition: S=2925419, E=3323, I=1781, Q=1920, R=1633, D=153
   - Avg past 21-day inflow: arizona=1524, mississippi=5486976, new mexico=1230, texas=24904, virginia=3440

2. new mexico
   - Avg past 21-day population composition: S=2396029, E=692, I=149, Q=2128, R=1201, D=35
   - Avg past 21-day inflow: arizona=18891, mississippi=1902, new mexico=3323857, texas=117318, virginia=1118

3. texas
   - Avg past 21-day population composition: S=28614342, E=782, I=1219, Q=9245, R=5192, D=446
   - Avg past 21-day inflow: arizona=27201, mississippi=31103, new mexico=69252, texas=48379264, virginia=15325

4. virginia
   - Avg past 21-day population composition: S=8525938, E=4054, I=987, Q=6792, R=4749, D=358
   - Avg past 21-day inflow: arizona=3345, mississippi=3005, new mexico=1552, texas=16423, virginia=13217229

Please output the recommended traffic control policy in the required JSON format.
2025-12-25 11:20:35,350 - arizona - INFO - Raw agent output:
```json
{
  "weekly_policy": {
    "restricted_state": "mississippi"
  },
  "global_guidance": "Mississippi has the highest Infectious Density (E+I)/Population among the origin states, indicating a significant risk of importing hidden infections. With an average daily inflow of 1524, implementing a 90% screening mandate would effectively capture a substantial number of exposed and infected individuals, converting them to Q-status and reducing the risk of disease spread within Arizona. While Texas has a higher absolute number of E and I cases, its larger population dilutes the risk density, making Mississippi a more critical target for intervention. This targeted approach helps minimize cumulative confirmed cases and deaths in Arizona while addressing a key source of potential importation."
}
```
2025-12-25 11:20:35,351 - arizona - INFO - Parsed PolicyResponse: policy={'mississippi': [0.5, 0.5]} explanation='Mississippi has the highest Infectious Density (E+I)/Population among the origin states, indicating a significant risk of importing hidden infections. With an average daily inflow of 1524, implementing a 90percent screening mandate would effectively capture a substantial number of exposed and infected individuals, converting them to Q-status and reducing the risk of disease spread within Arizona. While Texas has a higher absolute number of E and I cases, its larger population dilutes the risk density, making Mississippi a more critical target for intervention. This targeted approach helps minimize cumulative confirmed cases and deaths in Arizona while addressing a key source of potential importation.'
2025-12-25 11:21:07,080 - arizona - INFO - Region Agent arizona - Iteration 3 / 18: Starting policy decision process.
2025-12-25 11:21:07,080 - arizona - INFO - Region user prompt: For arizona, you will be given the following information:

Epidemic and mobility information of this state are as follows:

SEIRD parameters:
- beta = 0.111577643000077
- alpha = 0.0597163516591244
- gamma = 0.015576031242880931
- mu = 0.002938894019459115
- delta = 0.9223750594215856

Current population composition:
- S = 7668457
- E = 5119
- I = 326
- Q = 7500
- R = 2140
- D = 547

Other origin states:
1. mississippi
   - Avg past 21-day population composition: S=2849821, E=5706, I=2642, Q=1740, R=3296, D=219
   - Avg past 21-day inflow: arizona=1474, mississippi=5834803, new mexico=1233, texas=26190, virginia=3303

2. new mexico
   - Avg past 21-day population composition: S=2829363, E=646, I=135, Q=2050, R=2583, D=46
   - Avg past 21-day inflow: arizona=19789, mississippi=1821, new mexico=3427556, texas=124957, virginia=1199

3. texas
   - Avg past 21-day population composition: S=28080864, E=1006, I=1557, Q=12070, R=11438, D=656
   - Avg past 21-day inflow: arizona=28967, mississippi=32701, new mexico=75115, texas=51352865, virginia=15964

4. virginia
   - Avg past 21-day population composition: S=8518265, E=5206, I=1212, Q=7572, R=11544, D=669
   - Avg past 21-day inflow: arizona=3556, mississippi=2877, new mexico=1594, texas=16543, virginia=13637675

Please output the recommended traffic control policy in the required JSON format.
2025-12-25 11:21:22,578 - arizona - INFO - Raw agent output:
```json
{
  "weekly_policy": {
      "restricted_state": "mississippi"
      },
  "global_guidance": "Mississippi has the highest Infectious Density (E+I)/Population among the origin states, with a value of (5706+2642)/5834803 「 0.0014. This is significantly higher compared to other states, indicating a higher risk of importing hidden infections. By implementing a targeted screening policy on travelers from Mississippi, we can capture and convert approximately 90% of the exposed and infected individuals (E+I) to Q-status, which is estimated to be around 0.9 * (5706 + 2642) * (1474/5834803) 「 2.9 individuals per day. This will significantly reduce the number of hidden infections entering Arizona, thereby minimizing the risk of disease spread and potential outbreaks. While Texas has a higher absolute number of E+I, its population size and lower relative density make it a less critical target for intervention."
}
```
2025-12-25 11:21:22,579 - arizona - INFO - Parsed PolicyResponse: policy={'mississippi': [0.5, 0.5]} explanation='Mississippi has the highest Infectious Density (E+I)/Population among the origin states, with a value of (5706+2642)/5834803 「 0.0014. This is significantly higher compared to other states, indicating a higher risk of importing hidden infections. By implementing a targeted screening policy on travelers from Mississippi, we can capture and convert approximately 90percent of the exposed and infected individuals (E+I) to Q-status, which is estimated to be around 0.9 * (5706 + 2642) * (1474/5834803) 「 2.9 individuals per day. This will significantly reduce the number of hidden infections entering Arizona, thereby minimizing the risk of disease spread and potential outbreaks. While Texas has a higher absolute number of E+I, its population size and lower relative density make it a less critical target for intervention.'
2025-12-25 11:22:02,550 - arizona - INFO - Region Agent arizona - Iteration 4 / 18: Starting policy decision process.
2025-12-25 11:22:02,550 - arizona - INFO - Region user prompt: For arizona, you will be given the following information:

Epidemic and mobility information of this state are as follows:

SEIRD parameters:
- beta = 0.111577643000077
- alpha = 0.0597163516591244
- gamma = 0.018608785071565614
- mu = 0.002955122281923193
- delta = 0.9223750594215856

Current population composition:
- S = 7860643
- E = 6884
- I = 440
- Q = 9938
- R = 4226
- D = 904

Other origin states:
1. mississippi
   - Avg past 21-day population composition: S=2737779, E=9360, I=4421, Q=2372, R=5778, D=314
   - Avg past 21-day inflow: arizona=1596, mississippi=6201158, new mexico=1241, texas=30835, virginia=3307

2. new mexico
   - Avg past 21-day population composition: S=3426731, E=681, I=145, Q=2015, R=4367, D=60
   - Avg past 21-day inflow: arizona=23793, mississippi=1984, new mexico=3538501, texas=136934, virginia=1155

3. texas
   - Avg past 21-day population composition: S=27331376, E=1266, I=1963, Q=15157, R=23365, D=1005
   - Avg past 21-day inflow: arizona=33250, mississippi=38622, new mexico=84392, texas=54356274, virginia=17393

4. virginia
   - Avg past 21-day population composition: S=8530598, E=6564, I=1533, Q=9467, R=22205, D=1097
   - Avg past 21-day inflow: arizona=4434, mississippi=3671, new mexico=1716, texas=19791, virginia=14133151

Please output the recommended traffic control policy in the required JSON format.
2025-12-25 11:22:08,412 - arizona - INFO - Raw agent output:
```json
{
  "weekly_policy": {
    "restricted_state": "mississippi"
  },
  "global_guidance": "Mississippi has the highest Infectious Density (E+I)/Population among the origin states, indicating a significant risk of importing hidden infections. With an average daily inflow of 1596 travelers into Arizona, implementing a targeted screening policy can capture approximately 90% of the exposed and infected individuals, reducing the risk of disease spread. While Texas also has a high number of infections, its much larger population dilutes the infectious density, making Mississippi a more critical target for intervention."
}
```
2025-12-25 11:22:08,413 - arizona - INFO - Parsed PolicyResponse: policy={'mississippi': [0.5, 0.5]} explanation='Mississippi has the highest Infectious Density (E+I)/Population among the origin states, indicating a significant risk of importing hidden infections. With an average daily inflow of 1596 travelers into Arizona, implementing a targeted screening policy can capture approximately 90percent of the exposed and infected individuals, reducing the risk of disease spread. While Texas also has a high number of infections, its much larger population dilutes the infectious density, making Mississippi a more critical target for intervention.'
2025-12-25 11:22:38,932 - arizona - INFO - Region Agent arizona - Iteration 5 / 18: Starting policy decision process.
2025-12-25 11:22:38,932 - arizona - INFO - Region user prompt: For arizona, you will be given the following information:

Epidemic and mobility information of this state are as follows:

SEIRD parameters:
- beta = 0.111577643000077
- alpha = 0.0597163516591244
- gamma = 0.020940995396388825
- mu = 0.002779946985751767
- delta = 0.9223750594215856

Current population composition:
- S = 8072831
- E = 8949
- I = 572
- Q = 12789
- R = 7363
- D = 1356

Other origin states:
1. mississippi
   - Avg past 21-day population composition: S=2569852, E=14200, I=6744, Q=3653, R=9474, D=451
   - Avg past 21-day inflow: arizona=1899, mississippi=6282009, new mexico=1324, texas=37780, virginia=4177

2. new mexico
   - Avg past 21-day population composition: S=4137797, E=780, I=169, Q=2157, R=6191, D=74
   - Avg past 21-day inflow: arizona=30727, mississippi=2180, new mexico=3593103, texas=158164, virginia=1190

3. texas
   - Avg past 21-day population composition: S=26458711, E=1491, I=2333, Q=17369, R=39578, D=1414
   - Avg past 21-day inflow: arizona=42323, mississippi=47996, new mexico=101339, texas=56028179, virginia=21124

4. virginia
   - Avg past 21-day population composition: S=8601282, E=8242, I=1925, Q=11955, R=35622, D=1516
   - Avg past 21-day inflow: arizona=5988, mississippi=4364, new mexico=2080, texas=25397, virginia=14398916

Please output the recommended traffic control policy in the required JSON format.
2025-12-25 11:22:45,683 - arizona - INFO - Raw agent output:
```json
{
  "weekly_policy": {
    "restricted_state": "mississippi"
  },
  "global_guidance": "Mississippi has the highest Infectious Density (E+I)/Population among the origin states, indicating a significant risk of importing hidden infections. With an average daily inbound flow of 1899, implementing a rigorous 90% screening mandate can effectively capture and convert a substantial number of exposed and infected individuals to Q-status, thereby reducing the risk of disease spread in Arizona. This targeted approach aims to minimize cumulative confirmed cases and deaths while strategically addressing the most critical source of potential infections."
}
```
2025-12-25 11:22:45,683 - arizona - INFO - Parsed PolicyResponse: policy={'mississippi': [0.5, 0.5]} explanation='Mississippi has the highest Infectious Density (E+I)/Population among the origin states, indicating a significant risk of importing hidden infections. With an average daily inbound flow of 1899, implementing a rigorous 90percent screening mandate can effectively capture and convert a substantial number of exposed and infected individuals to Q-status, thereby reducing the risk of disease spread in Arizona. This targeted approach aims to minimize cumulative confirmed cases and deaths while strategically addressing the most critical source of potential infections.'
2025-12-25 11:23:18,575 - arizona - INFO - Region Agent arizona - Iteration 6 / 18: Starting policy decision process.
2025-12-25 11:23:18,575 - arizona - INFO - Region user prompt: For arizona, you will be given the following information:

Epidemic and mobility information of this state are as follows:

SEIRD parameters:
- beta = 0.111577643000077
- alpha = 0.0597163516591244
- gamma = 0.02255811660652443
- mu = 0.00244662324266171
- delta = 0.9223750594215856

Current population composition:
- S = 8232989
- E = 11388
- I = 728
- Q = 16163
- R = 11748
- D = 1878

Other origin states:
1. mississippi
   - Avg past 21-day population composition: S=2390375, E=20552, I=9773, Q=5440, R=15086, D=653
   - Avg past 21-day inflow: arizona=2382, mississippi=6511171, new mexico=1425, texas=39776, virginia=4198

2. new mexico
   - Avg past 21-day population composition: S=4761264, E=914, I=198, Q=2451, R=8208, D=88
   - Avg past 21-day inflow: arizona=31247, mississippi=1954, new mexico=3714782, texas=160356, virginia=1318

3. texas
   - Avg past 21-day population composition: S=25694049, E=1672, I=2638, Q=18820, R=59478, D=1855
   - Avg past 21-day inflow: arizona=48951, mississippi=52561, new mexico=115020, texas=58274699, virginia=25244

4. virginia
   - Avg past 21-day population composition: S=8649790, E=10353, I=2417, Q=15119, R=52581, D=1883
   - Avg past 21-day inflow: arizona=6406, mississippi=4702, new mexico=2088, texas=25749, virginia=15056158

Please output the recommended traffic control policy in the required JSON format.
2025-12-25 11:23:26,332 - arizona - INFO - Raw agent output:
```json
{
  "weekly_policy": {
    "restricted_state": "mississippi"
  },
  "global_guidance": "Mississippi has the highest Infectious Density (E+I)/Population among the origin states, indicating a significant risk of importing hidden infections. The average daily inflow from Mississippi to Arizona is 2382, which, combined with the high E and I values, suggests that a substantial number of exposed and infected individuals could be entering Arizona. Implementing a targeted inbound screening policy for Mississippi can effectively capture and convert these hidden infections to Q-status, thereby reducing the risk of disease spread within Arizona. While Texas has a higher inflow, its infectious density is lower compared to Mississippi, making Mississippi the more critical target for intervention."
}
```
2025-12-25 11:23:26,333 - arizona - INFO - Parsed PolicyResponse: policy={'mississippi': [0.5, 0.5]} explanation='Mississippi has the highest Infectious Density (E+I)/Population among the origin states, indicating a significant risk of importing hidden infections. The average daily inflow from Mississippi to Arizona is 2382, which, combined with the high E and I values, suggests that a substantial number of exposed and infected individuals could be entering Arizona. Implementing a targeted inbound screening policy for Mississippi can effectively capture and convert these hidden infections to Q-status, thereby reducing the risk of disease spread within Arizona. While Texas has a higher inflow, its infectious density is lower compared to Mississippi, making Mississippi the more critical target for intervention.'
2025-12-25 11:23:53,933 - arizona - INFO - Region Agent arizona - Iteration 7 / 18: Starting policy decision process.
2025-12-25 11:23:53,933 - arizona - INFO - Region user prompt: For arizona, you will be given the following information:

Epidemic and mobility information of this state are as follows:

SEIRD parameters:
- beta = 0.111577643000077
- alpha = 0.0597163516591244
- gamma = 0.0236005728605052
- mu = 0.002014499696781645
- delta = 0.9223750594215856

Current population composition:
- S = 8522094
- E = 14480
- I = 926
- Q = 20298
- R = 17589
- D = 2435

Other origin states:
1. mississippi
   - Avg past 21-day population composition: S=2119650, E=27719, I=13200, Q=7680, R=23240, D=935
   - Avg past 21-day inflow: arizona=2601, mississippi=6521022, new mexico=1605, texas=37844, virginia=4459

2. new mexico
   - Avg past 21-day population composition: S=5169868, E=1068, I=232, Q=2844, R=10526, D=102
   - Avg past 21-day inflow: arizona=30278, mississippi=1651, new mexico=3781302, texas=162187, virginia=1534

3. texas
   - Avg past 21-day population composition: S=25258115, E=1836, I=2926, Q=19879, R=82327, D=2312
   - Avg past 21-day inflow: arizona=49809, mississippi=60331, new mexico=132778, texas=57497200, virginia=26942

4. virginia
   - Avg past 21-day population composition: S=8647312, E=12999, I=3034, Q=19107, R=74023, D=2173
   - Avg past 21-day inflow: arizona=5763, mississippi=5376, new mexico=2165, texas=28512, virginia=15378004

Please output the recommended traffic control policy in the required JSON format.
2025-12-25 11:24:03,871 - arizona - INFO - Raw agent output:
```json
{
  "weekly_policy": {
    "restricted_state": "texas"
  },
  "global_guidance": "Texas has the highest average daily inbound flow into Arizona (49,809) and a significant number of exposed (E) and infected (I) individuals (1836 + 2926 = 4762). The infectious density (E+I)/Population is 0.000188, indicating a high risk of importing hidden infections. Implementing a targeted inbound screening policy for Texas could capture approximately 4,286 (90% of 4,762) hidden infections, significantly reducing the risk of disease spread in Arizona. While Mississippi and Virginia also have high numbers of E and I, their lower inbound flows make them less critical compared to Texas. New Mexico has a much lower risk profile and lower inbound flow. Therefore, targeting Texas fills a crucial gap in regional defense and minimizes the cumulative confirmed cases and deaths in Arizona."
}
```
2025-12-25 11:24:03,871 - arizona - INFO - Parsed PolicyResponse: policy={'texas': [0.5, 0.5]} explanation='Texas has the highest average daily inbound flow into Arizona (49,809) and a significant number of exposed (E) and infected (I) individuals (1836 + 2926 = 4762). The infectious density (E+I)/Population is 0.000188, indicating a high risk of importing hidden infections. Implementing a targeted inbound screening policy for Texas could capture approximately 4,286 (90percent of 4,762) hidden infections, significantly reducing the risk of disease spread in Arizona. While Mississippi and Virginia also have high numbers of E and I, their lower inbound flows make them less critical compared to Texas. New Mexico has a much lower risk profile and lower inbound flow. Therefore, targeting Texas fills a crucial gap in regional defense and minimizes the cumulative confirmed cases and deaths in Arizona.'
2025-12-25 11:24:34,160 - arizona - INFO - Region Agent arizona - Iteration 8 / 18: Starting policy decision process.
2025-12-25 11:24:34,161 - arizona - INFO - Region user prompt: For arizona, you will be given the following information:

Epidemic and mobility information of this state are as follows:

SEIRD parameters:
- beta = 0.111577643000077
- alpha = 0.0597163516591244
- gamma = 0.024241342175232397
- mu = 0.001551803908762276
- delta = 0.9223750594215856

Current population composition:
- S = 8773915
- E = 18921
- I = 1231
- Q = 25879
- R = 25229
- D = 2994

Other origin states:
1. mississippi
   - Avg past 21-day population composition: S=1740824, E=33529, I=15994, Q=9945, R=34306, D=1297
   - Avg past 21-day inflow: arizona=2337, mississippi=6371393, new mexico=1565, texas=36298, virginia=4848

2. new mexico
   - Avg past 21-day population composition: S=5249428, E=1217, I=262, Q=3271, R=13210, D=116
   - Avg past 21-day inflow: arizona=26540, mississippi=1570, new mexico=3686705, texas=149098, virginia=1704

3. texas
   - Avg past 21-day population composition: S=25151012, E=2019, I=3244, Q=21024, R=107726, D=2774
   - Avg past 21-day inflow: arizona=49331, mississippi=63448, new mexico=132369, texas=55946397, virginia=28822

4. virginia
   - Avg past 21-day population composition: S=8642974, E=16314, I=3808, Q=24114, R=101105, D=2377
   - Avg past 21-day inflow: arizona=5547, mississippi=6108, new mexico=2484, texas=29795, virginia=15359071

Please output the recommended traffic control policy in the required JSON format.
2025-12-25 11:24:41,963 - arizona - INFO - Raw agent output:
```json
{
  "weekly_policy": {
      "restricted_state": "texas"
      },
  "global_guidance": "Texas has the highest average daily inflow into Arizona (49,331) and a significant number of exposed (E) and infected (I) individuals (2,019 + 3,244). The infectious density (E+I)/Population is 0.00021, indicating a relatively high risk of importing hidden infections. Implementing a targeted inbound screening policy from Texas can capture approximately 90% of these hidden infections, converting them directly to Q-status. This intervention is expected to minimize the cumulative confirmed cases and deaths in Arizona by reducing the influx of undetected infectious individuals. While Mississippi also has a high number of exposed and infected individuals, the lower inflow volume (2,337) makes Texas a more critical target for screening."
}
```
2025-12-25 11:24:41,964 - arizona - INFO - Parsed PolicyResponse: policy={'texas': [0.5, 0.5]} explanation='Texas has the highest average daily inflow into Arizona (49,331) and a significant number of exposed (E) and infected (I) individuals (2,019 + 3,244). The infectious density (E+I)/Population is 0.00021, indicating a relatively high risk of importing hidden infections. Implementing a targeted inbound screening policy from Texas can capture approximately 90percent of these hidden infections, converting them directly to Q-status. This intervention is expected to minimize the cumulative confirmed cases and deaths in Arizona by reducing the influx of undetected infectious individuals. While Mississippi also has a high number of exposed and infected individuals, the lower inflow volume (2,337) makes Texas a more critical target for screening.'
2025-12-25 11:25:24,490 - arizona - INFO - Region Agent arizona - Iteration 9 / 18: Starting policy decision process.
2025-12-25 11:25:24,491 - arizona - INFO - Region user prompt: For arizona, you will be given the following information:

Epidemic and mobility information of this state are as follows:

SEIRD parameters:
- beta = 0.111577643000077
- alpha = 0.0597163516591244
- gamma = 0.024623746982747986
- mu = 0.0011183455203421357
- delta = 0.9223750594215856

Current population composition:
- S = 8917836
- E = 24281
- I = 1566
- Q = 33185
- R = 35207
- D = 3526

Other origin states:
1. mississippi
   - Avg past 21-day population composition: S=1376017, E=37124, I=17796, Q=11718, R=47978, D=1718
   - Avg past 21-day inflow: arizona=2348, mississippi=6369349, new mexico=1638, texas=33936, virginia=4413

2. new mexico
   - Avg past 21-day population composition: S=5332848, E=1463, I=310, Q=3757, R=16284, D=131
   - Avg past 21-day inflow: arizona=25111, mississippi=1408, new mexico=3618932, texas=142786, virginia=1914

3. texas
   - Avg past 21-day population composition: S=25115402, E=2205, I=3569, Q=22434, R=135716, D=3236
   - Avg past 21-day inflow: arizona=46103, mississippi=57006, new mexico=119576, texas=55789157, virginia=29507

4. virginia
   - Avg past 21-day population composition: S=8589710, E=20411, I=4764, Q=30331, R=135237, D=2507
   - Avg past 21-day inflow: arizona=6027, mississippi=5270, new mexico=2367, texas=27064, virginia=15109651

Please output the recommended traffic control policy in the required JSON format.
2025-12-25 11:25:29,859 - arizona - INFO - Raw agent output:
```json
{
  "weekly_policy": {
    "restricted_state": "mississippi"
  },
  "global_guidance": "Mississippi has the highest 'Infectious Density' (E+I)/Population among the origin states, indicating a significant risk of importing hidden infections. With an average daily inflow of 2348 travelers to Arizona, implementing a targeted inbound screening on Mississippi can effectively capture and convert a substantial number of exposed and infected individuals to Q-status, thereby reducing the risk of disease spread within Arizona. While Texas has a higher inflow, its lower infectious density makes it a less critical target compared to Mississippi."
}
```
2025-12-25 11:25:29,859 - arizona - INFO - Parsed PolicyResponse: policy={'mississippi': [0.5, 0.5]} explanation="Mississippi has the highest 'Infectious Density' (E+I)/Population among the origin states, indicating a significant risk of importing hidden infections. With an average daily inflow of 2348 travelers to Arizona, implementing a targeted inbound screening on Mississippi can effectively capture and convert a substantial number of exposed and infected individuals to Q-status, thereby reducing the risk of disease spread within Arizona. While Texas has a higher inflow, its lower infectious density makes it a less critical target compared to Mississippi."
2025-12-25 11:25:57,747 - arizona - INFO - Region Agent arizona - Iteration 10 / 18: Starting policy decision process.
2025-12-25 11:25:57,748 - arizona - INFO - Region user prompt: For arizona, you will be given the following information:

Epidemic and mobility information of this state are as follows:

SEIRD parameters:
- beta = 0.111577643000077
- alpha = 0.0597163516591244
- gamma = 0.024847953040040574
- mu = 0.0007540231667211955
- delta = 0.9223750594215856

Current population composition:
- S = 8923218
- E = 30319
- I = 1932
- Q = 42050
- R = 48086
- D = 3999

Other origin states:
1. mississippi
   - Avg past 21-day population composition: S=1093380, E=38461, I=18618, Q=12886, R=63545, D=2162
   - Avg past 21-day inflow: arizona=1984, mississippi=6404182, new mexico=1219, texas=31542, virginia=3879

2. new mexico
   - Avg past 21-day population composition: S=5537456, E=1826, I=386, Q=4511, R=19886, D=155
   - Avg past 21-day inflow: arizona=24321, mississippi=1410, new mexico=3591304, texas=139917, virginia=1327

3. texas
   - Avg past 21-day population composition: S=24994915, E=2400, I=3896, Q=23993, R=166380, D=3698
   - Avg past 21-day inflow: arizona=44848, mississippi=51070, new mexico=113536, texas=56021642, virginia=27574

4. virginia
   - Avg past 21-day population composition: S=8514330, E=25469, I=5949, Q=37999, R=178081, D=2580
   - Avg past 21-day inflow: arizona=6041, mississippi=4887, new mexico=2362, texas=25141, virginia=14714026

Please output the recommended traffic control policy in the required JSON format.
2025-12-25 11:26:04,233 - arizona - INFO - Raw agent output:
```json
{
  "weekly_policy": {
      "restricted_state": "mississippi"
      },
  "global_guidance": "Mississippi has the highest Infectious Density (E+I)/Population among the origin states, indicating a significant risk of importing hidden infections. Implementing a targeted inbound screening policy for Mississippi can effectively capture and convert a substantial number of exposed and infected individuals to Q-status, reducing the risk of disease spread in Arizona. This approach also avoids over-concentrating on more obvious high-risk states like Texas, which might already be under scrutiny by other states, ensuring a balanced regional defense strategy."
}
```
2025-12-25 11:26:04,234 - arizona - INFO - Parsed PolicyResponse: policy={'mississippi': [0.5, 0.5]} explanation='Mississippi has the highest Infectious Density (E+I)/Population among the origin states, indicating a significant risk of importing hidden infections. Implementing a targeted inbound screening policy for Mississippi can effectively capture and convert a substantial number of exposed and infected individuals to Q-status, reducing the risk of disease spread in Arizona. This approach also avoids over-concentrating on more obvious high-risk states like Texas, which might already be under scrutiny by other states, ensuring a balanced regional defense strategy.'
2025-12-25 11:26:41,328 - arizona - INFO - Region Agent arizona - Iteration 11 / 18: Starting policy decision process.
2025-12-25 11:26:41,328 - arizona - INFO - Region user prompt: For arizona, you will be given the following information:

Epidemic and mobility information of this state are as follows:

SEIRD parameters:
- beta = 0.111577643000077
- alpha = 0.0597163516591244
- gamma = 0.02497804235947894
- mu = 0.000475623059516234
- delta = 0.9223750594215856

Current population composition:
- S = 8972242
- E = 37943
- I = 2417
- Q = 53008
- R = 64465
- D = 4389

Other origin states:
1. mississippi
   - Avg past 21-day population composition: S=840665, E=35334, I=17285, Q=13037, R=80069, D=2598
   - Avg past 21-day inflow: arizona=1831, mississippi=6393211, new mexico=1134, texas=29893, virginia=3963

2. new mexico
   - Avg past 21-day population composition: S=5910310, E=2280, I=481, Q=5541, R=24268, D=183
   - Avg past 21-day inflow: arizona=26310, mississippi=1338, new mexico=3560268, texas=145606, virginia=1293

3. texas
   - Avg past 21-day population composition: S=24693395, E=2625, I=4270, Q=25848, R=199839, D=4160
   - Avg past 21-day inflow: arizona=45155, mississippi=47740, new mexico=102177, texas=56597764, virginia=28749

4. virginia
   - Avg past 21-day population composition: S=8479541, E=31583, I=7384, Q=47404, R=231662, D=2617
   - Avg past 21-day inflow: arizona=6980, mississippi=5593, new mexico=2638, texas=28806, virginia=14873143

Please output the recommended traffic control policy in the required JSON format.
2025-12-25 11:26:49,856 - arizona - INFO - Raw agent output:
```json
{
  "weekly_policy": {
      "restricted_state": "mississippi"
      },
  "global_guidance": "Mississippi has the highest Infectious Density (E+I)/Population among the origin states, with a value of (35334+17285)/(6393211+35334+17285+13037+80069+2598) 「 0.0082. This is significantly higher than New Mexico (0.0008), Texas (0.0003), and Virginia (0.0046). Given the high risk of hidden infections entering Arizona, implementing a Targeted Inbound Screening policy on Mississippi can effectively capture and convert a substantial number of exposed and infected individuals to Q-status, reducing the risk of disease importation. While Texas has a higher absolute number of infections, its overall population size dilutes the infectious density, making Mississippi a more critical target for screening."
}
```
2025-12-25 11:26:49,857 - arizona - INFO - Parsed PolicyResponse: policy={'mississippi': [0.5, 0.5]} explanation='Mississippi has the highest Infectious Density (E+I)/Population among the origin states, with a value of (35334+17285)/(6393211+35334+17285+13037+80069+2598) 「 0.0082. This is significantly higher than New Mexico (0.0008), Texas (0.0003), and Virginia (0.0046). Given the high risk of hidden infections entering Arizona, implementing a Targeted Inbound Screening policy on Mississippi can effectively capture and convert a substantial number of exposed and infected individuals to Q-status, reducing the risk of disease importation. While Texas has a higher absolute number of infections, its overall population size dilutes the infectious density, making Mississippi a more critical target for screening.'
2025-12-25 11:27:23,235 - arizona - INFO - Region Agent arizona - Iteration 12 / 18: Starting policy decision process.
2025-12-25 11:27:23,236 - arizona - INFO - Region user prompt: For arizona, you will be given the following information:

Epidemic and mobility information of this state are as follows:

SEIRD parameters:
- beta = 0.111577643000077
- alpha = 0.0597163516591244
- gamma = 0.02505306666091852
- mu = 0.00028067946561893055
- delta = 0.9223750594215856

Current population composition:
- S = 8988641
- E = 47532
- I = 3020
- Q = 66659
- R = 85172
- D = 4687

Other origin states:
1. mississippi
   - Avg past 21-day population composition: S=681839, E=29008, I=14297, Q=11780, R=95939, D=2981
   - Avg past 21-day inflow: arizona=1898, mississippi=6433672, new mexico=1317, texas=31493, virginia=3517

2. new mexico
   - Avg past 21-day population composition: S=6460167, E=2584, I=562, Q=6786, R=29672, D=216
   - Avg past 21-day inflow: arizona=28122, mississippi=1297, new mexico=3587724, texas=149077, virginia=1361

3. texas
   - Avg past 21-day population composition: S=24076655, E=2798, I=4549, Q=27705, R=236291, D=4618
   - Avg past 21-day inflow: arizona=43694, mississippi=42933, new mexico=103286, texas=56938135, virginia=26283

4. virginia
   - Avg past 21-day population composition: S=8449656, E=38782, I=9073, Q=58636, R=298243, D=2634
   - Avg past 21-day inflow: arizona=5952, mississippi=4911, new mexico=2285, texas=26290, virginia=15100136

Please output the recommended traffic control policy in the required JSON format.
2025-12-25 11:27:29,517 - arizona - INFO - Raw agent output:
```json
{
  "weekly_policy": {
    "restricted_state": "mississippi"
  },
  "global_guidance": "Mississippi has the highest Infectious Density (E+I)/Population among the origin states, indicating a significant risk of importing hidden infections. With an average daily inflow of 1898, implementing a targeted screening policy can effectively capture and convert a substantial number of exposed and infected individuals to Q-status, thereby reducing the risk of disease spread in Arizona. This approach balances the need to minimize cumulative confirmed cases and deaths while avoiding over-concentration on the most obvious high-risk state, which might already be under scrutiny by other regions."
}
```
2025-12-25 11:27:29,517 - arizona - INFO - Parsed PolicyResponse: policy={'mississippi': [0.5, 0.5]} explanation='Mississippi has the highest Infectious Density (E+I)/Population among the origin states, indicating a significant risk of importing hidden infections. With an average daily inflow of 1898, implementing a targeted screening policy can effectively capture and convert a substantial number of exposed and infected individuals to Q-status, thereby reducing the risk of disease spread in Arizona. This approach balances the need to minimize cumulative confirmed cases and deaths while avoiding over-concentration on the most obvious high-risk state, which might already be under scrutiny by other regions.'
2025-12-25 11:27:57,272 - arizona - INFO - Region Agent arizona - Iteration 13 / 18: Starting policy decision process.
2025-12-25 11:27:57,272 - arizona - INFO - Region user prompt: For arizona, you will be given the following information:

Epidemic and mobility information of this state are as follows:

SEIRD parameters:
- beta = 0.111577643000077
- alpha = 0.0597163516591244
- gamma = 0.025096182940203115
- mu = 0.0001549629608176227
- delta = 0.9223750594215856

Current population composition:
- S = 8969097
- E = 59250
- I = 3765
- Q = 83743
- R = 111253
- D = 4902

Other origin states:
1. mississippi
   - Avg past 21-day population composition: S=611221, E=27661, I=12194, Q=9988, R=109754, D=3283
   - Avg past 21-day inflow: arizona=1731, mississippi=6474992, new mexico=1372, texas=29713, virginia=3518

2. new mexico
   - Avg past 21-day population composition: S=6992219, E=2699, I=587, Q=7657, R=36057, D=257
   - Avg past 21-day inflow: arizona=28008, mississippi=1016, new mexico=3611569, texas=146639, virginia=1472

3. texas
   - Avg past 21-day population composition: S=23437431, E=2957, I=4769, Q=29020, R=275231, D=5062
   - Avg past 21-day inflow: arizona=44065, mississippi=39373, new mexico=99060, texas=57587273, virginia=24012

4. virginia
   - Avg past 21-day population composition: S=8371937, E=47121, I=11036, Q=71850, R=380235, D=2639
   - Avg past 21-day inflow: arizona=5618, mississippi=3822, new mexico=1787, texas=23716, virginia=15126464

Please output the recommended traffic control policy in the required JSON format.
2025-12-25 11:28:07,805 - arizona - INFO - Raw agent output:
```json
{
  "weekly_policy": {
    "restricted_state": "mississippi"
  },
  "global_guidance": "Mississippi has the highest Infectious Density (E+I)/Population among the origin states, indicating a significant risk of importing hidden infections. With an average daily inflow of 1731 people into Arizona, implementing a rigorous 90% screening policy can effectively capture and convert a substantial number of exposed and infected individuals to Q-status, thereby reducing the risk of disease spread within Arizona. While Texas and Virginia have higher absolute numbers of E and I, their larger populations dilute the risk density. Mississippi's smaller population and higher density make it a critical target for intervention."
}
```
2025-12-25 11:28:07,805 - arizona - INFO - Parsed PolicyResponse: policy={'mississippi': [0.5, 0.5]} explanation="Mississippi has the highest Infectious Density (E+I)/Population among the origin states, indicating a significant risk of importing hidden infections. With an average daily inflow of 1731 people into Arizona, implementing a rigorous 90percent screening policy can effectively capture and convert a substantial number of exposed and infected individuals to Q-status, thereby reducing the risk of disease spread within Arizona. While Texas and Virginia have higher absolute numbers of E and I, their larger populations dilute the risk density. Mississippi's smaller population and higher density make it a critical target for intervention."
2025-12-25 11:28:33,455 - arizona - INFO - Region Agent arizona - Iteration 14 / 18: Starting policy decision process.
2025-12-25 11:28:33,455 - arizona - INFO - Region user prompt: For arizona, you will be given the following information:

Epidemic and mobility information of this state are as follows:

SEIRD parameters:
- beta = 0.111577643000077
- alpha = 0.0597163516591244
- gamma = 0.02512091189866891
- mu = 8.004140369087751e-05
- delta = 0.9223750594215856

Current population composition:
- S = 9014344
- E = 73546
- I = 4700
- Q = 104961
- R = 144014
- D = 5045

Other origin states:
1. mississippi
   - Avg past 21-day population composition: S=549078, E=40946, I=14772, Q=9760, R=121959, D=3520
   - Avg past 21-day inflow: arizona=1989, mississippi=6656709, new mexico=1497, texas=29421, virginia=3739

2. new mexico
   - Avg past 21-day population composition: S=7652784, E=3163, I=710, Q=8598, R=43148, D=299
   - Avg past 21-day inflow: arizona=30633, mississippi=1120, new mexico=3686616, texas=151282, virginia=1936

3. texas
   - Avg past 21-day population composition: S=22633261, E=5328, I=8693, Q=38776, R=319154, D=5511
   - Avg past 21-day inflow: arizona=47229, mississippi=39010, new mexico=99222, texas=59112431, virginia=24366

4. virginia
   - Avg past 21-day population composition: S=8255575, E=56380, I=13227, Q=86934, R=480125, D=2639
   - Avg past 21-day inflow: arizona=5800, mississippi=4112, new mexico=2025, texas=24277, virginia=15457936

Please output the recommended traffic control policy in the required JSON format.
2025-12-25 11:28:44,637 - arizona - INFO - Raw agent output:
```json
{
  "weekly_policy": {
      "restricted_state": "mississippi"
      },
  "global_guidance": "Mississippi has the highest Infectious Density (E+I)/Population among the origin states, indicating a higher risk of importing hidden infections. The average daily inflow from Mississippi to Arizona is 1989, which is significant enough to justify targeted screening. By implementing a 90% screening mandate, we can detect and quarantine a substantial number of exposed and infected individuals, reducing the risk of disease spread in Arizona. While Texas has a higher absolute number of E and I, its population size and inflow make it less risky compared to Mississippi on a per-capita basis. Therefore, targeting Mississippi balances the need to minimize imported infections while avoiding over-concentration on the most obvious high-risk state."
}
```
2025-12-25 11:28:44,638 - arizona - INFO - Parsed PolicyResponse: policy={'mississippi': [0.5, 0.5]} explanation='Mississippi has the highest Infectious Density (E+I)/Population among the origin states, indicating a higher risk of importing hidden infections. The average daily inflow from Mississippi to Arizona is 1989, which is significant enough to justify targeted screening. By implementing a 90percent screening mandate, we can detect and quarantine a substantial number of exposed and infected individuals, reducing the risk of disease spread in Arizona. While Texas has a higher absolute number of E and I, its population size and inflow make it less risky compared to Mississippi on a per-capita basis. Therefore, targeting Mississippi balances the need to minimize imported infections while avoiding over-concentration on the most obvious high-risk state.'
2025-12-25 11:29:18,324 - arizona - INFO - Region Agent arizona - Iteration 15 / 18: Starting policy decision process.
2025-12-25 11:29:18,325 - arizona - INFO - Region user prompt: For arizona, you will be given the following information:

Epidemic and mobility information of this state are as follows:

SEIRD parameters:
- beta = 0.111577643000077
- alpha = 0.0597163516591244
- gamma = 0.025135078590390107
- mu = 3.8678623752005346e-05
- delta = 0.9223750594215856

Current population composition:
- S = 8939575
- E = 90628
- I = 5765
- Q = 130692
- R = 184997
- D = 5134

Other origin states:
1. mississippi
   - Avg past 21-day population composition: S=502106, E=54817, I=20312, Q=12222, R=135520, D=3750
   - Avg past 21-day inflow: arizona=2279, mississippi=6606055, new mexico=1459, texas=30676, virginia=3551

2. new mexico
   - Avg past 21-day population composition: S=8262404, E=3922, I=892, Q=10394, R=51417, D=349
   - Avg past 21-day inflow: arizona=33774, mississippi=1148, new mexico=3628380, texas=146052, virginia=1760

3. texas
   - Avg past 21-day population composition: S=21772544, E=6674, I=11170, Q=60444, R=387786, D=6133
   - Avg past 21-day inflow: arizona=49267, mississippi=38445, new mexico=98410, texas=59134908, virginia=23381

4. virginia
   - Avg past 21-day population composition: S=8147285, E=66564, I=15652, Q=103838, R=600234, D=2639
   - Avg past 21-day inflow: arizona=6174, mississippi=4465, new mexico=2035, texas=24801, virginia=15326305

Please output the recommended traffic control policy in the required JSON format.
2025-12-25 11:29:25,564 - arizona - INFO - Raw agent output:
```json
{
  "weekly_policy": {
      "restricted_state": "mississippi"
      },
  "global_guidance": "Mississippi has the highest 'Infectious Density' (E+I)/Population among the origin states, with a value of 0.149. This indicates a higher risk of importing hidden infections into Arizona. By implementing a Targeted Inbound Screening policy on Mississippi, we can capture and convert approximately 90% of the exposed and infected travelers to Q-status, significantly reducing the number of hidden infections entering our state. While Texas has a higher absolute number of E and I, its overall population is much larger, leading to a lower relative risk. Focusing on Mississippi fills a critical gap in regional defense by targeting a high-risk state that might otherwise be overlooked."
}
```
2025-12-25 11:29:25,565 - arizona - INFO - Parsed PolicyResponse: policy={'mississippi': [0.5, 0.5]} explanation="Mississippi has the highest 'Infectious Density' (E+I)/Population among the origin states, with a value of 0.149. This indicates a higher risk of importing hidden infections into Arizona. By implementing a Targeted Inbound Screening policy on Mississippi, we can capture and convert approximately 90percent of the exposed and infected travelers to Q-status, significantly reducing the number of hidden infections entering our state. While Texas has a higher absolute number of E and I, its overall population is much larger, leading to a lower relative risk. Focusing on Mississippi fills a critical gap in regional defense by targeting a high-risk state that might otherwise be overlooked."
2025-12-25 11:30:04,914 - arizona - INFO - Region Agent arizona - Iteration 16 / 18: Starting policy decision process.
2025-12-25 11:30:04,914 - arizona - INFO - Region user prompt: For arizona, you will be given the following information:

Epidemic and mobility information of this state are as follows:

SEIRD parameters:
- beta = 0.111577643000077
- alpha = 0.0597163516591244
- gamma = 0.025143189012269463
- mu = 1.7486256926348606e-05
- delta = 0.9223750594215856

Current population composition:
- S = 8659639
- E = 110957
- I = 7071
- Q = 161947
- R = 235921
- D = 5186

Other origin states:
1. mississippi
   - Avg past 21-day population composition: S=470115, E=69589, I=26779, Q=16128, R=153145, D=4010
   - Avg past 21-day inflow: arizona=1918, mississippi=6631471, new mexico=1137, texas=28922, virginia=3545

2. new mexico
   - Avg past 21-day population composition: S=8951073, E=4906, I=1119, Q=12798, R=61523, D=410
   - Avg past 21-day inflow: arizona=37298, mississippi=1158, new mexico=3541362, texas=134761, virginia=1577

3. texas
   - Avg past 21-day population composition: S=20856479, E=9238, I=15190, Q=75905, R=480390, D=6882
   - Avg past 21-day inflow: arizona=47112, mississippi=35978, new mexico=79863, texas=59397204, virginia=21662

4. virginia
   - Avg past 21-day population composition: S=8054511, E=78663, I=18612, Q=123181, R=743019, D=2639
   - Avg past 21-day inflow: arizona=6648, mississippi=4247, new mexico=1850, texas=25030, virginia=15466694

Please output the recommended traffic control policy in the required JSON format.
2025-12-25 11:30:12,678 - arizona - INFO - Raw agent output:
```json
{
  "weekly_policy": {
      "restricted_state": "mississippi"
      },
  "global_guidance": "Mississippi has the highest 'Infectious Density' (E+I)/Population among the origin states, indicating a significant risk of importing hidden infections. The average daily inflow from Mississippi to Arizona is 1918, which, when combined with the high infectious density, suggests a substantial number of exposed and infected individuals could be entering Arizona. Implementing a targeted inbound screening policy for travelers from Mississippi can effectively capture and convert a large number of these hidden infections to Q-status, thereby reducing the risk of disease spread within Arizona. While Texas and Virginia have higher inflows, their lower infectious densities make them less critical targets for immediate intervention. This strategy balances the need to minimize cumulative confirmed cases and deaths in Arizona while addressing a key source of potential disease importation."
}
```
2025-12-25 11:30:12,679 - arizona - INFO - Parsed PolicyResponse: policy={'mississippi': [0.5, 0.5]} explanation="Mississippi has the highest 'Infectious Density' (E+I)/Population among the origin states, indicating a significant risk of importing hidden infections. The average daily inflow from Mississippi to Arizona is 1918, which, when combined with the high infectious density, suggests a substantial number of exposed and infected individuals could be entering Arizona. Implementing a targeted inbound screening policy for travelers from Mississippi can effectively capture and convert a large number of these hidden infections to Q-status, thereby reducing the risk of disease spread within Arizona. While Texas and Virginia have higher inflows, their lower infectious densities make them less critical targets for immediate intervention. This strategy balances the need to minimize cumulative confirmed cases and deaths in Arizona while addressing a key source of potential disease importation."
2025-12-25 11:30:43,468 - arizona - INFO - Region Agent arizona - Iteration 17 / 18: Starting policy decision process.
2025-12-25 11:30:43,469 - arizona - INFO - Region user prompt: For arizona, you will be given the following information:

Epidemic and mobility information of this state are as follows:

SEIRD parameters:
- beta = 0.111577643000077
- alpha = 0.0597163516591244
- gamma = 0.025147830463207354
- mu = 7.395920318404787e-06
- delta = 0.9223750594215856

Current population composition:
- S = 8163771
- E = 132901
- I = 8454
- Q = 198666
- R = 298779
- D = 5215

Other origin states:
1. mississippi
   - Avg past 21-day population composition: S=433819, E=86010, I=34655, Q=21166, R=176373, D=4307
   - Avg past 21-day inflow: arizona=1900, mississippi=6630556, new mexico=1129, texas=28405, virginia=3183

2. new mexico
   - Avg past 21-day population composition: S=9774711, E=6248, I=1427, Q=16121, R=74111, D=485
   - Avg past 21-day inflow: arizona=43462, mississippi=1293, new mexico=3435281, texas=129254, virginia=1197

3. texas
   - Avg past 21-day population composition: S=19912601, E=10620, I=17795, Q=101695, R=604181, D=7760
   - Avg past 21-day inflow: arizona=50257, mississippi=35622, new mexico=73550, texas=59303116, virginia=20129

4. virginia
   - Avg past 21-day population composition: S=7961279, E=91203, I=21615, Q=145474, R=912417, D=2639
   - Avg past 21-day inflow: arizona=6592, mississippi=3845, new mexico=1710, texas=23739, virginia=15261036

Please output the recommended traffic control policy in the required JSON format.
2025-12-25 11:30:50,883 - arizona - INFO - Raw agent output:
```json
{
  "weekly_policy": {
    "restricted_state": "mississippi"
  },
  "global_guidance": "Mississippi has the highest 'Infectious Density' (E+I)/Population among the origin states, indicating a significant risk of importing hidden infections. The average daily inflow from Mississippi to Arizona is 1900, which, combined with its high E and I values, suggests that a substantial number of exposed and infected individuals could be entering Arizona. Implementing a targeted inbound screening policy for Mississippi can effectively capture and convert these hidden infections to Q-status, reducing the risk of disease spread within Arizona. While Texas has a higher absolute number of E and I cases, its much larger population results in a lower relative risk compared to Mississippi. Therefore, targeting Mississippi aligns with the objective of minimizing cumulative confirmed cases and deaths in Arizona."
}
```
2025-12-25 11:30:50,884 - arizona - INFO - Parsed PolicyResponse: policy={'mississippi': [0.5, 0.5]} explanation="Mississippi has the highest 'Infectious Density' (E+I)/Population among the origin states, indicating a significant risk of importing hidden infections. The average daily inflow from Mississippi to Arizona is 1900, which, combined with its high E and I values, suggests that a substantial number of exposed and infected individuals could be entering Arizona. Implementing a targeted inbound screening policy for Mississippi can effectively capture and convert these hidden infections to Q-status, reducing the risk of disease spread within Arizona. While Texas has a higher absolute number of E and I cases, its much larger population results in a lower relative risk compared to Mississippi. Therefore, targeting Mississippi aligns with the objective of minimizing cumulative confirmed cases and deaths in Arizona."
2025-12-25 11:31:34,199 - arizona - INFO - Region Agent arizona - Iteration 18 / 18: Starting policy decision process.
2025-12-25 11:31:34,199 - arizona - INFO - Region user prompt: For arizona, you will be given the following information:

Epidemic and mobility information of this state are as follows:

SEIRD parameters:
- beta = 0.111577643000077
- alpha = 0.0597163516591244
- gamma = 0.025150486107049154
- mu = 2.9265578800082016e-06
- delta = 0.9223750594215856

Current population composition:
- S = 7722196
- E = 156884
- I = 9963
- Q = 238993
- R = 375184
- D = 5229

Other origin states:
1. mississippi
   - Avg past 21-day population composition: S=426906, E=85797, I=35181, Q=24937, R=205845, D=4630
   - Avg past 21-day inflow: arizona=2184, mississippi=6318817, new mexico=1008, texas=38606, virginia=4148

2. new mexico
   - Avg past 21-day population composition: S=10709650, E=8102, I=1835, Q=20598, R=90076, D=580
   - Avg past 21-day inflow: arizona=46636, mississippi=1937, new mexico=3247252, texas=141481, virginia=1410

3. texas
   - Avg past 21-day population composition: S=18940723, E=10088, I=16324, Q=104290, R=749697, D=8671
   - Avg past 21-day inflow: arizona=59869, mississippi=47560, new mexico=79862, texas=57427711, virginia=23877

4. virginia
   - Avg past 21-day population composition: S=7853006, E=100930, I=23918, Q=165635, R=1109326, D=2639
   - Avg past 21-day inflow: arizona=7210, mississippi=4629, new mexico=1614, texas=29515, virginia=14873036

Please output the recommended traffic control policy in the required JSON format.
2025-12-25 11:31:40,635 - arizona - INFO - Raw agent output:
```json
{
  "weekly_policy": {
    "restricted_state": "mississippi"
  },
  "global_guidance": "Mississippi has the highest Infectious Density (E+I)/Population among the origin states, indicating a higher risk of importing hidden infections. With an average daily inflow of 2184, implementing a rigorous 90% screening mandate can capture a significant number of exposed and infected individuals, reducing the risk of disease spread in Arizona. While Texas has a higher inflow, its lower Infectious Density makes it a less critical target compared to Mississippi, which presents a more immediate threat due to its higher proportion of exposed and infected individuals."
}
```
2025-12-25 11:31:40,636 - arizona - INFO - Parsed PolicyResponse: policy={'mississippi': [0.5, 0.5]} explanation='Mississippi has the highest Infectious Density (E+I)/Population among the origin states, indicating a higher risk of importing hidden infections. With an average daily inflow of 2184, implementing a rigorous 90percent screening mandate can capture a significant number of exposed and infected individuals, reducing the risk of disease spread in Arizona. While Texas has a higher inflow, its lower Infectious Density makes it a less critical target compared to Mississippi, which presents a more immediate threat due to its higher proportion of exposed and infected individuals.'
