2025-12-25 11:19:37,157 - mississippi - INFO - Region Agent mississippi - Iteration 1 / 18: Starting policy decision process.
2025-12-25 11:19:37,157 - mississippi - INFO - Region user prompt: For mississippi, you will be given the following information:

Epidemic and mobility information of this state are as follows:

SEIRD parameters:
- beta = 0.1777045562951643
- alpha = 0.0557887604960571
- gamma = 0.1
- mu = 0.0
- delta = 0.0671164839606214

Current population composition:
- S = 2970629
- E = 906
- I = 1753
- Q = 2463
- R = 301
- D = 97

Other origin states:
1. arizona
   - Avg past 21-day population composition: S=7272180, E=1952, I=962, Q=3319, R=186, D=118
   - Avg past 21-day inflow: arizona=9717467, mississippi=1551, new mexico=19529, texas=27907, virginia=3665

2. new mexico
   - Avg past 21-day population composition: S=2093484, E=816, I=1276, Q=959, R=265, D=29
   - Avg past 21-day inflow: arizona=14511, mississippi=1425, new mexico=2776969, texas=84217, virginia=1004

3. texas
   - Avg past 21-day population composition: S=28984537, E=927, I=327, Q=7619, R=2141, D=330
   - Avg past 21-day inflow: arizona=22661, mississippi=24412, new mexico=47170, texas=39820832, virginia=11782

4. virginia
   - Avg past 21-day population composition: S=8524995, E=1825, I=3189, Q=4825, R=540, D=145
   - Avg past 21-day inflow: arizona=3171, mississippi=2260, new mexico=1385, texas=13780, virginia=11423959

Please output the recommended traffic control policy in the required JSON format.
2025-12-25 11:19:43,897 - mississippi - INFO - Raw agent output:
```json
{
  "weekly_policy": {
    "restricted_state": "texas"
  },
  "global_guidance": "Texas has the highest average daily inbound flow into Mississippi (24,412). The infectious density (E+I)/Population in Texas is relatively low, but the sheer volume of travelers from Texas poses a significant risk. Implementing a targeted inbound screening policy on travelers from Texas can effectively capture and convert a substantial number of hidden infections (E and I) to Q-status, thereby reducing the risk of disease importation. This strategy balances the need to manage high-risk inflows while minimizing the impact on overall mobility and economic activity. By focusing on Texas, we address the largest potential source of new infections, providing a strong layer of defense against disease spread in Mississippi."
}
```
2025-12-25 11:19:43,898 - mississippi - INFO - Parsed PolicyResponse: policy={'texas': [0.5, 0.5]} explanation='Texas has the highest average daily inbound flow into Mississippi (24,412). The infectious density (E+I)/Population in Texas is relatively low, but the sheer volume of travelers from Texas poses a significant risk. Implementing a targeted inbound screening policy on travelers from Texas can effectively capture and convert a substantial number of hidden infections (E and I) to Q-status, thereby reducing the risk of disease importation. This strategy balances the need to manage high-risk inflows while minimizing the impact on overall mobility and economic activity. By focusing on Texas, we address the largest potential source of new infections, providing a strong layer of defense against disease spread in Mississippi.'
2025-12-25 11:20:35,353 - mississippi - INFO - Region Agent mississippi - Iteration 2 / 18: Starting policy decision process.
2025-12-25 11:20:35,354 - mississippi - INFO - Region user prompt: For mississippi, you will be given the following information:

Epidemic and mobility information of this state are as follows:

SEIRD parameters:
- beta = 0.1777045562951643
- alpha = 0.0557887604960571
- gamma = 0.090291905
- mu = 0.0035001206694907656
- delta = 0.0671164839606214

Current population composition:
- S = 2873601
- E = 4801
- I = 2178
- Q = 1618
- R = 2693
- D = 195

Other origin states:
1. arizona
   - Avg past 21-day population composition: S=7365719, E=2856, I=184, Q=4823, R=518, D=202
   - Avg past 21-day inflow: arizona=11371640, mississippi=1616, new mexico=25816, texas=33181, virginia=3902

2. new mexico
   - Avg past 21-day population composition: S=2396029, E=692, I=149, Q=2128, R=1201, D=35
   - Avg past 21-day inflow: arizona=18891, mississippi=1902, new mexico=3323857, texas=117318, virginia=1118

3. texas
   - Avg past 21-day population composition: S=28614342, E=782, I=1219, Q=9245, R=5192, D=446
   - Avg past 21-day inflow: arizona=27201, mississippi=31103, new mexico=69252, texas=48379264, virginia=15325

4. virginia
   - Avg past 21-day population composition: S=8525938, E=4054, I=987, Q=6792, R=4749, D=358
   - Avg past 21-day inflow: arizona=3345, mississippi=3005, new mexico=1552, texas=16423, virginia=13217229

Please output the recommended traffic control policy in the required JSON format.
2025-12-25 11:20:41,428 - mississippi - INFO - Raw agent output:
```json
{
  "weekly_policy": {
    "restricted_state": "texas"
  },
  "global_guidance": "Texas has the highest average daily inbound flow into Mississippi (31,103) and a relatively high infectious density (E+I)/Population of 0.000041. Implementing a targeted inbound screening policy on Texas can capture a significant number of hidden infections (E and I) converting them to Q-status, thereby reducing the risk of disease importation. While Arizona and Virginia also have notable inflows, their infectious densities are lower compared to Texas, making Texas the optimal choice for intervention."
}
```
2025-12-25 11:20:41,429 - mississippi - INFO - Parsed PolicyResponse: policy={'texas': [0.5, 0.5]} explanation='Texas has the highest average daily inbound flow into Mississippi (31,103) and a relatively high infectious density (E+I)/Population of 0.000041. Implementing a targeted inbound screening policy on Texas can capture a significant number of hidden infections (E and I) converting them to Q-status, thereby reducing the risk of disease importation. While Arizona and Virginia also have notable inflows, their infectious densities are lower compared to Texas, making Texas the optimal choice for intervention.'
2025-12-25 11:21:22,580 - mississippi - INFO - Region Agent mississippi - Iteration 3 / 18: Starting policy decision process.
2025-12-25 11:21:22,581 - mississippi - INFO - Region user prompt: For mississippi, you will be given the following information:

Epidemic and mobility information of this state are as follows:

SEIRD parameters:
- beta = 0.1777045562951643
- alpha = 0.0557887604960571
- gamma = 0.090291905
- mu = 0.0034500205415555043
- delta = 0.0671164839606214

Current population composition:
- S = 2777050
- E = 8063
- I = 3795
- Q = 2044
- R = 4885
- D = 281

Other origin states:
1. arizona
   - Avg past 21-day population composition: S=7519917, E=3993, I=253, Q=6087, R=1230, D=360
   - Avg past 21-day inflow: arizona=11633875, mississippi=1614, new mexico=28282, texas=35167, virginia=3673

2. new mexico
   - Avg past 21-day population composition: S=2829363, E=646, I=135, Q=2050, R=2583, D=46
   - Avg past 21-day inflow: arizona=19789, mississippi=1821, new mexico=3427556, texas=124957, virginia=1199

3. texas
   - Avg past 21-day population composition: S=28080864, E=1006, I=1557, Q=12070, R=11438, D=656
   - Avg past 21-day inflow: arizona=28967, mississippi=32701, new mexico=75115, texas=51352865, virginia=15964

4. virginia
   - Avg past 21-day population composition: S=8518265, E=5206, I=1212, Q=7572, R=11544, D=669
   - Avg past 21-day inflow: arizona=3556, mississippi=2877, new mexico=1594, texas=16543, virginia=13637675

Please output the recommended traffic control policy in the required JSON format.
2025-12-25 11:21:29,105 - mississippi - INFO - Raw agent output:
```json
{
  "weekly_policy": {
    "restricted_state": "texas"
  },
  "global_guidance": "Texas has the highest average daily inbound flow into Mississippi (32,701) and a significant number of exposed (E=1006) and infected (I=1557) individuals, leading to a high infectious density. Implementing a targeted inbound screening policy for travelers from Texas can effectively capture and convert a substantial number of hidden infections (E and I) to Q-status, thereby reducing the risk of disease importation and spread within Mississippi. While Virginia also has a high number of exposed and infected individuals, the daily inflow from Texas is much higher, making it a more critical target for intervention."
}
```
2025-12-25 11:21:29,106 - mississippi - INFO - Parsed PolicyResponse: policy={'texas': [0.5, 0.5]} explanation='Texas has the highest average daily inbound flow into Mississippi (32,701) and a significant number of exposed (E=1006) and infected (I=1557) individuals, leading to a high infectious density. Implementing a targeted inbound screening policy for travelers from Texas can effectively capture and convert a substantial number of hidden infections (E and I) to Q-status, thereby reducing the risk of disease importation and spread within Mississippi. While Virginia also has a high number of exposed and infected individuals, the daily inflow from Texas is much higher, making it a more critical target for intervention.'
2025-12-25 11:22:08,414 - mississippi - INFO - Region Agent mississippi - Iteration 4 / 18: Starting policy decision process.
2025-12-25 11:22:08,415 - mississippi - INFO - Region user prompt: For mississippi, you will be given the following information:

Epidemic and mobility information of this state are as follows:

SEIRD parameters:
- beta = 0.1777045562951643
- alpha = 0.0557887604960571
- gamma = 0.090291905
- mu = 0.003366272675632136
- delta = 0.0671164839606214

Current population composition:
- S = 2613528
- E = 12508
- I = 5943
- Q = 3204
- R = 8088
- D = 401

Other origin states:
1. arizona
   - Avg past 21-day population composition: S=7722769, E=5627, I=358, Q=8193, R=2725, D=648
   - Avg past 21-day inflow: arizona=12334093, mississippi=1920, new mexico=30253, texas=41317, virginia=3797

2. new mexico
   - Avg past 21-day population composition: S=3426731, E=681, I=145, Q=2015, R=4367, D=60
   - Avg past 21-day inflow: arizona=23793, mississippi=1984, new mexico=3538501, texas=136934, virginia=1155

3. texas
   - Avg past 21-day population composition: S=27331376, E=1266, I=1963, Q=15157, R=23365, D=1005
   - Avg past 21-day inflow: arizona=33250, mississippi=38622, new mexico=84392, texas=54356274, virginia=17393

4. virginia
   - Avg past 21-day population composition: S=8530598, E=6564, I=1533, Q=9467, R=22205, D=1097
   - Avg past 21-day inflow: arizona=4434, mississippi=3671, new mexico=1716, texas=19791, virginia=14133151

Please output the recommended traffic control policy in the required JSON format.
2025-12-25 11:22:19,762 - mississippi - INFO - Raw agent output:
```json
{
  "weekly_policy": {
      "restricted_state": "texas"
      },
  "global_guidance": "Texas has the highest average daily inbound flow into Mississippi (38,622) and a significant infectious density (E+I)/Population of 0.000074. Implementing targeted inbound screening on travelers from Texas can effectively capture and convert a substantial number of hidden infections (E and I) to Q-status, thereby reducing the risk of disease importation. While Virginia also has a high infectious density, the much lower average daily inbound flow (3,671) makes Texas a more critical target for intervention. This approach balances the need to minimize cumulative confirmed cases and deaths in Mississippi while addressing the systemic risk of disease importation from a high-risk, high-volume origin state."
}
```
2025-12-25 11:22:19,763 - mississippi - INFO - Parsed PolicyResponse: policy={'texas': [0.5, 0.5]} explanation='Texas has the highest average daily inbound flow into Mississippi (38,622) and a significant infectious density (E+I)/Population of 0.000074. Implementing targeted inbound screening on travelers from Texas can effectively capture and convert a substantial number of hidden infections (E and I) to Q-status, thereby reducing the risk of disease importation. While Virginia also has a high infectious density, the much lower average daily inbound flow (3,671) makes Texas a more critical target for intervention. This approach balances the need to minimize cumulative confirmed cases and deaths in Mississippi while addressing the systemic risk of disease importation from a high-risk, high-volume origin state.'
2025-12-25 11:22:45,684 - mississippi - INFO - Region Agent mississippi - Iteration 5 / 18: Starting policy decision process.
2025-12-25 11:22:45,685 - mississippi - INFO - Region user prompt: For mississippi, you will be given the following information:

Epidemic and mobility information of this state are as follows:

SEIRD parameters:
- beta = 0.1777045562951643
- alpha = 0.0557887604960571
- gamma = 0.090291905
- mu = 0.00325136592763443
- delta = 0.0671164839606214

Current population composition:
- S = 2444637
- E = 18364
- I = 8729
- Q = 4826
- R = 13027
- D = 581

Other origin states:
1. arizona
   - Avg past 21-day population composition: S=7917411, E=7472, I=476, Q=10746, R=5110, D=1032
   - Avg past 21-day inflow: arizona=12544263, mississippi=2480, new mexico=36541, texas=52438, virginia=4525

2. new mexico
   - Avg past 21-day population composition: S=4137797, E=780, I=169, Q=2157, R=6191, D=74
   - Avg past 21-day inflow: arizona=30727, mississippi=2180, new mexico=3593103, texas=158164, virginia=1190

3. texas
   - Avg past 21-day population composition: S=26458711, E=1491, I=2333, Q=17369, R=39578, D=1414
   - Avg past 21-day inflow: arizona=42323, mississippi=47996, new mexico=101339, texas=56028179, virginia=21124

4. virginia
   - Avg past 21-day population composition: S=8601282, E=8242, I=1925, Q=11955, R=35622, D=1516
   - Avg past 21-day inflow: arizona=5988, mississippi=4364, new mexico=2080, texas=25397, virginia=14398916

Please output the recommended traffic control policy in the required JSON format.
2025-12-25 11:22:52,475 - mississippi - INFO - Raw agent output:
```json
{
  "weekly_policy": {
      "restricted_state": "texas"
      },
  "global_guidance": "Texas has the highest average daily inbound flow into Mississippi (47,996). Its infectious density (E+I)/Population is 0.000167, indicating a moderate risk. Implementing targeted inbound screening on Texas will capture a significant number of hidden infections (E and I) due to the high volume of travelers. This approach maximizes detection utility while minimizing the risk of disease importation. While Arizona and Virginia also pose risks, their lower inbound flow rates make them less critical targets compared to Texas."
}
```
2025-12-25 11:22:52,476 - mississippi - INFO - Parsed PolicyResponse: policy={'texas': [0.5, 0.5]} explanation='Texas has the highest average daily inbound flow into Mississippi (47,996). Its infectious density (E+I)/Population is 0.000167, indicating a moderate risk. Implementing targeted inbound screening on Texas will capture a significant number of hidden infections (E and I) due to the high volume of travelers. This approach maximizes detection utility while minimizing the risk of disease importation. While Arizona and Virginia also pose risks, their lower inbound flow rates make them less critical targets compared to Texas.'
2025-12-25 11:23:26,334 - mississippi - INFO - Region Agent mississippi - Iteration 6 / 18: Starting policy decision process.
2025-12-25 11:23:26,335 - mississippi - INFO - Region user prompt: For mississippi, you will be given the following information:

Epidemic and mobility information of this state are as follows:

SEIRD parameters:
- beta = 0.1777045562951643
- alpha = 0.0557887604960571
- gamma = 0.090291905
- mu = 0.0031086466218188174
- delta = 0.0671164839606214

Current population composition:
- S = 2204735
- E = 25471
- I = 12126
- Q = 6991
- R = 20344
- D = 838

Other origin states:
1. arizona
   - Avg past 21-day population composition: S=8107343, E=9634, I=615, Q=13745, R=8602, D=1505
   - Avg past 21-day inflow: arizona=12721796, mississippi=2607, new mexico=38678, texas=56414, virginia=5493

2. new mexico
   - Avg past 21-day population composition: S=4761264, E=914, I=198, Q=2451, R=8208, D=88
   - Avg past 21-day inflow: arizona=31247, mississippi=1954, new mexico=3714782, texas=160356, virginia=1318

3. texas
   - Avg past 21-day population composition: S=25694049, E=1672, I=2638, Q=18820, R=59478, D=1855
   - Avg past 21-day inflow: arizona=48951, mississippi=52561, new mexico=115020, texas=58274699, virginia=25244

4. virginia
   - Avg past 21-day population composition: S=8649790, E=10353, I=2417, Q=15119, R=52581, D=1883
   - Avg past 21-day inflow: arizona=6406, mississippi=4702, new mexico=2088, texas=25749, virginia=15056158

Please output the recommended traffic control policy in the required JSON format.
2025-12-25 11:23:32,825 - mississippi - INFO - Raw agent output:
```json
{
  "weekly_policy": {
    "restricted_state": "texas"
  },
  "global_guidance": "The choice of Texas as the restricted state is based on its high infectious density (E+I)/Population of 0.000198 and the significant daily inflow of 52561 people into Mississippi. Implementing a targeted inbound screening for travelers from Texas can effectively capture and convert a substantial number of hidden infections (E and I) to Q-status, thereby reducing the risk of disease importation. While Arizona and Virginia also have high infectious densities, the volume of travel from Texas is much higher, making it a more critical target for intervention. This approach balances the need to minimize disease spread while considering the practicality of implementing such a policy."
}
```
2025-12-25 11:23:32,825 - mississippi - INFO - Parsed PolicyResponse: policy={'texas': [0.5, 0.5]} explanation='The choice of Texas as the restricted state is based on its high infectious density (E+I)/Population of 0.000198 and the significant daily inflow of 52561 people into Mississippi. Implementing a targeted inbound screening for travelers from Texas can effectively capture and convert a substantial number of hidden infections (E and I) to Q-status, thereby reducing the risk of disease importation. While Arizona and Virginia also have high infectious densities, the volume of travel from Texas is much higher, making it a more critical target for intervention. This approach balances the need to minimize disease spread while considering the practicality of implementing such a policy.'
2025-12-25 11:24:03,872 - mississippi - INFO - Region Agent mississippi - Iteration 7 / 18: Starting policy decision process.
2025-12-25 11:24:03,873 - mississippi - INFO - Region user prompt: For mississippi, you will be given the following information:

Epidemic and mobility information of this state are as follows:

SEIRD parameters:
- beta = 0.1777045562951643
- alpha = 0.0557887604960571
- gamma = 0.090291905
- mu = 0.002942156764606069
- delta = 0.0671164839606214

Current population composition:
- S = 1844284
- E = 32043
- I = 15279
- Q = 9411
- R = 30586
- D = 1180

Other origin states:
1. arizona
   - Avg past 21-day population composition: S=8304411, E=12264, I=783, Q=17331, R=13400, D=2037
   - Avg past 21-day inflow: arizona=12691405, mississippi=2443, new mexico=41259, texas=57130, virginia=6387

2. new mexico
   - Avg past 21-day population composition: S=5169868, E=1068, I=232, Q=2844, R=10526, D=102
   - Avg past 21-day inflow: arizona=30278, mississippi=1651, new mexico=3781302, texas=162187, virginia=1534

3. texas
   - Avg past 21-day population composition: S=25258115, E=1836, I=2926, Q=19879, R=82327, D=2312
   - Avg past 21-day inflow: arizona=49809, mississippi=60331, new mexico=132778, texas=57497200, virginia=26942

4. virginia
   - Avg past 21-day population composition: S=8647312, E=12999, I=3034, Q=19107, R=74023, D=2173
   - Avg past 21-day inflow: arizona=5763, mississippi=5376, new mexico=2165, texas=28512, virginia=15378004

Please output the recommended traffic control policy in the required JSON format.
2025-12-25 11:24:15,629 - mississippi - INFO - Raw agent output:
```json
{
  "weekly_policy": {
      "restricted_state": "texas"
      },
  "global_guidance": "Texas has the highest average daily inbound flow into Mississippi (60,331) and a relatively high infectious density (E+I)/Population = (1836+2926)/25258115 「 0.00018. Implementing targeted inbound screening from Texas can capture approximately 90% of hidden infections (E and I) entering Mississippi, reducing the risk of disease importation. While Arizona and Virginia also have significant inbound flows, their infectious densities are lower, making Texas the optimal choice for intervention."
}
```
2025-12-25 11:24:15,630 - mississippi - INFO - Parsed PolicyResponse: policy={'texas': [0.5, 0.5]} explanation='Texas has the highest average daily inbound flow into Mississippi (60,331) and a relatively high infectious density (E+I)/Population = (1836+2926)/25258115 「 0.00018. Implementing targeted inbound screening from Texas can capture approximately 90percent of hidden infections (E and I) entering Mississippi, reducing the risk of disease importation. While Arizona and Virginia also have significant inbound flows, their infectious densities are lower, making Texas the optimal choice for intervention.'
2025-12-25 11:24:41,964 - mississippi - INFO - Region Agent mississippi - Iteration 8 / 18: Starting policy decision process.
2025-12-25 11:24:41,965 - mississippi - INFO - Region user prompt: For mississippi, you will be given the following information:

Epidemic and mobility information of this state are as follows:

SEIRD parameters:
- beta = 0.1777045562951643
- alpha = 0.0557887604960571
- gamma = 0.090291905
- mu = 0.00275644422805234
- delta = 0.0671164839606214

Current population composition:
- S = 1439233
- E = 35867
- I = 17157
- Q = 11357
- R = 43650
- D = 1591

Other origin states:
1. arizona
   - Avg past 21-day population composition: S=8588421, E=15782, I=1019, Q=21881, R=19747, D=2594
   - Avg past 21-day inflow: arizona=12227260, mississippi=2819, new mexico=41834, texas=54141, virginia=6789

2. new mexico
   - Avg past 21-day population composition: S=5249428, E=1217, I=262, Q=3271, R=13210, D=116
   - Avg past 21-day inflow: arizona=26540, mississippi=1570, new mexico=3686705, texas=149098, virginia=1704

3. texas
   - Avg past 21-day population composition: S=25151012, E=2019, I=3244, Q=21024, R=107726, D=2774
   - Avg past 21-day inflow: arizona=49331, mississippi=63448, new mexico=132369, texas=55946397, virginia=28822

4. virginia
   - Avg past 21-day population composition: S=8642974, E=16314, I=3808, Q=24114, R=101105, D=2377
   - Avg past 21-day inflow: arizona=5547, mississippi=6108, new mexico=2484, texas=29795, virginia=15359071

Please output the recommended traffic control policy in the required JSON format.
2025-12-25 11:24:54,780 - mississippi - INFO - Raw agent output:
```json
{
  "weekly_policy": {
      "restricted_state": "texas"
      },
  "global_guidance": "Texas has the highest average daily inbound flow into Mississippi (63,448) and a significant number of exposed and infected individuals (E=2019, I=3244). The infectious density (E+I)/Population in Texas is 0.00021, which is relatively high compared to other states. Implementing targeted inbound screening on travelers from Texas can effectively capture and convert a substantial number of hidden infections (E and I) to Q-status, thereby reducing the risk of disease importation into Mississippi. This approach balances the need to minimize cumulative confirmed cases and deaths while managing the systemic risks of disease spread from a high-risk, high-mobility state."
}
```
2025-12-25 11:24:54,780 - mississippi - INFO - Parsed PolicyResponse: policy={'texas': [0.5, 0.5]} explanation='Texas has the highest average daily inbound flow into Mississippi (63,448) and a significant number of exposed and infected individuals (E=2019, I=3244). The infectious density (E+I)/Population in Texas is 0.00021, which is relatively high compared to other states. Implementing targeted inbound screening on travelers from Texas can effectively capture and convert a substantial number of hidden infections (E and I) to Q-status, thereby reducing the risk of disease importation into Mississippi. This approach balances the need to minimize cumulative confirmed cases and deaths while managing the systemic risks of disease spread from a high-risk, high-mobility state.'
2025-12-25 11:25:29,861 - mississippi - INFO - Region Agent mississippi - Iteration 9 / 18: Starting policy decision process.
2025-12-25 11:25:29,861 - mississippi - INFO - Region user prompt: For mississippi, you will be given the following information:

Epidemic and mobility information of this state are as follows:

SEIRD parameters:
- beta = 0.1777045562951643
- alpha = 0.0557887604960571
- gamma = 0.090291905
- mu = 0.0025563573169277358
- delta = 0.0671164839606214

Current population composition:
- S = 1155186
- E = 38127
- I = 18397
- Q = 12707
- R = 58821
- D = 2035

Other origin states:
1. arizona
   - Avg past 21-day population composition: S=8808895, E=20444, I=1322, Q=27954, R=28049, D=3146
   - Avg past 21-day inflow: arizona=12326316, mississippi=2415, new mexico=34721, texas=49757, virginia=6475

2. new mexico
   - Avg past 21-day population composition: S=5332848, E=1463, I=310, Q=3757, R=16284, D=131
   - Avg past 21-day inflow: arizona=25111, mississippi=1408, new mexico=3618932, texas=142786, virginia=1914

3. texas
   - Avg past 21-day population composition: S=25115402, E=2205, I=3569, Q=22434, R=135716, D=3236
   - Avg past 21-day inflow: arizona=46103, mississippi=57006, new mexico=119576, texas=55789157, virginia=29507

4. virginia
   - Avg past 21-day population composition: S=8589710, E=20411, I=4764, Q=30331, R=135237, D=2507
   - Avg past 21-day inflow: arizona=6027, mississippi=5270, new mexico=2367, texas=27064, virginia=15109651

Please output the recommended traffic control policy in the required JSON format.
2025-12-25 11:25:36,374 - mississippi - INFO - Raw agent output:
```json
{
  "weekly_policy": {
      "restricted_state": "texas"
      },
  "global_guidance": "Texas has the highest average daily inbound flow into Mississippi (57,006) and a significant number of exposed (2,205) and infected (3,569) individuals, leading to a higher risk of importing hidden infections. Implementing a targeted inbound screening policy on travelers from Texas can capture approximately 90% of these hidden infections, converting them to Q-status upon arrival. This intervention aims to minimize the cumulative confirmed cases and deaths in Mississippi by reducing the influx of undetected infectious individuals. While Arizona and Virginia also pose risks, their lower average daily inflows make Texas the primary target for this intervention."
}
```
2025-12-25 11:25:36,375 - mississippi - INFO - Parsed PolicyResponse: policy={'texas': [0.5, 0.5]} explanation='Texas has the highest average daily inbound flow into Mississippi (57,006) and a significant number of exposed (2,205) and infected (3,569) individuals, leading to a higher risk of importing hidden infections. Implementing a targeted inbound screening policy on travelers from Texas can capture approximately 90percent of these hidden infections, converting them to Q-status upon arrival. This intervention aims to minimize the cumulative confirmed cases and deaths in Mississippi by reducing the influx of undetected infectious individuals. While Arizona and Virginia also pose risks, their lower average daily inflows make Texas the primary target for this intervention.'
2025-12-25 11:26:04,235 - mississippi - INFO - Region Agent mississippi - Iteration 10 / 18: Starting policy decision process.
2025-12-25 11:26:04,235 - mississippi - INFO - Region user prompt: For mississippi, you will be given the following information:

Epidemic and mobility information of this state are as follows:

SEIRD parameters:
- beta = 0.1777045562951643
- alpha = 0.0557887604960571
- gamma = 0.090291905
- mu = 0.00234683660135996
- delta = 0.0671164839606214

Current population composition:
- S = 897377
- E = 36962
- I = 18054
- Q = 13335
- R = 75337
- D = 2481

Other origin states:
1. arizona
   - Avg past 21-day population composition: S=8909896, E=25969, I=1660, Q=35689, R=38853, D=3662
   - Avg past 21-day inflow: arizona=12204458, mississippi=2079, new mexico=30995, texas=44249, virginia=5239

2. new mexico
   - Avg past 21-day population composition: S=5537456, E=1826, I=386, Q=4511, R=19886, D=155
   - Avg past 21-day inflow: arizona=24321, mississippi=1410, new mexico=3591304, texas=139917, virginia=1327

3. texas
   - Avg past 21-day population composition: S=24994915, E=2400, I=3896, Q=23993, R=166380, D=3698
   - Avg past 21-day inflow: arizona=44848, mississippi=51070, new mexico=113536, texas=56021642, virginia=27574

4. virginia
   - Avg past 21-day population composition: S=8514330, E=25469, I=5949, Q=37999, R=178081, D=2580
   - Avg past 21-day inflow: arizona=6041, mississippi=4887, new mexico=2362, texas=25141, virginia=14714026

Please output the recommended traffic control policy in the required JSON format.
2025-12-25 11:26:11,059 - mississippi - INFO - Raw agent output:
```json
{
  "weekly_policy": {
      "restricted_state": "texas"
      },
  "global_guidance": "The selected origin state, Texas, has a relatively high infectious density (E+I)/Population of 0.00024. Given the significant average daily inflow of 51,070 travelers from Texas to Mississippi, implementing a targeted inbound screening policy can effectively capture and convert a substantial number of hidden infections (E and I) to Q-status. This intervention is expected to reduce the risk of disease importation and minimize the cumulative confirmed cases and deaths in Mississippi over the next 14 days. While Virginia also has a high infectious density, the inflow from Texas is much higher, making it a more critical target for screening."
}
```
2025-12-25 11:26:11,060 - mississippi - INFO - Parsed PolicyResponse: policy={'texas': [0.5, 0.5]} explanation='The selected origin state, Texas, has a relatively high infectious density (E+I)/Population of 0.00024. Given the significant average daily inflow of 51,070 travelers from Texas to Mississippi, implementing a targeted inbound screening policy can effectively capture and convert a substantial number of hidden infections (E and I) to Q-status. This intervention is expected to reduce the risk of disease importation and minimize the cumulative confirmed cases and deaths in Mississippi over the next 14 days. While Virginia also has a high infectious density, the inflow from Texas is much higher, making it a more critical target for screening.'
2025-12-25 11:26:49,858 - mississippi - INFO - Region Agent mississippi - Iteration 11 / 18: Starting policy decision process.
2025-12-25 11:26:49,858 - mississippi - INFO - Region user prompt: For mississippi, you will be given the following information:

Epidemic and mobility information of this state are as follows:

SEIRD parameters:
- beta = 0.1777045562951643
- alpha = 0.0557887604960571
- gamma = 0.090291905
- mu = 0.002132716335975645
- delta = 0.0671164839606214

Current population composition:
- S = 697660
- E = 30622
- I = 15080
- Q = 12341
- R = 91759
- D = 2888

Other origin states:
1. arizona
   - Avg past 21-day population composition: S=8930455, E=32495, I=2069, Q=45152, R=52722, D=4111
   - Avg past 21-day inflow: arizona=12300752, mississippi=2383, new mexico=31002, texas=46652, virginia=5591

2. new mexico
   - Avg past 21-day population composition: S=5910310, E=2280, I=481, Q=5541, R=24268, D=183
   - Avg past 21-day inflow: arizona=26310, mississippi=1338, new mexico=3560268, texas=145606, virginia=1293

3. texas
   - Avg past 21-day population composition: S=24693395, E=2625, I=4270, Q=25848, R=199839, D=4160
   - Avg past 21-day inflow: arizona=45155, mississippi=47740, new mexico=102177, texas=56597764, virginia=28749

4. virginia
   - Avg past 21-day population composition: S=8479541, E=31583, I=7384, Q=47404, R=231662, D=2617
   - Avg past 21-day inflow: arizona=6980, mississippi=5593, new mexico=2638, texas=28806, virginia=14873143

Please output the recommended traffic control policy in the required JSON format.
2025-12-25 11:26:57,042 - mississippi - INFO - Raw agent output:
```json
{
  "weekly_policy": {
    "restricted_state": "texas"
  },
  "global_guidance": "Texas has the highest average daily inbound flow into Mississippi (47740). Its infectious density (E+I)/Population is 0.00025, which is relatively low but the sheer volume of travelers makes it a significant risk. Implementing targeted inbound screening on Texas can capture approximately 90% of the hidden infections (E and I) entering Mississippi, effectively reducing the number of undetected infectious individuals. This strategy balances the need to minimize disease importation while avoiding overwhelming the screening capacity by targeting a less significant source state."
}
```
2025-12-25 11:26:57,042 - mississippi - INFO - Parsed PolicyResponse: policy={'texas': [0.5, 0.5]} explanation='Texas has the highest average daily inbound flow into Mississippi (47740). Its infectious density (E+I)/Population is 0.00025, which is relatively low but the sheer volume of travelers makes it a significant risk. Implementing targeted inbound screening on Texas can capture approximately 90percent of the hidden infections (E and I) entering Mississippi, effectively reducing the number of undetected infectious individuals. This strategy balances the need to minimize disease importation while avoiding overwhelming the screening capacity by targeting a less significant source state.'
2025-12-25 11:27:29,518 - mississippi - INFO - Region Agent mississippi - Iteration 12 / 18: Starting policy decision process.
2025-12-25 11:27:29,518 - mississippi - INFO - Region user prompt: For mississippi, you will be given the following information:

Epidemic and mobility information of this state are as follows:

SEIRD parameters:
- beta = 0.1777045562951643
- alpha = 0.0557887604960571
- gamma = 0.090291905
- mu = 0.0019185463050188718
- delta = 0.0671164839606214

Current population composition:
- S = 624302
- E = 24645
- I = 12189
- Q = 10394
- R = 106275
- D = 3214

Other origin states:
1. arizona
   - Avg past 21-day population composition: S=8969940, E=40670, I=2585, Q=56880, R=70327, D=4474
   - Avg past 21-day inflow: arizona=12593850, mississippi=2059, new mexico=33023, texas=45336, virginia=5351

2. new mexico
   - Avg past 21-day population composition: S=6460167, E=2584, I=562, Q=6786, R=29672, D=216
   - Avg past 21-day inflow: arizona=28122, mississippi=1297, new mexico=3587724, texas=149077, virginia=1361

3. texas
   - Avg past 21-day population composition: S=24076655, E=2798, I=4549, Q=27705, R=236291, D=4618
   - Avg past 21-day inflow: arizona=43694, mississippi=42933, new mexico=103286, texas=56938135, virginia=26283

4. virginia
   - Avg past 21-day population composition: S=8449656, E=38782, I=9073, Q=58636, R=298243, D=2634
   - Avg past 21-day inflow: arizona=5952, mississippi=4911, new mexico=2285, texas=26290, virginia=15100136

Please output the recommended traffic control policy in the required JSON format.
2025-12-25 11:27:36,810 - mississippi - INFO - Raw agent output:
```json
{
  "weekly_policy": {
      "restricted_state": "texas"
      },
  "global_guidance": "Texas has the highest average daily inbound flow into Mississippi (42,933) and a significant infectious density (E+I)/Population of 0.0003. Implementing targeted inbound screening from Texas would capture a substantial number of hidden infections, estimated to be around 12,880 (90% of 42,933 * 0.0003). This approach balances the need to reduce the risk of importing hidden infections while minimizing disruption to other, less risky travel flows. By focusing on Texas, we can effectively mitigate the spread of the disease without overburdening the screening resources on lower-risk states."
}
```
2025-12-25 11:27:36,810 - mississippi - INFO - Parsed PolicyResponse: policy={'texas': [0.5, 0.5]} explanation='Texas has the highest average daily inbound flow into Mississippi (42,933) and a significant infectious density (E+I)/Population of 0.0003. Implementing targeted inbound screening from Texas would capture a substantial number of hidden infections, estimated to be around 12,880 (90percent of 42,933 * 0.0003). This approach balances the need to reduce the risk of importing hidden infections while minimizing disruption to other, less risky travel flows. By focusing on Texas, we can effectively mitigate the spread of the disease without overburdening the screening resources on lower-risk states.'
2025-12-25 11:28:07,806 - mississippi - INFO - Region Agent mississippi - Iteration 13 / 18: Starting policy decision process.
2025-12-25 11:28:07,808 - mississippi - INFO - Region user prompt: For mississippi, you will be given the following information:

Epidemic and mobility information of this state are as follows:

SEIRD parameters:
- beta = 0.1777045562951643
- alpha = 0.0557887604960571
- gamma = 0.090291905
- mu = 0.0017084427217835844
- delta = 0.0671164839606214

Current population composition:
- S = 566179
- E = 37051
- I = 13031
- Q = 9170
- R = 118468
- D = 3459

Other origin states:
1. arizona
   - Avg past 21-day population composition: S=8981148, E=50920, I=3233, Q=71509, R=92556, D=4749
   - Avg past 21-day inflow: arizona=12775936, mississippi=1718, new mexico=30556, texas=45081, virginia=5287

2. new mexico
   - Avg past 21-day population composition: S=6992219, E=2699, I=587, Q=7657, R=36057, D=257
   - Avg past 21-day inflow: arizona=28008, mississippi=1016, new mexico=3611569, texas=146639, virginia=1472

3. texas
   - Avg past 21-day population composition: S=23437431, E=2957, I=4769, Q=29020, R=275231, D=5062
   - Avg past 21-day inflow: arizona=44065, mississippi=39373, new mexico=99060, texas=57587273, virginia=24012

4. virginia
   - Avg past 21-day population composition: S=8371937, E=47121, I=11036, Q=71850, R=380235, D=2639
   - Avg past 21-day inflow: arizona=5618, mississippi=3822, new mexico=1787, texas=23716, virginia=15126464

Please output the recommended traffic control policy in the required JSON format.
2025-12-25 11:28:14,700 - mississippi - INFO - Raw agent output:
```json
{
  "weekly_policy": {
      "restricted_state": "texas"
      },
  "global_guidance": "Texas has a relatively high infectious density (E+I)/Population of approximately 0.00029, and it has the highest average daily inbound flow into Mississippi (39373). Implementing a targeted inbound screening policy for Texas can significantly reduce the number of hidden infections (E and I) entering Mississippi. This screening is expected to capture and convert a substantial number of these individuals to Q-status, thereby reducing the risk of disease spread within Mississippi. While Arizona and Virginia also have high infectious densities, the volume of travel from Texas is much higher, making it a more critical target for intervention."
}
```
2025-12-25 11:28:14,700 - mississippi - INFO - Parsed PolicyResponse: policy={'texas': [0.5, 0.5]} explanation='Texas has a relatively high infectious density (E+I)/Population of approximately 0.00029, and it has the highest average daily inbound flow into Mississippi (39373). Implementing a targeted inbound screening policy for Texas can significantly reduce the number of hidden infections (E and I) entering Mississippi. This screening is expected to capture and convert a substantial number of these individuals to Q-status, thereby reducing the risk of disease spread within Mississippi. While Arizona and Virginia also have high infectious densities, the volume of travel from Texas is much higher, making it a more critical target for intervention.'
2025-12-25 11:28:44,639 - mississippi - INFO - Region Agent mississippi - Iteration 14 / 18: Starting policy decision process.
2025-12-25 11:28:44,640 - mississippi - INFO - Region user prompt: For mississippi, you will be given the following information:

Epidemic and mobility information of this state are as follows:

SEIRD parameters:
- beta = 0.1777045562951643
- alpha = 0.0557887604960571
- gamma = 0.090291905
- mu = 0.0015059741170298164
- delta = 0.0671164839606214

Current population composition:
- S = 505158
- E = 50436
- I = 18502
- Q = 11190
- R = 130957
- D = 3679

Other origin states:
1. arizona
   - Avg past 21-day population composition: S=8992581, E=63462, I=4038, Q=89738, R=120529, D=4942
   - Avg past 21-day inflow: arizona=13101290, mississippi=2159, new mexico=32596, texas=51399, virginia=5679

2. new mexico
   - Avg past 21-day population composition: S=7652784, E=3163, I=710, Q=8598, R=43148, D=299
   - Avg past 21-day inflow: arizona=30633, mississippi=1120, new mexico=3686616, texas=151282, virginia=1936

3. texas
   - Avg past 21-day population composition: S=22633261, E=5328, I=8693, Q=38776, R=319154, D=5511
   - Avg past 21-day inflow: arizona=47229, mississippi=39010, new mexico=99222, texas=59112431, virginia=24366

4. virginia
   - Avg past 21-day population composition: S=8255575, E=56380, I=13227, Q=86934, R=480125, D=2639
   - Avg past 21-day inflow: arizona=5800, mississippi=4112, new mexico=2025, texas=24277, virginia=15457936

Please output the recommended traffic control policy in the required JSON format.
2025-12-25 11:28:50,559 - mississippi - INFO - Raw agent output:
```json
{
  "weekly_policy": {
      "restricted_state": "texas"
      },
  "global_guidance": "Texas has the highest average daily inbound flow into Mississippi (39,010) and a relatively high infectious density (E+I)/Population of 0.00061. Implementing a targeted inbound screening policy for Texas will capture a significant number of hidden infections (E and I) and convert them to Q-status, thereby reducing the risk of disease importation. While Arizona and Virginia also have notable inflows, their infectious densities are lower, making Texas the optimal choice for intervention."
}
```
2025-12-25 11:28:50,559 - mississippi - INFO - Parsed PolicyResponse: policy={'texas': [0.5, 0.5]} explanation='Texas has the highest average daily inbound flow into Mississippi (39,010) and a relatively high infectious density (E+I)/Population of 0.00061. Implementing a targeted inbound screening policy for Texas will capture a significant number of hidden infections (E and I) and convert them to Q-status, thereby reducing the risk of disease importation. While Arizona and Virginia also have notable inflows, their infectious densities are lower, making Texas the optimal choice for intervention.'
2025-12-25 11:29:25,565 - mississippi - INFO - Region Agent mississippi - Iteration 15 / 18: Starting policy decision process.
2025-12-25 11:29:25,566 - mississippi - INFO - Region user prompt: For mississippi, you will be given the following information:

Epidemic and mobility information of this state are as follows:

SEIRD parameters:
- beta = 0.1777045562951643
- alpha = 0.0557887604960571
- gamma = 0.090291905
- mu = 0.0013140852480992276
- delta = 0.0671164839606214

Current population composition:
- S = 484238
- E = 64217
- I = 24357
- Q = 14816
- R = 147122
- D = 3929

Other origin states:
1. arizona
   - Avg past 21-day population composition: S=8998284, E=78531, I=4998, Q=112237, R=155627, D=5070
   - Avg past 21-day inflow: arizona=13080168, mississippi=2109, new mexico=34666, texas=51916, virginia=5224

2. new mexico
   - Avg past 21-day population composition: S=8262404, E=3922, I=892, Q=10394, R=51417, D=349
   - Avg past 21-day inflow: arizona=33774, mississippi=1148, new mexico=3628380, texas=146052, virginia=1760

3. texas
   - Avg past 21-day population composition: S=21772544, E=6674, I=11170, Q=60444, R=387786, D=6133
   - Avg past 21-day inflow: arizona=49267, mississippi=38445, new mexico=98410, texas=59134908, virginia=23381

4. virginia
   - Avg past 21-day population composition: S=8147285, E=66564, I=15652, Q=103838, R=600234, D=2639
   - Avg past 21-day inflow: arizona=6174, mississippi=4465, new mexico=2035, texas=24801, virginia=15326305

Please output the recommended traffic control policy in the required JSON format.
2025-12-25 11:29:32,965 - mississippi - INFO - Raw agent output:
```json
{
  "weekly_policy": {
    "restricted_state": "texas"
  },
  "global_guidance": "Texas has the highest average daily inbound flow into Mississippi (38,445). The infectious density (E+I)/Population of Texas is 0.0008, indicating a significant risk of importing hidden infections. By implementing a targeted inbound screening policy for travelers from Texas, we can capture and convert approximately 90% of the exposed and infected individuals (E and I) to Q-status, thereby significantly reducing the risk of disease importation and minimizing cumulative confirmed cases and deaths in Mississippi. This approach also balances the need to target a high-risk state while avoiding overlap with other potential regional defenses."
}
```
2025-12-25 11:29:32,966 - mississippi - INFO - Parsed PolicyResponse: policy={'texas': [0.5, 0.5]} explanation='Texas has the highest average daily inbound flow into Mississippi (38,445). The infectious density (E+I)/Population of Texas is 0.0008, indicating a significant risk of importing hidden infections. By implementing a targeted inbound screening policy for travelers from Texas, we can capture and convert approximately 90percent of the exposed and infected individuals (E and I) to Q-status, thereby significantly reducing the risk of disease importation and minimizing cumulative confirmed cases and deaths in Mississippi. This approach also balances the need to target a high-risk state while avoiding overlap with other potential regional defenses.'
2025-12-25 11:30:12,679 - mississippi - INFO - Region Agent mississippi - Iteration 16 / 18: Starting policy decision process.
2025-12-25 11:30:12,680 - mississippi - INFO - Region user prompt: For mississippi, you will be given the following information:

Epidemic and mobility information of this state are as follows:

SEIRD parameters:
- beta = 0.1777045562951643
- alpha = 0.0557887604960571
- gamma = 0.090291905
- mu = 0.001135059216634949
- delta = 0.0671164839606214

Current population composition:
- S = 436050
- E = 80474
- I = 31981
- Q = 19538
- R = 168458
- D = 4216

Other origin states:
1. arizona
   - Avg past 21-day population composition: S=8863069, E=96646, I=6148, Q=139548, R=199427, D=5149
   - Avg past 21-day inflow: arizona=13314477, mississippi=2086, new mexico=31372, texas=45426, virginia=4496

2. new mexico
   - Avg past 21-day population composition: S=8951073, E=4906, I=1119, Q=12798, R=61523, D=410
   - Avg past 21-day inflow: arizona=37298, mississippi=1158, new mexico=3541362, texas=134761, virginia=1577

3. texas
   - Avg past 21-day population composition: S=20856479, E=9238, I=15190, Q=75905, R=480390, D=6882
   - Avg past 21-day inflow: arizona=47112, mississippi=35978, new mexico=79863, texas=59397204, virginia=21662

4. virginia
   - Avg past 21-day population composition: S=8054511, E=78663, I=18612, Q=123181, R=743019, D=2639
   - Avg past 21-day inflow: arizona=6648, mississippi=4247, new mexico=1850, texas=25030, virginia=15466694

Please output the recommended traffic control policy in the required JSON format.
2025-12-25 11:30:22,668 - mississippi - INFO - Raw agent output:
```json
{
  "weekly_policy": {
    "restricted_state": "texas"
  },
  "global_guidance": "The selected state, Texas, has a significant daily inflow into Mississippi (35,978 on average over the past 21 days). Texas also has a relatively high infectious density (E+I)/Population = (9238 + 15190) / 20856479 「 0.00117. Implementing a targeted inbound screening policy for travelers from Texas can effectively capture and convert a substantial number of hidden infections (E and I) to Q-status, reducing the risk of disease importation into Mississippi. While Arizona and Virginia also have high inflows, their infectious densities are lower compared to Texas. Therefore, targeting Texas strikes a balance between high inflow and high infectious density, maximizing the detection utility and minimizing the cumulative confirmed cases and deaths in Mississippi."
}
```
2025-12-25 11:30:22,669 - mississippi - INFO - Parsed PolicyResponse: policy={'texas': [0.5, 0.5]} explanation='The selected state, Texas, has a significant daily inflow into Mississippi (35,978 on average over the past 21 days). Texas also has a relatively high infectious density (E+I)/Population = (9238 + 15190) / 20856479 「 0.00117. Implementing a targeted inbound screening policy for travelers from Texas can effectively capture and convert a substantial number of hidden infections (E and I) to Q-status, reducing the risk of disease importation into Mississippi. While Arizona and Virginia also have high inflows, their infectious densities are lower compared to Texas. Therefore, targeting Texas strikes a balance between high inflow and high infectious density, maximizing the detection utility and minimizing the cumulative confirmed cases and deaths in Mississippi.'
2025-12-25 11:30:50,885 - mississippi - INFO - Region Agent mississippi - Iteration 17 / 18: Starting policy decision process.
2025-12-25 11:30:50,886 - mississippi - INFO - Region user prompt: For mississippi, you will be given the following information:

Epidemic and mobility information of this state are as follows:

SEIRD parameters:
- beta = 0.1777045562951643
- alpha = 0.0557887604960571
- gamma = 0.090291905
- mu = 0.0009705154342321424
- delta = 0.0671164839606214

Current population composition:
- S = 421252
- E = 93918
- I = 38966
- Q = 25281
- R = 196432
- D = 4538

Other origin states:
1. arizona
   - Avg past 21-day population composition: S=8522118, E=117479, I=7472, Q=172378, R=253748, D=5194
   - Avg past 21-day inflow: arizona=13145499, mississippi=2050, new mexico=28775, texas=42590, virginia=4029

2. new mexico
   - Avg past 21-day population composition: S=9774711, E=6248, I=1427, Q=16121, R=74111, D=485
   - Avg past 21-day inflow: arizona=43462, mississippi=1293, new mexico=3435281, texas=129254, virginia=1197

3. texas
   - Avg past 21-day population composition: S=19912601, E=10620, I=17795, Q=101695, R=604181, D=7760
   - Avg past 21-day inflow: arizona=50257, mississippi=35622, new mexico=73550, texas=59303116, virginia=20129

4. virginia
   - Avg past 21-day population composition: S=7961279, E=91203, I=21615, Q=145474, R=912417, D=2639
   - Avg past 21-day inflow: arizona=6592, mississippi=3845, new mexico=1710, texas=23739, virginia=15261036

Please output the recommended traffic control policy in the required JSON format.
2025-12-25 11:31:06,623 - mississippi - INFO - Raw agent output:
```json
{
  "weekly_policy": {
      "restricted_state": "texas"
      },
  "global_guidance": "Texas has the highest average daily inflow into Mississippi (35,622) and a relatively high infectious density (E+I)/Population = (10,620+17,795)/20,054,382 = 0.0014. Implementing targeted inbound screening from Texas can capture a significant number of hidden infections (E and I) and convert them to Q-status, thereby reducing the risk of disease importation. While Arizona and Virginia also have high inflows, their infectious densities are lower, making Texas the optimal choice for intervention. This strategy balances the need to minimize cumulative confirmed cases and deaths in Mississippi while addressing the primary source of potential disease spread."
}
```
2025-12-25 11:31:06,623 - mississippi - INFO - Parsed PolicyResponse: policy={'texas': [0.5, 0.5]} explanation='Texas has the highest average daily inflow into Mississippi (35,622) and a relatively high infectious density (E+I)/Population = (10,620+17,795)/20,054,382 = 0.0014. Implementing targeted inbound screening from Texas can capture a significant number of hidden infections (E and I) and convert them to Q-status, thereby reducing the risk of disease importation. While Arizona and Virginia also have high inflows, their infectious densities are lower, making Texas the optimal choice for intervention. This strategy balances the need to minimize cumulative confirmed cases and deaths in Mississippi while addressing the primary source of potential disease spread.'
2025-12-25 11:31:40,638 - mississippi - INFO - Region Agent mississippi - Iteration 18 / 18: Starting policy decision process.
2025-12-25 11:31:40,639 - mississippi - INFO - Region user prompt: For mississippi, you will be given the following information:

Epidemic and mobility information of this state are as follows:

SEIRD parameters:
- beta = 0.1777045562951643
- alpha = 0.0557887604960571
- gamma = 0.090291905
- mu = 0.0008214390046085522
- delta = 0.0671164839606214

Current population composition:
- S = 469652
- E = 83450
- I = 33741
- Q = 24511
- R = 228625
- D = 4854

Other origin states:
1. arizona
   - Avg past 21-day population composition: S=8002664, E=138791, I=8820, Q=210053, R=320480, D=5218
   - Avg past 21-day inflow: arizona=12798149, mississippi=1891, new mexico=27828, texas=53906, virginia=5103

2. new mexico
   - Avg past 21-day population composition: S=10709650, E=8102, I=1835, Q=20598, R=90076, D=580
   - Avg past 21-day inflow: arizona=46636, mississippi=1937, new mexico=3247252, texas=141481, virginia=1410

3. texas
   - Avg past 21-day population composition: S=18940723, E=10088, I=16324, Q=104290, R=749697, D=8671
   - Avg past 21-day inflow: arizona=59869, mississippi=47560, new mexico=79862, texas=57427711, virginia=23877

4. virginia
   - Avg past 21-day population composition: S=7853006, E=100930, I=23918, Q=165635, R=1109326, D=2639
   - Avg past 21-day inflow: arizona=7210, mississippi=4629, new mexico=1614, texas=29515, virginia=14873036

Please output the recommended traffic control policy in the required JSON format.
2025-12-25 11:31:47,644 - mississippi - INFO - Raw agent output:
```json
{
  "weekly_policy": {
    "restricted_state": "texas"
  },
  "global_guidance": "Texas has the highest average daily inbound flow into Mississippi (47,560). The infectious density (E+I)/Population in Texas is 0.0006, which is relatively high compared to other states. Implementing a targeted inbound screening policy for travelers from Texas can significantly reduce the number of hidden infections (E and I) entering Mississippi, thereby minimizing the risk of disease importation. This intervention is expected to capture a substantial number of exposed and infected individuals, converting them to Q-status upon arrival, thus reducing the potential for further transmission within Mississippi. While Arizona and Virginia also have notable inflows, Texas presents the most significant risk due to its higher infectious density and volume of travelers."
}
```
2025-12-25 11:31:47,645 - mississippi - INFO - Parsed PolicyResponse: policy={'texas': [0.5, 0.5]} explanation='Texas has the highest average daily inbound flow into Mississippi (47,560). The infectious density (E+I)/Population in Texas is 0.0006, which is relatively high compared to other states. Implementing a targeted inbound screening policy for travelers from Texas can significantly reduce the number of hidden infections (E and I) entering Mississippi, thereby minimizing the risk of disease importation. This intervention is expected to capture a substantial number of exposed and infected individuals, converting them to Q-status upon arrival, thus reducing the potential for further transmission within Mississippi. While Arizona and Virginia also have notable inflows, Texas presents the most significant risk due to its higher infectious density and volume of travelers.'
