2025-12-25 11:19:43,899 - new mexico - INFO - Region Agent new mexico - Iteration 1 / 18: Starting policy decision process.
2025-12-25 11:19:43,899 - new mexico - INFO - Region user prompt: For new mexico, you will be given the following information:

Epidemic and mobility information of this state are as follows:

SEIRD parameters:
- beta = 0.1117782502495318
- alpha = 0.1853333987657855
- gamma = 0.1
- mu = 0.0
- delta = 0.9086749315713404

Current population composition:
- S = 2093484
- E = 816
- I = 1276
- Q = 959
- R = 265
- D = 29

Other origin states:
1. arizona
   - Avg past 21-day population composition: S=7272180, E=1952, I=962, Q=3319, R=186, D=118
   - Avg past 21-day inflow: arizona=9717467, mississippi=1551, new mexico=19529, texas=27907, virginia=3665

2. mississippi
   - Avg past 21-day population composition: S=2970629, E=906, I=1753, Q=2463, R=301, D=97
   - Avg past 21-day inflow: arizona=1194, mississippi=3987236, new mexico=942, texas=18479, virginia=2401

3. texas
   - Avg past 21-day population composition: S=28984537, E=927, I=327, Q=7619, R=2141, D=330
   - Avg past 21-day inflow: arizona=22661, mississippi=24412, new mexico=47170, texas=39820832, virginia=11782

4. virginia
   - Avg past 21-day population composition: S=8524995, E=1825, I=3189, Q=4825, R=540, D=145
   - Avg past 21-day inflow: arizona=3171, mississippi=2260, new mexico=1385, texas=13780, virginia=11423959

Please output the recommended traffic control policy in the required JSON format.
2025-12-25 11:19:53,731 - new mexico - INFO - Raw agent output:
```json
{
  "weekly_policy": {
      "restricted_state": "arizona"
      },
  "global_guidance": "The intervention targets Arizona due to its high infectious density (E+I)/Population and significant daily inbound flow into New Mexico. Arizona's infectious density is (1952+962)/(7272180+1952+962+3319+186+118) 「 0.00034, indicating a substantial risk of importing hidden infections. The estimated number of hidden infections (E and I) that can be detected and converted to Q-status through the screening is approximately 9717467 * 0.00034 * 0.9 「 3054. This targeted screening helps minimize the cumulative confirmed cases and deaths in New Mexico by reducing the influx of undetected infectious individuals. While Texas has a higher daily inbound flow, its lower infectious density (E+I)/Population makes it a less critical target compared to Arizona."
}
```
2025-12-25 11:19:53,732 - new mexico - INFO - Parsed PolicyResponse: policy={'arizona': [0.5, 0.5]} explanation="The intervention targets Arizona due to its high infectious density (E+I)/Population and significant daily inbound flow into New Mexico. Arizona's infectious density is (1952+962)/(7272180+1952+962+3319+186+118) 「 0.00034, indicating a substantial risk of importing hidden infections. The estimated number of hidden infections (E and I) that can be detected and converted to Q-status through the screening is approximately 9717467 * 0.00034 * 0.9 「 3054. This targeted screening helps minimize the cumulative confirmed cases and deaths in New Mexico by reducing the influx of undetected infectious individuals. While Texas has a higher daily inbound flow, its lower infectious density (E+I)/Population makes it a less critical target compared to Arizona."
2025-12-25 11:20:41,430 - new mexico - INFO - Region Agent new mexico - Iteration 2 / 18: Starting policy decision process.
2025-12-25 11:20:41,430 - new mexico - INFO - Region user prompt: For new mexico, you will be given the following information:

Epidemic and mobility information of this state are as follows:

SEIRD parameters:
- beta = 0.1117782502495318
- alpha = 0.1853333987657855
- gamma = 0.06304094999402533
- mu = 0.00039496364860652674
- delta = 0.9086749315713404

Current population composition:
- S = 2671892
- E = 630
- I = 133
- Q = 2078
- R = 2074
- D = 42

Other origin states:
1. arizona
   - Avg past 21-day population composition: S=7365719, E=2856, I=184, Q=4823, R=518, D=202
   - Avg past 21-day inflow: arizona=11371640, mississippi=1616, new mexico=25816, texas=33181, virginia=3902

2. mississippi
   - Avg past 21-day population composition: S=2925419, E=3323, I=1781, Q=1920, R=1633, D=153
   - Avg past 21-day inflow: arizona=1524, mississippi=5486976, new mexico=1230, texas=24904, virginia=3440

3. texas
   - Avg past 21-day population composition: S=28614342, E=782, I=1219, Q=9245, R=5192, D=446
   - Avg past 21-day inflow: arizona=27201, mississippi=31103, new mexico=69252, texas=48379264, virginia=15325

4. virginia
   - Avg past 21-day population composition: S=8525938, E=4054, I=987, Q=6792, R=4749, D=358
   - Avg past 21-day inflow: arizona=3345, mississippi=3005, new mexico=1552, texas=16423, virginia=13217229

Please output the recommended traffic control policy in the required JSON format.
2025-12-25 11:20:51,239 - new mexico - INFO - Raw agent output:
```json
{
  "weekly_policy": {
    "restricted_state": "mississippi"
  },
  "global_guidance": "Mississippi has the highest 'Infectious Density' (E+I)/Population among the origin states, with a value of 0.00066. This indicates a higher risk of importing hidden infections into New Mexico. The average daily inflow from Mississippi is relatively low (1230), but the potential impact of these travelers on New Mexico's epidemic situation is significant due to the high infectious density. Implementing a targeted inbound screening policy for Mississippi can effectively capture and convert a substantial number of exposed and infected individuals to Q-status, thereby reducing the risk of disease spread within New Mexico. This approach balances the need to minimize cumulative confirmed cases and deaths while avoiding over-targeting more obvious high-inflow states that might already be under scrutiny by other regions."
}
```
2025-12-25 11:20:51,240 - new mexico - INFO - Parsed PolicyResponse: policy={'mississippi': [0.5, 0.5]} explanation="Mississippi has the highest 'Infectious Density' (E+I)/Population among the origin states, with a value of 0.00066. This indicates a higher risk of importing hidden infections into New Mexico. The average daily inflow from Mississippi is relatively low (1230), but the potential impact of these travelers on New Mexico's epidemic situation is significant due to the high infectious density. Implementing a targeted inbound screening policy for Mississippi can effectively capture and convert a substantial number of exposed and infected individuals to Q-status, thereby reducing the risk of disease spread within New Mexico. This approach balances the need to minimize cumulative confirmed cases and deaths while avoiding over-targeting more obvious high-inflow states that might already be under scrutiny by other regions."
2025-12-25 11:21:29,107 - new mexico - INFO - Region Agent new mexico - Iteration 3 / 18: Starting policy decision process.
2025-12-25 11:21:29,107 - new mexico - INFO - Region user prompt: For new mexico, you will be given the following information:

Epidemic and mobility information of this state are as follows:

SEIRD parameters:
- beta = 0.1117782502495318
- alpha = 0.1853333987657855
- gamma = 0.06304094999614668
- mu = 0.0003953309794195802
- delta = 0.9086749315713404

Current population composition:
- S = 3248237
- E = 662
- I = 141
- Q = 1993
- R = 3861
- D = 56

Other origin states:
1. arizona
   - Avg past 21-day population composition: S=7519917, E=3993, I=253, Q=6087, R=1230, D=360
   - Avg past 21-day inflow: arizona=11633875, mississippi=1614, new mexico=28282, texas=35167, virginia=3673

2. mississippi
   - Avg past 21-day population composition: S=2849821, E=5706, I=2642, Q=1740, R=3296, D=219
   - Avg past 21-day inflow: arizona=1474, mississippi=5834803, new mexico=1233, texas=26190, virginia=3303

3. texas
   - Avg past 21-day population composition: S=28080864, E=1006, I=1557, Q=12070, R=11438, D=656
   - Avg past 21-day inflow: arizona=28967, mississippi=32701, new mexico=75115, texas=51352865, virginia=15964

4. virginia
   - Avg past 21-day population composition: S=8518265, E=5206, I=1212, Q=7572, R=11544, D=669
   - Avg past 21-day inflow: arizona=3556, mississippi=2877, new mexico=1594, texas=16543, virginia=13637675

Please output the recommended traffic control policy in the required JSON format.
2025-12-25 11:21:39,691 - new mexico - INFO - Raw agent output:
```json
{
  "weekly_policy": {
    "restricted_state": "mississippi"
  },
  "global_guidance": "Mississippi has the highest 'Infectious Density' (E+I)/Population among the origin states, with a value of 0.0011, indicating a significant risk of importing hidden infections. By implementing targeted screening on travelers from Mississippi, we can capture and convert approximately 80% of the exposed and infected individuals (E and I) to Q-status, effectively reducing the risk of disease spread in New Mexico. This strategy balances the need to minimize cumulative confirmed cases and deaths while avoiding overlap with other states' interventions, thus filling a critical gap in regional defense."
}
```
2025-12-25 11:21:39,692 - new mexico - INFO - Parsed PolicyResponse: policy={'mississippi': [0.5, 0.5]} explanation="Mississippi has the highest 'Infectious Density' (E+I)/Population among the origin states, with a value of 0.0011, indicating a significant risk of importing hidden infections. By implementing targeted screening on travelers from Mississippi, we can capture and convert approximately 80percent of the exposed and infected individuals (E and I) to Q-status, effectively reducing the risk of disease spread in New Mexico. This strategy balances the need to minimize cumulative confirmed cases and deaths while avoiding overlap with other states' interventions, thus filling a critical gap in regional defense."
2025-12-25 11:22:19,763 - new mexico - INFO - Region Agent new mexico - Iteration 4 / 18: Starting policy decision process.
2025-12-25 11:22:19,764 - new mexico - INFO - Region user prompt: For new mexico, you will be given the following information:

Epidemic and mobility information of this state are as follows:

SEIRD parameters:
- beta = 0.1117782502495318
- alpha = 0.1853333987657855
- gamma = 0.06304094999826802
- mu = 0.0003954377962876131
- delta = 0.9086749315713404

Current population composition:
- S = 3930969
- E = 744
- I = 162
- Q = 2078
- R = 5642
- D = 70

Other origin states:
1. arizona
   - Avg past 21-day population composition: S=7722769, E=5627, I=358, Q=8193, R=2725, D=648
   - Avg past 21-day inflow: arizona=12334093, mississippi=1920, new mexico=30253, texas=41317, virginia=3797

2. mississippi
   - Avg past 21-day population composition: S=2737779, E=9360, I=4421, Q=2372, R=5778, D=314
   - Avg past 21-day inflow: arizona=1596, mississippi=6201158, new mexico=1241, texas=30835, virginia=3307

3. texas
   - Avg past 21-day population composition: S=27331376, E=1266, I=1963, Q=15157, R=23365, D=1005
   - Avg past 21-day inflow: arizona=33250, mississippi=38622, new mexico=84392, texas=54356274, virginia=17393

4. virginia
   - Avg past 21-day population composition: S=8530598, E=6564, I=1533, Q=9467, R=22205, D=1097
   - Avg past 21-day inflow: arizona=4434, mississippi=3671, new mexico=1716, texas=19791, virginia=14133151

Please output the recommended traffic control policy in the required JSON format.
2025-12-25 11:22:26,487 - new mexico - INFO - Raw agent output:
```json
{
  "weekly_policy": {
      "restricted_state": "mississippi"
      },
  "global_guidance": "Mississippi has the highest 'Infectious Density' (E+I)/Population of 0.0057, indicating a significant risk of importing hidden infections. The estimated number of hidden infections (E and I) that can be captured through targeted screening is approximately 1241 * 0.0057 * 0.9 = 6.3 individuals over the 14-day period. While Texas has a higher inflow, its infectious density is lower, making Mississippi a more critical target for screening to minimize the risk of disease importation and protect New Mexico's population."
}
```
2025-12-25 11:22:26,488 - new mexico - INFO - Parsed PolicyResponse: policy={'mississippi': [0.5, 0.5]} explanation="Mississippi has the highest 'Infectious Density' (E+I)/Population of 0.0057, indicating a significant risk of importing hidden infections. The estimated number of hidden infections (E and I) that can be captured through targeted screening is approximately 1241 * 0.0057 * 0.9 = 6.3 individuals over the 14-day period. While Texas has a higher inflow, its infectious density is lower, making Mississippi a more critical target for screening to minimize the risk of disease importation and protect New Mexico's population."
2025-12-25 11:22:52,478 - new mexico - INFO - Region Agent new mexico - Iteration 5 / 18: Starting policy decision process.
2025-12-25 11:22:52,479 - new mexico - INFO - Region user prompt: For new mexico, you will be given the following information:

Epidemic and mobility information of this state are as follows:

SEIRD parameters:
- beta = 0.1117782502495318
- alpha = 0.1853333987657855
- gamma = 0.06304095000038937
- mu = 0.00039528388796844987
- delta = 0.9086749315713404

Current population composition:
- S = 4639594
- E = 870
- I = 191
- Q = 2348
- R = 7579
- D = 84

Other origin states:
1. arizona
   - Avg past 21-day population composition: S=7917411, E=7472, I=476, Q=10746, R=5110, D=1032
   - Avg past 21-day inflow: arizona=12544263, mississippi=2480, new mexico=36541, texas=52438, virginia=4525

2. mississippi
   - Avg past 21-day population composition: S=2569852, E=14200, I=6744, Q=3653, R=9474, D=451
   - Avg past 21-day inflow: arizona=1899, mississippi=6282009, new mexico=1324, texas=37780, virginia=4177

3. texas
   - Avg past 21-day population composition: S=26458711, E=1491, I=2333, Q=17369, R=39578, D=1414
   - Avg past 21-day inflow: arizona=42323, mississippi=47996, new mexico=101339, texas=56028179, virginia=21124

4. virginia
   - Avg past 21-day population composition: S=8601282, E=8242, I=1925, Q=11955, R=35622, D=1516
   - Avg past 21-day inflow: arizona=5988, mississippi=4364, new mexico=2080, texas=25397, virginia=14398916

Please output the recommended traffic control policy in the required JSON format.
2025-12-25 11:23:00,088 - new mexico - INFO - Raw agent output:
```json
{
  "weekly_policy": {
    "restricted_state": "mississippi"
  },
  "global_guidance": "Mississippi has the highest 'Infectious Density' (E+I)/Population of 0.0035 among the origin states, indicating a significant risk of importing hidden infections. The average daily inflow from Mississippi to New Mexico is 1324, which, when combined with the high infectious density, suggests a substantial number of exposed and infected individuals could be entering New Mexico. By implementing a targeted inbound screening policy for Mississippi, we can capture and convert approximately 90% of these hidden infections (E and I) to Q-status, significantly reducing the risk of disease spread within New Mexico. This approach also avoids targeting the more obvious high-risk state (Texas) and helps fill a gap in regional defense by focusing on a secondary but high-risk source."
}
```
2025-12-25 11:23:00,089 - new mexico - INFO - Parsed PolicyResponse: policy={'mississippi': [0.5, 0.5]} explanation="Mississippi has the highest 'Infectious Density' (E+I)/Population of 0.0035 among the origin states, indicating a significant risk of importing hidden infections. The average daily inflow from Mississippi to New Mexico is 1324, which, when combined with the high infectious density, suggests a substantial number of exposed and infected individuals could be entering New Mexico. By implementing a targeted inbound screening policy for Mississippi, we can capture and convert approximately 90percent of these hidden infections (E and I) to Q-status, significantly reducing the risk of disease spread within New Mexico. This approach also avoids targeting the more obvious high-risk state (Texas) and helps fill a gap in regional defense by focusing on a secondary but high-risk source."
2025-12-25 11:23:32,826 - new mexico - INFO - Region Agent new mexico - Iteration 6 / 18: Starting policy decision process.
2025-12-25 11:23:32,827 - new mexico - INFO - Region user prompt: For new mexico, you will be given the following information:

Epidemic and mobility information of this state are as follows:

SEIRD parameters:
- beta = 0.1117782502495318
- alpha = 0.1853333987657855
- gamma = 0.06304095000251071
- mu = 0.0003948695588207386
- delta = 0.9086749315713404

Current population composition:
- S = 5124994
- E = 1030
- I = 227
- Q = 2716
- R = 9794
- D = 98

Other origin states:
1. arizona
   - Avg past 21-day population composition: S=8107343, E=9634, I=615, Q=13745, R=8602, D=1505
   - Avg past 21-day inflow: arizona=12721796, mississippi=2607, new mexico=38678, texas=56414, virginia=5493

2. mississippi
   - Avg past 21-day population composition: S=2390375, E=20552, I=9773, Q=5440, R=15086, D=653
   - Avg past 21-day inflow: arizona=2382, mississippi=6511171, new mexico=1425, texas=39776, virginia=4198

3. texas
   - Avg past 21-day population composition: S=25694049, E=1672, I=2638, Q=18820, R=59478, D=1855
   - Avg past 21-day inflow: arizona=48951, mississippi=52561, new mexico=115020, texas=58274699, virginia=25244

4. virginia
   - Avg past 21-day population composition: S=8649790, E=10353, I=2417, Q=15119, R=52581, D=1883
   - Avg past 21-day inflow: arizona=6406, mississippi=4702, new mexico=2088, texas=25749, virginia=15056158

Please output the recommended traffic control policy in the required JSON format.
2025-12-25 11:23:39,432 - new mexico - INFO - Raw agent output:
```json
{
  "weekly_policy": {
      "restricted_state": "mississippi"
      },
  "global_guidance": "Mississippi has the highest Infectious Density (E+I)/Population among the origin states, indicating a significant risk of importing hidden infections. The average daily inflow from Mississippi to New Mexico is relatively low compared to other states, but the high risk justifies targeted screening. By implementing a 90% screening mandate on travelers from Mississippi, we can effectively capture and convert a substantial number of exposed and infected individuals to Q-status, thereby minimizing the cumulative confirmed cases and deaths in New Mexico. This targeted approach also helps avoid overwhelming resources by focusing on the highest-risk source, rather than spreading efforts across multiple states with lower risk profiles."
}
```
2025-12-25 11:23:39,432 - new mexico - INFO - Parsed PolicyResponse: policy={'mississippi': [0.5, 0.5]} explanation='Mississippi has the highest Infectious Density (E+I)/Population among the origin states, indicating a significant risk of importing hidden infections. The average daily inflow from Mississippi to New Mexico is relatively low compared to other states, but the high risk justifies targeted screening. By implementing a 90percent screening mandate on travelers from Mississippi, we can effectively capture and convert a substantial number of exposed and infected individuals to Q-status, thereby minimizing the cumulative confirmed cases and deaths in New Mexico. This targeted approach also helps avoid overwhelming resources by focusing on the highest-risk source, rather than spreading efforts across multiple states with lower risk profiles.'
2025-12-25 11:24:15,631 - new mexico - INFO - Region Agent new mexico - Iteration 7 / 18: Starting policy decision process.
2025-12-25 11:24:15,632 - new mexico - INFO - Region user prompt: For new mexico, you will be given the following information:

Epidemic and mobility information of this state are as follows:

SEIRD parameters:
- beta = 0.1117782502495318
- alpha = 0.1853333987657855
- gamma = 0.06304095000463207
- mu = 0.00039419562780104
- delta = 0.9086749315713404

Current population composition:
- S = 5233964
- E = 1160
- I = 250
- Q = 3158
- R = 12370
- D = 112

Other origin states:
1. arizona
   - Avg past 21-day population composition: S=8304411, E=12264, I=783, Q=17331, R=13400, D=2037
   - Avg past 21-day inflow: arizona=12691405, mississippi=2443, new mexico=41259, texas=57130, virginia=6387

2. mississippi
   - Avg past 21-day population composition: S=2119650, E=27719, I=13200, Q=7680, R=23240, D=935
   - Avg past 21-day inflow: arizona=2601, mississippi=6521022, new mexico=1605, texas=37844, virginia=4459

3. texas
   - Avg past 21-day population composition: S=25258115, E=1836, I=2926, Q=19879, R=82327, D=2312
   - Avg past 21-day inflow: arizona=49809, mississippi=60331, new mexico=132778, texas=57497200, virginia=26942

4. virginia
   - Avg past 21-day population composition: S=8647312, E=12999, I=3034, Q=19107, R=74023, D=2173
   - Avg past 21-day inflow: arizona=5763, mississippi=5376, new mexico=2165, texas=28512, virginia=15378004

Please output the recommended traffic control policy in the required JSON format.
2025-12-25 11:24:20,836 - new mexico - INFO - Raw agent output:
```json
{
  "weekly_policy": {
      "restricted_state": "mississippi"
      },
  "global_guidance": "Mississippi has the highest Infectious Density (E+I)/Population among the origin states, indicating a significant risk of importing hidden infections. Despite having a relatively low average daily inbound flow into New Mexico, the high infectious density justifies the need for targeted screening to capture and convert these hidden infections to Q-status, thereby reducing the risk of disease spread within New Mexico. This approach balances the need for effective detection with the practical constraints of implementing screening measures."
}
```
2025-12-25 11:24:20,837 - new mexico - INFO - Parsed PolicyResponse: policy={'mississippi': [0.5, 0.5]} explanation='Mississippi has the highest Infectious Density (E+I)/Population among the origin states, indicating a significant risk of importing hidden infections. Despite having a relatively low average daily inbound flow into New Mexico, the high infectious density justifies the need for targeted screening to capture and convert these hidden infections to Q-status, thereby reducing the risk of disease spread within New Mexico. This approach balances the need for effective detection with the practical constraints of implementing screening measures.'
2025-12-25 11:24:54,781 - new mexico - INFO - Region Agent new mexico - Iteration 8 / 18: Starting policy decision process.
2025-12-25 11:24:54,782 - new mexico - INFO - Region user prompt: For new mexico, you will be given the following information:

Epidemic and mobility information of this state are as follows:

SEIRD parameters:
- beta = 0.1117782502495318
- alpha = 0.1853333987657855
- gamma = 0.06304095000675342
- mu = 0.0003932634257665254
- delta = 0.9086749315713404

Current population composition:
- S = 5281030
- E = 1342
- I = 292
- Q = 3586
- R = 15323
- D = 126

Other origin states:
1. arizona
   - Avg past 21-day population composition: S=8588421, E=15782, I=1019, Q=21881, R=19747, D=2594
   - Avg past 21-day inflow: arizona=12227260, mississippi=2819, new mexico=41834, texas=54141, virginia=6789

2. mississippi
   - Avg past 21-day population composition: S=1740824, E=33529, I=15994, Q=9945, R=34306, D=1297
   - Avg past 21-day inflow: arizona=2337, mississippi=6371393, new mexico=1565, texas=36298, virginia=4848

3. texas
   - Avg past 21-day population composition: S=25151012, E=2019, I=3244, Q=21024, R=107726, D=2774
   - Avg past 21-day inflow: arizona=49331, mississippi=63448, new mexico=132369, texas=55946397, virginia=28822

4. virginia
   - Avg past 21-day population composition: S=8642974, E=16314, I=3808, Q=24114, R=101105, D=2377
   - Avg past 21-day inflow: arizona=5547, mississippi=6108, new mexico=2484, texas=29795, virginia=15359071

Please output the recommended traffic control policy in the required JSON format.
2025-12-25 11:25:03,807 - new mexico - INFO - Raw agent output:
```json
{
  "weekly_policy": {
    "restricted_state": "texas"
  },
  "global_guidance": "Texas has the highest average daily inbound flow into New Mexico (132,369) and a significant infectious density (E+I)/Population = (2019+3244)/(25151012+2019+3244+21024+107726+2774) 「 0.000217. Implementing targeted inbound screening from Texas can capture approximately 90% of the hidden infections (E and I) entering New Mexico, reducing the risk of undetected disease spread. While Arizona and Mississippi also have notable infectious densities, their lower inbound flows make them less critical targets compared to Texas. This policy aims to minimize cumulative confirmed cases and deaths by focusing on the largest and riskiest inbound flow."
}
```
2025-12-25 11:25:03,808 - new mexico - INFO - Parsed PolicyResponse: policy={'texas': [0.5, 0.5]} explanation='Texas has the highest average daily inbound flow into New Mexico (132,369) and a significant infectious density (E+I)/Population = (2019+3244)/(25151012+2019+3244+21024+107726+2774) 「 0.000217. Implementing targeted inbound screening from Texas can capture approximately 90percent of the hidden infections (E and I) entering New Mexico, reducing the risk of undetected disease spread. While Arizona and Mississippi also have notable infectious densities, their lower inbound flows make them less critical targets compared to Texas. This policy aims to minimize cumulative confirmed cases and deaths by focusing on the largest and riskiest inbound flow.'
2025-12-25 11:25:36,376 - new mexico - INFO - Region Agent new mexico - Iteration 9 / 18: Starting policy decision process.
2025-12-25 11:25:36,376 - new mexico - INFO - Region user prompt: For new mexico, you will be given the following information:

Epidemic and mobility information of this state are as follows:

SEIRD parameters:
- beta = 0.1117782502495318
- alpha = 0.1853333987657855
- gamma = 0.06304095000887476
- mu = 0.00039207479109571884
- delta = 0.9086749315713404

Current population composition:
- S = 5474347
- E = 1729
- I = 367
- Q = 4241
- R = 18718
- D = 147

Other origin states:
1. arizona
   - Avg past 21-day population composition: S=8808895, E=20444, I=1322, Q=27954, R=28049, D=3146
   - Avg past 21-day inflow: arizona=12326316, mississippi=2415, new mexico=34721, texas=49757, virginia=6475

2. mississippi
   - Avg past 21-day population composition: S=1376017, E=37124, I=17796, Q=11718, R=47978, D=1718
   - Avg past 21-day inflow: arizona=2348, mississippi=6369349, new mexico=1638, texas=33936, virginia=4413

3. texas
   - Avg past 21-day population composition: S=25115402, E=2205, I=3569, Q=22434, R=135716, D=3236
   - Avg past 21-day inflow: arizona=46103, mississippi=57006, new mexico=119576, texas=55789157, virginia=29507

4. virginia
   - Avg past 21-day population composition: S=8589710, E=20411, I=4764, Q=30331, R=135237, D=2507
   - Avg past 21-day inflow: arizona=6027, mississippi=5270, new mexico=2367, texas=27064, virginia=15109651

Please output the recommended traffic control policy in the required JSON format.
2025-12-25 11:25:44,236 - new mexico - INFO - Raw agent output:
```json
{
  "weekly_policy": {
    "restricted_state": "texas"
  },
  "global_guidance": "Texas has the highest average daily inbound flow into New Mexico (119,576), making it the most significant source of potential infections. The infectious density (E+I)/Population for Texas is (2205 + 3569) / 25,115,402 「 0.00023, which is relatively low compared to Mississippi but the sheer volume of travelers makes it a critical risk. Implementing a targeted screening on travelers from Texas could capture approximately 90% of the hidden infections (E and I) entering New Mexico, significantly reducing the risk of disease importation. This approach balances the need to minimize infections while avoiding overburdening the screening resources by targeting the highest volume state, rather than the highest density state like Mississippi."
}
```
2025-12-25 11:25:44,236 - new mexico - INFO - Parsed PolicyResponse: policy={'texas': [0.5, 0.5]} explanation='Texas has the highest average daily inbound flow into New Mexico (119,576), making it the most significant source of potential infections. The infectious density (E+I)/Population for Texas is (2205 + 3569) / 25,115,402 「 0.00023, which is relatively low compared to Mississippi but the sheer volume of travelers makes it a critical risk. Implementing a targeted screening on travelers from Texas could capture approximately 90percent of the hidden infections (E and I) entering New Mexico, significantly reducing the risk of disease importation. This approach balances the need to minimize infections while avoiding overburdening the screening resources by targeting the highest volume state, rather than the highest density state like Mississippi.'
2025-12-25 11:26:11,061 - new mexico - INFO - Region Agent new mexico - Iteration 10 / 18: Starting policy decision process.
2025-12-25 11:26:11,061 - new mexico - INFO - Region user prompt: For new mexico, you will be given the following information:

Epidemic and mobility information of this state are as follows:

SEIRD parameters:
- beta = 0.1117782502495318
- alpha = 0.1853333987657855
- gamma = 0.06304095001099612
- mu = 0.00039063206364745316
- delta = 0.9086749315713404

Current population composition:
- S = 5741976
- E = 2121
- I = 446
- Q = 5195
- R = 22837
- D = 175

Other origin states:
1. arizona
   - Avg past 21-day population composition: S=8909896, E=25969, I=1660, Q=35689, R=38853, D=3662
   - Avg past 21-day inflow: arizona=12204458, mississippi=2079, new mexico=30995, texas=44249, virginia=5239

2. mississippi
   - Avg past 21-day population composition: S=1093380, E=38461, I=18618, Q=12886, R=63545, D=2162
   - Avg past 21-day inflow: arizona=1984, mississippi=6404182, new mexico=1219, texas=31542, virginia=3879

3. texas
   - Avg past 21-day population composition: S=24994915, E=2400, I=3896, Q=23993, R=166380, D=3698
   - Avg past 21-day inflow: arizona=44848, mississippi=51070, new mexico=113536, texas=56021642, virginia=27574

4. virginia
   - Avg past 21-day population composition: S=8514330, E=25469, I=5949, Q=37999, R=178081, D=2580
   - Avg past 21-day inflow: arizona=6041, mississippi=4887, new mexico=2362, texas=25141, virginia=14714026

Please output the recommended traffic control policy in the required JSON format.
2025-12-25 11:26:25,487 - new mexico - INFO - Raw agent output:
```json
{
  "weekly_policy": {
    "restricted_state": "texas"
  },
  "global_guidance": "The selected state for targeted inbound screening is Texas. The Infectious Density (E+I)/Population for Texas is 0.00025, which is relatively high compared to other states. Texas also has the highest average daily inbound flow into New Mexico at 113,536, making it a significant source of potential infections. Implementing a rigorous 90% screening mandate on travelers from Texas is expected to capture a substantial number of hidden infections (E and I), converting them to Q-status upon arrival. This will help minimize the cumulative confirmed cases and deaths in New Mexico by reducing the risk of importing undetected infections. While Arizona and Virginia also have high infectious densities, their lower inbound flows make Texas the primary target for intervention."
}
```
2025-12-25 11:26:25,488 - new mexico - INFO - Parsed PolicyResponse: policy={'texas': [0.5, 0.5]} explanation='The selected state for targeted inbound screening is Texas. The Infectious Density (E+I)/Population for Texas is 0.00025, which is relatively high compared to other states. Texas also has the highest average daily inbound flow into New Mexico at 113,536, making it a significant source of potential infections. Implementing a rigorous 90percent screening mandate on travelers from Texas is expected to capture a substantial number of hidden infections (E and I), converting them to Q-status upon arrival. This will help minimize the cumulative confirmed cases and deaths in New Mexico by reducing the risk of importing undetected infections. While Arizona and Virginia also have high infectious densities, their lower inbound flows make Texas the primary target for intervention.'
2025-12-25 11:26:57,043 - new mexico - INFO - Region Agent new mexico - Iteration 11 / 18: Starting policy decision process.
2025-12-25 11:26:57,044 - new mexico - INFO - Region user prompt: For new mexico, you will be given the following information:

Epidemic and mobility information of this state are as follows:

SEIRD parameters:
- beta = 0.1117782502495318
- alpha = 0.1853333987657855
- gamma = 0.06304095001311746
- mu = 0.000388938077085825
- delta = 0.9086749315713404

Current population composition:
- S = 6338605
- E = 2699
- I = 569
- Q = 6451
- R = 27897
- D = 203

Other origin states:
1. arizona
   - Avg past 21-day population composition: S=8930455, E=32495, I=2069, Q=45152, R=52722, D=4111
   - Avg past 21-day inflow: arizona=12300752, mississippi=2383, new mexico=31002, texas=46652, virginia=5591

2. mississippi
   - Avg past 21-day population composition: S=840665, E=35334, I=17285, Q=13037, R=80069, D=2598
   - Avg past 21-day inflow: arizona=1831, mississippi=6393211, new mexico=1134, texas=29893, virginia=3963

3. texas
   - Avg past 21-day population composition: S=24693395, E=2625, I=4270, Q=25848, R=199839, D=4160
   - Avg past 21-day inflow: arizona=45155, mississippi=47740, new mexico=102177, texas=56597764, virginia=28749

4. virginia
   - Avg past 21-day population composition: S=8479541, E=31583, I=7384, Q=47404, R=231662, D=2617
   - Avg past 21-day inflow: arizona=6980, mississippi=5593, new mexico=2638, texas=28806, virginia=14873143

Please output the recommended traffic control policy in the required JSON format.
2025-12-25 11:27:06,118 - new mexico - INFO - Raw agent output:
```json
{
  "weekly_policy": {
    "restricted_state": "arizona"
  },
  "global_guidance": "The decision to target Arizona is based on a comprehensive evaluation of the risk profile and detection utility. Arizona has a significant 'Infectious Density' (E+I)/Population of 0.0059, which is relatively high compared to other states. Additionally, the average daily inbound flow from Arizona to New Mexico is 31,002, indicating a substantial number of potential hidden infections (E and I) that could be captured and converted to Q-status through the 90% screening mandate. This targeted approach aims to minimize the importation of hidden infections, thereby reducing the cumulative confirmed cases and deaths in New Mexico. While Texas also presents a high risk due to its large population and higher inflow, targeting Arizona fills a critical gap in regional defense without overlapping with the likely focus of other states, ensuring a balanced and effective strategy."
}
```
2025-12-25 11:27:06,118 - new mexico - INFO - Parsed PolicyResponse: policy={'arizona': [0.5, 0.5]} explanation="The decision to target Arizona is based on a comprehensive evaluation of the risk profile and detection utility. Arizona has a significant 'Infectious Density' (E+I)/Population of 0.0059, which is relatively high compared to other states. Additionally, the average daily inbound flow from Arizona to New Mexico is 31,002, indicating a substantial number of potential hidden infections (E and I) that could be captured and converted to Q-status through the 90percent screening mandate. This targeted approach aims to minimize the importation of hidden infections, thereby reducing the cumulative confirmed cases and deaths in New Mexico. While Texas also presents a high risk due to its large population and higher inflow, targeting Arizona fills a critical gap in regional defense without overlapping with the likely focus of other states, ensuring a balanced and effective strategy."
2025-12-25 11:27:36,811 - new mexico - INFO - Region Agent new mexico - Iteration 12 / 18: Starting policy decision process.
2025-12-25 11:27:36,812 - new mexico - INFO - Region user prompt: For new mexico, you will be given the following information:

Epidemic and mobility information of this state are as follows:

SEIRD parameters:
- beta = 0.1117782502495318
- alpha = 0.1853333987657855
- gamma = 0.06304095001523881
- mu = 0.00038699614960638736
- delta = 0.9086749315713404

Current population composition:
- S = 6824002
- E = 2622
- I = 573
- Q = 7486
- R = 34104
- D = 245

Other origin states:
1. arizona
   - Avg past 21-day population composition: S=8969940, E=40670, I=2585, Q=56880, R=70327, D=4474
   - Avg past 21-day inflow: arizona=12593850, mississippi=2059, new mexico=33023, texas=45336, virginia=5351

2. mississippi
   - Avg past 21-day population composition: S=681839, E=29008, I=14297, Q=11780, R=95939, D=2981
   - Avg past 21-day inflow: arizona=1898, mississippi=6433672, new mexico=1317, texas=31493, virginia=3517

3. texas
   - Avg past 21-day population composition: S=24076655, E=2798, I=4549, Q=27705, R=236291, D=4618
   - Avg past 21-day inflow: arizona=43694, mississippi=42933, new mexico=103286, texas=56938135, virginia=26283

4. virginia
   - Avg past 21-day population composition: S=8449656, E=38782, I=9073, Q=58636, R=298243, D=2634
   - Avg past 21-day inflow: arizona=5952, mississippi=4911, new mexico=2285, texas=26290, virginia=15100136

Please output the recommended traffic control policy in the required JSON format.
2025-12-25 11:27:44,036 - new mexico - INFO - Raw agent output:
```json
{
  "weekly_policy": {
    "restricted_state": "arizona"
  },
  "global_guidance": "Arizona has the highest average daily inbound flow into New Mexico (33,023) and a relatively high infectious density (E+I)/Population = (40670+2585)/8969940 「 0.00486. By implementing a targeted screening policy on travelers from Arizona, we can capture and convert approximately 90% of the exposed and infected individuals (E and I) to Q-status, significantly reducing the hidden infectious population entering New Mexico. This approach maximizes the detection utility while focusing on the primary source of risk, thus minimizing the cumulative confirmed cases and deaths in New Mexico over the next 14 days."
}
```
2025-12-25 11:27:44,037 - new mexico - INFO - Parsed PolicyResponse: policy={'arizona': [0.5, 0.5]} explanation='Arizona has the highest average daily inbound flow into New Mexico (33,023) and a relatively high infectious density (E+I)/Population = (40670+2585)/8969940 「 0.00486. By implementing a targeted screening policy on travelers from Arizona, we can capture and convert approximately 90percent of the exposed and infected individuals (E and I) to Q-status, significantly reducing the hidden infectious population entering New Mexico. This approach maximizes the detection utility while focusing on the primary source of risk, thus minimizing the cumulative confirmed cases and deaths in New Mexico over the next 14 days.'
2025-12-25 11:28:14,701 - new mexico - INFO - Region Agent new mexico - Iteration 13 / 18: Starting policy decision process.
2025-12-25 11:28:14,702 - new mexico - INFO - Region user prompt: For new mexico, you will be given the following information:

Epidemic and mobility information of this state are as follows:

SEIRD parameters:
- beta = 0.1117782502495318
- alpha = 0.1853333987657855
- gamma = 0.06304095001736017
- mu = 0.00038481007310605856
- delta = 0.9086749315713404

Current population composition:
- S = 7475182
- E = 2951
- I = 656
- Q = 8125
- R = 40958
- D = 287

Other origin states:
1. arizona
   - Avg past 21-day population composition: S=8981148, E=50920, I=3233, Q=71509, R=92556, D=4749
   - Avg past 21-day inflow: arizona=12775936, mississippi=1718, new mexico=30556, texas=45081, virginia=5287

2. mississippi
   - Avg past 21-day population composition: S=611221, E=27661, I=12194, Q=9988, R=109754, D=3283
   - Avg past 21-day inflow: arizona=1731, mississippi=6474992, new mexico=1372, texas=29713, virginia=3518

3. texas
   - Avg past 21-day population composition: S=23437431, E=2957, I=4769, Q=29020, R=275231, D=5062
   - Avg past 21-day inflow: arizona=44065, mississippi=39373, new mexico=99060, texas=57587273, virginia=24012

4. virginia
   - Avg past 21-day population composition: S=8371937, E=47121, I=11036, Q=71850, R=380235, D=2639
   - Avg past 21-day inflow: arizona=5618, mississippi=3822, new mexico=1787, texas=23716, virginia=15126464

Please output the recommended traffic control policy in the required JSON format.
2025-12-25 11:28:20,500 - new mexico - INFO - Raw agent output:
```json
{
  "weekly_policy": {
      "restricted_state": "arizona"
      },
  "global_guidance": "Arizona has the highest average daily inbound flow into New Mexico (30,556). Its infectious density (E+I)/Population is 0.0059, which is relatively high compared to other states. Implementing a targeted inbound screening policy on Arizona can capture a significant number of hidden infections (E and I) and convert them to Q-status, thereby reducing the risk of importing undetected cases into New Mexico. This approach balances the need to reduce disease importation while minimizing disruption to other inbound travel flows."
}
```
2025-12-25 11:28:20,501 - new mexico - INFO - Parsed PolicyResponse: policy={'arizona': [0.5, 0.5]} explanation='Arizona has the highest average daily inbound flow into New Mexico (30,556). Its infectious density (E+I)/Population is 0.0059, which is relatively high compared to other states. Implementing a targeted inbound screening policy on Arizona can capture a significant number of hidden infections (E and I) and convert them to Q-status, thereby reducing the risk of importing undetected cases into New Mexico. This approach balances the need to reduce disease importation while minimizing disruption to other inbound travel flows.'
2025-12-25 11:28:50,560 - new mexico - INFO - Region Agent new mexico - Iteration 14 / 18: Starting policy decision process.
2025-12-25 11:28:50,561 - new mexico - INFO - Region user prompt: For new mexico, you will be given the following information:

Epidemic and mobility information of this state are as follows:

SEIRD parameters:
- beta = 0.1117782502495318
- alpha = 0.1853333987657855
- gamma = 0.06304095001948151
- mu = 0.0003823841008462238
- delta = 0.9086749315713404

Current population composition:
- S = 8106748
- E = 3684
- I = 876
- Q = 9759
- R = 48723
- D = 333

Other origin states:
1. arizona
   - Avg past 21-day population composition: S=8992581, E=63462, I=4038, Q=89738, R=120529, D=4942
   - Avg past 21-day inflow: arizona=13101290, mississippi=2159, new mexico=32596, texas=51399, virginia=5679

2. mississippi
   - Avg past 21-day population composition: S=549078, E=40946, I=14772, Q=9760, R=121959, D=3520
   - Avg past 21-day inflow: arizona=1989, mississippi=6656709, new mexico=1497, texas=29421, virginia=3739

3. texas
   - Avg past 21-day population composition: S=22633261, E=5328, I=8693, Q=38776, R=319154, D=5511
   - Avg past 21-day inflow: arizona=47229, mississippi=39010, new mexico=99222, texas=59112431, virginia=24366

4. virginia
   - Avg past 21-day population composition: S=8255575, E=56380, I=13227, Q=86934, R=480125, D=2639
   - Avg past 21-day inflow: arizona=5800, mississippi=4112, new mexico=2025, texas=24277, virginia=15457936

Please output the recommended traffic control policy in the required JSON format.
2025-12-25 11:29:01,089 - new mexico - INFO - Raw agent output:
```json
{
  "weekly_policy": {
    "restricted_state": "arizona"
  },
  "global_guidance": "Arizona has the highest average daily inbound flow into New Mexico (32596) and a relatively high infectious density (E+I)/Population of 0.0113. Implementing targeted inbound screening on travelers from Arizona can capture a significant number of hidden infections (E and I), converting them to Q-status upon arrival. This approach minimizes the risk of importing undetected cases and helps reduce the cumulative confirmed cases and deaths in New Mexico over the next 14 days. While Texas has a higher infectious density, the volume of inbound travelers from Arizona is more substantial, making it a more critical target for intervention."
}
```
2025-12-25 11:29:01,089 - new mexico - INFO - Parsed PolicyResponse: policy={'arizona': [0.5, 0.5]} explanation='Arizona has the highest average daily inbound flow into New Mexico (32596) and a relatively high infectious density (E+I)/Population of 0.0113. Implementing targeted inbound screening on travelers from Arizona can capture a significant number of hidden infections (E and I), converting them to Q-status upon arrival. This approach minimizes the risk of importing undetected cases and helps reduce the cumulative confirmed cases and deaths in New Mexico over the next 14 days. While Texas has a higher infectious density, the volume of inbound travelers from Arizona is more substantial, making it a more critical target for intervention.'
2025-12-25 11:29:32,966 - new mexico - INFO - Region Agent new mexico - Iteration 15 / 18: Starting policy decision process.
2025-12-25 11:29:32,967 - new mexico - INFO - Region user prompt: For new mexico, you will be given the following information:

Epidemic and mobility information of this state are as follows:

SEIRD parameters:
- beta = 0.1117782502495318
- alpha = 0.1853333987657855
- gamma = 0.06304095002160287
- mu = 0.0003797229336652049
- delta = 0.9086749315713404

Current population composition:
- S = 8733677
- E = 4558
- I = 1031
- Q = 11974
- R = 58220
- D = 389

Other origin states:
1. arizona
   - Avg past 21-day population composition: S=8998284, E=78531, I=4998, Q=112237, R=155627, D=5070
   - Avg past 21-day inflow: arizona=13080168, mississippi=2109, new mexico=34666, texas=51916, virginia=5224

2. mississippi
   - Avg past 21-day population composition: S=502106, E=54817, I=20312, Q=12222, R=135520, D=3750
   - Avg past 21-day inflow: arizona=2279, mississippi=6606055, new mexico=1459, texas=30676, virginia=3551

3. texas
   - Avg past 21-day population composition: S=21772544, E=6674, I=11170, Q=60444, R=387786, D=6133
   - Avg past 21-day inflow: arizona=49267, mississippi=38445, new mexico=98410, texas=59134908, virginia=23381

4. virginia
   - Avg past 21-day population composition: S=8147285, E=66564, I=15652, Q=103838, R=600234, D=2639
   - Avg past 21-day inflow: arizona=6174, mississippi=4465, new mexico=2035, texas=24801, virginia=15326305

Please output the recommended traffic control policy in the required JSON format.
2025-12-25 11:29:48,121 - new mexico - INFO - Raw agent output:
```json
{
  "weekly_policy": {
    "restricted_state": "arizona"
  },
  "global_guidance": "Arizona has the highest infectious density (E+I)/Population among the origin states, with a significant number of exposed and infected individuals. Given the high average daily inbound flow from Arizona to New Mexico (34,666), implementing a targeted inbound screening policy will capture and convert a substantial number of hidden infections (E and I) to Q-status, thereby reducing the risk of disease importation. While Texas has a higher average daily inflow, its infectious density is lower compared to Arizona, making Arizona the more critical target for intervention."
}
```
2025-12-25 11:29:48,122 - new mexico - INFO - Parsed PolicyResponse: policy={'arizona': [0.5, 0.5]} explanation='Arizona has the highest infectious density (E+I)/Population among the origin states, with a significant number of exposed and infected individuals. Given the high average daily inbound flow from Arizona to New Mexico (34,666), implementing a targeted inbound screening policy will capture and convert a substantial number of hidden infections (E and I) to Q-status, thereby reducing the risk of disease importation. While Texas has a higher average daily inflow, its infectious density is lower compared to Arizona, making Arizona the more critical target for intervention.'
2025-12-25 11:30:22,670 - new mexico - INFO - Region Agent new mexico - Iteration 16 / 18: Starting policy decision process.
2025-12-25 11:30:22,671 - new mexico - INFO - Region user prompt: For new mexico, you will be given the following information:

Epidemic and mobility information of this state are as follows:

SEIRD parameters:
- beta = 0.1117782502495318
- alpha = 0.1853333987657855
- gamma = 0.06304095002372422
- mu = 0.00037683170480265135
- delta = 0.9086749315713404

Current population composition:
- S = 9531691
- E = 5806
- I = 1362
- Q = 14994
- R = 69912
- D = 460

Other origin states:
1. arizona
   - Avg past 21-day population composition: S=8863069, E=96646, I=6148, Q=139548, R=199427, D=5149
   - Avg past 21-day inflow: arizona=13314477, mississippi=2086, new mexico=31372, texas=45426, virginia=4496

2. mississippi
   - Avg past 21-day population composition: S=470115, E=69589, I=26779, Q=16128, R=153145, D=4010
   - Avg past 21-day inflow: arizona=1918, mississippi=6631471, new mexico=1137, texas=28922, virginia=3545

3. texas
   - Avg past 21-day population composition: S=20856479, E=9238, I=15190, Q=75905, R=480390, D=6882
   - Avg past 21-day inflow: arizona=47112, mississippi=35978, new mexico=79863, texas=59397204, virginia=21662

4. virginia
   - Avg past 21-day population composition: S=8054511, E=78663, I=18612, Q=123181, R=743019, D=2639
   - Avg past 21-day inflow: arizona=6648, mississippi=4247, new mexico=1850, texas=25030, virginia=15466694

Please output the recommended traffic control policy in the required JSON format.
2025-12-25 11:30:30,330 - new mexico - INFO - Raw agent output:
```json
{
  "weekly_policy": {
    "restricted_state": "arizona"
  },
  "global_guidance": "Arizona has the highest average daily inbound flow into New Mexico (31,372) and a significant infectious density (E+I)/Population of 0.011. Implementing a targeted inbound screening policy on travelers from Arizona can capture and convert approximately 2,823 hidden infections (E and I) to Q-status over the next 14 days, significantly reducing the risk of disease importation. While Texas also has a high infectious density, its baseline flow into New Mexico is lower (7,986), making Arizona a more critical target for intervention."
}
```
2025-12-25 11:30:30,331 - new mexico - INFO - Parsed PolicyResponse: policy={'arizona': [0.5, 0.5]} explanation='Arizona has the highest average daily inbound flow into New Mexico (31,372) and a significant infectious density (E+I)/Population of 0.011. Implementing a targeted inbound screening policy on travelers from Arizona can capture and convert approximately 2,823 hidden infections (E and I) to Q-status over the next 14 days, significantly reducing the risk of disease importation. While Texas also has a high infectious density, its baseline flow into New Mexico is lower (7,986), making Arizona a more critical target for intervention.'
2025-12-25 11:31:06,624 - new mexico - INFO - Region Agent new mexico - Iteration 17 / 18: Starting policy decision process.
2025-12-25 11:31:06,625 - new mexico - INFO - Region user prompt: For new mexico, you will be given the following information:

Epidemic and mobility information of this state are as follows:

SEIRD parameters:
- beta = 0.1117782502495318
- alpha = 0.1853333987657855
- gamma = 0.06304095002584556
- mu = 0.0003737159634044114
- delta = 0.9086749315713404

Current population composition:
- S = 10433865
- E = 7498
- I = 1724
- Q = 18922
- R = 84719
- D = 549

Other origin states:
1. arizona
   - Avg past 21-day population composition: S=8522118, E=117479, I=7472, Q=172378, R=253748, D=5194
   - Avg past 21-day inflow: arizona=13145499, mississippi=2050, new mexico=28775, texas=42590, virginia=4029

2. mississippi
   - Avg past 21-day population composition: S=433819, E=86010, I=34655, Q=21166, R=176373, D=4307
   - Avg past 21-day inflow: arizona=1900, mississippi=6630556, new mexico=1129, texas=28405, virginia=3183

3. texas
   - Avg past 21-day population composition: S=19912601, E=10620, I=17795, Q=101695, R=604181, D=7760
   - Avg past 21-day inflow: arizona=50257, mississippi=35622, new mexico=73550, texas=59303116, virginia=20129

4. virginia
   - Avg past 21-day population composition: S=7961279, E=91203, I=21615, Q=145474, R=912417, D=2639
   - Avg past 21-day inflow: arizona=6592, mississippi=3845, new mexico=1710, texas=23739, virginia=15261036

Please output the recommended traffic control policy in the required JSON format.
2025-12-25 11:31:14,450 - new mexico - INFO - Raw agent output:
```json
{
  "weekly_policy": {
    "restricted_state": "arizona"
  },
  "global_guidance": "Arizona has the highest average daily inbound flow into New Mexico (13145499) and a relatively high infectious density (E+I)/Population = (117479 + 7472) / 8522118 = 0.0144. Implementing a targeted inbound screening policy on Arizona will capture approximately 90% of the hidden infections (E and I) among the inbound travelers, significantly reducing the risk of disease importation. While Texas also has a high inbound flow, its infectious density is lower (0.0014), making Arizona a more critical target for intervention. This approach balances the need to minimize cumulative confirmed cases and deaths in New Mexico while effectively managing the systemic risk of disease importation."
}
```
2025-12-25 11:31:14,450 - new mexico - INFO - Parsed PolicyResponse: policy={'arizona': [0.5, 0.5]} explanation='Arizona has the highest average daily inbound flow into New Mexico (13145499) and a relatively high infectious density (E+I)/Population = (117479 + 7472) / 8522118 = 0.0144. Implementing a targeted inbound screening policy on Arizona will capture approximately 90percent of the hidden infections (E and I) among the inbound travelers, significantly reducing the risk of disease importation. While Texas also has a high inbound flow, its infectious density is lower (0.0014), making Arizona a more critical target for intervention. This approach balances the need to minimize cumulative confirmed cases and deaths in New Mexico while effectively managing the systemic risk of disease importation.'
2025-12-25 11:31:47,645 - new mexico - INFO - Region Agent new mexico - Iteration 18 / 18: Starting policy decision process.
2025-12-25 11:31:47,646 - new mexico - INFO - Region user prompt: For new mexico, you will be given the following information:

Epidemic and mobility information of this state are as follows:

SEIRD parameters:
- beta = 0.1117782502495318
- alpha = 0.1853333987657855
- gamma = 0.06304095002796692
- mu = 0.0003703816567820574
- delta = 0.9086749315713404

Current population composition:
- S = 11425844
- E = 9337
- I = 2089
- Q = 24421
- R = 103691
- D = 661

Other origin states:
1. arizona
   - Avg past 21-day population composition: S=8002664, E=138791, I=8820, Q=210053, R=320480, D=5218
   - Avg past 21-day inflow: arizona=12798149, mississippi=1891, new mexico=27828, texas=53906, virginia=5103

2. mississippi
   - Avg past 21-day population composition: S=426906, E=85797, I=35181, Q=24937, R=205845, D=4630
   - Avg past 21-day inflow: arizona=2184, mississippi=6318817, new mexico=1008, texas=38606, virginia=4148

3. texas
   - Avg past 21-day population composition: S=18940723, E=10088, I=16324, Q=104290, R=749697, D=8671
   - Avg past 21-day inflow: arizona=59869, mississippi=47560, new mexico=79862, texas=57427711, virginia=23877

4. virginia
   - Avg past 21-day population composition: S=7853006, E=100930, I=23918, Q=165635, R=1109326, D=2639
   - Avg past 21-day inflow: arizona=7210, mississippi=4629, new mexico=1614, texas=29515, virginia=14873036

Please output the recommended traffic control policy in the required JSON format.
2025-12-25 11:31:55,935 - new mexico - INFO - Raw agent output:
```json
{
  "weekly_policy": {
    "restricted_state": "arizona"
  },
  "global_guidance": "Arizona has the highest average daily inbound flow into New Mexico (27,828) and a significant infectious density (E+I)/Population = (138,791 + 8,820) / (8,002,664 + 138,791 + 8,820 + 210,053 + 320,480 + 5,218) 「 0.018. Implementing a targeted inbound screening on Arizona will capture approximately 90% of the hidden infections (E and I) entering New Mexico, reducing the risk of disease importation. This intervention is critical to minimize cumulative confirmed cases and deaths while balancing the need to manage high-risk inbound traffic."
}
```
2025-12-25 11:31:55,936 - new mexico - INFO - Parsed PolicyResponse: policy={'arizona': [0.5, 0.5]} explanation='Arizona has the highest average daily inbound flow into New Mexico (27,828) and a significant infectious density (E+I)/Population = (138,791 + 8,820) / (8,002,664 + 138,791 + 8,820 + 210,053 + 320,480 + 5,218) 「 0.018. Implementing a targeted inbound screening on Arizona will capture approximately 90percent of the hidden infections (E and I) entering New Mexico, reducing the risk of disease importation. This intervention is critical to minimize cumulative confirmed cases and deaths while balancing the need to manage high-risk inbound traffic.'
