2025-12-25 11:20:09,404 - virginia - INFO - Region Agent virginia - Iteration 1 / 18: Starting policy decision process.
2025-12-25 11:20:09,404 - virginia - INFO - Region user prompt: For virginia, you will be given the following information:

Epidemic and mobility information of this state are as follows:

SEIRD parameters:
- beta = 0.1916503060909957
- alpha = 0.1636446530789299
- gamma = 0.1
- mu = 0.0
- delta = 0.68254039242497

Current population composition:
- S = 8524995
- E = 1825
- I = 3189
- Q = 4825
- R = 540
- D = 145

Other origin states:
1. arizona
   - Avg past 21-day population composition: S=7272180, E=1952, I=962, Q=3319, R=186, D=118
   - Avg past 21-day inflow: arizona=9717467, mississippi=1551, new mexico=19529, texas=27907, virginia=3665

2. mississippi
   - Avg past 21-day population composition: S=2970629, E=906, I=1753, Q=2463, R=301, D=97
   - Avg past 21-day inflow: arizona=1194, mississippi=3987236, new mexico=942, texas=18479, virginia=2401

3. new mexico
   - Avg past 21-day population composition: S=2093484, E=816, I=1276, Q=959, R=265, D=29
   - Avg past 21-day inflow: arizona=14511, mississippi=1425, new mexico=2776969, texas=84217, virginia=1004

4. texas
   - Avg past 21-day population composition: S=28984537, E=927, I=327, Q=7619, R=2141, D=330
   - Avg past 21-day inflow: arizona=22661, mississippi=24412, new mexico=47170, texas=39820832, virginia=11782

Please output the recommended traffic control policy in the required JSON format.
2025-12-25 11:20:21,831 - virginia - INFO - Raw agent output:
```json
{
  "weekly_policy": {
      "restricted_state": "arizona"
      },
  "global_guidance": "The decision to target Arizona for inbound screening is based on its high infectious density (E+I)/Population and significant daily inflow into Virginia. Arizona's infectious density is (1952+962)/(7272180+1952+962+3319+186+118) 「 0.00039, which is higher than Mississippi (0.00073), New Mexico (0.00100), and Texas (0.00004). The estimated number of hidden infections (E and I) that can be detected and converted to Q-status via screening is approximately 9717467 * 0.00039 * 0.9 「 3457. This intervention aims to minimize the importation of hidden infections, thereby reducing the risk of community spread in Virginia. While Texas has a higher inflow, its lower infectious density makes it a less critical target compared to Arizona, which balances both high risk and significant travel volume."
}
```
2025-12-25 11:20:21,832 - virginia - INFO - Parsed PolicyResponse: policy={'arizona': [0.5, 0.5]} explanation="The decision to target Arizona for inbound screening is based on its high infectious density (E+I)/Population and significant daily inflow into Virginia. Arizona's infectious density is (1952+962)/(7272180+1952+962+3319+186+118) 「 0.00039, which is higher than Mississippi (0.00073), New Mexico (0.00100), and Texas (0.00004). The estimated number of hidden infections (E and I) that can be detected and converted to Q-status via screening is approximately 9717467 * 0.00039 * 0.9 「 3457. This intervention aims to minimize the importation of hidden infections, thereby reducing the risk of community spread in Virginia. While Texas has a higher inflow, its lower infectious density makes it a less critical target compared to Arizona, which balances both high risk and significant travel volume."
2025-12-25 11:20:58,046 - virginia - INFO - Region Agent virginia - Iteration 2 / 18: Starting policy decision process.
2025-12-25 11:20:58,046 - virginia - INFO - Region user prompt: For virginia, you will be given the following information:

Epidemic and mobility information of this state are as follows:

SEIRD parameters:
- beta = 0.1916503060909957
- alpha = 0.1636446530789299
- gamma = 0.09065305
- mu = 0.004203955798654316
- delta = 0.68254039242497

Current population composition:
- S = 8520931
- E = 4863
- I = 1134
- Q = 7062
- R = 8738
- D = 548

Other origin states:
1. arizona
   - Avg past 21-day population composition: S=7365719, E=2856, I=184, Q=4823, R=518, D=202
   - Avg past 21-day inflow: arizona=11371640, mississippi=1616, new mexico=25816, texas=33181, virginia=3902

2. mississippi
   - Avg past 21-day population composition: S=2925419, E=3323, I=1781, Q=1920, R=1633, D=153
   - Avg past 21-day inflow: arizona=1524, mississippi=5486976, new mexico=1230, texas=24904, virginia=3440

3. new mexico
   - Avg past 21-day population composition: S=2396029, E=692, I=149, Q=2128, R=1201, D=35
   - Avg past 21-day inflow: arizona=18891, mississippi=1902, new mexico=3323857, texas=117318, virginia=1118

4. texas
   - Avg past 21-day population composition: S=28614342, E=782, I=1219, Q=9245, R=5192, D=446
   - Avg past 21-day inflow: arizona=27201, mississippi=31103, new mexico=69252, texas=48379264, virginia=15325

Please output the recommended traffic control policy in the required JSON format.
2025-12-25 11:21:07,008 - virginia - INFO - Raw agent output:
```json
{
  "weekly_policy": {
    "restricted_state": "mississippi"
  },
  "global_guidance": "Mississippi has the highest infectious density (E+I)/Population among the origin states, indicating a significant risk of importing hidden infections into Virginia. By implementing targeted inbound screening from Mississippi, we can capture and convert approximately 34% of the incoming E and I individuals to Q-status, effectively reducing the number of hidden infections entering our state. This approach balances the need to minimize disease importation while avoiding over-concentration on the most obvious high-risk state, which could lead to gaps in regional defense."
}
```
2025-12-25 11:21:07,008 - virginia - INFO - Parsed PolicyResponse: policy={'mississippi': [0.5, 0.5]} explanation='Mississippi has the highest infectious density (E+I)/Population among the origin states, indicating a significant risk of importing hidden infections into Virginia. By implementing targeted inbound screening from Mississippi, we can capture and convert approximately 34percent of the incoming E and I individuals to Q-status, effectively reducing the number of hidden infections entering our state. This approach balances the need to minimize disease importation while avoiding over-concentration on the most obvious high-risk state, which could lead to gaps in regional defense.'
2025-12-25 11:21:50,505 - virginia - INFO - Region Agent virginia - Iteration 3 / 18: Starting policy decision process.
2025-12-25 11:21:50,505 - virginia - INFO - Region user prompt: For virginia, you will be given the following information:

Epidemic and mobility information of this state are as follows:

SEIRD parameters:
- beta = 0.1916503060909957
- alpha = 0.1636446530789299
- gamma = 0.09065305
- mu = 0.0035825216323153767
- delta = 0.68254039242497

Current population composition:
- S = 8520026
- E = 6124
- I = 1431
- Q = 8814
- R = 18671
- D = 974

Other origin states:
1. arizona
   - Avg past 21-day population composition: S=7519917, E=3993, I=253, Q=6087, R=1230, D=360
   - Avg past 21-day inflow: arizona=11633875, mississippi=1614, new mexico=28282, texas=35167, virginia=3673

2. mississippi
   - Avg past 21-day population composition: S=2849821, E=5706, I=2642, Q=1740, R=3296, D=219
   - Avg past 21-day inflow: arizona=1474, mississippi=5834803, new mexico=1233, texas=26190, virginia=3303

3. new mexico
   - Avg past 21-day population composition: S=2829363, E=646, I=135, Q=2050, R=2583, D=46
   - Avg past 21-day inflow: arizona=19789, mississippi=1821, new mexico=3427556, texas=124957, virginia=1199

4. texas
   - Avg past 21-day population composition: S=28080864, E=1006, I=1557, Q=12070, R=11438, D=656
   - Avg past 21-day inflow: arizona=28967, mississippi=32701, new mexico=75115, texas=51352865, virginia=15964

Please output the recommended traffic control policy in the required JSON format.
2025-12-25 11:22:02,483 - virginia - INFO - Raw agent output:
```json
{
  "weekly_policy": {
    "restricted_state": "mississippi"
  },
  "global_guidance": "Mississippi has the highest 'Infectious Density' (E+I)/Population among the origin states, indicating a significant risk of importing hidden infections. The average daily inflow from Mississippi to Virginia is 3303, which is substantial enough to warrant targeted screening. By implementing a rigorous 90% screening mandate, we can expect to capture and convert a significant number of exposed and infected individuals to Q-status, thereby reducing the risk of disease spread within Virginia. This approach balances the need to minimize cumulative confirmed cases and deaths while addressing the systemic risk of disease importation from a high-risk state."
}
```
2025-12-25 11:22:02,483 - virginia - INFO - Parsed PolicyResponse: policy={'mississippi': [0.5, 0.5]} explanation="Mississippi has the highest 'Infectious Density' (E+I)/Population among the origin states, indicating a significant risk of importing hidden infections. The average daily inflow from Mississippi to Virginia is 3303, which is substantial enough to warrant targeted screening. By implementing a rigorous 90percent screening mandate, we can expect to capture and convert a significant number of exposed and infected individuals to Q-status, thereby reducing the risk of disease spread within Virginia. This approach balances the need to minimize cumulative confirmed cases and deaths while addressing the systemic risk of disease importation from a high-risk state."
2025-12-25 11:22:32,675 - virginia - INFO - Region Agent virginia - Iteration 4 / 18: Starting policy decision process.
2025-12-25 11:22:32,675 - virginia - INFO - Region user prompt: For virginia, you will be given the following information:

Epidemic and mobility information of this state are as follows:

SEIRD parameters:
- beta = 0.1916503060909957
- alpha = 0.1636446530789299
- gamma = 0.09065305
- mu = 0.002725652647274652
- delta = 0.68254039242497

Current population composition:
- S = 8570807
- E = 7679
- I = 1795
- Q = 11121
- R = 31158
- D = 1404

Other origin states:
1. arizona
   - Avg past 21-day population composition: S=7722769, E=5627, I=358, Q=8193, R=2725, D=648
   - Avg past 21-day inflow: arizona=12334093, mississippi=1920, new mexico=30253, texas=41317, virginia=3797

2. mississippi
   - Avg past 21-day population composition: S=2737779, E=9360, I=4421, Q=2372, R=5778, D=314
   - Avg past 21-day inflow: arizona=1596, mississippi=6201158, new mexico=1241, texas=30835, virginia=3307

3. new mexico
   - Avg past 21-day population composition: S=3426731, E=681, I=145, Q=2015, R=4367, D=60
   - Avg past 21-day inflow: arizona=23793, mississippi=1984, new mexico=3538501, texas=136934, virginia=1155

4. texas
   - Avg past 21-day population composition: S=27331376, E=1266, I=1963, Q=15157, R=23365, D=1005
   - Avg past 21-day inflow: arizona=33250, mississippi=38622, new mexico=84392, texas=54356274, virginia=17393

Please output the recommended traffic control policy in the required JSON format.
2025-12-25 11:22:38,860 - virginia - INFO - Raw agent output:
```json
{
  "weekly_policy": {
      "restricted_state": "mississippi"
      },
  "global_guidance": "Mississippi has the highest 'Infectious Density' (E+I)/Population among the origin states, indicating a higher risk of importing hidden infections. The past 14-day averages show Mississippi's E+I population is 13781, which is significantly higher compared to other states. By implementing a targeted inbound screening for Mississippi, we can capture and convert approximately 90% of these hidden infections (E and I) to Q-status, reducing the risk of disease spread within Virginia. This approach balances the need to minimize cumulative confirmed cases and deaths while strategically targeting a high-risk state, potentially filling a gap in regional defense."
}
```
2025-12-25 11:22:38,861 - virginia - INFO - Parsed PolicyResponse: policy={'mississippi': [0.5, 0.5]} explanation="Mississippi has the highest 'Infectious Density' (E+I)/Population among the origin states, indicating a higher risk of importing hidden infections. The past 14-day averages show Mississippi's E+I population is 13781, which is significantly higher compared to other states. By implementing a targeted inbound screening for Mississippi, we can capture and convert approximately 90percent of these hidden infections (E and I) to Q-status, reducing the risk of disease spread within Virginia. This approach balances the need to minimize cumulative confirmed cases and deaths while strategically targeting a high-risk state, potentially filling a gap in regional defense."
2025-12-25 11:23:08,906 - virginia - INFO - Region Agent virginia - Iteration 5 / 18: Starting policy decision process.
2025-12-25 11:23:08,907 - virginia - INFO - Region user prompt: For virginia, you will be given the following information:

Epidemic and mobility information of this state are as follows:

SEIRD parameters:
- beta = 0.1916503060909957
- alpha = 0.1636446530789299
- gamma = 0.09065305
- mu = 0.0018514125547102172
- delta = 0.68254039242497

Current population composition:
- S = 8654647
- E = 9656
- I = 2255
- Q = 14069
- R = 46933
- D = 1793

Other origin states:
1. arizona
   - Avg past 21-day population composition: S=7917411, E=7472, I=476, Q=10746, R=5110, D=1032
   - Avg past 21-day inflow: arizona=12544263, mississippi=2480, new mexico=36541, texas=52438, virginia=4525

2. mississippi
   - Avg past 21-day population composition: S=2569852, E=14200, I=6744, Q=3653, R=9474, D=451
   - Avg past 21-day inflow: arizona=1899, mississippi=6282009, new mexico=1324, texas=37780, virginia=4177

3. new mexico
   - Avg past 21-day population composition: S=4137797, E=780, I=169, Q=2157, R=6191, D=74
   - Avg past 21-day inflow: arizona=30727, mississippi=2180, new mexico=3593103, texas=158164, virginia=1190

4. texas
   - Avg past 21-day population composition: S=26458711, E=1491, I=2333, Q=17369, R=39578, D=1414
   - Avg past 21-day inflow: arizona=42323, mississippi=47996, new mexico=101339, texas=56028179, virginia=21124

Please output the recommended traffic control policy in the required JSON format.
2025-12-25 11:23:18,501 - virginia - INFO - Raw agent output:
```json
{
  "weekly_policy": {
    "restricted_state": "mississippi"
  },
  "global_guidance": "Mississippi has the highest Infectious Density (E+I)/Population among the origin states, with a value of (14200+6744)/(2569852+14200+6744+3653+9474+451) 「 0.0072. This is significantly higher than Arizona (0.0010), New Mexico (0.0005), and Texas (0.0002). By implementing targeted screening on travelers from Mississippi, we can capture and convert approximately 90% of the exposed and infected individuals entering Virginia. Given the average daily inflow of 4177 from Mississippi, this would result in capturing around 282 'hidden infections' (E and I) over the 14-day period, significantly reducing the risk of disease importation. While Texas has a higher absolute number of E and I, its population size dilutes the infectious density, making Mississippi a more critical target for intervention."
}
```
2025-12-25 11:23:18,502 - virginia - INFO - Parsed PolicyResponse: policy={'mississippi': [0.5, 0.5]} explanation="Mississippi has the highest Infectious Density (E+I)/Population among the origin states, with a value of (14200+6744)/(2569852+14200+6744+3653+9474+451) 「 0.0072. This is significantly higher than Arizona (0.0010), New Mexico (0.0005), and Texas (0.0002). By implementing targeted screening on travelers from Mississippi, we can capture and convert approximately 90percent of the exposed and infected individuals entering Virginia. Given the average daily inflow of 4177 from Mississippi, this would result in capturing around 282 'hidden infections' (E and I) over the 14-day period, significantly reducing the risk of disease importation. While Texas has a higher absolute number of E and I, its population size dilutes the infectious density, making Mississippi a more critical target for intervention."
2025-12-25 11:23:45,861 - virginia - INFO - Region Agent virginia - Iteration 6 / 18: Starting policy decision process.
2025-12-25 11:23:45,862 - virginia - INFO - Region user prompt: For virginia, you will be given the following information:

Epidemic and mobility information of this state are as follows:

SEIRD parameters:
- beta = 0.1916503060909957
- alpha = 0.1636446530789299
- gamma = 0.09065305
- mu = 0.0011227599357601058
- delta = 0.68254039242497

Current population composition:
- S = 8650075
- E = 12122
- I = 2830
- Q = 17784
- R = 66886
- D = 2108

Other origin states:
1. arizona
   - Avg past 21-day population composition: S=8107343, E=9634, I=615, Q=13745, R=8602, D=1505
   - Avg past 21-day inflow: arizona=12721796, mississippi=2607, new mexico=38678, texas=56414, virginia=5493

2. mississippi
   - Avg past 21-day population composition: S=2390375, E=20552, I=9773, Q=5440, R=15086, D=653
   - Avg past 21-day inflow: arizona=2382, mississippi=6511171, new mexico=1425, texas=39776, virginia=4198

3. new mexico
   - Avg past 21-day population composition: S=4761264, E=914, I=198, Q=2451, R=8208, D=88
   - Avg past 21-day inflow: arizona=31247, mississippi=1954, new mexico=3714782, texas=160356, virginia=1318

4. texas
   - Avg past 21-day population composition: S=25694049, E=1672, I=2638, Q=18820, R=59478, D=1855
   - Avg past 21-day inflow: arizona=48951, mississippi=52561, new mexico=115020, texas=58274699, virginia=25244

Please output the recommended traffic control policy in the required JSON format.
2025-12-25 11:23:53,866 - virginia - INFO - Raw agent output:
```json
{
  "weekly_policy": {
    "restricted_state": "mississippi"
  },
  "global_guidance": "Mississippi has the highest 'Infectious Density' (E+I)/Population among the origin states, indicating a higher risk of importing hidden infections into Virginia. The average daily inflow from Mississippi is moderate (4198), but the high density of exposed and infected individuals makes it a significant risk. Implementing targeted screening on travelers from Mississippi can effectively capture and convert a substantial number of hidden infections (E and I) to Q-status, thereby reducing the potential for disease spread within Virginia. This approach balances the need to minimize cumulative confirmed cases and deaths while avoiding overwhelming the screening resources by targeting a less risky state with higher inflow."
}
```
2025-12-25 11:23:53,867 - virginia - INFO - Parsed PolicyResponse: policy={'mississippi': [0.5, 0.5]} explanation="Mississippi has the highest 'Infectious Density' (E+I)/Population among the origin states, indicating a higher risk of importing hidden infections into Virginia. The average daily inflow from Mississippi is moderate (4198), but the high density of exposed and infected individuals makes it a significant risk. Implementing targeted screening on travelers from Mississippi can effectively capture and convert a substantial number of hidden infections (E and I) to Q-status, thereby reducing the potential for disease spread within Virginia. This approach balances the need to minimize cumulative confirmed cases and deaths while avoiding overwhelming the screening resources by targeting a less risky state with higher inflow."
2025-12-25 11:24:27,181 - virginia - INFO - Region Agent virginia - Iteration 7 / 18: Starting policy decision process.
2025-12-25 11:24:27,181 - virginia - INFO - Region user prompt: For virginia, you will be given the following information:

Epidemic and mobility information of this state are as follows:

SEIRD parameters:
- beta = 0.1916503060909957
- alpha = 0.1636446530789299
- gamma = 0.09065305
- mu = 0.0006078852659420187
- delta = 0.68254039242497

Current population composition:
- S = 8656625
- E = 15223
- I = 3555
- Q = 22461
- R = 92099
- D = 2335

Other origin states:
1. arizona
   - Avg past 21-day population composition: S=8304411, E=12264, I=783, Q=17331, R=13400, D=2037
   - Avg past 21-day inflow: arizona=12691405, mississippi=2443, new mexico=41259, texas=57130, virginia=6387

2. mississippi
   - Avg past 21-day population composition: S=2119650, E=27719, I=13200, Q=7680, R=23240, D=935
   - Avg past 21-day inflow: arizona=2601, mississippi=6521022, new mexico=1605, texas=37844, virginia=4459

3. new mexico
   - Avg past 21-day population composition: S=5169868, E=1068, I=232, Q=2844, R=10526, D=102
   - Avg past 21-day inflow: arizona=30278, mississippi=1651, new mexico=3781302, texas=162187, virginia=1534

4. texas
   - Avg past 21-day population composition: S=25258115, E=1836, I=2926, Q=19879, R=82327, D=2312
   - Avg past 21-day inflow: arizona=49809, mississippi=60331, new mexico=132778, texas=57497200, virginia=26942

Please output the recommended traffic control policy in the required JSON format.
2025-12-25 11:24:34,082 - virginia - INFO - Raw agent output:
```json
{
  "weekly_policy": {
    "restricted_state": "mississippi"
  },
  "global_guidance": "Mississippi has the highest 'Infectious Density' (E+I)/Population among the origin states, indicating a significant risk of importing hidden infections. The average daily inflow from Mississippi to Virginia is 4459, which is substantial enough to warrant targeted screening. By implementing a 90% screening mandate on travelers from Mississippi, we can effectively capture and convert a significant number of exposed and infected individuals to Q-status, thereby reducing the risk of disease spread within Virginia. This approach balances the need to minimize imported cases without overburdening the screening resources, as targeting a less risky state would yield fewer benefits."
}
```
2025-12-25 11:24:34,082 - virginia - INFO - Parsed PolicyResponse: policy={'mississippi': [0.5, 0.5]} explanation="Mississippi has the highest 'Infectious Density' (E+I)/Population among the origin states, indicating a significant risk of importing hidden infections. The average daily inflow from Mississippi to Virginia is 4459, which is substantial enough to warrant targeted screening. By implementing a 90percent screening mandate on travelers from Mississippi, we can effectively capture and convert a significant number of exposed and infected individuals to Q-status, thereby reducing the risk of disease spread within Virginia. This approach balances the need to minimize imported cases without overburdening the screening resources, as targeting a less risky state would yield fewer benefits."
2025-12-25 11:25:11,096 - virginia - INFO - Region Agent virginia - Iteration 8 / 18: Starting policy decision process.
2025-12-25 11:25:11,097 - virginia - INFO - Region user prompt: For virginia, you will be given the following information:

Epidemic and mobility information of this state are as follows:

SEIRD parameters:
- beta = 0.1916503060909957
- alpha = 0.1636446530789299
- gamma = 0.09065305
- mu = 0.0002938375771619782
- delta = 0.68254039242497

Current population composition:
- S = 8619901
- E = 19074
- I = 4454
- Q = 28300
- R = 123911
- D = 2483

Other origin states:
1. arizona
   - Avg past 21-day population composition: S=8588421, E=15782, I=1019, Q=21881, R=19747, D=2594
   - Avg past 21-day inflow: arizona=12227260, mississippi=2819, new mexico=41834, texas=54141, virginia=6789

2. mississippi
   - Avg past 21-day population composition: S=1740824, E=33529, I=15994, Q=9945, R=34306, D=1297
   - Avg past 21-day inflow: arizona=2337, mississippi=6371393, new mexico=1565, texas=36298, virginia=4848

3. new mexico
   - Avg past 21-day population composition: S=5249428, E=1217, I=262, Q=3271, R=13210, D=116
   - Avg past 21-day inflow: arizona=26540, mississippi=1570, new mexico=3686705, texas=149098, virginia=1704

4. texas
   - Avg past 21-day population composition: S=25151012, E=2019, I=3244, Q=21024, R=107726, D=2774
   - Avg past 21-day inflow: arizona=49331, mississippi=63448, new mexico=132369, texas=55946397, virginia=28822

Please output the recommended traffic control policy in the required JSON format.
2025-12-25 11:25:24,420 - virginia - INFO - Raw agent output:
```json
{
  "weekly_policy": {
    "restricted_state": "mississippi"
  },
  "global_guidance": "Mississippi has the highest 'Infectious Density' (E+I)/Population among the origin states, indicating a significant risk of importing hidden infections into Virginia. The average daily inflow from Mississippi is moderate (4848), making it feasible to implement a targeted screening policy without overwhelming resources. By enforcing a 90% screening mandate on travelers from Mississippi, we can effectively capture and convert a substantial number of exposed and infected individuals to Q-status, thereby reducing the risk of disease spread within Virginia. This approach also helps in filling a potential gap in regional defense by focusing on a high-risk but less obvious state compared to Texas, which might already be under scrutiny by other neighboring states."
}
```
2025-12-25 11:25:24,421 - virginia - INFO - Parsed PolicyResponse: policy={'mississippi': [0.5, 0.5]} explanation="Mississippi has the highest 'Infectious Density' (E+I)/Population among the origin states, indicating a significant risk of importing hidden infections into Virginia. The average daily inflow from Mississippi is moderate (4848), making it feasible to implement a targeted screening policy without overwhelming resources. By enforcing a 90percent screening mandate on travelers from Mississippi, we can effectively capture and convert a substantial number of exposed and infected individuals to Q-status, thereby reducing the risk of disease spread within Virginia. This approach also helps in filling a potential gap in regional defense by focusing on a high-risk but less obvious state compared to Texas, which might already be under scrutiny by other neighboring states."
2025-12-25 11:25:51,328 - virginia - INFO - Region Agent virginia - Iteration 9 / 18: Starting policy decision process.
2025-12-25 11:25:51,329 - virginia - INFO - Region user prompt: For virginia, you will be given the following information:

Epidemic and mobility information of this state are as follows:

SEIRD parameters:
- beta = 0.1916503060909957
- alpha = 0.1636446530789299
- gamma = 0.09065305
- mu = 0.00012680724265070315
- delta = 0.68254039242497

Current population composition:
- S = 8533862
- E = 23807
- I = 5559
- Q = 35473
- R = 163900
- D = 2568

Other origin states:
1. arizona
   - Avg past 21-day population composition: S=8808895, E=20444, I=1322, Q=27954, R=28049, D=3146
   - Avg past 21-day inflow: arizona=12326316, mississippi=2415, new mexico=34721, texas=49757, virginia=6475

2. mississippi
   - Avg past 21-day population composition: S=1376017, E=37124, I=17796, Q=11718, R=47978, D=1718
   - Avg past 21-day inflow: arizona=2348, mississippi=6369349, new mexico=1638, texas=33936, virginia=4413

3. new mexico
   - Avg past 21-day population composition: S=5332848, E=1463, I=310, Q=3757, R=16284, D=131
   - Avg past 21-day inflow: arizona=25111, mississippi=1408, new mexico=3618932, texas=142786, virginia=1914

4. texas
   - Avg past 21-day population composition: S=25115402, E=2205, I=3569, Q=22434, R=135716, D=3236
   - Avg past 21-day inflow: arizona=46103, mississippi=57006, new mexico=119576, texas=55789157, virginia=29507

Please output the recommended traffic control policy in the required JSON format.
2025-12-25 11:25:57,670 - virginia - INFO - Raw agent output:
```json
{
  "weekly_policy": {
    "restricted_state": "mississippi"
  },
  "global_guidance": "Mississippi has the highest 'Infectious Density' (E+I)/Population among the origin states, with a value of 0.0228. This indicates a significant risk of importing hidden infections. By implementing a targeted inbound screening policy for Mississippi, we can capture and convert approximately 4413 * 0.9 = 3971.7 hidden infections (E and I) to Q-status over the next 14 days. This approach helps minimize the cumulative confirmed cases and deaths in Virginia while addressing a key source of disease importation that may not be as heavily targeted by other states."
}
```
2025-12-25 11:25:57,670 - virginia - INFO - Parsed PolicyResponse: policy={'mississippi': [0.5, 0.5]} explanation="Mississippi has the highest 'Infectious Density' (E+I)/Population among the origin states, with a value of 0.0228. This indicates a significant risk of importing hidden infections. By implementing a targeted inbound screening policy for Mississippi, we can capture and convert approximately 4413 * 0.9 = 3971.7 hidden infections (E and I) to Q-status over the next 14 days. This approach helps minimize the cumulative confirmed cases and deaths in Virginia while addressing a key source of disease importation that may not be as heavily targeted by other states."
2025-12-25 11:26:31,866 - virginia - INFO - Region Agent virginia - Iteration 10 / 18: Starting policy decision process.
2025-12-25 11:26:31,866 - virginia - INFO - Region user prompt: For virginia, you will be given the following information:

Epidemic and mobility information of this state are as follows:

SEIRD parameters:
- beta = 0.1916503060909957
- alpha = 0.1636446530789299
- gamma = 0.09065305
- mu = 4.885756195017515e-05
- delta = 0.68254039242497

Current population composition:
- S = 8484304
- E = 29639
- I = 6930
- Q = 44368
- R = 213972
- D = 2611

Other origin states:
1. arizona
   - Avg past 21-day population composition: S=8909896, E=25969, I=1660, Q=35689, R=38853, D=3662
   - Avg past 21-day inflow: arizona=12204458, mississippi=2079, new mexico=30995, texas=44249, virginia=5239

2. mississippi
   - Avg past 21-day population composition: S=1093380, E=38461, I=18618, Q=12886, R=63545, D=2162
   - Avg past 21-day inflow: arizona=1984, mississippi=6404182, new mexico=1219, texas=31542, virginia=3879

3. new mexico
   - Avg past 21-day population composition: S=5537456, E=1826, I=386, Q=4511, R=19886, D=155
   - Avg past 21-day inflow: arizona=24321, mississippi=1410, new mexico=3591304, texas=139917, virginia=1327

4. texas
   - Avg past 21-day population composition: S=24994915, E=2400, I=3896, Q=23993, R=166380, D=3698
   - Avg past 21-day inflow: arizona=44848, mississippi=51070, new mexico=113536, texas=56021642, virginia=27574

Please output the recommended traffic control policy in the required JSON format.
2025-12-25 11:26:41,256 - virginia - INFO - Raw agent output:
```json
{
  "weekly_policy": {
    "restricted_state": "mississippi"
  },
  "global_guidance": "Mississippi has the highest 'Infectious Density' (E+I)/Population among the origin states, indicating a higher risk of importing hidden infections. By implementing targeted screening on travelers from Mississippi, we can capture and convert a significant number of exposed and infected individuals to Q-status, thereby reducing the risk of disease spread within Virginia. This approach also helps in filling a potential gap in regional defense, as other states might focus on different high-risk areas."
}
```
2025-12-25 11:26:41,256 - virginia - INFO - Parsed PolicyResponse: policy={'mississippi': [0.5, 0.5]} explanation="Mississippi has the highest 'Infectious Density' (E+I)/Population among the origin states, indicating a higher risk of importing hidden infections. By implementing targeted screening on travelers from Mississippi, we can capture and convert a significant number of exposed and infected individuals to Q-status, thereby reducing the risk of disease spread within Virginia. This approach also helps in filling a potential gap in regional defense, as other states might focus on different high-risk areas."
2025-12-25 11:27:13,705 - virginia - INFO - Region Agent virginia - Iteration 11 / 18: Starting policy decision process.
2025-12-25 11:27:13,706 - virginia - INFO - Region user prompt: For virginia, you will be given the following information:

Epidemic and mobility information of this state are as follows:

SEIRD parameters:
- beta = 0.1916503060909957
- alpha = 0.1636446530789299
- gamma = 0.09065305
- mu = 1.6806238832228274e-05
- delta = 0.68254039242497

Current population composition:
- S = 8475865
- E = 36496
- I = 8538
- Q = 55060
- R = 276387
- D = 2631

Other origin states:
1. arizona
   - Avg past 21-day population composition: S=8930455, E=32495, I=2069, Q=45152, R=52722, D=4111
   - Avg past 21-day inflow: arizona=12300752, mississippi=2383, new mexico=31002, texas=46652, virginia=5591

2. mississippi
   - Avg past 21-day population composition: S=840665, E=35334, I=17285, Q=13037, R=80069, D=2598
   - Avg past 21-day inflow: arizona=1831, mississippi=6393211, new mexico=1134, texas=29893, virginia=3963

3. new mexico
   - Avg past 21-day population composition: S=5910310, E=2280, I=481, Q=5541, R=24268, D=183
   - Avg past 21-day inflow: arizona=26310, mississippi=1338, new mexico=3560268, texas=145606, virginia=1293

4. texas
   - Avg past 21-day population composition: S=24693395, E=2625, I=4270, Q=25848, R=199839, D=4160
   - Avg past 21-day inflow: arizona=45155, mississippi=47740, new mexico=102177, texas=56597764, virginia=28749

Please output the recommended traffic control policy in the required JSON format.
2025-12-25 11:27:23,162 - virginia - INFO - Raw agent output:
```json
{
  "weekly_policy": {
    "restricted_state": "mississippi"
  },
  "global_guidance": "Mississippi has the highest Infectious Density (E+I)/Population among the origin states, with a value of (35334+17285)/(840665+35334+17285+13037+80069+2598) 「 0.062. This indicates a significant risk of importing hidden infections. The average daily inflow from Mississippi to Virginia is 3963, which is substantial enough to warrant targeted screening. By implementing a 90% screening mandate, we can expect to capture approximately 90% of the 35334 exposed and 17285 infected individuals, converting them to Q-status upon arrival. This proactive measure helps minimize the cumulative confirmed cases and deaths in Virginia, reducing the risk of disease importation and spread within the community. While Texas has a higher absolute number of cases, the relative risk from Mississippi is more critical, and targeting it fills a gap in regional defense by focusing on a high-risk but less obvious source."
}
```
2025-12-25 11:27:23,162 - virginia - INFO - Parsed PolicyResponse: policy={'mississippi': [0.5, 0.5]} explanation='Mississippi has the highest Infectious Density (E+I)/Population among the origin states, with a value of (35334+17285)/(840665+35334+17285+13037+80069+2598) 「 0.062. This indicates a significant risk of importing hidden infections. The average daily inflow from Mississippi to Virginia is 3963, which is substantial enough to warrant targeted screening. By implementing a 90percent screening mandate, we can expect to capture approximately 90percent of the 35334 exposed and 17285 infected individuals, converting them to Q-status upon arrival. This proactive measure helps minimize the cumulative confirmed cases and deaths in Virginia, reducing the risk of disease importation and spread within the community. While Texas has a higher absolute number of cases, the relative risk from Mississippi is more critical, and targeting it fills a gap in regional defense by focusing on a high-risk but less obvious source.'
2025-12-25 11:27:50,133 - virginia - INFO - Region Agent virginia - Iteration 12 / 18: Starting policy decision process.
2025-12-25 11:27:50,134 - virginia - INFO - Region user prompt: For virginia, you will be given the following information:

Epidemic and mobility information of this state are as follows:

SEIRD parameters:
- beta = 0.1916503060909957
- alpha = 0.1636446530789299
- gamma = 0.09065305
- mu = 5.161313962513845e-06
- delta = 0.68254039242497

Current population composition:
- S = 8400025
- E = 44543
- I = 10429
- Q = 67680
- R = 353472
- D = 2639

Other origin states:
1. arizona
   - Avg past 21-day population composition: S=8969940, E=40670, I=2585, Q=56880, R=70327, D=4474
   - Avg past 21-day inflow: arizona=12593850, mississippi=2059, new mexico=33023, texas=45336, virginia=5351

2. mississippi
   - Avg past 21-day population composition: S=681839, E=29008, I=14297, Q=11780, R=95939, D=2981
   - Avg past 21-day inflow: arizona=1898, mississippi=6433672, new mexico=1317, texas=31493, virginia=3517

3. new mexico
   - Avg past 21-day population composition: S=6460167, E=2584, I=562, Q=6786, R=29672, D=216
   - Avg past 21-day inflow: arizona=28122, mississippi=1297, new mexico=3587724, texas=149077, virginia=1361

4. texas
   - Avg past 21-day population composition: S=24076655, E=2798, I=4549, Q=27705, R=236291, D=4618
   - Avg past 21-day inflow: arizona=43694, mississippi=42933, new mexico=103286, texas=56938135, virginia=26283

Please output the recommended traffic control policy in the required JSON format.
2025-12-25 11:27:57,204 - virginia - INFO - Raw agent output:
```json
{
  "weekly_policy": {
    "restricted_state": "mississippi"
  },
  "global_guidance": "Mississippi has the highest Infectious Density (E+I)/Population among the origin states, indicating a higher risk of importing hidden infections. The average daily inflow from Mississippi to Virginia is 3517, which is significant enough to justify targeted screening. By implementing a 90% screening mandate, we can detect and convert a substantial number of exposed and infected individuals to Q-status, thereby reducing the risk of disease spread in Virginia. While Texas has a higher absolute number of infections, its population size and lower relative risk make it a less critical target compared to Mississippi."
}
```
2025-12-25 11:27:57,204 - virginia - INFO - Parsed PolicyResponse: policy={'mississippi': [0.5, 0.5]} explanation='Mississippi has the highest Infectious Density (E+I)/Population among the origin states, indicating a higher risk of importing hidden infections. The average daily inflow from Mississippi to Virginia is 3517, which is significant enough to justify targeted screening. By implementing a 90percent screening mandate, we can detect and convert a substantial number of exposed and infected individuals to Q-status, thereby reducing the risk of disease spread in Virginia. While Texas has a higher absolute number of infections, its population size and lower relative risk make it a less critical target compared to Mississippi.'
2025-12-25 11:28:27,064 - virginia - INFO - Region Agent virginia - Iteration 13 / 18: Starting policy decision process.
2025-12-25 11:28:27,064 - virginia - INFO - Region user prompt: For virginia, you will be given the following information:

Epidemic and mobility information of this state are as follows:

SEIRD parameters:
- beta = 0.1916503060909957
- alpha = 0.1636446530789299
- gamma = 0.09065305
- mu = 1.4151452970096705e-06
- delta = 0.68254039242497

Current population composition:
- S = 8292060
- E = 53501
- I = 12540
- Q = 82301
- R = 447803
- D = 2639

Other origin states:
1. arizona
   - Avg past 21-day population composition: S=8981148, E=50920, I=3233, Q=71509, R=92556, D=4749
   - Avg past 21-day inflow: arizona=12775936, mississippi=1718, new mexico=30556, texas=45081, virginia=5287

2. mississippi
   - Avg past 21-day population composition: S=611221, E=27661, I=12194, Q=9988, R=109754, D=3283
   - Avg past 21-day inflow: arizona=1731, mississippi=6474992, new mexico=1372, texas=29713, virginia=3518

3. new mexico
   - Avg past 21-day population composition: S=6992219, E=2699, I=587, Q=7657, R=36057, D=257
   - Avg past 21-day inflow: arizona=28008, mississippi=1016, new mexico=3611569, texas=146639, virginia=1472

4. texas
   - Avg past 21-day population composition: S=23437431, E=2957, I=4769, Q=29020, R=275231, D=5062
   - Avg past 21-day inflow: arizona=44065, mississippi=39373, new mexico=99060, texas=57587273, virginia=24012

Please output the recommended traffic control policy in the required JSON format.
2025-12-25 11:28:33,388 - virginia - INFO - Raw agent output:
```json
{
  "weekly_policy": {
      "restricted_state": "mississippi"
      },
  "global_guidance": "Mississippi has the highest Infectious Density (E+I)/Population among the origin states, indicating a higher risk of importing hidden infections. The average daily inflow from Mississippi to Virginia is moderate (3518), but the potential impact of these hidden infections is significant due to the high E and I values. By implementing targeted screening on travelers from Mississippi, we can detect and isolate a substantial number of exposed and infected individuals, reducing the risk of disease spread within Virginia. This approach also balances the need to manage high-risk sources without overwhelming the screening capacity."
}
```
2025-12-25 11:28:33,388 - virginia - INFO - Parsed PolicyResponse: policy={'mississippi': [0.5, 0.5]} explanation='Mississippi has the highest Infectious Density (E+I)/Population among the origin states, indicating a higher risk of importing hidden infections. The average daily inflow from Mississippi to Virginia is moderate (3518), but the potential impact of these hidden infections is significant due to the high E and I values. By implementing targeted screening on travelers from Mississippi, we can detect and isolate a substantial number of exposed and infected individuals, reducing the risk of disease spread within Virginia. This approach also balances the need to manage high-risk sources without overwhelming the screening capacity.'
2025-12-25 11:29:11,696 - virginia - INFO - Region Agent virginia - Iteration 14 / 18: Starting policy decision process.
2025-12-25 11:29:11,697 - virginia - INFO - Region user prompt: For virginia, you will be given the following information:

Epidemic and mobility information of this state are as follows:

SEIRD parameters:
- beta = 0.1916503060909957
- alpha = 0.1636446530789299
- gamma = 0.09065305
- mu = 3.464118933527709e-07
- delta = 0.68254039242497

Current population composition:
- S = 8177729
- E = 63538
- I = 14937
- Q = 98675
- R = 561659
- D = 2639

Other origin states:
1. arizona
   - Avg past 21-day population composition: S=8992581, E=63462, I=4038, Q=89738, R=120529, D=4942
   - Avg past 21-day inflow: arizona=13101290, mississippi=2159, new mexico=32596, texas=51399, virginia=5679

2. mississippi
   - Avg past 21-day population composition: S=549078, E=40946, I=14772, Q=9760, R=121959, D=3520
   - Avg past 21-day inflow: arizona=1989, mississippi=6656709, new mexico=1497, texas=29421, virginia=3739

3. new mexico
   - Avg past 21-day population composition: S=7652784, E=3163, I=710, Q=8598, R=43148, D=299
   - Avg past 21-day inflow: arizona=30633, mississippi=1120, new mexico=3686616, texas=151282, virginia=1936

4. texas
   - Avg past 21-day population composition: S=22633261, E=5328, I=8693, Q=38776, R=319154, D=5511
   - Avg past 21-day inflow: arizona=47229, mississippi=39010, new mexico=99222, texas=59112431, virginia=24366

Please output the recommended traffic control policy in the required JSON format.
2025-12-25 11:29:18,260 - virginia - INFO - Raw agent output:
```json
{
  "weekly_policy": {
      "restricted_state": "mississippi"
      },
  "global_guidance": "Mississippi has the highest Infectious Density (E+I)/Population among the origin states, indicating a higher risk of importing hidden infections. By implementing targeted screening on travelers from Mississippi, we can capture and convert a significant number of exposed and infected individuals to Q-status, thereby reducing the risk of disease spread in Virginia. While Texas has a higher absolute number of exposed and infected individuals, its overall population size dilutes the infectious density, making Mississippi a more critical target for intervention."
}
```
2025-12-25 11:29:18,260 - virginia - INFO - Parsed PolicyResponse: policy={'mississippi': [0.5, 0.5]} explanation='Mississippi has the highest Infectious Density (E+I)/Population among the origin states, indicating a higher risk of importing hidden infections. By implementing targeted screening on travelers from Mississippi, we can capture and convert a significant number of exposed and infected individuals to Q-status, thereby reducing the risk of disease spread in Virginia. While Texas has a higher absolute number of exposed and infected individuals, its overall population size dilutes the infectious density, making Mississippi a more critical target for intervention.'
2025-12-25 11:29:54,703 - virginia - INFO - Region Agent virginia - Iteration 15 / 18: Starting policy decision process.
2025-12-25 11:29:54,704 - virginia - INFO - Region user prompt: For virginia, you will be given the following information:

Epidemic and mobility information of this state are as follows:

SEIRD parameters:
- beta = 0.1916503060909957
- alpha = 0.1636446530789299
- gamma = 0.09065305
- mu = 7.570691745455772e-08
- delta = 0.68254039242497

Current population composition:
- S = 8070755
- E = 74077
- I = 17439
- Q = 116720
- R = 697422
- D = 2639

Other origin states:
1. arizona
   - Avg past 21-day population composition: S=8998284, E=78531, I=4998, Q=112237, R=155627, D=5070
   - Avg past 21-day inflow: arizona=13080168, mississippi=2109, new mexico=34666, texas=51916, virginia=5224

2. mississippi
   - Avg past 21-day population composition: S=502106, E=54817, I=20312, Q=12222, R=135520, D=3750
   - Avg past 21-day inflow: arizona=2279, mississippi=6606055, new mexico=1459, texas=30676, virginia=3551

3. new mexico
   - Avg past 21-day population composition: S=8262404, E=3922, I=892, Q=10394, R=51417, D=349
   - Avg past 21-day inflow: arizona=33774, mississippi=1148, new mexico=3628380, texas=146052, virginia=1760

4. texas
   - Avg past 21-day population composition: S=21772544, E=6674, I=11170, Q=60444, R=387786, D=6133
   - Avg past 21-day inflow: arizona=49267, mississippi=38445, new mexico=98410, texas=59134908, virginia=23381

Please output the recommended traffic control policy in the required JSON format.
2025-12-25 11:30:04,838 - virginia - INFO - Raw agent output:
```json
{
  "weekly_policy": {
      "restricted_state": "texas"
      },
  "global_guidance": "The decision to target Texas is based on its high infectious density (E+I)/Population, which stands at 0.00082. This is significantly higher compared to the other states, indicating a higher risk of importing hidden infections. With an average daily inflow of 23,381 people from Texas, the potential number of hidden infections that could be detected and moved to Q-status through rigorous screening is substantial. By focusing on Texas, we can effectively reduce the number of undetected exposed and infected individuals entering Virginia, thereby minimizing the cumulative confirmed cases and deaths. Additionally, this strategy aligns with the need to coordinate with other states' efforts by targeting a major source of travel, rather than a smaller, less impactful origin."
}
```
2025-12-25 11:30:04,838 - virginia - INFO - Parsed PolicyResponse: policy={'texas': [0.5, 0.5]} explanation="The decision to target Texas is based on its high infectious density (E+I)/Population, which stands at 0.00082. This is significantly higher compared to the other states, indicating a higher risk of importing hidden infections. With an average daily inflow of 23,381 people from Texas, the potential number of hidden infections that could be detected and moved to Q-status through rigorous screening is substantial. By focusing on Texas, we can effectively reduce the number of undetected exposed and infected individuals entering Virginia, thereby minimizing the cumulative confirmed cases and deaths. Additionally, this strategy aligns with the need to coordinate with other states' efforts by targeting a major source of travel, rather than a smaller, less impactful origin."
2025-12-25 11:30:37,439 - virginia - INFO - Region Agent virginia - Iteration 16 / 18: Starting policy decision process.
2025-12-25 11:30:37,440 - virginia - INFO - Region user prompt: For virginia, you will be given the following information:

Epidemic and mobility information of this state are as follows:

SEIRD parameters:
- beta = 0.1916503060909957
- alpha = 0.1636446530789299
- gamma = 0.09065305
- mu = 1.4771661264081724e-08
- delta = 0.68254039242497

Current population composition:
- S = 7998982
- E = 88772
- I = 21107
- Q = 139384
- R = 858300
- D = 2639

Other origin states:
1. arizona
   - Avg past 21-day population composition: S=8863069, E=96646, I=6148, Q=139548, R=199427, D=5149
   - Avg past 21-day inflow: arizona=13314477, mississippi=2086, new mexico=31372, texas=45426, virginia=4496

2. mississippi
   - Avg past 21-day population composition: S=470115, E=69589, I=26779, Q=16128, R=153145, D=4010
   - Avg past 21-day inflow: arizona=1918, mississippi=6631471, new mexico=1137, texas=28922, virginia=3545

3. new mexico
   - Avg past 21-day population composition: S=8951073, E=4906, I=1119, Q=12798, R=61523, D=410
   - Avg past 21-day inflow: arizona=37298, mississippi=1158, new mexico=3541362, texas=134761, virginia=1577

4. texas
   - Avg past 21-day population composition: S=20856479, E=9238, I=15190, Q=75905, R=480390, D=6882
   - Avg past 21-day inflow: arizona=47112, mississippi=35978, new mexico=79863, texas=59397204, virginia=21662

Please output the recommended traffic control policy in the required JSON format.
2025-12-25 11:30:43,370 - virginia - INFO - Raw agent output:
```json
{
  "weekly_policy": {
    "restricted_state": "mississippi"
  },
  "global_guidance": "Mississippi has the highest Infectious Density (E+I)/Population among the origin states, indicating a higher risk of importing hidden infections. The average daily inflow from Mississippi to Virginia is moderate (3545), making it feasible to implement a targeted screening policy without overwhelming resources. By screening travelers from Mississippi, we can capture and convert a significant number of exposed and infected individuals to Q-status, thereby reducing the risk of disease spread within Virginia. This approach also helps balance regional defense efforts by targeting a high-risk state that may not be the primary focus of other states' interventions."
}
```
2025-12-25 11:30:43,371 - virginia - INFO - Parsed PolicyResponse: policy={'mississippi': [0.5, 0.5]} explanation="Mississippi has the highest Infectious Density (E+I)/Population among the origin states, indicating a higher risk of importing hidden infections. The average daily inflow from Mississippi to Virginia is moderate (3545), making it feasible to implement a targeted screening policy without overwhelming resources. By screening travelers from Mississippi, we can capture and convert a significant number of exposed and infected individuals to Q-status, thereby reducing the risk of disease spread within Virginia. This approach also helps balance regional defense efforts by targeting a high-risk state that may not be the primary focus of other states' interventions."
2025-12-25 11:31:27,406 - virginia - INFO - Region Agent virginia - Iteration 17 / 18: Starting policy decision process.
2025-12-25 11:31:27,407 - virginia - INFO - Region user prompt: For virginia, you will be given the following information:

Epidemic and mobility information of this state are as follows:

SEIRD parameters:
- beta = 0.1916503060909957
- alpha = 0.1636446530789299
- gamma = 0.09065305
- mu = 2.5732034447420174e-09
- delta = 0.68254039242497

Current population composition:
- S = 7882986
- E = 98574
- I = 23348
- Q = 160514
- R = 1048172
- D = 2639

Other origin states:
1. arizona
   - Avg past 21-day population composition: S=8522118, E=117479, I=7472, Q=172378, R=253748, D=5194
   - Avg past 21-day inflow: arizona=13145499, mississippi=2050, new mexico=28775, texas=42590, virginia=4029

2. mississippi
   - Avg past 21-day population composition: S=433819, E=86010, I=34655, Q=21166, R=176373, D=4307
   - Avg past 21-day inflow: arizona=1900, mississippi=6630556, new mexico=1129, texas=28405, virginia=3183

3. new mexico
   - Avg past 21-day population composition: S=9774711, E=6248, I=1427, Q=16121, R=74111, D=485
   - Avg past 21-day inflow: arizona=43462, mississippi=1293, new mexico=3435281, texas=129254, virginia=1197

4. texas
   - Avg past 21-day population composition: S=19912601, E=10620, I=17795, Q=101695, R=604181, D=7760
   - Avg past 21-day inflow: arizona=50257, mississippi=35622, new mexico=73550, texas=59303116, virginia=20129

Please output the recommended traffic control policy in the required JSON format.
2025-12-25 11:31:34,131 - virginia - INFO - Raw agent output:
```json
{
  "weekly_policy": {
      "restricted_state": "mississippi"
      },
  "global_guidance": "Mississippi has the highest 'Infectious Density' (E+I)/Population among the origin states, with a value of 0.113. This indicates a significant risk of importing hidden infections into Virginia. By implementing a targeted inbound screening policy for Mississippi, we can capture and convert approximately 3183 * 0.9 = 2864.7 hidden infections (E and I) to Q-status over the next 14 days. This approach helps minimize the cumulative confirmed cases and deaths in Virginia while addressing the highest risk source, thereby reducing the systemic risk of disease importation."
}
```
2025-12-25 11:31:34,131 - virginia - INFO - Parsed PolicyResponse: policy={'mississippi': [0.5, 0.5]} explanation="Mississippi has the highest 'Infectious Density' (E+I)/Population among the origin states, with a value of 0.113. This indicates a significant risk of importing hidden infections into Virginia. By implementing a targeted inbound screening policy for Mississippi, we can capture and convert approximately 3183 * 0.9 = 2864.7 hidden infections (E and I) to Q-status over the next 14 days. This approach helps minimize the cumulative confirmed cases and deaths in Virginia while addressing the highest risk source, thereby reducing the systemic risk of disease importation."
2025-12-25 11:32:03,839 - virginia - INFO - Region Agent virginia - Iteration 18 / 18: Starting policy decision process.
2025-12-25 11:32:03,839 - virginia - INFO - Region user prompt: For virginia, you will be given the following information:

Epidemic and mobility information of this state are as follows:

SEIRD parameters:
- beta = 0.1916503060909957
- alpha = 0.1636446530789299
- gamma = 0.09065305
- mu = 4.001933940983521e-10
- delta = 0.68254039242497

Current population composition:
- S = 7776141
- E = 107080
- I = 25418
- Q = 178340
- R = 1262706
- D = 2639

Other origin states:
1. arizona
   - Avg past 21-day population composition: S=8002664, E=138791, I=8820, Q=210053, R=320480, D=5218
   - Avg past 21-day inflow: arizona=12798149, mississippi=1891, new mexico=27828, texas=53906, virginia=5103

2. mississippi
   - Avg past 21-day population composition: S=426906, E=85797, I=35181, Q=24937, R=205845, D=4630
   - Avg past 21-day inflow: arizona=2184, mississippi=6318817, new mexico=1008, texas=38606, virginia=4148

3. new mexico
   - Avg past 21-day population composition: S=10709650, E=8102, I=1835, Q=20598, R=90076, D=580
   - Avg past 21-day inflow: arizona=46636, mississippi=1937, new mexico=3247252, texas=141481, virginia=1410

4. texas
   - Avg past 21-day population composition: S=18940723, E=10088, I=16324, Q=104290, R=749697, D=8671
   - Avg past 21-day inflow: arizona=59869, mississippi=47560, new mexico=79862, texas=57427711, virginia=23877

Please output the recommended traffic control policy in the required JSON format.
2025-12-25 11:32:15,692 - virginia - INFO - Raw agent output:
```json
{
  "weekly_policy": {
    "restricted_state": "mississippi"
  },
  "global_guidance": "Mississippi has the highest Infectious Density (E+I)/Population among the origin states, with a value of 0.104. This indicates a significant risk of importing hidden infections. Implementing a Targeted Inbound Screening policy on Mississippi can capture approximately 4148 * 0.9 * 0.104 = 378 hidden infections over the 14-day period, converting them to Q-status and reducing the risk of disease spread in Virginia. While Texas has a higher inflow, its Infectious Density is lower, making Mississippi a more critical target for screening to minimize cumulative confirmed cases and deaths."
}
```
2025-12-25 11:32:15,693 - virginia - INFO - Parsed PolicyResponse: policy={'mississippi': [0.5, 0.5]} explanation='Mississippi has the highest Infectious Density (E+I)/Population among the origin states, with a value of 0.104. This indicates a significant risk of importing hidden infections. Implementing a Targeted Inbound Screening policy on Mississippi can capture approximately 4148 * 0.9 * 0.104 = 378 hidden infections over the 14-day period, converting them to Q-status and reducing the risk of disease spread in Virginia. While Texas has a higher inflow, its Infectious Density is lower, making Mississippi a more critical target for screening to minimize cumulative confirmed cases and deaths.'
