2025-12-25 19:36:27,903 - mississippi - INFO - Region Agent mississippi - Iteration 1 / 18: Starting policy decision process.
2025-12-25 19:36:27,903 - mississippi - INFO - Region user prompt: For mississippi, you will be given the following information:

Epidemic and mobility information of this state are as follows:

SEIRD parameters:
- beta = 0.1777045562951643
- alpha = 0.0557887604960571
- gamma = 0.1
- mu = 0.0
- delta = 0.0671164839606214

Current population composition:
- S = 2970629
- E = 906
- I = 1753
- Q = 2463
- R = 301
- D = 97

Other origin states:
1. arizona
   - Avg past 21-day population composition: S=7272180, E=1952, I=962, Q=3319, R=186, D=118
   - Avg past 21-day inflow: arizona=9717467, mississippi=1551, new mexico=19529, texas=27907, virginia=3665

2. new mexico
   - Avg past 21-day population composition: S=2093484, E=816, I=1276, Q=959, R=265, D=29
   - Avg past 21-day inflow: arizona=14511, mississippi=1425, new mexico=2776969, texas=84217, virginia=1004

3. texas
   - Avg past 21-day population composition: S=28984537, E=927, I=327, Q=7619, R=2141, D=330
   - Avg past 21-day inflow: arizona=22661, mississippi=24412, new mexico=47170, texas=39820832, virginia=11782

4. virginia
   - Avg past 21-day population composition: S=8524995, E=1825, I=3189, Q=4825, R=540, D=145
   - Avg past 21-day inflow: arizona=3171, mississippi=2260, new mexico=1385, texas=13780, virginia=11423959


 Ground truth daily average for next 14-day inbound by origin states; 
From arizona: Inflow =1524.29;
From new mexico: Inflow =1230.14;
From texas: Inflow =24904.79;
From virginia: Inflow =3440.29;

Please output the recommended traffic control policy in the required JSON format.
2025-12-25 19:36:35,841 - mississippi - INFO - Raw agent output:
```json
{
  "weekly_policy": {
    "restricted_state": "texas"
  },
  "global_guidance": "Based on the risk assessment, Texas has the highest average daily inbound flow into Mississippi (24904.79). The expected imported infections from Texas can be estimated as 24904.79 * (327 / 28984537) 「 2.77. This is significantly higher compared to other states. Restricting travel from Texas will reduce the inbound flow by 50%, effectively cutting down the potential imported infections and minimizing the risk of spreading the disease in Mississippi. While this measure may cause some disruption to mobility, the trade-off is justified by the significant reduction in the risk of importing new infections."
}
```
2025-12-25 19:36:35,842 - mississippi - INFO - Parsed PolicyResponse: policy={'texas': [0.5, 0.5]} explanation='Based on the risk assessment, Texas has the highest average daily inbound flow into Mississippi (24904.79). The expected imported infections from Texas can be estimated as 24904.79 * (327 / 28984537) 「 2.77. This is significantly higher compared to other states. Restricting travel from Texas will reduce the inbound flow by 50percent, effectively cutting down the potential imported infections and minimizing the risk of spreading the disease in Mississippi. While this measure may cause some disruption to mobility, the trade-off is justified by the significant reduction in the risk of importing new infections.'
2025-12-25 19:37:14,488 - mississippi - INFO - Region Agent mississippi - Iteration 2 / 18: Starting policy decision process.
2025-12-25 19:37:14,488 - mississippi - INFO - Region user prompt: For mississippi, you will be given the following information:

Epidemic and mobility information of this state are as follows:

SEIRD parameters:
- beta = 0.1777045562951643
- alpha = 0.0557887604960571
- gamma = 0.090291905
- mu = 0.0035001206694907656
- delta = 0.0671164839606214

Current population composition:
- S = 2720231
- E = 4799
- I = 2179
- Q = 1619
- R = 2694
- D = 195

Other origin states:
1. arizona
   - Avg past 21-day population composition: S=7467743, E=2942, I=193, Q=4865, R=520, D=202
   - Avg past 21-day inflow: arizona=11371640, mississippi=1616, new mexico=57069, texas=16590, virginia=3902

2. new mexico
   - Avg past 21-day population composition: S=1976530, E=693, I=146, Q=2120, R=1198, D=35
   - Avg past 21-day inflow: arizona=18891, mississippi=1902, new mexico=3323857, texas=58659, virginia=1118

3. texas
   - Avg past 21-day population composition: S=29058750, E=791, I=1233, Q=9266, R=5194, D=446
   - Avg past 21-day inflow: arizona=27201, mississippi=31103, new mexico=34625, texas=48379264, virginia=15325

4. virginia
   - Avg past 21-day population composition: S=8479967, E=4063, I=989, Q=6797, R=4750, D=358
   - Avg past 21-day inflow: arizona=3345, mississippi=3005, new mexico=3431, texas=8211, virginia=13217229


 Ground truth daily average for next 14-day inbound by origin states; 
From arizona: Inflow =1430.71;
From new mexico: Inflow =1179.57;
From texas: Inflow =26508.14;
From virginia: Inflow =3035.86;

Please output the recommended traffic control policy in the required JSON format.
2025-12-25 19:37:21,757 - mississippi - INFO - Raw agent output:
```json
{
  "weekly_policy": {
    "restricted_state": "texas"
  },
  "global_guidance": "Texas is selected for temporary inbound travel restriction due to its high average daily inbound flow (26508.14) and relatively higher number of infected (I=1233) and exposed (E=791) individuals. This restriction is expected to reduce the number of potential imported infections, calculated as 26508.14 * (1233 / 29058750) 「 1.12, which is significantly higher compared to other states. Restricting Texas helps minimize the risk of increased cases and deaths in Mississippi while balancing the need to maintain essential mobility from other states with lower risks."
}
```
2025-12-25 19:37:21,757 - mississippi - INFO - Parsed PolicyResponse: policy={'texas': [0.5, 0.5]} explanation='Texas is selected for temporary inbound travel restriction due to its high average daily inbound flow (26508.14) and relatively higher number of infected (I=1233) and exposed (E=791) individuals. This restriction is expected to reduce the number of potential imported infections, calculated as 26508.14 * (1233 / 29058750) 「 1.12, which is significantly higher compared to other states. Restricting Texas helps minimize the risk of increased cases and deaths in Mississippi while balancing the need to maintain essential mobility from other states with lower risks.'
2025-12-25 19:37:56,889 - mississippi - INFO - Region Agent mississippi - Iteration 3 / 18: Starting policy decision process.
2025-12-25 19:37:56,889 - mississippi - INFO - Region user prompt: For mississippi, you will be given the following information:

Epidemic and mobility information of this state are as follows:

SEIRD parameters:
- beta = 0.1777045562951643
- alpha = 0.0557887604960571
- gamma = 0.090291905
- mu = 0.0034500205415555043
- delta = 0.0671164839606214

Current population composition:
- S = 2458363
- E = 7960
- I = 3747
- Q = 2036
- R = 4886
- D = 281

Other origin states:
1. arizona
   - Avg past 21-day population composition: S=7787869, E=4213, I=270, Q=6234, R=1246, D=362
   - Avg past 21-day inflow: arizona=11633875, mississippi=1614, new mexico=62430, texas=17583, virginia=3673

2. new mexico
   - Avg past 21-day population composition: S=1763786, E=602, I=122, Q=1992, R=2562, D=46
   - Avg past 21-day inflow: arizona=19789, mississippi=1821, new mexico=3427556, texas=62478, virginia=1199

3. texas
   - Avg past 21-day population composition: S=29189586, E=1104, I=1725, Q=12537, R=11559, D=659
   - Avg past 21-day inflow: arizona=28967, mississippi=32701, new mexico=37557, texas=51352865, virginia=15964

4. virginia
   - Avg past 21-day population composition: S=8406476, E=5245, I=1223, Q=7605, R=11560, D=670
   - Avg past 21-day inflow: arizona=3556, mississippi=2877, new mexico=3513, texas=8271, virginia=13637675


 Ground truth daily average for next 14-day inbound by origin states; 
From arizona: Inflow =1646.79;
From new mexico: Inflow =1306.29;
From texas: Inflow =32645.21;
From virginia: Inflow =3597.43;

Please output the recommended traffic control policy in the required JSON format.
2025-12-25 19:38:05,684 - mississippi - INFO - Raw agent output:
```json
{
  "weekly_policy": {
    "restricted_state": "texas"
  },
  "global_guidance": "The risk assessment of each origin state is based on their SEIQRD indicators. Texas has the highest average daily inbound flow into Mississippi (32645.21) and also a significant number of infected (I=1725) and confirmed (Q=12537) cases. The expected imported infections from Texas can be estimated as 32645.21 * (1725 / 29189586) 「 1.92. This is higher compared to the other states. Restricting travel from Texas would significantly reduce the potential importation of infections, thereby minimizing the cumulative confirmed cases and deaths in Mississippi. The trade-off is a 50% reduction in inbound flow from Texas, which may disrupt some travel plans but is justified by the potential reduction in disease spread."
}
```
2025-12-25 19:38:05,684 - mississippi - INFO - Parsed PolicyResponse: policy={'texas': [0.5, 0.5]} explanation='The risk assessment of each origin state is based on their SEIQRD indicators. Texas has the highest average daily inbound flow into Mississippi (32645.21) and also a significant number of infected (I=1725) and confirmed (Q=12537) cases. The expected imported infections from Texas can be estimated as 32645.21 * (1725 / 29189586) 「 1.92. This is higher compared to the other states. Restricting travel from Texas would significantly reduce the potential importation of infections, thereby minimizing the cumulative confirmed cases and deaths in Mississippi. The trade-off is a 50percent reduction in inbound flow from Texas, which may disrupt some travel plans but is justified by the potential reduction in disease spread.'
2025-12-25 19:41:56,349 - mississippi - INFO - Region Agent mississippi - Iteration 4 / 18: Starting policy decision process.
2025-12-25 19:41:56,349 - mississippi - INFO - Region user prompt: For mississippi, you will be given the following information:

Epidemic and mobility information of this state are as follows:

SEIRD parameters:
- beta = 0.1777045562951643
- alpha = 0.0557887604960571
- gamma = 0.090291905
- mu = 0.003366272675632136
- delta = 0.0671164839606214

Current population composition:
- S = 2068093
- E = 11835
- I = 5622
- Q = 3113
- R = 8043
- D = 400

Other origin states:
1. arizona
   - Avg past 21-day population composition: S=8063647, E=6121, I=400, Q=8617, R=2798, D=658
   - Avg past 21-day inflow: arizona=12334093, mississippi=5323, new mexico=41873, texas=20658, virginia=3797

2. new mexico
   - Avg past 21-day population composition: S=1483929, E=608, I=131, Q=1868, R=4255, D=60
   - Avg past 21-day inflow: arizona=23793, mississippi=5452, new mexico=3538501, texas=68467, virginia=1155

3. texas
   - Avg past 21-day population composition: S=29484728, E=1549, I=2443, Q=17235, R=24522, D=1036
   - Avg past 21-day inflow: arizona=33250, mississippi=24728, new mexico=71700, texas=54356274, virginia=17393

4. virginia
   - Avg past 21-day population composition: S=8360205, E=6863, I=1622, Q=9718, R=22347, D=1103
   - Avg past 21-day inflow: arizona=4434, mississippi=10693, new mexico=2313, texas=9895, virginia=14133151


 Ground truth daily average for next 14-day inbound by origin states; 
From arizona: Inflow =2004.64;
From new mexico: Inflow =1369.21;
From texas: Inflow =39453.07;
From virginia: Inflow =4303.64;

Please output the recommended traffic control policy in the required JSON format.
2025-12-25 19:42:05,112 - mississippi - INFO - Raw agent output:
```json
{
  "weekly_policy": {
    "restricted_state": "texas"
  },
  "global_guidance": "Texas has the highest average daily inbound flow into Mississippi (39453.07) and a significant number of infected individuals (I=2443). The expected imported infections from Texas can be estimated as 39453.07 * (2443 / 29484728) 「 3.33. Restricting 50% of this flow would reduce the expected imported infections by approximately 1.67 per day, which is substantial compared to the other states. Arizona, New Mexico, and Virginia have much lower inbound flows and fewer infected individuals, making them less critical for restriction. While restricting Texas will disrupt mobility, the potential reduction in imported cases justifies this action to minimize the spread of the disease in Mississippi."
}
```
2025-12-25 19:42:05,113 - mississippi - INFO - Parsed PolicyResponse: policy={'texas': [0.5, 0.5]} explanation='Texas has the highest average daily inbound flow into Mississippi (39453.07) and a significant number of infected individuals (I=2443). The expected imported infections from Texas can be estimated as 39453.07 * (2443 / 29484728) 「 3.33. Restricting 50percent of this flow would reduce the expected imported infections by approximately 1.67 per day, which is substantial compared to the other states. Arizona, New Mexico, and Virginia have much lower inbound flows and fewer infected individuals, making them less critical for restriction. While restricting Texas will disrupt mobility, the potential reduction in imported cases justifies this action to minimize the spread of the disease in Mississippi.'
2025-12-25 19:42:41,138 - mississippi - INFO - Region Agent mississippi - Iteration 5 / 18: Starting policy decision process.
2025-12-25 19:42:41,138 - mississippi - INFO - Region user prompt: For mississippi, you will be given the following information:

Epidemic and mobility information of this state are as follows:

SEIRD parameters:
- beta = 0.1777045562951643
- alpha = 0.0557887604960571
- gamma = 0.090291905
- mu = 0.00325136592763443
- delta = 0.0671164839606214

Current population composition:
- S = 1628729
- E = 15681
- I = 7439
- Q = 4383
- R = 12705
- D = 571

Other origin states:
1. arizona
   - Avg past 21-day population composition: S=8032771, E=8602, I=576, Q=11805, R=5360, D=1070
   - Avg past 21-day inflow: arizona=12544263, mississippi=9060, new mexico=36541, texas=26218, virginia=4525

2. new mexico
   - Avg past 21-day population composition: S=1224269, E=722, I=164, Q=2030, R=5947, D=74
   - Avg past 21-day inflow: arizona=30727, mississippi=7950, new mexico=3593103, texas=79082, virginia=1190

3. texas
   - Avg past 21-day population composition: S=30062708, E=2108, I=3363, Q=22272, R=44068, D=1526
   - Avg past 21-day inflow: arizona=42323, mississippi=23997, new mexico=101339, texas=56028179, virginia=21124

4. virginia
   - Avg past 21-day population composition: S=8409048, E=9413, I=2245, Q=13164, R=36544, D=1544
   - Avg past 21-day inflow: arizona=5988, mississippi=16011, new mexico=2080, texas=12698, virginia=14398916


 Ground truth daily average for next 14-day inbound by origin states; 
From arizona: Inflow =2572.71;
From new mexico: Inflow =1483.5;
From texas: Inflow =39594.93;
From virginia: Inflow =4271.0;

Please output the recommended traffic control policy in the required JSON format.
2025-12-25 19:42:56,862 - mississippi - INFO - Raw agent output:
```json
{
  "weekly_policy": {
    "restricted_state": "texas"
  },
  "global_guidance": "Texas has the highest average daily inbound flow into Mississippi (39594.93). The risk assessment shows Texas has a significant number of infected (I=3363) and exposed (E=2108) individuals. Expected imported infections from Texas 「 39594.93 * (3363 / 30062708) 「 43.7. Restricting Texas reduces this by 50%, which is a substantial reduction compared to other states with lower inflows and/or fewer infections. This intervention minimizes the risk of importing new cases while balancing mobility disruption."
}
```
2025-12-25 19:42:56,863 - mississippi - INFO - Parsed PolicyResponse: policy={'texas': [0.5, 0.5]} explanation='Texas has the highest average daily inbound flow into Mississippi (39594.93). The risk assessment shows Texas has a significant number of infected (I=3363) and exposed (E=2108) individuals. Expected imported infections from Texas 「 39594.93 * (3363 / 30062708) 「 43.7. Restricting Texas reduces this by 50percent, which is a substantial reduction compared to other states with lower inflows and/or fewer infections. This intervention minimizes the risk of importing new cases while balancing mobility disruption.'
2025-12-25 19:44:01,600 - mississippi - INFO - Region Agent mississippi - Iteration 6 / 18: Starting policy decision process.
2025-12-25 19:44:01,600 - mississippi - INFO - Region user prompt: For mississippi, you will be given the following information:

Epidemic and mobility information of this state are as follows:

SEIRD parameters:
- beta = 0.1777045562951643
- alpha = 0.0557887604960571
- gamma = 0.090291905
- mu = 0.0031086466218188174
- delta = 0.0671164839606214

Current population composition:
- S = 1127245
- E = 17286
- I = 8177
- Q = 5493
- R = 18954
- D = 790

Other origin states:
1. arizona
   - Avg past 21-day population composition: S=7972957, E=12506, I=885, Q=16399, R=9342, D=1605
   - Avg past 21-day inflow: arizona=12721796, mississippi=16411, new mexico=38678, texas=28206, virginia=5493

2. new mexico
   - Avg past 21-day population composition: S=853733, E=923, I=228, Q=2499, R=7903, D=88
   - Avg past 21-day inflow: arizona=31247, mississippi=12321, new mexico=3714782, texas=80178, virginia=1318

3. texas
   - Avg past 21-day population composition: S=30199433, E=2889, I=4640, Q=28461, R=71665, D=2136
   - Avg past 21-day inflow: arizona=48951, mississippi=26280, new mexico=115020, texas=58274699, virginia=25244

4. virginia
   - Avg past 21-day population composition: S=9055489, E=12626, I=2997, Q=18027, R=56009, D=1962
   - Avg past 21-day inflow: arizona=6406, mississippi=6812, new mexico=2088, texas=107644, virginia=15056158


 Ground truth daily average for next 14-day inbound by origin states; 
From arizona: Inflow =2636.07;
From new mexico: Inflow =1693.36;
From texas: Inflow =37146.64;
From virginia: Inflow =4776.71;

Please output the recommended traffic control policy in the required JSON format.
2025-12-25 19:44:14,261 - mississippi - INFO - Raw agent output:
```json
{
  "weekly_policy": {
    "restricted_state": "texas"
  },
  "global_guidance": "Texas has the highest average daily inbound flow into Mississippi (37146.64) and a significant number of infected individuals (I=4640). The expected imported infections from Texas can be estimated as 37146.64 * (4640 / 30199433) 「 5.7. Restricting Texas would significantly reduce the potential importation of infections, which is crucial given Mississippi's current high number of exposed (E=17286) and infected (I=8177) individuals. This intervention balances the need for epidemic control with the impact on mobility, as Texas has the highest flow and thus the greatest potential for importing infections compared to the other states."
}
```
2025-12-25 19:44:14,262 - mississippi - INFO - Parsed PolicyResponse: policy={'texas': [0.5, 0.5]} explanation="Texas has the highest average daily inbound flow into Mississippi (37146.64) and a significant number of infected individuals (I=4640). The expected imported infections from Texas can be estimated as 37146.64 * (4640 / 30199433) 「 5.7. Restricting Texas would significantly reduce the potential importation of infections, which is crucial given Mississippi's current high number of exposed (E=17286) and infected (I=8177) individuals. This intervention balances the need for epidemic control with the impact on mobility, as Texas has the highest flow and thus the greatest potential for importing infections compared to the other states."
2025-12-25 19:45:04,997 - mississippi - INFO - Region Agent mississippi - Iteration 7 / 18: Starting policy decision process.
2025-12-25 19:45:04,997 - mississippi - INFO - Region user prompt: For mississippi, you will be given the following information:

Epidemic and mobility information of this state are as follows:

SEIRD parameters:
- beta = 0.1777045562951643
- alpha = 0.0557887604960571
- gamma = 0.090291905
- mu = 0.002942156764606069
- delta = 0.0671164839606214

Current population composition:
- S = 544370
- E = 11772
- I = 5477
- Q = 5304
- R = 25985
- D = 1025

Other origin states:
1. arizona
   - Avg past 21-day population composition: S=7927371, E=18169, I=1273, Q=23314, R=15423, D=2275
   - Avg past 21-day inflow: arizona=12691405, mississippi=13504, new mexico=41259, texas=28565, virginia=6387

2. new mexico
   - Avg past 21-day population composition: S=346189, E=637, I=158, Q=2784, R=10310, D=102
   - Avg past 21-day inflow: arizona=30278, mississippi=9679, new mexico=3781302, texas=81093, virginia=1534

3. texas
   - Avg past 21-day population composition: S=30127642, E=4149, I=6771, Q=37657, R=110114, D=2896
   - Avg past 21-day inflow: arizona=49809, mississippi=30165, new mexico=132778, texas=57497200, virginia=26942

4. virginia
   - Avg past 21-day population composition: S=10063935, E=17712, I=4266, Q=24734, R=82474, D=2316
   - Avg past 21-day inflow: arizona=5763, mississippi=16451, new mexico=2165, texas=62076, virginia=15378004


 Ground truth daily average for next 14-day inbound by origin states; 
From arizona: Inflow =2160.14;
From new mexico: Inflow =1508.36;
From texas: Inflow =35544.86;
From virginia: Inflow =4713.71;

Please output the recommended traffic control policy in the required JSON format.
2025-12-25 19:45:14,091 - mississippi - INFO - Raw agent output:
```json
{
  "weekly_policy": {
    "restricted_state": "texas"
  },
  "global_guidance": "Texas has the highest average daily inbound flow into Mississippi (35544.86) and also has a relatively high number of infected individuals (I=6771). The expected imported infections from Texas can be estimated as 35544.86 * (6771 / 30127642) 「 8.1. Restricting Texas would significantly reduce the risk of importing new infections into Mississippi. Arizona and Virginia have lower inflows and fewer infected individuals, while New Mexico has very low inflows. Therefore, Texas is the priority for restriction to minimize the potential increase in cases and deaths in Mississippi. This decision balances the need for epidemic control with the potential disruption to mobility."
}
```
2025-12-25 19:45:14,091 - mississippi - INFO - Parsed PolicyResponse: policy={'texas': [0.5, 0.5]} explanation='Texas has the highest average daily inbound flow into Mississippi (35544.86) and also has a relatively high number of infected individuals (I=6771). The expected imported infections from Texas can be estimated as 35544.86 * (6771 / 30127642) 「 8.1. Restricting Texas would significantly reduce the risk of importing new infections into Mississippi. Arizona and Virginia have lower inflows and fewer infected individuals, while New Mexico has very low inflows. Therefore, Texas is the priority for restriction to minimize the potential increase in cases and deaths in Mississippi. This decision balances the need for epidemic control with the potential disruption to mobility.'
2025-12-25 19:46:08,183 - mississippi - INFO - Region Agent mississippi - Iteration 8 / 18: Starting policy decision process.
2025-12-25 19:46:08,183 - mississippi - INFO - Region user prompt: For mississippi, you will be given the following information:

Epidemic and mobility information of this state are as follows:

SEIRD parameters:
- beta = 0.1777045562951643
- alpha = 0.0557887604960571
- gamma = 0.090291905
- mu = 0.00275644422805234
- delta = 0.0671164839606214

Current population composition:
- S = 39874
- E = 356
- I = 104
- Q = 2563
- R = 31247
- D = 1192

Other origin states:
1. arizona
   - Avg past 21-day population composition: S=7918591, E=25721, I=1740, Q=32670, R=24443, D=3062
   - Avg past 21-day inflow: arizona=12227260, mississippi=5756, new mexico=79705, texas=27070, virginia=6789

2. new mexico
   - Avg past 21-day population composition: S=38069, E=117, I=28, Q=1778, R=12422, D=115
   - Avg past 21-day inflow: arizona=26540, mississippi=3213, new mexico=3686705, texas=74549, virginia=1704

3. texas
   - Avg past 21-day population composition: S=30776433, E=6064, I=10125, Q=54414, R=166218, D=3901
   - Avg past 21-day inflow: arizona=49331, mississippi=52545, new mexico=90734, texas=55946397, virginia=28822

4. virginia
   - Avg past 21-day population composition: S=10122415, E=25018, I=5956, Q=35440, R=119872, D=2593
   - Avg past 21-day inflow: arizona=5547, mississippi=12429, new mexico=4818, texas=14897, virginia=15359071


 Ground truth daily average for next 14-day inbound by origin states; 
From arizona: Inflow =2419.64;
From new mexico: Inflow =1708.14;
From texas: Inflow =33571.57;
From virginia: Inflow =4195.36;

Please output the recommended traffic control policy in the required JSON format.
2025-12-25 19:46:16,530 - mississippi - INFO - Raw agent output:
```json
{
  "weekly_policy": {
    "restricted_state": "texas"
  },
  "global_guidance": "Risk assessment: Texas has the highest average daily inbound flow into Mississippi (33571.57) and a relatively high number of infected individuals (I=10125). Expected imported infections from Texas 「 33571.57 * (10125 / 30776433) 「 1.09. Justification: Restricting Texas reduces the highest potential for importing new infections, which is critical given the high flow volume. Trade-offs: While restricting Texas significantly disrupts mobility, it is necessary to minimize the risk of a surge in cases and deaths in Mississippi."
}
```
2025-12-25 19:46:16,530 - mississippi - INFO - Parsed PolicyResponse: policy={'texas': [0.5, 0.5]} explanation='Risk assessment: Texas has the highest average daily inbound flow into Mississippi (33571.57) and a relatively high number of infected individuals (I=10125). Expected imported infections from Texas 「 33571.57 * (10125 / 30776433) 「 1.09. Justification: Restricting Texas reduces the highest potential for importing new infections, which is critical given the high flow volume. Trade-offs: While restricting Texas significantly disrupts mobility, it is necessary to minimize the risk of a surge in cases and deaths in Mississippi.'
2025-12-25 19:46:57,221 - mississippi - INFO - Region Agent mississippi - Iteration 9 / 18: Starting policy decision process.
2025-12-25 19:46:57,223 - mississippi - INFO - Region user prompt: For mississippi, you will be given the following information:

Epidemic and mobility information of this state are as follows:

SEIRD parameters:
- beta = 0.1777045562951643
- alpha = 0.0557887604960571
- gamma = 0.090291905
- mu = 0.0025563573169277358
- delta = 0.0671164839606214

Current population composition:
- S = 13206
- E = 41
- I = 8
- Q = 664
- R = 33114
- D = 1247

Other origin states:
1. arizona
   - Avg past 21-day population composition: S=8006621, E=33674, I=2187, Q=44186, R=37258, D=3913
   - Avg past 21-day inflow: arizona=12326316, mississippi=2415, new mexico=88323, texas=24878, virginia=6475

2. new mexico
   - Avg past 21-day population composition: S=24931, E=79, I=16, Q=886, R=13576, D=121
   - Avg past 21-day inflow: arizona=25111, mississippi=1408, new mexico=3618932, texas=71392, virginia=1914

3. texas
   - Avg past 21-day population composition: S=31091380, E=6187, I=10244, Q=66145, R=245511, D=5200
   - Avg past 21-day inflow: arizona=46103, mississippi=57006, new mexico=59788, texas=55789157, virginia=29507

4. virginia
   - Avg past 21-day population composition: S=9866036, E=31720, I=7420, Q=46825, R=171631, D=2787
   - Avg past 21-day inflow: arizona=6027, mississippi=5270, new mexico=6010, texas=13531, virginia=15109651


 Ground truth daily average for next 14-day inbound by origin states; 
From arizona: Inflow =1799.86;
From new mexico: Inflow =1120.64;
From texas: Inflow =30393.36;
From virginia: Inflow =3857.36;

Please output the recommended traffic control policy in the required JSON format.
2025-12-25 19:47:05,716 - mississippi - INFO - Raw agent output:
```json
{
  "weekly_policy": {
    "restricted_state": "texas"
  },
  "global_guidance": "Risk assessment: Texas has the highest average daily inbound flow into Mississippi (30393.36) and also a significant number of infected individuals (I=10244). Expected imported infections from Texas 「 30393.36 * (10244 / 31091380) 「 1.02. New Mexico has the lowest risk with fewer infected individuals (I=16) and lower inflow (1120.64). Arizona and Virginia have moderate risks. Justification of selection: Texas is prioritized due to its high inflow and significant number of infected individuals, which poses the greatest risk of importing new cases into Mississippi. Trade-offs: Restricting Texas will reduce the number of potential imported cases but may disrupt economic and social ties. However, the health benefits outweigh the mobility disruptions."
}
```
2025-12-25 19:47:05,716 - mississippi - INFO - Parsed PolicyResponse: policy={'texas': [0.5, 0.5]} explanation='Risk assessment: Texas has the highest average daily inbound flow into Mississippi (30393.36) and also a significant number of infected individuals (I=10244). Expected imported infections from Texas 「 30393.36 * (10244 / 31091380) 「 1.02. New Mexico has the lowest risk with fewer infected individuals (I=16) and lower inflow (1120.64). Arizona and Virginia have moderate risks. Justification of selection: Texas is prioritized due to its high inflow and significant number of infected individuals, which poses the greatest risk of importing new cases into Mississippi. Trade-offs: Restricting Texas will reduce the number of potential imported cases but may disrupt economic and social ties. However, the health benefits outweigh the mobility disruptions.'
2025-12-25 19:47:49,645 - mississippi - INFO - Region Agent mississippi - Iteration 10 / 18: Starting policy decision process.
2025-12-25 19:47:49,647 - mississippi - INFO - Region user prompt: For mississippi, you will be given the following information:

Epidemic and mobility information of this state are as follows:

SEIRD parameters:
- beta = 0.1777045562951643
- alpha = 0.0557887604960571
- gamma = 0.090291905
- mu = 0.00234683660135996
- delta = 0.0671164839606214

Current population composition:
- S = 16479
- E = 36
- I = 7
- Q = 177
- R = 33599
- D = 1262

Other origin states:
1. arizona
   - Avg past 21-day population composition: S=7910561, E=41942, I=2677, Q=57184, R=54483, D=4735
   - Avg past 21-day inflow: arizona=12204458, mississippi=2079, new mexico=48671, texas=22124, virginia=5239

2. new mexico
   - Avg past 21-day population composition: S=39435, E=109, I=21, Q=499, R=14173, D=122
   - Avg past 21-day inflow: arizona=35686, mississippi=1410, new mexico=3591304, texas=69958, virginia=1327

3. texas
   - Avg past 21-day population composition: S=31282522, E=5665, I=9170, Q=63016, R=331937, D=6503
   - Avg past 21-day inflow: arizona=29836, mississippi=51070, new mexico=93842, texas=56021642, virginia=27574

4. virginia
   - Avg past 21-day population composition: S=9582197, E=39381, I=9195, Q=58847, R=237960, D=2900
   - Avg past 21-day inflow: arizona=8829, mississippi=4887, new mexico=3630, texas=12570, virginia=14714026


 Ground truth daily average for next 14-day inbound by origin states; 
From arizona: Inflow =1917.64;
From new mexico: Inflow =1189.07;
From texas: Inflow =29906.5;
From virginia: Inflow =4018.57;

Please output the recommended traffic control policy in the required JSON format.
2025-12-25 19:48:00,451 - mississippi - INFO - Raw agent output:
```json
{
  "weekly_policy": {
    "restricted_state": "texas"
  },
  "global_guidance": "The risk assessment of each origin state indicates that Texas has the highest number of infected (I) and confirmed (Q) cases among the four states. The expected imported infections from Texas can be estimated as 29906.5 * (9170 / 31282522) 「 0.86 per day, which is significantly higher than the other states. Restricting inbound travel from Texas by 50% would reduce the expected imported infections by approximately 0.43 per day, which can help minimize the cumulative confirmed cases and deaths in Mississippi over the next 2 weeks. This trade-off between epidemic control and mobility disruption is justified given the high infection rate in Texas."
}
```
2025-12-25 19:48:00,451 - mississippi - INFO - Parsed PolicyResponse: policy={'texas': [0.5, 0.5]} explanation='The risk assessment of each origin state indicates that Texas has the highest number of infected (I) and confirmed (Q) cases among the four states. The expected imported infections from Texas can be estimated as 29906.5 * (9170 / 31282522) 「 0.86 per day, which is significantly higher than the other states. Restricting inbound travel from Texas by 50percent would reduce the expected imported infections by approximately 0.43 per day, which can help minimize the cumulative confirmed cases and deaths in Mississippi over the next 2 weeks. This trade-off between epidemic control and mobility disruption is justified given the high infection rate in Texas.'
2025-12-25 19:48:42,066 - mississippi - INFO - Region Agent mississippi - Iteration 11 / 18: Starting policy decision process.
2025-12-25 19:48:42,067 - mississippi - INFO - Region user prompt: For mississippi, you will be given the following information:

Epidemic and mobility information of this state are as follows:

SEIRD parameters:
- beta = 0.1777045562951643
- alpha = 0.0557887604960571
- gamma = 0.090291905
- mu = 0.002132716335975645
- delta = 0.0671164839606214

Current population composition:
- S = 24060
- E = 52
- I = 13
- Q = 53
- R = 33732
- D = 1262

Other origin states:
1. arizona
   - Avg past 21-day population composition: S=7535781, E=51560, I=3277, Q=72274, R=76714, D=5454
   - Avg past 21-day inflow: arizona=12300752, mississippi=2383, new mexico=31002, texas=23326, virginia=5591

2. new mexico
   - Avg past 21-day population composition: S=78441, E=210, I=42, Q=474, R=14584, D=122
   - Avg past 21-day inflow: arizona=43220, mississippi=1338, new mexico=3560268, texas=72803, virginia=1293

3. texas
   - Avg past 21-day population composition: S=31634743, E=5347, I=8673, Q=58398, R=413833, D=7633
   - Avg past 21-day inflow: arizona=22577, mississippi=47740, new mexico=102177, texas=56597764, virginia=28749

4. virginia
   - Avg past 21-day population composition: S=9341014, E=48501, I=11336, Q=73086, R=320781, D=2956
   - Avg past 21-day inflow: arizona=11467, mississippi=5593, new mexico=2638, texas=14402, virginia=14873143


 Ground truth daily average for next 14-day inbound by origin states; 
From arizona: Inflow =1854.57;
From new mexico: Inflow =1332.21;
From texas: Inflow =32267.21;
From virginia: Inflow =3266.5;

Please output the recommended traffic control policy in the required JSON format.
2025-12-25 19:48:48,764 - mississippi - INFO - Raw agent output:
```json
{
  "weekly_policy": {
    "restricted_state": "texas"
  },
  "global_guidance": "Risk assessment: Texas has the highest average infected (I) and confirmed (Q) cases among all origin states. Quantitative import logic: Expected imported infections from Texas 「 32267.21 * (8673 / 31634743) 「 8.87. Justification of selection: Restricting Texas would significantly reduce the expected number of imported infections compared to other states. Trade-offs: While restricting Texas will disrupt significant mobility, the high infection rate justifies this action to minimize the risk of disease spread in Mississippi."
}
```
2025-12-25 19:48:48,764 - mississippi - INFO - Parsed PolicyResponse: policy={'texas': [0.5, 0.5]} explanation='Risk assessment: Texas has the highest average infected (I) and confirmed (Q) cases among all origin states. Quantitative import logic: Expected imported infections from Texas 「 32267.21 * (8673 / 31634743) 「 8.87. Justification of selection: Restricting Texas would significantly reduce the expected number of imported infections compared to other states. Trade-offs: While restricting Texas will disrupt significant mobility, the high infection rate justifies this action to minimize the risk of disease spread in Mississippi.'
2025-12-25 19:49:23,129 - mississippi - INFO - Region Agent mississippi - Iteration 12 / 18: Starting policy decision process.
2025-12-25 19:49:23,129 - mississippi - INFO - Region user prompt: For mississippi, you will be given the following information:

Epidemic and mobility information of this state are as follows:

SEIRD parameters:
- beta = 0.1777045562951643
- alpha = 0.0557887604960571
- gamma = 0.090291905
- mu = 0.0019185463050188718
- delta = 0.0671164839606214

Current population composition:
- S = 30275
- E = 78
- I = 20
- Q = 23
- R = 33777
- D = 1262

Other origin states:
1. arizona
   - Avg past 21-day population composition: S=7163115, E=63397, I=4024, Q=90262, R=104788, D=6034
   - Avg past 21-day inflow: arizona=12593850, mississippi=2059, new mexico=33023, texas=22668, virginia=5351

2. new mexico
   - Avg past 21-day population composition: S=95629, E=302, I=53, Q=607, R=15061, D=122
   - Avg past 21-day inflow: arizona=45204, mississippi=1297, new mexico=3587724, texas=74538, virginia=1361

3. texas
   - Avg past 21-day population composition: S=31969056, E=5206, I=8423, Q=55077, R=491110, D=8606
   - Avg past 21-day inflow: arizona=21847, mississippi=42933, new mexico=103286, texas=56938135, virginia=26283

4. virginia
   - Avg past 21-day population composition: S=9091584, E=58864, I=13780, Q=89683, R=423076, D=2981
   - Avg past 21-day inflow: arizona=9562, mississippi=4911, new mexico=2285, texas=13145, virginia=15100136


 Ground truth daily average for next 14-day inbound by origin states; 
From arizona: Inflow =1740.79;
From new mexico: Inflow =1417.14;
From texas: Inflow =28953.43;
From virginia: Inflow =3739.14;

Please output the recommended traffic control policy in the required JSON format.
2025-12-25 19:49:30,983 - mississippi - INFO - Raw agent output:
```json
{
  "weekly_policy": {
    "restricted_state": "texas"
  },
  "global_guidance": "Texas has the highest average daily inbound flow into Mississippi (28953.43) and also a relatively high number of infected (I=8423) and exposed (E=5206) individuals. The expected imported infections from Texas can be estimated as 28953.43 * (8423 / 31969056) 「 77. This is significantly higher compared to the other states. Restricting Texas would reduce the risk of importing a large number of infections into Mississippi, which is crucial for minimizing cumulative confirmed cases and deaths. The trade-off is a 50% reduction in inbound flow from Texas, which may cause some disruption in travel and economic activities, but it is a necessary measure to control the epidemic."
}
```
2025-12-25 19:49:30,995 - mississippi - INFO - Parsed PolicyResponse: policy={'texas': [0.5, 0.5]} explanation='Texas has the highest average daily inbound flow into Mississippi (28953.43) and also a relatively high number of infected (I=8423) and exposed (E=5206) individuals. The expected imported infections from Texas can be estimated as 28953.43 * (8423 / 31969056) 「 77. This is significantly higher compared to the other states. Restricting Texas would reduce the risk of importing a large number of infections into Mississippi, which is crucial for minimizing cumulative confirmed cases and deaths. The trade-off is a 50percent reduction in inbound flow from Texas, which may cause some disruption in travel and economic activities, but it is a necessary measure to control the epidemic.'
2025-12-25 19:50:10,653 - mississippi - INFO - Region Agent mississippi - Iteration 13 / 18: Starting policy decision process.
2025-12-25 19:50:10,653 - mississippi - INFO - Region user prompt: For mississippi, you will be given the following information:

Epidemic and mobility information of this state are as follows:

SEIRD parameters:
- beta = 0.1777045562951643
- alpha = 0.0557887604960571
- gamma = 0.090291905
- mu = 0.0017084427217835844
- delta = 0.0671164839606214

Current population composition:
- S = 30123
- E = 99
- I = 25
- Q = 20
- R = 33805
- D = 1262

Other origin states:
1. arizona
   - Avg past 21-day population composition: S=6784921, E=77781, I=4935, Q=112049, R=139857, D=6467
   - Avg past 21-day inflow: arizona=12775936, mississippi=1718, new mexico=30556, texas=22540, virginia=5287

2. new mexico
   - Avg past 21-day population composition: S=106357, E=447, I=72, Q=753, R=15650, D=122
   - Avg past 21-day inflow: arizona=45419, mississippi=1016, new mexico=3611569, texas=73319, virginia=1472

3. texas
   - Avg past 21-day population composition: S=32293600, E=5243, I=8469, Q=53552, R=565579, D=9454
   - Avg past 21-day inflow: arizona=22032, mississippi=39373, new mexico=99060, texas=57587273, virginia=24012

4. virginia
   - Avg past 21-day population composition: S=8820418, E=70360, I=16505, Q=108554, R=547790, D=2991
   - Avg past 21-day inflow: arizona=9145, mississippi=3822, new mexico=1787, texas=11858, virginia=15126464


 Ground truth daily average for next 14-day inbound by origin states; 
From arizona: Inflow =1989.07;
From new mexico: Inflow =1533.43;
From texas: Inflow =29930.57;
From virginia: Inflow =3674.64;

Please output the recommended traffic control policy in the required JSON format.
2025-12-25 19:50:19,426 - mississippi - INFO - Raw agent output:
```json
{
  "weekly_policy": {
    "restricted_state": "texas"
  },
  "global_guidance": "Texas has the highest average daily inbound flow into Mississippi (29930.57). Additionally, Texas has a significant number of infected (I=8469) and exposed (E=5243) individuals, indicating a high risk of importing infections. The expected imported infections from Texas can be estimated as 29930.57 * (8469 / 32293600) 「 0.77 per day, which is higher compared to other states. Restricting travel from Texas by 50% would reduce this to approximately 0.385 per day, significantly lowering the risk of new infections in Mississippi. While this restriction may cause some mobility disruption, the potential reduction in disease spread justifies the measure."
}
```
2025-12-25 19:50:19,426 - mississippi - INFO - Parsed PolicyResponse: policy={'texas': [0.5, 0.5]} explanation='Texas has the highest average daily inbound flow into Mississippi (29930.57). Additionally, Texas has a significant number of infected (I=8469) and exposed (E=5243) individuals, indicating a high risk of importing infections. The expected imported infections from Texas can be estimated as 29930.57 * (8469 / 32293600) 「 0.77 per day, which is higher compared to other states. Restricting travel from Texas by 50percent would reduce this to approximately 0.385 per day, significantly lowering the risk of new infections in Mississippi. While this restriction may cause some mobility disruption, the potential reduction in disease spread justifies the measure.'
2025-12-25 19:51:06,747 - mississippi - INFO - Region Agent mississippi - Iteration 14 / 18: Starting policy decision process.
2025-12-25 19:51:06,747 - mississippi - INFO - Region user prompt: For mississippi, you will be given the following information:

Epidemic and mobility information of this state are as follows:

SEIRD parameters:
- beta = 0.1777045562951643
- alpha = 0.0557887604960571
- gamma = 0.090291905
- mu = 0.0015059741170298164
- delta = 0.0671164839606214

Current population composition:
- S = 32928
- E = 140
- I = 30
- Q = 20
- R = 33833
- D = 1262

Other origin states:
1. arizona
   - Avg past 21-day population composition: S=6402838, E=94243, I=5981, Q=138136, R=183340, D=6770
   - Avg past 21-day inflow: arizona=13101290, mississippi=2159, new mexico=32596, texas=25699, virginia=5679

2. new mexico
   - Avg past 21-day population composition: S=159981, E=826, I=131, Q=1204, R=16471, D=123
   - Avg past 21-day inflow: arizona=49406, mississippi=1120, new mexico=3686616, texas=75641, virginia=1936

3. texas
   - Avg past 21-day population composition: S=32577763, E=5584, I=8960, Q=54472, R=639830, D=10216
   - Avg past 21-day inflow: arizona=23614, mississippi=39010, new mexico=99222, texas=59112431, virginia=24366

4. virginia
   - Avg past 21-day population composition: S=8516129, E=82285, I=19344, Q=129063, R=697528, D=2992
   - Avg past 21-day inflow: arizona=9407, mississippi=4112, new mexico=2025, texas=12138, virginia=15457936


 Ground truth daily average for next 14-day inbound by origin states; 
From arizona: Inflow =2305.21;
From new mexico: Inflow =1372.21;
From texas: Inflow =31487.07;
From virginia: Inflow =3678.0;

Please output the recommended traffic control policy in the required JSON format.
2025-12-25 19:51:14,234 - mississippi - INFO - Raw agent output:
```json
{
  "weekly_policy": {
    "restricted_state": "texas"
  },
  "global_guidance": "The state of Texas is prioritized for restriction due to its high average daily inbound flow (31487.07) and significant number of infected (I=8960) and exposed (E=5584) individuals. Expected imported infections from Texas are estimated to be 「 31487.07 * (8960 / 32577763) 「 0.85 per day, which is the highest among all origin states. Restricting Texas would significantly reduce the risk of importing new infections into Mississippi, thereby minimizing cumulative confirmed cases and deaths over the 2-week horizon. This trade-off between epidemic control and mobility disruption is justified given the substantial potential for disease spread from Texas."
}
```
2025-12-25 19:51:14,234 - mississippi - INFO - Parsed PolicyResponse: policy={'texas': [0.5, 0.5]} explanation='The state of Texas is prioritized for restriction due to its high average daily inbound flow (31487.07) and significant number of infected (I=8960) and exposed (E=5584) individuals. Expected imported infections from Texas are estimated to be 「 31487.07 * (8960 / 32577763) 「 0.85 per day, which is the highest among all origin states. Restricting Texas would significantly reduce the risk of importing new infections into Mississippi, thereby minimizing cumulative confirmed cases and deaths over the 2-week horizon. This trade-off between epidemic control and mobility disruption is justified given the substantial potential for disease spread from Texas.'
2025-12-25 19:51:44,720 - mississippi - INFO - Region Agent mississippi - Iteration 15 / 18: Starting policy decision process.
2025-12-25 19:51:44,720 - mississippi - INFO - Region user prompt: For mississippi, you will be given the following information:

Epidemic and mobility information of this state are as follows:

SEIRD parameters:
- beta = 0.1777045562951643
- alpha = 0.0557887604960571
- gamma = 0.090291905
- mu = 0.0013140852480992276
- delta = 0.0671164839606214

Current population composition:
- S = 31045
- E = 151
- I = 36
- Q = 27
- R = 33861
- D = 1262

Other origin states:
1. arizona
   - Avg past 21-day population composition: S=5996765, E=112286, I=7126, Q=168512, R=236750, D=6965
   - Avg past 21-day inflow: arizona=13080168, mississippi=2109, new mexico=34666, texas=25958, virginia=5224

2. new mexico
   - Avg past 21-day population composition: S=164452, E=1143, I=178, Q=1802, R=17779, D=134
   - Avg past 21-day inflow: arizona=53423, mississippi=1148, new mexico=3628380, texas=73025, virginia=1760

3. texas
   - Avg past 21-day population composition: S=32872325, E=6241, I=10022, Q=58776, R=717782, D=10929
   - Avg past 21-day inflow: arizona=24633, mississippi=38445, new mexico=98410, texas=59134908, virginia=23381

4. virginia
   - Avg past 21-day population composition: S=8216790, E=94117, I=22186, Q=150299, R=873812, D=2992
   - Avg past 21-day inflow: arizona=9805, mississippi=4465, new mexico=2035, texas=12400, virginia=15326305


 Ground truth daily average for next 14-day inbound by origin states; 
From arizona: Inflow =1827.57;
From new mexico: Inflow =1072.29;
From texas: Inflow =27815.93;
From virginia: Inflow =3330.21;

Please output the recommended traffic control policy in the required JSON format.
2025-12-25 19:51:54,202 - mississippi - INFO - Raw agent output:
```json
{
  "weekly_policy": {
    "restricted_state": "texas"
  },
  "global_guidance": "The risk assessment of each origin state was conducted using the SEIQRD indicators. Texas has the highest number of infected (I) and confirmed (Q) cases, with significant daily inbound flow into Mississippi (27815.93). The expected imported infections from Texas can be estimated as 27815.93 * (10022 / 32872325) 「 8.36. This is significantly higher compared to the other states. Arizona, New Mexico, and Virginia have lower infection rates and much smaller inbound flows. Restricting Texas will reduce the risk of importing new infections into Mississippi, thus minimizing cumulative confirmed cases and deaths over the next two weeks. The trade-off is a 50% reduction in inbound flow from Texas, which may disrupt some travel and economic activities, but this is outweighed by the potential reduction in disease spread."
}
```
2025-12-25 19:51:54,212 - mississippi - INFO - Parsed PolicyResponse: policy={'texas': [0.5, 0.5]} explanation='The risk assessment of each origin state was conducted using the SEIQRD indicators. Texas has the highest number of infected (I) and confirmed (Q) cases, with significant daily inbound flow into Mississippi (27815.93). The expected imported infections from Texas can be estimated as 27815.93 * (10022 / 32872325) 「 8.36. This is significantly higher compared to the other states. Arizona, New Mexico, and Virginia have lower infection rates and much smaller inbound flows. Restricting Texas will reduce the risk of importing new infections into Mississippi, thus minimizing cumulative confirmed cases and deaths over the next two weeks. The trade-off is a 50percent reduction in inbound flow from Texas, which may disrupt some travel and economic activities, but this is outweighed by the potential reduction in disease spread.'
2025-12-25 19:53:40,368 - mississippi - INFO - Region Agent mississippi - Iteration 16 / 18: Starting policy decision process.
2025-12-25 19:53:40,368 - mississippi - INFO - Region user prompt: For mississippi, you will be given the following information:

Epidemic and mobility information of this state are as follows:

SEIRD parameters:
- beta = 0.1777045562951643
- alpha = 0.0557887604960571
- gamma = 0.090291905
- mu = 0.001135059216634949
- delta = 0.0671164839606214

Current population composition:
- S = 28490
- E = 168
- I = 38
- Q = 28
- R = 33897
- D = 1262

Other origin states:
1. arizona
   - Avg past 21-day population composition: S=5497932, E=131505, I=8346, Q=202864, R=301544, D=7082
   - Avg past 21-day inflow: arizona=13314477, mississippi=2086, new mexico=31372, texas=22712, virginia=4496

2. new mexico
   - Avg past 21-day population composition: S=284646, E=2457, I=421, Q=3136, R=19783, D=148
   - Avg past 21-day inflow: arizona=56394, mississippi=1158, new mexico=3541362, texas=67380, virginia=1577

3. texas
   - Avg past 21-day population composition: S=33079424, E=6849, I=11061, Q=65055, R=803533, D=11626
   - Avg past 21-day inflow: arizona=23555, mississippi=35978, new mexico=79863, texas=59397204, virginia=21662

4. virginia
   - Avg past 21-day population composition: S=7932333, E=105009, I=24830, Q=171119, R=1076947, D=2992
   - Avg past 21-day inflow: arizona=10100, mississippi=4247, new mexico=1850, texas=12514, virginia=15466694


 Ground truth daily average for next 14-day inbound by origin states; 
From arizona: Inflow =1977.36;
From new mexico: Inflow =1155.14;
From texas: Inflow =29425.71;
From virginia: Inflow =3166.29;

Please output the recommended traffic control policy in the required JSON format.
2025-12-25 19:53:53,591 - mississippi - INFO - Raw agent output:
```json
{
  "weekly_policy": {
    "restricted_state": "texas"
  },
  "global_guidance": "The risk assessment of each origin state is based on their SEIQRD indicators. Texas has the highest number of infected (I) and confirmed (Q) cases, making it the highest risk state. The expected imported infections from Texas can be estimated as 29425.71 * (11061 / 33079424) 「 0.99, which is significantly higher than the other states. Restricting travel from Texas would reduce the inbound flow by 50%, thus minimizing the potential import of infections into Mississippi. This intervention is justified as it offers the best balance between reducing disease spread and maintaining mobility from other, less risky states."
}
```
2025-12-25 19:53:53,602 - mississippi - INFO - Parsed PolicyResponse: policy={'texas': [0.5, 0.5]} explanation='The risk assessment of each origin state is based on their SEIQRD indicators. Texas has the highest number of infected (I) and confirmed (Q) cases, making it the highest risk state. The expected imported infections from Texas can be estimated as 29425.71 * (11061 / 33079424) 「 0.99, which is significantly higher than the other states. Restricting travel from Texas would reduce the inbound flow by 50percent, thus minimizing the potential import of infections into Mississippi. This intervention is justified as it offers the best balance between reducing disease spread and maintaining mobility from other, less risky states.'
2025-12-25 19:54:51,204 - mississippi - INFO - Region Agent mississippi - Iteration 17 / 18: Starting policy decision process.
2025-12-25 19:54:51,205 - mississippi - INFO - Region user prompt: For mississippi, you will be given the following information:

Epidemic and mobility information of this state are as follows:

SEIRD parameters:
- beta = 0.1777045562951643
- alpha = 0.0557887604960571
- gamma = 0.090291905
- mu = 0.0009705154342321424
- delta = 0.0671164839606214

Current population composition:
- S = 25028
- E = 187
- I = 35
- Q = 33
- R = 33939
- D = 1262

Other origin states:
1. arizona
   - Avg past 21-day population composition: S=4883164, E=149429, I=9486, Q=240185, R=378996, D=7147
   - Avg past 21-day inflow: arizona=13145499, mississippi=2050, new mexico=28775, texas=21295, virginia=4029

2. new mexico
   - Avg past 21-day population composition: S=536067, E=5451, I=1004, Q=7349, R=24013, D=173
   - Avg past 21-day inflow: arizona=64474, mississippi=1293, new mexico=3435281, texas=64626, virginia=1197

3. texas
   - Avg past 21-day population composition: S=33202622, E=7638, I=12263, Q=71535, R=898132, D=12303
   - Avg past 21-day inflow: arizona=25128, mississippi=35622, new mexico=73550, texas=59303116, virginia=20129

4. virginia
   - Avg past 21-day population composition: S=7662740, E=114069, I=27067, Q=190123, R=1305599, D=2992
   - Avg past 21-day inflow: arizona=9783, mississippi=3845, new mexico=1710, texas=11869, virginia=15261036


 Ground truth daily average for next 14-day inbound by origin states; 
From arizona: Inflow =2273.43;
From new mexico: Inflow =885.64;
From texas: Inflow =42422.64;
From virginia: Inflow =4679.71;

Please output the recommended traffic control policy in the required JSON format.
2025-12-25 19:54:59,305 - mississippi - INFO - Raw agent output:
```json
{
  "weekly_policy": {
    "restricted_state": "texas"
  },
  "global_guidance": "The state of Texas has the highest average daily inbound flow into Mississippi (42422.64) and a significant number of infected individuals (I=12263). The expected imported infections from Texas can be estimated as 42422.64 * (12263 / 33202622) 「 1.59 per day, which is higher compared to other states. Restricting 50% of the inbound flow from Texas would reduce this to approximately 0.80 infections per day. This is a significant reduction compared to the other states, which have lower inbound flows and fewer infected individuals. The trade-off is a moderate disruption to mobility, but the potential reduction in imported cases justifies the temporary restriction."
}
```
2025-12-25 19:54:59,305 - mississippi - INFO - Parsed PolicyResponse: policy={'texas': [0.5, 0.5]} explanation='The state of Texas has the highest average daily inbound flow into Mississippi (42422.64) and a significant number of infected individuals (I=12263). The expected imported infections from Texas can be estimated as 42422.64 * (12263 / 33202622) 「 1.59 per day, which is higher compared to other states. Restricting 50percent of the inbound flow from Texas would reduce this to approximately 0.80 infections per day. This is a significant reduction compared to the other states, which have lower inbound flows and fewer infected individuals. The trade-off is a moderate disruption to mobility, but the potential reduction in imported cases justifies the temporary restriction.'
2025-12-25 19:55:37,341 - mississippi - INFO - Region Agent mississippi - Iteration 18 / 18: Starting policy decision process.
2025-12-25 19:55:37,341 - mississippi - INFO - Region user prompt: For mississippi, you will be given the following information:

Epidemic and mobility information of this state are as follows:

SEIRD parameters:
- beta = 0.1777045562951643
- alpha = 0.0557887604960571
- gamma = 0.090291905
- mu = 0.0008214390046085522
- delta = 0.0671164839606214

Current population composition:
- S = 77226
- E = 1098
- I = 209
- Q = 70
- R = 33999
- D = 1262

Other origin states:
1. arizona
   - Avg past 21-day population composition: S=4123577, E=159000, I=10074, Q=276063, R=469578, D=7180
   - Avg past 21-day inflow: arizona=12798149, mississippi=1891, new mexico=27828, texas=26952, virginia=5103

2. new mexico
   - Avg past 21-day population composition: S=1331994, E=7228, I=1466, Q=13942, R=33207, D=228
   - Avg past 21-day inflow: arizona=38393, mississippi=1937, new mexico=3247252, texas=163910, virginia=1410

3. texas
   - Avg past 21-day population composition: S=32705761, E=8856, I=14291, Q=82135, R=1004165, D=12963
   - Avg past 21-day inflow: arizona=29934, mississippi=47560, new mexico=79862, texas=57427711, virginia=23877

4. virginia
   - Avg past 21-day population composition: S=7550277, E=124583, I=29558, Q=207695, R=1557051, D=2992
   - Avg past 21-day inflow: arizona=36424, mississippi=4629, new mexico=1614, texas=14757, virginia=14873036


 Ground truth daily average for next 14-day inbound by origin states; 
From arizona: Inflow =1961.64;
From new mexico: Inflow =1070.0;
From texas: Inflow =35070.57;
From virginia: Inflow =3897.79;

Please output the recommended traffic control policy in the required JSON format.
2025-12-25 19:55:51,263 - mississippi - INFO - Raw agent output:
```json
{
  "weekly_policy": {
    "restricted_state": "texas"
  },
  "global_guidance": "Texas has the highest average daily inbound flow into Mississippi (35070.57). Given its high number of infected individuals (I=14291) and confirmed cases (Q=82135), the risk of importing infections is significant. Expected imported infections from Texas 「 35070.57 * (14291 / 32705761) 「 1.57 per day. Restricting 50% of this flow would reduce the expected imported infections by approximately 0.785 per day, significantly lowering the risk of spreading the disease in Mississippi. While this restriction may cause some mobility disruption, the potential reduction in new cases and deaths justifies the intervention."
}
```
2025-12-25 19:55:51,279 - mississippi - INFO - Parsed PolicyResponse: policy={'texas': [0.5, 0.5]} explanation='Texas has the highest average daily inbound flow into Mississippi (35070.57). Given its high number of infected individuals (I=14291) and confirmed cases (Q=82135), the risk of importing infections is significant. Expected imported infections from Texas 「 35070.57 * (14291 / 32705761) 「 1.57 per day. Restricting 50percent of this flow would reduce the expected imported infections by approximately 0.785 per day, significantly lowering the risk of spreading the disease in Mississippi. While this restriction may cause some mobility disruption, the potential reduction in new cases and deaths justifies the intervention.'
