2025-12-23 19:36:51,133 - texas - INFO - Region Agent texas - Iteration 1 / 6: Starting policy decision process.
2025-12-23 19:36:51,133 - texas - INFO - Region user prompt: For texas, you will be given the following information:

Epidemic and mobility information of this state are as follows:

SEIRD parameters:
- beta = 0.1282505889136005
- alpha = 0.9980485585499752
- gamma = 0.1
- mu = 0.0
- delta = 0.6277712284052059

Current population composition:
- S = 28984537
- E = 927
- I = 327
- Q = 7619
- R = 2141
- D = 330

Other origin states:
1. arizona
   - Avg past 21-day population composition: S=7272180, E=1952, I=962, Q=3319, R=186, D=118
   - Avg past 21-day inflow: arizona=9717467, mississippi=1551, new mexico=19529, texas=27907, virginia=3665

2. mississippi
   - Avg past 21-day population composition: S=2970629, E=906, I=1753, Q=2463, R=301, D=97
   - Avg past 21-day inflow: arizona=1194, mississippi=3987236, new mexico=942, texas=18479, virginia=2401

3. new mexico
   - Avg past 21-day population composition: S=2093484, E=816, I=1276, Q=959, R=265, D=29
   - Avg past 21-day inflow: arizona=14511, mississippi=1425, new mexico=2776969, texas=84217, virginia=1004

4. virginia
   - Avg past 21-day population composition: S=8524995, E=1825, I=3189, Q=4825, R=540, D=145
   - Avg past 21-day inflow: arizona=3171, mississippi=2260, new mexico=1385, texas=13780, virginia=11423959


 Ground truth daily average for next 42-day inbound by origin states; 
From arizona: Inflow =30725.98;
From mississippi: Inflow =35090.12;
From new mexico: Inflow =77899.05;
From virginia: Inflow =16518.67;

Please output the recommended traffic control policy in the required JSON format.
2025-12-23 19:37:10,258 - texas - INFO - Raw agent output:
```json
{
  "arizona": {
      "fractions": [0.1, 0.1, 0.2, 0.2, 0.2, 0.2],
      "notes": "Arizona has high E and I values, indicating significant infection pressure. Imported infections can be estimated as Flow*ft*(I/population). A strict-first pattern is chosen to minimize early spread, with gradual relaxation. Trade-offs involve balancing economic mobility with epidemic control. Fractions sum to 1."
  },
  "mississippi": {
      "fractions": [0.05, 0.1, 0.15, 0.2, 0.25, 0.25],
      "notes": "Mississippi has very high I, suggesting high risk. A strict-first pattern is critical to reduce early imported cases. Gradual relaxation allows for monitoring. Imported infections scale with Flow*ft*(I/population). Fractions ensure total flow remains constant while minimizing early risk."
  },
  "new mexico": {
      "fractions": [0.15, 0.15, 0.2, 0.2, 0.15, 0.15],
      "notes": "New Mexico has moderate I but significant E, indicating potential future spread. A balanced pattern is chosen to manage risk without overly restricting mobility. Imported infections depend on Flow*ft*(I/population). Fractions are designed to sum to 1 while mitigating mid-term risk."
  },
  "virginia": {
      "fractions": [0.2, 0.2, 0.2, 0.2, 0.1, 0.1],
      "notes": "Virginia has high I and Q, posing substantial risk. A relaxed-first pattern is used to delay peak infections, followed by stricter controls. Imported infections scale with Flow*ft*(I/population). Trade-offs involve early mobility vs. late control. Fractions sum to 1."
  },
  "global_guidance": "The allocations prioritize strict early controls for high-risk states (Mississippi, Arizona) to reduce initial infection seeding. Lower-risk states (New Mexico, Virginia) use balanced or relaxed-first patterns to manage economic impacts. Cross-state coordination minimizes imported infections by aligning strict controls with high prevalence. Quantitative logic involves scaling Flow*ft*(I/population) to estimate imported cases. Sensitivity: if beta increases, stricter controls may be needed; if prevalence drops, relaxation can accelerate. The approach balances epidemic suppression with mobility needs."
}
```
2025-12-23 19:37:10,258 - texas - INFO - Parsed PolicyResponse: policy={'arizona': [0.1, 0.1, 0.2, 0.2, 0.2, 0.2], 'mississippi': [0.05, 0.1, 0.15, 0.2, 0.25, 0.25], 'new mexico': [0.15, 0.15, 0.2, 0.2, 0.15, 0.15], 'virginia': [0.2, 0.2, 0.2, 0.2, 0.1, 0.1]} explanation='The allocations prioritize strict early controls for high-risk states (Mississippi, Arizona) to reduce initial infection seeding. Lower-risk states (New Mexico, Virginia) use balanced or relaxed-first patterns to manage economic impacts. Cross-state coordination minimizes imported infections by aligning strict controls with high prevalence. Quantitative logic involves scaling Flow*ft*(I/population) to estimate imported cases. Sensitivity: if beta increases, stricter controls may be needed; if prevalence drops, relaxation can accelerate. The approach balances epidemic suppression with mobility needs.'
2025-12-23 19:38:27,117 - texas - INFO - Region Agent texas - Iteration 2 / 6: Starting policy decision process.
2025-12-23 19:38:27,117 - texas - INFO - Region user prompt: For texas, you will be given the following information:

Epidemic and mobility information of this state are as follows:

SEIRD parameters:
- beta = 0.1282505889136005
- alpha = 0.9980485585499752
- gamma = 0.07257077748556129
- mu = 0.0017912653755161197
- delta = 0.6277712284052059

Current population composition:
- S = 26725773
- E = 2176
- I = 3425
- Q = 21528
- R = 36878
- D = 1360

Other origin states:
1. arizona
   - Avg past 21-day population composition: S=7920493, E=5724, I=367, Q=8311, R=2745, D=649
   - Avg past 21-day inflow: arizona=12334093, mississippi=2454, new mexico=31673, texas=33956, virginia=3069

2. mississippi
   - Avg past 21-day population composition: S=2771929, E=9668, I=4574, Q=2496, R=5971, D=319
   - Avg past 21-day inflow: arizona=1840, mississippi=6201158, new mexico=1238, texas=39226, virginia=3693

3. new mexico
   - Avg past 21-day population composition: S=3462530, E=758, I=165, Q=2144, R=4439, D=60
   - Avg past 21-day inflow: arizona=25775, mississippi=2692, new mexico=3538501, texas=128902, virginia=1509

4. virginia
   - Avg past 21-day population composition: S=8521079, E=6682, I=1568, Q=9556, R=22211, D=1097
   - Avg past 21-day inflow: arizona=4734, mississippi=4688, new mexico=1668, texas=14396, virginia=14133151


 Ground truth daily average for next 42-day inbound by origin states; 
From arizona: Inflow =48216.1;
From mississippi: Inflow =55114.43;
From new mexico: Inflow =120692.24;
From virginia: Inflow =25125.12;

Please output the recommended traffic control policy in the required JSON format.
2025-12-23 19:38:45,736 - texas - INFO - Raw agent output:
```json
{
  "arizona": {
    "fractions": [0.05, 0.1, 0.15, 0.2, 0.25, 0.25],
    "notes": "Arizona has a relatively high infected (I) and exposed (E) population, indicating significant infection pressure. The fractions are designed to start strict and gradually relax, balancing early containment with eventual economic recovery. The initial low fractions minimize early imported infections, while later increases allow for controlled mobility. The sum of fractions is validated to be 1."
  },
  "mississippi": {
    "fractions": [0.1, 0.15, 0.2, 0.2, 0.2, 0.15],
    "notes": "Mississippi shows high E and I values, suggesting substantial infection risk. The allocation starts moderately strict and peaks in the middle weeks to manage infection spread while maintaining some mobility. The gradual increase and then decrease in fractions aim to balance epidemic control and economic activity. The sum of fractions is validated to be 1."
  },
  "new mexico": {
    "fractions": [0.2, 0.2, 0.2, 0.2, 0.1, 0.1],
    "notes": "New Mexico has lower I and E values, indicating lower infection pressure. The allocation is more relaxed initially to allow for higher mobility, with stricter controls in later weeks to prevent late-stage surges. The sum of fractions is validated to be 1."
  },
  "virginia": {
    "fractions": [0.15, 0.2, 0.2, 0.2, 0.15, 0.1],
    "notes": "Virginia's E and I values are moderate, suggesting a balanced approach. The fractions are designed to maintain consistent mobility in the middle weeks, with stricter controls at the start and end to manage infection risks. The sum of fractions is validated to be 1."
  },
  "global_guidance": "The inbound traffic allocations are designed to minimize cumulative confirmed and deceased cases in Texas by strategically adjusting weekly inflows from each origin state. The allocations consider the infection pressure (E and I values) from each state, with stricter controls applied to states with higher infection risks. The gradual relaxation of controls in some states (e.g., Arizona) aims to balance epidemic control with economic recovery. Cross-state cooperation is ensured by maintaining total inbound flow constants over the 6-week period. Sensitivity analysis suggests that if prevalence (I) increases in any origin state, the fractions should be adjusted to further reduce inflows during peak infection weeks. The approach balances immediate infection control with long-term mobility needs."
}
```
2025-12-23 19:38:45,752 - texas - INFO - Parsed PolicyResponse: policy={'arizona': [0.05, 0.1, 0.15, 0.2, 0.25, 0.25], 'mississippi': [0.1, 0.15, 0.2, 0.2, 0.2, 0.15], 'new mexico': [0.2, 0.2, 0.2, 0.2, 0.1, 0.1], 'virginia': [0.15, 0.2, 0.2, 0.2, 0.15, 0.1]} explanation='The inbound traffic allocations are designed to minimize cumulative confirmed and deceased cases in Texas by strategically adjusting weekly inflows from each origin state. The allocations consider the infection pressure (E and I values) from each state, with stricter controls applied to states with higher infection risks. The gradual relaxation of controls in some states (e.g., Arizona) aims to balance epidemic control with economic recovery. Cross-state cooperation is ensured by maintaining total inbound flow constants over the 6-week period. Sensitivity analysis suggests that if prevalence (I) increases in any origin state, the fractions should be adjusted to further reduce inflows during peak infection weeks. The approach balances immediate infection control with long-term mobility needs.'
2025-12-23 19:39:54,814 - texas - INFO - Region Agent texas - Iteration 3 / 6: Starting policy decision process.
2025-12-23 19:39:54,815 - texas - INFO - Region user prompt: For texas, you will be given the following information:

Epidemic and mobility information of this state are as follows:

SEIRD parameters:
- beta = 0.1282505889136005
- alpha = 0.9980485585499752
- gamma = 0.08973952628844095
- mu = 0.0015933077959023464
- delta = 0.6277712284052059

Current population composition:
- S = 25107679
- E = 5456
- I = 8918
- Q = 50216
- R = 155961
- D = 3752

Other origin states:
1. arizona
   - Avg past 21-day population composition: S=8709711, E=13470, I=889, Q=18821, R=13937, D=2097
   - Avg past 21-day inflow: arizona=12691405, mississippi=3597, new mexico=35878, texas=61904, virginia=4560

2. mississippi
   - Avg past 21-day population composition: S=2137741, E=27859, I=13278, Q=7844, R=24132, D=966
   - Avg past 21-day inflow: arizona=3365, mississippi=6521022, new mexico=1363, texas=42604, virginia=2669

3. new mexico
   - Avg past 21-day population composition: S=3634629, E=1358, I=341, Q=3320, R=11012, D=102
   - Avg past 21-day inflow: arizona=34127, mississippi=2640, new mexico=3781302, texas=225923, virginia=1266

4. virginia
   - Avg past 21-day population composition: S=8380128, E=14378, I=3395, Q=20761, R=76355, D=2211
   - Avg past 21-day inflow: arizona=8540, mississippi=5452, new mexico=1689, texas=38419, virginia=15378004


 Ground truth daily average for next 42-day inbound by origin states; 
From arizona: Inflow =46447.12;
From mississippi: Inflow =55700.19;
From new mexico: Inflow =118588.31;
From virginia: Inflow =28665.05;

Please output the recommended traffic control policy in the required JSON format.
2025-12-23 19:40:15,039 - texas - INFO - Raw agent output:
```json
{
  "arizona": {
    "fractions": [0.1, 0.1, 0.2, 0.2, 0.2, 0.2],
    "notes": "Arizona has moderate infection pressure (I=889, Q=18821). The strict-first pattern is chosen to minimize early imported infections, as Texas has high susceptibility (S=25107679). Imported_infected ~ Flow*ft*(I/population) suggests reducing initial flow. Trade-offs involve balancing economic impact with epidemic control. Fractions sum to 1."
  },
  "mississippi": {
    "fractions": [0.05, 0.1, 0.15, 0.2, 0.25, 0.25],
    "notes": "Mississippi has high infection pressure (I=13278, E=27859). The strict-first pattern is critical due to high prevalence. Imported_infected ~ Flow*ft*(I/population) justifies low initial ft. Trade-offs include mobility restrictions vs. epidemic spread. Fractions sum to 1."
  },
  "new mexico": {
    "fractions": [0.2, 0.2, 0.2, 0.2, 0.1, 0.1],
    "notes": "New Mexico has low infection pressure (I=341, Q=3320). The even pattern is chosen due to low risk. Imported_infected ~ Flow*ft*(I/population) suggests relaxed control. Trade-offs are minimal. Fractions sum to 1."
  },
  "virginia": {
    "fractions": [0.15, 0.15, 0.2, 0.2, 0.15, 0.15],
    "notes": "Virginia has moderate infection pressure (I=3395, Q=20761). The even pattern is chosen to balance risk. Imported_infected ~ Flow*ft*(I/population) suggests moderate control. Trade-offs involve economic and health impacts. Fractions sum to 1."
  },
  "global_guidance": "Cross-state reasoning prioritizes strict control for high-risk states (Mississippi) and relaxed control for low-risk states (New Mexico). Quantitative cooperation logic balances weekly allocations to minimize cumulative cases. Sensitivity reasoning: if prevalence increases, stricter controls may be needed; if beta decreases, controls can be relaxed. The strategy aims to reduce imported infections while maintaining essential mobility."
}
```
2025-12-23 19:40:15,040 - texas - INFO - Parsed PolicyResponse: policy={'arizona': [0.1, 0.1, 0.2, 0.2, 0.2, 0.2], 'mississippi': [0.05, 0.1, 0.15, 0.2, 0.25, 0.25], 'new mexico': [0.2, 0.2, 0.2, 0.2, 0.1, 0.1], 'virginia': [0.15, 0.15, 0.2, 0.2, 0.15, 0.15]} explanation='Cross-state reasoning prioritizes strict control for high-risk states (Mississippi) and relaxed control for low-risk states (New Mexico). Quantitative cooperation logic balances weekly allocations to minimize cumulative cases. Sensitivity reasoning: if prevalence increases, stricter controls may be needed; if beta decreases, controls can be relaxed. The strategy aims to reduce imported infections while maintaining essential mobility.'
2025-12-23 19:41:34,843 - texas - INFO - Region Agent texas - Iteration 4 / 6: Starting policy decision process.
2025-12-23 19:41:34,843 - texas - INFO - Region user prompt: For texas, you will be given the following information:

Epidemic and mobility information of this state are as follows:

SEIRD parameters:
- beta = 0.1282505889136005
- alpha = 0.9980485585499752
- gamma = 0.09654221006261424
- mu = 0.0013089224950210254
- delta = 0.6277712284052059

Current population composition:
- S = 24642424
- E = 14911
- I = 24444
- Q = 123494
- R = 444364
- D = 8120

Other origin states:
1. arizona
   - Avg past 21-day population composition: S=8998709, E=29727, I=1981, Q=40643, R=42255, D=3896
   - Avg past 21-day inflow: arizona=12204458, mississippi=3375, new mexico=31147, texas=52558, virginia=4780

2. mississippi
   - Avg past 21-day population composition: S=1225199, E=51839, I=25381, Q=18211, R=73105, D=2446
   - Avg past 21-day inflow: arizona=2551, mississippi=6404182, new mexico=1445, texas=46437, virginia=4680

3. new mexico
   - Avg past 21-day population composition: S=5415621, E=3287, I=779, Q=8152, R=25317, D=190
   - Avg past 21-day inflow: arizona=27389, mississippi=1990, new mexico=3591304, texas=127924, virginia=1254

4. virginia
   - Avg past 21-day population composition: S=8376077, E=32139, I=7657, Q=46829, R=196788, D=2669
   - Avg past 21-day inflow: arizona=7083, mississippi=7300, new mexico=1870, texas=31926, virginia=14714026


 Ground truth daily average for next 42-day inbound by origin states; 
From arizona: Inflow =44076.02;
From mississippi: Inflow =42425.12;
From new mexico: Inflow =100158.24;
From virginia: Inflow =26401.71;

Please output the recommended traffic control policy in the required JSON format.
2025-12-23 19:41:58,179 - texas - INFO - Raw agent output:
```json
{
  "arizona": {
    "fractions": [0.1, 0.1, 0.15, 0.2, 0.2, 0.25],
    "notes": "Arizona shows moderate infection pressure with I=1981 and Q=40643. The relaxed-first pattern is chosen to allow initial strict controls (low f1, f2) to reduce early imported infections, then gradually relax (higher f3-f6) as local controls stabilize. Imported_infected ~ Flow*ft*(I/population) suggests higher initial restrictions lower early risks. Trade-off: strict early controls reduce peak infections but may delay economic recovery. Validation: 0.1+0.1+0.15+0.2+0.2+0.25=1."
  },
  "mississippi": {
    "fractions": [0.05, 0.1, 0.15, 0.2, 0.25, 0.25],
    "notes": "Mississippi has high infection pressure (I=25381, E=51839). Strict-first pattern is critical to minimize early influx of exposed/infected individuals. Low f1-f3 values (0.05-0.15) sharply reduce imported_infected ~ Flow*ft*(I/population). Gradual relaxation (f4-f6) allows monitoring of local transmission. Trade-off: severe initial restrictions may disrupt essential travel. Validation: 0.05+0.1+0.15+0.2+0.25+0.25=1."
  },
  "new mexico": {
    "fractions": [0.2, 0.2, 0.2, 0.15, 0.15, 0.1],
    "notes": "New Mexico has lower infection pressure (I=779, Q=8152). Even distribution with slight early bias (higher f1-f3) balances risk, as imported_infected ~ Flow*ft*(I/population) is relatively low. Slight late tightening (lower f5-f6) aligns with potential winter resurgence risks. Trade-off: maintaining steady flow supports connectivity but requires vigilance. Validation: 0.2+0.2+0.2+0.15+0.15+0.1=1."
  },
  "virginia": {
    "fractions": [0.15, 0.15, 0.2, 0.2, 0.15, 0.15],
    "notes": "Virginia shows moderate infection levels (I=7657, Q=46829). Symmetric pattern (higher middle weeks) allows monitoring of both initial and late-phase risks. Imported_infected ~ Flow*ft*(I/population) is mitigated by mid-period relaxation. Trade-off: balanced approach avoids extreme disruptions but requires consistent enforcement. Validation: 0.15+0.15+0.2+0.2+0.15+0.15=1."
  },
  "global_guidance": "The allocations collectively prioritize strict controls for high-risk states (Mississippi) early, while allowing moderate flows from lower-risk states (New Mexico). Cross-state coordination minimizes imported infections by: (1) aligning strict phases for high I states, (2) using temporal staggering to avoid simultaneous peaks. Quantitative logic: total imported risk = ¦²(Flow_i*ft_i*(I_i/pop_i)), minimized by inverse weighting of I/pop. Sensitivity: if beta increases, tighten all f1-f3 values; if delta (detection rate) improves, relax late-phase restrictions. Balancing mobility and epidemic control requires dynamic adjustment based on real-time I and Q trends across states."
}
```
2025-12-23 19:41:58,179 - texas - INFO - Parsed PolicyResponse: policy={'arizona': [0.1, 0.1, 0.15, 0.2, 0.2, 0.25], 'mississippi': [0.05, 0.1, 0.15, 0.2, 0.25, 0.25], 'new mexico': [0.19999999999999996, 0.19999999999999996, 0.19999999999999996, 0.14999999999999997, 0.14999999999999997, 0.10000000000000031], 'virginia': [0.15, 0.15, 0.2, 0.2, 0.15, 0.15]} explanation='The allocations collectively prioritize strict controls for high-risk states (Mississippi) early, while allowing moderate flows from lower-risk states (New Mexico). Cross-state coordination minimizes imported infections by: (1) aligning strict phases for high I states, (2) using temporal staggering to avoid simultaneous peaks. Quantitative logic: total imported risk = ¦²(Flow_i*ft_i*(I_i/pop_i)), minimized by inverse weighting of I/pop. Sensitivity: if beta increases, tighten all f1-f3 values; if delta (detection rate) improves, relax late-phase restrictions. Balancing mobility and epidemic control requires dynamic adjustment based on real-time I and Q trends across states.'
2025-12-23 19:43:13,507 - texas - INFO - Region Agent texas - Iteration 5 / 6: Starting policy decision process.
2025-12-23 19:43:13,507 - texas - INFO - Region user prompt: For texas, you will be given the following information:

Epidemic and mobility information of this state are as follows:

SEIRD parameters:
- beta = 0.1282505889136005
- alpha = 0.9980485585499752
- gamma = 0.09877227622790413
- mu = 0.0009931221825234529
- delta = 0.6277712284052059

Current population composition:
- S = 22423830
- E = 18730
- I = 30417
- Q = 161849
- R = 995357
- D = 14539

Other origin states:
1. arizona
   - Avg past 21-day population composition: S=9166781, E=62906, I=4098, Q=87971, R=106147, D=5170
   - Avg past 21-day inflow: arizona=12775936, mississippi=2801, new mexico=28157, texas=50409, virginia=4352

2. mississippi
   - Avg past 21-day population composition: S=683179, E=45635, I=21205, Q=17535, R=140760, D=4074
   - Avg past 21-day inflow: arizona=2020, mississippi=6474992, new mexico=1181, texas=42525, virginia=2939

3. new mexico
   - Avg past 21-day population composition: S=6580611, E=6826, I=1559, Q=17023, R=57092, D=386
   - Avg past 21-day inflow: arizona=33651, mississippi=1649, new mexico=3611569, texas=147748, virginia=1143

4. virginia
   - Avg past 21-day population composition: S=8143892, E=64196, I=15227, Q=97409, R=461934, D=2744
   - Avg past 21-day inflow: arizona=6781, mississippi=6513, new mexico=1762, texas=28809, virginia=15126464


 Ground truth daily average for next 42-day inbound by origin states; 
From arizona: Inflow =47836.88;
From mississippi: Inflow =37509.52;
From new mexico: Inflow =90631.0;
From virginia: Inflow =22634.9;

Please output the recommended traffic control policy in the required JSON format.
2025-12-23 19:43:30,647 - texas - INFO - Raw agent output:
```json
{
  "arizona": {
    "fractions": [0.1, 0.1, 0.15, 0.2, 0.2, 0.25],
    "notes": "Arizona has high E and Q values, indicating significant infection pressure. The fractions are structured to be strict-first to minimize early imported infections. The gradual increase allows for controlled mobility while monitoring infection trends. Imported infections are estimated as Flow*ft*(I/population), with higher fractions later when Texas's own infection rates may stabilize. The sum of fractions is validated to 1."
  },
  "mississippi": {
    "fractions": [0.05, 0.1, 0.15, 0.2, 0.25, 0.25],
    "notes": "Mississippi has very high E and I values, posing a high risk. The strict-first pattern is critical here to prevent early surges. The fractions are kept low initially and gradually increased, balancing mobility needs with epidemic control. The sum of fractions is validated to 1."
  },
  "new mexico": {
    "fractions": [0.2, 0.2, 0.2, 0.2, 0.1, 0.1],
    "notes": "New Mexico has relatively low E and I values, suggesting lower risk. The even pattern is used here to maintain steady mobility while still controlling infections. The slight reduction in later weeks accounts for potential seasonal trends. The sum of fractions is validated to 1."
  },
  "virginia": {
    "fractions": [0.15, 0.15, 0.2, 0.2, 0.15, 0.15],
    "notes": "Virginia has moderate E and I values. The fractions are balanced to avoid strict early controls while still mitigating risk. The middle weeks see higher fractions to accommodate essential travel. The sum of fractions is validated to 1."
  },
  "global_guidance": "The allocations collectively aim to minimize imported infections by prioritizing strict controls for high-risk states (Mississippi, Arizona) and more relaxed controls for lower-risk states (New Mexico). Cross-state coordination ensures that high-risk inflows are minimized early, reducing cumulative cases. Sensitivity analysis shows that if prevalence increases in any origin state, the fractions should be adjusted to stricter controls. The beta parameter influences the effectiveness of controls; higher beta would necessitate stricter fractions. The trade-offs between mobility and epidemic control are managed by gradual relaxation in later weeks, assuming Texas's internal measures stabilize the local epidemic."
}
```
2025-12-23 19:43:30,648 - texas - INFO - Parsed PolicyResponse: policy={'arizona': [0.1, 0.1, 0.15, 0.2, 0.2, 0.25], 'mississippi': [0.05, 0.1, 0.15, 0.2, 0.25, 0.25], 'new mexico': [0.2, 0.2, 0.2, 0.2, 0.1, 0.1], 'virginia': [0.15, 0.15, 0.2, 0.2, 0.15, 0.15]} explanation="The allocations collectively aim to minimize imported infections by prioritizing strict controls for high-risk states (Mississippi, Arizona) and more relaxed controls for lower-risk states (New Mexico). Cross-state coordination ensures that high-risk inflows are minimized early, reducing cumulative cases. Sensitivity analysis shows that if prevalence increases in any origin state, the fractions should be adjusted to stricter controls. The beta parameter influences the effectiveness of controls; higher beta would necessitate stricter fractions. The trade-offs between mobility and epidemic control are managed by gradual relaxation in later weeks, assuming Texas's internal measures stabilize the local epidemic."
2025-12-23 19:45:02,814 - texas - INFO - Region Agent texas - Iteration 6 / 6: Starting policy decision process.
2025-12-23 19:45:02,814 - texas - INFO - Region user prompt: For texas, you will be given the following information:

Epidemic and mobility information of this state are as follows:

SEIRD parameters:
- beta = 0.1282505889136005
- alpha = 0.9980485585499752
- gamma = 0.09945653442714063
- mu = 0.0006959306018464415
- delta = 0.6277712284052059

Current population composition:
- S = 19510846
- E = 25838
- I = 42123
- Q = 245901
- R = 1778490
- D = 21055

Other origin states:
1. arizona
   - Avg past 21-day population composition: S=8840419, E=125303, I=8161, Q=180709, R=241084, D=5671
   - Avg past 21-day inflow: arizona=13314477, mississippi=2971, new mexico=26089, texas=59093, virginia=5021

2. mississippi
   - Avg past 21-day population composition: S=415282, E=78765, I=33053, Q=24669, R=214105, D=5304
   - Avg past 21-day inflow: arizona=2856, mississippi=6631471, new mexico=1458, texas=49375, virginia=3204

3. new mexico
   - Avg past 21-day population composition: S=8172210, E=14379, I=3210, Q=34350, R=121070, D=775
   - Avg past 21-day inflow: arizona=44908, mississippi=1606, new mexico=3541362, texas=142878, virginia=1392

4. virginia
   - Avg past 21-day population composition: S=7706951, E=107825, I=25798, Q=171894, R=964481, D=2745
   - Avg past 21-day inflow: arizona=6878, mississippi=6202, new mexico=1581, texas=27250, virginia=15466694


 Ground truth daily average for next 42-day inbound by origin states; 
From arizona: Inflow =53117.55;
From mississippi: Inflow =40516.71;
From new mexico: Inflow =79410.95;
From virginia: Inflow =22254.64;

Please output the recommended traffic control policy in the required JSON format.
2025-12-23 19:45:28,920 - texas - INFO - Raw agent output:
```json
{
  "arizona": {
    "fractions": [0.1, 0.15, 0.2, 0.2, 0.2, 0.15],
    "notes": "Arizona has high exposed (E) and confirmed (Q) cases, indicating significant infection pressure. The fractions are strict-first to minimize early imported infections, then gradually relaxed. Imported_infected ~ Flow*ft*(I/population) suggests high risk due to Arizona's I=8161. Trade-off: strict early control reduces peak infections but may delay economic recovery. Sum validation: 0.1+0.15+0.2+0.2+0.2+0.15=1."
  },
  "mississippi": {
    "fractions": [0.05, 0.1, 0.15, 0.2, 0.25, 0.25],
    "notes": "Mississippi has very high E and I relative to population, posing extreme risk. Strict-first allocation (low initial ft) is critical. Imported_infected ~ Flow*ft*(I/population) will be high due to I=33053. Trade-off: aggressive early suppression vs. mobility needs. Sum validation: 0.05+0.1+0.15+0.2+0.25+0.25=1."
  },
  "new mexico": {
    "fractions": [0.2, 0.2, 0.2, 0.2, 0.1, 0.1],
    "notes": "New Mexico has low E and I, suggesting lower risk. Even allocation balances control and mobility. Imported_infected ~ Flow*ft*(I/population) is moderate (I=3210). Trade-off: steady flow maintains connectivity while managing risk. Sum validation: 0.2+0.2+0.2+0.2+0.1+0.1=1."
  },
  "virginia": {
    "fractions": [0.15, 0.2, 0.2, 0.2, 0.15, 0.1],
    "notes": "Virginia's moderate E and I (E=107825, I=25798) justify intermediate control. Relaxed-middle pattern allows adaptation to changing conditions. Imported_infected risk is medium. Trade-off: flexibility vs. infection suppression. Sum validation: 0.15+0.2+0.2+0.2+0.15+0.1=1."
  },
  "global_guidance": "Allocations prioritize high-risk states (Mississippi, Arizona) with strict-first patterns to flatten Texas's infection curve. Cross-state coordination minimizes ¡Æ(Flow_i*ft_i*I_i/pop_i) across weeks. Quantitative logic: risk-weighted flow reduction targets states with high I/(S+E+I+Q+R+D). Sensitivity: if beta rises, stricter allocations are needed; if gamma improves, relaxed patterns become viable. Balancing ensures total flow conservation while mitigating superspreader imports. Mississippi's extreme prevalence demands aggressive suppression, whereas New Mexico's low risk permits steadier flow."
}
```
2025-12-23 19:45:28,921 - texas - INFO - Parsed PolicyResponse: policy={'arizona': [0.1, 0.15, 0.2, 0.2, 0.2, 0.15], 'mississippi': [0.05, 0.1, 0.15, 0.2, 0.25, 0.25], 'new mexico': [0.2, 0.2, 0.2, 0.2, 0.1, 0.1], 'virginia': [0.15, 0.2, 0.2, 0.2, 0.15, 0.1]} explanation="Allocations prioritize high-risk states (Mississippi, Arizona) with strict-first patterns to flatten Texas's infection curve. Cross-state coordination minimizes ¡Æ(Flow_i*ft_i*I_i/pop_i) across weeks. Quantitative logic: risk-weighted flow reduction targets states with high I/(S+E+I+Q+R+D). Sensitivity: if beta rises, stricter allocations are needed; if gamma improves, relaxed patterns become viable. Balancing ensures total flow conservation while mitigating superspreader imports. Mississippi's extreme prevalence demands aggressive suppression, whereas New Mexico's low risk permits steadier flow."
