2025-12-25 11:05:11,488 - new mexico - INFO - Region Agent new mexico - Iteration 1 / 18: Starting policy decision process.
2025-12-25 11:05:11,488 - new mexico - INFO - Region user prompt: For new mexico, you will be given the following information:

Epidemic and mobility information of this state are as follows:

SEIRD parameters:
- beta = 0.1117782502495318
- alpha = 0.1853333987657855
- gamma = 0.1
- mu = 0.0
- delta = 0.9086749315713404

Current population composition:
- S = 2093484
- E = 816
- I = 1276
- Q = 959
- R = 265
- D = 29

Other origin states:
1. arizona
   - Avg past 21-day population composition: S=7272180, E=1952, I=962, Q=3319, R=186, D=118
   - Avg past 21-day inflow: arizona=9717467, mississippi=1551, new mexico=19529, texas=27907, virginia=3665

2. mississippi
   - Avg past 21-day population composition: S=2970629, E=906, I=1753, Q=2463, R=301, D=97
   - Avg past 21-day inflow: arizona=1194, mississippi=3987236, new mexico=942, texas=18479, virginia=2401

3. texas
   - Avg past 21-day population composition: S=28984537, E=927, I=327, Q=7619, R=2141, D=330
   - Avg past 21-day inflow: arizona=22661, mississippi=24412, new mexico=47170, texas=39820832, virginia=11782

4. virginia
   - Avg past 21-day population composition: S=8524995, E=1825, I=3189, Q=4825, R=540, D=145
   - Avg past 21-day inflow: arizona=3171, mississippi=2260, new mexico=1385, texas=13780, virginia=11423959

Please output the recommended traffic control policy in the required JSON format.
2025-12-25 11:05:24,708 - new mexico - INFO - Raw agent output:
```json
{
  "weekly_policy": {
      "restricted_state": "arizona"
      },
  "global_guidance": "Arizona has the highest average daily inbound flow into New Mexico (19529) and a significant Infectious Density (E+I)/Population of 0.0003. Implementing a Targeted Inbound Screening policy for Arizona can effectively capture and convert a substantial number of hidden infections (E and I) to Q-status, reducing the risk of disease importation. While Texas has a higher Infectious Density, its average daily inbound flow to New Mexico is lower (47170), making Arizona a more critical target for intervention. This approach balances the need to minimize cumulative confirmed cases and deaths in New Mexico while addressing the systemic risk of disease importation from a high-traffic state."
}
```
2025-12-25 11:05:24,709 - new mexico - INFO - Parsed PolicyResponse: policy={'arizona': [0.5, 0.5]} explanation='Arizona has the highest average daily inbound flow into New Mexico (19529) and a significant Infectious Density (E+I)/Population of 0.0003. Implementing a Targeted Inbound Screening policy for Arizona can effectively capture and convert a substantial number of hidden infections (E and I) to Q-status, reducing the risk of disease importation. While Texas has a higher Infectious Density, its average daily inbound flow to New Mexico is lower (47170), making Arizona a more critical target for intervention. This approach balances the need to minimize cumulative confirmed cases and deaths in New Mexico while addressing the systemic risk of disease importation from a high-traffic state.'
2025-12-25 11:06:01,986 - new mexico - INFO - Region Agent new mexico - Iteration 2 / 18: Starting policy decision process.
2025-12-25 11:06:01,987 - new mexico - INFO - Region user prompt: For new mexico, you will be given the following information:

Epidemic and mobility information of this state are as follows:

SEIRD parameters:
- beta = 0.1117782502495318
- alpha = 0.1853333987657855
- gamma = 0.06304094999402533
- mu = 0.00039496364860652674
- delta = 0.9086749315713404

Current population composition:
- S = 2671909
- E = 630
- I = 132
- Q = 2077
- R = 2073
- D = 42

Other origin states:
1. arizona
   - Avg past 21-day population composition: S=7365720, E=2859, I=184, Q=4823, R=518, D=202
   - Avg past 21-day inflow: arizona=11371640, mississippi=1616, new mexico=25816, texas=33181, virginia=3902

2. mississippi
   - Avg past 21-day population composition: S=2925420, E=3323, I=1781, Q=1920, R=1633, D=153
   - Avg past 21-day inflow: arizona=1524, mississippi=5486976, new mexico=1230, texas=24904, virginia=3440

3. texas
   - Avg past 21-day population composition: S=28614412, E=742, I=1145, Q=9071, R=5163, D=446
   - Avg past 21-day inflow: arizona=27201, mississippi=31103, new mexico=69252, texas=48379264, virginia=15325

4. virginia
   - Avg past 21-day population composition: S=8525939, E=4056, I=987, Q=6791, R=4748, D=358
   - Avg past 21-day inflow: arizona=3345, mississippi=3005, new mexico=1552, texas=16423, virginia=13217229

Please output the recommended traffic control policy in the required JSON format.
2025-12-25 11:06:07,847 - new mexico - INFO - Raw agent output:
```json
{
  "weekly_policy": {
      "restricted_state": "mississippi"
      },
  "global_guidance": "Mississippi has the highest Infectious Density (E+I)/Population among the origin states, indicating a significant risk of importing hidden infections. With an average daily inflow of 1230 people, implementing a targeted screening policy can capture approximately 90% of the exposed and infected individuals, reducing the number of undetected cases entering New Mexico. While Texas has a higher inflow, its overall infectious density is lower compared to Mississippi, making Mississippi the optimal choice for targeted intervention to minimize cumulative confirmed cases and deaths in New Mexico."
}
```
2025-12-25 11:06:07,848 - new mexico - INFO - Parsed PolicyResponse: policy={'mississippi': [0.5, 0.5]} explanation='Mississippi has the highest Infectious Density (E+I)/Population among the origin states, indicating a significant risk of importing hidden infections. With an average daily inflow of 1230 people, implementing a targeted screening policy can capture approximately 90percent of the exposed and infected individuals, reducing the number of undetected cases entering New Mexico. While Texas has a higher inflow, its overall infectious density is lower compared to Mississippi, making Mississippi the optimal choice for targeted intervention to minimize cumulative confirmed cases and deaths in New Mexico.'
2025-12-25 11:06:35,327 - new mexico - INFO - Region Agent new mexico - Iteration 3 / 18: Starting policy decision process.
2025-12-25 11:06:35,328 - new mexico - INFO - Region user prompt: For new mexico, you will be given the following information:

Epidemic and mobility information of this state are as follows:

SEIRD parameters:
- beta = 0.1117782502495318
- alpha = 0.1853333987657855
- gamma = 0.06304094999614668
- mu = 0.0003953309794195802
- delta = 0.9086749315713404

Current population composition:
- S = 3248324
- E = 659
- I = 140
- Q = 1985
- R = 3856
- D = 56

Other origin states:
1. arizona
   - Avg past 21-day population composition: S=7519929, E=3999, I=253, Q=6087, R=1229, D=360
   - Avg past 21-day inflow: arizona=11633875, mississippi=1614, new mexico=28282, texas=35167, virginia=3673

2. mississippi
   - Avg past 21-day population composition: S=2849829, E=5706, I=2642, Q=1740, R=3296, D=219
   - Avg past 21-day inflow: arizona=1474, mississippi=5834803, new mexico=1233, texas=26190, virginia=3303

3. texas
   - Avg past 21-day population composition: S=28081270, E=951, I=1463, Q=11538, R=11178, D=649
   - Avg past 21-day inflow: arizona=28967, mississippi=32701, new mexico=75115, texas=51352865, virginia=15964

4. virginia
   - Avg past 21-day population composition: S=8518271, E=5209, I=1213, Q=7573, R=11544, D=669
   - Avg past 21-day inflow: arizona=3556, mississippi=2877, new mexico=1594, texas=16543, virginia=13637675

Please output the recommended traffic control policy in the required JSON format.
2025-12-25 11:06:43,954 - new mexico - INFO - Raw agent output:
```json
{
  "weekly_policy": {
    "restricted_state": "mississippi"
  },
  "global_guidance": "Mississippi has the highest 'Infectious Density' (E+I)/Population among the origin states, with a value of 0.0011. This indicates a higher risk of importing hidden infections into New Mexico. The average daily inflow from Mississippi is relatively low (1233), but the detection utility is significant given the high infectious density. By implementing targeted screening on travelers from Mississippi, we can capture and convert a substantial number of exposed and infected individuals to Q-status, thereby reducing the risk of disease importation and minimizing the cumulative confirmed cases and deaths in New Mexico. This approach also helps in filling a potential gap in regional defense by focusing on a less obvious high-risk state."
}
```
2025-12-25 11:06:43,955 - new mexico - INFO - Parsed PolicyResponse: policy={'mississippi': [0.5, 0.5]} explanation="Mississippi has the highest 'Infectious Density' (E+I)/Population among the origin states, with a value of 0.0011. This indicates a higher risk of importing hidden infections into New Mexico. The average daily inflow from Mississippi is relatively low (1233), but the detection utility is significant given the high infectious density. By implementing targeted screening on travelers from Mississippi, we can capture and convert a substantial number of exposed and infected individuals to Q-status, thereby reducing the risk of disease importation and minimizing the cumulative confirmed cases and deaths in New Mexico. This approach also helps in filling a potential gap in regional defense by focusing on a less obvious high-risk state."
2025-12-25 11:07:17,486 - new mexico - INFO - Region Agent new mexico - Iteration 4 / 18: Starting policy decision process.
2025-12-25 11:07:17,487 - new mexico - INFO - Region user prompt: For new mexico, you will be given the following information:

Epidemic and mobility information of this state are as follows:

SEIRD parameters:
- beta = 0.1117782502495318
- alpha = 0.1853333987657855
- gamma = 0.06304094999826802
- mu = 0.0003954377962876131
- delta = 0.9086749315713404

Current population composition:
- S = 3931191
- E = 739
- I = 161
- Q = 2063
- R = 5625
- D = 70

Other origin states:
1. arizona
   - Avg past 21-day population composition: S=7722809, E=5630, I=358, Q=8194, R=2724, D=648
   - Avg past 21-day inflow: arizona=12334093, mississippi=1920, new mexico=30253, texas=41317, virginia=3797

2. mississippi
   - Avg past 21-day population composition: S=2737805, E=9360, I=4421, Q=2372, R=5778, D=314
   - Avg past 21-day inflow: arizona=1596, mississippi=6201158, new mexico=1241, texas=30835, virginia=3307

3. texas
   - Avg past 21-day population composition: S=27332394, E=1208, I=1874, Q=14423, R=22526, D=980
   - Avg past 21-day inflow: arizona=33250, mississippi=38622, new mexico=84392, texas=54356274, virginia=17393

4. virginia
   - Avg past 21-day population composition: S=8530614, E=6565, I=1534, Q=9469, R=22208, D=1097
   - Avg past 21-day inflow: arizona=4434, mississippi=3671, new mexico=1716, texas=19791, virginia=14133151

Please output the recommended traffic control policy in the required JSON format.
2025-12-25 11:07:25,486 - new mexico - INFO - Raw agent output:
```json
{
  "weekly_policy": {
    "restricted_state": "mississippi"
  },
  "global_guidance": "Mississippi has the highest Infectious Density (E+I)/Population among the origin states, with a value of 0.0057. The average daily inbound flow from Mississippi to New Mexico is 1241, which is relatively low compared to other states but still poses a significant risk due to its high infectious density. Implementing a Targeted Inbound Screening policy on Mississippi can capture approximately 70% of the hidden infections (E and I) entering New Mexico, converting them directly to Q-status. This targeted approach helps minimize the cumulative confirmed cases and deaths in New Mexico by reducing the number of undetected infectious individuals entering the state. While Texas has a higher inflow, its infectious density is lower, making Mississippi a more critical target for intervention."
}
```
2025-12-25 11:07:25,487 - new mexico - INFO - Parsed PolicyResponse: policy={'mississippi': [0.5, 0.5]} explanation='Mississippi has the highest Infectious Density (E+I)/Population among the origin states, with a value of 0.0057. The average daily inbound flow from Mississippi to New Mexico is 1241, which is relatively low compared to other states but still poses a significant risk due to its high infectious density. Implementing a Targeted Inbound Screening policy on Mississippi can capture approximately 70percent of the hidden infections (E and I) entering New Mexico, converting them directly to Q-status. This targeted approach helps minimize the cumulative confirmed cases and deaths in New Mexico by reducing the number of undetected infectious individuals entering the state. While Texas has a higher inflow, its infectious density is lower, making Mississippi a more critical target for intervention.'
2025-12-25 11:07:55,781 - new mexico - INFO - Region Agent new mexico - Iteration 5 / 18: Starting policy decision process.
2025-12-25 11:07:55,782 - new mexico - INFO - Region user prompt: For new mexico, you will be given the following information:

Epidemic and mobility information of this state are as follows:

SEIRD parameters:
- beta = 0.1117782502495318
- alpha = 0.1853333987657855
- gamma = 0.06304095000038937
- mu = 0.00039528388796844987
- delta = 0.9086749315713404

Current population composition:
- S = 4640041
- E = 862
- I = 188
- Q = 2326
- R = 7545
- D = 84

Other origin states:
1. arizona
   - Avg past 21-day population composition: S=7917507, E=7470, I=476, Q=10745, R=5108, D=1032
   - Avg past 21-day inflow: arizona=12544263, mississippi=2480, new mexico=36541, texas=52438, virginia=4525

2. mississippi
   - Avg past 21-day population composition: S=2569917, E=14200, I=6744, Q=3653, R=9474, D=451
   - Avg past 21-day inflow: arizona=1899, mississippi=6282009, new mexico=1324, texas=37780, virginia=4177

3. texas
   - Avg past 21-day population composition: S=26460304, E=1430, I=2237, Q=16592, R=37980, D=1369
   - Avg past 21-day inflow: arizona=42323, mississippi=47996, new mexico=101339, texas=56028179, virginia=21124

4. virginia
   - Avg past 21-day population composition: S=8601328, E=8241, I=1925, Q=11954, R=35625, D=1516
   - Avg past 21-day inflow: arizona=5988, mississippi=4364, new mexico=2080, texas=25397, virginia=14398916

Please output the recommended traffic control policy in the required JSON format.
2025-12-25 11:08:04,266 - new mexico - INFO - Raw agent output:
```json
{
  "weekly_policy": {
    "restricted_state": "mississippi"
  },
  "global_guidance": "Mississippi has the highest 'Infectious Density' (E+I)/Population among the origin states, with a value of 0.0074. This indicates a significant risk of importing hidden infections. Given the average daily inflow of 1,324 travelers from Mississippi into New Mexico, implementing a targeted inbound screening policy could capture approximately 90% of these hidden infections (E and I), effectively reducing the number of undetected infectious individuals entering the state. While Texas has a higher absolute number of inbound travelers, its infectious density is lower, making Mississippi a more critical target for intervention to minimize the risk of disease importation and subsequent spread within New Mexico."
}
```
2025-12-25 11:08:04,266 - new mexico - INFO - Parsed PolicyResponse: policy={'mississippi': [0.5, 0.5]} explanation="Mississippi has the highest 'Infectious Density' (E+I)/Population among the origin states, with a value of 0.0074. This indicates a significant risk of importing hidden infections. Given the average daily inflow of 1,324 travelers from Mississippi into New Mexico, implementing a targeted inbound screening policy could capture approximately 90percent of these hidden infections (E and I), effectively reducing the number of undetected infectious individuals entering the state. While Texas has a higher absolute number of inbound travelers, its infectious density is lower, making Mississippi a more critical target for intervention to minimize the risk of disease importation and subsequent spread within New Mexico."
2025-12-25 11:08:29,733 - new mexico - INFO - Region Agent new mexico - Iteration 6 / 18: Starting policy decision process.
2025-12-25 11:08:29,733 - new mexico - INFO - Region user prompt: For new mexico, you will be given the following information:

Epidemic and mobility information of this state are as follows:

SEIRD parameters:
- beta = 0.1117782502495318
- alpha = 0.1853333987657855
- gamma = 0.06304095000251071
- mu = 0.0003948695588207386
- delta = 0.9086749315713404

Current population composition:
- S = 5125738
- E = 1020
- I = 225
- Q = 2686
- R = 9736
- D = 98

Other origin states:
1. arizona
   - Avg past 21-day population composition: S=8107535, E=9630, I=615, Q=13741, R=8599, D=1505
   - Avg past 21-day inflow: arizona=12721796, mississippi=2607, new mexico=38678, texas=56414, virginia=5493

2. mississippi
   - Avg past 21-day population composition: S=2390502, E=20550, I=9771, Q=5439, R=15085, D=653
   - Avg past 21-day inflow: arizona=2382, mississippi=6511171, new mexico=1425, texas=39776, virginia=4198

3. texas
   - Avg past 21-day population composition: S=25696086, E=1612, I=2544, Q=18066, R=57034, D=1792
   - Avg past 21-day inflow: arizona=48951, mississippi=52561, new mexico=115020, texas=58274699, virginia=25244

4. virginia
   - Avg past 21-day population composition: S=8649880, E=10351, I=2416, Q=15118, R=52582, D=1883
   - Avg past 21-day inflow: arizona=6406, mississippi=4702, new mexico=2088, texas=25749, virginia=15056158

Please output the recommended traffic control policy in the required JSON format.
2025-12-25 11:08:42,646 - new mexico - INFO - Raw agent output:
```json
{
  "weekly_policy": {
      "restricted_state": "mississippi"
      },
  "global_guidance": "Mississippi has the highest 'Infectious Density' (E+I)/Population among the origin states, with a value of 0.011. This indicates a significant risk of importing hidden infections. The average daily inbound flow from Mississippi to New Mexico is 1425, which, combined with the high infectious density, suggests that a substantial number of exposed and infected individuals could be entering New Mexico. By implementing a targeted inbound screening policy for travelers from Mississippi, we can capture and convert approximately 90% of these hidden infections to Q-status, thereby reducing the risk of disease spread within New Mexico. While Texas has a higher overall inflow, its infectious density is lower, making Mississippi a more critical target for intervention."
}
```
2025-12-25 11:08:42,647 - new mexico - INFO - Parsed PolicyResponse: policy={'mississippi': [0.5, 0.5]} explanation="Mississippi has the highest 'Infectious Density' (E+I)/Population among the origin states, with a value of 0.011. This indicates a significant risk of importing hidden infections. The average daily inbound flow from Mississippi to New Mexico is 1425, which, combined with the high infectious density, suggests that a substantial number of exposed and infected individuals could be entering New Mexico. By implementing a targeted inbound screening policy for travelers from Mississippi, we can capture and convert approximately 90percent of these hidden infections to Q-status, thereby reducing the risk of disease spread within New Mexico. While Texas has a higher overall inflow, its infectious density is lower, making Mississippi a more critical target for intervention."
2025-12-25 11:09:18,757 - new mexico - INFO - Region Agent new mexico - Iteration 7 / 18: Starting policy decision process.
2025-12-25 11:09:18,757 - new mexico - INFO - Region user prompt: For new mexico, you will be given the following information:

Epidemic and mobility information of this state are as follows:

SEIRD parameters:
- beta = 0.1117782502495318
- alpha = 0.1853333987657855
- gamma = 0.06304095000463207
- mu = 0.00039419562780104
- delta = 0.9086749315713404

Current population composition:
- S = 5235061
- E = 1149
- I = 247
- Q = 3124
- R = 12284
- D = 112

Other origin states:
1. arizona
   - Avg past 21-day population composition: S=8304732, E=12256, I=782, Q=17321, R=13394, D=2037
   - Avg past 21-day inflow: arizona=12691405, mississippi=2443, new mexico=41259, texas=57130, virginia=6387

2. mississippi
   - Avg past 21-day population composition: S=2119856, E=27714, I=13198, Q=7679, R=23238, D=935
   - Avg past 21-day inflow: arizona=2601, mississippi=6521022, new mexico=1605, texas=37844, virginia=4459

3. texas
   - Avg past 21-day population composition: S=25260420, E=1782, I=2839, Q=19194, R=79027, D=2229
   - Avg past 21-day inflow: arizona=49809, mississippi=60331, new mexico=132778, texas=57497200, virginia=26942

4. virginia
   - Avg past 21-day population composition: S=8647462, E=12997, I=3033, Q=19105, R=74023, D=2173
   - Avg past 21-day inflow: arizona=5763, mississippi=5376, new mexico=2165, texas=28512, virginia=15378004

Please output the recommended traffic control policy in the required JSON format.
2025-12-25 11:09:27,194 - new mexico - INFO - Raw agent output:
```json
{
  "weekly_policy": {
    "restricted_state": "texas"
  },
  "global_guidance": "Texas has the highest average daily inbound flow into New Mexico (132,778) and a significant infectious density (E+I)/Population of (1782+2839)/(25260420+1782+2839) 「 0.00017. Implementing targeted inbound screening on travelers from Texas can capture approximately 90% of the hidden infections (E and I) converting them to Q-status, which is estimated to be around 4,220 individuals over the 14-day period. This intervention aims to minimize the importation of hidden infections, thereby reducing the risk of community spread and potential surge in confirmed cases and deaths in New Mexico. While Arizona and Virginia also have relatively high inbound flows, Texas presents the highest risk due to its combination of high flow and infectious density, making it the optimal choice for targeted screening."
}
```
2025-12-25 11:09:27,194 - new mexico - INFO - Parsed PolicyResponse: policy={'texas': [0.5, 0.5]} explanation='Texas has the highest average daily inbound flow into New Mexico (132,778) and a significant infectious density (E+I)/Population of (1782+2839)/(25260420+1782+2839) 「 0.00017. Implementing targeted inbound screening on travelers from Texas can capture approximately 90percent of the hidden infections (E and I) converting them to Q-status, which is estimated to be around 4,220 individuals over the 14-day period. This intervention aims to minimize the importation of hidden infections, thereby reducing the risk of community spread and potential surge in confirmed cases and deaths in New Mexico. While Arizona and Virginia also have relatively high inbound flows, Texas presents the highest risk due to its combination of high flow and infectious density, making it the optimal choice for targeted screening.'
2025-12-25 11:09:55,739 - new mexico - INFO - Region Agent new mexico - Iteration 8 / 18: Starting policy decision process.
2025-12-25 11:09:55,740 - new mexico - INFO - Region user prompt: For new mexico, you will be given the following information:

Epidemic and mobility information of this state are as follows:

SEIRD parameters:
- beta = 0.1117782502495318
- alpha = 0.1853333987657855
- gamma = 0.06304095000675342
- mu = 0.0003932634257665254
- delta = 0.9086749315713404

Current population composition:
- S = 5282519
- E = 1429
- I = 304
- Q = 3615
- R = 15216
- D = 126

Other origin states:
1. arizona
   - Avg past 21-day population composition: S=8588920, E=15572, I=994, Q=21756, R=19728, D=2594
   - Avg past 21-day inflow: arizona=12227260, mississippi=2819, new mexico=41834, texas=54141, virginia=6789

2. mississippi
   - Avg past 21-day population composition: S=1741118, E=33525, I=15992, Q=9943, R=34303, D=1297
   - Avg past 21-day inflow: arizona=2337, mississippi=6371393, new mexico=1565, texas=36298, virginia=4848

3. texas
   - Avg past 21-day population composition: S=25153416, E=1971, I=3167, Q=20429, R=103623, D=2676
   - Avg past 21-day inflow: arizona=49331, mississippi=63448, new mexico=132369, texas=55946397, virginia=28822

4. virginia
   - Avg past 21-day population composition: S=8643203, E=16311, I=3808, Q=24111, R=101103, D=2377
   - Avg past 21-day inflow: arizona=5547, mississippi=6108, new mexico=2484, texas=29795, virginia=15359071

Please output the recommended traffic control policy in the required JSON format.
2025-12-25 11:10:01,283 - new mexico - INFO - Raw agent output:
```json
{
  "weekly_policy": {
      "restricted_state": "mississippi"
      },
  "global_guidance": "Mississippi has the highest Infectious Density (E+I)/Population among all origin states, indicating a significant risk of importing hidden infections. The past 21-day average inflow from Mississippi to New Mexico is relatively low (1565), but the high infectious density justifies targeted screening to capture and convert a substantial number of exposed and infected individuals to Q-status upon arrival. This approach helps minimize the cumulative confirmed cases and deaths in New Mexico while addressing a critical gap in regional defense."
}
```
2025-12-25 11:10:01,284 - new mexico - INFO - Parsed PolicyResponse: policy={'mississippi': [0.5, 0.5]} explanation='Mississippi has the highest Infectious Density (E+I)/Population among all origin states, indicating a significant risk of importing hidden infections. The past 21-day average inflow from Mississippi to New Mexico is relatively low (1565), but the high infectious density justifies targeted screening to capture and convert a substantial number of exposed and infected individuals to Q-status upon arrival. This approach helps minimize the cumulative confirmed cases and deaths in New Mexico while addressing a critical gap in regional defense.'
2025-12-25 11:10:26,004 - new mexico - INFO - Region Agent new mexico - Iteration 9 / 18: Starting policy decision process.
2025-12-25 11:10:26,005 - new mexico - INFO - Region user prompt: For new mexico, you will be given the following information:

Epidemic and mobility information of this state are as follows:

SEIRD parameters:
- beta = 0.1117782502495318
- alpha = 0.1853333987657855
- gamma = 0.06304095000887476
- mu = 0.00039207479109571884
- delta = 0.9086749315713404

Current population composition:
- S = 5476282
- E = 1610
- I = 347
- Q = 4223
- R = 18658
- D = 149

Other origin states:
1. arizona
   - Avg past 21-day population composition: S=8809739, E=19732, I=1258, Q=27381, R=27928, D=3140
   - Avg past 21-day inflow: arizona=12326316, mississippi=2415, new mexico=34721, texas=49757, virginia=6475

2. mississippi
   - Avg past 21-day population composition: S=1376397, E=37122, I=17796, Q=11717, R=47973, D=1718
   - Avg past 21-day inflow: arizona=2348, mississippi=6369349, new mexico=1638, texas=33936, virginia=4413

3. texas
   - Avg past 21-day population composition: S=25117804, E=2160, I=3499, Q=21922, R=130899, D=3124
   - Avg past 21-day inflow: arizona=46103, mississippi=57006, new mexico=119576, texas=55789157, virginia=29507

4. virginia
   - Avg past 21-day population composition: S=8590036, E=20405, I=4763, Q=30323, R=135229, D=2507
   - Avg past 21-day inflow: arizona=6027, mississippi=5270, new mexico=2367, texas=27064, virginia=15109651

Please output the recommended traffic control policy in the required JSON format.
2025-12-25 11:10:33,845 - new mexico - INFO - Raw agent output:
```json
{
  "weekly_policy": {
      "restricted_state": "arizona"
      },
  "global_guidance": "The decision to target Arizona is based on its high Infectious Density (E+I)/Population, which stands at (19732+1258)/8809739 「 0.0024, making it a significant risk for importing hidden infections. Given the substantial daily inflow of 34721 travelers from Arizona into New Mexico, implementing a 90% screening mandate can capture and convert a significant number of exposed and infected individuals to Q-status, thereby reducing the risk of undetected transmission. While Texas has a higher absolute number of infections, the per-capita risk from Arizona is more concerning, and targeting Arizona fills a critical gap in regional defense by focusing on a state that poses a high relative risk."
}
```
2025-12-25 11:10:33,846 - new mexico - INFO - Parsed PolicyResponse: policy={'arizona': [0.5, 0.5]} explanation='The decision to target Arizona is based on its high Infectious Density (E+I)/Population, which stands at (19732+1258)/8809739 「 0.0024, making it a significant risk for importing hidden infections. Given the substantial daily inflow of 34721 travelers from Arizona into New Mexico, implementing a 90percent screening mandate can capture and convert a significant number of exposed and infected individuals to Q-status, thereby reducing the risk of undetected transmission. While Texas has a higher absolute number of infections, the per-capita risk from Arizona is more concerning, and targeting Arizona fills a critical gap in regional defense by focusing on a state that poses a high relative risk.'
2025-12-25 11:11:02,555 - new mexico - INFO - Region Agent new mexico - Iteration 10 / 18: Starting policy decision process.
2025-12-25 11:11:02,556 - new mexico - INFO - Region user prompt: For new mexico, you will be given the following information:

Epidemic and mobility information of this state are as follows:

SEIRD parameters:
- beta = 0.1117782502495318
- alpha = 0.1853333987657855
- gamma = 0.06304095001099612
- mu = 0.00039063206364745316
- delta = 0.9086749315713404

Current population composition:
- S = 5744463
- E = 1786
- I = 405
- Q = 4932
- R = 22676
- D = 177

Other origin states:
1. arizona
   - Avg past 21-day population composition: S=8911420, E=24901, I=1585, Q=34511, R=38437, D=3643
   - Avg past 21-day inflow: arizona=12204458, mississippi=2079, new mexico=30995, texas=44249, virginia=5239

2. mississippi
   - Avg past 21-day population composition: S=1093841, E=38466, I=18620, Q=12886, R=63539, D=2162
   - Avg past 21-day inflow: arizona=1984, mississippi=6404182, new mexico=1219, texas=31542, virginia=3879

3. texas
   - Avg past 21-day population composition: S=24997337, E=2351, I=3820, Q=23507, R=160909, D=3572
   - Avg past 21-day inflow: arizona=44848, mississippi=51070, new mexico=113536, texas=56021642, virginia=27574

4. virginia
   - Avg past 21-day population composition: S=8514777, E=25456, I=5946, Q=37984, R=178059, D=2580
   - Avg past 21-day inflow: arizona=6041, mississippi=4887, new mexico=2362, texas=25141, virginia=14714026

Please output the recommended traffic control policy in the required JSON format.
2025-12-25 11:11:10,426 - new mexico - INFO - Raw agent output:
```json
{
  "weekly_policy": {
    "restricted_state": "texas"
  },
  "global_guidance": "Texas has the highest average daily inbound flow into New Mexico (113,536) and a significant infectious density (E+I)/Population of 0.00024. Implementing a targeted inbound screening policy on travelers from Texas can capture a substantial number of hidden infections (E and I), estimated to be around 27,248 over the 14-day period. This intervention helps minimize the risk of importing new cases and reduces the overall burden on New Mexico's healthcare system, while also balancing the need to manage travel from other states with lower risk profiles."
}
```
2025-12-25 11:11:10,427 - new mexico - INFO - Parsed PolicyResponse: policy={'texas': [0.5, 0.5]} explanation="Texas has the highest average daily inbound flow into New Mexico (113,536) and a significant infectious density (E+I)/Population of 0.00024. Implementing a targeted inbound screening policy on travelers from Texas can capture a substantial number of hidden infections (E and I), estimated to be around 27,248 over the 14-day period. This intervention helps minimize the risk of importing new cases and reduces the overall burden on New Mexico's healthcare system, while also balancing the need to manage travel from other states with lower risk profiles."
2025-12-25 11:11:38,580 - new mexico - INFO - Region Agent new mexico - Iteration 11 / 18: Starting policy decision process.
2025-12-25 11:11:38,581 - new mexico - INFO - Region user prompt: For new mexico, you will be given the following information:

Epidemic and mobility information of this state are as follows:

SEIRD parameters:
- beta = 0.1117782502495318
- alpha = 0.1853333987657855
- gamma = 0.06304095001311746
- mu = 0.000388938077085825
- delta = 0.9086749315713404

Current population composition:
- S = 6341918
- E = 2538
- I = 537
- Q = 6001
- R = 27392
- D = 205

Other origin states:
1. arizona
   - Avg past 21-day population composition: S=8932975, E=31269, I=1990, Q=43511, R=51819, D=4076
   - Avg past 21-day inflow: arizona=12300752, mississippi=2383, new mexico=31002, texas=46652, virginia=5591

2. mississippi
   - Avg past 21-day population composition: S=841190, E=35346, I=17292, Q=13039, R=80067, D=2598
   - Avg past 21-day inflow: arizona=1831, mississippi=6393211, new mexico=1134, texas=29893, virginia=3963

3. texas
   - Avg past 21-day population composition: S=24695965, E=2573, I=4186, Q=25335, R=193698, D=4020
   - Avg past 21-day inflow: arizona=45155, mississippi=47740, new mexico=102177, texas=56597764, virginia=28749

4. virginia
   - Avg past 21-day population composition: S=8480155, E=31561, I=7378, Q=47377, R=231614, D=2617
   - Avg past 21-day inflow: arizona=6980, mississippi=5593, new mexico=2638, texas=28806, virginia=14873143

Please output the recommended traffic control policy in the required JSON format.
2025-12-25 11:11:45,067 - new mexico - INFO - Raw agent output:
```json
{
  "weekly_policy": {
      "restricted_state": "arizona"
      },
  "global_guidance": "Arizona has the highest average daily inbound flow into New Mexico (31,002) among the origin states. Its infectious density (E+I)/Population is 0.0047, which is relatively high compared to other states. Implementing a targeted inbound screening policy on Arizona can effectively capture and convert a significant number of hidden infections (E and I) to Q-status, thereby reducing the risk of importing new cases into New Mexico. This approach balances the need to control the most significant source of potential infections while minimizing the impact on overall mobility."
}
```
2025-12-25 11:11:45,067 - new mexico - INFO - Parsed PolicyResponse: policy={'arizona': [0.5, 0.5]} explanation='Arizona has the highest average daily inbound flow into New Mexico (31,002) among the origin states. Its infectious density (E+I)/Population is 0.0047, which is relatively high compared to other states. Implementing a targeted inbound screening policy on Arizona can effectively capture and convert a significant number of hidden infections (E and I) to Q-status, thereby reducing the risk of importing new cases into New Mexico. This approach balances the need to control the most significant source of potential infections while minimizing the impact on overall mobility.'
2025-12-25 11:12:22,913 - new mexico - INFO - Region Agent new mexico - Iteration 12 / 18: Starting policy decision process.
2025-12-25 11:12:22,914 - new mexico - INFO - Region user prompt: For new mexico, you will be given the following information:

Epidemic and mobility information of this state are as follows:

SEIRD parameters:
- beta = 0.1117782502495318
- alpha = 0.1853333987657855
- gamma = 0.06304095001523881
- mu = 0.00038699614960638736
- delta = 0.9086749315713404

Current population composition:
- S = 6828204
- E = 2483
- I = 545
- Q = 7051
- R = 33206
- D = 242

Other origin states:
1. arizona
   - Avg past 21-day population composition: S=8973700, E=39188, I=2491, Q=54798, R=68781, D=4425
   - Avg past 21-day inflow: arizona=12593850, mississippi=2059, new mexico=33023, texas=45336, virginia=5351

2. mississippi
   - Avg past 21-day population composition: S=682422, E=29032, I=14309, Q=11785, R=95942, D=2981
   - Avg past 21-day inflow: arizona=1898, mississippi=6433672, new mexico=1317, texas=31493, virginia=3517

3. texas
   - Avg past 21-day population composition: S=24079414, E=2746, I=4466, Q=27179, R=229440, D=4466
   - Avg past 21-day inflow: arizona=43694, mississippi=42933, new mexico=103286, texas=56938135, virginia=26283

4. virginia
   - Avg past 21-day population composition: S=8450491, E=38749, I=9066, Q=58593, R=298154, D=2634
   - Avg past 21-day inflow: arizona=5952, mississippi=4911, new mexico=2285, texas=26290, virginia=15100136

Please output the recommended traffic control policy in the required JSON format.
2025-12-25 11:12:29,735 - new mexico - INFO - Raw agent output:
```json
{
  "weekly_policy": {
      "restricted_state": "mississippi"
      },
  "global_guidance": "Mississippi has the highest 'Infectious Density' (E+I)/Population among the origin states, with a significant number of exposed and infected individuals relative to its population. The average daily inflow from Mississippi to New Mexico is relatively low compared to other states, but the risk of importing hidden infections is high due to the high infectious density. Implementing a targeted inbound screening policy for travelers from Mississippi can effectively capture and convert a substantial number of hidden infections (E and I) to Q-status, thereby reducing the risk of disease importation and minimizing cumulative confirmed cases and deaths in New Mexico. This approach also avoids targeting the more obvious high-risk states like Texas, which may already be under scrutiny by other neighboring states, ensuring a balanced regional defense strategy."
}
```
2025-12-25 11:12:29,736 - new mexico - INFO - Parsed PolicyResponse: policy={'mississippi': [0.5, 0.5]} explanation="Mississippi has the highest 'Infectious Density' (E+I)/Population among the origin states, with a significant number of exposed and infected individuals relative to its population. The average daily inflow from Mississippi to New Mexico is relatively low compared to other states, but the risk of importing hidden infections is high due to the high infectious density. Implementing a targeted inbound screening policy for travelers from Mississippi can effectively capture and convert a substantial number of hidden infections (E and I) to Q-status, thereby reducing the risk of disease importation and minimizing cumulative confirmed cases and deaths in New Mexico. This approach also avoids targeting the more obvious high-risk states like Texas, which may already be under scrutiny by other neighboring states, ensuring a balanced regional defense strategy."
2025-12-25 11:12:55,578 - new mexico - INFO - Region Agent new mexico - Iteration 13 / 18: Starting policy decision process.
2025-12-25 11:12:55,579 - new mexico - INFO - Region user prompt: For new mexico, you will be given the following information:

Epidemic and mobility information of this state are as follows:

SEIRD parameters:
- beta = 0.1117782502495318
- alpha = 0.1853333987657855
- gamma = 0.06304095001736017
- mu = 0.00038481007310605856
- delta = 0.9086749315713404

Current population composition:
- S = 7480304
- E = 3521
- I = 746
- Q = 8302
- R = 39838
- D = 284

Other origin states:
1. arizona
   - Avg past 21-day population composition: S=8986380, E=49102, I=3118, Q=68911, R=90196, D=4690
   - Avg past 21-day inflow: arizona=12775936, mississippi=1718, new mexico=30556, texas=45081, virginia=5287

2. mississippi
   - Avg past 21-day population composition: S=611856, E=27700, I=12211, Q=9997, R=109767, D=3283
   - Avg past 21-day inflow: arizona=1731, mississippi=6474992, new mexico=1372, texas=29713, virginia=3518

3. texas
   - Avg past 21-day population composition: S=23440408, E=2908, I=4691, Q=28502, R=267658, D=4900
   - Avg past 21-day inflow: arizona=44065, mississippi=39373, new mexico=99060, texas=57587273, virginia=24012

4. virginia
   - Avg past 21-day population composition: S=8373015, E=47077, I=11025, Q=71789, R=380080, D=2639
   - Avg past 21-day inflow: arizona=5618, mississippi=3822, new mexico=1787, texas=23716, virginia=15126464

Please output the recommended traffic control policy in the required JSON format.
2025-12-25 11:13:04,291 - new mexico - INFO - Raw agent output:
```json
{
  "weekly_policy": {
    "restricted_state": "arizona"
  },
  "global_guidance": "Arizona has the highest average daily inbound flow into New Mexico (30,556) and a relatively high infectious density (E+I)/Population of 0.0084. Implementing a targeted inbound screening policy for Arizona can effectively capture and convert a significant number of hidden infections (E and I) to Q-status, thereby reducing the risk of disease importation into New Mexico. This approach balances the need to minimize cumulative confirmed cases and deaths while managing the systemic risks of disease spread from a high-inflow, high-risk state."
}
```
2025-12-25 11:13:04,292 - new mexico - INFO - Parsed PolicyResponse: policy={'arizona': [0.5, 0.5]} explanation='Arizona has the highest average daily inbound flow into New Mexico (30,556) and a relatively high infectious density (E+I)/Population of 0.0084. Implementing a targeted inbound screening policy for Arizona can effectively capture and convert a significant number of hidden infections (E and I) to Q-status, thereby reducing the risk of disease importation into New Mexico. This approach balances the need to minimize cumulative confirmed cases and deaths while managing the systemic risks of disease spread from a high-inflow, high-risk state.'
2025-12-25 11:13:35,801 - new mexico - INFO - Region Agent new mexico - Iteration 14 / 18: Starting policy decision process.
2025-12-25 11:13:35,802 - new mexico - INFO - Region user prompt: For new mexico, you will be given the following information:

Epidemic and mobility information of this state are as follows:

SEIRD parameters:
- beta = 0.1117782502495318
- alpha = 0.1853333987657855
- gamma = 0.06304095001948151
- mu = 0.0003823841008462238
- delta = 0.9086749315713404

Current population composition:
- S = 8112573
- E = 3870
- I = 914
- Q = 10320
- R = 48010
- D = 334

Other origin states:
1. arizona
   - Avg past 21-day population composition: S=8999432, E=61707, I=3941, Q=86706, R=117176, D=4877
   - Avg past 21-day inflow: arizona=13101290, mississippi=2159, new mexico=32596, texas=51399, virginia=5679

2. mississippi
   - Avg past 21-day population composition: S=549715, E=41031, I=14803, Q=9774, R=121987, D=3520
   - Avg past 21-day inflow: arizona=1989, mississippi=6656709, new mexico=1497, texas=29421, virginia=3739

3. texas
   - Avg past 21-day population composition: S=22636203, E=5300, I=8647, Q=38359, R=310913, D=5340
   - Avg past 21-day inflow: arizona=47229, mississippi=39010, new mexico=99222, texas=59112431, virginia=24366

4. virginia
   - Avg past 21-day population composition: S=8256622, E=57067, I=13435, Q=87393, R=480045, D=2639
   - Avg past 21-day inflow: arizona=5800, mississippi=4112, new mexico=2025, texas=24277, virginia=15457936

Please output the recommended traffic control policy in the required JSON format.
2025-12-25 11:13:43,322 - new mexico - INFO - Raw agent output:
```json
{
  "weekly_policy": {
    "restricted_state": "arizona"
  },
  "global_guidance": "The decision to target Arizona for enhanced screening is based on a comprehensive evaluation of the risk profile and potential impact. Arizona has a significant 'Infectious Density' of (E+I)/Population, indicating a higher likelihood of importing hidden infections. With an average daily inflow of 32,596 people into New Mexico, the screening can capture approximately 90% of these hidden infections, significantly reducing the risk of disease importation. While Texas has a higher overall inflow, the infectious density is lower compared to Arizona, making Arizona a more critical target for intervention. This approach aims to balance the need for effective screening with the practical limitations of resource allocation."
}
```
2025-12-25 11:13:43,323 - new mexico - INFO - Parsed PolicyResponse: policy={'arizona': [0.5, 0.5]} explanation="The decision to target Arizona for enhanced screening is based on a comprehensive evaluation of the risk profile and potential impact. Arizona has a significant 'Infectious Density' of (E+I)/Population, indicating a higher likelihood of importing hidden infections. With an average daily inflow of 32,596 people into New Mexico, the screening can capture approximately 90percent of these hidden infections, significantly reducing the risk of disease importation. While Texas has a higher overall inflow, the infectious density is lower compared to Arizona, making Arizona a more critical target for intervention. This approach aims to balance the need for effective screening with the practical limitations of resource allocation."
2025-12-25 11:14:14,135 - new mexico - INFO - Region Agent new mexico - Iteration 15 / 18: Starting policy decision process.
2025-12-25 11:14:14,135 - new mexico - INFO - Region user prompt: For new mexico, you will be given the following information:

Epidemic and mobility information of this state are as follows:

SEIRD parameters:
- beta = 0.1117782502495318
- alpha = 0.1853333987657855
- gamma = 0.06304095002160287
- mu = 0.0003797229336652049
- delta = 0.9086749315713404

Current population composition:
- S = 8740360
- E = 4727
- I = 1066
- Q = 12506
- R = 57992
- D = 394

Other origin states:
1. arizona
   - Avg past 21-day population composition: S=9006632, E=76927, I=4906, Q=109135, R=151191, D=5001
   - Avg past 21-day inflow: arizona=13080168, mississippi=2109, new mexico=34666, texas=51916, virginia=5224

2. mississippi
   - Avg past 21-day population composition: S=502687, E=54974, I=20372, Q=12249, R=135573, D=3751
   - Avg past 21-day inflow: arizona=2279, mississippi=6606055, new mexico=1459, texas=30676, virginia=3551

3. texas
   - Avg past 21-day population composition: S=21774958, E=6660, I=11150, Q=60212, R=379089, D=5954
   - Avg past 21-day inflow: arizona=49267, mississippi=38445, new mexico=98410, texas=59134908, virginia=23381

4. virginia
   - Avg past 21-day population composition: S=8146428, E=68248, I=16085, Q=105969, R=601702, D=2639
   - Avg past 21-day inflow: arizona=6174, mississippi=4465, new mexico=2035, texas=24801, virginia=15326305

Please output the recommended traffic control policy in the required JSON format.
2025-12-25 11:14:23,254 - new mexico - INFO - Raw agent output:
```json
{
  "weekly_policy": {
    "restricted_state": "arizona"
  },
  "global_guidance": "Arizona has the highest average daily inbound flow into New Mexico (34,666). Its infectious density (E+I)/Population is 0.0087, which is relatively high compared to other states. Implementing a targeted inbound screening policy on Arizona can capture approximately 3,024 hidden infections (E and I) over the 14-day period, significantly reducing the risk of importing undetected cases. This approach balances the need to mitigate high-risk inflows while not overburdening the screening resources by targeting multiple states simultaneously."
}
```
2025-12-25 11:14:23,255 - new mexico - INFO - Parsed PolicyResponse: policy={'arizona': [0.5, 0.5]} explanation='Arizona has the highest average daily inbound flow into New Mexico (34,666). Its infectious density (E+I)/Population is 0.0087, which is relatively high compared to other states. Implementing a targeted inbound screening policy on Arizona can capture approximately 3,024 hidden infections (E and I) over the 14-day period, significantly reducing the risk of importing undetected cases. This approach balances the need to mitigate high-risk inflows while not overburdening the screening resources by targeting multiple states simultaneously.'
2025-12-25 11:14:56,990 - new mexico - INFO - Region Agent new mexico - Iteration 16 / 18: Starting policy decision process.
2025-12-25 11:14:56,991 - new mexico - INFO - Region user prompt: For new mexico, you will be given the following information:

Epidemic and mobility information of this state are as follows:

SEIRD parameters:
- beta = 0.1117782502495318
- alpha = 0.1853333987657855
- gamma = 0.06304095002372422
- mu = 0.00037683170480265135
- delta = 0.9086749315713404

Current population composition:
- S = 9539435
- E = 5967
- I = 1395
- Q = 15498
- R = 70139
- D = 467

Other origin states:
1. arizona
   - Avg past 21-day population composition: S=8872686, E=94513, I=6014, Q=136128, R=193862, D=5078
   - Avg past 21-day inflow: arizona=13314477, mississippi=2086, new mexico=31372, texas=45426, virginia=4496

2. mississippi
   - Avg past 21-day population composition: S=470578, E=69838, I=26880, Q=16179, R=153247, D=4012
   - Avg past 21-day inflow: arizona=1918, mississippi=6631471, new mexico=1137, texas=28922, virginia=3545

3. texas
   - Avg past 21-day population composition: S=20858008, E=9243, I=15197, Q=75820, R=471462, D=6702
   - Avg past 21-day inflow: arizona=47112, mississippi=35978, new mexico=79863, texas=59397204, virginia=21662

4. virginia
   - Avg past 21-day population composition: S=8050241, E=80304, I=19021, Q=126080, R=747784, D=2639
   - Avg past 21-day inflow: arizona=6648, mississippi=4247, new mexico=1850, texas=25030, virginia=15466694

Please output the recommended traffic control policy in the required JSON format.
2025-12-25 11:15:04,850 - new mexico - INFO - Raw agent output:
```json
{
  "weekly_policy": {
      "restricted_state": "arizona"
      },
  "global_guidance": "Arizona has the highest average daily inbound flow into New Mexico (45,426) and a relatively high infectious density (E+I)/Population = (94,513 + 6,014) / 8,872,686 = 0.0113. By implementing targeted screening on travelers from Arizona, we can capture and convert a significant number of hidden infections (E and I) to Q-status, thereby reducing the risk of disease importation. This strategy balances the need to manage high-risk inflows while minimizing the impact on overall mobility. While Texas also has a high inflow, its infectious density is lower (E+I)/Population = (9,243 + 15,197) / 20,858,008 = 0.0011, making Arizona the more critical target for intervention."
}
```
2025-12-25 11:15:04,851 - new mexico - INFO - Parsed PolicyResponse: policy={'arizona': [0.5, 0.5]} explanation='Arizona has the highest average daily inbound flow into New Mexico (45,426) and a relatively high infectious density (E+I)/Population = (94,513 + 6,014) / 8,872,686 = 0.0113. By implementing targeted screening on travelers from Arizona, we can capture and convert a significant number of hidden infections (E and I) to Q-status, thereby reducing the risk of disease importation. This strategy balances the need to manage high-risk inflows while minimizing the impact on overall mobility. While Texas also has a high inflow, its infectious density is lower (E+I)/Population = (9,243 + 15,197) / 20,858,008 = 0.0011, making Arizona the more critical target for intervention.'
2025-12-25 11:15:35,838 - new mexico - INFO - Region Agent new mexico - Iteration 17 / 18: Starting policy decision process.
2025-12-25 11:15:35,839 - new mexico - INFO - Region user prompt: For new mexico, you will be given the following information:

Epidemic and mobility information of this state are as follows:

SEIRD parameters:
- beta = 0.1117782502495318
- alpha = 0.1853333987657855
- gamma = 0.06304095002584556
- mu = 0.0003737159634044114
- delta = 0.9086749315713404

Current population composition:
- S = 10443009
- E = 7649
- I = 1755
- Q = 19397
- R = 85380
- D = 558

Other origin states:
1. arizona
   - Avg past 21-day population composition: S=8532833, E=114900, I=7309, Q=168349, R=246885, D=5122
   - Avg past 21-day inflow: arizona=13145499, mississippi=2050, new mexico=28775, texas=42590, virginia=4029

2. mississippi
   - Avg past 21-day population composition: S=434127, E=86355, I=34807, Q=21250, R=176557, D=4310
   - Avg past 21-day inflow: arizona=1900, mississippi=6630556, new mexico=1129, texas=28405, virginia=3183

3. texas
   - Avg past 21-day population composition: S=19913082, E=10627, I=17813, Q=101764, R=595251, D=7580
   - Avg past 21-day inflow: arizona=50257, mississippi=35622, new mexico=73550, texas=59303116, virginia=20129

4. virginia
   - Avg past 21-day population composition: S=7953583, E=92803, I=22004, Q=148435, R=920926, D=2639
   - Avg past 21-day inflow: arizona=6592, mississippi=3845, new mexico=1710, texas=23739, virginia=15261036

Please output the recommended traffic control policy in the required JSON format.
2025-12-25 11:15:43,378 - new mexico - INFO - Raw agent output:
```json
{
  "weekly_policy": {
      "restricted_state": "arizona"
      },
  "global_guidance": "The decision to target Arizona is based on its high infectious density (E+I)/Population, which is 0.0137, indicating a significant proportion of exposed and infected individuals. Given the average daily inbound flow of 28,775 travelers from Arizona, implementing a 90% screening mandate is expected to capture approximately 3,947 hidden infections (E and I) over the 14-day period, converting them directly to Q-status upon arrival. This approach aims to minimize the risk of disease importation from a high-risk state while balancing the need to avoid overwhelming the screening capacity. Targeting Arizona also aligns with regional defense strategies, as it is a neighboring state with substantial travel volumes, making it a critical point of intervention."
}
```
2025-12-25 11:15:43,379 - new mexico - INFO - Parsed PolicyResponse: policy={'arizona': [0.5, 0.5]} explanation='The decision to target Arizona is based on its high infectious density (E+I)/Population, which is 0.0137, indicating a significant proportion of exposed and infected individuals. Given the average daily inbound flow of 28,775 travelers from Arizona, implementing a 90percent screening mandate is expected to capture approximately 3,947 hidden infections (E and I) over the 14-day period, converting them directly to Q-status upon arrival. This approach aims to minimize the risk of disease importation from a high-risk state while balancing the need to avoid overwhelming the screening capacity. Targeting Arizona also aligns with regional defense strategies, as it is a neighboring state with substantial travel volumes, making it a critical point of intervention.'
2025-12-25 11:16:14,733 - new mexico - INFO - Region Agent new mexico - Iteration 18 / 18: Starting policy decision process.
2025-12-25 11:16:14,734 - new mexico - INFO - Region user prompt: For new mexico, you will be given the following information:

Epidemic and mobility information of this state are as follows:

SEIRD parameters:
- beta = 0.1117782502495318
- alpha = 0.1853333987657855
- gamma = 0.06304095002796692
- mu = 0.0003703816567820574
- delta = 0.9086749315713404

Current population composition:
- S = 11436887
- E = 9478
- I = 2118
- Q = 24865
- R = 104761
- D = 672

Other origin states:
1. arizona
   - Avg past 21-day population composition: S=8013983, E=135864, I=8635, Q=205319, R=312083, D=5145
   - Avg past 21-day inflow: arizona=12798149, mississippi=1891, new mexico=27828, texas=53906, virginia=5103

2. mississippi
   - Avg past 21-day population composition: S=427187, E=86183, I=35357, Q=25050, R=206155, D=4634
   - Avg past 21-day inflow: arizona=2184, mississippi=6318817, new mexico=1008, texas=38606, virginia=4148

3. texas
   - Avg past 21-day population composition: S=18940098, E=10079, I=16312, Q=104300, R=740847, D=8491
   - Avg past 21-day inflow: arizona=59869, mississippi=47560, new mexico=79862, texas=57427711, virginia=23877

4. virginia
   - Avg past 21-day population composition: S=7842470, E=102534, I=24302, Q=168561, R=1121572, D=2639
   - Avg past 21-day inflow: arizona=7210, mississippi=4629, new mexico=1614, texas=29515, virginia=14873036

Please output the recommended traffic control policy in the required JSON format.
2025-12-25 11:16:20,904 - new mexico - INFO - Raw agent output:
```json
{
  "weekly_policy": {
    "restricted_state": "arizona"
  },
  "global_guidance": "The selection of Arizona as the targeted state for enhanced screening is based on its high infectious density (E+I)/Population, which stands at approximately 0.018. This indicates a significant presence of exposed and infected individuals. Given the substantial average daily inflow of 12,798 from Arizona into New Mexico, implementing a 90% screening mandate can effectively capture and isolate a large number of hidden infections, thereby reducing the risk of disease importation. While Texas has a higher inflow, its infectious density is lower, making Arizona a more strategic choice for targeted intervention."
}
```
2025-12-25 11:16:20,904 - new mexico - INFO - Parsed PolicyResponse: policy={'arizona': [0.5, 0.5]} explanation='The selection of Arizona as the targeted state for enhanced screening is based on its high infectious density (E+I)/Population, which stands at approximately 0.018. This indicates a significant presence of exposed and infected individuals. Given the substantial average daily inflow of 12,798 from Arizona into New Mexico, implementing a 90percent screening mandate can effectively capture and isolate a large number of hidden infections, thereby reducing the risk of disease importation. While Texas has a higher inflow, its infectious density is lower, making Arizona a more strategic choice for targeted intervention.'
