2025-12-25 19:58:06,780 - new mexico - INFO - Region Agent new mexico - Iteration 1 / 18: Starting policy decision process.
2025-12-25 19:58:06,780 - new mexico - INFO - Region user prompt: For new mexico, you will be given the following information:

Epidemic and mobility information of this state are as follows:

SEIRD parameters:
- beta = 0.1117782502495318
- alpha = 0.1853333987657855
- gamma = 0.1
- mu = 0.0
- delta = 0.9086749315713404

Current population composition:
- S = 2093484
- E = 816
- I = 1276
- Q = 959
- R = 265
- D = 29

Other origin states:
1. arizona
   - Avg past 21-day population composition: S=7272180, E=1952, I=962, Q=3319, R=186, D=118
   - Avg past 21-day inflow: arizona=9717467, mississippi=1551, new mexico=19529, texas=27907, virginia=3665

2. mississippi
   - Avg past 21-day population composition: S=2970629, E=906, I=1753, Q=2463, R=301, D=97
   - Avg past 21-day inflow: arizona=1194, mississippi=3987236, new mexico=942, texas=18479, virginia=2401

3. texas
   - Avg past 21-day population composition: S=28984537, E=927, I=327, Q=7619, R=2141, D=330
   - Avg past 21-day inflow: arizona=22661, mississippi=24412, new mexico=47170, texas=39820832, virginia=11782

4. virginia
   - Avg past 21-day population composition: S=8524995, E=1825, I=3189, Q=4825, R=540, D=145
   - Avg past 21-day inflow: arizona=3171, mississippi=2260, new mexico=1385, texas=13780, virginia=11423959


 Ground truth daily average for next 14-day inbound by origin states; 
From arizona: Inflow =18891.86;
From mississippi: Inflow =1902.57;
From texas: Inflow =117318.86;
From virginia: Inflow =1118.21;

Please output the recommended traffic control policy in the required JSON format.
2025-12-25 19:58:15,698 - new mexico - INFO - Raw agent output:
```json
{
  "weekly_policy": {
    "restricted_state": "texas"
  },
  "global_guidance": "Texas is selected for temporary inbound travel restriction due to its high infected (I) population and significant daily inbound flow into New Mexico. The risk assessment shows Texas has a high number of infected individuals (327) and a substantial average daily inflow of 117,318.86 people. The expected imported infections from Texas can be estimated as 「 117,318.86 * (327 / 28,984,537) 「 13.3. This is significantly higher compared to other states. By reducing the inbound flow from Texas by 50%, we expect to mitigate the risk of importing new infections into New Mexico, thereby minimizing cumulative confirmed cases and deaths. The trade-off involves a potential disruption in mobility and economic activities, but the health benefits outweigh the costs in this scenario."
}
```
2025-12-25 19:58:15,698 - new mexico - INFO - Parsed PolicyResponse: policy={'texas': [0.5, 0.5]} explanation='Texas is selected for temporary inbound travel restriction due to its high infected (I) population and significant daily inbound flow into New Mexico. The risk assessment shows Texas has a high number of infected individuals (327) and a substantial average daily inflow of 117,318.86 people. The expected imported infections from Texas can be estimated as 「 117,318.86 * (327 / 28,984,537) 「 13.3. This is significantly higher compared to other states. By reducing the inbound flow from Texas by 50percent, we expect to mitigate the risk of importing new infections into New Mexico, thereby minimizing cumulative confirmed cases and deaths. The trade-off involves a potential disruption in mobility and economic activities, but the health benefits outweigh the costs in this scenario.'
2025-12-25 19:58:52,260 - new mexico - INFO - Region Agent new mexico - Iteration 2 / 18: Starting policy decision process.
2025-12-25 19:58:52,261 - new mexico - INFO - Region user prompt: For new mexico, you will be given the following information:

Epidemic and mobility information of this state are as follows:

SEIRD parameters:
- beta = 0.1117782502495318
- alpha = 0.1853333987657855
- gamma = 0.06304094999402533
- mu = 0.00039496364860652674
- delta = 0.9086749315713404

Current population composition:
- S = 1851617
- E = 618
- I = 126
- Q = 2055
- R = 2067
- D = 42

Other origin states:
1. arizona
   - Avg past 21-day population composition: S=7467743, E=2942, I=193, Q=4865, R=520, D=202
   - Avg past 21-day inflow: arizona=11371640, mississippi=1616, new mexico=57069, texas=16590, virginia=3902

2. mississippi
   - Avg past 21-day population composition: S=2844423, E=3325, I=1783, Q=1921, R=1633, D=153
   - Avg past 21-day inflow: arizona=1524, mississippi=5486976, new mexico=2721, texas=12452, virginia=3440

3. texas
   - Avg past 21-day population composition: S=29058750, E=791, I=1233, Q=9266, R=5194, D=446
   - Avg past 21-day inflow: arizona=27201, mississippi=31103, new mexico=34625, texas=48379264, virginia=15325

4. virginia
   - Avg past 21-day population composition: S=8479967, E=4063, I=989, Q=6797, R=4750, D=358
   - Avg past 21-day inflow: arizona=3345, mississippi=3005, new mexico=3431, texas=8211, virginia=13217229


 Ground truth daily average for next 14-day inbound by origin states; 
From arizona: Inflow =19710.86;
From mississippi: Inflow =1721.0;
From texas: Inflow =126125.71;
From virginia: Inflow =1185.21;

Please output the recommended traffic control policy in the required JSON format.
2025-12-25 19:58:59,327 - new mexico - INFO - Raw agent output:
```json
{
  "weekly_policy": {
    "restricted_state": "texas"
  },
  "global_guidance": "Risk assessment shows that Texas has a high number of infected (I) individuals (1233) and a significant daily inflow into New Mexico (126125.71). Expected imported infections from Texas 「 126125.71 * (1233 / 29058750) 「 5.13 per day, which is the highest among all origin states. By restricting Texas, we reduce the risk of importing a large number of infections, thereby minimizing cumulative confirmed cases and deaths in New Mexico over the 2-week horizon. The trade-off is a 50% reduction in mobility from Texas, but this is justified by the potential reduction in disease spread."
}
```
2025-12-25 19:58:59,327 - new mexico - INFO - Parsed PolicyResponse: policy={'texas': [0.5, 0.5]} explanation='Risk assessment shows that Texas has a high number of infected (I) individuals (1233) and a significant daily inflow into New Mexico (126125.71). Expected imported infections from Texas 「 126125.71 * (1233 / 29058750) 「 5.13 per day, which is the highest among all origin states. By restricting Texas, we reduce the risk of importing a large number of infections, thereby minimizing cumulative confirmed cases and deaths in New Mexico over the 2-week horizon. The trade-off is a 50percent reduction in mobility from Texas, but this is justified by the potential reduction in disease spread.'
2025-12-25 19:59:42,157 - new mexico - INFO - Region Agent new mexico - Iteration 3 / 18: Starting policy decision process.
2025-12-25 19:59:42,157 - new mexico - INFO - Region user prompt: For new mexico, you will be given the following information:

Epidemic and mobility information of this state are as follows:

SEIRD parameters:
- beta = 0.1117782502495318
- alpha = 0.1853333987657855
- gamma = 0.06304094999614668
- mu = 0.0003953309794195802
- delta = 0.9086749315713404

Current population composition:
- S = 1548066
- E = 557
- I = 115
- Q = 1846
- R = 3794
- D = 56

Other origin states:
1. arizona
   - Avg past 21-day population composition: S=7787869, E=4213, I=270, Q=6234, R=1246, D=362
   - Avg past 21-day inflow: arizona=11633875, mississippi=1614, new mexico=62430, texas=17583, virginia=3673

2. mississippi
   - Avg past 21-day population composition: S=2650138, E=5680, I=2631, Q=1740, R=3297, D=219
   - Avg past 21-day inflow: arizona=1474, mississippi=5834803, new mexico=2722, texas=13095, virginia=3303

3. texas
   - Avg past 21-day population composition: S=29189586, E=1104, I=1725, Q=12537, R=11559, D=659
   - Avg past 21-day inflow: arizona=28967, mississippi=32701, new mexico=37557, texas=51352865, virginia=15964

4. virginia
   - Avg past 21-day population composition: S=8406476, E=5245, I=1223, Q=7605, R=11560, D=670
   - Avg past 21-day inflow: arizona=3556, mississippi=2877, new mexico=3513, texas=8271, virginia=13637675


 Ground truth daily average for next 14-day inbound by origin states; 
From arizona: Inflow =25837.79;
From mississippi: Inflow =2147.71;
From texas: Inflow =143264.86;
From virginia: Inflow =1181.07;

Please output the recommended traffic control policy in the required JSON format.
2025-12-25 19:59:51,586 - new mexico - INFO - Raw agent output:
```json
{
  "weekly_policy": {
    "restricted_state": "texas"
  },
  "global_guidance": "Based on the risk assessment, Texas has the highest average daily inbound flow into New Mexico (143264.86). The SEIRD parameters indicate a significant number of infected (I=1725) and exposed (E=1104) individuals in Texas, which poses a high risk of importing infections into New Mexico. The expected imported infections from Texas can be estimated as 143264.86 * (1725 / 29189586) 「 8.34 per day. Restricting 50% of the inbound flow from Texas would reduce this to approximately 4.17 infections per day, significantly lowering the risk of disease spread. This restriction is justified as it provides the maximum benefit in terms of reducing imported infections compared to the other states, despite the potential trade-off of reduced mobility."
}
```
2025-12-25 19:59:51,586 - new mexico - INFO - Parsed PolicyResponse: policy={'texas': [0.5, 0.5]} explanation='Based on the risk assessment, Texas has the highest average daily inbound flow into New Mexico (143264.86). The SEIRD parameters indicate a significant number of infected (I=1725) and exposed (E=1104) individuals in Texas, which poses a high risk of importing infections into New Mexico. The expected imported infections from Texas can be estimated as 143264.86 * (1725 / 29189586) 「 8.34 per day. Restricting 50percent of the inbound flow from Texas would reduce this to approximately 4.17 infections per day, significantly lowering the risk of disease spread. This restriction is justified as it provides the maximum benefit in terms of reducing imported infections compared to the other states, despite the potential trade-off of reduced mobility.'
2025-12-25 20:00:26,999 - new mexico - INFO - Region Agent new mexico - Iteration 4 / 18: Starting policy decision process.
2025-12-25 20:00:26,999 - new mexico - INFO - Region user prompt: For new mexico, you will be given the following information:

Epidemic and mobility information of this state are as follows:

SEIRD parameters:
- beta = 0.1117782502495318
- alpha = 0.1853333987657855
- gamma = 0.06304094999826802
- mu = 0.0003954377962876131
- delta = 0.9086749315713404

Current population composition:
- S = 1306747
- E = 680
- I = 154
- Q = 1928
- R = 5428
- D = 70

Other origin states:
1. arizona
   - Avg past 21-day population composition: S=8063647, E=6121, I=400, Q=8617, R=2798, D=658
   - Avg past 21-day inflow: arizona=12334093, mississippi=5323, new mexico=41873, texas=20658, virginia=3797

2. mississippi
   - Avg past 21-day population composition: S=2354467, E=9118, I=4306, Q=2343, R=5767, D=314
   - Avg past 21-day inflow: arizona=1596, mississippi=6201158, new mexico=1717, texas=15417, virginia=3307

3. texas
   - Avg past 21-day population composition: S=29484728, E=1549, I=2443, Q=17235, R=24522, D=1036
   - Avg past 21-day inflow: arizona=33250, mississippi=24728, new mexico=71700, texas=54356274, virginia=17393

4. virginia
   - Avg past 21-day population composition: S=8360205, E=6863, I=1622, Q=9718, R=22347, D=1103
   - Avg past 21-day inflow: arizona=4434, mississippi=10693, new mexico=2313, texas=9895, virginia=14133151


 Ground truth daily average for next 14-day inbound by origin states; 
From arizona: Inflow =31716.71;
From mississippi: Inflow =2218.07;
From texas: Inflow =161744.0;
From virginia: Inflow =1186.0;

Please output the recommended traffic control policy in the required JSON format.
2025-12-25 20:00:43,666 - new mexico - INFO - Raw agent output:
```json
{
  "weekly_policy": {
    "restricted_state": "texas"
  },
  "global_guidance": "Texas has the highest average daily inbound flow into New Mexico (161744.0). Additionally, Texas has a significant number of infected individuals (I=2443) and confirmed cases (Q=17235). The expected imported infections from Texas can be estimated as 161744.0 * (2443 / (29484728 + 6121 + 400 + 8617 + 2798 + 658)) 「 13.67. Restricting 50% of this flow would reduce the expected imported infections by approximately 6.83, which is the highest potential reduction among all origin states. This intervention is justified as it balances the need to minimize imported infections while maintaining some level of mobility. Other states have either lower infection rates or lower inbound flows, making them less critical targets for restriction."
}
```
2025-12-25 20:00:43,666 - new mexico - INFO - Parsed PolicyResponse: policy={'texas': [0.5, 0.5]} explanation='Texas has the highest average daily inbound flow into New Mexico (161744.0). Additionally, Texas has a significant number of infected individuals (I=2443) and confirmed cases (Q=17235). The expected imported infections from Texas can be estimated as 161744.0 * (2443 / (29484728 + 6121 + 400 + 8617 + 2798 + 658)) 「 13.67. Restricting 50percent of this flow would reduce the expected imported infections by approximately 6.83, which is the highest potential reduction among all origin states. This intervention is justified as it balances the need to minimize imported infections while maintaining some level of mobility. Other states have either lower infection rates or lower inbound flows, making them less critical targets for restriction.'
2025-12-25 20:01:18,932 - new mexico - INFO - Region Agent new mexico - Iteration 5 / 18: Starting policy decision process.
2025-12-25 20:01:18,933 - new mexico - INFO - Region user prompt: For new mexico, you will be given the following information:

Epidemic and mobility information of this state are as follows:

SEIRD parameters:
- beta = 0.1117782502495318
- alpha = 0.1853333987657855
- gamma = 0.06304095000038937
- mu = 0.00039528388796844987
- delta = 0.9086749315713404

Current population composition:
- S = 1065627
- E = 1058
- I = 262
- Q = 2694
- R = 7411
- D = 84

Other origin states:
1. arizona
   - Avg past 21-day population composition: S=8068227, E=8832, I=608, Q=11938, R=5370, D=1072
   - Avg past 21-day inflow: arizona=12544263, mississippi=14031, new mexico=36541, texas=26218, virginia=4525

2. mississippi
   - Avg past 21-day population composition: S=1948485, E=13000, I=6168, Q=3469, R=9360, D=448
   - Avg past 21-day inflow: arizona=1899, mississippi=6282009, new mexico=1324, texas=18890, virginia=4177

3. texas
   - Avg past 21-day population composition: S=29366661, E=2101, I=3340, Q=22211, R=44050, D=1526
   - Avg past 21-day inflow: arizona=42323, mississippi=23997, new mexico=101339, texas=56028179, virginia=21124

4. virginia
   - Avg past 21-day population composition: S=9037670, E=9096, I=2156, Q=12952, R=36478, D=1543
   - Avg past 21-day inflow: arizona=5988, mississippi=6820, new mexico=2080, texas=106738, virginia=14398916


 Ground truth daily average for next 14-day inbound by origin states; 
From arizona: Inflow =31876.86;
From mississippi: Inflow =1902.57;
From texas: Inflow =161358.5;
From virginia: Inflow =1374.86;

Please output the recommended traffic control policy in the required JSON format.
2025-12-25 20:01:30,746 - new mexico - INFO - Raw agent output:
```json
{
  "weekly_policy": {
    "restricted_state": "texas"
  },
  "global_guidance": "The risk assessment shows that Texas has the highest average daily inbound flow into New Mexico (161,358.5) and a significant number of infected individuals (I=3,340). The expected imported infections from Texas can be estimated as 161,358.5 * (3,340 / 29,366,661) 「 18.4. This is significantly higher than the expected imported infections from Arizona (31,876.86 * (608 / 8,068,227) 「 2.4), Mississippi (1,902.57 * (6,168 / 1,948,485) 「 6.0), and Virginia (1,374.86 * (2,156 / 9,037,670) 「 0.3). Restricting travel from Texas is justified to minimize the potential increase in cases and deaths in New Mexico. The trade-off is a moderate reduction in mobility, but the health benefits outweigh the disruption."
}
```
2025-12-25 20:01:30,746 - new mexico - INFO - Parsed PolicyResponse: policy={'texas': [0.5, 0.5]} explanation='The risk assessment shows that Texas has the highest average daily inbound flow into New Mexico (161,358.5) and a significant number of infected individuals (I=3,340). The expected imported infections from Texas can be estimated as 161,358.5 * (3,340 / 29,366,661) 「 18.4. This is significantly higher than the expected imported infections from Arizona (31,876.86 * (608 / 8,068,227) 「 2.4), Mississippi (1,902.57 * (6,168 / 1,948,485) 「 6.0), and Virginia (1,374.86 * (2,156 / 9,037,670) 「 0.3). Restricting travel from Texas is justified to minimize the potential increase in cases and deaths in New Mexico. The trade-off is a moderate reduction in mobility, but the health benefits outweigh the disruption.'
2025-12-25 20:02:11,285 - new mexico - INFO - Region Agent new mexico - Iteration 6 / 18: Starting policy decision process.
2025-12-25 20:02:11,285 - new mexico - INFO - Region user prompt: For new mexico, you will be given the following information:

Epidemic and mobility information of this state are as follows:

SEIRD parameters:
- beta = 0.1117782502495318
- alpha = 0.1853333987657855
- gamma = 0.06304095000251071
- mu = 0.0003948695588207386
- delta = 0.9086749315713404

Current population composition:
- S = 455165
- E = 488
- I = 108
- Q = 2381
- R = 9752
- D = 98

Other origin states:
1. arizona
   - Avg past 21-day population composition: S=8248060, E=12494, I=838, Q=16581, R=9422, D=1617
   - Avg past 21-day inflow: arizona=12721796, mississippi=7654, new mexico=75110, texas=28206, virginia=5493

2. mississippi
   - Avg past 21-day population composition: S=1511813, E=16447, I=7795, Q=4716, R=14484, D=633
   - Avg past 21-day inflow: arizona=2382, mississippi=6511171, new mexico=2815, texas=19888, virginia=4198

3. texas
   - Avg past 21-day population composition: S=28908015, E=3134, I=5083, Q=29397, R=71836, D=2140
   - Avg past 21-day inflow: arizona=48951, mississippi=44500, new mexico=75318, texas=58274699, virginia=25244

4. virginia
   - Avg past 21-day population composition: S=10037909, E=11887, I=2802, Q=17090, R=55258, D=1948
   - Avg past 21-day inflow: arizona=6406, mississippi=4000, new mexico=3968, texas=59254, virginia=15056158


 Ground truth daily average for next 14-day inbound by origin states; 
From arizona: Inflow =29481.29;
From mississippi: Inflow =1539.71;
From texas: Inflow =161019.57;
From virginia: Inflow =1663.86;

Please output the recommended traffic control policy in the required JSON format.
2025-12-25 20:02:23,363 - new mexico - INFO - Raw agent output:
```json
{
  "weekly_policy": {
    "restricted_state": "texas"
  },
  "global_guidance": "Texas has the highest average daily inbound flow into New Mexico (161,019.57) and also has a significant number of infected (5,083) and exposed (3,134) individuals. The expected imported infections from Texas can be estimated as 161,019.57 * (5,083 / 28,908,015) 「 28.3. Restricting 50% of this flow would reduce the expected imported infections by approximately 14.15, which is the highest among all origin states. This intervention aims to minimize the risk of importing new infections while balancing the need for mobility. Other states like Arizona and Virginia have much lower inbound flows, and Mississippi has a higher proportion of infected individuals but a much lower absolute number of inbound travelers, making Texas the priority for restriction."
}
```
2025-12-25 20:02:23,363 - new mexico - INFO - Parsed PolicyResponse: policy={'texas': [0.5, 0.5]} explanation='Texas has the highest average daily inbound flow into New Mexico (161,019.57) and also has a significant number of infected (5,083) and exposed (3,134) individuals. The expected imported infections from Texas can be estimated as 161,019.57 * (5,083 / 28,908,015) 「 28.3. Restricting 50percent of this flow would reduce the expected imported infections by approximately 14.15, which is the highest among all origin states. This intervention aims to minimize the risk of importing new infections while balancing the need for mobility. Other states like Arizona and Virginia have much lower inbound flows, and Mississippi has a higher proportion of infected individuals but a much lower absolute number of inbound travelers, making Texas the priority for restriction.'
2025-12-25 20:03:24,278 - new mexico - INFO - Region Agent new mexico - Iteration 7 / 18: Starting policy decision process.
2025-12-25 20:03:24,279 - new mexico - INFO - Region user prompt: For new mexico, you will be given the following information:

Epidemic and mobility information of this state are as follows:

SEIRD parameters:
- beta = 0.1117782502495318
- alpha = 0.1853333987657855
- gamma = 0.06304095000463207
- mu = 0.00039419562780104
- delta = 0.9086749315713404

Current population composition:
- S = 102655
- E = 118
- I = 0
- Q = 1334
- R = 11442
- D = 112

Other origin states:
1. arizona
   - Avg past 21-day population composition: S=8728780, E=16834, I=1144, Q=22256, R=15404, D=2277
   - Avg past 21-day inflow: arizona=12691405, mississippi=2443, new mexico=102095, texas=28565, virginia=6387

2. mississippi
   - Avg past 21-day population composition: S=1017825, E=16550, I=7805, Q=5504, R=21005, D=858
   - Avg past 21-day inflow: arizona=2601, mississippi=6521022, new mexico=3977, texas=18921, virginia=4459

3. texas
   - Avg past 21-day population composition: S=29393867, E=4839, I=8069, Q=42920, R=113551, D=2964
   - Avg past 21-day inflow: arizona=49809, mississippi=60331, new mexico=66389, texas=57497200, virginia=26942

4. virginia
   - Avg past 21-day population composition: S=10018487, E=15675, I=3700, Q=22548, R=79986, D=2280
   - Avg past 21-day inflow: arizona=5763, mississippi=5376, new mexico=5346, texas=14255, virginia=15378004


 Ground truth daily average for next 14-day inbound by origin states; 
From arizona: Inflow =25360.0;
From mississippi: Inflow =1571.5;
From texas: Inflow =144548.5;
From virginia: Inflow =1708.14;

Please output the recommended traffic control policy in the required JSON format.
2025-12-25 20:03:41,311 - new mexico - INFO - Raw agent output:
```json
{
  "weekly_policy": {
    "restricted_state": "texas"
  },
  "global_guidance": "Texas has the highest average daily inbound flow into New Mexico (144548.5). It also has a significant number of infected (I=8069) and exposed (E=4839) individuals, posing a high risk of importing infections. Expected imported infections from Texas 「 144548.5 * (8069 / 29393867) 「 3.98 per day. Restricting 50% of this flow would reduce the expected imported infections by approximately 1.99 per day, significantly lowering the risk of new cases in New Mexico. While this restriction may cause some disruption to mobility, the trade-off is justified by the potential reduction in disease spread."
}
```
2025-12-25 20:03:41,311 - new mexico - INFO - Parsed PolicyResponse: policy={'texas': [0.5, 0.5]} explanation='Texas has the highest average daily inbound flow into New Mexico (144548.5). It also has a significant number of infected (I=8069) and exposed (E=4839) individuals, posing a high risk of importing infections. Expected imported infections from Texas 「 144548.5 * (8069 / 29393867) 「 3.98 per day. Restricting 50percent of this flow would reduce the expected imported infections by approximately 1.99 per day, significantly lowering the risk of new cases in New Mexico. While this restriction may cause some disruption to mobility, the trade-off is justified by the potential reduction in disease spread.'
2025-12-25 20:04:36,967 - new mexico - INFO - Region Agent new mexico - Iteration 8 / 18: Starting policy decision process.
2025-12-25 20:04:36,967 - new mexico - INFO - Region user prompt: For new mexico, you will be given the following information:

Epidemic and mobility information of this state are as follows:

SEIRD parameters:
- beta = 0.1117782502495318
- alpha = 0.1853333987657855
- gamma = 0.06304095000675342
- mu = 0.0003932634257665254
- delta = 0.9086749315713404

Current population composition:
- S = 17212
- E = 0
- I = 0
- Q = 904
- R = 12415
- D = 114

Other origin states:
1. arizona
   - Avg past 21-day population composition: S=8911386, E=23703, I=1652, Q=30717, R=23915, D=3021
   - Avg past 21-day inflow: arizona=12227260, mississippi=8410, new mexico=64290, texas=27070, virginia=6789

2. mississippi
   - Avg past 21-day population composition: S=448470, E=9216, I=4255, Q=4651, R=27695, D=1078
   - Avg past 21-day inflow: arizona=2337, mississippi=6371393, new mexico=2406, texas=18148, virginia=4848

3. texas
   - Avg past 21-day population composition: S=29995185, E=6434, I=10825, Q=60903, R=177717, D=4115
   - Avg past 21-day inflow: arizona=49331, mississippi=42626, new mexico=107819, texas=55946397, virginia=28822

4. virginia
   - Avg past 21-day population composition: S=9883569, E=22021, I=5276, Q=30965, R=113082, D=2527
   - Avg past 21-day inflow: arizona=5547, mississippi=18234, new mexico=3737, texas=14897, virginia=15359071


 Ground truth daily average for next 14-day inbound by origin states; 
From arizona: Inflow =25519.0;
From mississippi: Inflow =1311.07;
From texas: Inflow =143401.57;
From virginia: Inflow =1926.14;

Please output the recommended traffic control policy in the required JSON format.
2025-12-25 20:04:44,157 - new mexico - INFO - Raw agent output:
```json
{
  "weekly_policy": {
    "restricted_state": "texas"
  },
  "global_guidance": "Texas has the highest average daily inbound flow into New Mexico (143401.57) and a significant number of infected individuals (I=10825). The expected imported infections from Texas can be estimated as 143401.57 * (10825 / 30067674) 「 52.5. This is much higher compared to other states. Restricting travel from Texas would significantly reduce the risk of importing new infections into New Mexico, which is crucial given the current low number of susceptible individuals (S=17212). The trade-off is a 50% reduction in mobility from Texas, but this is justified by the potential to prevent a larger outbreak in New Mexico."
}
```
2025-12-25 20:04:44,157 - new mexico - INFO - Parsed PolicyResponse: policy={'texas': [0.5, 0.5]} explanation='Texas has the highest average daily inbound flow into New Mexico (143401.57) and a significant number of infected individuals (I=10825). The expected imported infections from Texas can be estimated as 143401.57 * (10825 / 30067674) 「 52.5. This is much higher compared to other states. Restricting travel from Texas would significantly reduce the risk of importing new infections into New Mexico, which is crucial given the current low number of susceptible individuals (S=17212). The trade-off is a 50percent reduction in mobility from Texas, but this is justified by the potential to prevent a larger outbreak in New Mexico.'
2025-12-25 20:05:16,427 - new mexico - INFO - Region Agent new mexico - Iteration 9 / 18: Starting policy decision process.
2025-12-25 20:05:16,427 - new mexico - INFO - Region user prompt: For new mexico, you will be given the following information:

Epidemic and mobility information of this state are as follows:

SEIRD parameters:
- beta = 0.1117782502495318
- alpha = 0.1853333987657855
- gamma = 0.06304095000887476
- mu = 0.00039207479109571884
- delta = 0.9086749315713404

Current population composition:
- S = 20562
- E = 0
- I = 0
- Q = 505
- R = 13014
- D = 114

Other origin states:
1. arizona
   - Avg past 21-day population composition: S=8806546, E=31924, I=2094, Q=41908, R=36020, D=3821
   - Avg past 21-day inflow: arizona=12326316, mississippi=4876, new mexico=70462, texas=24878, virginia=6475

2. mississippi
   - Avg past 21-day population composition: S=74346, E=1211, I=506, Q=2159, R=32150, D=1217
   - Avg past 21-day inflow: arizona=2348, mississippi=6369349, new mexico=3442, texas=16968, virginia=4413

3. texas
   - Avg past 21-day population composition: S=30424302, E=6386, I=10572, Q=69589, R=263483, D=5524
   - Avg past 21-day inflow: arizona=46103, mississippi=46857, new mexico=79697, texas=55789157, virginia=29507

4. virginia
   - Avg past 21-day population composition: S=9721241, E=29552, I=6966, Q=42847, R=159246, D=2697
   - Avg past 21-day inflow: arizona=6027, mississippi=11474, new mexico=4701, texas=13531, virginia=15109651


 Ground truth daily average for next 14-day inbound by origin states; 
From arizona: Inflow =23821.71;
From mississippi: Inflow =1384.5;
From texas: Inflow =138468.14;
From virginia: Inflow =1070.57;

Please output the recommended traffic control policy in the required JSON format.
2025-12-25 20:05:25,170 - new mexico - INFO - Raw agent output:
```json
{
  "weekly_policy": {
    "restricted_state": "texas"
  },
  "global_guidance": "Texas has the highest average daily inbound flow into New Mexico (138,468.14) and also a high number of infected (I=10,572) and exposed (E=6,386) individuals. Restricting travel from Texas is expected to significantly reduce the number of imported infections. Expected imported infections from Texas 「 138468.14 * (10572 / 30424302) 「 4.8. This is much higher compared to other states. While restricting Texas will cause significant mobility disruption, it is necessary to minimize the risk of disease spread in New Mexico."
}
```
2025-12-25 20:05:25,170 - new mexico - INFO - Parsed PolicyResponse: policy={'texas': [0.5, 0.5]} explanation='Texas has the highest average daily inbound flow into New Mexico (138,468.14) and also a high number of infected (I=10,572) and exposed (E=6,386) individuals. Restricting travel from Texas is expected to significantly reduce the number of imported infections. Expected imported infections from Texas 「 138468.14 * (10572 / 30424302) 「 4.8. This is much higher compared to other states. While restricting Texas will cause significant mobility disruption, it is necessary to minimize the risk of disease spread in New Mexico.'
2025-12-25 20:05:57,331 - new mexico - INFO - Region Agent new mexico - Iteration 10 / 18: Starting policy decision process.
2025-12-25 20:05:57,331 - new mexico - INFO - Region user prompt: For new mexico, you will be given the following information:

Epidemic and mobility information of this state are as follows:

SEIRD parameters:
- beta = 0.1117782502495318
- alpha = 0.1853333987657855
- gamma = 0.06304095001099612
- mu = 0.00039063206364745316
- delta = 0.9086749315713404

Current population composition:
- S = 31785
- E = 0
- I = 0
- Q = 332
- R = 13371
- D = 114

Other origin states:
1. arizona
   - Avg past 21-day population composition: S=8824721, E=40642, I=2609, Q=54655, R=52413, D=4603
   - Avg past 21-day inflow: arizona=12204458, mississippi=2079, new mexico=81874, texas=22124, virginia=5239

2. mississippi
   - Avg past 21-day population composition: S=22555, E=52, I=11, Q=591, R=33783, D=1265
   - Avg past 21-day inflow: arizona=1984, mississippi=6404182, new mexico=3233, texas=15771, virginia=3879

3. texas
   - Avg past 21-day population composition: S=30508224, E=5783, I=9349, Q=65199, R=353644, D=6887
   - Avg past 21-day inflow: arizona=44848, mississippi=51070, new mexico=56768, texas=56021642, virginia=27574

4. virginia
   - Avg past 21-day population composition: S=9447942, E=36617, I=8552, Q=54672, R=220592, D=2801
   - Avg past 21-day inflow: arizona=6041, mississippi=4887, new mexico=6237, texas=12570, virginia=14714026


 Ground truth daily average for next 14-day inbound by origin states; 
From arizona: Inflow =27662.29;
From mississippi: Inflow =1312.14;
From texas: Inflow =148426.79;
From virginia: Inflow =1403.14;

Please output the recommended traffic control policy in the required JSON format.
2025-12-25 20:06:06,404 - new mexico - INFO - Raw agent output:
```json
{
  "weekly_policy": {
    "restricted_state": "texas"
  },
  "global_guidance": "Texas has the highest average daily inbound flow into New Mexico (148426.79). The risk assessment shows Texas also has a high number of infected (I=9349) and confirmed (Q=65199) cases. Expected imported infections 「 inbound_flow * (I / population) = 148426.79 * (9349 / 30508224) 「 4.45. Restricting Texas would significantly reduce the potential for importing new infections. Other states have lower inbound flows and fewer cases, making them less critical. The trade-off is a 50% reduction in inbound flow from Texas, which could disrupt travel but is justified by the significant reduction in expected imported infections."
}
```
2025-12-25 20:06:06,404 - new mexico - INFO - Parsed PolicyResponse: policy={'texas': [0.5, 0.5]} explanation='Texas has the highest average daily inbound flow into New Mexico (148426.79). The risk assessment shows Texas also has a high number of infected (I=9349) and confirmed (Q=65199) cases. Expected imported infections 「 inbound_flow * (I / population) = 148426.79 * (9349 / 30508224) 「 4.45. Restricting Texas would significantly reduce the potential for importing new infections. Other states have lower inbound flows and fewer cases, making them less critical. The trade-off is a 50percent reduction in inbound flow from Texas, which could disrupt travel but is justified by the significant reduction in expected imported infections.'
2025-12-25 20:06:47,147 - new mexico - INFO - Region Agent new mexico - Iteration 11 / 18: Starting policy decision process.
2025-12-25 20:06:47,148 - new mexico - INFO - Region user prompt: For new mexico, you will be given the following information:

Epidemic and mobility information of this state are as follows:

SEIRD parameters:
- beta = 0.1117782502495318
- alpha = 0.1853333987657855
- gamma = 0.06304095001311746
- mu = 0.000388938077085825
- delta = 0.9086749315713404

Current population composition:
- S = 107229
- E = 237
- I = 94
- Q = 432
- R = 13697
- D = 114

Other origin states:
1. arizona
   - Avg past 21-day population composition: S=8676617, E=50857, I=3240, Q=69964, R=73790, D=5294
   - Avg past 21-day inflow: arizona=12300752, mississippi=2383, new mexico=47239, texas=23326, virginia=5591

2. mississippi
   - Avg past 21-day population composition: S=22064, E=43, I=11, Q=157, R=34216, D=1277
   - Avg past 21-day inflow: arizona=2603, mississippi=6393211, new mexico=1698, texas=14946, virginia=3963

3. texas
   - Avg past 21-day population composition: S=30649864, E=5355, I=8669, Q=59274, R=437641, D=8047
   - Avg past 21-day inflow: arizona=30341, mississippi=47740, new mexico=84081, texas=56597764, virginia=28749

4. virginia
   - Avg past 21-day population composition: S=9197766, E=45102, I=10539, Q=67932, R=297560, D=2853
   - Avg past 21-day inflow: arizona=9919, mississippi=5593, new mexico=3932, texas=14402, virginia=14873143


 Ground truth daily average for next 14-day inbound by origin states; 
From arizona: Inflow =28492.21;
From mississippi: Inflow =1227.71;
From texas: Inflow =148150.5;
From virginia: Inflow =1291.07;

Please output the recommended traffic control policy in the required JSON format.
2025-12-25 20:06:55,920 - new mexico - INFO - Raw agent output:
```json
{
  "weekly_policy": {
    "restricted_state": "texas"
  },
  "global_guidance": "The risk assessment indicates that Texas has the highest number of infected individuals (I=8669) and the highest average daily inbound flow into New Mexico (Inflow=148150.5). The expected imported infections from Texas can be estimated as: expected_imported_infections 「 inbound_flow * (I / population) 「 148150.5 * (8669 / 30649864) 「 4.18. Restricting Texas will significantly reduce the potential importation of infections, thereby minimizing the risk of increased cases and deaths in New Mexico. While Arizona also poses a notable risk, its inbound flow is much lower compared to Texas, making Texas the priority for restriction. This intervention balances the need for epidemic control with the disruption to mobility, as it targets the highest-risk state."
}
```
2025-12-25 20:06:55,933 - new mexico - INFO - Parsed PolicyResponse: policy={'texas': [0.5, 0.5]} explanation='The risk assessment indicates that Texas has the highest number of infected individuals (I=8669) and the highest average daily inbound flow into New Mexico (Inflow=148150.5). The expected imported infections from Texas can be estimated as: expected_imported_infections 「 inbound_flow * (I / population) 「 148150.5 * (8669 / 30649864) 「 4.18. Restricting Texas will significantly reduce the potential importation of infections, thereby minimizing the risk of increased cases and deaths in New Mexico. While Arizona also poses a notable risk, its inbound flow is much lower compared to Texas, making Texas the priority for restriction. This intervention balances the need for epidemic control with the disruption to mobility, as it targets the highest-risk state.'
2025-12-25 20:07:27,564 - new mexico - INFO - Region Agent new mexico - Iteration 12 / 18: Starting policy decision process.
2025-12-25 20:07:27,577 - new mexico - INFO - Region user prompt: For new mexico, you will be given the following information:

Epidemic and mobility information of this state are as follows:

SEIRD parameters:
- beta = 0.1117782502495318
- alpha = 0.1853333987657855
- gamma = 0.06304095001523881
- mu = 0.00038699614960638736
- delta = 0.9086749315713404

Current population composition:
- S = 92511
- E = 292
- I = 102
- Q = 525
- R = 14155
- D = 114

Other origin states:
1. arizona
   - Avg past 21-day population composition: S=8327798, E=62968, I=3999, Q=88294, R=101112, D=5858
   - Avg past 21-day inflow: arizona=12593850, mississippi=2059, new mexico=33023, texas=22668, virginia=5351

2. mississippi
   - Avg past 21-day population composition: S=27599, E=58, I=15, Q=47, R=34335, D=1278
   - Avg past 21-day inflow: arizona=3052, mississippi=6433672, new mexico=1317, texas=15746, virginia=3517

3. texas
   - Avg past 21-day population composition: S=30961635, E=5090, I=8247, Q=54788, R=515366, D=9024
   - Avg past 21-day inflow: arizona=21847, mississippi=42933, new mexico=103286, texas=56938135, virginia=26283

4. virginia
   - Avg past 21-day population composition: S=8953985, E=54860, I=12838, Q=83445, R=392675, D=2876
   - Avg past 21-day inflow: arizona=9562, mississippi=4911, new mexico=2285, texas=13145, virginia=15100136


 Ground truth daily average for next 14-day inbound by origin states; 
From arizona: Inflow =27974.5;
From mississippi: Inflow =995.57;
From texas: Inflow =146670.43;
From virginia: Inflow =1595.86;

Please output the recommended traffic control policy in the required JSON format.
2025-12-25 20:07:35,520 - new mexico - INFO - Raw agent output:
```json
{
  "weekly_policy": {
    "restricted_state": "texas"
  },
  "global_guidance": "Texas is prioritized for restriction due to its high infected population (I=8247) and substantial daily inbound flow into New Mexico (146670.43). Expected imported infections from Texas 「 146670.43 * (8247 / 30961635) 「 388. This is significantly higher compared to other states. Restricting Texas would reduce the risk of importing a large number of infections, thereby minimizing the potential increase in confirmed cases and deaths in New Mexico. The trade-off involves a 50% reduction in inbound travel from Texas, which could impact economic activities and personal connections, but this is outweighed by the public health benefits."
}
```
2025-12-25 20:07:35,520 - new mexico - INFO - Parsed PolicyResponse: policy={'texas': [0.5, 0.5]} explanation='Texas is prioritized for restriction due to its high infected population (I=8247) and substantial daily inbound flow into New Mexico (146670.43). Expected imported infections from Texas 「 146670.43 * (8247 / 30961635) 「 388. This is significantly higher compared to other states. Restricting Texas would reduce the risk of importing a large number of infections, thereby minimizing the potential increase in confirmed cases and deaths in New Mexico. The trade-off involves a 50percent reduction in inbound travel from Texas, which could impact economic activities and personal connections, but this is outweighed by the public health benefits.'
2025-12-25 20:08:19,755 - new mexico - INFO - Region Agent new mexico - Iteration 13 / 18: Starting policy decision process.
2025-12-25 20:08:19,755 - new mexico - INFO - Region user prompt: For new mexico, you will be given the following information:

Epidemic and mobility information of this state are as follows:

SEIRD parameters:
- beta = 0.1117782502495318
- alpha = 0.1853333987657855
- gamma = 0.06304095001736017
- mu = 0.00038481007310605856
- delta = 0.9086749315713404

Current population composition:
- S = 158231
- E = 636
- I = 114
- Q = 792
- R = 14724
- D = 114

Other origin states:
1. arizona
   - Avg past 21-day population composition: S=7943904, E=77988, I=4950, Q=110587, R=135565, D=6284
   - Avg past 21-day inflow: arizona=12775936, mississippi=1718, new mexico=30556, texas=22540, virginia=5287

2. mississippi
   - Avg past 21-day population composition: S=30714, E=81, I=21, Q=23, R=34377, D=1278
   - Avg past 21-day inflow: arizona=2826, mississippi=6474992, new mexico=1372, texas=14856, virginia=3518

3. texas
   - Avg past 21-day population composition: S=31294412, E=5021, I=8118, Q=52148, R=588721, D=9860
   - Avg past 21-day inflow: arizona=22032, mississippi=39373, new mexico=99060, texas=57587273, virginia=24012

4. virginia
   - Avg past 21-day population composition: S=8692082, E=65774, I=15422, Q=101236, R=508834, D=2885
   - Avg past 21-day inflow: arizona=9145, mississippi=3822, new mexico=1787, texas=11858, virginia=15126464


 Ground truth daily average for next 14-day inbound by origin states; 
From arizona: Inflow =31155.21;
From mississippi: Inflow =1155.71;
From texas: Inflow =151752.0;
From virginia: Inflow =1958.07;

Please output the recommended traffic control policy in the required JSON format.
2025-12-25 20:08:29,991 - new mexico - INFO - Raw agent output:
```json
{
  "weekly_policy": {
    "restricted_state": "texas"
  },
  "global_guidance": "Texas is prioritized for restriction due to its high average daily inbound flow (151,752) and relatively high number of infected individuals (8,118). The expected imported infections from Texas are calculated as 151,752 * (8,118 / 31,294,412) 「 394. Restricting 50% of this flow would reduce the expected imported infections by approximately 197, which is significant compared to the other states. Arizona and Virginia have lower inbound flows and fewer infected individuals, while Mississippi has very low inbound flow and a small number of infected individuals. Thus, restricting Texas strikes a balance between reducing imported infections and minimizing mobility disruption."
}
```
2025-12-25 20:08:29,995 - new mexico - INFO - Parsed PolicyResponse: policy={'texas': [0.5, 0.5]} explanation='Texas is prioritized for restriction due to its high average daily inbound flow (151,752) and relatively high number of infected individuals (8,118). The expected imported infections from Texas are calculated as 151,752 * (8,118 / 31,294,412) 「 394. Restricting 50percent of this flow would reduce the expected imported infections by approximately 197, which is significant compared to the other states. Arizona and Virginia have lower inbound flows and fewer infected individuals, while Mississippi has very low inbound flow and a small number of infected individuals. Thus, restricting Texas strikes a balance between reducing imported infections and minimizing mobility disruption.'
2025-12-25 20:09:14,852 - new mexico - INFO - Region Agent new mexico - Iteration 14 / 18: Starting policy decision process.
2025-12-25 20:09:14,852 - new mexico - INFO - Region user prompt: For new mexico, you will be given the following information:

Epidemic and mobility information of this state are as follows:

SEIRD parameters:
- beta = 0.1117782502495318
- alpha = 0.1853333987657855
- gamma = 0.06304095001948151
- mu = 0.0003823841008462238
- delta = 0.9086749315713404

Current population composition:
- S = 149397
- E = 923
- I = 133
- Q = 1355
- R = 15690
- D = 115

Other origin states:
1. arizona
   - Avg past 21-day population composition: S=7553827, E=95661, I=6072, Q=137648, R=178675, D=6584
   - Avg past 21-day inflow: arizona=13101290, mississippi=2159, new mexico=32596, texas=25699, virginia=5679

2. mississippi
   - Avg past 21-day population composition: S=31188, E=110, I=26, Q=20, R=34406, D=1278
   - Avg past 21-day inflow: arizona=3223, mississippi=6656709, new mexico=1497, texas=14710, virginia=3739

3. texas
   - Avg past 21-day population composition: S=31592958, E=5248, I=8430, Q=51957, R=660321, D=10594
   - Avg past 21-day inflow: arizona=23614, mississippi=39010, new mexico=99222, texas=59112431, virginia=24366

4. virginia
   - Avg past 21-day population composition: S=8398063, E=77217, I=18141, Q=120737, R=648675, D=2886
   - Avg past 21-day inflow: arizona=9407, mississippi=4112, new mexico=2025, texas=12138, virginia=15457936


 Ground truth daily average for next 14-day inbound by origin states; 
From arizona: Inflow =34007.0;
From mississippi: Inflow =1190.36;
From texas: Inflow =146922.0;
From virginia: Inflow =1788.64;

Please output the recommended traffic control policy in the required JSON format.
2025-12-25 20:09:24,668 - new mexico - INFO - Raw agent output:
```json
{
  "weekly_policy": {
    "restricted_state": "texas"
  },
  "global_guidance": "Texas has the highest average daily inbound flow into New Mexico (146922.0). It also has a significant number of infected individuals (I=8430) and confirmed cases (Q=51957). The expected imported infections from Texas can be estimated as 146922.0 * (8430 / 31592958) 「 3.92 per day. Restricting 50% of the inbound flow from Texas would reduce the expected imported infections by approximately 1.96 per day, which is the highest reduction compared to other states. This measure helps minimize the risk of importing more cases while balancing the need for mobility. Arizona and Virginia have lower inbound flows and fewer infected individuals, making them less critical. Mississippi has very low inbound flow and a small number of infected individuals, so restricting it would have minimal impact."
}
```
2025-12-25 20:09:24,668 - new mexico - INFO - Parsed PolicyResponse: policy={'texas': [0.5, 0.5]} explanation='Texas has the highest average daily inbound flow into New Mexico (146922.0). It also has a significant number of infected individuals (I=8430) and confirmed cases (Q=51957). The expected imported infections from Texas can be estimated as 146922.0 * (8430 / 31592958) 「 3.92 per day. Restricting 50percent of the inbound flow from Texas would reduce the expected imported infections by approximately 1.96 per day, which is the highest reduction compared to other states. This measure helps minimize the risk of importing more cases while balancing the need for mobility. Arizona and Virginia have lower inbound flows and fewer infected individuals, making them less critical. Mississippi has very low inbound flow and a small number of infected individuals, so restricting it would have minimal impact.'
2025-12-25 20:10:00,453 - new mexico - INFO - Region Agent new mexico - Iteration 15 / 18: Starting policy decision process.
2025-12-25 20:10:00,453 - new mexico - INFO - Region user prompt: For new mexico, you will be given the following information:

Epidemic and mobility information of this state are as follows:

SEIRD parameters:
- beta = 0.1117782502495318
- alpha = 0.1853333987657855
- gamma = 0.06304095002160287
- mu = 0.0003797229336652049
- delta = 0.9086749315713404

Current population composition:
- S = 211262
- E = 1525
- I = 245
- Q = 1896
- R = 17063
- D = 129

Other origin states:
1. arizona
   - Avg past 21-day population composition: S=7134854, E=115697, I=7343, Q=169803, R=232177, D=6778
   - Avg past 21-day inflow: arizona=13080168, mississippi=2109, new mexico=34666, texas=25958, virginia=5224

2. mississippi
   - Avg past 21-day population composition: S=33819, E=148, I=33, Q=22, R=34434, D=1278
   - Avg past 21-day inflow: arizona=3631, mississippi=6606055, new mexico=1459, texas=15337, virginia=3551

3. texas
   - Avg past 21-day population composition: S=31905258, E=5781, I=9289, Q=55050, R=734015, D=11270
   - Avg past 21-day inflow: arizona=24633, mississippi=38445, new mexico=98410, texas=59134908, virginia=23381

4. virginia
   - Avg past 21-day population composition: S=8109724, E=88750, I=20906, Q=141170, R=813889, D=2886
   - Avg past 21-day inflow: arizona=9805, mississippi=4465, new mexico=2035, texas=12400, virginia=15326305


 Ground truth daily average for next 14-day inbound by origin states; 
From arizona: Inflow =38473.36;
From mississippi: Inflow =1098.29;
From texas: Inflow =129963.86;
From virginia: Inflow =1476.93;

Please output the recommended traffic control policy in the required JSON format.
2025-12-25 20:10:07,528 - new mexico - INFO - Raw agent output:
```json
{
  "weekly_policy": {
    "restricted_state": "texas"
  },
  "global_guidance": "Texas is the highest priority for restriction due to its high average daily inbound flow (129,963.86) and significant number of infected individuals (I=9,289). Expected imported infections from Texas 「 129963.86 * (9289 / 31905258) 「 36.7. This is significantly higher compared to other states. Restricting Texas will help reduce the risk of importing new infections while balancing the need for mobility. Arizona and Virginia also have notable flows but lower infection rates, and Mississippi has a very low flow. The trade-off is a 50% reduction in Texas's inbound flow, which may disrupt some travel but is necessary to control the epidemic."
}
```
2025-12-25 20:10:07,528 - new mexico - INFO - Parsed PolicyResponse: policy={'texas': [0.5, 0.5]} explanation="Texas is the highest priority for restriction due to its high average daily inbound flow (129,963.86) and significant number of infected individuals (I=9,289). Expected imported infections from Texas 「 129963.86 * (9289 / 31905258) 「 36.7. This is significantly higher compared to other states. Restricting Texas will help reduce the risk of importing new infections while balancing the need for mobility. Arizona and Virginia also have notable flows but lower infection rates, and Mississippi has a very low flow. The trade-off is a 50percent reduction in Texas's inbound flow, which may disrupt some travel but is necessary to control the epidemic."
2025-12-25 20:10:49,215 - new mexico - INFO - Region Agent new mexico - Iteration 16 / 18: Starting policy decision process.
2025-12-25 20:10:49,215 - new mexico - INFO - Region user prompt: For new mexico, you will be given the following information:

Epidemic and mobility information of this state are as follows:

SEIRD parameters:
- beta = 0.1117782502495318
- alpha = 0.1853333987657855
- gamma = 0.06304095002372422
- mu = 0.00037683170480265135
- delta = 0.9086749315713404

Current population composition:
- S = 442930
- E = 3963
- I = 690
- Q = 4616
- R = 19618
- D = 145

Other origin states:
1. arizona
   - Avg past 21-day population composition: S=6616781, E=137931, I=8754, Q=207123, R=297872, D=6897
   - Avg past 21-day inflow: arizona=13314477, mississippi=2086, new mexico=31372, texas=22712, virginia=4496

2. mississippi
   - Avg past 21-day population composition: S=32038, E=160, I=37, Q=26, R=34463, D=1278
   - Avg past 21-day inflow: arizona=2924, mississippi=6631471, new mexico=1137, texas=14461, virginia=3545

3. texas
   - Avg past 21-day population composition: S=32133217, E=6296, I=10170, Q=60178, R=813811, D=11919
   - Avg past 21-day inflow: arizona=23555, mississippi=35978, new mexico=79863, texas=59397204, virginia=21662

4. virginia
   - Avg past 21-day population composition: S=7836660, E=99596, I=23531, Q=161523, R=1005119, D=2886
   - Avg past 21-day inflow: arizona=10100, mississippi=4247, new mexico=1850, texas=12514, virginia=15466694


 Ground truth daily average for next 14-day inbound by origin states; 
From arizona: Inflow =43944.21;
From mississippi: Inflow =1377.64;
From texas: Inflow =129950.07;
From virginia: Inflow =1192.79;

Please output the recommended traffic control policy in the required JSON format.
2025-12-25 20:10:59,748 - new mexico - INFO - Raw agent output:
```json
{
  "weekly_policy": {
    "restricted_state": "texas"
  },
  "global_guidance": "Risk assessment: Texas has the highest number of infected (I) and confirmed (Q) cases among the origin states, with significant inflow into New Mexico. Expected imported infections from Texas 「 129950.07 * (10170 / 32133217) 「 41.45. This is significantly higher than other states. Justification: Restricting Texas minimizes potential imported cases, reducing the risk of local transmission. Trade-offs: While restricting Texas may disrupt some travel, it is the most effective measure to control the epidemic given the high infection rates and large inflow."
}
```
2025-12-25 20:10:59,748 - new mexico - INFO - Parsed PolicyResponse: policy={'texas': [0.5, 0.5]} explanation='Risk assessment: Texas has the highest number of infected (I) and confirmed (Q) cases among the origin states, with significant inflow into New Mexico. Expected imported infections from Texas 「 129950.07 * (10170 / 32133217) 「 41.45. This is significantly higher than other states. Justification: Restricting Texas minimizes potential imported cases, reducing the risk of local transmission. Trade-offs: While restricting Texas may disrupt some travel, it is the most effective measure to control the epidemic given the high infection rates and large inflow.'
2025-12-25 20:11:34,989 - new mexico - INFO - Region Agent new mexico - Iteration 17 / 18: Starting policy decision process.
2025-12-25 20:11:34,989 - new mexico - INFO - Region user prompt: For new mexico, you will be given the following information:

Epidemic and mobility information of this state are as follows:

SEIRD parameters:
- beta = 0.1117782502495318
- alpha = 0.1853333987657855
- gamma = 0.06304095002584556
- mu = 0.0003737159634044114
- delta = 0.9086749315713404

Current population composition:
- S = 781773
- E = 7914
- I = 1444
- Q = 10834
- R = 26000
- D = 183

Other origin states:
1. arizona
   - Avg past 21-day population composition: S=5972909, E=160352, I=10178, Q=249095, R=377525, D=6964
   - Avg past 21-day inflow: arizona=13145499, mississippi=2050, new mexico=28775, texas=21295, virginia=4029

2. mississippi
   - Avg past 21-day population composition: S=30886, E=182, I=41, Q=29, R=34502, D=1278
   - Avg past 21-day inflow: arizona=2825, mississippi=6630556, new mexico=1129, texas=14202, virginia=3183

3. texas
   - Avg past 21-day population composition: S=32279567, E=6997, I=11235, Q=65731, R=901011, D=12543
   - Avg past 21-day inflow: arizona=25128, mississippi=35622, new mexico=73550, texas=59303116, virginia=20129

4. virginia
   - Avg past 21-day population composition: S=7578386, E=108929, I=25824, Q=180531, R=1221540, D=2886
   - Avg past 21-day inflow: arizona=9783, mississippi=3845, new mexico=1710, texas=11869, virginia=15261036


 Ground truth daily average for next 14-day inbound by origin states; 
From arizona: Inflow =47761.0;
From mississippi: Inflow =2140.21;
From texas: Inflow =146485.29;
From virginia: Inflow =1512.79;

Please output the recommended traffic control policy in the required JSON format.
2025-12-25 20:11:44,685 - new mexico - INFO - Raw agent output:
```json
{
  "weekly_policy": {
    "restricted_state": "texas"
  },
  "global_guidance": "Texas is prioritized for restriction due to its high infected (I) and exposed (E) populations, coupled with the highest average daily inbound flow into New Mexico. Expected imported infections 「 146485.29 * (11235 / 32279567) 「 50.8. Restricting Texas reduces potential infections significantly. Arizona has the second-highest inbound flow, but its risk is lower due to fewer infected individuals. Mississippi and Virginia have much lower inbound flows and risks. Trade-off: Reducing Texas' inbound flow by 50% may disrupt travel and economic activities, but the health benefits outweigh the costs."
}
```
2025-12-25 20:11:44,686 - new mexico - INFO - Parsed PolicyResponse: policy={'texas': [0.5, 0.5]} explanation="Texas is prioritized for restriction due to its high infected (I) and exposed (E) populations, coupled with the highest average daily inbound flow into New Mexico. Expected imported infections 「 146485.29 * (11235 / 32279567) 「 50.8. Restricting Texas reduces potential infections significantly. Arizona has the second-highest inbound flow, but its risk is lower due to fewer infected individuals. Mississippi and Virginia have much lower inbound flows and risks. Trade-off: Reducing Texas' inbound flow by 50percent may disrupt travel and economic activities, but the health benefits outweigh the costs."
2025-12-25 20:12:23,695 - new mexico - INFO - Region Agent new mexico - Iteration 18 / 18: Starting policy decision process.
2025-12-25 20:12:23,696 - new mexico - INFO - Region user prompt: For new mexico, you will be given the following information:

Epidemic and mobility information of this state are as follows:

SEIRD parameters:
- beta = 0.1117782502495318
- alpha = 0.1853333987657855
- gamma = 0.06304095002796692
- mu = 0.0003703816567820574
- delta = 0.9086749315713404

Current population composition:
- S = 843519
- E = 7342
- I = 1427
- Q = 16677
- R = 38349
- D = 256

Other origin states:
1. arizona
   - Avg past 21-day population composition: S=5348755, E=179110, I=11395, Q=292931, R=472388, D=6998
   - Avg past 21-day inflow: arizona=12798149, mississippi=1891, new mexico=53429, texas=26952, virginia=5103

2. mississippi
   - Avg past 21-day population composition: S=31395, E=179, I=43, Q=29, R=34543, D=1278
   - Avg past 21-day inflow: arizona=2533, mississippi=6318817, new mexico=1795, texas=19302, virginia=4148

3. texas
   - Avg past 21-day population composition: S=32392555, E=8792, I=14097, Q=77679, R=999147, D=13155
   - Avg past 21-day inflow: arizona=50670, mississippi=47560, new mexico=52018, texas=57427711, virginia=23877

4. virginia
   - Avg past 21-day population composition: S=7296038, E=114962, I=27344, Q=196007, R=1460320, D=2886
   - Avg past 21-day inflow: arizona=8382, mississippi=4629, new mexico=3069, texas=14757, virginia=14873036


 Ground truth daily average for next 14-day inbound by origin states; 
From arizona: Inflow =39559.36;
From mississippi: Inflow =1518.36;
From texas: Inflow =142180.07;
From virginia: Inflow =1107.93;

Please output the recommended traffic control policy in the required JSON format.
2025-12-25 20:12:31,957 - new mexico - INFO - Raw agent output:
```json
{
  "weekly_policy": {
    "restricted_state": "texas"
  },
  "global_guidance": "Texas is prioritized for restriction due to its high average daily inbound flow (142180.07) and significant number of infected individuals (I=14097). Expected imported infections from Texas 「 142180.07 * (14097 / 32392555) 「 603. Restricting Texas can significantly reduce the risk of importing new infections into New Mexico. While Arizona also has a high number of infected individuals, its inbound flow is much lower (39559.36), leading to fewer expected imported infections (「 53). Mississippi and Virginia have much lower inbound flows and fewer infected individuals, making them less critical. This decision balances epidemic control with minimal disruption to mobility."
}
```
2025-12-25 20:12:31,957 - new mexico - INFO - Parsed PolicyResponse: policy={'texas': [0.5, 0.5]} explanation='Texas is prioritized for restriction due to its high average daily inbound flow (142180.07) and significant number of infected individuals (I=14097). Expected imported infections from Texas 「 142180.07 * (14097 / 32392555) 「 603. Restricting Texas can significantly reduce the risk of importing new infections into New Mexico. While Arizona also has a high number of infected individuals, its inbound flow is much lower (39559.36), leading to fewer expected imported infections (「 53). Mississippi and Virginia have much lower inbound flows and fewer infected individuals, making them less critical. This decision balances epidemic control with minimal disruption to mobility.'
