2025-12-25 19:58:23,630 - virginia - INFO - Region Agent virginia - Iteration 1 / 18: Starting policy decision process.
2025-12-25 19:58:23,630 - virginia - INFO - Region user prompt: For virginia, you will be given the following information:

Epidemic and mobility information of this state are as follows:

SEIRD parameters:
- beta = 0.1916503060909957
- alpha = 0.1636446530789299
- gamma = 0.1
- mu = 0.0
- delta = 0.68254039242497

Current population composition:
- S = 8524995
- E = 1825
- I = 3189
- Q = 4825
- R = 540
- D = 145

Other origin states:
1. arizona
   - Avg past 21-day population composition: S=7272180, E=1952, I=962, Q=3319, R=186, D=118
   - Avg past 21-day inflow: arizona=9717467, mississippi=1551, new mexico=19529, texas=27907, virginia=3665

2. mississippi
   - Avg past 21-day population composition: S=2970629, E=906, I=1753, Q=2463, R=301, D=97
   - Avg past 21-day inflow: arizona=1194, mississippi=3987236, new mexico=942, texas=18479, virginia=2401

3. new mexico
   - Avg past 21-day population composition: S=2093484, E=816, I=1276, Q=959, R=265, D=29
   - Avg past 21-day inflow: arizona=14511, mississippi=1425, new mexico=2776969, texas=84217, virginia=1004

4. texas
   - Avg past 21-day population composition: S=28984537, E=927, I=327, Q=7619, R=2141, D=330
   - Avg past 21-day inflow: arizona=22661, mississippi=24412, new mexico=47170, texas=39820832, virginia=11782


 Ground truth daily average for next 14-day inbound by origin states; 
From arizona: Inflow =3345.64;
From mississippi: Inflow =3005.86;
From new mexico: Inflow =1552.0;
From texas: Inflow =16423.71;

Please output the recommended traffic control policy in the required JSON format.
2025-12-25 19:58:31,947 - virginia - INFO - Raw agent output:
```json
{
  "weekly_policy": {
    "restricted_state": "texas"
  },
  "global_guidance": "Texas has the highest average daily inbound flow into Virginia (16423.71). It also has a relatively high number of infected (I=327) and confirmed (Q=7619) cases. The expected imported infections from Texas can be estimated as 16423.71 * (327 / 28984537) 「 1.83 per day, which is the highest among all origin states. Restricting travel from Texas would significantly reduce the risk of importing new infections into Virginia, thereby minimizing the potential increase in cumulative confirmed cases and deaths over the next 2 weeks. The trade-off is a 50% reduction in inbound flow from Texas, which could disrupt travel and economic activities, but the health benefits outweigh the mobility disruptions in this case."
}
```
2025-12-25 19:58:31,947 - virginia - INFO - Parsed PolicyResponse: policy={'texas': [0.5, 0.5]} explanation='Texas has the highest average daily inbound flow into Virginia (16423.71). It also has a relatively high number of infected (I=327) and confirmed (Q=7619) cases. The expected imported infections from Texas can be estimated as 16423.71 * (327 / 28984537) 「 1.83 per day, which is the highest among all origin states. Restricting travel from Texas would significantly reduce the risk of importing new infections into Virginia, thereby minimizing the potential increase in cumulative confirmed cases and deaths over the next 2 weeks. The trade-off is a 50percent reduction in inbound flow from Texas, which could disrupt travel and economic activities, but the health benefits outweigh the mobility disruptions in this case.'
2025-12-25 19:59:09,218 - virginia - INFO - Region Agent virginia - Iteration 2 / 18: Starting policy decision process.
2025-12-25 19:59:09,218 - virginia - INFO - Region user prompt: For virginia, you will be given the following information:

Epidemic and mobility information of this state are as follows:

SEIRD parameters:
- beta = 0.1916503060909957
- alpha = 0.1636446530789299
- gamma = 0.09065305
- mu = 0.004203955798654316
- delta = 0.68254039242497

Current population composition:
- S = 8432269
- E = 4879
- I = 1138
- Q = 7074
- R = 8742
- D = 548

Other origin states:
1. arizona
   - Avg past 21-day population composition: S=7467743, E=2942, I=193, Q=4865, R=520, D=202
   - Avg past 21-day inflow: arizona=11371640, mississippi=1616, new mexico=57069, texas=16590, virginia=3902

2. mississippi
   - Avg past 21-day population composition: S=2844423, E=3325, I=1783, Q=1921, R=1633, D=153
   - Avg past 21-day inflow: arizona=1524, mississippi=5486976, new mexico=2721, texas=12452, virginia=3440

3. new mexico
   - Avg past 21-day population composition: S=1976530, E=693, I=146, Q=2120, R=1198, D=35
   - Avg past 21-day inflow: arizona=18891, mississippi=1902, new mexico=3323857, texas=58659, virginia=1118

4. texas
   - Avg past 21-day population composition: S=29058750, E=791, I=1233, Q=9266, R=5194, D=446
   - Avg past 21-day inflow: arizona=27201, mississippi=31103, new mexico=34625, texas=48379264, virginia=15325


 Ground truth daily average for next 14-day inbound by origin states; 
From arizona: Inflow =3632.21;
From mississippi: Inflow =2780.07;
From new mexico: Inflow =1579.71;
From texas: Inflow =16273.07;

Please output the recommended traffic control policy in the required JSON format.
2025-12-25 19:59:17,498 - virginia - INFO - Raw agent output:
```json
{
  "weekly_policy": {
    "restricted_state": "texas"
  },
  "global_guidance": "Texas has the highest average daily inbound flow into Virginia (16273.07). The risk assessment shows Texas with a significant number of infected (I=1233) and exposed (E=791) individuals, indicating a high potential for importing new infections. Expected imported infections 「 16273.07 * (1233 / 29058750) 「 0.68 per day, which is the highest among all origin states. Restricting Texas will significantly reduce the risk of importing new cases, even though it may cause some mobility disruption. This trade-off is justified by the potential reduction in cumulative confirmed cases and deaths in Virginia over the next 2 weeks."
}
```
2025-12-25 19:59:17,498 - virginia - INFO - Parsed PolicyResponse: policy={'texas': [0.5, 0.5]} explanation='Texas has the highest average daily inbound flow into Virginia (16273.07). The risk assessment shows Texas with a significant number of infected (I=1233) and exposed (E=791) individuals, indicating a high potential for importing new infections. Expected imported infections 「 16273.07 * (1233 / 29058750) 「 0.68 per day, which is the highest among all origin states. Restricting Texas will significantly reduce the risk of importing new cases, even though it may cause some mobility disruption. This trade-off is justified by the potential reduction in cumulative confirmed cases and deaths in Virginia over the next 2 weeks.'
2025-12-25 20:00:02,748 - virginia - INFO - Region Agent virginia - Iteration 3 / 18: Starting policy decision process.
2025-12-25 20:00:02,748 - virginia - INFO - Region user prompt: For virginia, you will be given the following information:

Epidemic and mobility information of this state are as follows:

SEIRD parameters:
- beta = 0.1916503060909957
- alpha = 0.1636446530789299
- gamma = 0.09065305
- mu = 0.0035825216323153767
- delta = 0.68254039242497

Current population composition:
- S = 8343807
- E = 6209
- I = 1454
- Q = 8896
- R = 18726
- D = 976

Other origin states:
1. arizona
   - Avg past 21-day population composition: S=7787869, E=4213, I=270, Q=6234, R=1246, D=362
   - Avg past 21-day inflow: arizona=11633875, mississippi=1614, new mexico=62430, texas=17583, virginia=3673

2. mississippi
   - Avg past 21-day population composition: S=2650138, E=5680, I=2631, Q=1740, R=3297, D=219
   - Avg past 21-day inflow: arizona=1474, mississippi=5834803, new mexico=2722, texas=13095, virginia=3303

3. new mexico
   - Avg past 21-day population composition: S=1763786, E=602, I=122, Q=1992, R=2562, D=46
   - Avg past 21-day inflow: arizona=19789, mississippi=1821, new mexico=3427556, texas=62478, virginia=1199

4. texas
   - Avg past 21-day population composition: S=29189586, E=1104, I=1725, Q=12537, R=11559, D=659
   - Avg past 21-day inflow: arizona=28967, mississippi=32701, new mexico=37557, texas=51352865, virginia=15964


 Ground truth daily average for next 14-day inbound by origin states; 
From arizona: Inflow =4859.36;
From mississippi: Inflow =4261.43;
From new mexico: Inflow =1874.71;
From texas: Inflow =21292.71;

Please output the recommended traffic control policy in the required JSON format.
2025-12-25 20:00:09,502 - virginia - INFO - Raw agent output:
```json
{
  "weekly_policy": {
    "restricted_state": "texas"
  },
  "global_guidance": "Texas has the highest average daily inbound flow into Virginia (21292.71). Risk assessment shows Texas has a significant number of infected (I=1725) and exposed (E=1104) individuals, which increases the risk of importing infections. Expected imported infections from Texas 「 21292.71 * (1725 / 29189586) 「 1.24 per day. Restricting Texas will reduce the expected imported infections by 50%, thus minimizing the cumulative confirmed cases and deaths in Virginia over the 2-week horizon. This restriction balances epidemic control with minimal disruption to mobility compared to restricting other states with lower inflows."
}
```
2025-12-25 20:00:09,502 - virginia - INFO - Parsed PolicyResponse: policy={'texas': [0.5, 0.5]} explanation='Texas has the highest average daily inbound flow into Virginia (21292.71). Risk assessment shows Texas has a significant number of infected (I=1725) and exposed (E=1104) individuals, which increases the risk of importing infections. Expected imported infections from Texas 「 21292.71 * (1725 / 29189586) 「 1.24 per day. Restricting Texas will reduce the expected imported infections by 50percent, thus minimizing the cumulative confirmed cases and deaths in Virginia over the 2-week horizon. This restriction balances epidemic control with minimal disruption to mobility compared to restricting other states with lower inflows.'
2025-12-25 20:00:50,313 - virginia - INFO - Region Agent virginia - Iteration 4 / 18: Starting policy decision process.
2025-12-25 20:00:50,314 - virginia - INFO - Region user prompt: For virginia, you will be given the following information:

Epidemic and mobility information of this state are as follows:

SEIRD parameters:
- beta = 0.1916503060909957
- alpha = 0.1636446530789299
- gamma = 0.09065305
- mu = 0.002725652647274652
- delta = 0.68254039242497

Current population composition:
- S = 8390880
- E = 8511
- I = 2042
- Q = 11839
- R = 31591
- D = 1421

Other origin states:
1. arizona
   - Avg past 21-day population composition: S=8063647, E=6121, I=400, Q=8617, R=2798, D=658
   - Avg past 21-day inflow: arizona=12334093, mississippi=5323, new mexico=41873, texas=20658, virginia=3797

2. mississippi
   - Avg past 21-day population composition: S=2354467, E=9118, I=4306, Q=2343, R=5767, D=314
   - Avg past 21-day inflow: arizona=1596, mississippi=6201158, new mexico=1717, texas=15417, virginia=3307

3. new mexico
   - Avg past 21-day population composition: S=1483929, E=608, I=131, Q=1868, R=4255, D=60
   - Avg past 21-day inflow: arizona=23793, mississippi=5452, new mexico=3538501, texas=68467, virginia=1155

4. texas
   - Avg past 21-day population composition: S=29484728, E=1549, I=2443, Q=17235, R=24522, D=1036
   - Avg past 21-day inflow: arizona=33250, mississippi=24728, new mexico=71700, texas=54356274, virginia=17393


 Ground truth daily average for next 14-day inbound by origin states; 
From arizona: Inflow =6467.57;
From mississippi: Inflow =4323.21;
From new mexico: Inflow =2097.07;
From texas: Inflow =26507.57;

Please output the recommended traffic control policy in the required JSON format.
2025-12-25 20:01:02,234 - virginia - INFO - Raw agent output:
```json
{
  "weekly_policy": {
    "restricted_state": "mississippi"
  },
  "global_guidance": "Mississippi has the highest proportion of exposed (E) and infected (I) individuals among the origin states, with E=9118 and I=4306. The expected imported infections from Mississippi can be estimated as 4323.21 * (4306 / 2354467) 「 7.95. This is higher compared to the other states. Restricting Mississippi's inbound flow by 50% would reduce the expected imported infections to approximately 3.97, which is significant in minimizing the risk of importing new cases into Virginia. While this restriction may cause some disruption to travel, it is justified by the potential reduction in disease spread."
}
```
2025-12-25 20:01:02,235 - virginia - INFO - Parsed PolicyResponse: policy={'mississippi': [0.5, 0.5]} explanation="Mississippi has the highest proportion of exposed (E) and infected (I) individuals among the origin states, with E=9118 and I=4306. The expected imported infections from Mississippi can be estimated as 4323.21 * (4306 / 2354467) 「 7.95. This is higher compared to the other states. Restricting Mississippi's inbound flow by 50percent would reduce the expected imported infections to approximately 3.97, which is significant in minimizing the risk of importing new cases into Virginia. While this restriction may cause some disruption to travel, it is justified by the potential reduction in disease spread."
2025-12-25 20:01:38,903 - virginia - INFO - Region Agent virginia - Iteration 5 / 18: Starting policy decision process.
2025-12-25 20:01:38,903 - virginia - INFO - Region user prompt: For virginia, you will be given the following information:

Epidemic and mobility information of this state are as follows:

SEIRD parameters:
- beta = 0.1916503060909957
- alpha = 0.1636446530789299
- gamma = 0.09065305
- mu = 0.0018514125547102172
- delta = 0.68254039242497

Current population composition:
- S = 10226596
- E = 10900
- I = 2582
- Q = 15700
- R = 48854
- D = 1846

Other origin states:
1. arizona
   - Avg past 21-day population composition: S=8068227, E=8832, I=608, Q=11938, R=5370, D=1072
   - Avg past 21-day inflow: arizona=12544263, mississippi=14031, new mexico=36541, texas=26218, virginia=4525

2. mississippi
   - Avg past 21-day population composition: S=1948485, E=13000, I=6168, Q=3469, R=9360, D=448
   - Avg past 21-day inflow: arizona=1899, mississippi=6282009, new mexico=1324, texas=18890, virginia=4177

3. new mexico
   - Avg past 21-day population composition: S=1256281, E=836, I=198, Q=2162, R=5978, D=74
   - Avg past 21-day inflow: arizona=30727, mississippi=12170, new mexico=3593103, texas=79082, virginia=1190

4. texas
   - Avg past 21-day population composition: S=29366661, E=2101, I=3340, Q=22211, R=44050, D=1526
   - Avg past 21-day inflow: arizona=42323, mississippi=23997, new mexico=101339, texas=56028179, virginia=21124


 Ground truth daily average for next 14-day inbound by origin states; 
From arizona: Inflow =6362.93;
From mississippi: Inflow =4946.93;
From new mexico: Inflow =2001.93;
From texas: Inflow =26216.86;

Please output the recommended traffic control policy in the required JSON format.
2025-12-25 20:01:45,119 - virginia - INFO - Raw agent output:
```json
{
  "weekly_policy": {
    "restricted_state": "texas"
  },
  "global_guidance": "Texas has the highest average daily inbound flow into Virginia (26216.86). Given its high number of infected (I=3340) and exposed (E=2101) individuals, it poses the greatest risk for importing infections. Expected imported infections from Texas 「 26216.86 * (3340 / 29366661) 「 2.95. Restricting Texas reduces this risk significantly, even though it causes the most mobility disruption. Other states have lower flows and fewer infections, making them less critical targets for restriction."
}
```
2025-12-25 20:01:45,119 - virginia - INFO - Parsed PolicyResponse: policy={'texas': [0.5, 0.5]} explanation='Texas has the highest average daily inbound flow into Virginia (26216.86). Given its high number of infected (I=3340) and exposed (E=2101) individuals, it poses the greatest risk for importing infections. Expected imported infections from Texas 「 26216.86 * (3340 / 29366661) 「 2.95. Restricting Texas reduces this risk significantly, even though it causes the most mobility disruption. Other states have lower flows and fewer infections, making them less critical targets for restriction.'
2025-12-25 20:02:31,991 - virginia - INFO - Region Agent virginia - Iteration 6 / 18: Starting policy decision process.
2025-12-25 20:02:31,992 - virginia - INFO - Region user prompt: For virginia, you will be given the following information:

Epidemic and mobility information of this state are as follows:

SEIRD parameters:
- beta = 0.1916503060909957
- alpha = 0.1636446530789299
- gamma = 0.09065305
- mu = 0.0011227599357601058
- delta = 0.68254039242497

Current population composition:
- S = 10072299
- E = 14367
- I = 3389
- Q = 20642
- R = 71529
- D = 2203

Other origin states:
1. arizona
   - Avg past 21-day population composition: S=8248060, E=12494, I=838, Q=16581, R=9422, D=1617
   - Avg past 21-day inflow: arizona=12721796, mississippi=7654, new mexico=75110, texas=28206, virginia=5493

2. mississippi
   - Avg past 21-day population composition: S=1511813, E=16447, I=7795, Q=4716, R=14484, D=633
   - Avg past 21-day inflow: arizona=2382, mississippi=6511171, new mexico=2815, texas=19888, virginia=4198

3. new mexico
   - Avg past 21-day population composition: S=878058, E=803, I=180, Q=2591, R=8104, D=88
   - Avg past 21-day inflow: arizona=31247, mississippi=5671, new mexico=3714782, texas=80178, virginia=1318

4. texas
   - Avg past 21-day population composition: S=28908015, E=3134, I=5083, Q=29397, R=71836, D=2140
   - Avg past 21-day inflow: arizona=48951, mississippi=44500, new mexico=75318, texas=58274699, virginia=25244


 Ground truth daily average for next 14-day inbound by origin states; 
From arizona: Inflow =5471.71;
From mississippi: Inflow =5602.43;
From new mexico: Inflow =2240.14;
From texas: Inflow =29603.29;

Please output the recommended traffic control policy in the required JSON format.
2025-12-25 20:02:46,389 - virginia - INFO - Raw agent output:
```json
{
  "weekly_policy": {
    "restricted_state": "texas"
  },
  "global_guidance": "Texas is selected for restriction due to its high number of infected (I) individuals and significantly higher average daily inbound flow into Virginia compared to other states. The expected imported infections from Texas are estimated to be 「 29603.29 * (5083 / 28944575) 「 0.52 per day, which is substantially higher than those from Arizona (「 0.04), Mississippi (「 0.14), and New Mexico (「 0.004). Restricting Texas' inbound flow by 50% is expected to reduce the number of imported infections and help control the epidemic in Virginia, while minimizing the impact on mobility from other states with lower risk profiles."
}
```
2025-12-25 20:02:46,389 - virginia - INFO - Parsed PolicyResponse: policy={'texas': [0.5, 0.5]} explanation="Texas is selected for restriction due to its high number of infected (I) individuals and significantly higher average daily inbound flow into Virginia compared to other states. The expected imported infections from Texas are estimated to be 「 29603.29 * (5083 / 28944575) 「 0.52 per day, which is substantially higher than those from Arizona (「 0.04), Mississippi (「 0.14), and New Mexico (「 0.004). Restricting Texas' inbound flow by 50percent is expected to reduce the number of imported infections and help control the epidemic in Virginia, while minimizing the impact on mobility from other states with lower risk profiles."
2025-12-25 20:04:02,951 - virginia - INFO - Region Agent virginia - Iteration 7 / 18: Starting policy decision process.
2025-12-25 20:04:02,951 - virginia - INFO - Region user prompt: For virginia, you will be given the following information:

Epidemic and mobility information of this state are as follows:

SEIRD parameters:
- beta = 0.1916503060909957
- alpha = 0.1636446530789299
- gamma = 0.09065305
- mu = 0.0006078852659420187
- delta = 0.68254039242497

Current population composition:
- S = 9888238
- E = 19059
- I = 4520
- Q = 27430
- R = 101487
- D = 2473

Other origin states:
1. arizona
   - Avg past 21-day population composition: S=8728780, E=16834, I=1144, Q=22256, R=15404, D=2277
   - Avg past 21-day inflow: arizona=12691405, mississippi=2443, new mexico=102095, texas=28565, virginia=6387

2. mississippi
   - Avg past 21-day population composition: S=1017825, E=16550, I=7805, Q=5504, R=21005, D=858
   - Avg past 21-day inflow: arizona=2601, mississippi=6521022, new mexico=3977, texas=18921, virginia=4459

3. new mexico
   - Avg past 21-day population composition: S=290993, E=328, I=71, Q=2065, R=10253, D=102
   - Avg past 21-day inflow: arizona=30278, mississippi=1651, new mexico=3781302, texas=81093, virginia=1534

4. texas
   - Avg past 21-day population composition: S=29393867, E=4839, I=8069, Q=42920, R=113551, D=2964
   - Avg past 21-day inflow: arizona=49809, mississippi=60331, new mexico=66389, texas=57497200, virginia=26942


 Ground truth daily average for next 14-day inbound by origin states; 
From arizona: Inflow =5472.5;
From mississippi: Inflow =6167.07;
From new mexico: Inflow =2465.57;
From texas: Inflow =28897.5;

Please output the recommended traffic control policy in the required JSON format.
2025-12-25 20:04:13,756 - virginia - INFO - Raw agent output:
```json
{
  "weekly_policy": {
    "restricted_state": "texas"
  },
  "global_guidance": "Texas is prioritized due to its high average daily inbound flow (28897.5) and relatively high infected (I) and exposed (E) populations. Expected imported infections from Texas are calculated as 28897.5 * (8069 / 29494586) 「 78.6, which is significantly higher than other states. Restricting Texas will reduce this influx by 50%, potentially minimizing the spread of the disease in Virginia. While this decision disrupts mobility, the trade-off is justified by the expected reduction in imported cases and subsequent local transmission."
}
```
2025-12-25 20:04:13,756 - virginia - INFO - Parsed PolicyResponse: policy={'texas': [0.5, 0.5]} explanation='Texas is prioritized due to its high average daily inbound flow (28897.5) and relatively high infected (I) and exposed (E) populations. Expected imported infections from Texas are calculated as 28897.5 * (8069 / 29494586) 「 78.6, which is significantly higher than other states. Restricting Texas will reduce this influx by 50percent, potentially minimizing the spread of the disease in Virginia. While this decision disrupts mobility, the trade-off is justified by the expected reduction in imported cases and subsequent local transmission.'
2025-12-25 20:04:52,370 - virginia - INFO - Region Agent virginia - Iteration 8 / 18: Starting policy decision process.
2025-12-25 20:04:52,373 - virginia - INFO - Region user prompt: For virginia, you will be given the following information:

Epidemic and mobility information of this state are as follows:

SEIRD parameters:
- beta = 0.1916503060909957
- alpha = 0.1636446530789299
- gamma = 0.09065305
- mu = 0.0002938375771619782
- delta = 0.68254039242497

Current population composition:
- S = 9825491
- E = 28084
- I = 6677
- Q = 39664
- R = 142961
- D = 2662

Other origin states:
1. arizona
   - Avg past 21-day population composition: S=8911386, E=23703, I=1652, Q=30717, R=23915, D=3021
   - Avg past 21-day inflow: arizona=12227260, mississippi=8410, new mexico=64290, texas=27070, virginia=6789

2. mississippi
   - Avg past 21-day population composition: S=448470, E=9216, I=4255, Q=4651, R=27695, D=1078
   - Avg past 21-day inflow: arizona=2337, mississippi=6371393, new mexico=2406, texas=18148, virginia=4848

3. new mexico
   - Avg past 21-day population composition: S=25343, E=101, I=34, Q=1229, R=11716, D=112
   - Avg past 21-day inflow: arizona=26540, mississippi=4672, new mexico=3686705, texas=74549, virginia=1704

4. texas
   - Avg past 21-day population composition: S=29995185, E=6434, I=10825, Q=60903, R=177717, D=4115
   - Avg past 21-day inflow: arizona=49331, mississippi=42626, new mexico=107819, texas=55946397, virginia=28822


 Ground truth daily average for next 14-day inbound by origin states; 
From arizona: Inflow =6415.0;
From mississippi: Inflow =4521.36;
From new mexico: Inflow =2210.0;
From texas: Inflow =26268.79;

Please output the recommended traffic control policy in the required JSON format.
2025-12-25 20:04:59,264 - virginia - INFO - Raw agent output:
```json
{
  "weekly_policy": {
    "restricted_state": "texas"
  },
  "global_guidance": "Risk assessment: Texas has the highest number of infected individuals (I=10825) and the highest average daily inbound flow into Virginia (26268.79). Expected imported infections from Texas 「 26268.79 * (10825 / 29995185) 「 0.95. Justification of selection: Restricting Texas will significantly reduce the number of potential imported infections compared to the other states. Trade-offs: While this will disrupt travel from Texas, it is necessary to minimize the risk of importing new cases and slowing the spread of the disease in Virginia."
}
```
2025-12-25 20:04:59,264 - virginia - INFO - Parsed PolicyResponse: policy={'texas': [0.5, 0.5]} explanation='Risk assessment: Texas has the highest number of infected individuals (I=10825) and the highest average daily inbound flow into Virginia (26268.79). Expected imported infections from Texas 「 26268.79 * (10825 / 29995185) 「 0.95. Justification of selection: Restricting Texas will significantly reduce the number of potential imported infections compared to the other states. Trade-offs: While this will disrupt travel from Texas, it is necessary to minimize the risk of importing new cases and slowing the spread of the disease in Virginia.'
2025-12-25 20:05:33,263 - virginia - INFO - Region Agent virginia - Iteration 9 / 18: Starting policy decision process.
2025-12-25 20:05:33,263 - virginia - INFO - Region user prompt: For virginia, you will be given the following information:

Epidemic and mobility information of this state are as follows:

SEIRD parameters:
- beta = 0.1916503060909957
- alpha = 0.1636446530789299
- gamma = 0.09065305
- mu = 0.00012680724265070315
- delta = 0.68254039242497

Current population composition:
- S = 9522086
- E = 34291
- I = 8007
- Q = 51086
- R = 200178
- D = 2783

Other origin states:
1. arizona
   - Avg past 21-day population composition: S=8806546, E=31924, I=2094, Q=41908, R=36020, D=3821
   - Avg past 21-day inflow: arizona=12326316, mississippi=4876, new mexico=70462, texas=24878, virginia=6475

2. mississippi
   - Avg past 21-day population composition: S=74346, E=1211, I=506, Q=2159, R=32150, D=1217
   - Avg past 21-day inflow: arizona=2348, mississippi=6369349, new mexico=3442, texas=16968, virginia=4413

3. new mexico
   - Avg past 21-day population composition: S=23404, E=79, I=20, Q=759, R=12588, D=114
   - Avg past 21-day inflow: arizona=25111, mississippi=2891, new mexico=3618932, texas=71392, virginia=1914

4. texas
   - Avg past 21-day population composition: S=30424302, E=6386, I=10572, Q=69589, R=263483, D=5524
   - Avg past 21-day inflow: arizona=46103, mississippi=46857, new mexico=79697, texas=55789157, virginia=29507


 Ground truth daily average for next 14-day inbound by origin states; 
From arizona: Inflow =5822.79;
From mississippi: Inflow =4955.79;
From new mexico: Inflow =2340.14;
From texas: Inflow =24650.0;

Please output the recommended traffic control policy in the required JSON format.
2025-12-25 20:05:42,091 - virginia - INFO - Raw agent output:
```json
{
  "weekly_policy": {
    "restricted_state": "texas"
  },
  "global_guidance": "Texas has the highest average daily inbound flow into Virginia (24650.0). Given its high number of infected (I=10572) and exposed (E=6386) individuals, the risk of importing infections is significant. Expected imported infections from Texas 「 24650.0 * (10572 / 30424302) 「 8.6. Restricting 50% of inbound flow from Texas would reduce this to 「 4.3, significantly lowering the risk of new infections in Virginia. Arizona, Mississippi, and New Mexico have much lower inbound flows and fewer infected/exposed individuals, making them less critical for restriction. This intervention balances epidemic control with minimal disruption to overall mobility."
}
```
2025-12-25 20:05:42,091 - virginia - INFO - Parsed PolicyResponse: policy={'texas': [0.5, 0.5]} explanation='Texas has the highest average daily inbound flow into Virginia (24650.0). Given its high number of infected (I=10572) and exposed (E=6386) individuals, the risk of importing infections is significant. Expected imported infections from Texas 「 24650.0 * (10572 / 30424302) 「 8.6. Restricting 50percent of inbound flow from Texas would reduce this to 「 4.3, significantly lowering the risk of new infections in Virginia. Arizona, Mississippi, and New Mexico have much lower inbound flows and fewer infected/exposed individuals, making them less critical for restriction. This intervention balances epidemic control with minimal disruption to overall mobility.'
2025-12-25 20:06:13,150 - virginia - INFO - Region Agent virginia - Iteration 10 / 18: Starting policy decision process.
2025-12-25 20:06:13,151 - virginia - INFO - Region user prompt: For virginia, you will be given the following information:

Epidemic and mobility information of this state are as follows:

SEIRD parameters:
- beta = 0.1916503060909957
- alpha = 0.1636446530789299
- gamma = 0.09065305
- mu = 4.885756195017515e-05
- delta = 0.68254039242497

Current population composition:
- S = 9262776
- E = 42394
- I = 9906
- Q = 63713
- R = 272224
- D = 2845

Other origin states:
1. arizona
   - Avg past 21-day population composition: S=8824721, E=40642, I=2609, Q=54655, R=52413, D=4603
   - Avg past 21-day inflow: arizona=12204458, mississippi=2079, new mexico=81874, texas=22124, virginia=5239

2. mississippi
   - Avg past 21-day population composition: S=22555, E=52, I=11, Q=591, R=33783, D=1265
   - Avg past 21-day inflow: arizona=1984, mississippi=6404182, new mexico=3233, texas=15771, virginia=3879

3. new mexico
   - Avg past 21-day population composition: S=24612, E=69, I=14, Q=446, R=13116, D=114
   - Avg past 21-day inflow: arizona=24321, mississippi=1410, new mexico=3591304, texas=69958, virginia=1327

4. texas
   - Avg past 21-day population composition: S=30508224, E=5783, I=9349, Q=65199, R=353644, D=6887
   - Avg past 21-day inflow: arizona=44848, mississippi=51070, new mexico=56768, texas=56021642, virginia=27574


 Ground truth daily average for next 14-day inbound by origin states; 
From arizona: Inflow =7328.0;
From mississippi: Inflow =5660.36;
From new mexico: Inflow =2759.5;
From texas: Inflow =30012.36;

Please output the recommended traffic control policy in the required JSON format.
2025-12-25 20:06:26,375 - virginia - INFO - Raw agent output:
```json
{
  "weekly_policy": {
    "restricted_state": "texas"
  },
  "global_guidance": "Risk assessment shows Texas has a higher number of infected (I) and exposed (E) individuals compared to other states. Quantitative import logic suggests expected_imported_infections 「 inbound_flow * (I / population). For Texas, this results in a higher risk of importing infections due to its large inbound flow (30012.36) and relatively high I (9349). Restricting Texas' inbound flow by 50% would significantly reduce the number of potential imported cases, thereby minimizing the cumulative confirmed cases and deaths in Virginia over the 2-week horizon. While this may cause some mobility disruption, the trade-off is justified by the potential reduction in epidemic spread."
}
```
2025-12-25 20:06:26,375 - virginia - INFO - Parsed PolicyResponse: policy={'texas': [0.5, 0.5]} explanation="Risk assessment shows Texas has a higher number of infected (I) and exposed (E) individuals compared to other states. Quantitative import logic suggests expected_imported_infections 「 inbound_flow * (I / population). For Texas, this results in a higher risk of importing infections due to its large inbound flow (30012.36) and relatively high I (9349). Restricting Texas' inbound flow by 50percent would significantly reduce the number of potential imported cases, thereby minimizing the cumulative confirmed cases and deaths in Virginia over the 2-week horizon. While this may cause some mobility disruption, the trade-off is justified by the potential reduction in epidemic spread."
2025-12-25 20:07:02,854 - virginia - INFO - Region Agent virginia - Iteration 11 / 18: Starting policy decision process.
2025-12-25 20:07:02,857 - virginia - INFO - Region user prompt: For virginia, you will be given the following information:

Epidemic and mobility information of this state are as follows:

SEIRD parameters:
- beta = 0.1916503060909957
- alpha = 0.1636446530789299
- gamma = 0.09065305
- mu = 1.6806238832228274e-05
- delta = 0.68254039242497

Current population composition:
- S = 9033602
- E = 51835
- I = 12123
- Q = 78576
- R = 361590
- D = 2873

Other origin states:
1. arizona
   - Avg past 21-day population composition: S=8676617, E=50857, I=3240, Q=69964, R=73790, D=5294
   - Avg past 21-day inflow: arizona=12300752, mississippi=2383, new mexico=47239, texas=23326, virginia=5591

2. mississippi
   - Avg past 21-day population composition: S=22064, E=43, I=11, Q=157, R=34216, D=1277
   - Avg past 21-day inflow: arizona=2603, mississippi=6393211, new mexico=1698, texas=14946, virginia=3963

3. new mexico
   - Avg past 21-day population composition: S=64465, E=156, I=31, Q=367, R=13457, D=114
   - Avg past 21-day inflow: arizona=37411, mississippi=1338, new mexico=3560268, texas=72803, virginia=1293

4. texas
   - Avg past 21-day population composition: S=30649864, E=5355, I=8669, Q=59274, R=437641, D=8047
   - Avg past 21-day inflow: arizona=30341, mississippi=47740, new mexico=84081, texas=56597764, virginia=28749


 Ground truth daily average for next 14-day inbound by origin states; 
From arizona: Inflow =5340.57;
From mississippi: Inflow =4443.36;
From new mexico: Inflow =2020.36;
From texas: Inflow =24443.93;

Please output the recommended traffic control policy in the required JSON format.
2025-12-25 20:07:10,987 - virginia - INFO - Raw agent output:
```json
{
  "weekly_policy": {
    "restricted_state": "texas"
  },
  "global_guidance": "The state of Texas has the highest average daily inbound flow into Virginia with 24443.93 people per day. Given its relatively high number of infected individuals (I=8669) and confirmed cases (Q=59274), the risk of importing infections from Texas is significant. The expected imported infections from Texas can be estimated as 24443.93 * (8669 / 30649864) 「 0.69 per day, which is higher compared to other states. Restricting inbound travel from Texas by 50% would reduce this risk while minimizing the impact on mobility from other states with lower infection rates. This measure aims to balance epidemic control with the need for continued mobility."
}
```
2025-12-25 20:07:10,988 - virginia - INFO - Parsed PolicyResponse: policy={'texas': [0.5, 0.5]} explanation='The state of Texas has the highest average daily inbound flow into Virginia with 24443.93 people per day. Given its relatively high number of infected individuals (I=8669) and confirmed cases (Q=59274), the risk of importing infections from Texas is significant. The expected imported infections from Texas can be estimated as 24443.93 * (8669 / 30649864) 「 0.69 per day, which is higher compared to other states. Restricting inbound travel from Texas by 50percent would reduce this risk while minimizing the impact on mobility from other states with lower infection rates. This measure aims to balance epidemic control with the need for continued mobility.'
2025-12-25 20:07:44,898 - virginia - INFO - Region Agent virginia - Iteration 12 / 18: Starting policy decision process.
2025-12-25 20:07:44,899 - virginia - INFO - Region user prompt: For virginia, you will be given the following information:

Epidemic and mobility information of this state are as follows:

SEIRD parameters:
- beta = 0.1916503060909957
- alpha = 0.1636446530789299
- gamma = 0.09065305
- mu = 5.161313962513845e-06
- delta = 0.68254039242497

Current population composition:
- S = 8769489
- E = 62488
- I = 14644
- Q = 95732
- R = 471163
- D = 2886

Other origin states:
1. arizona
   - Avg past 21-day population composition: S=8327798, E=62968, I=3999, Q=88294, R=101112, D=5858
   - Avg past 21-day inflow: arizona=12593850, mississippi=2059, new mexico=33023, texas=22668, virginia=5351

2. mississippi
   - Avg past 21-day population composition: S=27599, E=58, I=15, Q=47, R=34335, D=1278
   - Avg past 21-day inflow: arizona=3052, mississippi=6433672, new mexico=1317, texas=15746, virginia=3517

3. new mexico
   - Avg past 21-day population composition: S=88286, E=242, I=45, Q=491, R=13828, D=114
   - Avg past 21-day inflow: arizona=45204, mississippi=1297, new mexico=3587724, texas=74538, virginia=1361

4. texas
   - Avg past 21-day population composition: S=30961635, E=5090, I=8247, Q=54788, R=515366, D=9024
   - Avg past 21-day inflow: arizona=21847, mississippi=42933, new mexico=103286, texas=56938135, virginia=26283


 Ground truth daily average for next 14-day inbound by origin states; 
From arizona: Inflow =5828.0;
From mississippi: Inflow =3855.5;
From new mexico: Inflow =1830.43;
From texas: Inflow =24115.71;

Please output the recommended traffic control policy in the required JSON format.
2025-12-25 20:07:57,825 - virginia - INFO - Raw agent output:
```json
{
  "weekly_policy": {
    "restricted_state": "texas"
  },
  "global_guidance": "Texas is prioritized for restriction due to its high number of infected individuals (I=8247) and the highest average daily inbound flow into Virginia (24115.71). The expected imported infections from Texas can be estimated as 24115.71 * (8247 / 31536635) 「 617. This is significantly higher compared to other states. Restricting Texas will reduce the risk of importing infections while minimizing the impact on mobility from other less risky states. The trade-off is a 50% reduction in inbound flow from Texas, which may affect economic and social activities, but this is justified by the potential reduction in case importation."
}
```
2025-12-25 20:07:57,825 - virginia - INFO - Parsed PolicyResponse: policy={'texas': [0.5, 0.5]} explanation='Texas is prioritized for restriction due to its high number of infected individuals (I=8247) and the highest average daily inbound flow into Virginia (24115.71). The expected imported infections from Texas can be estimated as 24115.71 * (8247 / 31536635) 「 617. This is significantly higher compared to other states. Restricting Texas will reduce the risk of importing infections while minimizing the impact on mobility from other less risky states. The trade-off is a 50percent reduction in inbound flow from Texas, which may affect economic and social activities, but this is justified by the potential reduction in case importation.'
2025-12-25 20:08:38,639 - virginia - INFO - Region Agent virginia - Iteration 13 / 18: Starting policy decision process.
2025-12-25 20:08:38,639 - virginia - INFO - Region user prompt: For virginia, you will be given the following information:

Epidemic and mobility information of this state are as follows:

SEIRD parameters:
- beta = 0.1916503060909957
- alpha = 0.1636446530789299
- gamma = 0.09065305
- mu = 1.4151452970096705e-06
- delta = 0.68254039242497

Current population composition:
- S = 8484277
- E = 73851
- I = 17338
- Q = 114984
- R = 603844
- D = 2886

Other origin states:
1. arizona
   - Avg past 21-day population composition: S=7943904, E=77988, I=4950, Q=110587, R=135565, D=6284
   - Avg past 21-day inflow: arizona=12775936, mississippi=1718, new mexico=30556, texas=22540, virginia=5287

2. mississippi
   - Avg past 21-day population composition: S=30714, E=81, I=21, Q=23, R=34377, D=1278
   - Avg past 21-day inflow: arizona=2826, mississippi=6474992, new mexico=1372, texas=14856, virginia=3518

3. new mexico
   - Avg past 21-day population composition: S=99484, E=365, I=60, Q=625, R=14311, D=114
   - Avg past 21-day inflow: arizona=45419, mississippi=1016, new mexico=3611569, texas=73319, virginia=1472

4. texas
   - Avg past 21-day population composition: S=31294412, E=5021, I=8118, Q=52148, R=588721, D=9860
   - Avg past 21-day inflow: arizona=22032, mississippi=39373, new mexico=99060, texas=57587273, virginia=24012


 Ground truth daily average for next 14-day inbound by origin states; 
From arizona: Inflow =5786.14;
From mississippi: Inflow =4257.0;
From new mexico: Inflow =2085.21;
From texas: Inflow =23968.0;

Please output the recommended traffic control policy in the required JSON format.
2025-12-25 20:08:45,643 - virginia - INFO - Raw agent output:
```json
{
  "weekly_policy": {
    "restricted_state": "texas"
  },
  "global_guidance": "Texas has the highest average daily inbound flow into Virginia (23968.0). The risk assessment shows Texas with a significant number of infected (I=8118) and exposed (E=5021) individuals. Expected imported infections 「 23968.0 * (8118 / 31294412) 「 61.5, which is the highest among all origin states. Restricting Texas reduces the risk of importing a large number of infected individuals into Virginia. This intervention is justified as it significantly mitigates the potential increase in cases and deaths in Virginia, despite the trade-off of disrupting mobility from Texas."
}
```
2025-12-25 20:08:45,643 - virginia - INFO - Parsed PolicyResponse: policy={'texas': [0.5, 0.5]} explanation='Texas has the highest average daily inbound flow into Virginia (23968.0). The risk assessment shows Texas with a significant number of infected (I=8118) and exposed (E=5021) individuals. Expected imported infections 「 23968.0 * (8118 / 31294412) 「 61.5, which is the highest among all origin states. Restricting Texas reduces the risk of importing a large number of infected individuals into Virginia. This intervention is justified as it significantly mitigates the potential increase in cases and deaths in Virginia, despite the trade-off of disrupting mobility from Texas.'
2025-12-25 20:09:32,591 - virginia - INFO - Region Agent virginia - Iteration 14 / 18: Starting policy decision process.
2025-12-25 20:09:32,607 - virginia - INFO - Region user prompt: For virginia, you will be given the following information:

Epidemic and mobility information of this state are as follows:

SEIRD parameters:
- beta = 0.1916503060909957
- alpha = 0.1636446530789299
- gamma = 0.09065305
- mu = 3.464118933527709e-07
- delta = 0.68254039242497

Current population composition:
- S = 8191525
- E = 85566
- I = 20137
- Q = 135252
- R = 761573
- D = 2886

Other origin states:
1. arizona
   - Avg past 21-day population composition: S=7553827, E=95661, I=6072, Q=137648, R=178675, D=6584
   - Avg past 21-day inflow: arizona=13101290, mississippi=2159, new mexico=32596, texas=25699, virginia=5679

2. mississippi
   - Avg past 21-day population composition: S=31188, E=110, I=26, Q=20, R=34406, D=1278
   - Avg past 21-day inflow: arizona=3223, mississippi=6656709, new mexico=1497, texas=14710, virginia=3739

3. new mexico
   - Avg past 21-day population composition: S=150694, E=682, I=109, Q=998, R=14993, D=114
   - Avg past 21-day inflow: arizona=49406, mississippi=1120, new mexico=3686616, texas=75641, virginia=1936

4. texas
   - Avg past 21-day population composition: S=31592958, E=5248, I=8430, Q=51957, R=660321, D=10594
   - Avg past 21-day inflow: arizona=23614, mississippi=39010, new mexico=99222, texas=59112431, virginia=24366


 Ground truth daily average for next 14-day inbound by origin states; 
From arizona: Inflow =6250.07;
From mississippi: Inflow =4748.14;
From new mexico: Inflow =1939.21;
From texas: Inflow =25398.71;

Please output the recommended traffic control policy in the required JSON format.
2025-12-25 20:09:42,045 - virginia - INFO - Raw agent output:
```json
{
  "weekly_policy": {
    "restricted_state": "texas"
  },
  "global_guidance": "The risk assessment indicates that Texas has the highest number of infected individuals (I=8430) and the largest average daily inbound flow into Virginia (Inflow=25398.71). Expected imported infections 「 inbound_flow * (I / population) 「 25398.71 * (8430 / 31592958) 「 0.68. This is significantly higher compared to other states. Arizona has a moderate number of infected individuals (I=6072) but lower inbound flow (Inflow=6250.07). Mississippi and New Mexico have very low numbers of infected individuals and much lower inbound flows. Therefore, restricting Texas is justified to minimize the risk of importing infections into Virginia. The trade-off is a 50% reduction in inbound travel from Texas, which may impact economic and social activities but is necessary to control the epidemic."
}
```
2025-12-25 20:09:42,045 - virginia - INFO - Parsed PolicyResponse: policy={'texas': [0.5, 0.5]} explanation='The risk assessment indicates that Texas has the highest number of infected individuals (I=8430) and the largest average daily inbound flow into Virginia (Inflow=25398.71). Expected imported infections 「 inbound_flow * (I / population) 「 25398.71 * (8430 / 31592958) 「 0.68. This is significantly higher compared to other states. Arizona has a moderate number of infected individuals (I=6072) but lower inbound flow (Inflow=6250.07). Mississippi and New Mexico have very low numbers of infected individuals and much lower inbound flows. Therefore, restricting Texas is justified to minimize the risk of importing infections into Virginia. The trade-off is a 50percent reduction in inbound travel from Texas, which may impact economic and social activities but is necessary to control the epidemic.'
2025-12-25 20:10:18,138 - virginia - INFO - Region Agent virginia - Iteration 15 / 18: Starting policy decision process.
2025-12-25 20:10:18,138 - virginia - INFO - Region user prompt: For virginia, you will be given the following information:

Epidemic and mobility information of this state are as follows:

SEIRD parameters:
- beta = 0.1916503060909957
- alpha = 0.1636446530789299
- gamma = 0.09065305
- mu = 7.570691745455772e-08
- delta = 0.68254039242497

Current population composition:
- S = 7903319
- E = 96655
- I = 22802
- Q = 155860
- R = 945446
- D = 2886

Other origin states:
1. arizona
   - Avg past 21-day population composition: S=7134854, E=115697, I=7343, Q=169803, R=232177, D=6778
   - Avg past 21-day inflow: arizona=13080168, mississippi=2109, new mexico=34666, texas=25958, virginia=5224

2. mississippi
   - Avg past 21-day population composition: S=33819, E=148, I=33, Q=22, R=34434, D=1278
   - Avg past 21-day inflow: arizona=3631, mississippi=6606055, new mexico=1459, texas=15337, virginia=3551

3. new mexico
   - Avg past 21-day population composition: S=154033, E=946, I=146, Q=1487, R=16077, D=119
   - Avg past 21-day inflow: arizona=53423, mississippi=1148, new mexico=3628380, texas=73025, virginia=1760

4. texas
   - Avg past 21-day population composition: S=31905258, E=5781, I=9289, Q=55050, R=734015, D=11270
   - Avg past 21-day inflow: arizona=24633, mississippi=38445, new mexico=98410, texas=59134908, virginia=23381


 Ground truth daily average for next 14-day inbound by origin states; 
From arizona: Inflow =6723.5;
From mississippi: Inflow =4287.71;
From new mexico: Inflow =1906.29;
From texas: Inflow =24955.14;

Please output the recommended traffic control policy in the required JSON format.
2025-12-25 20:10:27,760 - virginia - INFO - Raw agent output:
```json
{
  "weekly_policy": {
    "restricted_state": "texas"
  },
  "global_guidance": "Risk assessment shows that Texas has the highest number of infected individuals (I=9289) and the largest average daily inbound flow into Virginia (Inflow=24955.14). Expected imported infections from Texas 「 24955.14 * (9289 / 31905258) 「 0.71 per day. This is significantly higher compared to other states. Arizona, Mississippi, and New Mexico have lower numbers of infected individuals and lower inbound flows. By restricting Texas, we can reduce the risk of importing infections while minimizing the impact on mobility from other states. The trade-off is a 50% reduction in inbound flow from Texas, which may affect economic and social activities, but it is justified by the potential reduction in disease spread in Virginia."
}
```
2025-12-25 20:10:27,761 - virginia - INFO - Parsed PolicyResponse: policy={'texas': [0.5, 0.5]} explanation='Risk assessment shows that Texas has the highest number of infected individuals (I=9289) and the largest average daily inbound flow into Virginia (Inflow=24955.14). Expected imported infections from Texas 「 24955.14 * (9289 / 31905258) 「 0.71 per day. This is significantly higher compared to other states. Arizona, Mississippi, and New Mexico have lower numbers of infected individuals and lower inbound flows. By restricting Texas, we can reduce the risk of importing infections while minimizing the impact on mobility from other states. The trade-off is a 50percent reduction in inbound flow from Texas, which may affect economic and social activities, but it is justified by the potential reduction in disease spread in Virginia.'
2025-12-25 20:11:08,390 - virginia - INFO - Region Agent virginia - Iteration 16 / 18: Starting policy decision process.
2025-12-25 20:11:08,390 - virginia - INFO - Region user prompt: For virginia, you will be given the following information:

Epidemic and mobility information of this state are as follows:

SEIRD parameters:
- beta = 0.1916503060909957
- alpha = 0.1636446530789299
- gamma = 0.09065305
- mu = 1.4771661264081724e-08
- delta = 0.68254039242497

Current population composition:
- S = 7656952
- E = 106735
- I = 25277
- Q = 175591
- R = 1155008
- D = 2886

Other origin states:
1. arizona
   - Avg past 21-day population composition: S=6616781, E=137931, I=8754, Q=207123, R=297872, D=6897
   - Avg past 21-day inflow: arizona=13314477, mississippi=2086, new mexico=31372, texas=22712, virginia=4496

2. mississippi
   - Avg past 21-day population composition: S=32038, E=160, I=37, Q=26, R=34463, D=1278
   - Avg past 21-day inflow: arizona=2924, mississippi=6631471, new mexico=1137, texas=14461, virginia=3545

3. new mexico
   - Avg past 21-day population composition: S=275129, E=2111, I=361, Q=2629, R=17740, D=133
   - Avg past 21-day inflow: arizona=56394, mississippi=1158, new mexico=3541362, texas=67380, virginia=1577

4. texas
   - Avg past 21-day population composition: S=32133217, E=6296, I=10170, Q=60178, R=813811, D=11919
   - Avg past 21-day inflow: arizona=23555, mississippi=35978, new mexico=79863, texas=59397204, virginia=21662


 Ground truth daily average for next 14-day inbound by origin states; 
From arizona: Inflow =6610.14;
From mississippi: Inflow =3775.0;
From new mexico: Inflow =1636.0;
From texas: Inflow =23945.93;

Please output the recommended traffic control policy in the required JSON format.
2025-12-25 20:11:15,970 - virginia - INFO - Raw agent output:
```json
{
  "weekly_policy": {
    "restricted_state": "texas"
  },
  "global_guidance": "The state of Texas is prioritized for travel restriction due to its high inbound flow (23945.93/day) and significant number of infected individuals (I=10170). The expected imported infections from Texas are calculated as 23945.93 * (10170 / 32133217) 「 7.44/day. This is significantly higher compared to other states. Restricting travel from Texas can effectively reduce the importation of infections into Virginia, thereby minimizing the risk of increased cases and deaths. While this restriction may cause some mobility disruption, the potential benefits in terms of epidemic control outweigh the costs."
}
```
2025-12-25 20:11:15,980 - virginia - INFO - Parsed PolicyResponse: policy={'texas': [0.5, 0.5]} explanation='The state of Texas is prioritized for travel restriction due to its high inbound flow (23945.93/day) and significant number of infected individuals (I=10170). The expected imported infections from Texas are calculated as 23945.93 * (10170 / 32133217) 「 7.44/day. This is significantly higher compared to other states. Restricting travel from Texas can effectively reduce the importation of infections into Virginia, thereby minimizing the risk of increased cases and deaths. While this restriction may cause some mobility disruption, the potential benefits in terms of epidemic control outweigh the costs.'
2025-12-25 20:11:53,923 - virginia - INFO - Region Agent virginia - Iteration 17 / 18: Starting policy decision process.
2025-12-25 20:11:53,923 - virginia - INFO - Region user prompt: For virginia, you will be given the following information:

Epidemic and mobility information of this state are as follows:

SEIRD parameters:
- beta = 0.1916503060909957
- alpha = 0.1636446530789299
- gamma = 0.09065305
- mu = 2.5732034447420174e-09
- delta = 0.68254039242497

Current population composition:
- S = 7390586
- E = 114346
- I = 27156
- Q = 192696
- R = 1388330
- D = 2886

Other origin states:
1. arizona
   - Avg past 21-day population composition: S=5972909, E=160352, I=10178, Q=249095, R=377525, D=6964
   - Avg past 21-day inflow: arizona=13145499, mississippi=2050, new mexico=28775, texas=21295, virginia=4029

2. mississippi
   - Avg past 21-day population composition: S=30886, E=182, I=41, Q=29, R=34502, D=1278
   - Avg past 21-day inflow: arizona=2825, mississippi=6630556, new mexico=1129, texas=14202, virginia=3183

3. new mexico
   - Avg past 21-day population composition: S=531937, E=4826, I=888, Q=6381, R=21356, D=155
   - Avg past 21-day inflow: arizona=64474, mississippi=1293, new mexico=3435281, texas=64626, virginia=1197

4. texas
   - Avg past 21-day population composition: S=32279567, E=6997, I=11235, Q=65731, R=901011, D=12543
   - Avg past 21-day inflow: arizona=25128, mississippi=35622, new mexico=73550, texas=59303116, virginia=20129


 Ground truth daily average for next 14-day inbound by origin states; 
From arizona: Inflow =7431.43;
From mississippi: Inflow =5096.21;
From new mexico: Inflow =1652.86;
From texas: Inflow =31733.36;

Please output the recommended traffic control policy in the required JSON format.
2025-12-25 20:12:01,123 - virginia - INFO - Raw agent output:
```json
{
  "weekly_policy": {
    "restricted_state": "texas"
  },
  "global_guidance": "The state of Texas is prioritized for restriction due to its high average daily inbound flow (31733.36) and significant number of infected individuals (I=11235). The expected imported infections from Texas are approximately 31733.36 * (11235 / 32279567) 「 1.12, which is higher than the expected imports from other states. Restricting Texas will significantly reduce the risk of importing new infections into Virginia, while the impact on mobility is justified by the potential epidemic control benefits."
}
```
2025-12-25 20:12:01,123 - virginia - INFO - Parsed PolicyResponse: policy={'texas': [0.5, 0.5]} explanation='The state of Texas is prioritized for restriction due to its high average daily inbound flow (31733.36) and significant number of infected individuals (I=11235). The expected imported infections from Texas are approximately 31733.36 * (11235 / 32279567) 「 1.12, which is higher than the expected imports from other states. Restricting Texas will significantly reduce the risk of importing new infections into Virginia, while the impact on mobility is justified by the potential epidemic control benefits.'
2025-12-25 20:12:41,170 - virginia - INFO - Region Agent virginia - Iteration 18 / 18: Starting policy decision process.
2025-12-25 20:12:41,170 - virginia - INFO - Region user prompt: For virginia, you will be given the following information:

Epidemic and mobility information of this state are as follows:

SEIRD parameters:
- beta = 0.1916503060909957
- alpha = 0.1636446530789299
- gamma = 0.09065305
- mu = 4.001933940983521e-10
- delta = 0.68254039242497

Current population composition:
- S = 7086772
- E = 117209
- I = 27960
- Q = 204052
- R = 1640310
- D = 2886

Other origin states:
1. arizona
   - Avg past 21-day population composition: S=5348755, E=179110, I=11395, Q=292931, R=472388, D=6998
   - Avg past 21-day inflow: arizona=12798149, mississippi=1891, new mexico=53429, texas=26952, virginia=5103

2. mississippi
   - Avg past 21-day population composition: S=31395, E=179, I=43, Q=29, R=34543, D=1278
   - Avg past 21-day inflow: arizona=2533, mississippi=6318817, new mexico=1795, texas=19302, virginia=4148

3. new mexico
   - Avg past 21-day population composition: S=764937, E=7098, I=1369, Q=12691, R=29528, D=203
   - Avg past 21-day inflow: arizona=54313, mississippi=1937, new mexico=3247252, texas=70740, virginia=1410

4. texas
   - Avg past 21-day population composition: S=32392555, E=8792, I=14097, Q=77679, R=999147, D=13155
   - Avg past 21-day inflow: arizona=50670, mississippi=47560, new mexico=52018, texas=57427711, virginia=23877


 Ground truth daily average for next 14-day inbound by origin states; 
From arizona: Inflow =6124.79;
From mississippi: Inflow =3862.64;
From new mexico: Inflow =1679.5;
From texas: Inflow =25924.14;

Please output the recommended traffic control policy in the required JSON format.
2025-12-25 20:12:50,671 - virginia - INFO - Raw agent output:
```json
{
  "weekly_policy": {
    "restricted_state": "texas"
  },
  "global_guidance": "The risk assessment of each origin state is based on their SEIQRD indicators. Texas has the highest number of infected individuals (I=14097) and the highest average daily inbound flow into Virginia (Inflow=25924.14). The expected imported infections from Texas are approximately 25924.14 * (14097 / 32392555) 「 1.12 per day, which is significantly higher compared to other states. Arizona, Mississippi, and New Mexico have lower numbers of infected individuals and lower inbound flows, resulting in fewer expected imported infections. By restricting travel from Texas, we can significantly reduce the potential influx of infected individuals, thereby minimizing the cumulative confirmed cases and deaths in Virginia over the 2-week horizon. The trade-off is a 50% reduction in inbound travel from Texas, which may cause some disruption to mobility, but this is justified by the substantial reduction in disease spread risk."
}
```
2025-12-25 20:12:50,681 - virginia - INFO - Parsed PolicyResponse: policy={'texas': [0.5, 0.5]} explanation='The risk assessment of each origin state is based on their SEIQRD indicators. Texas has the highest number of infected individuals (I=14097) and the highest average daily inbound flow into Virginia (Inflow=25924.14). The expected imported infections from Texas are approximately 25924.14 * (14097 / 32392555) 「 1.12 per day, which is significantly higher compared to other states. Arizona, Mississippi, and New Mexico have lower numbers of infected individuals and lower inbound flows, resulting in fewer expected imported infections. By restricting travel from Texas, we can significantly reduce the potential influx of infected individuals, thereby minimizing the cumulative confirmed cases and deaths in Virginia over the 2-week horizon. The trade-off is a 50percent reduction in inbound travel from Texas, which may cause some disruption to mobility, but this is justified by the substantial reduction in disease spread risk.'
