2025-12-21 20:56:22,727 - mississippi - INFO - Region Agent mississippi - Iteration 1 / 6: Starting policy decision process.
2025-12-21 20:56:22,727 - mississippi - INFO - Region user prompt: For mississippi, you will be given the following information:

Epidemic and mobility information of this state are as follows:

SEIRD parameters:
- beta = 0.1777045562951643
- alpha = 0.0557887604960571
- gamma = 0.1
- mu = 0.0
- delta = 0.0671164839606214

Current population composition:
- S = 2970629
- E = 906
- I = 1753
- Q = 2463
- R = 301
- D = 97

Other origin states:
1. arizona
   - Avg past 21-day population composition: S=7272180, E=1952, I=962, Q=3319, R=186, D=118
   - Avg past 21-day inflow: arizona=9717467, mississippi=1551, new mexico=19529, texas=27907, virginia=3665

2. new mexico
   - Avg past 21-day population composition: S=2093484, E=816, I=1276, Q=959, R=265, D=29
   - Avg past 21-day inflow: arizona=14511, mississippi=1425, new mexico=2776969, texas=84217, virginia=1004

3. texas
   - Avg past 21-day population composition: S=28984537, E=927, I=327, Q=7619, R=2141, D=330
   - Avg past 21-day inflow: arizona=22661, mississippi=24412, new mexico=47170, texas=39820832, virginia=11782

4. virginia
   - Avg past 21-day population composition: S=8524995, E=1825, I=3189, Q=4825, R=540, D=145
   - Avg past 21-day inflow: arizona=3171, mississippi=2260, new mexico=1385, texas=13780, virginia=11423959


 Ground truth daily average for next 42-day inbound by origin states; 
From arizona: Inflow =1533.93;
From new mexico: Inflow =1238.67;
From texas: Inflow =28019.38;
From virginia: Inflow =3357.86;

Please output the recommended traffic control policy in the required JSON format.
2025-12-21 20:57:12,026 - mississippi - INFO - Raw agent output:
```json
{
  "arizona": {
    "fractions": [0.1, 0.1, 0.1, 0.2, 0.2, 0.3],
    "notes": "Arizona has a moderate number of infected individuals (I=962) and a relatively low daily inflow to Mississippi. To minimize the importation of infections, we adopt a strict-first then relaxed pattern. This approach ensures that the initial weeks have stricter controls when the state's infection levels are still relatively high, followed by relaxation as the infection pressure decreases. This pattern balances the need for strict control with the economic and social benefits of increased mobility later on. The fractions sum to 1 (0.1 + 0.1 + 0.1 + 0.2 + 0.2 + 0.3 = 1)."
  },
  "new mexico": {
    "fractions": [0.15, 0.15, 0.15, 0.2, 0.2, 0.15],
    "notes": "New Mexico has a higher proportion of infected individuals (I=1276) compared to its population size. We adopt an even distribution with a slight emphasis on the middle weeks to balance the risk of importing infections. This approach ensures consistent control while allowing for some flexibility in mobility. The fractions sum to 1 (0.15 + 0.15 + 0.15 + 0.2 + 0.2 + 0.15 = 1)."
  },
  "texas": {
    "fractions": [0.1, 0.1, 0.1, 0.2, 0.2, 0.3],
    "notes": "Texas has a large population and a significant number of infected individuals (I=327). Given the high daily inflow to Mississippi, we adopt a strict-first then relaxed pattern. This approach ensures that the initial weeks have stricter controls to minimize the importation of infections, followed by relaxation as the infection pressure decreases. The fractions sum to 1 (0.1 + 0.1 + 0.1 + 0.2 + 0.2 + 0.3 = 1)."
  },
  "virginia": {
    "fractions": [0.1, 0.1, 0.1, 0.2, 0.2, 0.3],
    "notes": "Virginia has a relatively high number of infected individuals (I=3189) and a moderate daily inflow to Mississippi. We adopt a strict-first then relaxed pattern to minimize the importation of infections. This approach ensures that the initial weeks have stricter controls when the state's infection levels are still relatively high, followed by relaxation as the infection pressure decreases. The fractions sum to 1 (0.1 + 0.1 + 0.1 + 0.2 + 0.2 + 0.3 = 1)."
  },
  "global_guidance": "The overall strategy aims to minimize the cumulative confirmed and deceased cases in Mississippi by carefully managing the inflow of individuals from other states. By adopting a strict-first then relaxed pattern for states with higher infection rates (Texas and Virginia) and a balanced approach for states with moderate infection rates (Arizona and New Mexico), we can reduce the risk of imported infections. This strategy balances the need for strict control during periods of high infection pressure with the economic and social benefits of increased mobility as infection levels decrease. Cross-state cooperation is essential to ensure that the total inflow does not overwhelm Mississippi's healthcare system. Sensitivity analysis shows that if the prevalence or transmission rate (beta) changes, the fractions can be adjusted to maintain the desired level of control."
}
```
2025-12-21 20:57:12,026 - mississippi - INFO - Parsed PolicyResponse: policy={'arizona': [0.1, 0.1, 0.1, 0.2, 0.2, 0.3], 'new mexico': [0.15000000000000002, 0.15000000000000002, 0.15000000000000002, 0.20000000000000004, 0.20000000000000004, 0.1499999999999998], 'texas': [0.1, 0.1, 0.1, 0.2, 0.2, 0.3], 'virginia': [0.1, 0.1, 0.1, 0.2, 0.2, 0.3]} explanation="The overall strategy aims to minimize the cumulative confirmed and deceased cases in Mississippi by carefully managing the inflow of individuals from other states. By adopting a strict-first then relaxed pattern for states with higher infection rates (Texas and Virginia) and a balanced approach for states with moderate infection rates (Arizona and New Mexico), we can reduce the risk of imported infections. This strategy balances the need for strict control during periods of high infection pressure with the economic and social benefits of increased mobility as infection levels decrease. Cross-state cooperation is essential to ensure that the total inflow does not overwhelm Mississippi's healthcare system. Sensitivity analysis shows that if the prevalence or transmission rate (beta) changes, the fractions can be adjusted to maintain the desired level of control."
2025-12-21 21:00:23,019 - mississippi - INFO - Region Agent mississippi - Iteration 2 / 6: Starting policy decision process.
2025-12-21 21:00:23,023 - mississippi - INFO - Region user prompt: For mississippi, you will be given the following information:

Epidemic and mobility information of this state are as follows:

SEIRD parameters:
- beta = 0.1777045562951643
- alpha = 0.0557887604960571
- gamma = 0.090291905
- mu = 0.003366272675632136
- delta = 0.0671164839606214

Current population composition:
- S = 2613991
- E = 12218
- I = 5826
- Q = 3050
- R = 7808
- D = 390

Other origin states:
1. arizona
   - Avg past 21-day population composition: S=7720275, E=5714, I=368, Q=8289, R=2736, D=649
   - Avg past 21-day inflow: arizona=12334093, mississippi=2454, new mexico=34553, texas=45275, virginia=4604

2. new mexico
   - Avg past 21-day population composition: S=3093165, E=704, I=153, Q=2030, R=4370, D=60
   - Avg past 21-day inflow: arizona=30071, mississippi=1538, new mexico=3538501, texas=154683, virginia=928

3. texas
   - Avg past 21-day population composition: S=27854435, E=1585, I=2496, Q=17759, R=25117, D=1056
   - Avg past 21-day inflow: arizona=33798, mississippi=31580, new mexico=77898, texas=54356274, virginia=19821

4. virginia
   - Avg past 21-day population composition: S=8583791, E=6707, I=1570, Q=9647, R=22425, D=1106
   - Avg past 21-day inflow: arizona=5523, mississippi=2678, new mexico=1000, texas=17996, virginia=14133151


 Ground truth daily average for next 42-day inbound by origin states; 
From arizona: Inflow =2404.48;
From new mexico: Inflow =1515.36;
From texas: Inflow =38731.55;
From virginia: Inflow =4450.45;

Please output the recommended traffic control policy in the required JSON format.
2025-12-21 21:00:45,752 - mississippi - INFO - Raw agent output:
```json
{
  "arizona": {
    "fractions": [0.1, 0.1, 0.1, 0.2, 0.2, 0.3],
    "notes": "1. Risk Interpretation: Arizona has a moderate number of infected individuals (I=368) and a relatively high number of confirmed cases (Q=8289). 2. Quantitative Logic: Imported infections ~ Flow*ft*(I/population). 3. Traffic Allocation Pattern: Relaxed-first to gradually increase economic activity while monitoring infection trends. 4. Trade-offs: Early strict control minimizes initial importation, but later relaxation supports economic recovery. 5. Validation: Sum of fractions = 1.000."
  },
  "new mexico": {
    "fractions": [0.3, 0.2, 0.1, 0.1, 0.1, 0.2],
    "notes": "1. Risk Interpretation: New Mexico has a low number of infected individuals (I=153) and confirmed cases (Q=2030). 2. Quantitative Logic: Imported infections ~ Flow*ft*(I/population). 3. Traffic Allocation Pattern: Strict-first to minimize early importation, followed by gradual relaxation. 4. Trade-offs: Early strict control reduces initial risk, but later relaxation allows for economic recovery. 5. Validation: Sum of fractions = 1.000."
  },
  "texas": {
    "fractions": [0.2, 0.2, 0.2, 0.1, 0.1, 0.2],
    "notes": "1. Risk Interpretation: Texas has a higher number of infected individuals (I=2496) and confirmed cases (Q=17759). 2. Quantitative Logic: Imported infections ~ Flow*ft*(I/population). 3. Traffic Allocation Pattern: Even distribution to balance economic needs and health risks. 4. Trade-offs: Balanced approach to maintain economic activity while controlling infection spread. 5. Validation: Sum of fractions = 1.000."
  },
  "virginia": {
    "fractions": [0.1, 0.2, 0.2, 0.2, 0.2, 0.1],
    "notes": "1. Risk Interpretation: Virginia has a moderate number of infected individuals (I=1570) and confirmed cases (Q=9647). 2. Quantitative Logic: Imported infections ~ Flow*ft*(I/population). 3. Traffic Allocation Pattern: Even distribution with a slight relaxation towards the end. 4. Trade-offs: Balanced approach to support economic recovery while managing health risks. 5. Validation: Sum of fractions = 1.000."
  },
  "global_guidance": "1. Cross-state Reasoning: By implementing a balanced approach across all states, we aim to minimize the cumulative imported infections and deaths in Mississippi. 2. Quantitative Cooperation Logic: The traffic allocation patterns are designed to reduce the peak infection pressure by spreading out the influx over time, thus flattening the curve. 3. Sensitivity Reasoning: If the prevalence or transmission rate (beta) increases, stricter controls may be necessary, especially during the initial weeks, to prevent overwhelming the healthcare system. Conversely, if these factors decrease, a more relaxed approach can be adopted to support economic recovery."
}
```
2025-12-21 21:00:45,752 - mississippi - INFO - Parsed PolicyResponse: policy={'arizona': [0.1, 0.1, 0.1, 0.2, 0.2, 0.3], 'new mexico': [0.3, 0.2, 0.1, 0.1, 0.1, 0.2], 'texas': [0.2, 0.2, 0.2, 0.1, 0.1, 0.2], 'virginia': [0.10000000000000002, 0.20000000000000004, 0.20000000000000004, 0.20000000000000004, 0.20000000000000004, 0.0999999999999998]} explanation='1. Cross-state Reasoning: By implementing a balanced approach across all states, we aim to minimize the cumulative imported infections and deaths in Mississippi. 2. Quantitative Cooperation Logic: The traffic allocation patterns are designed to reduce the peak infection pressure by spreading out the influx over time, thus flattening the curve. 3. Sensitivity Reasoning: If the prevalence or transmission rate (beta) increases, stricter controls may be necessary, especially during the initial weeks, to prevent overwhelming the healthcare system. Conversely, if these factors decrease, a more relaxed approach can be adopted to support economic recovery.'
2025-12-21 21:02:37,717 - mississippi - INFO - Region Agent mississippi - Iteration 3 / 6: Starting policy decision process.
2025-12-21 21:02:37,717 - mississippi - INFO - Region user prompt: For mississippi, you will be given the following information:

Epidemic and mobility information of this state are as follows:

SEIRD parameters:
- beta = 0.1777045562951643
- alpha = 0.0557887604960571
- gamma = 0.090291905
- mu = 0.002942156764606069
- delta = 0.0671164839606214

Current population composition:
- S = 1841658
- E = 32208
- I = 15394
- Q = 9481
- R = 30112
- D = 1161

Other origin states:
1. arizona
   - Avg past 21-day population composition: S=8514466, E=13348, I=877, Q=18702, R=13892, D=2094
   - Avg past 21-day inflow: arizona=12691405, mississippi=2826, new mexico=43851, texas=67532, virginia=5130

2. new mexico
   - Avg past 21-day population composition: S=4690494, E=1410, I=335, Q=3553, R=11340, D=102
   - Avg past 21-day inflow: arizona=43434, mississippi=1508, new mexico=3781302, texas=193648, virginia=1126

3. texas
   - Avg past 21-day population composition: S=25426333, E=4241, I=6961, Q=38411, R=112425, D=2959
   - Avg past 21-day inflow: arizona=57858, mississippi=66136, new mexico=144830, texas=57497200, virginia=30149

4. virginia
   - Avg past 21-day population composition: S=8671969, E=14414, I=3396, Q=20918, R=77002, D=2229
   - Avg past 21-day inflow: arizona=6710, mississippi=4957, new mexico=2112, texas=30186, virginia=15378004


 Ground truth daily average for next 42-day inbound by origin states; 
From arizona: Inflow =2126.55;
From new mexico: Inflow =1445.71;
From texas: Inflow =33169.93;
From virginia: Inflow =4255.48;

Please output the recommended traffic control policy in the required JSON format.
2025-12-21 21:03:09,001 - mississippi - INFO - Raw agent output:
```json
{
  "arizona": {
      "fractions": [0.1, 0.15, 0.2, 0.2, 0.2, 0.15],
      "notes": "1. Risk interpretation: Arizona has a relatively low number of infected (I) and exposed (E) individuals compared to its population. 2. Quantitative logic: Imported infections ~ Flow*ft*(I/population). 3. Pattern: Strict-first, then relaxed. This pattern is chosen because the initial weeks have lower fractions to reduce the risk of importing infections when the state's infection rate is higher. 4. Trade-offs: Stricter controls in the first weeks help reduce the risk of importing infections, but it may impact economic activities. 5. Validation: 0.1 + 0.15 + 0.2 + 0.2 + 0.2 + 0.15 = 1."
  },
  "new mexico": {
      "fractions": [0.15, 0.15, 0.2, 0.2, 0.2, 0.1],
      "notes": "1. Risk interpretation: New Mexico has a very low number of infected (I) and exposed (E) individuals. 2. Quantitative logic: Imported infections ~ Flow*ft*(I/population). 3. Pattern: Even distribution with a slight relaxation towards the end. This pattern is chosen because the state's infection rate is consistently low. 4. Trade-offs: Maintaining a moderate flow helps balance economic needs while keeping the risk of importing infections low. 5. Validation: 0.15 + 0.15 + 0.2 + 0.2 + 0.2 + 0.1 = 1."
  },
  "texas": {
      "fractions": [0.2, 0.15, 0.15, 0.2, 0.2, 0.1],
      "notes": "1. Risk interpretation: Texas has a higher number of infected (I) and exposed (E) individuals. 2. Quantitative logic: Imported infections ~ Flow*ft*(I/population). 3. Pattern: Strict-first, then relaxed. This pattern is chosen because the initial weeks have higher fractions to reduce the risk of importing infections when the state's infection rate is higher. 4. Trade-offs: Stricter controls in the first weeks help reduce the risk of importing infections, but it may impact economic activities. 5. Validation: 0.2 + 0.15 + 0.15 + 0.2 + 0.2 + 0.1 = 1."
  },
  "virginia": {
      "fractions": [0.1, 0.15, 0.2, 0.2, 0.2, 0.15],
      "notes": "1. Risk interpretation: Virginia has a moderate number of infected (I) and exposed (E) individuals. 2. Quantitative logic: Imported infections ~ Flow*ft*(I/population). 3. Pattern: Strict-first, then relaxed. This pattern is chosen because the initial weeks have lower fractions to reduce the risk of importing infections when the state's infection rate is higher. 4. Trade-offs: Stricter controls in the first weeks help reduce the risk of importing infections, but it may impact economic activities. 5. Validation: 0.1 + 0.15 + 0.2 + 0.2 + 0.2 + 0.15 = 1."
  },
  "global_guidance": "1. Cross-state reasoning: By implementing stricter controls in the initial weeks for states with higher infection rates (Texas and Virginia) and maintaining moderate controls for states with lower infection rates (Arizona and New Mexico), we can collectively reduce the expected imported infections and deaths in Mississippi. 2. Quantitative cooperation logic: The traffic allocation ensures that the total inbound flow remains constant while balancing the risk of importing infections across weeks and states. 3. Sensitivity reasoning: If the prevalence or transmission rate (beta) increases, the stricter controls in the initial weeks will be more critical to prevent a surge in imported cases. Conversely, if the prevalence decreases, the relaxation in later weeks will help maintain economic activities without significantly increasing the risk."
}
```
2025-12-21 21:03:09,002 - mississippi - INFO - Parsed PolicyResponse: policy={'arizona': [0.1, 0.15, 0.2, 0.2, 0.2, 0.15], 'new mexico': [0.15000000000000002, 0.15000000000000002, 0.20000000000000004, 0.20000000000000004, 0.20000000000000004, 0.0999999999999998], 'texas': [0.20000000000000004, 0.15000000000000002, 0.15000000000000002, 0.20000000000000004, 0.20000000000000004, 0.0999999999999998], 'virginia': [0.1, 0.15, 0.2, 0.2, 0.2, 0.15]} explanation='1. Cross-state reasoning: By implementing stricter controls in the initial weeks for states with higher infection rates (Texas and Virginia) and maintaining moderate controls for states with lower infection rates (Arizona and New Mexico), we can collectively reduce the expected imported infections and deaths in Mississippi. 2. Quantitative cooperation logic: The traffic allocation ensures that the total inbound flow remains constant while balancing the risk of importing infections across weeks and states. 3. Sensitivity reasoning: If the prevalence or transmission rate (beta) increases, the stricter controls in the initial weeks will be more critical to prevent a surge in imported cases. Conversely, if the prevalence decreases, the relaxation in later weeks will help maintain economic activities without significantly increasing the risk.'
2025-12-21 21:05:01,897 - mississippi - INFO - Region Agent mississippi - Iteration 4 / 6: Starting policy decision process.
2025-12-21 21:05:01,897 - mississippi - INFO - Region user prompt: For mississippi, you will be given the following information:

Epidemic and mobility information of this state are as follows:

SEIRD parameters:
- beta = 0.1777045562951643
- alpha = 0.0557887604960571
- gamma = 0.090291905
- mu = 0.00234683660135996
- delta = 0.0671164839606214

Current population composition:
- S = 876756
- E = 38998
- I = 19079
- Q = 14755
- R = 75606
- D = 2482

Other origin states:
1. arizona
   - Avg past 21-day population composition: S=9367214, E=29489, I=1940, Q=40238, R=41977, D=3884
   - Avg past 21-day inflow: arizona=12204458, mississippi=3375, new mexico=20764, texas=38224, virginia=5975

2. new mexico
   - Avg past 21-day population composition: S=5680912, E=3106, I=701, Q=8003, R=26434, D=197
   - Avg past 21-day inflow: arizona=34859, mississippi=1137, new mexico=3591304, texas=113711, virginia=1881

3. texas
   - Avg past 21-day population composition: S=24159713, E=8991, I=14987, Q=81788, R=349839, D=6807
   - Avg past 21-day inflow: arizona=55736, mississippi=55699, new mexico=118587, texas=56021642, virginia=22931

4. virginia
   - Avg past 21-day population composition: S=8405183, E=31790, I=7507, Q=46847, R=198409, D=2691
   - Avg past 21-day inflow: arizona=8264, mississippi=4171, new mexico=2571, texas=31926, virginia=14714026


 Ground truth daily average for next 42-day inbound by origin states; 
From arizona: Inflow =1837.67;
From new mexico: Inflow =1312.81;
From texas: Inflow =30375.71;
From virginia: Inflow =3674.74;

Please output the recommended traffic control policy in the required JSON format.
2025-12-21 21:05:50,983 - mississippi - INFO - Raw agent output:
```json
{
  "arizona": {
    "fractions": [0.1, 0.1, 0.1, 0.2, 0.2, 0.3],
    "notes": "1. Risk Interpretation: Arizona has a relatively low number of infected individuals (I=1940) compared to its population, but a significant number of exposed (E=29489) and confirmed (Q=40238) cases. 2. Quantitative Logic: Imported infections ~ Flow*ft*(I/population). 3. Pattern: Relaxed-first to allow economic activity early, then stricter to prevent a surge. 4. Trade-offs: Early relaxation supports the economy, but later strictness is crucial to avoid overwhelming healthcare. 5. Validation: 0.1 + 0.1 + 0.1 + 0.2 + 0.2 + 0.3 = 1.0."
  },
  "new mexico": {
    "fractions": [0.3, 0.2, 0.2, 0.1, 0.1, 0.1],
    "notes": "1. Risk Interpretation: New Mexico has a very low number of infected individuals (I=701) and a moderate number of exposed (E=3106) and confirmed (Q=8003) cases. 2. Quantitative Logic: Imported infections ~ Flow*ft*(I/population). 3. Pattern: Strict-first to minimize initial exposure, then gradually relax. 4. Trade-offs: Initial strictness helps control the spread, but later relaxation supports economic recovery. 5. Validation: 0.3 + 0.2 + 0.2 + 0.1 + 0.1 + 0.1 = 1.0."
  },
  "texas": {
    "fractions": [0.2, 0.2, 0.2, 0.15, 0.15, 0.1],
    "notes": "1. Risk Interpretation: Texas has a high number of infected individuals (I=14987) and a significant number of exposed (E=8991) and confirmed (Q=81788) cases. 2. Quantitative Logic: Imported infections ~ Flow*ft*(I/population). 3. Pattern: Even distribution to balance economic and health impacts. 4. Trade-offs: Balanced approach to maintain economic activity while controlling the spread. 5. Validation: 0.2 + 0.2 + 0.2 + 0.15 + 0.15 + 0.1 = 1.0."
  },
  "virginia": {
    "fractions": [0.2, 0.2, 0.2, 0.15, 0.15, 0.1],
    "notes": "1. Risk Interpretation: Virginia has a moderate number of infected individuals (I=7507) and a significant number of exposed (E=31790) and confirmed (Q=46847) cases. 2. Quantitative Logic: Imported infections ~ Flow*ft*(I/population). 3. Pattern: Even distribution to balance economic and health impacts. 4. Trade-offs: Balanced approach to maintain economic activity while controlling the spread. 5. Validation: 0.2 + 0.2 + 0.2 + 0.15 + 0.15 + 0.1 = 1.0."
  },
  "global_guidance": "1. Cross-state Reasoning: By distributing the traffic more evenly and implementing stricter controls initially for higher-risk states like Texas and Virginia, we can reduce the overall imported infections and deaths in Mississippi. 2. Quantitative Cooperation Logic: The even distribution pattern for Texas and Virginia balances the risk of infection with the need for economic activity, while the strict-first pattern for New Mexico minimizes initial exposure. 3. Sensitivity Reasoning: If the prevalence or transmission rate (beta) increases, the strict-first patterns for New Mexico and the balanced approach for Texas and Virginia will help mitigate the impact, reducing the potential for a surge in cases and deaths."
}
```
2025-12-21 21:05:50,983 - mississippi - INFO - Parsed PolicyResponse: policy={'arizona': [0.1, 0.1, 0.1, 0.2, 0.2, 0.3], 'new mexico': [0.30000000000000004, 0.20000000000000004, 0.20000000000000004, 0.10000000000000002, 0.10000000000000002, 0.0999999999999998], 'texas': [0.19999999999999996, 0.19999999999999996, 0.19999999999999996, 0.14999999999999997, 0.14999999999999997, 0.10000000000000031], 'virginia': [0.19999999999999996, 0.19999999999999996, 0.19999999999999996, 0.14999999999999997, 0.14999999999999997, 0.10000000000000031]} explanation='1. Cross-state Reasoning: By distributing the traffic more evenly and implementing stricter controls initially for higher-risk states like Texas and Virginia, we can reduce the overall imported infections and deaths in Mississippi. 2. Quantitative Cooperation Logic: The even distribution pattern for Texas and Virginia balances the risk of infection with the need for economic activity, while the strict-first pattern for New Mexico minimizes initial exposure. 3. Sensitivity Reasoning: If the prevalence or transmission rate (beta) increases, the strict-first patterns for New Mexico and the balanced approach for Texas and Virginia will help mitigate the impact, reducing the potential for a surge in cases and deaths.'
2025-12-21 21:08:16,554 - mississippi - INFO - Region Agent mississippi - Iteration 5 / 6: Starting policy decision process.
2025-12-21 21:08:16,554 - mississippi - INFO - Region user prompt: For mississippi, you will be given the following information:

Epidemic and mobility information of this state are as follows:

SEIRD parameters:
- beta = 0.1777045562951643
- alpha = 0.0557887604960571
- gamma = 0.090291905
- mu = 0.0017084427217835844
- delta = 0.0671164839606214

Current population composition:
- S = 482484
- E = 49401
- I = 17864
- Q = 13337
- R = 128318
- D = 3662

Other origin states:
1. arizona
   - Avg past 21-day population composition: S=9154442, E=61444, I=3973, Q=86371, R=104975, D=5145
   - Avg past 21-day inflow: arizona=12775936, mississippi=2000, new mexico=28157, texas=50409, virginia=4897

2. new mexico
   - Avg past 21-day population composition: S=6686831, E=6286, I=1418, Q=15825, R=56946, D=384
   - Avg past 21-day inflow: arizona=39259, mississippi=942, new mexico=3611569, texas=162523, virginia=1715

3. texas
   - Avg past 21-day population composition: S=22986179, E=12942, I=21390, Q=121177, R=782091, D=12188
   - Avg past 21-day inflow: arizona=52890, mississippi=50909, new mexico=120189, texas=57587273, virginia=31681

4. virginia
   - Avg past 21-day population composition: S=8212344, E=62749, I=14790, Q=96246, R=461972, D=2765
   - Avg past 21-day inflow: arizona=8631, mississippi=2791, new mexico=1762, texas=31428, virginia=15126464


 Ground truth daily average for next 42-day inbound by origin states; 
From arizona: Inflow =2040.62;
From new mexico: Inflow =1325.98;
From texas: Inflow =29744.52;
From virginia: Inflow =3560.95;

Please output the recommended traffic control policy in the required JSON format.
2025-12-21 21:08:48,623 - mississippi - INFO - Raw agent output:
```json
{
  "arizona": {
    "fractions": [0.1, 0.1, 0.1, 0.2, 0.2, 0.3],
    "notes": "1. Risk Interpretation: Arizona has a moderate number of infected individuals (I=3973) and a relatively high number of confirmed cases (Q=86371). 2. Quantitative Logic: Imported infections ~ Flow*ft*(I/population) = 2040.62*ft*(3973/9154442). 3. Pattern: Relaxed-first to allow economic recovery while maintaining control in the initial weeks. 4. Trade-offs: Early strict control reduces immediate risk but later relaxation could lead to spikes. 5. Validation: 0.1 + 0.1 + 0.1 + 0.2 + 0.2 + 0.3 = 1.0."
  },
  "new mexico": {
    "fractions": [0.3, 0.2, 0.1, 0.1, 0.1, 0.2],
    "notes": "1. Risk Interpretation: New Mexico has a low number of infected individuals (I=1418) and confirmed cases (Q=15825). 2. Quantitative Logic: Imported infections ~ Flow*ft*(I/population) = 1325.98*ft*(1418/6686831). 3. Pattern: Strict-first to minimize early importation, followed by gradual relaxation. 4. Trade-offs: Early strict control minimizes risk but later relaxation allows for economic recovery. 5. Validation: 0.3 + 0.2 + 0.1 + 0.1 + 0.1 + 0.2 = 1.0."
  },
  "texas": {
    "fractions": [0.2, 0.2, 0.2, 0.1, 0.1, 0.2],
    "notes": "1. Risk Interpretation: Texas has a high number of infected individuals (I=21390) and confirmed cases (Q=121177). 2. Quantitative Logic: Imported infections ~ Flow*ft*(I/population) = 29744.52*ft*(21390/22986179). 3. Pattern: Even distribution to balance risk and mobility. 4. Trade-offs: Balanced approach to maintain economic activity while controlling spread. 5. Validation: 0.2 + 0.2 + 0.2 + 0.1 + 0.1 + 0.2 = 1.0."
  },
  "virginia": {
    "fractions": [0.2, 0.2, 0.2, 0.1, 0.1, 0.2],
    "notes": "1. Risk Interpretation: Virginia has a moderate number of infected individuals (I=14790) and confirmed cases (Q=96246). 2. Quantitative Logic: Imported infections ~ Flow*ft*(I/population) = 3560.95*ft*(14790/8212344). 3. Pattern: Even distribution to balance risk and mobility. 4. Trade-offs: Balanced approach to maintain economic activity while controlling spread. 5. Validation: 0.2 + 0.2 + 0.2 + 0.1 + 0.1 + 0.2 = 1.0."
  },
  "global_guidance": "1. Cross-state Reasoning: By distributing traffic more strictly in the initial weeks and gradually relaxing, we can minimize the peak of imported infections while allowing for economic recovery. 2. Quantitative Cooperation Logic: The even distribution for Texas and Virginia helps balance the risk across weeks, while the strict-first approach for New Mexico and relaxed-first for Arizona ensures that high-risk states are controlled early. 3. Sensitivity Reasoning: If prevalence or transmission rate (beta) increases, stricter controls in the initial weeks will be more critical to prevent overwhelming the healthcare system."
}
```
2025-12-21 21:08:48,624 - mississippi - INFO - Parsed PolicyResponse: policy={'arizona': [0.1, 0.1, 0.1, 0.2, 0.2, 0.3], 'new mexico': [0.3, 0.2, 0.1, 0.1, 0.1, 0.2], 'texas': [0.2, 0.2, 0.2, 0.1, 0.1, 0.2], 'virginia': [0.2, 0.2, 0.2, 0.1, 0.1, 0.2]} explanation='1. Cross-state Reasoning: By distributing traffic more strictly in the initial weeks and gradually relaxing, we can minimize the peak of imported infections while allowing for economic recovery. 2. Quantitative Cooperation Logic: The even distribution for Texas and Virginia helps balance the risk across weeks, while the strict-first approach for New Mexico and relaxed-first for Arizona ensures that high-risk states are controlled early. 3. Sensitivity Reasoning: If prevalence or transmission rate (beta) increases, stricter controls in the initial weeks will be more critical to prevent overwhelming the healthcare system.'
2025-12-21 21:10:56,678 - mississippi - INFO - Region Agent mississippi - Iteration 6 / 6: Starting policy decision process.
2025-12-21 21:10:56,678 - mississippi - INFO - Region user prompt: For mississippi, you will be given the following information:

Epidemic and mobility information of this state are as follows:

SEIRD parameters:
- beta = 0.1777045562951643
- alpha = 0.0557887604960571
- gamma = 0.090291905
- mu = 0.001135059216634949
- delta = 0.0671164839606214

Current population composition:
- S = 378209
- E = 77279
- I = 32732
- Q = 23166
- R = 194451
- D = 4667

Other origin states:
1. arizona
   - Avg past 21-day population composition: S=8564845, E=120544, I=7822, Q=174049, R=236209, D=5634
   - Avg past 21-day inflow: arizona=13314477, mississippi=2547, new mexico=32612, texas=49244, virginia=5021

2. new mexico
   - Avg past 21-day population composition: S=8139329, E=13490, I=3036, Q=32844, R=117439, D=751
   - Avg past 21-day inflow: arizona=37999, mississippi=1147, new mexico=3541362, texas=171454, virginia=1740

3. texas
   - Avg past 21-day population composition: S=21064513, E=20888, I=35140, Q=195944, R=1426061, D=18008
   - Avg past 21-day inflow: arizona=52620, mississippi=37509, new mexico=81567, texas=59397204, virginia=24897

4. virginia
   - Avg past 21-day population composition: S=7728265, E=103786, I=24763, Q=166000, R=952345, D=2766
   - Avg past 21-day inflow: arizona=7503, mississippi=4430, new mexico=2371, texas=29728, virginia=15466694


 Ground truth daily average for next 42-day inbound by origin states; 
From arizona: Inflow =2070.81;
From new mexico: Inflow =1036.93;
From texas: Inflow =35639.64;
From virginia: Inflow =3914.6;

Please output the recommended traffic control policy in the required JSON format.
2025-12-21 21:11:22,837 - mississippi - INFO - Raw agent output:
```json
{
  "arizona": {
    "fractions": [0.1, 0.1, 0.1, 0.2, 0.2, 0.3],
    "notes": "1. Risk interpretation: Arizona has a relatively low proportion of infected (I) and confirmed (Q) individuals compared to its population, but it still poses a risk due to its higher inflow. 2. Quantitative logic: Imported infections ~ Flow*ft*(I/population). 3. Pattern: Relaxed-first to allow economic recovery while maintaining control in the initial weeks. 4. Trade-offs: Balancing economic activity with health risks. 5. Validation: 0.1 + 0.1 + 0.1 + 0.2 + 0.2 + 0.3 = 1."
  },
  "new mexico": {
    "fractions": [0.2, 0.2, 0.1, 0.1, 0.2, 0.2],
    "notes": "1. Risk interpretation: New Mexico has a very low proportion of infected (I) and confirmed (Q) individuals, making it a lower risk state. 2. Quantitative logic: Imported infections ~ Flow*ft*(I/population). 3. Pattern: Even distribution to maintain consistent control. 4. Trade-offs: Minimal impact on economic activity while maintaining low risk. 5. Validation: 0.2 + 0.2 + 0.1 + 0.1 + 0.2 + 0.2 = 1."
  },
  "texas": {
    "fractions": [0.3, 0.2, 0.1, 0.1, 0.2, 0.1],
    "notes": "1. Risk interpretation: Texas has a higher proportion of infected (I) and confirmed (Q) individuals, posing a significant risk. 2. Quantitative logic: Imported infections ~ Flow*ft*(I/population). 3. Pattern: Strict-first to reduce initial exposure, followed by gradual relaxation. 4. Trade-offs: Stricter controls initially to protect public health, followed by economic considerations. 5. Validation: 0.3 + 0.2 + 0.1 + 0.1 + 0.2 + 0.1 = 1."
  },
  "virginia": {
    "fractions": [0.1, 0.1, 0.2, 0.2, 0.2, 0.2],
    "notes": "1. Risk interpretation: Virginia has a moderate proportion of infected (I) and confirmed (Q) individuals, making it a moderate risk state. 2. Quantitative logic: Imported infections ~ Flow*ft*(I/population). 3. Pattern: Even distribution to maintain consistent control. 4. Trade-offs: Balancing economic activity with health risks. 5. Validation: 0.1 + 0.1 + 0.2 + 0.2 + 0.2 + 0.2 = 1."
  },
  "global_guidance": "1. Cross-state reasoning: By distributing the inflow more strictly in the initial weeks for high-risk states like Texas and more evenly for lower-risk states like New Mexico and Virginia, we can reduce the overall imported infections and deaths in Mississippi. 2. Quantitative cooperation logic: The total imported infections are minimized by adjusting the fractions to balance the risk across weeks and states. 3. Sensitivity reasoning: If the prevalence or transmission rate (beta) increases, stricter controls should be implemented earlier to mitigate the impact. Conversely, if these factors decrease, more relaxed controls can be considered."
}
```
2025-12-21 21:11:22,837 - mississippi - INFO - Parsed PolicyResponse: policy={'arizona': [0.1, 0.1, 0.1, 0.2, 0.2, 0.3], 'new mexico': [0.2, 0.2, 0.1, 0.1, 0.2, 0.2], 'texas': [0.30000000000000004, 0.20000000000000004, 0.10000000000000002, 0.10000000000000002, 0.20000000000000004, 0.0999999999999998], 'virginia': [0.1, 0.1, 0.2, 0.2, 0.2, 0.2]} explanation='1. Cross-state reasoning: By distributing the inflow more strictly in the initial weeks for high-risk states like Texas and more evenly for lower-risk states like New Mexico and Virginia, we can reduce the overall imported infections and deaths in Mississippi. 2. Quantitative cooperation logic: The total imported infections are minimized by adjusting the fractions to balance the risk across weeks and states. 3. Sensitivity reasoning: If the prevalence or transmission rate (beta) increases, stricter controls should be implemented earlier to mitigate the impact. Conversely, if these factors decrease, more relaxed controls can be considered.'
