2025-12-21 20:57:12,026 - new mexico - INFO - Region Agent new mexico - Iteration 1 / 6: Starting policy decision process.
2025-12-21 20:57:12,026 - new mexico - INFO - Region user prompt: For new mexico, you will be given the following information:

Epidemic and mobility information of this state are as follows:

SEIRD parameters:
- beta = 0.1117782502495318
- alpha = 0.1853333987657855
- gamma = 0.1
- mu = 0.0
- delta = 0.9086749315713404

Current population composition:
- S = 2093484
- E = 816
- I = 1276
- Q = 959
- R = 265
- D = 29

Other origin states:
1. arizona
   - Avg past 21-day population composition: S=7272180, E=1952, I=962, Q=3319, R=186, D=118
   - Avg past 21-day inflow: arizona=9717467, mississippi=1551, new mexico=19529, texas=27907, virginia=3665

2. mississippi
   - Avg past 21-day population composition: S=2970629, E=906, I=1753, Q=2463, R=301, D=97
   - Avg past 21-day inflow: arizona=1194, mississippi=3987236, new mexico=942, texas=18479, virginia=2401

3. texas
   - Avg past 21-day population composition: S=28984537, E=927, I=327, Q=7619, R=2141, D=330
   - Avg past 21-day inflow: arizona=22661, mississippi=24412, new mexico=47170, texas=39820832, virginia=11782

4. virginia
   - Avg past 21-day population composition: S=8524995, E=1825, I=3189, Q=4825, R=540, D=145
   - Avg past 21-day inflow: arizona=3171, mississippi=2260, new mexico=1385, texas=13780, virginia=11423959


 Ground truth daily average for next 42-day inbound by origin states; 
From arizona: Inflow =21480.17;
From mississippi: Inflow =1923.76;
From texas: Inflow =128903.14;
From virginia: Inflow =1161.5;

Please output the recommended traffic control policy in the required JSON format.
2025-12-21 20:57:51,181 - new mexico - INFO - Raw agent output:
```json
{
  "arizona": {
      "fractions": [0.1, 0.1, 0.1, 0.2, 0.2, 0.3],
      "notes": "1. Risk Interpretation: Arizona has a moderate number of infected (I=962) and exposed (E=1952) individuals. 2. Quantitative Logic: Imported infections ~ Flow*ft*(I/population). 3. Pattern: Strict-first to reduce initial exposure, then gradually relax as local control improves. 4. Trade-offs: Early strict control may impact economic activities, but it reduces the risk of a large influx of infections. 5. Validation: 0.1 + 0.1 + 0.1 + 0.2 + 0.2 + 0.3 = 1.0."
  },
  "mississippi": {
      "fractions": [0.3, 0.2, 0.1, 0.1, 0.1, 0.2],
      "notes": "1. Risk Interpretation: Mississippi has a relatively high number of infected (I=1753) and exposed (E=906) individuals. 2. Quantitative Logic: Imported infections ~ Flow*ft*(I/population). 3. Pattern: Relaxed-first to balance economic needs, then tighten as the situation stabilizes. 4. Trade-offs: Early relaxation may increase infections, but it supports local businesses. 5. Validation: 0.3 + 0.2 + 0.1 + 0.1 + 0.1 + 0.2 = 1.0."
  },
  "texas": {
      "fractions": [0.1, 0.1, 0.2, 0.2, 0.2, 0.2],
      "notes": "1. Risk Interpretation: Texas has a lower number of infected (I=327) and exposed (E=927) individuals compared to its large population. 2. Quantitative Logic: Imported infections ~ Flow*ft*(I/population). 3. Pattern: Even distribution to maintain consistent control. 4. Trade-offs: Balanced approach to minimize economic disruption while controlling infections. 5. Validation: 0.1 + 0.1 + 0.2 + 0.2 + 0.2 + 0.2 = 1.0."
  },
  "virginia": {
      "fractions": [0.2, 0.2, 0.2, 0.1, 0.1, 0.2],
      "notes": "1. Risk Interpretation: Virginia has a higher number of infected (I=3189) and exposed (E=1825) individuals. 2. Quantitative Logic: Imported infections ~ Flow*ft*(I/population). 3. Pattern: Relaxed-first to support economic activities, then tighten as necessary. 4. Trade-offs: Early relaxation may increase infections, but it helps maintain economic stability. 5. Validation: 0.2 + 0.2 + 0.2 + 0.1 + 0.1 + 0.2 = 1.0."
  },
  "global_guidance": "1. Cross-state Reasoning: By implementing a balanced approach across all states, we can collectively reduce the expected imported infections and deaths. Arizona and Texas have moderate to low infection rates, allowing for more gradual control measures. Mississippi and Virginia have higher infection rates, requiring stricter initial controls. 2. Quantitative Cooperation Logic: The even distribution and strict-first patterns help in balancing the infection pressure over the 6-week period, ensuring that no single week sees a surge in imported cases. 3. Sensitivity Reasoning: If the prevalence or transmission rate (beta) increases, stricter controls should be implemented earlier to prevent a larger outbreak. Conversely, if these factors decrease, the controls can be relaxed more quickly."
}
```
2025-12-21 20:57:51,181 - new mexico - INFO - Parsed PolicyResponse: policy={'arizona': [0.1, 0.1, 0.1, 0.2, 0.2, 0.3], 'mississippi': [0.3, 0.2, 0.1, 0.1, 0.1, 0.2], 'texas': [0.1, 0.1, 0.2, 0.2, 0.2, 0.2], 'virginia': [0.2, 0.2, 0.2, 0.1, 0.1, 0.2]} explanation='1. Cross-state Reasoning: By implementing a balanced approach across all states, we can collectively reduce the expected imported infections and deaths. Arizona and Texas have moderate to low infection rates, allowing for more gradual control measures. Mississippi and Virginia have higher infection rates, requiring stricter initial controls. 2. Quantitative Cooperation Logic: The even distribution and strict-first patterns help in balancing the infection pressure over the 6-week period, ensuring that no single week sees a surge in imported cases. 3. Sensitivity Reasoning: If the prevalence or transmission rate (beta) increases, stricter controls should be implemented earlier to prevent a larger outbreak. Conversely, if these factors decrease, the controls can be relaxed more quickly.'
2025-12-21 21:00:45,757 - new mexico - INFO - Region Agent new mexico - Iteration 2 / 6: Starting policy decision process.
2025-12-21 21:00:45,757 - new mexico - INFO - Region user prompt: For new mexico, you will be given the following information:

Epidemic and mobility information of this state are as follows:

SEIRD parameters:
- beta = 0.1117782502495318
- alpha = 0.1853333987657855
- gamma = 0.06304094999826802
- mu = 0.0003954377962876131
- delta = 0.9086749315713404

Current population composition:
- S = 3931283
- E = 873
- I = 197
- Q = 2197
- R = 5661
- D = 70

Other origin states:
1. arizona
   - Avg past 21-day population composition: S=7720275, E=5714, I=368, Q=8289, R=2736, D=649
   - Avg past 21-day inflow: arizona=12334093, mississippi=2454, new mexico=34553, texas=45275, virginia=4604

2. mississippi
   - Avg past 21-day population composition: S=2495397, E=8860, I=4189, Q=2243, R=5625, D=308
   - Avg past 21-day inflow: arizona=2147, mississippi=6201158, new mexico=1362, texas=39226, virginia=4700

3. texas
   - Avg past 21-day population composition: S=27854435, E=1585, I=2496, Q=17759, R=25117, D=1056
   - Avg past 21-day inflow: arizona=33798, mississippi=31580, new mexico=77898, texas=54356274, virginia=19821

4. virginia
   - Avg past 21-day population composition: S=8583791, E=6707, I=1570, Q=9647, R=22425, D=1106
   - Avg past 21-day inflow: arizona=5523, mississippi=2678, new mexico=1000, texas=17996, virginia=14133151


 Ground truth daily average for next 42-day inbound by origin states; 
From arizona: Inflow =31024.95;
From mississippi: Inflow =1886.79;
From texas: Inflow =161374.02;
From virginia: Inflow =1408.24;

Please output the recommended traffic control policy in the required JSON format.
2025-12-21 21:01:14,077 - new mexico - INFO - Raw agent output:
```json
{
  "arizona": {
    "fractions": [0.1, 0.1, 0.1, 0.2, 0.2, 0.3],
    "notes": "1. Risk Interpretation: Arizona has a relatively low number of infected (I) and exposed (E) individuals compared to its population, indicating a moderate risk. 2. Quantitative Logic: Imported infections can be estimated as Flow*ft*(I/population). 3. Pattern: Relaxed-first pattern is chosen because the infection pressure in Arizona is moderate and increasing traffic gradually helps in monitoring and managing potential outbreaks. 4. Trade-offs: Stricter controls in the initial weeks help in reducing immediate importation risks, while relaxing controls later allows for economic recovery. 5. Validation: 0.1 + 0.1 + 0.1 + 0.2 + 0.2 + 0.3 = 1.0."
  },
  "mississippi": {
    "fractions": [0.3, 0.2, 0.1, 0.1, 0.1, 0.2],
    "notes": "1. Risk Interpretation: Mississippi has a higher number of infected (I) and exposed (E) individuals relative to its population, indicating a high risk. 2. Quantitative Logic: Imported infections can be estimated as Flow*ft*(I/population). 3. Pattern: Strict-first pattern is chosen to minimize the impact of high infection rates in the early weeks. 4. Trade-offs: Initial strict controls reduce the risk of importing cases, while gradual relaxation allows for economic activity. 5. Validation: 0.3 + 0.2 + 0.1 + 0.1 + 0.1 + 0.2 = 1.0."
  },
  "texas": {
    "fractions": [0.2, 0.1, 0.1, 0.2, 0.2, 0.2],
    "notes": "1. Risk Interpretation: Texas has a moderate number of infected (I) and exposed (E) individuals, with a large population, indicating a moderate to high risk. 2. Quantitative Logic: Imported infections can be estimated as Flow*ft*(I/population). 3. Pattern: Even distribution is chosen to balance the risk of importation and economic activity over the period. 4. Trade-offs: An even distribution helps in maintaining a steady flow of people while keeping the risk manageable. 5. Validation: 0.2 + 0.1 + 0.1 + 0.2 + 0.2 + 0.2 = 1.0."
  },
  "virginia": {
    "fractions": [0.2, 0.2, 0.2, 0.1, 0.1, 0.2],
    "notes": "1. Risk Interpretation: Virginia has a moderate number of infected (I) and exposed (E) individuals, indicating a moderate risk. 2. Quantitative Logic: Imported infections can be estimated as Flow*ft*(I/population). 3. Pattern: Even distribution is chosen to balance the risk of importation and economic activity over the period. 4. Trade-offs: An even distribution helps in maintaining a steady flow of people while keeping the risk manageable. 5. Validation: 0.2 + 0.2 + 0.2 + 0.1 + 0.1 + 0.2 = 1.0."
  },
  "global_guidance": "1. Cross-state Reasoning: By implementing strict-first patterns for high-risk states like Mississippi and more relaxed patterns for lower-risk states like Arizona, we can collectively reduce the expected imported infections and deaths. 2. Quantitative Cooperation Logic: Balancing the risk across weeks and states ensures that the overall importation of infections is minimized while allowing for necessary economic activities. 3. Sensitivity Reasoning: If the prevalence or transmission rate (beta) increases, the strict-first patterns should be extended to more weeks to mitigate the higher risk. Conversely, if the risk decreases, more relaxed patterns can be adopted to promote mobility."
}
```
2025-12-21 21:01:14,077 - new mexico - INFO - Parsed PolicyResponse: policy={'arizona': [0.1, 0.1, 0.1, 0.2, 0.2, 0.3], 'mississippi': [0.3, 0.2, 0.1, 0.1, 0.1, 0.2], 'texas': [0.2, 0.1, 0.1, 0.2, 0.2, 0.2], 'virginia': [0.2, 0.2, 0.2, 0.1, 0.1, 0.2]} explanation='1. Cross-state Reasoning: By implementing strict-first patterns for high-risk states like Mississippi and more relaxed patterns for lower-risk states like Arizona, we can collectively reduce the expected imported infections and deaths. 2. Quantitative Cooperation Logic: Balancing the risk across weeks and states ensures that the overall importation of infections is minimized while allowing for necessary economic activities. 3. Sensitivity Reasoning: If the prevalence or transmission rate (beta) increases, the strict-first patterns should be extended to more weeks to mitigate the higher risk. Conversely, if the risk decreases, more relaxed patterns can be adopted to promote mobility.'
2025-12-21 21:03:09,003 - new mexico - INFO - Region Agent new mexico - Iteration 3 / 6: Starting policy decision process.
2025-12-21 21:03:09,003 - new mexico - INFO - Region user prompt: For new mexico, you will be given the following information:

Epidemic and mobility information of this state are as follows:

SEIRD parameters:
- beta = 0.1117782502495318
- alpha = 0.1853333987657855
- gamma = 0.06304095000463207
- mu = 0.00039419562780104
- delta = 0.9086749315713404

Current population composition:
- S = 5224766
- E = 1920
- I = 459
- Q = 4477
- R = 13696
- D = 117

Other origin states:
1. arizona
   - Avg past 21-day population composition: S=8514466, E=13348, I=877, Q=18702, R=13892, D=2094
   - Avg past 21-day inflow: arizona=12691405, mississippi=2826, new mexico=43851, texas=67532, virginia=5130

2. mississippi
   - Avg past 21-day population composition: S=2157022, E=28053, I=13396, Q=7760, R=22680, D=913
   - Avg past 21-day inflow: arizona=3365, mississippi=6521022, new mexico=1211, texas=30984, virginia=4450

3. texas
   - Avg past 21-day population composition: S=25426333, E=4241, I=6961, Q=38411, R=112425, D=2959
   - Avg past 21-day inflow: arizona=57858, mississippi=66136, new mexico=144830, texas=57497200, virginia=30149

4. virginia
   - Avg past 21-day population composition: S=8671969, E=14414, I=3396, Q=20918, R=77002, D=2229
   - Avg past 21-day inflow: arizona=6710, mississippi=4957, new mexico=2112, texas=30186, virginia=15378004


 Ground truth daily average for next 42-day inbound by origin states; 
From arizona: Inflow =24900.24;
From mississippi: Inflow =1422.36;
From texas: Inflow =142139.4;
From virginia: Inflow =1568.29;

Please output the recommended traffic control policy in the required JSON format.
2025-12-21 21:03:37,665 - new mexico - INFO - Raw agent output:
```json
{
  "arizona": {
      "fractions": [0.1, 0.1, 0.1, 0.2, 0.2, 0.3],
      "notes": "1. Risk Interpretation: Arizona has a relatively low number of infected (I) and exposed (E) individuals compared to its population, but it still poses a moderate risk due to its higher inflow. 2. Quantitative Logic: Imported infections ~ Flow*ft*(I/population). 3. Traffic Allocation Pattern: Relaxed-first. This pattern is chosen because the risk of infection from Arizona is moderate, and a gradual increase in traffic can help monitor the situation. 4. Trade-offs: This approach balances the need to maintain economic activity with the risk of importing infections. 5. Validation: 0.1 + 0.1 + 0.1 + 0.2 + 0.2 + 0.3 = 1.0."
  },
  "mississippi": {
      "fractions": [0.3, 0.2, 0.1, 0.1, 0.1, 0.2],
      "notes": "1. Risk Interpretation: Mississippi has a high number of exposed (E) and infected (I) individuals relative to its population, making it a high-risk state. 2. Quantitative Logic: Imported infections ~ Flow*ft*(I/population). 3. Traffic Allocation Pattern: Strict-first. This pattern is chosen to minimize the initial impact of high-risk inflows and gradually increase traffic as the situation stabilizes. 4. Trade-offs: This approach prioritizes epidemic control over economic activity, especially in the early weeks. 5. Validation: 0.3 + 0.2 + 0.1 + 0.1 + 0.1 + 0.2 = 1.0."
  },
  "texas": {
      "fractions": [0.2, 0.2, 0.2, 0.15, 0.15, 0.1],
      "notes": "1. Risk Interpretation: Texas has a significant number of infected (I) and exposed (E) individuals, making it a high-risk state with a very high inflow. 2. Quantitative Logic: Imported infections ~ Flow*ft*(I/population). 3. Traffic Allocation Pattern: Even. This pattern is chosen to distribute the risk evenly over the 6 weeks, given the high inflow and high risk. 4. Trade-offs: This approach aims to balance the high risk with the need to maintain economic activity. 5. Validation: 0.2 + 0.2 + 0.2 + 0.15 + 0.15 + 0.1 = 1.0."
  },
  "virginia": {
      "fractions": [0.1, 0.1, 0.2, 0.2, 0.2, 0.2],
      "notes": "1. Risk Interpretation: Virginia has a moderate number of infected (I) and exposed (E) individuals, making it a moderate-risk state with a relatively low inflow. 2. Quantitative Logic: Imported infections ~ Flow*ft*(I/population). 3. Traffic Allocation Pattern: Relaxed-first. This pattern is chosen to gradually increase traffic as the risk is moderate. 4. Trade-offs: This approach balances the need to maintain economic activity with the risk of importing infections. 5. Validation: 0.1 + 0.1 + 0.2 + 0.2 + 0.2 + 0.2 = 1.0."
  },
  "global_guidance": "1. Cross-state Reasoning: The overall strategy aims to minimize the cumulative imported infections and deaths by balancing the risk across states. Arizona and Virginia have moderate risks, allowing for a more relaxed-first approach. Mississippi, being a high-risk state, requires a strict-first approach. Texas, with its high inflow and high risk, needs an even distribution to manage the risk over time. 2. Quantitative Cooperation Logic: By distributing the risk evenly and adjusting traffic based on the risk level of each state, we can reduce the overall impact of imported infections. 3. Sensitivity Reasoning: If the prevalence or transmission rate (beta) changes, the traffic allocation patterns should be adjusted accordingly. For example, if the prevalence increases, stricter controls should be implemented in the early weeks, and vice versa."
}
```
2025-12-21 21:03:37,665 - new mexico - INFO - Parsed PolicyResponse: policy={'arizona': [0.1, 0.1, 0.1, 0.2, 0.2, 0.3], 'mississippi': [0.3, 0.2, 0.1, 0.1, 0.1, 0.2], 'texas': [0.19999999999999996, 0.19999999999999996, 0.19999999999999996, 0.14999999999999997, 0.14999999999999997, 0.10000000000000031], 'virginia': [0.1, 0.1, 0.2, 0.2, 0.2, 0.2]} explanation='1. Cross-state Reasoning: The overall strategy aims to minimize the cumulative imported infections and deaths by balancing the risk across states. Arizona and Virginia have moderate risks, allowing for a more relaxed-first approach. Mississippi, being a high-risk state, requires a strict-first approach. Texas, with its high inflow and high risk, needs an even distribution to manage the risk over time. 2. Quantitative Cooperation Logic: By distributing the risk evenly and adjusting traffic based on the risk level of each state, we can reduce the overall impact of imported infections. 3. Sensitivity Reasoning: If the prevalence or transmission rate (beta) changes, the traffic allocation patterns should be adjusted accordingly. For example, if the prevalence increases, stricter controls should be implemented in the early weeks, and vice versa.'
2025-12-21 21:05:50,983 - new mexico - INFO - Region Agent new mexico - Iteration 4 / 6: Starting policy decision process.
2025-12-21 21:05:50,983 - new mexico - INFO - Region user prompt: For new mexico, you will be given the following information:

Epidemic and mobility information of this state are as follows:

SEIRD parameters:
- beta = 0.1117782502495318
- alpha = 0.1853333987657855
- gamma = 0.06304095001099612
- mu = 0.00039063206364745316
- delta = 0.9086749315713404

Current population composition:
- S = 5689000
- E = 3904
- I = 877
- Q = 9452
- R = 31683
- D = 229

Other origin states:
1. arizona
   - Avg past 21-day population composition: S=9367214, E=29489, I=1940, Q=40238, R=41977, D=3884
   - Avg past 21-day inflow: arizona=12204458, mississippi=3375, new mexico=20764, texas=38224, virginia=5975

2. mississippi
   - Avg past 21-day population composition: S=1216023, E=43069, I=21014, Q=13774, R=62741, D=2135
   - Avg past 21-day inflow: arizona=2338, mississippi=6404182, new mexico=1445, texas=33169, virginia=4680

3. texas
   - Avg past 21-day population composition: S=24159713, E=8991, I=14987, Q=81788, R=349839, D=6807
   - Avg past 21-day inflow: arizona=55736, mississippi=55699, new mexico=118587, texas=56021642, virginia=22931

4. virginia
   - Avg past 21-day population composition: S=8405183, E=31790, I=7507, Q=46847, R=198409, D=2691
   - Avg past 21-day inflow: arizona=8264, mississippi=4171, new mexico=2571, texas=31926, virginia=14714026


 Ground truth daily average for next 42-day inbound by origin states; 
From arizona: Inflow =28043.0;
From mississippi: Inflow =1178.48;
From texas: Inflow =147749.24;
From virginia: Inflow =1430.02;

Please output the recommended traffic control policy in the required JSON format.
2025-12-21 21:06:16,670 - new mexico - INFO - Raw agent output:
```json
{
  "arizona": {
      "fractions": [0.1, 0.1, 0.1, 0.2, 0.3, 0.2],
      "notes": "Arizona has a relatively low number of infected (I) and confirmed (Q) cases, but the exposed (E) population is significant. To minimize imported infections, we start with strict controls (low f1, f2, f3) and gradually relax them as the exposed population decreases. This pattern helps in reducing the initial influx of potentially infected individuals while allowing more movement later when the risk is lower. Trade-off: Strict initial controls may impact economic activities, but they are necessary to prevent a surge in cases. Validation: 0.1 + 0.1 + 0.1 + 0.2 + 0.3 + 0.2 = 1.0."
  },
  "mississippi": {
      "fractions": [0.2, 0.2, 0.2, 0.1, 0.1, 0.2],
      "notes": "Mississippi has a higher number of infected (I) and exposed (E) cases compared to other states. To mitigate the risk, we implement a strict-first pattern with higher fractions in the first three weeks (f1, f2, f3) and then relax controls. This approach helps in reducing the initial influx of infected individuals while allowing some movement later. Trade-off: Strict controls may impact travel and trade, but they are crucial for preventing a significant increase in cases. Validation: 0.2 + 0.2 + 0.2 + 0.1 + 0.1 + 0.2 = 1.0."
  },
  "texas": {
      "fractions": [0.15, 0.15, 0.15, 0.15, 0.2, 0.2],
      "notes": "Texas has a high number of infected (I) and confirmed (Q) cases. To manage the risk, we use an even distribution pattern with slightly higher fractions in the last two weeks. This approach ensures a balanced reduction in imported infections while allowing gradual movement. Trade-off: Even distribution helps in maintaining economic activities but requires continuous monitoring to prevent a surge in cases. Validation: 0.15 + 0.15 + 0.15 + 0.15 + 0.2 + 0.2 = 1.0."
  },
  "virginia": {
      "fractions": [0.1, 0.1, 0.2, 0.2, 0.2, 0.2],
      "notes": "Virginia has a moderate number of infected (I) and confirmed (Q) cases. To balance epidemic control and mobility, we use a relaxed-first pattern with higher fractions in the middle and last weeks. This approach allows for initial movement while tightening controls later if necessary. Trade-off: Early relaxation may increase the risk of imported infections, but it supports economic activities. Validation: 0.1 + 0.1 + 0.2 + 0.2 + 0.2 + 0.2 = 1.0."
  },
  "global_guidance": "The traffic control policies for each origin state are designed to minimize the cumulative confirmed and deceased cases in New Mexico. By implementing strict-first patterns for states with higher infection rates (Mississippi and Texas) and more balanced or relaxed-first patterns for states with lower infection rates (Arizona and Virginia), we aim to reduce the overall imported infections. Cross-state reasoning shows that the combined effect of these policies will help in flattening the curve and reducing the peak load on healthcare systems. Quantitative cooperation logic involves balancing the risk of imported infections with the need for economic activities. Sensitivity analysis indicates that if the prevalence or transmission rate (beta) increases, stricter controls will be necessary to prevent a surge in cases. Conversely, if the prevalence decreases, more relaxed controls can be considered."
}
```
2025-12-21 21:06:16,670 - new mexico - INFO - Parsed PolicyResponse: policy={'arizona': [0.1, 0.1, 0.1, 0.2, 0.3, 0.2], 'mississippi': [0.2, 0.2, 0.2, 0.1, 0.1, 0.2], 'texas': [0.15, 0.15, 0.15, 0.15, 0.2, 0.2], 'virginia': [0.1, 0.1, 0.2, 0.2, 0.2, 0.2]} explanation='The traffic control policies for each origin state are designed to minimize the cumulative confirmed and deceased cases in New Mexico. By implementing strict-first patterns for states with higher infection rates (Mississippi and Texas) and more balanced or relaxed-first patterns for states with lower infection rates (Arizona and Virginia), we aim to reduce the overall imported infections. Cross-state reasoning shows that the combined effect of these policies will help in flattening the curve and reducing the peak load on healthcare systems. Quantitative cooperation logic involves balancing the risk of imported infections with the need for economic activities. Sensitivity analysis indicates that if the prevalence or transmission rate (beta) increases, stricter controls will be necessary to prevent a surge in cases. Conversely, if the prevalence decreases, more relaxed controls can be considered.'
2025-12-21 21:08:48,625 - new mexico - INFO - Region Agent new mexico - Iteration 5 / 6: Starting policy decision process.
2025-12-21 21:08:48,626 - new mexico - INFO - Region user prompt: For new mexico, you will be given the following information:

Epidemic and mobility information of this state are as follows:

SEIRD parameters:
- beta = 0.1117782502495318
- alpha = 0.1853333987657855
- gamma = 0.06304095001736017
- mu = 0.00038481007310605856
- delta = 0.9086749315713404

Current population composition:
- S = 7283567
- E = 7813
- I = 1844
- Q = 18997
- R = 67368
- D = 448

Other origin states:
1. arizona
   - Avg past 21-day population composition: S=9154442, E=61444, I=3973, Q=86371, R=104975, D=5145
   - Avg past 21-day inflow: arizona=12775936, mississippi=2000, new mexico=28157, texas=50409, virginia=4897

2. mississippi
   - Avg past 21-day population composition: S=706037, E=41005, I=18518, Q=13845, R=115912, D=3414
   - Avg past 21-day inflow: arizona=2572, mississippi=6474992, new mexico=787, texas=24300, virginia=2939

3. texas
   - Avg past 21-day population composition: S=22986179, E=12942, I=21390, Q=121177, R=782091, D=12188
   - Avg past 21-day inflow: arizona=52890, mississippi=50909, new mexico=120189, texas=57587273, virginia=31681

4. virginia
   - Avg past 21-day population composition: S=8212344, E=62749, I=14790, Q=96246, R=461972, D=2765
   - Avg past 21-day inflow: arizona=8631, mississippi=2791, new mexico=1762, texas=31428, virginia=15126464


 Ground truth daily average for next 42-day inbound by origin states; 
From arizona: Inflow =34545.19;
From mississippi: Inflow =1148.12;
From texas: Inflow =142879.29;
From virginia: Inflow =1741.21;

Please output the recommended traffic control policy in the required JSON format.
2025-12-21 21:09:13,638 - new mexico - INFO - Raw agent output:
```json
{
  "arizona": {
    "fractions": [0.1, 0.15, 0.2, 0.2, 0.2, 0.15],
    "notes": "1. Risk Interpretation: Arizona has a moderate number of infected individuals (I=3973) and a relatively high number of exposed (E=61444). 2. Quantitative Logic: Imported infections ~ Flow*ft*(I/population). 3. Pattern: Strict-first to reduce initial exposure, then gradually relax. 4. Trade-offs: Stricter controls initially reduce infections but may impact economic activities. 5. Validation: 0.1 + 0.15 + 0.2 + 0.2 + 0.2 + 0.15 = 1."
  },
  "mississippi": {
    "fractions": [0.2, 0.15, 0.15, 0.15, 0.2, 0.15],
    "notes": "1. Risk Interpretation: Mississippi has a high number of exposed (E=41005) and infected (I=18518). 2. Quantitative Logic: Imported infections ~ Flow*ft*(I/population). 3. Pattern: Strict-first to mitigate the high initial risk, then maintain strict controls. 4. Trade-offs: Strict controls reduce infections but may have economic impacts. 5. Validation: 0.2 + 0.15 + 0.15 + 0.15 + 0.2 + 0.15 = 1."
  },
  "texas": {
    "fractions": [0.1, 0.1, 0.2, 0.2, 0.2, 0.2],
    "notes": "1. Risk Interpretation: Texas has a high number of infected (I=21390) and exposed (E=12942). 2. Quantitative Logic: Imported infections ~ Flow*ft*(I/population). 3. Pattern: Even distribution to balance risk over time. 4. Trade-offs: Balanced approach to manage both health and economic impacts. 5. Validation: 0.1 + 0.1 + 0.2 + 0.2 + 0.2 + 0.2 = 1."
  },
  "virginia": {
    "fractions": [0.2, 0.15, 0.15, 0.15, 0.2, 0.15],
    "notes": "1. Risk Interpretation: Virginia has a moderate number of infected (I=14790) and exposed (E=62749). 2. Quantitative Logic: Imported infections ~ Flow*ft*(I/population). 3. Pattern: Strict-first to reduce initial exposure, then maintain strict controls. 4. Trade-offs: Stricter controls reduce infections but may impact travel and trade. 5. Validation: 0.2 + 0.15 + 0.15 + 0.15 + 0.2 + 0.15 = 1."
  },
  "global_guidance": "1. Cross-state Reasoning: By distributing traffic more strictly in the early weeks and gradually relaxing, we can reduce the initial surge of imported infections, which is critical for New Mexico's epidemic control. 2. Quantitative Cooperation Logic: The strict-first pattern helps balance the risk across weeks, ensuring that the peak of imported infections is flattened. 3. Sensitivity Reasoning: If the prevalence or transmission rate (beta) increases, the strict-first pattern will be even more effective in reducing the overall impact of imported cases and deaths."
}
```
2025-12-21 21:09:13,638 - new mexico - INFO - Parsed PolicyResponse: policy={'arizona': [0.1, 0.15, 0.2, 0.2, 0.2, 0.15], 'mississippi': [0.2, 0.15, 0.15, 0.15, 0.2, 0.15], 'texas': [0.1, 0.1, 0.2, 0.2, 0.2, 0.2], 'virginia': [0.2, 0.15, 0.15, 0.15, 0.2, 0.15]} explanation="1. Cross-state Reasoning: By distributing traffic more strictly in the early weeks and gradually relaxing, we can reduce the initial surge of imported infections, which is critical for New Mexico's epidemic control. 2. Quantitative Cooperation Logic: The strict-first pattern helps balance the risk across weeks, ensuring that the peak of imported infections is flattened. 3. Sensitivity Reasoning: If the prevalence or transmission rate (beta) increases, the strict-first pattern will be even more effective in reducing the overall impact of imported cases and deaths."
2025-12-21 21:11:22,837 - new mexico - INFO - Region Agent new mexico - Iteration 6 / 6: Starting policy decision process.
2025-12-21 21:11:22,837 - new mexico - INFO - Region user prompt: For new mexico, you will be given the following information:

Epidemic and mobility information of this state are as follows:

SEIRD parameters:
- beta = 0.1117782502495318
- alpha = 0.1853333987657855
- gamma = 0.06304095002372422
- mu = 0.00037683170480265135
- delta = 0.9086749315713404

Current population composition:
- S = 9066940
- E = 16192
- I = 3638
- Q = 40021
- R = 139275
- D = 883

Other origin states:
1. arizona
   - Avg past 21-day population composition: S=8564845, E=120544, I=7822, Q=174049, R=236209, D=5634
   - Avg past 21-day inflow: arizona=13314477, mississippi=2547, new mexico=32612, texas=49244, virginia=5021

2. mississippi
   - Avg past 21-day population composition: S=390394, E=80776, I=32928, Q=20984, R=174678, D=4401
   - Avg past 21-day inflow: arizona=2856, mississippi=6631471, new mexico=1060, texas=23795, virginia=2848

3. texas
   - Avg past 21-day population composition: S=21064513, E=20888, I=35140, Q=195944, R=1426061, D=18008
   - Avg past 21-day inflow: arizona=52620, mississippi=37509, new mexico=81567, texas=59397204, virginia=24897

4. virginia
   - Avg past 21-day population composition: S=7728265, E=103786, I=24763, Q=166000, R=952345, D=2766
   - Avg past 21-day inflow: arizona=7503, mississippi=4430, new mexico=2371, texas=29728, virginia=15466694


 Ground truth daily average for next 42-day inbound by origin states; 
From arizona: Inflow =43754.86;
From mississippi: Inflow =1678.74;
From texas: Inflow =139538.48;
From virginia: Inflow =1271.17;

Please output the recommended traffic control policy in the required JSON format.
2025-12-21 21:11:53,402 - new mexico - INFO - Raw agent output:
```json
{
  "arizona": {
    "fractions": [0.15, 0.15, 0.15, 0.20, 0.20, 0.15],
    "notes": "1. Risk Interpretation: Arizona has a moderate number of infected individuals (I=7822) and a relatively high number of exposed individuals (E=120544). 2. Quantitative Logic: Imported infections can be estimated as Flow*ft*(I/population). 3. Pattern: Strict-first to reduce initial exposure, followed by a gradual relaxation to balance economic needs. 4. Trade-offs: Stricter controls initially reduce infections but may impact economic activities. 5. Validation: 0.15 + 0.15 + 0.15 + 0.20 + 0.20 + 0.15 = 1.00."
  },
  "mississippi": {
    "fractions": [0.20, 0.15, 0.15, 0.15, 0.20, 0.15],
    "notes": "1. Risk Interpretation: Mississippi has a high number of exposed (E=80776) and infected (I=32928) individuals. 2. Quantitative Logic: Imported infections can be estimated as Flow*ft*(I/population). 3. Pattern: Strict-first to minimize initial exposure, then gradually relax. 4. Trade-offs: Early strict controls are necessary to prevent a surge in cases, but later relaxation helps maintain economic activity. 5. Validation: 0.20 + 0.15 + 0.15 + 0.15 + 0.20 + 0.15 = 1.00."
  },
  "texas": {
    "fractions": [0.10, 0.15, 0.20, 0.20, 0.20, 0.15],
    "notes": "1. Risk Interpretation: Texas has a significant number of infected (I=35140) and exposed (E=20888) individuals. 2. Quantitative Logic: Imported infections can be estimated as Flow*ft*(I/population). 3. Pattern: Strict-first to control the high initial risk, followed by a gradual increase in traffic. 4. Trade-offs: Early strict controls help contain the spread, but later relaxation supports economic recovery. 5. Validation: 0.10 + 0.15 + 0.20 + 0.20 + 0.20 + 0.15 = 1.00."
  },
  "virginia": {
    "fractions": [0.20, 0.15, 0.15, 0.15, 0.20, 0.15],
    "notes": "1. Risk Interpretation: Virginia has a high number of exposed (E=103786) and infected (I=24763) individuals. 2. Quantitative Logic: Imported infections can be estimated as Flow*ft*(I/population). 3. Pattern: Strict-first to control the initial risk, followed by a gradual relaxation. 4. Trade-offs: Early strict controls are essential to prevent a surge in cases, but later relaxation helps maintain economic activity. 5. Validation: 0.20 + 0.15 + 0.15 + 0.15 + 0.20 + 0.15 = 1.00."
  },
  "global_guidance": "1. Cross-state Reasoning: By implementing strict controls early on, especially from high-risk states like Texas and Mississippi, we can significantly reduce the number of imported infections and deaths. 2. Quantitative Cooperation Logic: Balancing the traffic allocation across weeks ensures that the overall risk is minimized while allowing for gradual economic recovery. 3. Sensitivity Reasoning: If the prevalence or transmission rate (beta) increases, the strict-first approach becomes even more critical to prevent a rapid rise in cases. Conversely, if these factors decrease, a more relaxed approach can be considered to support economic activities without compromising public health."
}
```
2025-12-21 21:11:53,402 - new mexico - INFO - Parsed PolicyResponse: policy={'arizona': [0.15000000000000002, 0.15000000000000002, 0.15000000000000002, 0.20000000000000004, 0.20000000000000004, 0.1499999999999998], 'mississippi': [0.2, 0.15, 0.15, 0.15, 0.2, 0.15], 'texas': [0.1, 0.15, 0.2, 0.2, 0.2, 0.15], 'virginia': [0.2, 0.15, 0.15, 0.15, 0.2, 0.15]} explanation='1. Cross-state Reasoning: By implementing strict controls early on, especially from high-risk states like Texas and Mississippi, we can significantly reduce the number of imported infections and deaths. 2. Quantitative Cooperation Logic: Balancing the traffic allocation across weeks ensures that the overall risk is minimized while allowing for gradual economic recovery. 3. Sensitivity Reasoning: If the prevalence or transmission rate (beta) increases, the strict-first approach becomes even more critical to prevent a rapid rise in cases. Conversely, if these factors decrease, a more relaxed approach can be considered to support economic activities without compromising public health.'
