2025-12-21 20:58:52,433 - virginia - INFO - Region Agent virginia - Iteration 1 / 6: Starting policy decision process.
2025-12-21 20:58:52,433 - virginia - INFO - Region user prompt: For virginia, you will be given the following information:

Epidemic and mobility information of this state are as follows:

SEIRD parameters:
- beta = 0.1916503060909957
- alpha = 0.1636446530789299
- gamma = 0.1
- mu = 0.0
- delta = 0.68254039242497

Current population composition:
- S = 8524995
- E = 1825
- I = 3189
- Q = 4825
- R = 540
- D = 145

Other origin states:
1. arizona
   - Avg past 21-day population composition: S=7272180, E=1952, I=962, Q=3319, R=186, D=118
   - Avg past 21-day inflow: arizona=9717467, mississippi=1551, new mexico=19529, texas=27907, virginia=3665

2. mississippi
   - Avg past 21-day population composition: S=2970629, E=906, I=1753, Q=2463, R=301, D=97
   - Avg past 21-day inflow: arizona=1194, mississippi=3987236, new mexico=942, texas=18479, virginia=2401

3. new mexico
   - Avg past 21-day population composition: S=2093484, E=816, I=1276, Q=959, R=265, D=29
   - Avg past 21-day inflow: arizona=14511, mississippi=1425, new mexico=2776969, texas=84217, virginia=1004

4. texas
   - Avg past 21-day population composition: S=28984537, E=927, I=327, Q=7619, R=2141, D=330
   - Avg past 21-day inflow: arizona=22661, mississippi=24412, new mexico=47170, texas=39820832, virginia=11782


 Ground truth daily average for next 42-day inbound by origin states; 
From arizona: Inflow =3945.74;
From mississippi: Inflow =3349.12;
From new mexico: Inflow =1668.81;
From texas: Inflow =17996.5;

Please output the recommended traffic control policy in the required JSON format.
2025-12-21 20:59:31,731 - virginia - INFO - Raw agent output:
```json
{
  "arizona": {
    "fractions": [0.1, 0.1, 0.1, 0.2, 0.3, 0.2],
    "notes": "1. Risk Interpretation: Arizona has a moderate number of infected (I) and exposed (E) individuals, with a relatively low confirmed (Q) rate. 2. Quantitative Logic: Imported infections ~ Flow * ft * (I / population). 3. Traffic Allocation Pattern: Relaxed-first to allow economic recovery while maintaining strict controls initially to reduce initial importation risk. 4. Trade-offs: Early strict controls reduce immediate risk but later relaxation helps maintain economic activity. 5. Validation: 0.1 + 0.1 + 0.1 + 0.2 + 0.3 + 0.2 = 1."
  },
  "mississippi": {
    "fractions": [0.2, 0.2, 0.2, 0.1, 0.1, 0.2],
    "notes": "1. Risk Interpretation: Mississippi has a higher proportion of infected (I) and exposed (E) individuals relative to its population. 2. Quantitative Logic: Imported infections ~ Flow * ft * (I / population). 3. Traffic Allocation Pattern: Even distribution to balance the risk of importation over the period. 4. Trade-offs: Balanced approach to manage both health and economic impacts. 5. Validation: 0.2 + 0.2 + 0.2 + 0.1 + 0.1 + 0.2 = 1."
  },
  "new mexico": {
    "fractions": [0.3, 0.2, 0.2, 0.1, 0.1, 0.1],
    "notes": "1. Risk Interpretation: New Mexico has a lower number of infected (I) and exposed (E) individuals, with a very low confirmed (Q) rate. 2. Quantitative Logic: Imported infections ~ Flow * ft * (I / population). 3. Traffic Allocation Pattern: Strict-first to minimize early importation risk, followed by gradual relaxation. 4. Trade-offs: Initial strict controls to reduce immediate risk, with later relaxation to support economic activities. 5. Validation: 0.3 + 0.2 + 0.2 + 0.1 + 0.1 + 0.1 = 1."
  },
  "texas": {
    "fractions": [0.2, 0.2, 0.1, 0.1, 0.2, 0.2],
    "notes": "1. Risk Interpretation: Texas has a large population with a moderate number of infected (I) and exposed (E) individuals. 2. Quantitative Logic: Imported infections ~ Flow * ft * (I / population). 3. Traffic Allocation Pattern: Even distribution to balance the risk of importation over the period. 4. Trade-offs: Balanced approach to manage both health and economic impacts. 5. Validation: 0.2 + 0.2 + 0.1 + 0.1 + 0.2 + 0.2 = 1."
  },
  "global_guidance": "1. Cross-state Reasoning: By distributing the traffic controls evenly across the states, we aim to reduce the overall importation of infections while maintaining economic activity. 2. Quantitative Cooperation Logic: The traffic allocation patterns are designed to balance the risk of importation with the need for mobility, ensuring that the cumulative impact on Virginia's SEIQRD compartments is minimized. 3. Sensitivity Reasoning: If the prevalence or transmission rate (beta) changes, the traffic control policies should be adjusted accordingly. Higher prevalence or beta would necessitate stricter controls, while lower values could allow for more relaxed policies."
}
```
2025-12-21 20:59:31,731 - virginia - INFO - Parsed PolicyResponse: policy={'arizona': [0.1, 0.1, 0.1, 0.2, 0.3, 0.2], 'mississippi': [0.2, 0.2, 0.2, 0.1, 0.1, 0.2], 'new mexico': [0.30000000000000004, 0.20000000000000004, 0.20000000000000004, 0.10000000000000002, 0.10000000000000002, 0.0999999999999998], 'texas': [0.2, 0.2, 0.1, 0.1, 0.2, 0.2]} explanation="1. Cross-state Reasoning: By distributing the traffic controls evenly across the states, we aim to reduce the overall importation of infections while maintaining economic activity. 2. Quantitative Cooperation Logic: The traffic allocation patterns are designed to balance the risk of importation with the need for mobility, ensuring that the cumulative impact on Virginia's SEIQRD compartments is minimized. 3. Sensitivity Reasoning: If the prevalence or transmission rate (beta) changes, the traffic control policies should be adjusted accordingly. Higher prevalence or beta would necessitate stricter controls, while lower values could allow for more relaxed policies."
2025-12-21 21:01:36,804 - virginia - INFO - Region Agent virginia - Iteration 2 / 6: Starting policy decision process.
2025-12-21 21:01:36,804 - virginia - INFO - Region user prompt: For virginia, you will be given the following information:

Epidemic and mobility information of this state are as follows:

SEIRD parameters:
- beta = 0.1916503060909957
- alpha = 0.1636446530789299
- gamma = 0.09065305
- mu = 0.002725652647274652
- delta = 0.68254039242497

Current population composition:
- S = 8570433
- E = 7918
- I = 1860
- Q = 11397
- R = 31556
- D = 1420

Other origin states:
1. arizona
   - Avg past 21-day population composition: S=7720275, E=5714, I=368, Q=8289, R=2736, D=649
   - Avg past 21-day inflow: arizona=12334093, mississippi=2454, new mexico=34553, texas=45275, virginia=4604

2. mississippi
   - Avg past 21-day population composition: S=2495397, E=8860, I=4189, Q=2243, R=5625, D=308
   - Avg past 21-day inflow: arizona=2147, mississippi=6201158, new mexico=1362, texas=39226, virginia=4700

3. new mexico
   - Avg past 21-day population composition: S=3093165, E=704, I=153, Q=2030, R=4370, D=60
   - Avg past 21-day inflow: arizona=30071, mississippi=1538, new mexico=3538501, texas=154683, virginia=928

4. texas
   - Avg past 21-day population composition: S=27854435, E=1585, I=2496, Q=17759, R=25117, D=1056
   - Avg past 21-day inflow: arizona=33798, mississippi=31580, new mexico=77898, texas=54356274, virginia=19821


 Ground truth daily average for next 42-day inbound by origin states; 
From arizona: Inflow =6100.74;
From mississippi: Inflow =4957.52;
From new mexico: Inflow =2113.05;
From texas: Inflow =27442.57;

Please output the recommended traffic control policy in the required JSON format.
2025-12-21 21:02:02,670 - virginia - INFO - Raw agent output:
```json
{
  "arizona": {
    "fractions": [0.1, 0.15, 0.2, 0.2, 0.2, 0.15],
    "notes": "1. Risk Interpretation: Arizona has a relatively low number of infected individuals (I=368) compared to its population, indicating a moderate risk. 2. Quantitative Logic: Imported infections ~ Flow*ft*(I/population). 3. Pattern: Strict-first to reduce initial exposure, then gradually relax to balance economic needs. 4. Trade-offs: Stricter controls initially reduce infections but may impact economic activities. 5. Validation: 0.1 + 0.15 + 0.2 + 0.2 + 0.2 + 0.15 = 1."
  },
  "mississippi": {
    "fractions": [0.2, 0.15, 0.15, 0.2, 0.2, 0.1],
    "notes": "1. Risk Interpretation: Mississippi has a higher number of exposed (E=8860) and infected (I=4189) individuals, indicating a high risk. 2. Quantitative Logic: Imported infections ~ Flow*ft*(I/population). 3. Pattern: Strict-first to mitigate the high risk, then gradually relax. 4. Trade-offs: Strict controls are necessary to prevent a surge in cases, but they may have economic impacts. 5. Validation: 0.2 + 0.15 + 0.15 + 0.2 + 0.2 + 0.1 = 1."
  },
  "new mexico": {
    "fractions": [0.15, 0.15, 0.2, 0.2, 0.2, 0.1],
    "notes": "1. Risk Interpretation: New Mexico has a low number of infected individuals (I=153), indicating a low risk. 2. Quantitative Logic: Imported infections ~ Flow*ft*(I/population). 3. Pattern: Even distribution to maintain consistent control without severe economic disruption. 4. Trade-offs: Balanced approach to manage both health and economic impacts. 5. Validation: 0.15 + 0.15 + 0.2 + 0.2 + 0.2 + 0.1 = 1."
  },
  "texas": {
    "fractions": [0.1, 0.15, 0.2, 0.2, 0.2, 0.15],
    "notes": "1. Risk Interpretation: Texas has a moderate number of infected individuals (I=2496), indicating a moderate risk. 2. Quantitative Logic: Imported infections ~ Flow*ft*(I/population). 3. Pattern: Strict-first to reduce initial exposure, then gradually relax to balance economic needs. 4. Trade-offs: Stricter controls initially reduce infections but may impact economic activities. 5. Validation: 0.1 + 0.15 + 0.2 + 0.2 + 0.2 + 0.15 = 1."
  },
  "global_guidance": "1. Cross-state Reasoning: By implementing strict-first patterns for high-risk states like Mississippi and Texas, and more balanced patterns for low-risk states like Arizona and New Mexico, we can collectively reduce the expected imported infections and deaths in Virginia. 2. Quantitative Cooperation Logic: The traffic allocation ensures that the highest risk periods (initial weeks) have the strictest controls, thereby flattening the infection curve. 3. Sensitivity Reasoning: If the prevalence or transmission rate (beta) increases, the strict-first pattern will be more effective in reducing the peak load on healthcare systems, while a more balanced approach helps in maintaining economic stability."
}
```
2025-12-21 21:02:02,671 - virginia - INFO - Parsed PolicyResponse: policy={'arizona': [0.1, 0.15, 0.2, 0.2, 0.2, 0.15], 'mississippi': [0.20000000000000004, 0.15000000000000002, 0.15000000000000002, 0.20000000000000004, 0.20000000000000004, 0.0999999999999998], 'new mexico': [0.15000000000000002, 0.15000000000000002, 0.20000000000000004, 0.20000000000000004, 0.20000000000000004, 0.0999999999999998], 'texas': [0.1, 0.15, 0.2, 0.2, 0.2, 0.15]} explanation='1. Cross-state Reasoning: By implementing strict-first patterns for high-risk states like Mississippi and Texas, and more balanced patterns for low-risk states like Arizona and New Mexico, we can collectively reduce the expected imported infections and deaths in Virginia. 2. Quantitative Cooperation Logic: The traffic allocation ensures that the highest risk periods (initial weeks) have the strictest controls, thereby flattening the infection curve. 3. Sensitivity Reasoning: If the prevalence or transmission rate (beta) increases, the strict-first pattern will be more effective in reducing the peak load on healthcare systems, while a more balanced approach helps in maintaining economic stability.'
2025-12-21 21:03:58,966 - virginia - INFO - Region Agent virginia - Iteration 3 / 6: Starting policy decision process.
2025-12-21 21:03:58,966 - virginia - INFO - Region user prompt: For virginia, you will be given the following information:

Epidemic and mobility information of this state are as follows:

SEIRD parameters:
- beta = 0.1916503060909957
- alpha = 0.1636446530789299
- gamma = 0.09065305
- mu = 0.0006078852659420187
- delta = 0.68254039242497

Current population composition:
- S = 8649363
- E = 17202
- I = 4046
- Q = 25141
- R = 96920
- D = 2407

Other origin states:
1. arizona
   - Avg past 21-day population composition: S=8514466, E=13348, I=877, Q=18702, R=13892, D=2094
   - Avg past 21-day inflow: arizona=12691405, mississippi=2826, new mexico=43851, texas=67532, virginia=5130

2. mississippi
   - Avg past 21-day population composition: S=2157022, E=28053, I=13396, Q=7760, R=22680, D=913
   - Avg past 21-day inflow: arizona=3365, mississippi=6521022, new mexico=1211, texas=30984, virginia=4450

3. new mexico
   - Avg past 21-day population composition: S=4690494, E=1410, I=335, Q=3553, R=11340, D=102
   - Avg past 21-day inflow: arizona=43434, mississippi=1508, new mexico=3781302, texas=193648, virginia=1126

4. texas
   - Avg past 21-day population composition: S=25426333, E=4241, I=6961, Q=38411, R=112425, D=2959
   - Avg past 21-day inflow: arizona=57858, mississippi=66136, new mexico=144830, texas=57497200, virginia=30149


 Ground truth daily average for next 42-day inbound by origin states; 
From arizona: Inflow =5903.43;
From mississippi: Inflow =5214.74;
From new mexico: Inflow =2338.57;
From texas: Inflow =26605.43;

Please output the recommended traffic control policy in the required JSON format.
2025-12-21 21:04:38,773 - virginia - INFO - Raw agent output:
```json
{
  "arizona": {
    "fractions": [0.1, 0.1, 0.1, 0.2, 0.2, 0.3],
    "notes": "1. Risk Interpretation: Arizona has a relatively low number of infected individuals (I=877) and a moderate number of exposed (E=13348). 2. Quantitative Logic: Imported infections are estimated as ~ Flow*ft*(I/population). 3. Traffic Allocation Pattern: Relaxed-first, to gradually increase mobility as the epidemic stabilizes. 4. Trade-offs: Strict initial control to prevent a surge, followed by relaxation to support economic recovery. 5. Validation: 0.1 + 0.1 + 0.1 + 0.2 + 0.2 + 0.3 = 1.0."
  },
  "mississippi": {
    "fractions": [0.2, 0.2, 0.2, 0.15, 0.15, 0.1],
    "notes": "1. Risk Interpretation: Mississippi has a higher number of infected (I=13396) and exposed (E=28053) individuals, indicating a more significant risk. 2. Quantitative Logic: Imported infections are estimated as ~ Flow*ft*(I/population). 3. Traffic Allocation Pattern: Strict-first, to reduce the immediate risk of importation. 4. Trade-offs: Initial strict control to mitigate the high infection rate, followed by gradual relaxation. 5. Validation: 0.2 + 0.2 + 0.2 + 0.15 + 0.15 + 0.1 = 1.0."
  },
  "new mexico": {
    "fractions": [0.15, 0.15, 0.15, 0.2, 0.2, 0.15],
    "notes": "1. Risk Interpretation: New Mexico has a low number of infected (I=335) and exposed (E=1410) individuals, posing a lower risk. 2. Quantitative Logic: Imported infections are estimated as ~ Flow*ft*(I/population). 3. Traffic Allocation Pattern: Even distribution, to maintain a balanced approach. 4. Trade-offs: Balanced control to ensure steady economic activity while minimizing risk. 5. Validation: 0.15 + 0.15 + 0.15 + 0.2 + 0.2 + 0.15 = 1.0."
  },
  "texas": {
    "fractions": [0.1, 0.1, 0.2, 0.2, 0.2, 0.2],
    "notes": "1. Risk Interpretation: Texas has a moderate number of infected (I=6961) and exposed (E=4241) individuals, with a larger population. 2. Quantitative Logic: Imported infections are estimated as ~ Flow*ft*(I/population). 3. Traffic Allocation Pattern: Even distribution, to manage the large volume of traffic consistently. 4. Trade-offs: Balanced control to manage the high volume of traffic while minimizing the risk of importation. 5. Validation: 0.1 + 0.1 + 0.2 + 0.2 + 0.2 + 0.2 = 1.0."
  },
  "global_guidance": "1. Cross-state Reasoning: By implementing a combination of strict-first and relaxed-first patterns, we aim to reduce the immediate risk of importation from high-risk states like Mississippi while gradually increasing mobility from lower-risk states like Arizona and New Mexico. 2. Quantitative Cooperation Logic: The even distribution for Texas ensures consistent management of the large volume of traffic, while the strict-first pattern for Mississippi helps in reducing the peak importation risk. 3. Sensitivity Reasoning: If the prevalence or transmission rate (beta) increases, stricter controls in the initial weeks will be crucial to prevent a surge in cases. Conversely, if the prevalence decreases, a more relaxed approach can be adopted to support economic recovery."
}
```
2025-12-21 21:04:38,773 - virginia - INFO - Parsed PolicyResponse: policy={'arizona': [0.1, 0.1, 0.1, 0.2, 0.2, 0.3], 'mississippi': [0.19999999999999996, 0.19999999999999996, 0.19999999999999996, 0.14999999999999997, 0.14999999999999997, 0.10000000000000031], 'new mexico': [0.15000000000000002, 0.15000000000000002, 0.15000000000000002, 0.20000000000000004, 0.20000000000000004, 0.1499999999999998], 'texas': [0.1, 0.1, 0.2, 0.2, 0.2, 0.2]} explanation='1. Cross-state Reasoning: By implementing a combination of strict-first and relaxed-first patterns, we aim to reduce the immediate risk of importation from high-risk states like Mississippi while gradually increasing mobility from lower-risk states like Arizona and New Mexico. 2. Quantitative Cooperation Logic: The even distribution for Texas ensures consistent management of the large volume of traffic, while the strict-first pattern for Mississippi helps in reducing the peak importation risk. 3. Sensitivity Reasoning: If the prevalence or transmission rate (beta) increases, stricter controls in the initial weeks will be crucial to prevent a surge in cases. Conversely, if the prevalence decreases, a more relaxed approach can be adopted to support economic recovery.'
2025-12-21 21:06:42,930 - virginia - INFO - Region Agent virginia - Iteration 4 / 6: Starting policy decision process.
2025-12-21 21:06:42,930 - virginia - INFO - Region user prompt: For virginia, you will be given the following information:

Epidemic and mobility information of this state are as follows:

SEIRD parameters:
- beta = 0.1916503060909957
- alpha = 0.1636446530789299
- gamma = 0.09065305
- mu = 4.885756195017515e-05
- delta = 0.68254039242497

Current population composition:
- S = 8439572
- E = 37574
- I = 8870
- Q = 55891
- R = 242960
- D = 2729

Other origin states:
1. arizona
   - Avg past 21-day population composition: S=9367214, E=29489, I=1940, Q=40238, R=41977, D=3884
   - Avg past 21-day inflow: arizona=12204458, mississippi=3375, new mexico=20764, texas=38224, virginia=5975

2. mississippi
   - Avg past 21-day population composition: S=1216023, E=43069, I=21014, Q=13774, R=62741, D=2135
   - Avg past 21-day inflow: arizona=2338, mississippi=6404182, new mexico=1445, texas=33169, virginia=4680

3. new mexico
   - Avg past 21-day population composition: S=5680912, E=3106, I=701, Q=8003, R=26434, D=197
   - Avg past 21-day inflow: arizona=34859, mississippi=1137, new mexico=3591304, texas=113711, virginia=1881

4. texas
   - Avg past 21-day population composition: S=24159713, E=8991, I=14987, Q=81788, R=349839, D=6807
   - Avg past 21-day inflow: arizona=55736, mississippi=55699, new mexico=118587, texas=56021642, virginia=22931


 Ground truth daily average for next 42-day inbound by origin states; 
From arizona: Inflow =6165.52;
From mississippi: Inflow =4653.07;
From new mexico: Inflow =2203.43;
From texas: Inflow =26190.67;

Please output the recommended traffic control policy in the required JSON format.
2025-12-21 21:07:35,028 - virginia - INFO - Raw agent output:
```json
{
  "arizona": {
    "fractions": [0.1, 0.1, 0.1, 0.2, 0.2, 0.3],
    "notes": "1. Risk Interpretation: Arizona has a relatively low number of infected (I=1940) and exposed (E=29489) individuals compared to its population. 2. Quantitative Logic: Imported infections ~ Flow*ft*(I/population). 3. Traffic Allocation Pattern: Strict-first to minimize early exposure, then gradually relax. 4. Trade-offs: Early strict control reduces initial spread but allows more mobility later. 5. Validation: 0.1 + 0.1 + 0.1 + 0.2 + 0.2 + 0.3 = 1.0."
  },
  "mississippi": {
    "fractions": [0.3, 0.2, 0.2, 0.1, 0.1, 0.1],
    "notes": "1. Risk Interpretation: Mississippi has a higher number of infected (I=21014) and exposed (E=43069) individuals. 2. Quantitative Logic: Imported infections ~ Flow*ft*(I/population). 3. Traffic Allocation Pattern: Relaxed-first to manage economic impact, then tighten. 4. Trade-offs: Early relaxation increases initial exposure but helps maintain economic activity. 5. Validation: 0.3 + 0.2 + 0.2 + 0.1 + 0.1 + 0.1 = 1.0."
  },
  "new mexico": {
    "fractions": [0.2, 0.2, 0.2, 0.2, 0.1, 0.1],
    "notes": "1. Risk Interpretation: New Mexico has a low number of infected (I=701) and exposed (E=3106) individuals. 2. Quantitative Logic: Imported infections ~ Flow*ft*(I/population). 3. Traffic Allocation Pattern: Even distribution to balance control and mobility. 4. Trade-offs: Balanced approach minimizes both economic disruption and disease spread. 5. Validation: 0.2 + 0.2 + 0.2 + 0.2 + 0.1 + 0.1 = 1.0."
  },
  "texas": {
    "fractions": [0.1, 0.1, 0.2, 0.2, 0.2, 0.2],
    "notes": "1. Risk Interpretation: Texas has a moderate number of infected (I=14987) and exposed (E=8991) individuals. 2. Quantitative Logic: Imported infections ~ Flow*ft*(I/population). 3. Traffic Allocation Pattern: Gradual increase to monitor and control spread. 4. Trade-offs: Gradual increase balances economic needs with health risks. 5. Validation: 0.1 + 0.1 + 0.2 + 0.2 + 0.2 + 0.2 = 1.0."
  },
  "global_guidance": "1. Cross-state Reasoning: By allocating stricter controls early for states with higher infection rates (Mississippi and Texas) and relaxing controls later for states with lower infection rates (Arizona and New Mexico), we can collectively reduce the expected imported infections and deaths. 2. Quantitative Cooperation Logic: The traffic allocation patterns ensure that the highest risk states are controlled early, while lower risk states are managed more leniently, balancing the overall risk. 3. Sensitivity Reasoning: If prevalence or transmission rate (beta) changes, the traffic control policies should be adjusted accordingly, with stricter controls applied to higher-risk states and more relaxed controls to lower-risk states."
}
```
2025-12-21 21:07:35,028 - virginia - INFO - Parsed PolicyResponse: policy={'arizona': [0.1, 0.1, 0.1, 0.2, 0.2, 0.3], 'mississippi': [0.30000000000000004, 0.20000000000000004, 0.20000000000000004, 0.10000000000000002, 0.10000000000000002, 0.0999999999999998], 'new mexico': [0.2, 0.2, 0.2, 0.2, 0.1, 0.1], 'texas': [0.1, 0.1, 0.2, 0.2, 0.2, 0.2]} explanation='1. Cross-state Reasoning: By allocating stricter controls early for states with higher infection rates (Mississippi and Texas) and relaxing controls later for states with lower infection rates (Arizona and New Mexico), we can collectively reduce the expected imported infections and deaths. 2. Quantitative Cooperation Logic: The traffic allocation patterns ensure that the highest risk states are controlled early, while lower risk states are managed more leniently, balancing the overall risk. 3. Sensitivity Reasoning: If prevalence or transmission rate (beta) changes, the traffic control policies should be adjusted accordingly, with stricter controls applied to higher-risk states and more relaxed controls to lower-risk states.'
2025-12-21 21:09:50,311 - virginia - INFO - Region Agent virginia - Iteration 5 / 6: Starting policy decision process.
2025-12-21 21:09:50,311 - virginia - INFO - Region user prompt: For virginia, you will be given the following information:

Epidemic and mobility information of this state are as follows:

SEIRD parameters:
- beta = 0.1916503060909957
- alpha = 0.1636446530789299
- gamma = 0.09065305
- mu = 1.4151452970096705e-06
- delta = 0.68254039242497

Current population composition:
- S = 8146539
- E = 71349
- I = 16842
- Q = 110190
- R = 552467
- D = 2766

Other origin states:
1. arizona
   - Avg past 21-day population composition: S=9154442, E=61444, I=3973, Q=86371, R=104975, D=5145
   - Avg past 21-day inflow: arizona=12775936, mississippi=2000, new mexico=28157, texas=50409, virginia=4897

2. mississippi
   - Avg past 21-day population composition: S=706037, E=41005, I=18518, Q=13845, R=115912, D=3414
   - Avg past 21-day inflow: arizona=2572, mississippi=6474992, new mexico=787, texas=24300, virginia=2939

3. new mexico
   - Avg past 21-day population composition: S=6686831, E=6286, I=1418, Q=15825, R=56946, D=384
   - Avg past 21-day inflow: arizona=39259, mississippi=942, new mexico=3611569, texas=162523, virginia=1715

4. texas
   - Avg past 21-day population composition: S=22986179, E=12942, I=21390, Q=121177, R=782091, D=12188
   - Avg past 21-day inflow: arizona=52890, mississippi=50909, new mexico=120189, texas=57587273, virginia=31681


 Ground truth daily average for next 42-day inbound by origin states; 
From arizona: Inflow =6253.24;
From mississippi: Inflow =4430.95;
From new mexico: Inflow =1976.9;
From texas: Inflow =24773.95;

Please output the recommended traffic control policy in the required JSON format.
2025-12-21 21:10:27,839 - virginia - INFO - Raw agent output:
```json
{
  "arizona": {
      "fractions": [0.1, 0.1, 0.2, 0.2, 0.2, 0.2],
      "notes": "1. Risk Interpretation: Arizona has a moderate number of infected individuals (I=3973) and a relatively low death rate (D=5145). 2. Quantitative Logic: Imported infections can be estimated as Flow*ft*(I/population) = 6253.24*ft*(3973/9154442). 3. Traffic Allocation Pattern: Even distribution to balance the risk over the 6 weeks. 4. Trade-offs: This pattern maintains a steady flow, balancing economic activity and health risks. 5. Validation: 0.1 + 0.1 + 0.2 + 0.2 + 0.2 + 0.2 = 1.0."
  },
  "mississippi": {
      "fractions": [0.2, 0.2, 0.1, 0.1, 0.2, 0.2],
      "notes": "1. Risk Interpretation: Mississippi has a higher proportion of infected individuals (I=18518) and a higher death rate (D=3414). 2. Quantitative Logic: Imported infections can be estimated as Flow*ft*(I/population) = 4430.95*ft*(18518/706037). 3. Traffic Allocation Pattern: Relaxed first, then strict, followed by relaxed again to manage the initial surge and then relax as the situation stabilizes. 4. Trade-offs: Early relaxation allows for economic activity, while later strictness helps control potential surges. 5. Validation: 0.2 + 0.2 + 0.1 + 0.1 + 0.2 + 0.2 = 1.0."
  },
  "new mexico": {
      "fractions": [0.1, 0.1, 0.2, 0.2, 0.2, 0.2],
      "notes": "1. Risk Interpretation: New Mexico has a low number of infected individuals (I=1418) and a very low death rate (D=384). 2. Quantitative Logic: Imported infections can be estimated as Flow*ft*(I/population) = 1976.9*ft*(1418/6686831). 3. Traffic Allocation Pattern: Even distribution to maintain a balanced approach. 4. Trade-offs: This pattern ensures steady economic activity with minimal health risk. 5. Validation: 0.1 + 0.1 + 0.2 + 0.2 + 0.2 + 0.2 = 1.0."
  },
  "texas": {
      "fractions": [0.1, 0.1, 0.2, 0.2, 0.2, 0.2],
      "notes": "1. Risk Interpretation: Texas has a high number of infected individuals (I=21390) and a moderate death rate (D=12188). 2. Quantitative Logic: Imported infections can be estimated as Flow*ft*(I/population) = 24773.95*ft*(21390/22986179). 3. Traffic Allocation Pattern: Even distribution to manage the high volume of traffic and spread the risk evenly. 4. Trade-offs: This pattern balances the need for economic activity with the risk of importing infections. 5. Validation: 0.1 + 0.1 + 0.2 + 0.2 + 0.2 + 0.2 = 1.0."
  },
  "global_guidance": "1. Cross-state Reasoning: By distributing the traffic evenly over the 6 weeks, we ensure that the influx of infections is managed without overwhelming the healthcare system. 2. Quantitative Cooperation Logic: The even distribution pattern helps in balancing the risk of imported infections across all states, reducing the cumulative confirmed and deceased cases in Virginia. 3. Sensitivity Reasoning: If the prevalence or transmission rate (beta) increases, the even distribution strategy will help in spreading the impact over time, allowing for better resource management and response. Conversely, if the prevalence decreases, the even distribution will allow for a gradual return to normalcy without sudden spikes in infections."
}
```
2025-12-21 21:10:27,839 - virginia - INFO - Parsed PolicyResponse: policy={'arizona': [0.1, 0.1, 0.2, 0.2, 0.2, 0.2], 'mississippi': [0.2, 0.2, 0.1, 0.1, 0.2, 0.2], 'new mexico': [0.1, 0.1, 0.2, 0.2, 0.2, 0.2], 'texas': [0.1, 0.1, 0.2, 0.2, 0.2, 0.2]} explanation='1. Cross-state Reasoning: By distributing the traffic evenly over the 6 weeks, we ensure that the influx of infections is managed without overwhelming the healthcare system. 2. Quantitative Cooperation Logic: The even distribution pattern helps in balancing the risk of imported infections across all states, reducing the cumulative confirmed and deceased cases in Virginia. 3. Sensitivity Reasoning: If the prevalence or transmission rate (beta) increases, the even distribution strategy will help in spreading the impact over time, allowing for better resource management and response. Conversely, if the prevalence decreases, the even distribution will allow for a gradual return to normalcy without sudden spikes in infections.'
2025-12-21 21:12:20,434 - virginia - INFO - Region Agent virginia - Iteration 6 / 6: Starting policy decision process.
2025-12-21 21:12:20,434 - virginia - INFO - Region user prompt: For virginia, you will be given the following information:

Epidemic and mobility information of this state are as follows:

SEIRD parameters:
- beta = 0.1916503060909957
- alpha = 0.1636446530789299
- gamma = 0.09065305
- mu = 1.4771661264081724e-08
- delta = 0.68254039242497

Current population composition:
- S = 7672598
- E = 114686
- I = 27482
- Q = 185267
- R = 1107264
- D = 2766

Other origin states:
1. arizona
   - Avg past 21-day population composition: S=8564845, E=120544, I=7822, Q=174049, R=236209, D=5634
   - Avg past 21-day inflow: arizona=13314477, mississippi=2547, new mexico=32612, texas=49244, virginia=5021

2. mississippi
   - Avg past 21-day population composition: S=390394, E=80776, I=32928, Q=20984, R=174678, D=4401
   - Avg past 21-day inflow: arizona=2856, mississippi=6631471, new mexico=1060, texas=23795, virginia=2848

3. new mexico
   - Avg past 21-day population composition: S=8139329, E=13490, I=3036, Q=32844, R=117439, D=751
   - Avg past 21-day inflow: arizona=37999, mississippi=1147, new mexico=3541362, texas=171454, virginia=1740

4. texas
   - Avg past 21-day population composition: S=21064513, E=20888, I=35140, Q=195944, R=1426061, D=18008
   - Avg past 21-day inflow: arizona=52620, mississippi=37509, new mexico=81567, texas=59397204, virginia=24897


 Ground truth daily average for next 42-day inbound by origin states; 
From arizona: Inflow =6722.12;
From mississippi: Inflow =4244.62;
From new mexico: Inflow =1656.12;
From texas: Inflow =27201.14;

Please output the recommended traffic control policy in the required JSON format.
2025-12-21 21:12:49,701 - virginia - INFO - Raw agent output:
```json
{
  "arizona": {
    "fractions": [0.1, 0.1, 0.1, 0.2, 0.2, 0.3],
    "notes": "1. Risk Interpretation: Arizona has a moderate number of infected individuals (I=7822) and a relatively high number of exposed (E=120544). 2. Quantitative Logic: Imported infections ~ Flow*ft*(I/population). 3. Traffic Allocation Pattern: Relaxed-first. The pattern starts with strict control to reduce initial exposure, then gradually relaxes as the infection pressure decreases. 4. Trade-offs: Strict control initially reduces the risk of importing infections but may impact economic activities. 5. Validation: 0.1 + 0.1 + 0.1 + 0.2 + 0.2 + 0.3 = 1.0."
  },
  "mississippi": {
    "fractions": [0.3, 0.2, 0.1, 0.1, 0.1, 0.2],
    "notes": "1. Risk Interpretation: Mississippi has a high number of infected individuals (I=32928) and a significant number of exposed (E=80776). 2. Quantitative Logic: Imported infections ~ Flow*ft*(I/population). 3. Traffic Allocation Pattern: Strict-first. The pattern starts with very strict control to minimize the import of infections, then gradually relaxes. 4. Trade-offs: Strict control is necessary to prevent a surge in cases, but it may have economic impacts. 5. Validation: 0.3 + 0.2 + 0.1 + 0.1 + 0.1 + 0.2 = 1.0."
  },
  "new mexico": {
    "fractions": [0.2, 0.2, 0.2, 0.1, 0.1, 0.2],
    "notes": "1. Risk Interpretation: New Mexico has a low number of infected individuals (I=3036) and a moderate number of exposed (E=13490). 2. Quantitative Logic: Imported infections ~ Flow*ft*(I/population). 3. Traffic Allocation Pattern: Even. The pattern maintains a balanced approach to control traffic without significant fluctuations. 4. Trade-offs: Balanced control helps manage the risk of importing infections while maintaining economic stability. 5. Validation: 0.2 + 0.2 + 0.2 + 0.1 + 0.1 + 0.2 = 1.0."
  },
  "texas": {
    "fractions": [0.1, 0.1, 0.1, 0.2, 0.2, 0.3],
    "notes": "1. Risk Interpretation: Texas has a high number of infected individuals (I=35140) and a moderate number of exposed (E=20888). 2. Quantitative Logic: Imported infections ~ Flow*ft*(I/population). 3. Traffic Allocation Pattern: Relaxed-first. The pattern starts with strict control to reduce initial exposure, then gradually relaxes as the infection pressure decreases. 4. Trade-offs: Strict control initially reduces the risk of importing infections but may impact economic activities. 5. Validation: 0.1 + 0.1 + 0.1 + 0.2 + 0.2 + 0.3 = 1.0."
  },
  "global_guidance": "1. Cross-state Reasoning: By implementing strict-first patterns for Mississippi and Texas, and relaxed-first patterns for Arizona and New Mexico, we can effectively reduce the initial influx of infections while allowing gradual relaxation as the situation stabilizes. 2. Quantitative Cooperation Logic: The traffic allocation balances the risk of importing infections across weeks and states, ensuring that the overall impact on Virginia's SEIRD parameters is minimized. 3. Sensitivity Reasoning: If the prevalence or transmission rate (beta) increases, the strict-first patterns will need to be extended to later weeks to maintain control over the epidemic. Conversely, if the prevalence decreases, the relaxed-first patterns can be implemented earlier to support economic recovery."
}
```
2025-12-21 21:12:49,717 - virginia - INFO - Parsed PolicyResponse: policy={'arizona': [0.1, 0.1, 0.1, 0.2, 0.2, 0.3], 'mississippi': [0.3, 0.2, 0.1, 0.1, 0.1, 0.2], 'new mexico': [0.2, 0.2, 0.2, 0.1, 0.1, 0.2], 'texas': [0.1, 0.1, 0.1, 0.2, 0.2, 0.3]} explanation="1. Cross-state Reasoning: By implementing strict-first patterns for Mississippi and Texas, and relaxed-first patterns for Arizona and New Mexico, we can effectively reduce the initial influx of infections while allowing gradual relaxation as the situation stabilizes. 2. Quantitative Cooperation Logic: The traffic allocation balances the risk of importing infections across weeks and states, ensuring that the overall impact on Virginia's SEIRD parameters is minimized. 3. Sensitivity Reasoning: If the prevalence or transmission rate (beta) increases, the strict-first patterns will need to be extended to later weeks to maintain control over the epidemic. Conversely, if the prevalence decreases, the relaxed-first patterns can be implemented earlier to support economic recovery."
