2025-12-25 10:46:15,966 - mississippi - INFO - Region Agent mississippi - Iteration 1 / 18: Starting policy decision process.
2025-12-25 10:46:15,967 - mississippi - INFO - Region user prompt: For mississippi, you will be given the following information:

Epidemic and mobility information of this state are as follows:

SEIRD parameters:
- beta = 0.1777045562951643
- alpha = 0.0557887604960571
- gamma = 0.1
- mu = 0.0
- delta = 0.0671164839606214

Current population composition:
- S = 2970629
- E = 906
- I = 1753
- Q = 2463
- R = 301
- D = 97

Other origin states:
1. arizona
   - Avg past 21-day population composition: S=7272180, E=1952, I=962, Q=3319, R=186, D=118
   - Avg past 21-day inflow: arizona=9717467, mississippi=1551, new mexico=19529, texas=27907, virginia=3665

2. new mexico
   - Avg past 21-day population composition: S=2093484, E=816, I=1276, Q=959, R=265, D=29
   - Avg past 21-day inflow: arizona=14511, mississippi=1425, new mexico=2776969, texas=84217, virginia=1004

3. texas
   - Avg past 21-day population composition: S=28984537, E=927, I=327, Q=7619, R=2141, D=330
   - Avg past 21-day inflow: arizona=22661, mississippi=24412, new mexico=47170, texas=39820832, virginia=11782

4. virginia
   - Avg past 21-day population composition: S=8524995, E=1825, I=3189, Q=4825, R=540, D=145
   - Avg past 21-day inflow: arizona=3171, mississippi=2260, new mexico=1385, texas=13780, virginia=11423959

Please output the recommended traffic control policy in the required JSON format.
2025-12-25 10:46:21,275 - mississippi - INFO - Raw agent output:
```json
{
  "weekly_policy": {
      "restricted_state": "texas"
  },
  "global_guidance": "Based on the current population composition and the mobility data, Texas presents the highest risk due to its higher average daily inbound flow into Mississippi compared to Arizona, New Mexico, and Virginia. The 'Infectious Density' (E+I)/Population ratio in Texas is also notably higher, indicating a significant number of exposed and infected individuals. Implementing a Targeted Inbound Screening policy from Texas would capture approximately 90% of these hidden infections, effectively reducing their impact on Mississippi's population. While Arizona and Virginia also have higher ratios, Texas's larger flow makes it a more critical source to monitor and control. This policy aims to minimize the introduction of new cases into Mississippi, thereby protecting the state's current low levels of confirmed cases and deaths."
}
```
2025-12-25 10:46:21,276 - mississippi - INFO - Parsed PolicyResponse: policy={'texas': [0.5, 0.5]} explanation="Based on the current population composition and the mobility data, Texas presents the highest risk due to its higher average daily inbound flow into Mississippi compared to Arizona, New Mexico, and Virginia. The 'Infectious Density' (E+I)/Population ratio in Texas is also notably higher, indicating a significant number of exposed and infected individuals. Implementing a Targeted Inbound Screening policy from Texas would capture approximately 90percent of these hidden infections, effectively reducing their impact on Mississippi's population. While Arizona and Virginia also have higher ratios, Texas's larger flow makes it a more critical source to monitor and control. This policy aims to minimize the introduction of new cases into Mississippi, thereby protecting the state's current low levels of confirmed cases and deaths."
2025-12-25 10:46:40,048 - mississippi - INFO - Region Agent mississippi - Iteration 2 / 18: Starting policy decision process.
2025-12-25 10:46:40,049 - mississippi - INFO - Region user prompt: For mississippi, you will be given the following information:

Epidemic and mobility information of this state are as follows:

SEIRD parameters:
- beta = 0.1777045562951643
- alpha = 0.0557887604960571
- gamma = 0.090291905
- mu = 0.0035001206694907656
- delta = 0.0671164839606214

Current population composition:
- S = 2873601
- E = 4801
- I = 2178
- Q = 1618
- R = 2693
- D = 195

Other origin states:
1. arizona
   - Avg past 21-day population composition: S=7365719, E=2859, I=184, Q=4823, R=518, D=202
   - Avg past 21-day inflow: arizona=11371640, mississippi=1616, new mexico=25816, texas=33181, virginia=3902

2. new mexico
   - Avg past 21-day population composition: S=2396032, E=702, I=146, Q=2116, R=1197, D=35
   - Avg past 21-day inflow: arizona=18891, mississippi=1902, new mexico=3323857, texas=117318, virginia=1118

3. texas
   - Avg past 21-day population composition: S=28614340, E=787, I=1223, Q=9251, R=5192, D=446
   - Avg past 21-day inflow: arizona=27201, mississippi=31103, new mexico=69252, texas=48379264, virginia=15325

4. virginia
   - Avg past 21-day population composition: S=8525938, E=4056, I=987, Q=6791, R=4748, D=358
   - Avg past 21-day inflow: arizona=3345, mississippi=3005, new mexico=1552, texas=16423, virginia=13217229

Please output the recommended traffic control policy in the required JSON format.
2025-12-25 10:46:45,086 - mississippi - INFO - Raw agent output:
```json
{
  "weekly_policy": {
      "restricted_state": "texas"
  },
  "global_guidance": "Based on the current population composition and the SEIRD parameters, Texas presents a higher risk profile with a significant number of exposed (E) and infected (I) individuals. Implementing a Targeted Inbound Screening policy for travelers from Texas would reduce the 'hidden' infectious population entering Mississippi, thereby minimizing the risk of disease spread. While Arizona and Virginia also have notable numbers of exposed and infected individuals, Texas's average daily inbound flow into Mississippi is the highest, making it the primary source of concern. This policy does not compete with other states' efforts but rather fills a critical gap in Mississippi's regional defense strategy."
}
```
2025-12-25 10:46:45,087 - mississippi - INFO - Parsed PolicyResponse: policy={'texas': [0.5, 0.5]} explanation="Based on the current population composition and the SEIRD parameters, Texas presents a higher risk profile with a significant number of exposed (E) and infected (I) individuals. Implementing a Targeted Inbound Screening policy for travelers from Texas would reduce the 'hidden' infectious population entering Mississippi, thereby minimizing the risk of disease spread. While Arizona and Virginia also have notable numbers of exposed and infected individuals, Texas's average daily inbound flow into Mississippi is the highest, making it the primary source of concern. This policy does not compete with other states' efforts but rather fills a critical gap in Mississippi's regional defense strategy."
2025-12-25 10:47:16,661 - mississippi - INFO - Region Agent mississippi - Iteration 3 / 18: Starting policy decision process.
2025-12-25 10:47:16,662 - mississippi - INFO - Region user prompt: For mississippi, you will be given the following information:

Epidemic and mobility information of this state are as follows:

SEIRD parameters:
- beta = 0.1777045562951643
- alpha = 0.0557887604960571
- gamma = 0.090291905
- mu = 0.0034500205415555043
- delta = 0.0671164839606214

Current population composition:
- S = 2777039
- E = 8063
- I = 3795
- Q = 2044
- R = 4885
- D = 281

Other origin states:
1. arizona
   - Avg past 21-day population composition: S=7519919, E=4006, I=253, Q=6086, R=1229, D=360
   - Avg past 21-day inflow: arizona=11633875, mississippi=1614, new mexico=28282, texas=35167, virginia=3673

2. new mexico
   - Avg past 21-day population composition: S=2829360, E=645, I=130, Q=2018, R=2564, D=46
   - Avg past 21-day inflow: arizona=19789, mississippi=1821, new mexico=3427556, texas=124957, virginia=1199

3. texas
   - Avg past 21-day population composition: S=28080742, E=1074, I=1671, Q=12365, R=11505, D=658
   - Avg past 21-day inflow: arizona=28967, mississippi=32701, new mexico=75115, texas=51352865, virginia=15964

4. virginia
   - Avg past 21-day population composition: S=8518256, E=5227, I=1218, Q=7586, R=11549, D=670
   - Avg past 21-day inflow: arizona=3556, mississippi=2877, new mexico=1594, texas=16543, virginia=13637675

Please output the recommended traffic control policy in the required JSON format.
2025-12-25 10:47:24,171 - mississippi - INFO - Raw agent output:
```json
{
  "weekly_policy": {
      "restricted_state": "texas"
  },
  "global_guidance": "Based on the current population composition and the past 21-day average daily inbound flow, Texas presents the highest risk profile with a significant number of exposed (E) and infected (I) individuals. Implementing a targeted inbound screening policy from Texas would reduce the 'hidden' infectious population entering Mississippi, thereby minimizing the cumulative confirmed cases and deaths. While Arizona and Virginia also have notable numbers of E and I individuals, Texas's higher average daily inbound flow makes it a more critical source to monitor. New Mexico, although having a lower flow, still needs to be considered but is less of a priority compared to Texas."
}
```
2025-12-25 10:47:24,172 - mississippi - INFO - Parsed PolicyResponse: policy={'texas': [0.5, 0.5]} explanation="Based on the current population composition and the past 21-day average daily inbound flow, Texas presents the highest risk profile with a significant number of exposed (E) and infected (I) individuals. Implementing a targeted inbound screening policy from Texas would reduce the 'hidden' infectious population entering Mississippi, thereby minimizing the cumulative confirmed cases and deaths. While Arizona and Virginia also have notable numbers of E and I individuals, Texas's higher average daily inbound flow makes it a more critical source to monitor. New Mexico, although having a lower flow, still needs to be considered but is less of a priority compared to Texas."
2025-12-25 10:47:44,472 - mississippi - INFO - Region Agent mississippi - Iteration 4 / 18: Starting policy decision process.
2025-12-25 10:47:44,472 - mississippi - INFO - Region user prompt: For mississippi, you will be given the following information:

Epidemic and mobility information of this state are as follows:

SEIRD parameters:
- beta = 0.1777045562951643
- alpha = 0.0557887604960571
- gamma = 0.090291905
- mu = 0.003366272675632136
- delta = 0.0671164839606214

Current population composition:
- S = 2613475
- E = 12509
- I = 5943
- Q = 3204
- R = 8088
- D = 401

Other origin states:
1. arizona
   - Avg past 21-day population composition: S=7722755, E=5663, I=360, Q=8204, R=2724, D=648
   - Avg past 21-day inflow: arizona=12334093, mississippi=1920, new mexico=30253, texas=41317, virginia=3797

2. new mexico
   - Avg past 21-day population composition: S=3426642, E=665, I=135, Q=1941, R=4303, D=60
   - Avg past 21-day inflow: arizona=23793, mississippi=1984, new mexico=3538501, texas=136934, virginia=1155

3. texas
   - Avg past 21-day population composition: S=27330510, E=1382, I=2161, Q=16283, R=24061, D=1023
   - Avg past 21-day inflow: arizona=33250, mississippi=38622, new mexico=84392, texas=54356274, virginia=17393

4. virginia
   - Avg past 21-day population composition: S=8530490, E=6663, I=1560, Q=9560, R=22265, D=1098
   - Avg past 21-day inflow: arizona=4434, mississippi=3671, new mexico=1716, texas=19791, virginia=14133151

Please output the recommended traffic control policy in the required JSON format.
2025-12-25 10:47:48,779 - mississippi - INFO - Raw agent output:
```json
{
  "weekly_policy": {
      "restricted_state": "texas"
  },
  "global_guidance": "Based on the current population composition and the inflow data, Texas presents the highest risk due to its higher number of exposed (E) and infected (I) individuals compared to Arizona, New Mexico, and Virginia. Implementing a targeted inbound screening policy from Texas would significantly reduce the number of hidden infections entering Mississippi, thereby minimizing the cumulative confirmed cases and deaths. This approach also helps in coordinating regional health measures without overburdening other states that might have lower infectious densities."
}
```
2025-12-25 10:47:48,780 - mississippi - INFO - Parsed PolicyResponse: policy={'texas': [0.5, 0.5]} explanation='Based on the current population composition and the inflow data, Texas presents the highest risk due to its higher number of exposed (E) and infected (I) individuals compared to Arizona, New Mexico, and Virginia. Implementing a targeted inbound screening policy from Texas would significantly reduce the number of hidden infections entering Mississippi, thereby minimizing the cumulative confirmed cases and deaths. This approach also helps in coordinating regional health measures without overburdening other states that might have lower infectious densities.'
2025-12-25 10:48:09,796 - mississippi - INFO - Region Agent mississippi - Iteration 5 / 18: Starting policy decision process.
2025-12-25 10:48:09,796 - mississippi - INFO - Region user prompt: For mississippi, you will be given the following information:

Epidemic and mobility information of this state are as follows:

SEIRD parameters:
- beta = 0.1777045562951643
- alpha = 0.0557887604960571
- gamma = 0.090291905
- mu = 0.00325136592763443
- delta = 0.0671164839606214

Current population composition:
- S = 2444431
- E = 18368
- I = 8732
- Q = 4826
- R = 13027
- D = 581

Other origin states:
1. arizona
   - Avg past 21-day population composition: S=7917312, E=7569, I=484, Q=10801, R=5117, D=1032
   - Avg past 21-day inflow: arizona=12544263, mississippi=2480, new mexico=36541, texas=52438, virginia=4525

2. new mexico
   - Avg past 21-day population composition: S=4137401, E=761, I=157, Q=2038, R=6041, D=74
   - Avg past 21-day inflow: arizona=30727, mississippi=2180, new mexico=3593103, texas=158164, virginia=1190

3. texas
   - Avg past 21-day population composition: S=26456322, E=1881, I=2982, Q=19913, R=41902, D=1472
   - Avg past 21-day inflow: arizona=42323, mississippi=47996, new mexico=101339, texas=56028179, virginia=21124

4. virginia
   - Avg past 21-day population composition: S=8600798, E=8518, I=1997, Q=12256, R=35906, D=1522
   - Avg past 21-day inflow: arizona=5988, mississippi=4364, new mexico=2080, texas=25397, virginia=14398916

Please output the recommended traffic control policy in the required JSON format.
2025-12-25 10:48:16,025 - mississippi - INFO - Raw agent output:
```json
{
  "weekly_policy": {
      "restricted_state": "texas"
  },
  "global_guidance": "Based on the current population composition and the past 21-day average daily inbound flows, Texas presents the highest risk profile with a significant number of exposed (E) and infected (I) individuals. Implementing a targeted inbound screening policy from Texas would capture approximately 90% of these hidden infections, thereby reducing the potential for disease spread into Mississippi. While Arizona and Virginia also have notable numbers of E and I individuals, Texas's higher average daily inbound flow makes it a more critical source to monitor. New Mexico, although having a lower flow rate, still needs to be considered but is less of a priority compared to Texas. This policy aims to minimize the cumulative confirmed cases and deaths in Mississippi by addressing the primary source of infection."
}
```
2025-12-25 10:48:16,026 - mississippi - INFO - Parsed PolicyResponse: policy={'texas': [0.5, 0.5]} explanation="Based on the current population composition and the past 21-day average daily inbound flows, Texas presents the highest risk profile with a significant number of exposed (E) and infected (I) individuals. Implementing a targeted inbound screening policy from Texas would capture approximately 90percent of these hidden infections, thereby reducing the potential for disease spread into Mississippi. While Arizona and Virginia also have notable numbers of E and I individuals, Texas's higher average daily inbound flow makes it a more critical source to monitor. New Mexico, although having a lower flow rate, still needs to be considered but is less of a priority compared to Texas. This policy aims to minimize the cumulative confirmed cases and deaths in Mississippi by addressing the primary source of infection."
2025-12-25 10:48:36,158 - mississippi - INFO - Region Agent mississippi - Iteration 6 / 18: Starting policy decision process.
2025-12-25 10:48:36,159 - mississippi - INFO - Region user prompt: For mississippi, you will be given the following information:

Epidemic and mobility information of this state are as follows:

SEIRD parameters:
- beta = 0.1777045562951643
- alpha = 0.0557887604960571
- gamma = 0.090291905
- mu = 0.0031086466218188174
- delta = 0.0671164839606214

Current population composition:
- S = 2204174
- E = 25482
- I = 12131
- Q = 6994
- R = 20347
- D = 838

Other origin states:
1. arizona
   - Avg past 21-day population composition: S=8106935, E=9866, I=633, Q=13925, R=8640, D=1508
   - Avg past 21-day inflow: arizona=12721796, mississippi=2607, new mexico=38678, texas=56414, virginia=5493

2. new mexico
   - Avg past 21-day population composition: S=4759988, E=902, I=188, Q=2313, R=7941, D=88
   - Avg past 21-day inflow: arizona=31247, mississippi=1954, new mexico=3714782, texas=160356, virginia=1318

3. texas
   - Avg past 21-day population composition: S=25688027, E=2224, I=3581, Q=24316, R=66273, D=2011
   - Avg past 21-day inflow: arizona=48951, mississippi=52561, new mexico=115020, texas=58274699, virginia=25244

4. virginia
   - Avg past 21-day population composition: S=8648347, E=10955, I=2571, Q=15831, R=53463, D=1901
   - Avg past 21-day inflow: arizona=6406, mississippi=4702, new mexico=2088, texas=25749, virginia=15056158

Please output the recommended traffic control policy in the required JSON format.
2025-12-25 10:48:41,975 - mississippi - INFO - Raw agent output:
```json
{
  "weekly_policy": {
      "restricted_state": "texas"
  },
  "global_guidance": "Based on the current population composition and the past 21-day average daily inbound flows, Texas presents the highest risk profile with a significant number of exposed (E) and infected (I) individuals. Implementing a targeted inbound screening policy from Texas would reduce the 'hidden' infectious population entering Mississippi, thereby minimizing the cumulative confirmed cases and deaths. While Arizona and Virginia also have notable numbers of E and I individuals, Texas's higher average daily inbound flow makes it a more critical source to monitor. New Mexico, although having a lower flow, cannot be ignored due to its proximity and potential for indirect transmission. However, targeting Texas aligns with the goal of coordinating regional defenses without unnecessary competition with other states."
}
```
2025-12-25 10:48:41,976 - mississippi - INFO - Parsed PolicyResponse: policy={'texas': [0.5, 0.5]} explanation="Based on the current population composition and the past 21-day average daily inbound flows, Texas presents the highest risk profile with a significant number of exposed (E) and infected (I) individuals. Implementing a targeted inbound screening policy from Texas would reduce the 'hidden' infectious population entering Mississippi, thereby minimizing the cumulative confirmed cases and deaths. While Arizona and Virginia also have notable numbers of E and I individuals, Texas's higher average daily inbound flow makes it a more critical source to monitor. New Mexico, although having a lower flow, cannot be ignored due to its proximity and potential for indirect transmission. However, targeting Texas aligns with the goal of coordinating regional defenses without unnecessary competition with other states."
2025-12-25 10:49:04,018 - mississippi - INFO - Region Agent mississippi - Iteration 7 / 18: Starting policy decision process.
2025-12-25 10:49:04,019 - mississippi - INFO - Region user prompt: For mississippi, you will be given the following information:

Epidemic and mobility information of this state are as follows:

SEIRD parameters:
- beta = 0.1777045562951643
- alpha = 0.0557887604960571
- gamma = 0.090291905
- mu = 0.002942156764606069
- delta = 0.0671164839606214

Current population composition:
- S = 1843075
- E = 32063
- I = 15289
- Q = 9415
- R = 30596
- D = 1180

Other origin states:
1. arizona
   - Avg past 21-day population composition: S=8303282, E=12714, I=819, Q=17746, R=13525, D=2049
   - Avg past 21-day inflow: arizona=12691405, mississippi=2443, new mexico=41259, texas=57130, virginia=6387

2. new mexico
   - Avg past 21-day population composition: S=5166751, E=1029, I=237, Q=2769, R=10155, D=102
   - Avg past 21-day inflow: arizona=30278, mississippi=1651, new mexico=3781302, texas=162187, virginia=1534

3. texas
   - Avg past 21-day population composition: S=25246769, E=3106, I=5030, Q=28708, R=96989, D=2622
   - Avg past 21-day inflow: arizona=49809, mississippi=60331, new mexico=132778, texas=57497200, virginia=26942

4. virginia
   - Avg past 21-day population composition: S=8643861, E=14194, I=3339, Q=20575, R=76206, D=2207
   - Avg past 21-day inflow: arizona=5763, mississippi=5376, new mexico=2165, texas=28512, virginia=15378004

Please output the recommended traffic control policy in the required JSON format.
2025-12-25 10:49:09,082 - mississippi - INFO - Raw agent output:
```json
{
  "weekly_policy": {
      "restricted_state": "texas"
  },
  "global_guidance": "Based on the current SEIRD parameters and population compositions, Texas presents the highest risk due to its higher number of exposed (E) and infected (I) individuals compared to Arizona and New Mexico. Implementing a Targeted Inbound Screening policy for travelers from Texas would significantly reduce the 'hidden' infectious population entering Mississippi. This approach aligns with the principle of coordination rather than competition, as it addresses a primary source of potential importation while also aligning with neighboring states' strategies to create a more robust regional defense against the disease spread."
}
```
2025-12-25 10:49:09,083 - mississippi - INFO - Parsed PolicyResponse: policy={'texas': [0.5, 0.5]} explanation="Based on the current SEIRD parameters and population compositions, Texas presents the highest risk due to its higher number of exposed (E) and infected (I) individuals compared to Arizona and New Mexico. Implementing a Targeted Inbound Screening policy for travelers from Texas would significantly reduce the 'hidden' infectious population entering Mississippi. This approach aligns with the principle of coordination rather than competition, as it addresses a primary source of potential importation while also aligning with neighboring states' strategies to create a more robust regional defense against the disease spread."
2025-12-25 10:49:37,129 - mississippi - INFO - Region Agent mississippi - Iteration 8 / 18: Starting policy decision process.
2025-12-25 10:49:37,129 - mississippi - INFO - Region user prompt: For mississippi, you will be given the following information:

Epidemic and mobility information of this state are as follows:

SEIRD parameters:
- beta = 0.1777045562951643
- alpha = 0.0557887604960571
- gamma = 0.090291905
- mu = 0.00275644422805234
- delta = 0.0671164839606214

Current population composition:
- S = 1436890
- E = 35886
- I = 17167
- Q = 11364
- R = 43664
- D = 1592

Other origin states:
1. arizona
   - Avg past 21-day population composition: S=8585794, E=16458, I=1066, Q=22637, R=20061, D=2624
   - Avg past 21-day inflow: arizona=12227260, mississippi=2819, new mexico=41834, texas=54141, virginia=6789

2. new mexico
   - Avg past 21-day population composition: S=5242846, E=1252, I=276, Q=3326, R=12826, D=116
   - Avg past 21-day inflow: arizona=26540, mississippi=1570, new mexico=3686705, texas=149098, virginia=1704

3. texas
   - Avg past 21-day population composition: S=25129120, E=3690, I=6134, Q=37334, R=138131, D=3359
   - Avg past 21-day inflow: arizona=49331, mississippi=63448, new mexico=132369, texas=55946397, virginia=28822

4. virginia
   - Avg past 21-day population composition: S=8635593, E=18541, I=4372, Q=26934, R=105873, D=2430
   - Avg past 21-day inflow: arizona=5547, mississippi=6108, new mexico=2484, texas=29795, virginia=15359071

Please output the recommended traffic control policy in the required JSON format.
2025-12-25 10:49:47,422 - mississippi - INFO - Raw agent output:
```json
{
  "weekly_policy": {
      "restricted_state": "texas"
  },
  "global_guidance": "Based on the current SEIRD parameters and population compositions, Texas presents the highest risk profile with a significant number of exposed (E) and infected (I) individuals. Implementing a targeted inbound screening policy from Texas would reduce the 'hidden' infectious population entering Mississippi, thereby minimizing the cumulative confirmed cases and deaths. While Arizona and Virginia also have notable numbers of E and I individuals, Texas's higher average daily inbound flow makes it a more critical source to monitor. New Mexico, although having a lower flow, cannot be ignored due to its proximity and potential for indirect spread. However, targeting Texas aligns with the goal of coordinating regional defenses without duplicating efforts on multiple states."
}
```
2025-12-25 10:49:47,423 - mississippi - INFO - Parsed PolicyResponse: policy={'texas': [0.5, 0.5]} explanation="Based on the current SEIRD parameters and population compositions, Texas presents the highest risk profile with a significant number of exposed (E) and infected (I) individuals. Implementing a targeted inbound screening policy from Texas would reduce the 'hidden' infectious population entering Mississippi, thereby minimizing the cumulative confirmed cases and deaths. While Arizona and Virginia also have notable numbers of E and I individuals, Texas's higher average daily inbound flow makes it a more critical source to monitor. New Mexico, although having a lower flow, cannot be ignored due to its proximity and potential for indirect spread. However, targeting Texas aligns with the goal of coordinating regional defenses without duplicating efforts on multiple states."
2025-12-25 10:50:14,700 - mississippi - INFO - Region Agent mississippi - Iteration 9 / 18: Starting policy decision process.
2025-12-25 10:50:14,701 - mississippi - INFO - Region user prompt: For mississippi, you will be given the following information:

Epidemic and mobility information of this state are as follows:

SEIRD parameters:
- beta = 0.1777045562951643
- alpha = 0.0557887604960571
- gamma = 0.090291905
- mu = 0.0025563573169277358
- delta = 0.0671164839606214

Current population composition:
- S = 1151216
- E = 38125
- I = 18398
- Q = 12711
- R = 58846
- D = 2036

Other origin states:
1. arizona
   - Avg past 21-day population composition: S=8803832, E=21261, I=1375, Q=29022, R=28672, D=3197
   - Avg past 21-day inflow: arizona=12326316, mississippi=2415, new mexico=34721, texas=49757, virginia=6475

2. new mexico
   - Avg past 21-day population composition: S=5320863, E=1568, I=332, Q=3934, R=15999, D=133
   - Avg past 21-day inflow: arizona=25111, mississippi=1408, new mexico=3618932, texas=142786, virginia=1914

3. texas
   - Avg past 21-day population composition: S=25079590, E=4904, I=8059, Q=44016, R=189766, D=4208
   - Avg past 21-day inflow: arizona=46103, mississippi=57006, new mexico=119576, texas=55789157, virginia=29507

4. virginia
   - Avg past 21-day population composition: S=8575498, E=24100, I=5679, Q=35264, R=144762, D=2576
   - Avg past 21-day inflow: arizona=6027, mississippi=5270, new mexico=2367, texas=27064, virginia=15109651

Please output the recommended traffic control policy in the required JSON format.
2025-12-25 10:50:19,839 - mississippi - INFO - Raw agent output:
```json
{
  "weekly_policy": {
      "restricted_state": "texas"
  },
  "global_guidance": "Based on the current SEIRD parameters and population compositions, Texas presents the highest risk profile with a significant number of exposed (E) and infected (I) individuals. Implementing a targeted inbound screening policy from Texas would capture approximately 90% of these hidden infections, thereby reducing the potential for disease spread into Mississippi. While Arizona and Virginia also have notable numbers of E and I individuals, Texas's higher average daily inbound flow makes it a more critical source to monitor. New Mexico, although having a lower flow, cannot be ignored due to its proximity and similar risk factors. However, targeting Texas aligns with the goal of minimizing cumulative confirmed cases and deaths in Mississippi by addressing the primary source of infection."
}
```
2025-12-25 10:50:19,840 - mississippi - INFO - Parsed PolicyResponse: policy={'texas': [0.5, 0.5]} explanation="Based on the current SEIRD parameters and population compositions, Texas presents the highest risk profile with a significant number of exposed (E) and infected (I) individuals. Implementing a targeted inbound screening policy from Texas would capture approximately 90percent of these hidden infections, thereby reducing the potential for disease spread into Mississippi. While Arizona and Virginia also have notable numbers of E and I individuals, Texas's higher average daily inbound flow makes it a more critical source to monitor. New Mexico, although having a lower flow, cannot be ignored due to its proximity and similar risk factors. However, targeting Texas aligns with the goal of minimizing cumulative confirmed cases and deaths in Mississippi by addressing the primary source of infection."
2025-12-25 10:50:40,964 - mississippi - INFO - Region Agent mississippi - Iteration 10 / 18: Starting policy decision process.
2025-12-25 10:50:40,965 - mississippi - INFO - Region user prompt: For mississippi, you will be given the following information:

Epidemic and mobility information of this state are as follows:

SEIRD parameters:
- beta = 0.1777045562951643
- alpha = 0.0557887604960571
- gamma = 0.090291905
- mu = 0.00234683660135996
- delta = 0.0671164839606214

Current population composition:
- S = 891313
- E = 36879
- I = 18014
- Q = 13327
- R = 75364
- D = 2482

Other origin states:
1. arizona
   - Avg past 21-day population composition: S=8901276, E=27239, I=1757, Q=37211, R=39905, D=3734
   - Avg past 21-day inflow: arizona=12204458, mississippi=2079, new mexico=30995, texas=44249, virginia=5239

2. new mexico
   - Avg past 21-day population composition: S=5517049, E=1932, I=411, Q=4786, R=19804, D=160
   - Avg past 21-day inflow: arizona=24321, mississippi=1410, new mexico=3591304, texas=139917, virginia=1327

3. texas
   - Avg past 21-day population composition: S=24938467, E=5514, I=9282, Q=55822, R=256053, D=5200
   - Avg past 21-day inflow: arizona=44848, mississippi=51070, new mexico=113536, texas=56021642, virginia=27574

4. virginia
   - Avg past 21-day population composition: S=8489372, E=30999, I=7306, Q=45682, R=195418, D=2662
   - Avg past 21-day inflow: arizona=6041, mississippi=4887, new mexico=2362, texas=25141, virginia=14714026

Please output the recommended traffic control policy in the required JSON format.
2025-12-25 10:50:47,051 - mississippi - INFO - Raw agent output:
```json
{
  "weekly_policy": {
      "restricted_state": "texas"
  },
  "global_guidance": "Based on the current SEIRD parameters and population compositions, Texas presents the highest risk due to its large number of infected individuals (I = 9282) and exposed individuals (E = 5514). The 'Infectious Density' in Texas, calculated as (E+I)/Population, is significantly higher compared to other states. Implementing a Targeted Inbound Screening policy from Texas would capture a substantial number of hidden infections, reducing the risk of disease importation into Mississippi. While Arizona and Virginia also have notable numbers of infected and exposed individuals, Texas's high baseline average daily inbound flow (51070) makes it a more critical source to monitor. New Mexico, although having a lower flow rate, does not present as high a risk as Texas based on its current SEIRD parameters. Therefore, targeting Texas aligns with the objective of minimizing cumulative confirmed cases and deaths in Mississippi."
}
```
2025-12-25 10:50:47,051 - mississippi - INFO - Parsed PolicyResponse: policy={'texas': [0.5, 0.5]} explanation="Based on the current SEIRD parameters and population compositions, Texas presents the highest risk due to its large number of infected individuals (I = 9282) and exposed individuals (E = 5514). The 'Infectious Density' in Texas, calculated as (E+I)/Population, is significantly higher compared to other states. Implementing a Targeted Inbound Screening policy from Texas would capture a substantial number of hidden infections, reducing the risk of disease importation into Mississippi. While Arizona and Virginia also have notable numbers of infected and exposed individuals, Texas's high baseline average daily inbound flow (51070) makes it a more critical source to monitor. New Mexico, although having a lower flow rate, does not present as high a risk as Texas based on its current SEIRD parameters. Therefore, targeting Texas aligns with the objective of minimizing cumulative confirmed cases and deaths in Mississippi."
2025-12-25 10:51:08,895 - mississippi - INFO - Region Agent mississippi - Iteration 11 / 18: Starting policy decision process.
2025-12-25 10:51:08,895 - mississippi - INFO - Region user prompt: For mississippi, you will be given the following information:

Epidemic and mobility information of this state are as follows:

SEIRD parameters:
- beta = 0.1777045562951643
- alpha = 0.0557887604960571
- gamma = 0.090291905
- mu = 0.002132716335975645
- delta = 0.0671164839606214

Current population composition:
- S = 689065
- E = 30389
- I = 14967
- Q = 12296
- R = 91759
- D = 2888

Other origin states:
1. arizona
   - Avg past 21-day population composition: S=8916602, E=34742, I=2243, Q=47683, R=54447, D=4204
   - Avg past 21-day inflow: arizona=12300752, mississippi=2383, new mexico=31002, texas=46652, virginia=5591

2. new mexico
   - Avg past 21-day population composition: S=5877547, E=2422, I=513, Q=5892, R=24459, D=188
   - Avg past 21-day inflow: arizona=26310, mississippi=1338, new mexico=3560268, texas=145606, virginia=1293

3. texas
   - Avg past 21-day population composition: S=24615523, E=6597, I=10928, Q=61691, R=334399, D=6278
   - Avg past 21-day inflow: arizona=45155, mississippi=47740, new mexico=102177, texas=56597764, virginia=28749

4. virginia
   - Avg past 21-day population composition: S=8438690, E=39628, I=9354, Q=58814, R=260826, D=2706
   - Avg past 21-day inflow: arizona=6980, mississippi=5593, new mexico=2638, texas=28806, virginia=14873143

Please output the recommended traffic control policy in the required JSON format.
2025-12-25 10:51:13,539 - mississippi - INFO - Raw agent output:
```json
{
  "weekly_policy": {
      "restricted_state": "texas"
  },
  "global_guidance": "Based on the current SEIRD parameters and population compositions, Texas presents the highest risk due to its higher average daily inbound flow into Mississippi and a relatively higher number of exposed (E) and infected (I) individuals compared to other states. Implementing a Targeted Inbound Screening policy for travelers from Texas would significantly reduce the 'hidden' infectious population entering Mississippi, thereby minimizing cumulative confirmed cases and deaths. This approach also helps in coordinating regional defense efforts without overburdening more stable states like Virginia or New Mexico, which have lower risk profiles."
}
```
2025-12-25 10:51:13,539 - mississippi - INFO - Parsed PolicyResponse: policy={'texas': [0.5, 0.5]} explanation="Based on the current SEIRD parameters and population compositions, Texas presents the highest risk due to its higher average daily inbound flow into Mississippi and a relatively higher number of exposed (E) and infected (I) individuals compared to other states. Implementing a Targeted Inbound Screening policy for travelers from Texas would significantly reduce the 'hidden' infectious population entering Mississippi, thereby minimizing cumulative confirmed cases and deaths. This approach also helps in coordinating regional defense efforts without overburdening more stable states like Virginia or New Mexico, which have lower risk profiles."
2025-12-25 10:51:35,888 - mississippi - INFO - Region Agent mississippi - Iteration 12 / 18: Starting policy decision process.
2025-12-25 10:51:35,888 - mississippi - INFO - Region user prompt: For mississippi, you will be given the following information:

Epidemic and mobility information of this state are as follows:

SEIRD parameters:
- beta = 0.1777045562951643
- alpha = 0.0557887604960571
- gamma = 0.090291905
- mu = 0.0019185463050188718
- delta = 0.0671164839606214

Current population composition:
- S = 612014
- E = 24228
- I = 11983
- Q = 10292
- R = 106188
- D = 3210

Other origin states:
1. arizona
   - Avg past 21-day population composition: S=8948165, E=44056, I=2827, Q=60936, R=73175, D=4590
   - Avg past 21-day inflow: arizona=12593850, mississippi=2059, new mexico=33023, texas=45336, virginia=5351

2. new mexico
   - Avg past 21-day population composition: S=6408889, E=3053, I=643, Q=7370, R=30239, D=224
   - Avg past 21-day inflow: arizona=28122, mississippi=1297, new mexico=3587724, texas=149077, virginia=1361

3. texas
   - Avg past 21-day population composition: S=23974171, E=8235, I=13959, Q=77539, R=427857, D=7446
   - Avg past 21-day inflow: arizona=43694, mississippi=42933, new mexico=103286, texas=56938135, virginia=26283

4. virginia
   - Avg past 21-day population composition: S=8386456, E=49674, I=11709, Q=74706, R=344584, D=2726
   - Avg past 21-day inflow: arizona=5952, mississippi=4911, new mexico=2285, texas=26290, virginia=15100136

Please output the recommended traffic control policy in the required JSON format.
2025-12-25 10:51:41,681 - mississippi - INFO - Raw agent output:
```json
{
  "weekly_policy": {
      "restricted_state": "texas"
  },
  "global_guidance": "Based on the current SEIRD parameters and population compositions, Texas presents the highest risk profile with a relatively large number of exposed (E) and infected (I) individuals compared to other states. Implementing a Targeted Inbound Screening policy for travelers from Texas would significantly reduce the 'hidden' infectious population entering Mississippi. This approach aligns with the principle of coordination rather than competition, as it addresses a primary source of potential importation while also minimizing the burden on other states that might have similar risks. By enforcing a 90% screening mandate, we can ensure that a substantial portion of these individuals are identified and moved directly into the confirmed (Q) compartment, thereby mitigating the spread of the disease within our state."
}
```
2025-12-25 10:51:41,681 - mississippi - INFO - Parsed PolicyResponse: policy={'texas': [0.5, 0.5]} explanation="Based on the current SEIRD parameters and population compositions, Texas presents the highest risk profile with a relatively large number of exposed (E) and infected (I) individuals compared to other states. Implementing a Targeted Inbound Screening policy for travelers from Texas would significantly reduce the 'hidden' infectious population entering Mississippi. This approach aligns with the principle of coordination rather than competition, as it addresses a primary source of potential importation while also minimizing the burden on other states that might have similar risks. By enforcing a 90percent screening mandate, we can ensure that a substantial portion of these individuals are identified and moved directly into the confirmed (Q) compartment, thereby mitigating the spread of the disease within our state."
2025-12-25 10:52:01,556 - mississippi - INFO - Region Agent mississippi - Iteration 13 / 18: Starting policy decision process.
2025-12-25 10:52:01,557 - mississippi - INFO - Region user prompt: For mississippi, you will be given the following information:

Epidemic and mobility information of this state are as follows:

SEIRD parameters:
- beta = 0.1777045562951643
- alpha = 0.0557887604960571
- gamma = 0.090291905
- mu = 0.0017084427217835844
- delta = 0.0671164839606214

Current population composition:
- S = 550237
- E = 35913
- I = 12637
- Q = 8988
- R = 118212
- D = 3451

Other origin states:
1. arizona
   - Avg past 21-day population composition: S=8948404, E=55469, I=3541, Q=77335, R=97108, D=4885
   - Avg past 21-day inflow: arizona=12775936, mississippi=1718, new mexico=30556, texas=45081, virginia=5287

2. new mexico
   - Avg past 21-day population composition: S=6915295, E=3701, I=768, Q=9033, R=37420, D=268
   - Avg past 21-day inflow: arizona=28008, mississippi=1016, new mexico=3611569, texas=146639, virginia=1472

3. texas
   - Avg past 21-day population composition: S=23305814, E=8922, I=14878, Q=88135, R=542102, D=8742
   - Avg past 21-day inflow: arizona=44065, mississippi=39373, new mexico=99060, texas=57587273, virginia=24012

4. virginia
   - Avg past 21-day population composition: S=8279979, E=60601, I=14262, Q=92580, R=449750, D=2734
   - Avg past 21-day inflow: arizona=5618, mississippi=3822, new mexico=1787, texas=23716, virginia=15126464

Please output the recommended traffic control policy in the required JSON format.
2025-12-25 10:52:07,148 - mississippi - INFO - Raw agent output:
```json
{
  "weekly_policy": {
      "restricted_state": "texas"
  },
  "global_guidance": "Based on the current SEIRD parameters and population compositions, Texas presents the highest risk profile with a significant number of exposed (E) and infected (I) individuals. Implementing a targeted inbound screening policy from Texas would capture approximately 90% of these hidden infections, thereby reducing the potential for disease spread into Mississippi. While Arizona and Virginia also have notable numbers of E and I individuals, Texas's higher average daily inbound flow into Mississippi makes it a more critical source to monitor. New Mexico, although having a lower flow, cannot be ignored due to its proximity and interconnectedness. However, targeting Texas aligns with the goal of minimizing cumulative confirmed cases and deaths in Mississippi by addressing the primary source of infectious density."
}
```
2025-12-25 10:52:07,149 - mississippi - INFO - Parsed PolicyResponse: policy={'texas': [0.5, 0.5]} explanation="Based on the current SEIRD parameters and population compositions, Texas presents the highest risk profile with a significant number of exposed (E) and infected (I) individuals. Implementing a targeted inbound screening policy from Texas would capture approximately 90percent of these hidden infections, thereby reducing the potential for disease spread into Mississippi. While Arizona and Virginia also have notable numbers of E and I individuals, Texas's higher average daily inbound flow into Mississippi makes it a more critical source to monitor. New Mexico, although having a lower flow, cannot be ignored due to its proximity and interconnectedness. However, targeting Texas aligns with the goal of minimizing cumulative confirmed cases and deaths in Mississippi by addressing the primary source of infectious density."
2025-12-25 10:52:40,858 - mississippi - INFO - Region Agent mississippi - Iteration 14 / 18: Starting policy decision process.
2025-12-25 10:52:40,858 - mississippi - INFO - Region user prompt: For mississippi, you will be given the following information:

Epidemic and mobility information of this state are as follows:

SEIRD parameters:
- beta = 0.1777045562951643
- alpha = 0.0557887604960571
- gamma = 0.090291905
- mu = 0.0015059741170298164
- delta = 0.0671164839606214

Current population composition:
- S = 486220
- E = 47728
- I = 17518
- Q = 10764
- R = 130355
- D = 3665

Other origin states:
1. arizona
   - Avg past 21-day population composition: S=8944210, E=69702, I=4456, Q=97751, R=127465, D=5094
   - Avg past 21-day inflow: arizona=13101290, mississippi=2159, new mexico=32596, texas=51399, virginia=5679

2. new mexico
   - Avg past 21-day population composition: S=7540713, E=4703, I=976, Q=11118, R=46192, D=322
   - Avg past 21-day inflow: arizona=30633, mississippi=1120, new mexico=3686616, texas=151282, virginia=1936

3. texas
   - Avg past 21-day population composition: S=22480703, E=10604, I=17436, Q=98195, R=669400, D=10044
   - Avg past 21-day inflow: arizona=47229, mississippi=39010, new mexico=99222, texas=59112431, virginia=24366

4. virginia
   - Avg past 21-day population composition: S=8129610, E=72637, I=17126, Q=112352, R=578656, D=2735
   - Avg past 21-day inflow: arizona=5800, mississippi=4112, new mexico=2025, texas=24277, virginia=15457936

Please output the recommended traffic control policy in the required JSON format.
2025-12-25 10:52:45,917 - mississippi - INFO - Raw agent output:
```json
{
  "weekly_policy": {
      "restricted_state": "texas"
  },
  "global_guidance": "Based on the current SEIRD parameters and population compositions, Texas presents the highest risk due to its higher average daily inbound flow into Mississippi and a relatively higher number of exposed (E) and infected (I) individuals compared to other states. Implementing a targeted screening policy for travelers from Texas would significantly reduce the 'hidden' infectious population entering Mississippi, thereby minimizing cumulative confirmed cases and deaths. This approach also helps in coordinating regional defense without competing with other states that might have similar high-risk profiles."
}
```
2025-12-25 10:52:45,918 - mississippi - INFO - Parsed PolicyResponse: policy={'texas': [0.5, 0.5]} explanation="Based on the current SEIRD parameters and population compositions, Texas presents the highest risk due to its higher average daily inbound flow into Mississippi and a relatively higher number of exposed (E) and infected (I) individuals compared to other states. Implementing a targeted screening policy for travelers from Texas would significantly reduce the 'hidden' infectious population entering Mississippi, thereby minimizing cumulative confirmed cases and deaths. This approach also helps in coordinating regional defense without competing with other states that might have similar high-risk profiles."
2025-12-25 10:53:05,488 - mississippi - INFO - Region Agent mississippi - Iteration 15 / 18: Starting policy decision process.
2025-12-25 10:53:05,489 - mississippi - INFO - Region user prompt: For mississippi, you will be given the following information:

Epidemic and mobility information of this state are as follows:

SEIRD parameters:
- beta = 0.1777045562951643
- alpha = 0.0557887604960571
- gamma = 0.090291905
- mu = 0.0013140852480992276
- delta = 0.0671164839606214

Current population composition:
- S = 462746
- E = 59023
- I = 22371
- Q = 13878
- R = 145712
- D = 3902

Other origin states:
1. arizona
   - Avg past 21-day population composition: S=8929314, E=86996, I=5564, Q=123201, R=165837, D=5234
   - Avg past 21-day inflow: arizona=13080168, mississippi=2109, new mexico=34666, texas=51916, virginia=5224

2. new mexico
   - Avg past 21-day population composition: S=8106608, E=6138, I=1278, Q=14190, R=57185, D=388
   - Avg past 21-day inflow: arizona=33774, mississippi=1148, new mexico=3628380, texas=146052, virginia=1760

3. texas
   - Avg past 21-day population composition: S=21616174, E=12841, I=21353, Q=118009, R=817539, D=11395
   - Avg past 21-day inflow: arizona=49267, mississippi=38445, new mexico=98410, texas=59134908, virginia=23381

4. virginia
   - Avg past 21-day population composition: S=7981762, E=85956, I=20346, Q=134677, R=734128, D=2735
   - Avg past 21-day inflow: arizona=6174, mississippi=4465, new mexico=2035, texas=24801, virginia=15326305

Please output the recommended traffic control policy in the required JSON format.
2025-12-25 10:53:10,029 - mississippi - INFO - Raw agent output:
```json
{
  "weekly_policy": {
      "restricted_state": "texas"
  },
  "global_guidance": "Based on the current population composition and the SEIRD parameters, Texas presents a higher risk profile with a larger number of exposed (E) and infected (I) individuals compared to Arizona, New Mexico, and Virginia. Implementing a Targeted Inbound Screening policy for travelers from Texas would significantly reduce the 'hidden' infectious population entering Mississippi, thereby minimizing the cumulative confirmed cases and deaths. This approach also aligns with the principle of coordination rather than competition, ensuring that Mississippi's efforts complement those of neighboring states in mitigating the spread of the disease."
}
```
2025-12-25 10:53:10,029 - mississippi - INFO - Parsed PolicyResponse: policy={'texas': [0.5, 0.5]} explanation="Based on the current population composition and the SEIRD parameters, Texas presents a higher risk profile with a larger number of exposed (E) and infected (I) individuals compared to Arizona, New Mexico, and Virginia. Implementing a Targeted Inbound Screening policy for travelers from Texas would significantly reduce the 'hidden' infectious population entering Mississippi, thereby minimizing the cumulative confirmed cases and deaths. This approach also aligns with the principle of coordination rather than competition, ensuring that Mississippi's efforts complement those of neighboring states in mitigating the spread of the disease."
2025-12-25 10:53:31,037 - mississippi - INFO - Region Agent mississippi - Iteration 16 / 18: Starting policy decision process.
2025-12-25 10:53:31,037 - mississippi - INFO - Region user prompt: For mississippi, you will be given the following information:

Epidemic and mobility information of this state are as follows:

SEIRD parameters:
- beta = 0.1777045562951643
- alpha = 0.0557887604960571
- gamma = 0.090291905
- mu = 0.001135059216634949
- delta = 0.0671164839606214

Current population composition:
- S = 414331
- E = 71701
- I = 28404
- Q = 17743
- R = 165402
- D = 4167

Other origin states:
1. arizona
   - Avg past 21-day population composition: S=8770303, E=107807, I=6894, Q=154397, R=214102, D=5320
   - Avg past 21-day inflow: arizona=13314477, mississippi=2086, new mexico=31372, texas=45426, virginia=4496

2. new mexico
   - Avg past 21-day population composition: S=8744034, E=8136, I=1692, Q=18478, R=71363, D=474
   - Avg past 21-day inflow: arizona=37298, mississippi=1158, new mexico=3541362, texas=134761, virginia=1577

3. texas
   - Avg past 21-day population composition: S=20700166, E=15195, I=25368, Q=141445, R=996455, D=12844
   - Avg past 21-day inflow: arizona=47112, mississippi=35978, new mexico=79863, texas=59397204, virginia=21662

4. virginia
   - Avg past 21-day population composition: S=7844212, E=99496, I=23629, Q=158722, R=919117, D=2735
   - Avg past 21-day inflow: arizona=6648, mississippi=4247, new mexico=1850, texas=25030, virginia=15466694

Please output the recommended traffic control policy in the required JSON format.
2025-12-25 10:53:35,661 - mississippi - INFO - Raw agent output:
```json
{
  "weekly_policy": {
      "restricted_state": "texas"
  },
  "global_guidance": "Based on the current population composition and the SEIRD parameters, Texas presents a higher risk profile with a significant number of exposed (E) and infected (I) individuals. Implementing a targeted inbound screening policy from Texas would reduce the 'hidden' infectious population entering Mississippi, thereby minimizing the cumulative confirmed cases and deaths. While Arizona and Virginia also have notable numbers of E and I individuals, Texas's higher average daily inbound flow makes it a more critical source to monitor. New Mexico, although having a lower flow rate, is less of a concern compared to Texas in terms of disease importation risk."
}
```
2025-12-25 10:53:35,662 - mississippi - INFO - Parsed PolicyResponse: policy={'texas': [0.5, 0.5]} explanation="Based on the current population composition and the SEIRD parameters, Texas presents a higher risk profile with a significant number of exposed (E) and infected (I) individuals. Implementing a targeted inbound screening policy from Texas would reduce the 'hidden' infectious population entering Mississippi, thereby minimizing the cumulative confirmed cases and deaths. While Arizona and Virginia also have notable numbers of E and I individuals, Texas's higher average daily inbound flow makes it a more critical source to monitor. New Mexico, although having a lower flow rate, is less of a concern compared to Texas in terms of disease importation risk."
2025-12-25 10:53:57,144 - mississippi - INFO - Region Agent mississippi - Iteration 17 / 18: Starting policy decision process.
2025-12-25 10:53:57,145 - mississippi - INFO - Region user prompt: For mississippi, you will be given the following information:

Epidemic and mobility information of this state are as follows:

SEIRD parameters:
- beta = 0.1777045562951643
- alpha = 0.0557887604960571
- gamma = 0.090291905
- mu = 0.0009705154342321424
- delta = 0.0671164839606214

Current population composition:
- S = 399110
- E = 81097
- I = 33393
- Q = 22217
- R = 190404
- D = 4455

Other origin states:
1. arizona
   - Avg past 21-day population composition: S=8403839, E=131737, I=8423, Q=192066, R=274415, D=5371
   - Avg past 21-day inflow: arizona=13145499, mississippi=2050, new mexico=28775, texas=42590, virginia=4029

2. new mexico
   - Avg past 21-day population composition: S=9508943, E=11091, I=2307, Q=24632, R=90027, D=585
   - Avg past 21-day inflow: arizona=43462, mississippi=1293, new mexico=3435281, texas=129254, virginia=1197

3. texas
   - Avg past 21-day population composition: S=19765402, E=17879, I=29726, Q=166763, R=1209518, D=14363
   - Avg past 21-day inflow: arizona=50257, mississippi=35622, new mexico=73550, texas=59303116, virginia=20129

4. virginia
   - Avg past 21-day population composition: S=7705269, E=112189, I=26733, Q=182854, R=1134864, D=2735
   - Avg past 21-day inflow: arizona=6592, mississippi=3845, new mexico=1710, texas=23739, virginia=15261036

Please output the recommended traffic control policy in the required JSON format.
2025-12-25 10:54:01,750 - mississippi - INFO - Raw agent output:
```json
{
  "weekly_policy": {
      "restricted_state": "texas"
  },
  "global_guidance": "Based on the current SEIRD parameters and population compositions, Texas presents the highest risk due to its higher average daily inbound flow into Mississippi and a relatively higher number of exposed (E) and infected (I) individuals compared to other states. Implementing a Targeted Inbound Screening policy for travelers from Texas would significantly reduce the 'hidden' infectious population entering Mississippi, thereby minimizing cumulative confirmed cases and deaths. This approach also helps in coordinating regional defenses without overburdening more stable states like Virginia, which has a lower risk profile and a much larger population base."
}
```
2025-12-25 10:54:01,751 - mississippi - INFO - Parsed PolicyResponse: policy={'texas': [0.5, 0.5]} explanation="Based on the current SEIRD parameters and population compositions, Texas presents the highest risk due to its higher average daily inbound flow into Mississippi and a relatively higher number of exposed (E) and infected (I) individuals compared to other states. Implementing a Targeted Inbound Screening policy for travelers from Texas would significantly reduce the 'hidden' infectious population entering Mississippi, thereby minimizing cumulative confirmed cases and deaths. This approach also helps in coordinating regional defenses without overburdening more stable states like Virginia, which has a lower risk profile and a much larger population base."
2025-12-25 10:54:20,872 - mississippi - INFO - Region Agent mississippi - Iteration 18 / 18: Starting policy decision process.
2025-12-25 10:54:20,872 - mississippi - INFO - Region user prompt: For mississippi, you will be given the following information:

Epidemic and mobility information of this state are as follows:

SEIRD parameters:
- beta = 0.1777045562951643
- alpha = 0.0557887604960571
- gamma = 0.090291905
- mu = 0.0008214390046085522
- delta = 0.0671164839606214

Current population composition:
- S = 438648
- E = 67803
- I = 27070
- Q = 20516
- R = 218128
- D = 4728

Other origin states:
1. arizona
   - Avg past 21-day population composition: S=7852835, E=155931, I=9943, Q=235302, R=348978, D=5397
   - Avg past 21-day inflow: arizona=12798149, mississippi=1891, new mexico=27828, texas=53906, virginia=5103

2. new mexico
   - Avg past 21-day population composition: S=10368086, E=15285, I=3188, Q=33742, R=115250, D=735
   - Avg past 21-day inflow: arizona=46636, mississippi=1937, new mexico=3247252, texas=141481, virginia=1410

3. texas
   - Avg past 21-day population composition: S=18818655, E=17190, I=28727, Q=182819, R=1456004, D=15900
   - Avg past 21-day inflow: arizona=59869, mississippi=47560, new mexico=79862, texas=57427711, virginia=23877

4. virginia
   - Avg past 21-day population composition: S=7552948, E=122558, I=29300, Q=204954, R=1380300, D=2735
   - Avg past 21-day inflow: arizona=7210, mississippi=4629, new mexico=1614, texas=29515, virginia=14873036

Please output the recommended traffic control policy in the required JSON format.
2025-12-25 10:54:25,865 - mississippi - INFO - Raw agent output:
```json
{
  "weekly_policy": {
      "restricted_state": "texas"
  },
  "global_guidance": "Based on the current SEIRD parameters and population compositions, Texas presents the highest risk due to its relatively large number of exposed (E) and infected (I) individuals compared to other states. Implementing a targeted inbound screening policy from Texas would significantly reduce the number of hidden infections entering Mississippi. The average daily inbound flow from Texas is substantial, making it a critical point of focus. While Arizona and Virginia also have higher E+I populations, their average daily flows into Mississippi are lower than Texas. New Mexico has a lower flow but similar risk profiles. By selecting Texas, we aim to coordinate our efforts with neighboring states to create a more robust regional defense against disease importation."
}
```
2025-12-25 10:54:25,865 - mississippi - INFO - Parsed PolicyResponse: policy={'texas': [0.5, 0.5]} explanation='Based on the current SEIRD parameters and population compositions, Texas presents the highest risk due to its relatively large number of exposed (E) and infected (I) individuals compared to other states. Implementing a targeted inbound screening policy from Texas would significantly reduce the number of hidden infections entering Mississippi. The average daily inbound flow from Texas is substantial, making it a critical point of focus. While Arizona and Virginia also have higher E+I populations, their average daily flows into Mississippi are lower than Texas. New Mexico has a lower flow but similar risk profiles. By selecting Texas, we aim to coordinate our efforts with neighboring states to create a more robust regional defense against disease importation.'
