2025-12-25 10:46:26,211 - texas - INFO - Region Agent texas - Iteration 1 / 18: Starting policy decision process.
2025-12-25 10:46:26,212 - texas - INFO - Region user prompt: For texas, you will be given the following information:

Epidemic and mobility information of this state are as follows:

SEIRD parameters:
- beta = 0.1282505889136005
- alpha = 0.9980485585499752
- gamma = 0.1
- mu = 0.0
- delta = 0.6277712284052059

Current population composition:
- S = 28984537
- E = 927
- I = 327
- Q = 7619
- R = 2141
- D = 330

Other origin states:
1. arizona
   - Avg past 21-day population composition: S=7272180, E=1952, I=962, Q=3319, R=186, D=118
   - Avg past 21-day inflow: arizona=9717467, mississippi=1551, new mexico=19529, texas=27907, virginia=3665

2. mississippi
   - Avg past 21-day population composition: S=2970629, E=906, I=1753, Q=2463, R=301, D=97
   - Avg past 21-day inflow: arizona=1194, mississippi=3987236, new mexico=942, texas=18479, virginia=2401

3. new mexico
   - Avg past 21-day population composition: S=2093484, E=816, I=1276, Q=959, R=265, D=29
   - Avg past 21-day inflow: arizona=14511, mississippi=1425, new mexico=2776969, texas=84217, virginia=1004

4. virginia
   - Avg past 21-day population composition: S=8524995, E=1825, I=3189, Q=4825, R=540, D=145
   - Avg past 21-day inflow: arizona=3171, mississippi=2260, new mexico=1385, texas=13780, virginia=11423959

Please output the recommended traffic control policy in the required JSON format.
2025-12-25 10:46:31,047 - texas - INFO - Raw agent output:
```json
{
  "weekly_policy": {
      "restricted_state": "virginia"
  },
  "global_guidance": "Given the high past 21-day average daily inbound flow from Virginia to Texas, we evaluate the risk profile of each origin state. Virginia has a relatively higher number of exposed (E) and infected (I) individuals compared to other states, indicating a significant infectious density. Implementing a targeted screening policy on inbound travelers from Virginia would capture a substantial number of hidden infections, reducing the risk of disease spread. While other states like Arizona and Mississippi also pose risks, Virginia's high flow rate makes it a critical point of focus. This approach ensures that we address the most significant threat while maintaining coordination with other regional policies."
}
```
2025-12-25 10:46:31,048 - texas - INFO - Parsed PolicyResponse: policy={'virginia': [0.5, 0.5]} explanation="Given the high past 21-day average daily inbound flow from Virginia to Texas, we evaluate the risk profile of each origin state. Virginia has a relatively higher number of exposed (E) and infected (I) individuals compared to other states, indicating a significant infectious density. Implementing a targeted screening policy on inbound travelers from Virginia would capture a substantial number of hidden infections, reducing the risk of disease spread. While other states like Arizona and Mississippi also pose risks, Virginia's high flow rate makes it a critical point of focus. This approach ensures that we address the most significant threat while maintaining coordination with other regional policies."
2025-12-25 10:46:52,531 - texas - INFO - Region Agent texas - Iteration 2 / 18: Starting policy decision process.
2025-12-25 10:46:52,533 - texas - INFO - Region user prompt: For texas, you will be given the following information:

Epidemic and mobility information of this state are as follows:

SEIRD parameters:
- beta = 0.1282505889136005
- alpha = 0.9980485585499752
- gamma = 0.054219385507384685
- mu = 0.0018530448532721924
- delta = 0.6277712284052059

Current population composition:
- S = 28286811
- E = 968
- I = 1501
- Q = 11111
- R = 8430
- D = 562

Other origin states:
1. arizona
   - Avg past 21-day population composition: S=7365719, E=2859, I=184, Q=4823, R=518, D=202
   - Avg past 21-day inflow: arizona=11371640, mississippi=1616, new mexico=25816, texas=33181, virginia=3902

2. mississippi
   - Avg past 21-day population composition: S=2925419, E=3323, I=1781, Q=1920, R=1633, D=153
   - Avg past 21-day inflow: arizona=1524, mississippi=5486976, new mexico=1230, texas=24904, virginia=3440

3. new mexico
   - Avg past 21-day population composition: S=2396032, E=702, I=146, Q=2116, R=1197, D=35
   - Avg past 21-day inflow: arizona=18891, mississippi=1902, new mexico=3323857, texas=117318, virginia=1118

4. virginia
   - Avg past 21-day population composition: S=8525938, E=4056, I=987, Q=6791, R=4748, D=358
   - Avg past 21-day inflow: arizona=3345, mississippi=3005, new mexico=1552, texas=16423, virginia=13217229

Please output the recommended traffic control policy in the required JSON format.
2025-12-25 10:47:01,270 - texas - INFO - Raw agent output:
```json
{
  "weekly_policy": {
      "restricted_state": "virginia"
  },
  "global_guidance": "Given the high average daily inbound flow from Virginia (1,642,300) and its relatively high infectious density ((2859+184)/8525938 = 0.0035%) compared to other origin states, implementing a Targeted Inbound Screening policy for Virginia travelers would be highly effective. This would capture approximately 90% of exposed (E) and infected (I) individuals, reducing their contribution to the hidden infectious population in Texas. While Arizona and Mississippi also have significant flows, their infectious densities are lower. New Mexico has the lowest average daily inbound flow, making it less of a priority. Therefore, targeting Virginia aligns with the objective of minimizing cumulative confirmed cases and deaths in Texas by addressing the most critical risk source."
}
```
2025-12-25 10:47:01,271 - texas - INFO - Parsed PolicyResponse: policy={'virginia': [0.5, 0.5]} explanation='Given the high average daily inbound flow from Virginia (1,642,300) and its relatively high infectious density ((2859+184)/8525938 = 0.0035percent) compared to other origin states, implementing a Targeted Inbound Screening policy for Virginia travelers would be highly effective. This would capture approximately 90percent of exposed (E) and infected (I) individuals, reducing their contribution to the hidden infectious population in Texas. While Arizona and Mississippi also have significant flows, their infectious densities are lower. New Mexico has the lowest average daily inbound flow, making it less of a priority. Therefore, targeting Virginia aligns with the objective of minimizing cumulative confirmed cases and deaths in Texas by addressing the most critical risk source.'
2025-12-25 10:47:29,704 - texas - INFO - Region Agent texas - Iteration 3 / 18: Starting policy decision process.
2025-12-25 10:47:29,705 - texas - INFO - Region user prompt: For texas, you will be given the following information:

Epidemic and mobility information of this state are as follows:

SEIRD parameters:
- beta = 0.1282505889136005
- alpha = 0.9980485585499752
- gamma = 0.06390932941018498
- mu = 0.0018299575471542122
- delta = 0.6277712284052059

Current population composition:
- S = 27551764
- E = 1392
- I = 2162
- Q = 15442
- R = 19409
- D = 901

Other origin states:
1. arizona
   - Avg past 21-day population composition: S=7519919, E=4006, I=253, Q=6086, R=1229, D=360
   - Avg past 21-day inflow: arizona=11633875, mississippi=1614, new mexico=28282, texas=35167, virginia=3673

2. mississippi
   - Avg past 21-day population composition: S=2849819, E=5706, I=2642, Q=1740, R=3296, D=219
   - Avg past 21-day inflow: arizona=1474, mississippi=5834803, new mexico=1233, texas=26190, virginia=3303

3. new mexico
   - Avg past 21-day population composition: S=2829360, E=645, I=130, Q=2018, R=2564, D=46
   - Avg past 21-day inflow: arizona=19789, mississippi=1821, new mexico=3427556, texas=124957, virginia=1199

4. virginia
   - Avg past 21-day population composition: S=8518256, E=5227, I=1218, Q=7586, R=11549, D=670
   - Avg past 21-day inflow: arizona=3556, mississippi=2877, new mexico=1594, texas=16543, virginia=13637675

Please output the recommended traffic control policy in the required JSON format.
2025-12-25 10:47:34,197 - texas - INFO - Raw agent output:
```json
{
  "weekly_policy": {
      "restricted_state": "mississippi"
  },
  "global_guidance": "Based on the current SEIRD parameters and population compositions, Mississippi presents a higher risk profile with a significant number of exposed (E) and infected (I) individuals compared to Arizona, New Mexico, and Virginia. Implementing a targeted inbound screening policy from Mississippi would capture a substantial number of hidden infections, reducing the potential for disease spread within Texas. This approach aligns with the principle of coordination rather than competition, ensuring that we address the most pressing source of infection while minimizing systemic risks."
}
```
2025-12-25 10:47:34,198 - texas - INFO - Parsed PolicyResponse: policy={'mississippi': [0.5, 0.5]} explanation='Based on the current SEIRD parameters and population compositions, Mississippi presents a higher risk profile with a significant number of exposed (E) and infected (I) individuals compared to Arizona, New Mexico, and Virginia. Implementing a targeted inbound screening policy from Mississippi would capture a substantial number of hidden infections, reducing the potential for disease spread within Texas. This approach aligns with the principle of coordination rather than competition, ensuring that we address the most pressing source of infection while minimizing systemic risks.'
2025-12-25 10:47:53,841 - texas - INFO - Region Agent texas - Iteration 4 / 18: Starting policy decision process.
2025-12-25 10:47:53,842 - texas - INFO - Region user prompt: For texas, you will be given the following information:

Epidemic and mobility information of this state are as follows:

SEIRD parameters:
- beta = 0.1282505889136005
- alpha = 0.9980485585499752
- gamma = 0.07257077748556129
- mu = 0.0017912653755161197
- delta = 0.6277712284052059

Current population composition:
- S = 26729081
- E = 1566
- I = 2427
- Q = 18288
- R = 35739
- D = 1330

Other origin states:
1. arizona
   - Avg past 21-day population composition: S=7722755, E=5663, I=360, Q=8204, R=2724, D=648
   - Avg past 21-day inflow: arizona=12334093, mississippi=1920, new mexico=30253, texas=41317, virginia=3797

2. mississippi
   - Avg past 21-day population composition: S=2737757, E=9360, I=4421, Q=2372, R=5778, D=314
   - Avg past 21-day inflow: arizona=1596, mississippi=6201158, new mexico=1241, texas=30835, virginia=3307

3. new mexico
   - Avg past 21-day population composition: S=3426642, E=665, I=135, Q=1941, R=4303, D=60
   - Avg past 21-day inflow: arizona=23793, mississippi=1984, new mexico=3538501, texas=136934, virginia=1155

4. virginia
   - Avg past 21-day population composition: S=8530490, E=6663, I=1560, Q=9560, R=22265, D=1098
   - Avg past 21-day inflow: arizona=4434, mississippi=3671, new mexico=1716, texas=19791, virginia=14133151

Please output the recommended traffic control policy in the required JSON format.
2025-12-25 10:47:59,609 - texas - INFO - Raw agent output:
```json
{
  "weekly_policy": {
      "restricted_state": "virginia"
  },
  "global_guidance": "Given the high average daily inbound flow from Virginia (19791) and its relatively higher infectious density ((E+I)/Population = (5663+360)/8530490 = 0.000682) compared to other states, implementing a Targeted Inbound Screening policy for travelers from Virginia would significantly reduce the number of hidden infections entering Texas. This approach targets a primary source of potential importation risk, aligning with the objective of minimizing cumulative confirmed cases and deaths. By enforcing a 90% screening mandate, we can convert exposed and infected individuals directly into the confirmed status, thereby reducing the spread within our state."
}
```
2025-12-25 10:47:59,609 - texas - INFO - Parsed PolicyResponse: policy={'virginia': [0.5, 0.5]} explanation='Given the high average daily inbound flow from Virginia (19791) and its relatively higher infectious density ((E+I)/Population = (5663+360)/8530490 = 0.000682) compared to other states, implementing a Targeted Inbound Screening policy for travelers from Virginia would significantly reduce the number of hidden infections entering Texas. This approach targets a primary source of potential importation risk, aligning with the objective of minimizing cumulative confirmed cases and deaths. By enforcing a 90percent screening mandate, we can convert exposed and infected individuals directly into the confirmed status, thereby reducing the spread within our state.'
2025-12-25 10:48:20,587 - texas - INFO - Region Agent texas - Iteration 5 / 18: Starting policy decision process.
2025-12-25 10:48:20,589 - texas - INFO - Region user prompt: For texas, you will be given the following information:

Epidemic and mobility information of this state are as follows:

SEIRD parameters:
- beta = 0.1282505889136005
- alpha = 0.9980485585499752
- gamma = 0.07979267514459501
- mu = 0.0017379716228836874
- delta = 0.6277712284052059

Current population composition:
- S = 25813994
- E = 2508
- I = 3961
- Q = 23772
- R = 57839
- D = 1838

Other origin states:
1. arizona
   - Avg past 21-day population composition: S=7917312, E=7569, I=484, Q=10801, R=5117, D=1032
   - Avg past 21-day inflow: arizona=12544263, mississippi=2480, new mexico=36541, texas=52438, virginia=4525

2. mississippi
   - Avg past 21-day population composition: S=2569761, E=14202, I=6745, Q=3653, R=9474, D=451
   - Avg past 21-day inflow: arizona=1899, mississippi=6282009, new mexico=1324, texas=37780, virginia=4177

3. new mexico
   - Avg past 21-day population composition: S=4137401, E=761, I=157, Q=2038, R=6041, D=74
   - Avg past 21-day inflow: arizona=30727, mississippi=2180, new mexico=3593103, texas=158164, virginia=1190

4. virginia
   - Avg past 21-day population composition: S=8600798, E=8518, I=1997, Q=12256, R=35906, D=1522
   - Avg past 21-day inflow: arizona=5988, mississippi=4364, new mexico=2080, texas=25397, virginia=14398916

Please output the recommended traffic control policy in the required JSON format.
2025-12-25 10:48:26,064 - texas - INFO - Raw agent output:
```json
{
  "weekly_policy": {
      "restricted_state": "mississippi"
  },
  "global_guidance": "Based on the current population composition and the past 21-day average daily inbound flows, Mississippi presents a higher risk profile with a significant number of exposed (E) and infected (I) individuals compared to Arizona, New Mexico, and Virginia. Implementing a targeted inbound screening policy from Mississippi would capture a substantial number of hidden infections, reducing the potential for disease spread into Texas. This approach aligns with the principle of coordination rather than competition, ensuring that efforts to mitigate the spread of the disease are comprehensive and effective across the region."
}
```
2025-12-25 10:48:26,065 - texas - INFO - Parsed PolicyResponse: policy={'mississippi': [0.5, 0.5]} explanation='Based on the current population composition and the past 21-day average daily inbound flows, Mississippi presents a higher risk profile with a significant number of exposed (E) and infected (I) individuals compared to Arizona, New Mexico, and Virginia. Implementing a targeted inbound screening policy from Mississippi would capture a substantial number of hidden infections, reducing the potential for disease spread into Texas. This approach aligns with the principle of coordination rather than competition, ensuring that efforts to mitigate the spread of the disease are comprehensive and effective across the region.'
2025-12-25 10:48:47,819 - texas - INFO - Region Agent texas - Iteration 6 / 18: Starting policy decision process.
2025-12-25 10:48:47,820 - texas - INFO - Region user prompt: For texas, you will be given the following information:

Epidemic and mobility information of this state are as follows:

SEIRD parameters:
- beta = 0.1282505889136005
- alpha = 0.9980485585499752
- gamma = 0.08547310348865451
- mu = 0.0016714341237829876
- delta = 0.6277712284052059

Current population composition:
- S = 25311389
- E = 2305
- I = 3609
- Q = 25560
- R = 87026
- D = 2437

Other origin states:
1. arizona
   - Avg past 21-day population composition: S=8106935, E=9866, I=633, Q=13925, R=8640, D=1508
   - Avg past 21-day inflow: arizona=12721796, mississippi=2607, new mexico=38678, texas=56414, virginia=5493

2. mississippi
   - Avg past 21-day population composition: S=2390070, E=20558, I=9776, Q=5441, R=15087, D=653
   - Avg past 21-day inflow: arizona=2382, mississippi=6511171, new mexico=1425, texas=39776, virginia=4198

3. new mexico
   - Avg past 21-day population composition: S=4759988, E=902, I=188, Q=2313, R=7941, D=88
   - Avg past 21-day inflow: arizona=31247, mississippi=1954, new mexico=3714782, texas=160356, virginia=1318

4. virginia
   - Avg past 21-day population composition: S=8648347, E=10955, I=2571, Q=15831, R=53463, D=1901
   - Avg past 21-day inflow: arizona=6406, mississippi=4702, new mexico=2088, texas=25749, virginia=15056158

Please output the recommended traffic control policy in the required JSON format.
2025-12-25 10:48:53,212 - texas - INFO - Raw agent output:
```json
{
  "weekly_policy": {
      "restricted_state": "virginia"
  },
  "global_guidance": "Given the high average daily inbound flow from Virginia (25749) and its relatively higher infectious density ((E+I)/Population = (10955+2571)/(8648347+8106935+633+9776+2313+1901) ¡Ö 0.0016), implementing a Targeted Inbound Screening policy for travelers from Virginia would significantly reduce the number of hidden infections entering Texas. This approach aligns with the principle of coordination over competition, ensuring that we address the most critical source of potential disease importation without duplicating efforts on less risky states."
}
```
2025-12-25 10:48:53,213 - texas - INFO - Parsed PolicyResponse: policy={'virginia': [0.5, 0.5]} explanation='Given the high average daily inbound flow from Virginia (25749) and its relatively higher infectious density ((E+I)/Population = (10955+2571)/(8648347+8106935+633+9776+2313+1901) ¡Ö 0.0016), implementing a Targeted Inbound Screening policy for travelers from Virginia would significantly reduce the number of hidden infections entering Texas. This approach aligns with the principle of coordination over competition, ensuring that we address the most critical source of potential disease importation without duplicating efforts on less risky states.'
2025-12-25 10:49:13,650 - texas - INFO - Region Agent texas - Iteration 7 / 18: Starting policy decision process.
2025-12-25 10:49:13,651 - texas - INFO - Region user prompt: For texas, you will be given the following information:

Epidemic and mobility information of this state are as follows:

SEIRD parameters:
- beta = 0.1282505889136005
- alpha = 0.9980485585499752
- gamma = 0.08973952628844095
- mu = 0.0015933077959023464
- delta = 0.6277712284052059

Current population composition:
- S = 25138723
- E = 4667
- I = 7785
- Q = 36550
- R = 123409
- D = 3110

Other origin states:
1. arizona
   - Avg past 21-day population composition: S=8303282, E=12714, I=819, Q=17746, R=13525, D=2049
   - Avg past 21-day inflow: arizona=12691405, mississippi=2443, new mexico=41259, texas=57130, virginia=6387

2. mississippi
   - Avg past 21-day population composition: S=2118923, E=27732, I=13206, Q=7683, R=23246, D=935
   - Avg past 21-day inflow: arizona=2601, mississippi=6521022, new mexico=1605, texas=37844, virginia=4459

3. new mexico
   - Avg past 21-day population composition: S=5166751, E=1029, I=237, Q=2769, R=10155, D=102
   - Avg past 21-day inflow: arizona=30278, mississippi=1651, new mexico=3781302, texas=162187, virginia=1534

4. virginia
   - Avg past 21-day population composition: S=8643861, E=14194, I=3339, Q=20575, R=76206, D=2207
   - Avg past 21-day inflow: arizona=5763, mississippi=5376, new mexico=2165, texas=28512, virginia=15378004

Please output the recommended traffic control policy in the required JSON format.
2025-12-25 10:49:19,114 - texas - INFO - Raw agent output:
```json
{
  "weekly_policy": {
      "restricted_state": "mississippi"
  },
  "global_guidance": "Based on the current population composition and the past 21-day average daily inbound flows, Mississippi presents a higher risk profile with a significant number of exposed (E) and infected (I) individuals compared to Arizona, New Mexico, and Virginia. Implementing a targeted inbound screening policy from Mississippi would capture a substantial number of hidden infections, reducing the potential for disease spread into Texas. While Arizona and Virginia also have notable numbers of E and I individuals, the baseline inbound flow from Mississippi is higher, making it a more critical source to monitor. This intervention aligns with the goal of minimizing cumulative confirmed cases and deaths in Texas by addressing the primary pathways of infection importation."
}
```
2025-12-25 10:49:19,114 - texas - INFO - Parsed PolicyResponse: policy={'mississippi': [0.5, 0.5]} explanation='Based on the current population composition and the past 21-day average daily inbound flows, Mississippi presents a higher risk profile with a significant number of exposed (E) and infected (I) individuals compared to Arizona, New Mexico, and Virginia. Implementing a targeted inbound screening policy from Mississippi would capture a substantial number of hidden infections, reducing the potential for disease spread into Texas. While Arizona and Virginia also have notable numbers of E and I individuals, the baseline inbound flow from Mississippi is higher, making it a more critical source to monitor. This intervention aligns with the goal of minimizing cumulative confirmed cases and deaths in Texas by addressing the primary pathways of infection importation.'
2025-12-25 10:49:55,715 - texas - INFO - Region Agent texas - Iteration 8 / 18: Starting policy decision process.
2025-12-25 10:49:55,715 - texas - INFO - Region user prompt: For texas, you will be given the following information:

Epidemic and mobility information of this state are as follows:

SEIRD parameters:
- beta = 0.1282505889136005
- alpha = 0.9980485585499752
- gamma = 0.09283412341445442
- mu = 0.0015054763283272735
- delta = 0.6277712284052059

Current population composition:
- S = 25124912
- E = 3600
- I = 5701
- Q = 38702
- R = 173518
- D = 3956

Other origin states:
1. arizona
   - Avg past 21-day population composition: S=8585794, E=16458, I=1066, Q=22637, R=20061, D=2624
   - Avg past 21-day inflow: arizona=12227260, mississippi=2819, new mexico=41834, texas=54141, virginia=6789

2. mississippi
   - Avg past 21-day population composition: S=1739292, E=33549, I=16004, Q=9949, R=34317, D=1297
   - Avg past 21-day inflow: arizona=2337, mississippi=6371393, new mexico=1565, texas=36298, virginia=4848

3. new mexico
   - Avg past 21-day population composition: S=5242846, E=1252, I=276, Q=3326, R=12826, D=116
   - Avg past 21-day inflow: arizona=26540, mississippi=1570, new mexico=3686705, texas=149098, virginia=1704

4. virginia
   - Avg past 21-day population composition: S=8635593, E=18541, I=4372, Q=26934, R=105873, D=2430
   - Avg past 21-day inflow: arizona=5547, mississippi=6108, new mexico=2484, texas=29795, virginia=15359071

Please output the recommended traffic control policy in the required JSON format.
2025-12-25 10:50:04,524 - texas - INFO - Raw agent output:
```json
{
  "weekly_policy": {
      "restricted_state": "virginia"
  },
  "global_guidance": "Given the high past 14-day average daily inbound flow from Virginia (29795) and its relatively higher exposed (E) and infected (I) compartments compared to other states, implementing a Targeted Inbound Screening policy on Virginia would be highly effective. The 'Infectious Density' (E+I)/Population for Virginia is significantly higher than the other states, indicating a higher risk of importing hidden infections. By enforcing a 90% screening mandate, we can convert a substantial number of these hidden infections into confirmed cases (Q), thereby reducing the overall burden on our healthcare system and minimizing the cumulative confirmed cases and deaths in Texas."
}
```
2025-12-25 10:50:04,524 - texas - INFO - Parsed PolicyResponse: policy={'virginia': [0.5, 0.5]} explanation="Given the high past 14-day average daily inbound flow from Virginia (29795) and its relatively higher exposed (E) and infected (I) compartments compared to other states, implementing a Targeted Inbound Screening policy on Virginia would be highly effective. The 'Infectious Density' (E+I)/Population for Virginia is significantly higher than the other states, indicating a higher risk of importing hidden infections. By enforcing a 90percent screening mandate, we can convert a substantial number of these hidden infections into confirmed cases (Q), thereby reducing the overall burden on our healthcare system and minimizing the cumulative confirmed cases and deaths in Texas."
2025-12-25 10:50:25,017 - texas - INFO - Region Agent texas - Iteration 9 / 18: Starting policy decision process.
2025-12-25 10:50:25,018 - texas - INFO - Region user prompt: For texas, you will be given the following information:

Epidemic and mobility information of this state are as follows:

SEIRD parameters:
- beta = 0.1282505889136005
- alpha = 0.9980485585499752
- gamma = 0.09502243190262455
- mu = 0.0014099769554918157
- delta = 0.6277712284052059

Current population composition:
- S = 24973489
- E = 7211
- I = 11571
- Q = 55839
- R = 233154
- D = 4876

Other origin states:
1. arizona
   - Avg past 21-day population composition: S=8803832, E=21261, I=1375, Q=29022, R=28672, D=3197
   - Avg past 21-day inflow: arizona=12326316, mississippi=2415, new mexico=34721, texas=49757, virginia=6475

2. mississippi
   - Avg past 21-day population composition: S=1373237, E=37140, I=17804, Q=11725, R=47996, D=1718
   - Avg past 21-day inflow: arizona=2348, mississippi=6369349, new mexico=1638, texas=33936, virginia=4413

3. new mexico
   - Avg past 21-day population composition: S=5320863, E=1568, I=332, Q=3934, R=15999, D=133
   - Avg past 21-day inflow: arizona=25111, mississippi=1408, new mexico=3618932, texas=142786, virginia=1914

4. virginia
   - Avg past 21-day population composition: S=8575498, E=24100, I=5679, Q=35264, R=144762, D=2576
   - Avg past 21-day inflow: arizona=6027, mississippi=5270, new mexico=2367, texas=27064, virginia=15109651

Please output the recommended traffic control policy in the required JSON format.
2025-12-25 10:50:29,652 - texas - INFO - Raw agent output:
```json
{
  "weekly_policy": {
      "restricted_state": "mississippi"
      },
  "global_guidance": "Based on the current population composition and the SEIRD parameters, Mississippi presents a higher risk profile with a significant number of exposed (E) and infected (I) individuals compared to Arizona, New Mexico, and Virginia. Implementing a targeted inbound screening policy from Mississippi would capture a substantial number of hidden infections, reducing the potential for disease spread into Texas. This approach complements existing efforts by focusing on a critical source of infection without overburdening more stable regions."
}
```
2025-12-25 10:50:29,653 - texas - INFO - Parsed PolicyResponse: policy={'mississippi': [0.5, 0.5]} explanation='Based on the current population composition and the SEIRD parameters, Mississippi presents a higher risk profile with a significant number of exposed (E) and infected (I) individuals compared to Arizona, New Mexico, and Virginia. Implementing a targeted inbound screening policy from Mississippi would capture a substantial number of hidden infections, reducing the potential for disease spread into Texas. This approach complements existing efforts by focusing on a critical source of infection without overburdening more stable regions.'
2025-12-25 10:50:51,953 - texas - INFO - Region Agent texas - Iteration 10 / 18: Starting policy decision process.
2025-12-25 10:50:51,954 - texas - INFO - Region user prompt: For texas, you will be given the following information:

Epidemic and mobility information of this state are as follows:

SEIRD parameters:
- beta = 0.1282505889136005
- alpha = 0.9980485585499752
- gamma = 0.09654221006261424
- mu = 0.0013089224950210254
- delta = 0.6277712284052059

Current population composition:
- S = 24795579
- E = 5125
- I = 8196
- Q = 55733
- R = 310919
- D = 5974

Other origin states:
1. arizona
   - Avg past 21-day population composition: S=8901276, E=27239, I=1757, Q=37211, R=39905, D=3734
   - Avg past 21-day inflow: arizona=12204458, mississippi=2079, new mexico=30995, texas=44249, virginia=5239

2. mississippi
   - Avg past 21-day population composition: S=1088818, E=38439, I=18609, Q=12888, R=63571, D=2163
   - Avg past 21-day inflow: arizona=1984, mississippi=6404182, new mexico=1219, texas=31542, virginia=3879

3. new mexico
   - Avg past 21-day population composition: S=5517049, E=1932, I=411, Q=4786, R=19804, D=160
   - Avg past 21-day inflow: arizona=24321, mississippi=1410, new mexico=3591304, texas=139917, virginia=1327

4. virginia
   - Avg past 21-day population composition: S=8489372, E=30999, I=7306, Q=45682, R=195418, D=2662
   - Avg past 21-day inflow: arizona=6041, mississippi=4887, new mexico=2362, texas=25141, virginia=14714026

Please output the recommended traffic control policy in the required JSON format.
2025-12-25 10:50:57,711 - texas - INFO - Raw agent output:
```json
{
  "weekly_policy": {
      "restricted_state": "virginia"
  },
  "global_guidance": "Given the high past 14-day average daily inbound flow from Virginia (25141) and its relatively high exposed (E) and infected (I) compartments compared to other states, implementing a targeted inbound screening policy from Virginia would be highly effective. The 'Infectious Density' (E+I)/Population in Virginia is significantly higher, making it a primary risk source. By enforcing a 90% screening mandate, we can capture and convert a substantial number of hidden infections to the confirmed (Q) status, thereby reducing the spread of the disease in Texas. This approach also helps in coordinating regional defenses without overburdening other states that might have lower risk profiles."
}
```
2025-12-25 10:50:57,712 - texas - INFO - Parsed PolicyResponse: policy={'virginia': [0.5, 0.5]} explanation="Given the high past 14-day average daily inbound flow from Virginia (25141) and its relatively high exposed (E) and infected (I) compartments compared to other states, implementing a targeted inbound screening policy from Virginia would be highly effective. The 'Infectious Density' (E+I)/Population in Virginia is significantly higher, making it a primary risk source. By enforcing a 90percent screening mandate, we can capture and convert a substantial number of hidden infections to the confirmed (Q) status, thereby reducing the spread of the disease in Texas. This approach also helps in coordinating regional defenses without overburdening other states that might have lower risk profiles."
2025-12-25 10:51:18,949 - texas - INFO - Region Agent texas - Iteration 11 / 18: Starting policy decision process.
2025-12-25 10:51:18,950 - texas - INFO - Region user prompt: For texas, you will be given the following information:

Epidemic and mobility information of this state are as follows:

SEIRD parameters:
- beta = 0.1282505889136005
- alpha = 0.9980485585499752
- gamma = 0.09758452040908232
- mu = 0.001204424778905356
- delta = 0.6277712284052059

Current population composition:
- S = 24126021
- E = 8272
- I = 13703
- Q = 73492
- R = 396367
- D = 7076

Other origin states:
1. arizona
   - Avg past 21-day population composition: S=8916602, E=34742, I=2243, Q=47683, R=54447, D=4204
   - Avg past 21-day inflow: arizona=12300752, mississippi=2383, new mexico=31002, texas=46652, virginia=5591

2. mississippi
   - Avg past 21-day population composition: S=833914, E=35208, I=17225, Q=13018, R=80089, D=2599
   - Avg past 21-day inflow: arizona=1831, mississippi=6393211, new mexico=1134, texas=29893, virginia=3963

3. new mexico
   - Avg past 21-day population composition: S=5877547, E=2422, I=513, Q=5892, R=24459, D=188
   - Avg past 21-day inflow: arizona=26310, mississippi=1338, new mexico=3560268, texas=145606, virginia=1293

4. virginia
   - Avg past 21-day population composition: S=8438690, E=39628, I=9354, Q=58814, R=260826, D=2706
   - Avg past 21-day inflow: arizona=6980, mississippi=5593, new mexico=2638, texas=28806, virginia=14873143

Please output the recommended traffic control policy in the required JSON format.
2025-12-25 10:51:24,627 - texas - INFO - Raw agent output:
```json
{
  "weekly_policy": {
      "restricted_state": "virginia"
  },
  "global_guidance": "Based on the current population composition and the past 21-day average daily inbound flows, Virginia presents the highest risk due to its significant number of exposed (E) and infected (I) individuals relative to its population size. Implementing a targeted inbound screening policy from Virginia would capture approximately 39628 + 9354 = 48982 individuals in the E and I compartments, moving them to the Q compartment. This action would reduce the 'hidden' infectious population entering Texas, thereby minimizing the cumulative confirmed cases and deaths. While Arizona and Mississippi also have notable numbers of E and I individuals, the high average daily inbound flow from Virginia makes it a more critical target. New Mexico's lower flow into Texas further supports the decision to focus on Virginia."
}
```
2025-12-25 10:51:24,628 - texas - INFO - Parsed PolicyResponse: policy={'virginia': [0.5, 0.5]} explanation="Based on the current population composition and the past 21-day average daily inbound flows, Virginia presents the highest risk due to its significant number of exposed (E) and infected (I) individuals relative to its population size. Implementing a targeted inbound screening policy from Virginia would capture approximately 39628 + 9354 = 48982 individuals in the E and I compartments, moving them to the Q compartment. This action would reduce the 'hidden' infectious population entering Texas, thereby minimizing the cumulative confirmed cases and deaths. While Arizona and Mississippi also have notable numbers of E and I individuals, the high average daily inbound flow from Virginia makes it a more critical target. New Mexico's lower flow into Texas further supports the decision to focus on Virginia."
2025-12-25 10:51:47,038 - texas - INFO - Region Agent texas - Iteration 12 / 18: Starting policy decision process.
2025-12-25 10:51:47,039 - texas - INFO - Region user prompt: For texas, you will be given the following information:

Epidemic and mobility information of this state are as follows:

SEIRD parameters:
- beta = 0.1282505889136005
- alpha = 0.9980485585499752
- gamma = 0.09829322534404634
- mu = 0.0010985232811674193
- delta = 0.6277712284052059

Current population composition:
- S = 23512435
- E = 8775
- I = 14574
- Q = 87217
- R = 506883
- D = 8369

Other origin states:
1. arizona
   - Avg past 21-day population composition: S=8948165, E=44056, I=2827, Q=60936, R=73175, D=4590
   - Avg past 21-day inflow: arizona=12593850, mississippi=2059, new mexico=33023, texas=45336, virginia=5351

2. mississippi
   - Avg past 21-day population composition: S=672164, E=28723, I=14157, Q=11719, R=95914, D=2981
   - Avg past 21-day inflow: arizona=1898, mississippi=6433672, new mexico=1317, texas=31493, virginia=3517

3. new mexico
   - Avg past 21-day population composition: S=6408889, E=3053, I=643, Q=7370, R=30239, D=224
   - Avg past 21-day inflow: arizona=28122, mississippi=1297, new mexico=3587724, texas=149077, virginia=1361

4. virginia
   - Avg past 21-day population composition: S=8386456, E=49674, I=11709, Q=74706, R=344584, D=2726
   - Avg past 21-day inflow: arizona=5952, mississippi=4911, new mexico=2285, texas=26290, virginia=15100136

Please output the recommended traffic control policy in the required JSON format.
2025-12-25 10:51:51,759 - texas - INFO - Raw agent output:
```json
{
  "weekly_policy": {
      "restricted_state": "arizona"
      },
  "global_guidance": "Based on the provided data, Arizona has the highest 'Infectious Density' ((E+I)/Population) among the origin states, indicating a significant risk of importing hidden infections. Implementing a Targeted Inbound Screening policy from Arizona would reduce the number of exposed and infected individuals entering Texas, thereby minimizing the cumulative confirmed cases and deaths. While Virginia also shows a notable risk profile, the decision was made to target Arizona as it has a higher average daily inbound flow into Texas compared to other states, making it a more critical source to monitor and control."
}
```
2025-12-25 10:51:51,760 - texas - INFO - Parsed PolicyResponse: policy={'arizona': [0.5, 0.5]} explanation="Based on the provided data, Arizona has the highest 'Infectious Density' ((E+I)/Population) among the origin states, indicating a significant risk of importing hidden infections. Implementing a Targeted Inbound Screening policy from Arizona would reduce the number of exposed and infected individuals entering Texas, thereby minimizing the cumulative confirmed cases and deaths. While Virginia also shows a notable risk profile, the decision was made to target Arizona as it has a higher average daily inbound flow into Texas compared to other states, making it a more critical source to monitor and control."
2025-12-25 10:52:11,977 - texas - INFO - Region Agent texas - Iteration 13 / 18: Starting policy decision process.
2025-12-25 10:52:11,977 - texas - INFO - Region user prompt: For texas, you will be given the following information:

Epidemic and mobility information of this state are as follows:

SEIRD parameters:
- beta = 0.1282505889136005
- alpha = 0.9980485585499752
- gamma = 0.09877227622790413
- mu = 0.0009931221825234529
- delta = 0.6277712284052059

Current population composition:
- S = 22736488
- E = 10259
- I = 16523
- Q = 92431
- R = 630059
- D = 9670

Other origin states:
1. arizona
   - Avg past 21-day population composition: S=8948404, E=55469, I=3541, Q=77335, R=97108, D=4885
   - Avg past 21-day inflow: arizona=12775936, mississippi=1718, new mexico=30556, texas=45081, virginia=5287

2. mississippi
   - Avg past 21-day population composition: S=597867, E=27074, I=11945, Q=9865, R=109620, D=3279
   - Avg past 21-day inflow: arizona=1731, mississippi=6474992, new mexico=1372, texas=29713, virginia=3518

3. new mexico
   - Avg past 21-day population composition: S=6915295, E=3701, I=768, Q=9033, R=37420, D=268
   - Avg past 21-day inflow: arizona=28008, mississippi=1016, new mexico=3611569, texas=146639, virginia=1472

4. virginia
   - Avg past 21-day population composition: S=8279979, E=60601, I=14262, Q=92580, R=449750, D=2734
   - Avg past 21-day inflow: arizona=5618, mississippi=3822, new mexico=1787, texas=23716, virginia=15126464

Please output the recommended traffic control policy in the required JSON format.
2025-12-25 10:52:23,027 - texas - INFO - Raw agent output:
```json
{
  "weekly_policy": {
      "restricted_state": "virginia"
  },
  "global_guidance": "Based on the infectious density (E+I)/Population, Virginia presents the highest risk with an average of 3541 + 14262 = 17803 hidden infections over the past 14 days, compared to Arizona's 55469 + 3541 = 58910, Mississippi's 27074 + 11945 = 39019, and New Mexico's 3701 + 768 = 4469. Implementing a targeted screening policy for Virginian travelers would capture these hidden infections, reducing the risk of disease importation into Texas. While Arizona also has a significant number of hidden infections, targeting Virginia allows us to address a more immediate and substantial threat, thereby minimizing cumulative confirmed cases and deaths in Texas."
}
```
2025-12-25 10:52:23,027 - texas - INFO - Parsed PolicyResponse: policy={'virginia': [0.5, 0.5]} explanation="Based on the infectious density (E+I)/Population, Virginia presents the highest risk with an average of 3541 + 14262 = 17803 hidden infections over the past 14 days, compared to Arizona's 55469 + 3541 = 58910, Mississippi's 27074 + 11945 = 39019, and New Mexico's 3701 + 768 = 4469. Implementing a targeted screening policy for Virginian travelers would capture these hidden infections, reducing the risk of disease importation into Texas. While Arizona also has a significant number of hidden infections, targeting Virginia allows us to address a more immediate and substantial threat, thereby minimizing cumulative confirmed cases and deaths in Texas."
2025-12-25 10:52:51,231 - texas - INFO - Region Agent texas - Iteration 14 / 18: Starting policy decision process.
2025-12-25 10:52:51,231 - texas - INFO - Region user prompt: For texas, you will be given the following information:

Epidemic and mobility information of this state are as follows:

SEIRD parameters:
- beta = 0.1282505889136005
- alpha = 0.9980485585499752
- gamma = 0.09909480689445353
- mu = 0.0008899383719878963
- delta = 0.6277712284052059

Current population composition:
- S = 21853832
- E = 12623
- I = 20735
- Q = 111451
- R = 769364
- D = 10988

Other origin states:
1. arizona
   - Avg past 21-day population composition: S=8944210, E=69702, I=4456, Q=97751, R=127465, D=5094
   - Avg past 21-day inflow: arizona=13101290, mississippi=2159, new mexico=32596, texas=51399, virginia=5679

2. mississippi
   - Avg past 21-day population composition: S=532264, E=39372, I=14211, Q=9512, R=121610, D=3510
   - Avg past 21-day inflow: arizona=1989, mississippi=6656709, new mexico=1497, texas=29421, virginia=3739

3. new mexico
   - Avg past 21-day population composition: S=7540713, E=4703, I=976, Q=11118, R=46192, D=322
   - Avg past 21-day inflow: arizona=30633, mississippi=1120, new mexico=3686616, texas=151282, virginia=1936

4. virginia
   - Avg past 21-day population composition: S=8129610, E=72637, I=17126, Q=112352, R=578656, D=2735
   - Avg past 21-day inflow: arizona=5800, mississippi=4112, new mexico=2025, texas=24277, virginia=15457936

Please output the recommended traffic control policy in the required JSON format.
2025-12-25 10:52:55,849 - texas - INFO - Raw agent output:
```json
{
  "weekly_policy": {
      "restricted_state": "arizona"
      },
  "global_guidance": "Based on the current population composition and the SEIRD parameters, Arizona presents a higher risk profile with a significant number of exposed (E) and infected (I) individuals compared to Mississippi, New Mexico, and Virginia. Implementing a targeted inbound screening policy from Arizona would capture a substantial number of hidden infections, reducing the risk of disease spread into Texas. This approach aligns with the principle of coordination rather than competition, as it addresses a primary source of potential infection without overburdening other states that might also be implementing similar measures."
}
```
2025-12-25 10:52:55,849 - texas - INFO - Parsed PolicyResponse: policy={'arizona': [0.5, 0.5]} explanation='Based on the current population composition and the SEIRD parameters, Arizona presents a higher risk profile with a significant number of exposed (E) and infected (I) individuals compared to Mississippi, New Mexico, and Virginia. Implementing a targeted inbound screening policy from Arizona would capture a substantial number of hidden infections, reducing the risk of disease spread into Texas. This approach aligns with the principle of coordination rather than competition, as it addresses a primary source of potential infection without overburdening other states that might also be implementing similar measures.'
2025-12-25 10:53:15,040 - texas - INFO - Region Agent texas - Iteration 15 / 18: Starting policy decision process.
2025-12-25 10:53:15,040 - texas - INFO - Region user prompt: For texas, you will be given the following information:

Epidemic and mobility information of this state are as follows:

SEIRD parameters:
- beta = 0.1282505889136005
- alpha = 0.9980485585499752
- gamma = 0.09931137625330959
- mu = 0.0007904620361560658
- delta = 0.6277712284052059

Current population composition:
- S = 20968846
- E = 15072
- I = 24580
- Q = 133711
- R = 938923
- D = 12415

Other origin states:
1. arizona
   - Avg past 21-day population composition: S=8929314, E=86996, I=5564, Q=123201, R=165837, D=5234
   - Avg past 21-day inflow: arizona=13080168, mississippi=2109, new mexico=34666, texas=51916, virginia=5224

2. mississippi
   - Avg past 21-day population composition: S=482459, E=51397, I=19043, Q=11653, R=134696, D=3732
   - Avg past 21-day inflow: arizona=2279, mississippi=6606055, new mexico=1459, texas=30676, virginia=3551

3. new mexico
   - Avg past 21-day population composition: S=8106608, E=6138, I=1278, Q=14190, R=57185, D=388
   - Avg past 21-day inflow: arizona=33774, mississippi=1148, new mexico=3628380, texas=146052, virginia=1760

4. virginia
   - Avg past 21-day population composition: S=7981762, E=85956, I=20346, Q=134677, R=734128, D=2735
   - Avg past 21-day inflow: arizona=6174, mississippi=4465, new mexico=2035, texas=24801, virginia=15326305

Please output the recommended traffic control policy in the required JSON format.
2025-12-25 10:53:20,863 - texas - INFO - Raw agent output:
```json
{
  "weekly_policy": {
      "restricted_state": "virginia"
  },
  "global_guidance": "Given the high average daily inbound flow from Virginia (15326305) compared to other states, implementing a Targeted Inbound Screening policy for Virginia travelers would be highly effective. The 'Infectious Density' in Virginia, calculated as (E+I)/Population, is relatively low but still significant. By enforcing a 90% screening mandate, we can capture and convert a substantial number of exposed and infected individuals to the confirmed status upon arrival, thereby reducing the 'hidden' infectious population entering Texas. This approach complements the efforts of other states and fills a critical gap in regional defense against disease importation."
}
```
2025-12-25 10:53:20,864 - texas - INFO - Parsed PolicyResponse: policy={'virginia': [0.5, 0.5]} explanation="Given the high average daily inbound flow from Virginia (15326305) compared to other states, implementing a Targeted Inbound Screening policy for Virginia travelers would be highly effective. The 'Infectious Density' in Virginia, calculated as (E+I)/Population, is relatively low but still significant. By enforcing a 90percent screening mandate, we can capture and convert a substantial number of exposed and infected individuals to the confirmed status upon arrival, thereby reducing the 'hidden' infectious population entering Texas. This approach complements the efforts of other states and fills a critical gap in regional defense against disease importation."
2025-12-25 10:53:40,727 - texas - INFO - Region Agent texas - Iteration 16 / 18: Starting policy decision process.
2025-12-25 10:53:40,728 - texas - INFO - Region user prompt: For texas, you will be given the following information:

Epidemic and mobility information of this state are as follows:

SEIRD parameters:
- beta = 0.1282505889136005
- alpha = 0.9980485585499752
- gamma = 0.09945653442714063
- mu = 0.0006959306018464415
- delta = 0.6277712284052059

Current population composition:
- S = 20016266
- E = 17844
- I = 28839
- Q = 159120
- R = 1141571
- D = 13919

Other origin states:
1. arizona
   - Avg past 21-day population composition: S=8770303, E=107807, I=6894, Q=154397, R=214102, D=5320
   - Avg past 21-day inflow: arizona=13314477, mississippi=2086, new mexico=31372, texas=45426, virginia=4496

2. mississippi
   - Avg past 21-day population composition: S=448619, E=63341, I=24332, Q=14952, R=151280, D=3977
   - Avg past 21-day inflow: arizona=1918, mississippi=6631471, new mexico=1137, texas=28922, virginia=3545

3. new mexico
   - Avg past 21-day population composition: S=8744034, E=8136, I=1692, Q=18478, R=71363, D=474
   - Avg past 21-day inflow: arizona=37298, mississippi=1158, new mexico=3541362, texas=134761, virginia=1577

4. virginia
   - Avg past 21-day population composition: S=7844212, E=99496, I=23629, Q=158722, R=919117, D=2735
   - Avg past 21-day inflow: arizona=6648, mississippi=4247, new mexico=1850, texas=25030, virginia=15466694

Please output the recommended traffic control policy in the required JSON format.
2025-12-25 10:53:46,419 - texas - INFO - Raw agent output:
```json
{
  "weekly_policy": {
      "restricted_state": "virginia"
  },
  "global_guidance": "Given the high average daily inbound flow from Virginia and its relatively higher infectious density ((E+I)/Population) compared to other states, implementing a Targeted Inbound Screening policy for Virginia travelers would be highly effective. This strategy would capture a significant number of exposed (E) and infected (I) individuals, moving them directly into the confirmed (Q) compartment, thereby reducing the 'hidden' infectious population entering Texas. While other states like Arizona and Mississippi also have substantial flows, Virginia's higher risk profile justifies prioritizing it. This approach aligns with the principle of coordination over competition, ensuring that we address the most critical entry point without duplicating efforts on less risky origins."
}
```
2025-12-25 10:53:46,420 - texas - INFO - Parsed PolicyResponse: policy={'virginia': [0.5, 0.5]} explanation="Given the high average daily inbound flow from Virginia and its relatively higher infectious density ((E+I)/Population) compared to other states, implementing a Targeted Inbound Screening policy for Virginia travelers would be highly effective. This strategy would capture a significant number of exposed (E) and infected (I) individuals, moving them directly into the confirmed (Q) compartment, thereby reducing the 'hidden' infectious population entering Texas. While other states like Arizona and Mississippi also have substantial flows, Virginia's higher risk profile justifies prioritizing it. This approach aligns with the principle of coordination over competition, ensuring that we address the most critical entry point without duplicating efforts on less risky origins."
2025-12-25 10:54:06,965 - texas - INFO - Region Agent texas - Iteration 17 / 18: Starting policy decision process.
2025-12-25 10:54:06,966 - texas - INFO - Region user prompt: For texas, you will be given the following information:

Epidemic and mobility information of this state are as follows:

SEIRD parameters:
- beta = 0.1282505889136005
- alpha = 0.9980485585499752
- gamma = 0.09955371109610621
- mu = 0.0006073159463312871
- delta = 0.6277712284052059

Current population composition:
- S = 19095286
- E = 22853
- I = 35188
- Q = 185223
- R = 1380439
- D = 15472

Other origin states:
1. arizona
   - Avg past 21-day population composition: S=8403839, E=131737, I=8423, Q=192066, R=274415, D=5371
   - Avg past 21-day inflow: arizona=13145499, mississippi=2050, new mexico=28775, texas=42590, virginia=4029

2. mississippi
   - Avg past 21-day population composition: S=412298, E=75964, I=30459, Q=19012, R=172488, D=4249
   - Avg past 21-day inflow: arizona=1900, mississippi=6630556, new mexico=1129, texas=28405, virginia=3183

3. new mexico
   - Avg past 21-day population composition: S=9508943, E=11091, I=2307, Q=24632, R=90027, D=585
   - Avg past 21-day inflow: arizona=43462, mississippi=1293, new mexico=3435281, texas=129254, virginia=1197

4. virginia
   - Avg past 21-day population composition: S=7705269, E=112189, I=26733, Q=182854, R=1134864, D=2735
   - Avg past 21-day inflow: arizona=6592, mississippi=3845, new mexico=1710, texas=23739, virginia=15261036

Please output the recommended traffic control policy in the required JSON format.
2025-12-25 10:54:11,312 - texas - INFO - Raw agent output:
```json
{
  "weekly_policy": {
      "restricted_state": "mississippi"
      },
  "global_guidance": "Based on the current SEIRD parameters and population compositions, Mississippi presents a higher risk profile with a significant number of exposed (E) and infected (I) individuals compared to Arizona, New Mexico, and Virginia. Implementing a targeted inbound screening policy from Mississippi would capture a substantial number of hidden infections, reducing the potential for disease spread into Texas. This approach aligns with the goal of minimizing cumulative confirmed cases and deaths by addressing the most immediate threat while avoiding the overburdening of resources that might occur if multiple states were screened simultaneously."
}
```
2025-12-25 10:54:11,312 - texas - INFO - Parsed PolicyResponse: policy={'mississippi': [0.5, 0.5]} explanation='Based on the current SEIRD parameters and population compositions, Mississippi presents a higher risk profile with a significant number of exposed (E) and infected (I) individuals compared to Arizona, New Mexico, and Virginia. Implementing a targeted inbound screening policy from Mississippi would capture a substantial number of hidden infections, reducing the potential for disease spread into Texas. This approach aligns with the goal of minimizing cumulative confirmed cases and deaths by addressing the most immediate threat while avoiding the overburdening of resources that might occur if multiple states were screened simultaneously.'
2025-12-25 10:54:30,496 - texas - INFO - Region Agent texas - Iteration 18 / 18: Starting policy decision process.
2025-12-25 10:54:30,497 - texas - INFO - Region user prompt: For texas, you will be given the following information:

Epidemic and mobility information of this state are as follows:

SEIRD parameters:
- beta = 0.1282505889136005
- alpha = 0.9980485585499752
- gamma = 0.09961871383783971
- mu = 0.000525324031575605
- delta = 0.6277712284052059

Current population composition:
- S = 17952742
- E = 14192
- I = 23083
- Q = 170868
- R = 1638760
- D = 16933

Other origin states:
1. arizona
   - Avg past 21-day population composition: S=7852835, E=155931, I=9943, Q=235302, R=348978, D=5397
   - Avg past 21-day inflow: arizona=12798149, mississippi=1891, new mexico=27828, texas=53906, virginia=5103

2. mississippi
   - Avg past 21-day population composition: S=401275, E=72641, I=29527, Q=21615, R=198534, D=4535
   - Avg past 21-day inflow: arizona=2184, mississippi=6318817, new mexico=1008, texas=38606, virginia=4148

3. new mexico
   - Avg past 21-day population composition: S=10368086, E=15285, I=3188, Q=33742, R=115250, D=735
   - Avg past 21-day inflow: arizona=46636, mississippi=1937, new mexico=3247252, texas=141481, virginia=1410

4. virginia
   - Avg past 21-day population composition: S=7552948, E=122558, I=29300, Q=204954, R=1380300, D=2735
   - Avg past 21-day inflow: arizona=7210, mississippi=4629, new mexico=1614, texas=29515, virginia=14873036

Please output the recommended traffic control policy in the required JSON format.
2025-12-25 10:54:34,984 - texas - INFO - Raw agent output:
```json
{
  "weekly_policy": {
      "restricted_state": "virginia"
  },
  "global_guidance": "Given the high average daily inbound flow from Virginia and its relatively high infectious density ((E+I)/Population) of 0.000415, implementing a Targeted Inbound Screening policy would significantly reduce the number of hidden infections entering Texas. This approach aligns with the principle of coordination rather than competition, as it addresses a substantial and potentially high-risk source of disease importation without overburdening other states that might also be facing similar challenges. By focusing on Virginia, we can effectively lower the cumulative confirmed cases and deaths in Texas within the next 14 days."
}
```
2025-12-25 10:54:34,985 - texas - INFO - Parsed PolicyResponse: policy={'virginia': [0.5, 0.5]} explanation='Given the high average daily inbound flow from Virginia and its relatively high infectious density ((E+I)/Population) of 0.000415, implementing a Targeted Inbound Screening policy would significantly reduce the number of hidden infections entering Texas. This approach aligns with the principle of coordination rather than competition, as it addresses a substantial and potentially high-risk source of disease importation without overburdening other states that might also be facing similar challenges. By focusing on Virginia, we can effectively lower the cumulative confirmed cases and deaths in Texas within the next 14 days.'
