2025-12-21 20:32:33,349 - mississippi - INFO - Region Agent mississippi - Iteration 1 / 6: Starting policy decision process.
2025-12-21 20:32:33,349 - mississippi - INFO - Region user prompt: For mississippi, you will be given the following information:

Epidemic and mobility information of this state are as follows:

SEIRD parameters:
- beta = 0.1777045562951643
- alpha = 0.0557887604960571
- gamma = 0.1
- mu = 0.0
- delta = 0.0671164839606214

Current population composition:
- S = 2970629
- E = 906
- I = 1753
- Q = 2463
- R = 301
- D = 97

Other origin states:
1. arizona
   - Avg past 21-day population composition: S=7272180, E=1952, I=962, Q=3319, R=186, D=118
   - Avg past 21-day inflow: arizona=9717467, mississippi=1551, new mexico=19529, texas=27907, virginia=3665

2. new mexico
   - Avg past 21-day population composition: S=2093484, E=816, I=1276, Q=959, R=265, D=29
   - Avg past 21-day inflow: arizona=14511, mississippi=1425, new mexico=2776969, texas=84217, virginia=1004

3. texas
   - Avg past 21-day population composition: S=28984537, E=927, I=327, Q=7619, R=2141, D=330
   - Avg past 21-day inflow: arizona=22661, mississippi=24412, new mexico=47170, texas=39820832, virginia=11782

4. virginia
   - Avg past 21-day population composition: S=8524995, E=1825, I=3189, Q=4825, R=540, D=145
   - Avg past 21-day inflow: arizona=3171, mississippi=2260, new mexico=1385, texas=13780, virginia=11423959


 Ground truth daily average for next 42-day inbound by origin states; 
From arizona: Inflow =1533.93;
From new mexico: Inflow =1238.67;
From texas: Inflow =28019.38;
From virginia: Inflow =3357.86;

Please output the recommended traffic control policy in the required JSON format.
2025-12-21 20:33:21,029 - mississippi - INFO - Raw agent output:
```json
{
  "arizona": {
      "fractions": [0.1, 0.1, 0.2, 0.2, 0.2, 0.2],
      "notes": "1. Risk Interpretation: Arizona has a moderate number of infected (I=962) and exposed (E=1952) individuals, indicating ongoing transmission. 2. Quantitative Logic: Imported infections ~ Flow*ft*(I/population). 3. Pattern: Even distribution to balance risk and mobility. 4. Trade-offs: This approach maintains some mobility while reducing the peak burden on healthcare. 5. Validation: 0.1 + 0.1 + 0.2 + 0.2 + 0.2 + 0.2 = 1.0."
  },
  "new mexico": {
      "fractions": [0.1, 0.1, 0.2, 0.2, 0.2, 0.2],
      "notes": "1. Risk Interpretation: New Mexico has a higher proportion of infected (I=1276) relative to its population, indicating a significant risk. 2. Quantitative Logic: Imported infections ~ Flow*ft*(I/population). 3. Pattern: Even distribution to balance risk and mobility. 4. Trade-offs: This approach helps in maintaining economic activity while controlling the spread. 5. Validation: 0.1 + 0.1 + 0.2 + 0.2 + 0.2 + 0.2 = 1.0."
  },
  "texas": {
      "fractions": [0.2, 0.1, 0.1, 0.2, 0.2, 0.2],
      "notes": "1. Risk Interpretation: Texas has a large population with a relatively low number of infected (I=327), suggesting a lower immediate risk. 2. Quantitative Logic: Imported infections ~ Flow*ft*(I/population). 3. Pattern: Strict-first to reduce initial exposure, followed by relaxation. 4. Trade-offs: This approach helps in reducing the initial surge of cases while allowing gradual reopening. 5. Validation: 0.2 + 0.1 + 0.1 + 0.2 + 0.2 + 0.2 = 1.0."
  },
  "virginia": {
      "fractions": [0.1, 0.1, 0.2, 0.2, 0.2, 0.2],
      "notes": "1. Risk Interpretation: Virginia has a high number of infected (I=3189) and exposed (E=1825) individuals, indicating a high risk of importation. 2. Quantitative Logic: Imported infections ~ Flow*ft*(I/population). 3. Pattern: Even distribution to balance risk and mobility. 4. Trade-offs: This approach helps in maintaining economic activity while controlling the spread. 5. Validation: 0.1 + 0.1 + 0.2 + 0.2 + 0.2 + 0.2 = 1.0."
  },
  "global_guidance": "1. Cross-state Reasoning: By distributing the traffic evenly across the 6 weeks, we can reduce the peak number of imported infections and deaths in Mississippi. 2. Quantitative Cooperation Logic: The even distribution strategy ensures that no single week experiences a high influx of infected individuals, thereby flattening the curve. 3. Sensitivity Reasoning: If the prevalence or transmission rate (beta) increases, the even distribution strategy will still help in managing the overall burden, though more stringent measures might be needed in high-risk states like Virginia."
}
```
2025-12-21 20:33:21,029 - mississippi - INFO - Parsed PolicyResponse: policy={'arizona': [0.1, 0.1, 0.2, 0.2, 0.2, 0.2], 'new mexico': [0.1, 0.1, 0.2, 0.2, 0.2, 0.2], 'texas': [0.2, 0.1, 0.1, 0.2, 0.2, 0.2], 'virginia': [0.1, 0.1, 0.2, 0.2, 0.2, 0.2]} explanation='1. Cross-state Reasoning: By distributing the traffic evenly across the 6 weeks, we can reduce the peak number of imported infections and deaths in Mississippi. 2. Quantitative Cooperation Logic: The even distribution strategy ensures that no single week experiences a high influx of infected individuals, thereby flattening the curve. 3. Sensitivity Reasoning: If the prevalence or transmission rate (beta) increases, the even distribution strategy will still help in managing the overall burden, though more stringent measures might be needed in high-risk states like Virginia.'
2025-12-21 20:35:33,326 - mississippi - INFO - Region Agent mississippi - Iteration 2 / 6: Starting policy decision process.
2025-12-21 20:35:33,326 - mississippi - INFO - Region user prompt: For mississippi, you will be given the following information:

Epidemic and mobility information of this state are as follows:

SEIRD parameters:
- beta = 0.1777045562951643
- alpha = 0.0557887604960571
- gamma = 0.090291905
- mu = 0.003366272675632136
- delta = 0.0671164839606214

Current population composition:
- S = 2613516
- E = 12509
- I = 5963
- Q = 3115
- R = 7886
- D = 396

Other origin states:
1. arizona
   - Avg past 21-day population composition: S=7968404, E=5765, I=370, Q=8362, R=2756, D=650
   - Avg past 21-day inflow: arizona=12334093, mississippi=2454, new mexico=31674, texas=33956, virginia=5371

2. new mexico
   - Avg past 21-day population composition: S=3325479, E=742, I=161, Q=2127, R=4438, D=60
   - Avg past 21-day inflow: arizona=30071, mississippi=1538, new mexico=3538501, texas=141793, virginia=696

3. texas
   - Avg past 21-day population composition: S=27307697, E=1561, I=2452, Q=17384, R=24811, D=1048
   - Avg past 21-day inflow: arizona=43015, mississippi=31580, new mexico=85688, texas=54356274, virginia=16518

4. virginia
   - Avg past 21-day population composition: S=8538993, E=6705, I=1572, Q=9624, R=22333, D=1100
   - Avg past 21-day inflow: arizona=4339, mississippi=3348, new mexico=1334, texas=23394, virginia=14133151


 Ground truth daily average for next 42-day inbound by origin states; 
From arizona: Inflow =2404.48;
From new mexico: Inflow =1515.36;
From texas: Inflow =38731.55;
From virginia: Inflow =4450.45;

Please output the recommended traffic control policy in the required JSON format.
2025-12-21 20:36:27,575 - mississippi - INFO - Raw agent output:
```json
{
  "arizona": {
    "fractions": [0.1, 0.1, 0.2, 0.2, 0.2, 0.2],
    "notes": "The risk interpretation shows Arizona has a moderate number of infected individuals (I=370) and a relatively high number of confirmed cases (Q=8362). The expected imported infections can be estimated as imported_infected ~ Flow*ft*(I/population). To balance epidemic control and mobility, a strict-first then relaxed pattern is chosen. This pattern helps to reduce initial infection pressure and gradually allow more travel as the situation stabilizes. Trade-offs involve initial economic impact on travel but long-term benefits in reducing case numbers. The fractions sum to 1 (0.1 + 0.1 + 0.2 + 0.2 + 0.2 + 0.2 = 1)."
  },
  "new mexico": {
    "fractions": [0.15, 0.15, 0.2, 0.2, 0.15, 0.15],
    "notes": "New Mexico has a low number of infected individuals (I=161) and confirmed cases (Q=2127). The expected imported infections are lower compared to other states. An even distribution is chosen to maintain a balanced approach. This pattern ensures consistent control while allowing some mobility. Trade-offs include maintaining a steady flow of travelers without significantly increasing infection risks. The fractions sum to 1 (0.15 + 0.15 + 0.2 + 0.2 + 0.15 + 0.15 = 1)."
  },
  "texas": {
    "fractions": [0.2, 0.2, 0.15, 0.15, 0.15, 0.15],
    "notes": "Texas has a higher number of infected individuals (I=2452) and confirmed cases (Q=17384). The expected imported infections are significant. A strict-first then relaxed pattern is chosen to initially reduce the influx of infections. This pattern helps to manage the initial high infection pressure and gradually allow more travel as the situation improves. Trade-offs involve a more stringent initial control with potential economic impacts, but long-term benefits in reducing case numbers. The fractions sum to 1 (0.2 + 0.2 + 0.15 + 0.15 + 0.15 + 0.15 = 1)."
  },
  "virginia": {
    "fractions": [0.1, 0.1, 0.2, 0.2, 0.2, 0.2],
    "notes": "Virginia has a moderate number of infected individuals (I=1572) and a relatively high number of confirmed cases (Q=9624). The expected imported infections can be estimated as imported_infected ~ Flow*ft*(I/population). To balance epidemic control and mobility, a strict-first then relaxed pattern is chosen. This pattern helps to reduce initial infection pressure and gradually allow more travel as the situation stabilizes. Trade-offs involve initial economic impact on travel but long-term benefits in reducing case numbers. The fractions sum to 1 (0.1 + 0.1 + 0.2 + 0.2 + 0.2 + 0.2 = 1)."
  },
  "global_guidance": "The cross-state reasoning shows that a combination of strict-first and even distribution patterns is used to minimize the cumulative confirmed and deceased cases in Mississippi. By applying stricter controls initially, especially from states with higher infection rates like Texas and Virginia, we can significantly reduce the initial influx of infections. As the situation stabilizes, more relaxed controls allow for gradual resumption of travel. Quantitative cooperation logic involves balancing the infection pressure from different states and weeks to achieve the best overall outcome. Sensitivity reasoning indicates that if prevalence or transmission rate (beta) varies, the effectiveness of these patterns may change, necessitating adjustments in the fractions to maintain optimal control."
}
```
2025-12-21 20:36:27,575 - mississippi - INFO - Parsed PolicyResponse: policy={'arizona': [0.1, 0.1, 0.2, 0.2, 0.2, 0.2], 'new mexico': [0.15, 0.15, 0.2, 0.2, 0.15, 0.15], 'texas': [0.2, 0.2, 0.15, 0.15, 0.15, 0.15], 'virginia': [0.1, 0.1, 0.2, 0.2, 0.2, 0.2]} explanation='The cross-state reasoning shows that a combination of strict-first and even distribution patterns is used to minimize the cumulative confirmed and deceased cases in Mississippi. By applying stricter controls initially, especially from states with higher infection rates like Texas and Virginia, we can significantly reduce the initial influx of infections. As the situation stabilizes, more relaxed controls allow for gradual resumption of travel. Quantitative cooperation logic involves balancing the infection pressure from different states and weeks to achieve the best overall outcome. Sensitivity reasoning indicates that if prevalence or transmission rate (beta) varies, the effectiveness of these patterns may change, necessitating adjustments in the fractions to maintain optimal control.'
2025-12-21 20:38:19,462 - mississippi - INFO - Region Agent mississippi - Iteration 3 / 6: Starting policy decision process.
2025-12-21 20:38:19,462 - mississippi - INFO - Region user prompt: For mississippi, you will be given the following information:

Epidemic and mobility information of this state are as follows:

SEIRD parameters:
- beta = 0.1777045562951643
- alpha = 0.0557887604960571
- gamma = 0.090291905
- mu = 0.002942156764606069
- delta = 0.0671164839606214

Current population composition:
- S = 1840243
- E = 32970
- I = 15754
- Q = 9697
- R = 30666
- D = 1184

Other origin states:
1. arizona
   - Avg past 21-day population composition: S=8521938, E=13357, I=881, Q=18692, R=13930, D=2102
   - Avg past 21-day inflow: arizona=12691405, mississippi=3083, new mexico=39864, texas=67532, virginia=6841

2. new mexico
   - Avg past 21-day population composition: S=4646889, E=1421, I=338, Q=3587, R=11575, D=103
   - Avg past 21-day inflow: arizona=43434, mississippi=1508, new mexico=3781302, texas=193648, virginia=1407

3. texas
   - Avg past 21-day population composition: S=25410710, E=4266, I=7003, Q=38605, R=111776, D=2939
   - Avg past 21-day inflow: arizona=57858, mississippi=66136, new mexico=144830, texas=57497200, virginia=30149

4. virginia
   - Avg past 21-day population composition: S=8706635, E=14466, I=3408, Q=21007, R=77028, D=2220
   - Avg past 21-day inflow: arizona=6710, mississippi=4957, new mexico=2112, texas=30186, virginia=15378004


 Ground truth daily average for next 42-day inbound by origin states; 
From arizona: Inflow =2126.55;
From new mexico: Inflow =1445.71;
From texas: Inflow =33169.93;
From virginia: Inflow =4255.48;

Please output the recommended traffic control policy in the required JSON format.
2025-12-21 20:38:54,709 - mississippi - INFO - Raw agent output:
```json
{
  "arizona": {
    "fractions": [0.1, 0.1, 0.1, 0.2, 0.2, 0.3],
    "notes": "1. Risk Interpretation: Arizona has a relatively low number of infected individuals (I=881) but a significant number of exposed (E=13357). 2. Quantitative Logic: Imported infections can be estimated as Flow*ft*(I/population) = 2126.55*ft*(881/8521938). 3. Traffic Allocation Pattern: Strict-first to minimize initial exposure, then gradually relax to balance economic needs. 4. Trade-offs: Early strict control reduces immediate risk but may impact travel and trade. 5. Validation: 0.1 + 0.1 + 0.1 + 0.2 + 0.2 + 0.3 = 1."
  },
  "new mexico": {
    "fractions": [0.15, 0.15, 0.15, 0.2, 0.2, 0.15],
    "notes": "1. Risk Interpretation: New Mexico has a very low number of infected individuals (I=338) and exposed (E=1421). 2. Quantitative Logic: Imported infections can be estimated as Flow*ft*(I/population) = 1445.71*ft*(338/4646889). 3. Traffic Allocation Pattern: Even distribution to maintain consistent control without excessive restriction. 4. Trade-offs: Balanced approach to minimize disruption while controlling spread. 5. Validation: 0.15 + 0.15 + 0.15 + 0.2 + 0.2 + 0.15 = 1."
  },
  "texas": {
    "fractions": [0.3, 0.2, 0.15, 0.15, 0.1, 0.1],
    "notes": "1. Risk Interpretation: Texas has a higher number of infected individuals (I=7003) and exposed (E=4266). 2. Quantitative Logic: Imported infections can be estimated as Flow*ft*(I/population) = 33169.93*ft*(7003/25410710). 3. Traffic Allocation Pattern: Strict-first to significantly reduce initial exposure, then gradually relax. 4. Trade-offs: Early strict control is crucial due to high infection rates, but gradual relaxation helps economic recovery. 5. Validation: 0.3 + 0.2 + 0.15 + 0.15 + 0.1 + 0.1 = 1."
  },
  "virginia": {
    "fractions": [0.2, 0.2, 0.2, 0.15, 0.15, 0.1],
    "notes": "1. Risk Interpretation: Virginia has a moderate number of infected individuals (I=3408) and exposed (E=14466). 2. Quantitative Logic: Imported infections can be estimated as Flow*ft*(I/population) = 4255.48*ft*(3408/8706635). 3. Traffic Allocation Pattern: Even distribution with a slight relaxation towards the end to balance control and mobility. 4. Trade-offs: Balanced approach to manage risk while supporting travel and trade. 5. Validation: 0.2 + 0.2 + 0.2 + 0.15 + 0.15 + 0.1 = 1."
  },
  "global_guidance": "1. Cross-state Reasoning: By implementing strict controls early on for states with higher infection rates (Texas), and maintaining balanced control for states with lower infection rates (New Mexico and Virginia), we can collectively reduce the expected imported infections and deaths in Mississippi. 2. Quantitative Cooperation Logic: The traffic allocation patterns are designed to balance the infection pressure across weeks and states, ensuring that the highest risk periods are managed with the strictest controls. 3. Sensitivity Reasoning: If the prevalence or transmission rate (beta) increases, the strict-first approach will be more critical to prevent a surge in cases. Conversely, if these parameters decrease, a more relaxed approach could be considered, but the initial strict control remains essential to establish a baseline of safety."
}
```
2025-12-21 20:38:54,709 - mississippi - INFO - Parsed PolicyResponse: policy={'arizona': [0.1, 0.1, 0.1, 0.2, 0.2, 0.3], 'new mexico': [0.15000000000000002, 0.15000000000000002, 0.15000000000000002, 0.20000000000000004, 0.20000000000000004, 0.1499999999999998], 'texas': [0.3, 0.2, 0.15, 0.15, 0.1, 0.1], 'virginia': [0.19999999999999996, 0.19999999999999996, 0.19999999999999996, 0.14999999999999997, 0.14999999999999997, 0.10000000000000031]} explanation='1. Cross-state Reasoning: By implementing strict controls early on for states with higher infection rates (Texas), and maintaining balanced control for states with lower infection rates (New Mexico and Virginia), we can collectively reduce the expected imported infections and deaths in Mississippi. 2. Quantitative Cooperation Logic: The traffic allocation patterns are designed to balance the infection pressure across weeks and states, ensuring that the highest risk periods are managed with the strictest controls. 3. Sensitivity Reasoning: If the prevalence or transmission rate (beta) increases, the strict-first approach will be more critical to prevent a surge in cases. Conversely, if these parameters decrease, a more relaxed approach could be considered, but the initial strict control remains essential to establish a baseline of safety.'
2025-12-21 20:41:33,803 - mississippi - INFO - Region Agent mississippi - Iteration 4 / 6: Starting policy decision process.
2025-12-21 20:41:33,803 - mississippi - INFO - Region user prompt: For mississippi, you will be given the following information:

Epidemic and mobility information of this state are as follows:

SEIRD parameters:
- beta = 0.1777045562951643
- alpha = 0.0557887604960571
- gamma = 0.090291905
- mu = 0.00234683660135996
- delta = 0.0671164839606214

Current population composition:
- S = 871332
- E = 40976
- I = 20210
- Q = 14967
- R = 75346
- D = 2478

Other origin states:
1. arizona
   - Avg past 21-day population composition: S=8949333, E=29156, I=1922, Q=39965, R=42006, D=3892
   - Avg past 21-day inflow: arizona=12204458, mississippi=3375, new mexico=38069, texas=38224, virginia=7170

2. new mexico
   - Avg past 21-day population composition: S=5859863, E=3198, I=746, Q=8426, R=26706, D=197
   - Avg past 21-day inflow: arizona=24899, mississippi=1564, new mexico=3591304, texas=156352, virginia=1567

3. texas
   - Avg past 21-day population composition: S=24357397, E=8697, I=14346, Q=82217, R=356340, D=6896
   - Avg past 21-day inflow: arizona=55736, mississippi=44559, new mexico=142305, texas=56021642, virginia=28664

4. virginia
   - Avg past 21-day population composition: S=8471017, E=31757, I=7496, Q=46887, R=199197, D=2685
   - Avg past 21-day inflow: arizona=8264, mississippi=4171, new mexico=1870, texas=31926, virginia=14714026


 Ground truth daily average for next 42-day inbound by origin states; 
From arizona: Inflow =1837.67;
From new mexico: Inflow =1312.81;
From texas: Inflow =30375.71;
From virginia: Inflow =3674.74;

Please output the recommended traffic control policy in the required JSON format.
2025-12-21 20:42:20,730 - mississippi - INFO - Raw agent output:
```json
{
  "arizona": {
    "fractions": [0.1, 0.1, 0.1, 0.1, 0.3, 0.3],
    "notes": "Arizona has a relatively low number of infected individuals (I=1922) and a moderate number of exposed (E=29156). The strict-first pattern is chosen to minimize the initial impact of imported infections. The relaxation in the later weeks allows for some economic recovery while maintaining control. The expected imported infections can be approximated as imported_infected ~ Flow*ft*(I/population). The fractions sum to 1, ensuring the total flow remains constant over the 6 weeks."
  },
  "new mexico": {
    "fractions": [0.1, 0.1, 0.1, 0.2, 0.2, 0.3],
    "notes": "New Mexico has a very low number of infected individuals (I=746) and a moderate number of exposed (E=3198). A strict-first pattern is chosen to ensure minimal initial importation of cases. The gradual increase in the latter weeks balances the need for economic activity with continued control. The expected imported infections can be approximated as imported_infected ~ Flow*ft*(I/population). The fractions sum to 1, ensuring the total flow remains constant over the 6 weeks."
  },
  "texas": {
    "fractions": [0.1, 0.1, 0.1, 0.2, 0.2, 0.3],
    "notes": "Texas has a higher number of infected individuals (I=14346) and a significant number of exposed (E=8697). A strict-first pattern is chosen to minimize the initial influx of cases. The gradual increase in the latter weeks allows for a balance between economic activity and epidemic control. The expected imported infections can be approximated as imported_infected ~ Flow*ft*(I/population). The fractions sum to 1, ensuring the total flow remains constant over the 6 weeks."
  },
  "virginia": {
    "fractions": [0.1, 0.1, 0.1, 0.2, 0.2, 0.3],
    "notes": "Virginia has a moderate number of infected individuals (I=7496) and a significant number of exposed (E=31757). A strict-first pattern is chosen to minimize the initial influx of cases. The gradual increase in the latter weeks allows for a balance between economic activity and epidemic control. The expected imported infections can be approximated as imported_infected ~ Flow*ft*(I/population). The fractions sum to 1, ensuring the total flow remains constant over the 6 weeks."
  },
  "global_guidance": "The overall strategy is to minimize the initial influx of infected individuals from all states, especially those with higher infection rates like Texas and Virginia. By implementing a strict-first pattern, we reduce the immediate risk of importing cases, which is crucial for controlling the epidemic. The gradual relaxation in the latter weeks allows for economic recovery while maintaining control. Cross-state cooperation is essential, as reducing the total number of imported infections from all states collectively helps in minimizing the cumulative confirmed and deceased cases in Mississippi. Sensitivity analysis shows that if the prevalence or transmission rate (beta) increases, the strict-first pattern becomes even more critical to prevent a surge in cases. The fractions for each state sum to 1, ensuring the total flow remains constant over the 6 weeks."
}
```
2025-12-21 20:42:20,730 - mississippi - INFO - Parsed PolicyResponse: policy={'arizona': [0.1, 0.1, 0.1, 0.1, 0.3, 0.3], 'new mexico': [0.1, 0.1, 0.1, 0.2, 0.2, 0.3], 'texas': [0.1, 0.1, 0.1, 0.2, 0.2, 0.3], 'virginia': [0.1, 0.1, 0.1, 0.2, 0.2, 0.3]} explanation='The overall strategy is to minimize the initial influx of infected individuals from all states, especially those with higher infection rates like Texas and Virginia. By implementing a strict-first pattern, we reduce the immediate risk of importing cases, which is crucial for controlling the epidemic. The gradual relaxation in the latter weeks allows for economic recovery while maintaining control. Cross-state cooperation is essential, as reducing the total number of imported infections from all states collectively helps in minimizing the cumulative confirmed and deceased cases in Mississippi. Sensitivity analysis shows that if the prevalence or transmission rate (beta) increases, the strict-first pattern becomes even more critical to prevent a surge in cases. The fractions for each state sum to 1, ensuring the total flow remains constant over the 6 weeks.'
2025-12-21 20:44:55,817 - mississippi - INFO - Region Agent mississippi - Iteration 5 / 6: Starting policy decision process.
2025-12-21 20:44:55,818 - mississippi - INFO - Region user prompt: For mississippi, you will be given the following information:

Epidemic and mobility information of this state are as follows:

SEIRD parameters:
- beta = 0.1777045562951643
- alpha = 0.0557887604960571
- gamma = 0.090291905
- mu = 0.0017084427217835844
- delta = 0.0671164839606214

Current population composition:
- S = 587540
- E = 27694
- I = 9548
- Q = 8355
- R = 122634
- D = 3549

Other origin states:
1. arizona
   - Avg past 21-day population composition: S=9000465, E=61382, I=3979, Q=86169, R=104753, D=5148
   - Avg past 21-day inflow: arizona=12775936, mississippi=2400, new mexico=37543, texas=54992, virginia=6529

2. new mexico
   - Avg past 21-day population composition: S=7392066, E=6620, I=1441, Q=17148, R=59560, D=400
   - Avg past 21-day inflow: arizona=39259, mississippi=706, new mexico=3611569, texas=118198, virginia=1715

3. texas
   - Avg past 21-day population composition: S=22545967, E=12563, I=20916, Q=123291, R=788615, D=12263
   - Avg past 21-day inflow: arizona=52890, mississippi=50909, new mexico=120189, texas=57587273, virginia=31681

4. virginia
   - Avg past 21-day population composition: S=8313352, E=63738, I=15017, Q=97845, R=465135, D=2760
   - Avg past 21-day inflow: arizona=8631, mississippi=3256, new mexico=1762, texas=26190, virginia=15126464


 Ground truth daily average for next 42-day inbound by origin states; 
From arizona: Inflow =2040.62;
From new mexico: Inflow =1325.98;
From texas: Inflow =29744.52;
From virginia: Inflow =3560.95;

Please output the recommended traffic control policy in the required JSON format.
2025-12-21 20:45:16,032 - mississippi - INFO - Raw agent output:
```json
{
  "arizona": {
    "fractions": [0.1, 0.1, 0.1, 0.1, 0.2, 0.4],
    "notes": "Arizona has a relatively high number of exposed (E) and infected (I) individuals, indicating a significant risk of importing infections. The strict-first pattern is chosen to minimize initial exposure, with a gradual relaxation towards the end of the period. This approach balances the need to control the epidemic with the eventual resumption of normal mobility. The fractions sum to 1, ensuring the total flow remains constant."
  },
  "new mexico": {
    "fractions": [0.15, 0.15, 0.15, 0.15, 0.2, 0.2],
    "notes": "New Mexico has a lower number of exposed (E) and infected (I) individuals compared to Arizona, but still poses a risk. An even distribution is chosen to maintain a consistent level of control throughout the period, balancing epidemic control and mobility. The fractions sum to 1, ensuring the total flow remains constant."
  },
  "texas": {
    "fractions": [0.2, 0.2, 0.2, 0.2, 0.1, 0.1],
    "notes": "Texas has a high number of exposed (E) and infected (I) individuals, posing a significant risk. A strict-first pattern is chosen to heavily restrict initial inflow, with a gradual relaxation towards the end. This approach aims to minimize the initial impact of imported infections while allowing for some recovery in mobility. The fractions sum to 1, ensuring the total flow remains constant."
  },
  "virginia": {
    "fractions": [0.1, 0.1, 0.1, 0.2, 0.2, 0.3],
    "notes": "Virginia has a moderate number of exposed (E) and infected (I) individuals. A relaxed-first pattern is chosen to balance the need for economic activity with epidemic control. The fractions sum to 1, ensuring the total flow remains constant."
  },
  "global_guidance": "The overall strategy is to minimize the importation of infections and deaths by strategically controlling traffic from each state. The strict-first patterns for Arizona and Texas aim to reduce the initial surge of infections, while the even distribution for New Mexico maintains a consistent level of control. Virginia's relaxed-first pattern allows for some economic activity while still managing the epidemic. Cross-state cooperation is essential to ensure that the combined effect of these policies reduces the overall burden on Mississippi. Sensitivity analysis shows that if the prevalence or transmission rate (beta) increases, stricter controls would be necessary to achieve the same reduction in imported infections and deaths."
}
```
2025-12-21 20:45:16,032 - mississippi - INFO - Parsed PolicyResponse: policy={'arizona': [0.1, 0.1, 0.1, 0.1, 0.2, 0.4], 'new mexico': [0.15, 0.15, 0.15, 0.15, 0.2, 0.2], 'texas': [0.2, 0.2, 0.2, 0.2, 0.1, 0.1], 'virginia': [0.1, 0.1, 0.1, 0.2, 0.2, 0.3]} explanation="The overall strategy is to minimize the importation of infections and deaths by strategically controlling traffic from each state. The strict-first patterns for Arizona and Texas aim to reduce the initial surge of infections, while the even distribution for New Mexico maintains a consistent level of control. Virginia's relaxed-first pattern allows for some economic activity while still managing the epidemic. Cross-state cooperation is essential to ensure that the combined effect of these policies reduces the overall burden on Mississippi. Sensitivity analysis shows that if the prevalence or transmission rate (beta) increases, stricter controls would be necessary to achieve the same reduction in imported infections and deaths."
2025-12-21 20:47:29,267 - mississippi - INFO - Region Agent mississippi - Iteration 6 / 6: Starting policy decision process.
2025-12-21 20:47:29,268 - mississippi - INFO - Region user prompt: For mississippi, you will be given the following information:

Epidemic and mobility information of this state are as follows:

SEIRD parameters:
- beta = 0.1777045562951643
- alpha = 0.0557887604960571
- gamma = 0.090291905
- mu = 0.001135059216634949
- delta = 0.0671164839606214

Current population composition:
- S = 405766
- E = 72799
- I = 28994
- Q = 17412
- R = 165020
- D = 4191

Other origin states:
1. arizona
   - Avg past 21-day population composition: S=8430847, E=117309, I=7575, Q=170195, R=234468, D=5634
   - Avg past 21-day inflow: arizona=13314477, mississippi=2547, new mexico=32612, texas=59093, virginia=6026

2. new mexico
   - Avg past 21-day population composition: S=8734311, E=13108, I=2875, Q=32098, R=120300, D=768
   - Avg past 21-day inflow: arizona=37999, mississippi=1147, new mexico=3541362, texas=157166, virginia=1566

3. texas
   - Avg past 21-day population composition: S=20612623, E=16377, I=27203, Q=155007, R=1353533, D=17416
   - Avg past 21-day inflow: arizona=47836, mississippi=37509, new mexico=81567, texas=59397204, virginia=22634

4. virginia
   - Avg past 21-day population composition: S=7823924, E=102507, I=24377, Q=164443, R=955846, D=2761
   - Avg past 21-day inflow: arizona=6878, mississippi=4430, new mexico=1778, texas=27250, virginia=15466694


 Ground truth daily average for next 42-day inbound by origin states; 
From arizona: Inflow =2070.81;
From new mexico: Inflow =1036.93;
From texas: Inflow =35639.64;
From virginia: Inflow =3914.6;

Please output the recommended traffic control policy in the required JSON format.
2025-12-21 20:47:51,116 - mississippi - INFO - Raw agent output:
```json
{
  "arizona": {
      "fractions": [0.15, 0.15, 0.15, 0.15, 0.20, 0.20],
      "notes": "Arizona has a relatively low number of infected (I) and exposed (E) individuals compared to its population. However, it still poses a moderate risk due to its higher inflow. The traffic allocation pattern is strict-first, gradually relaxing over time to balance economic activity with epidemic control. This pattern helps to reduce initial exposure while allowing gradual re-opening. The fractions sum to 1, ensuring the total inflow remains constant."
  },
  "new mexico": {
      "fractions": [0.20, 0.15, 0.15, 0.15, 0.15, 0.20],
      "notes": "New Mexico has a very low number of infected (I) and exposed (E) individuals, making it a lower-risk state. The traffic allocation pattern is strict-first, with a slight relaxation towards the end. This pattern helps to minimize initial exposure while gradually increasing mobility. The fractions sum to 1, ensuring the total inflow remains constant."
  },
  "texas": {
      "fractions": [0.20, 0.15, 0.15, 0.15, 0.15, 0.20],
      "notes": "Texas has a high number of infected (I) and exposed (E) individuals, posing a significant risk. The traffic allocation pattern is strict-first, with a slight relaxation towards the end. This pattern helps to reduce the initial influx of infected individuals while gradually increasing mobility. The fractions sum to 1, ensuring the total inflow remains constant."
  },
  "virginia": {
      "fractions": [0.20, 0.15, 0.15, 0.15, 0.15, 0.20],
      "notes": "Virginia has a moderate number of infected (I) and exposed (E) individuals, making it a moderate-risk state. The traffic allocation pattern is strict-first, with a slight relaxation towards the end. This pattern helps to minimize initial exposure while gradually increasing mobility. The fractions sum to 1, ensuring the total inflow remains constant."
  },
  "global_guidance": "The overall strategy is to implement strict traffic controls initially, especially from high-risk states like Texas, and gradually relax these controls over time. This approach aims to minimize the importation of infections and deaths while balancing the need for economic activity. By reducing the initial inflow from high-risk states, we can flatten the infection curve and prevent overwhelming the healthcare system. The traffic allocation patterns are designed to ensure that the total inflow remains constant over the 6-week period, maintaining the ground truth inflow values. Sensitivity analysis shows that this approach is robust to variations in prevalence and transmission rates (beta). If the prevalence or beta increases, the strict-first pattern will help to mitigate the impact more effectively."
}
```
2025-12-21 20:47:51,116 - mississippi - INFO - Parsed PolicyResponse: policy={'arizona': [0.15, 0.15, 0.15, 0.15, 0.2, 0.2], 'new mexico': [0.2, 0.15, 0.15, 0.15, 0.15, 0.2], 'texas': [0.2, 0.15, 0.15, 0.15, 0.15, 0.2], 'virginia': [0.2, 0.15, 0.15, 0.15, 0.15, 0.2]} explanation='The overall strategy is to implement strict traffic controls initially, especially from high-risk states like Texas, and gradually relax these controls over time. This approach aims to minimize the importation of infections and deaths while balancing the need for economic activity. By reducing the initial inflow from high-risk states, we can flatten the infection curve and prevent overwhelming the healthcare system. The traffic allocation patterns are designed to ensure that the total inflow remains constant over the 6-week period, maintaining the ground truth inflow values. Sensitivity analysis shows that this approach is robust to variations in prevalence and transmission rates (beta). If the prevalence or beta increases, the strict-first pattern will help to mitigate the impact more effectively.'
