2025-12-21 20:33:21,029 - new mexico - INFO - Region Agent new mexico - Iteration 1 / 6: Starting policy decision process.
2025-12-21 20:33:21,029 - new mexico - INFO - Region user prompt: For new mexico, you will be given the following information:

Epidemic and mobility information of this state are as follows:

SEIRD parameters:
- beta = 0.1117782502495318
- alpha = 0.1853333987657855
- gamma = 0.1
- mu = 0.0
- delta = 0.9086749315713404

Current population composition:
- S = 2093484
- E = 816
- I = 1276
- Q = 959
- R = 265
- D = 29

Other origin states:
1. arizona
   - Avg past 21-day population composition: S=7272180, E=1952, I=962, Q=3319, R=186, D=118
   - Avg past 21-day inflow: arizona=9717467, mississippi=1551, new mexico=19529, texas=27907, virginia=3665

2. mississippi
   - Avg past 21-day population composition: S=2970629, E=906, I=1753, Q=2463, R=301, D=97
   - Avg past 21-day inflow: arizona=1194, mississippi=3987236, new mexico=942, texas=18479, virginia=2401

3. texas
   - Avg past 21-day population composition: S=28984537, E=927, I=327, Q=7619, R=2141, D=330
   - Avg past 21-day inflow: arizona=22661, mississippi=24412, new mexico=47170, texas=39820832, virginia=11782

4. virginia
   - Avg past 21-day population composition: S=8524995, E=1825, I=3189, Q=4825, R=540, D=145
   - Avg past 21-day inflow: arizona=3171, mississippi=2260, new mexico=1385, texas=13780, virginia=11423959


 Ground truth daily average for next 42-day inbound by origin states; 
From arizona: Inflow =21480.17;
From mississippi: Inflow =1923.76;
From texas: Inflow =128903.14;
From virginia: Inflow =1161.5;

Please output the recommended traffic control policy in the required JSON format.
2025-12-21 20:33:44,422 - new mexico - INFO - Raw agent output:
```json
{
  "arizona": {
    "fractions": [0.1, 0.1, 0.1, 0.2, 0.2, 0.3],
    "notes": "Arizonas SEIRD values indicate a moderate level of infection (I=962) and confirmed cases (Q=3319). To minimize imported infections, we allocate a strict-first pattern with higher fractions in later weeks. This allows for initial strict control to reduce immediate risk, followed by gradual relaxation as the situation stabilizes. Trade-offs include economic impacts from early restrictions balanced by reduced health risks. Validation: 0.1 + 0.1 + 0.1 + 0.2 + 0.2 + 0.3 = 1."
  },
  "mississippi": {
    "fractions": [0.2, 0.2, 0.2, 0.15, 0.15, 0.1],
    "notes": "Mississippis SEIRD values show a relatively high number of infected (I=1753) and confirmed cases (Q=2463). We adopt a strict-first pattern to heavily restrict early inflows and gradually relax controls. This pattern aims to reduce the immediate risk of importing infections. Trade-offs involve economic impacts from early restrictions versus health benefits. Validation: 0.2 + 0.2 + 0.2 + 0.15 + 0.15 + 0.1 = 1."
  },
  "texas": {
    "fractions": [0.15, 0.15, 0.15, 0.15, 0.2, 0.2],
    "notes": "Texas has a lower number of infected (I=327) but a high number of confirmed cases (Q=7619). An even distribution is chosen to maintain consistent control over the period, balancing economic and health considerations. This approach ensures a steady reduction in imported infections without sudden spikes. Trade-offs include maintaining a balance between mobility and health risks. Validation: 0.15 + 0.15 + 0.15 + 0.15 + 0.2 + 0.2 = 1."
  },
  "virginia": {
    "fractions": [0.3, 0.2, 0.2, 0.1, 0.1, 0.1],
    "notes": "Virginias SEIRD values show a high number of infected (I=3189) and confirmed cases (Q=4825). A strict-first pattern is adopted to heavily restrict early inflows and gradually relax controls. This pattern aims to reduce the immediate risk of importing infections. Trade-offs involve economic impacts from early restrictions versus health benefits. Validation: 0.3 + 0.2 + 0.2 + 0.1 + 0.1 + 0.1 = 1."
  },
  "global_guidance": "The overall strategy is to balance strict initial controls with gradual relaxation to minimize imported infections and deaths in New Mexico. By adopting strict-first patterns for states with higher infection rates (Mississippi and Virginia) and even distributions for those with more stable situations (Texas and Arizona), we aim to reduce the cumulative impact of imported cases. Quantitative cooperation logic ensures that the total inflow remains constant while distributing the risk over the 6-week period. Sensitivity analysis shows that variations in prevalence or transmission rates (beta) can affect the outcomes, but the chosen patterns provide a robust approach to managing the epidemic while maintaining essential mobility."
}
```
2025-12-21 20:33:44,423 - new mexico - INFO - Parsed PolicyResponse: policy={'arizona': [0.1, 0.1, 0.1, 0.2, 0.2, 0.3], 'mississippi': [0.19999999999999996, 0.19999999999999996, 0.19999999999999996, 0.14999999999999997, 0.14999999999999997, 0.10000000000000031], 'texas': [0.15, 0.15, 0.15, 0.15, 0.2, 0.2], 'virginia': [0.30000000000000004, 0.20000000000000004, 0.20000000000000004, 0.10000000000000002, 0.10000000000000002, 0.0999999999999998]} explanation='The overall strategy is to balance strict initial controls with gradual relaxation to minimize imported infections and deaths in New Mexico. By adopting strict-first patterns for states with higher infection rates (Mississippi and Virginia) and even distributions for those with more stable situations (Texas and Arizona), we aim to reduce the cumulative impact of imported cases. Quantitative cooperation logic ensures that the total inflow remains constant while distributing the risk over the 6-week period. Sensitivity analysis shows that variations in prevalence or transmission rates (beta) can affect the outcomes, but the chosen patterns provide a robust approach to managing the epidemic while maintaining essential mobility.'
2025-12-21 20:36:27,575 - new mexico - INFO - Region Agent new mexico - Iteration 2 / 6: Starting policy decision process.
2025-12-21 20:36:27,575 - new mexico - INFO - Region user prompt: For new mexico, you will be given the following information:

Epidemic and mobility information of this state are as follows:

SEIRD parameters:
- beta = 0.1117782502495318
- alpha = 0.1853333987657855
- gamma = 0.06304094999826802
- mu = 0.0003954377962876131
- delta = 0.9086749315713404

Current population composition:
- S = 3930634
- E = 858
- I = 192
- Q = 2273
- R = 5795
- D = 70

Other origin states:
1. arizona
   - Avg past 21-day population composition: S=7968404, E=5765, I=370, Q=8362, R=2756, D=650
   - Avg past 21-day inflow: arizona=12334093, mississippi=2454, new mexico=31674, texas=33956, virginia=5371

2. mississippi
   - Avg past 21-day population composition: S=2606676, E=9047, I=4278, Q=2281, R=5663, D=312
   - Avg past 21-day inflow: arizona=1840, mississippi=6201158, new mexico=1485, texas=33622, virginia=4028

3. texas
   - Avg past 21-day population composition: S=27307697, E=1561, I=2452, Q=17384, R=24811, D=1048
   - Avg past 21-day inflow: arizona=43015, mississippi=31580, new mexico=85688, texas=54356274, virginia=16518

4. virginia
   - Avg past 21-day population composition: S=8538993, E=6705, I=1572, Q=9624, R=22333, D=1100
   - Avg past 21-day inflow: arizona=4339, mississippi=3348, new mexico=1334, texas=23394, virginia=14133151


 Ground truth daily average for next 42-day inbound by origin states; 
From arizona: Inflow =31024.95;
From mississippi: Inflow =1886.79;
From texas: Inflow =161374.02;
From virginia: Inflow =1408.24;

Please output the recommended traffic control policy in the required JSON format.
2025-12-21 20:36:58,726 - new mexico - INFO - Raw agent output:
```json
{
  "arizona": {
    "fractions": [0.1, 0.1, 0.1, 0.2, 0.2, 0.3],
    "notes": "1. Risk Interpretation: Arizona has a moderate number of infected (I=370) and exposed (E=5765) individuals, indicating ongoing transmission. 2. Quantitative Logic: Imported infections ~ Flow*ft*(I/population) = 31024.95*ft*(370/7968404). 3. Traffic Allocation Pattern: Relaxed-first to allow economic activity, then stricter to reduce infections as the epidemic peaks. 4. Trade-offs: Early relaxation supports the economy but increases infection risk, which is mitigated by later strictness. 5. Validation: 0.1 + 0.1 + 0.1 + 0.2 + 0.2 + 0.3 = 1."
  },
  "mississippi": {
    "fractions": [0.3, 0.2, 0.1, 0.1, 0.1, 0.2],
    "notes": "1. Risk Interpretation: Mississippi has a high number of exposed (E=9047) and infected (I=4278) individuals, indicating significant transmission. 2. Quantitative Logic: Imported infections ~ Flow*ft*(I/population) = 1886.79*ft*(4278/2606676). 3. Traffic Allocation Pattern: Strict-first to reduce initial infection import, then gradual relaxation as the epidemic stabilizes. 4. Trade-offs: Initial strictness reduces immediate risk but may impact economic activities, balanced by later relaxation. 5. Validation: 0.3 + 0.2 + 0.1 + 0.1 + 0.1 + 0.2 = 1."
  },
  "texas": {
    "fractions": [0.2, 0.1, 0.1, 0.2, 0.2, 0.2],
    "notes": "1. Risk Interpretation: Texas has a moderate number of infected (I=2452) and exposed (E=1561) individuals, with a large population. 2. Quantitative Logic: Imported infections ~ Flow*ft*(I/population) = 161374.02*ft*(2452/27307697). 3. Traffic Allocation Pattern: Even distribution to balance economic and health impacts over time. 4. Trade-offs: Even distribution minimizes short-term economic disruption while maintaining consistent control measures. 5. Validation: 0.2 + 0.1 + 0.1 + 0.2 + 0.2 + 0.2 = 1."
  },
  "virginia": {
    "fractions": [0.2, 0.2, 0.1, 0.1, 0.2, 0.2],
    "notes": "1. Risk Interpretation: Virginia has a moderate number of infected (I=1572) and exposed (E=6705) individuals, indicating ongoing transmission. 2. Quantitative Logic: Imported infections ~ Flow*ft*(I/population) = 1408.24*ft*(1572/8538993). 3. Traffic Allocation Pattern: Even distribution to balance economic and health impacts over time. 4. Trade-offs: Even distribution ensures consistent control measures without severe economic disruption. 5. Validation: 0.2 + 0.2 + 0.1 + 0.1 + 0.2 + 0.2 = 1."
  },
  "global_guidance": "1. Cross-State Reasoning: By distributing traffic more strictly from high-risk states like Mississippi early on and gradually relaxing controls, we can reduce the peak of imported infections. From lower-risk states like Arizona and Virginia, a more even distribution balances economic and health impacts. 2. Quantitative Cooperation Logic: The overall strategy aims to minimize the cumulative imported infections and deaths by aligning stricter controls with higher infection pressures. 3. Sensitivity Reasoning: If prevalence or transmission rates (beta) increase, stricter controls will need to be implemented earlier to prevent overwhelming the healthcare system. Conversely, if these parameters decrease, more relaxed controls can be considered to support economic recovery."
}
```
2025-12-21 20:36:58,726 - new mexico - INFO - Parsed PolicyResponse: policy={'arizona': [0.1, 0.1, 0.1, 0.2, 0.2, 0.3], 'mississippi': [0.3, 0.2, 0.1, 0.1, 0.1, 0.2], 'texas': [0.2, 0.1, 0.1, 0.2, 0.2, 0.2], 'virginia': [0.2, 0.2, 0.1, 0.1, 0.2, 0.2]} explanation='1. Cross-State Reasoning: By distributing traffic more strictly from high-risk states like Mississippi early on and gradually relaxing controls, we can reduce the peak of imported infections. From lower-risk states like Arizona and Virginia, a more even distribution balances economic and health impacts. 2. Quantitative Cooperation Logic: The overall strategy aims to minimize the cumulative imported infections and deaths by aligning stricter controls with higher infection pressures. 3. Sensitivity Reasoning: If prevalence or transmission rates (beta) increase, stricter controls will need to be implemented earlier to prevent overwhelming the healthcare system. Conversely, if these parameters decrease, more relaxed controls can be considered to support economic recovery.'
2025-12-21 20:38:54,709 - new mexico - INFO - Region Agent new mexico - Iteration 3 / 6: Starting policy decision process.
2025-12-21 20:38:54,725 - new mexico - INFO - Region user prompt: For new mexico, you will be given the following information:

Epidemic and mobility information of this state are as follows:

SEIRD parameters:
- beta = 0.1117782502495318
- alpha = 0.1853333987657855
- gamma = 0.06304095000463207
- mu = 0.00039419562780104
- delta = 0.9086749315713404

Current population composition:
- S = 5224543
- E = 1942
- I = 464
- Q = 4525
- R = 13955
- D = 118

Other origin states:
1. arizona
   - Avg past 21-day population composition: S=8521938, E=13357, I=881, Q=18692, R=13930, D=2102
   - Avg past 21-day inflow: arizona=12691405, mississippi=3083, new mexico=39864, texas=67532, virginia=6841

2. mississippi
   - Avg past 21-day population composition: S=2172526, E=28652, I=13686, Q=7923, R=23078, D=930
   - Avg past 21-day inflow: arizona=2884, mississippi=6521022, new mexico=1514, texas=34858, virginia=5340

3. texas
   - Avg past 21-day population composition: S=25410710, E=4266, I=7003, Q=38605, R=111776, D=2939
   - Avg past 21-day inflow: arizona=57858, mississippi=66136, new mexico=144830, texas=57497200, virginia=30149

4. virginia
   - Avg past 21-day population composition: S=8706635, E=14466, I=3408, Q=21007, R=77028, D=2220
   - Avg past 21-day inflow: arizona=6710, mississippi=4957, new mexico=2112, texas=30186, virginia=15378004


 Ground truth daily average for next 42-day inbound by origin states; 
From arizona: Inflow =24900.24;
From mississippi: Inflow =1422.36;
From texas: Inflow =142139.4;
From virginia: Inflow =1568.29;

Please output the recommended traffic control policy in the required JSON format.
2025-12-21 20:39:36,634 - new mexico - INFO - Raw agent output:
```json
{
  "arizona": {
    "fractions": [0.2, 0.15, 0.15, 0.2, 0.2, 0.1],
    "notes": "1. Risk Interpretation: Arizona has a relatively low number of infected individuals (I=881) but a higher number of exposed (E=13357). 2. Quantitative Logic: Imported infections can be estimated as Flow*ft*(I/population). 3. Pattern: Strict-first to reduce initial exposure, then gradually relax to balance economic needs. 4. Trade-offs: Stricter controls initially may reduce infections but could impact travel and trade. 5. Validation: 0.2 + 0.15 + 0.15 + 0.2 + 0.2 + 0.1 = 1."
  },
  "mississippi": {
    "fractions": [0.1, 0.15, 0.2, 0.2, 0.2, 0.15],
    "notes": "1. Risk Interpretation: Mississippi has a high number of infected (I=13686) and exposed (E=28652) individuals. 2. Quantitative Logic: Imported infections can be estimated as Flow*ft*(I/population). 3. Pattern: Relaxed-first to allow initial travel, then tighten to control spread. 4. Trade-offs: Early relaxation may boost economic activity but increase infection risk later. 5. Validation: 0.1 + 0.15 + 0.2 + 0.2 + 0.2 + 0.15 = 1."
  },
  "texas": {
    "fractions": [0.1, 0.15, 0.2, 0.2, 0.2, 0.15],
    "notes": "1. Risk Interpretation: Texas has a moderate number of infected (I=7003) and exposed (E=4266) individuals. 2. Quantitative Logic: Imported infections can be estimated as Flow*ft*(I/population). 3. Pattern: Relaxed-first to allow initial travel, then tighten to control spread. 4. Trade-offs: Early relaxation may boost economic activity but increase infection risk later. 5. Validation: 0.1 + 0.15 + 0.2 + 0.2 + 0.2 + 0.15 = 1."
  },
  "virginia": {
    "fractions": [0.2, 0.15, 0.15, 0.2, 0.2, 0.1],
    "notes": "1. Risk Interpretation: Virginia has a moderate number of infected (I=3408) and exposed (E=14466) individuals. 2. Quantitative Logic: Imported infections can be estimated as Flow*ft*(I/population). 3. Pattern: Strict-first to reduce initial exposure, then gradually relax to balance economic needs. 4. Trade-offs: Stricter controls initially may reduce infections but could impact travel and trade. 5. Validation: 0.2 + 0.15 + 0.15 + 0.2 + 0.2 + 0.1 = 1."
  },
  "global_guidance": "1. Cross-state Reasoning: By allocating stricter controls early in states with higher infection rates (Mississippi and Texas) and relaxing controls in states with lower infection rates (Arizona and Virginia), we can collectively reduce expected imported infections and deaths. 2. Quantitative Cooperation Logic: Balancing the risk across weeks and states ensures that the overall infection pressure is minimized while maintaining some level of mobility. 3. Sensitivity Reasoning: If prevalence or transmission rate (beta) increases, the strict-first pattern should be extended to more weeks to prevent a surge in infections. Conversely, if these parameters decrease, a more relaxed pattern can be adopted."
}
```
2025-12-21 20:39:36,634 - new mexico - INFO - Parsed PolicyResponse: policy={'arizona': [0.20000000000000004, 0.15000000000000002, 0.15000000000000002, 0.20000000000000004, 0.20000000000000004, 0.0999999999999998], 'mississippi': [0.1, 0.15, 0.2, 0.2, 0.2, 0.15], 'texas': [0.1, 0.15, 0.2, 0.2, 0.2, 0.15], 'virginia': [0.20000000000000004, 0.15000000000000002, 0.15000000000000002, 0.20000000000000004, 0.20000000000000004, 0.0999999999999998]} explanation='1. Cross-state Reasoning: By allocating stricter controls early in states with higher infection rates (Mississippi and Texas) and relaxing controls in states with lower infection rates (Arizona and Virginia), we can collectively reduce expected imported infections and deaths. 2. Quantitative Cooperation Logic: Balancing the risk across weeks and states ensures that the overall infection pressure is minimized while maintaining some level of mobility. 3. Sensitivity Reasoning: If prevalence or transmission rate (beta) increases, the strict-first pattern should be extended to more weeks to prevent a surge in infections. Conversely, if these parameters decrease, a more relaxed pattern can be adopted.'
2025-12-21 20:42:20,730 - new mexico - INFO - Region Agent new mexico - Iteration 4 / 6: Starting policy decision process.
2025-12-21 20:42:20,730 - new mexico - INFO - Region user prompt: For new mexico, you will be given the following information:

Epidemic and mobility information of this state are as follows:

SEIRD parameters:
- beta = 0.1117782502495318
- alpha = 0.1853333987657855
- gamma = 0.06304095001099612
- mu = 0.00039063206364745316
- delta = 0.9086749315713404

Current population composition:
- S = 5682759
- E = 3560
- I = 841
- Q = 9852
- R = 32273
- D = 232

Other origin states:
1. arizona
   - Avg past 21-day population composition: S=8949333, E=29156, I=1922, Q=39965, R=42006, D=3892
   - Avg past 21-day inflow: arizona=12204458, mississippi=3375, new mexico=38069, texas=38224, virginia=7170

2. mississippi
   - Avg past 21-day population composition: S=1185019, E=42866, I=20938, Q=13303, R=62826, D=2140
   - Avg past 21-day inflow: arizona=2976, mississippi=6404182, new mexico=1589, texas=23218, virginia=3403

3. texas
   - Avg past 21-day population composition: S=24357397, E=8697, I=14346, Q=82217, R=356340, D=6896
   - Avg past 21-day inflow: arizona=55736, mississippi=44559, new mexico=142305, texas=56021642, virginia=28664

4. virginia
   - Avg past 21-day population composition: S=8471017, E=31757, I=7496, Q=46887, R=199197, D=2685
   - Avg past 21-day inflow: arizona=8264, mississippi=4171, new mexico=1870, texas=31926, virginia=14714026


 Ground truth daily average for next 42-day inbound by origin states; 
From arizona: Inflow =28043.0;
From mississippi: Inflow =1178.48;
From texas: Inflow =147749.24;
From virginia: Inflow =1430.02;

Please output the recommended traffic control policy in the required JSON format.
2025-12-21 20:42:49,580 - new mexico - INFO - Raw agent output:
```json
{
  "arizona": {
    "fractions": [0.1, 0.1, 0.1, 0.2, 0.2, 0.3],
    "notes": "1. Risk Interpretation: Arizona has a relatively low number of infected (I) and exposed (E) individuals compared to its population, indicating a moderate risk. 2. Quantitative Logic: Imported infections ~ Flow * ft * (I / population). 3. Pattern: Relaxed-first pattern chosen to gradually increase traffic as the epidemic pressure in New Mexico decreases. 4. Trade-offs: This pattern balances the need to maintain economic activity with the risk of importing infections. 5. Validation: 0.1 + 0.1 + 0.1 + 0.2 + 0.2 + 0.3 = 1."
  },
  "mississippi": {
    "fractions": [0.3, 0.2, 0.2, 0.1, 0.1, 0.1],
    "notes": "1. Risk Interpretation: Mississippi has a higher number of infected (I) and exposed (E) individuals relative to its population, indicating a high risk. 2. Quantitative Logic: Imported infections ~ Flow * ft * (I / population). 3. Pattern: Strict-first pattern chosen to minimize the initial impact of imported infections. 4. Trade-offs: This pattern prioritizes epidemic control over mobility in the early weeks. 5. Validation: 0.3 + 0.2 + 0.2 + 0.1 + 0.1 + 0.1 = 1."
  },
  "texas": {
    "fractions": [0.2, 0.2, 0.2, 0.15, 0.15, 0.1],
    "notes": "1. Risk Interpretation: Texas has a significant number of infected (I) and exposed (E) individuals, indicating a high risk. 2. Quantitative Logic: Imported infections ~ Flow * ft * (I / population). 3. Pattern: Even distribution chosen to balance the risk over the entire period. 4. Trade-offs: This pattern maintains a consistent level of control to manage the high risk from Texas. 5. Validation: 0.2 + 0.2 + 0.2 + 0.15 + 0.15 + 0.1 = 1."
  },
  "virginia": {
    "fractions": [0.1, 0.1, 0.2, 0.2, 0.2, 0.2],
    "notes": "1. Risk Interpretation: Virginia has a moderate number of infected (I) and exposed (E) individuals, indicating a moderate risk. 2. Quantitative Logic: Imported infections ~ Flow * ft * (I / population). 3. Pattern: Even distribution chosen to balance the risk over the entire period. 4. Trade-offs: This pattern ensures a steady flow while maintaining control over the moderate risk. 5. Validation: 0.1 + 0.1 + 0.2 + 0.2 + 0.2 + 0.2 = 1."
  },
  "global_guidance": "1. Cross-state Reasoning: The traffic allocations collectively aim to reduce the expected imported infections and deaths by balancing the risk from different states. Arizona and Virginia have moderate risks, so their patterns are more relaxed. Mississippi and Texas have high risks, so their patterns are stricter initially. 2. Quantitative Cooperation Logic: By distributing the risk evenly and adjusting for the varying levels of epidemic pressure, the overall imported infections and deaths in New Mexico can be minimized. 3. Sensitivity Reasoning: If the prevalence or transmission rate (beta) changes, the traffic control policies should be adjusted accordingly to maintain the balance between epidemic control and mobility."
}
```
2025-12-21 20:42:49,582 - new mexico - INFO - Parsed PolicyResponse: policy={'arizona': [0.1, 0.1, 0.1, 0.2, 0.2, 0.3], 'mississippi': [0.30000000000000004, 0.20000000000000004, 0.20000000000000004, 0.10000000000000002, 0.10000000000000002, 0.0999999999999998], 'texas': [0.19999999999999996, 0.19999999999999996, 0.19999999999999996, 0.14999999999999997, 0.14999999999999997, 0.10000000000000031], 'virginia': [0.1, 0.1, 0.2, 0.2, 0.2, 0.2]} explanation='1. Cross-state Reasoning: The traffic allocations collectively aim to reduce the expected imported infections and deaths by balancing the risk from different states. Arizona and Virginia have moderate risks, so their patterns are more relaxed. Mississippi and Texas have high risks, so their patterns are stricter initially. 2. Quantitative Cooperation Logic: By distributing the risk evenly and adjusting for the varying levels of epidemic pressure, the overall imported infections and deaths in New Mexico can be minimized. 3. Sensitivity Reasoning: If the prevalence or transmission rate (beta) changes, the traffic control policies should be adjusted accordingly to maintain the balance between epidemic control and mobility.'
2025-12-21 20:45:16,032 - new mexico - INFO - Region Agent new mexico - Iteration 5 / 6: Starting policy decision process.
2025-12-21 20:45:16,032 - new mexico - INFO - Region user prompt: For new mexico, you will be given the following information:

Epidemic and mobility information of this state are as follows:

SEIRD parameters:
- beta = 0.1117782502495318
- alpha = 0.1853333987657855
- gamma = 0.06304095001736017
- mu = 0.00038481007310605856
- delta = 0.9086749315713404

Current population composition:
- S = 7278529
- E = 7904
- I = 1686
- Q = 19386
- R = 70732
- D = 468

Other origin states:
1. arizona
   - Avg past 21-day population composition: S=9000465, E=61382, I=3979, Q=86169, R=104753, D=5148
   - Avg past 21-day inflow: arizona=12775936, mississippi=2400, new mexico=37543, texas=54992, virginia=6529

2. mississippi
   - Avg past 21-day population composition: S=504061, E=24737, I=11300, Q=10702, R=113584, D=3366
   - Avg past 21-day inflow: arizona=2572, mississippi=6474992, new mexico=1837, texas=42525, virginia=5144

3. texas
   - Avg past 21-day population composition: S=22545967, E=12563, I=20916, Q=123291, R=788615, D=12263
   - Avg past 21-day inflow: arizona=52890, mississippi=50909, new mexico=120189, texas=57587273, virginia=31681

4. virginia
   - Avg past 21-day population composition: S=8313352, E=63738, I=15017, Q=97845, R=465135, D=2760
   - Avg past 21-day inflow: arizona=8631, mississippi=3256, new mexico=1762, texas=26190, virginia=15126464


 Ground truth daily average for next 42-day inbound by origin states; 
From arizona: Inflow =34545.19;
From mississippi: Inflow =1148.12;
From texas: Inflow =142879.29;
From virginia: Inflow =1741.21;

Please output the recommended traffic control policy in the required JSON format.
2025-12-21 20:45:59,529 - new mexico - INFO - Raw agent output:
```json
{
  "arizona": {
    "fractions": [0.1, 0.15, 0.2, 0.25, 0.2, 0.1],
    "notes": "1. Risk Interpretation: Arizona has a moderate number of infected individuals (I=3979) and a relatively high number of exposed (E=61382). 2. Quantitative Logic: Imported infections ~ Flow*ft*(I/population) 「 34545.19*ft*(3979/9000465). 3. Pattern: Relaxed-first pattern to gradually increase traffic as the epidemic pressure in New Mexico decreases. 4. Trade-offs: Early strict control minimizes initial importation, while later relaxation supports economic activity. 5. Validation: 0.1 + 0.15 + 0.2 + 0.25 + 0.2 + 0.1 = 1.0."
  },
  "mississippi": {
    "fractions": [0.2, 0.15, 0.15, 0.15, 0.2, 0.15],
    "notes": "1. Risk Interpretation: Mississippi has a high number of exposed (E=24737) and infected (I=11300). 2. Quantitative Logic: Imported infections ~ Flow*ft*(I/population) 「 1148.12*ft*(11300/504061). 3. Pattern: Even distribution with a slight emphasis on early and late weeks to balance economic needs and health risks. 4. Trade-offs: Balanced approach to maintain economic activity while controlling the epidemic. 5. Validation: 0.2 + 0.15 + 0.15 + 0.15 + 0.2 + 0.15 = 1.0."
  },
  "texas": {
    "fractions": [0.1, 0.15, 0.2, 0.25, 0.2, 0.1],
    "notes": "1. Risk Interpretation: Texas has a high number of infected individuals (I=20916) and a moderate number of exposed (E=12563). 2. Quantitative Logic: Imported infections ~ Flow*ft*(I/population) 「 142879.29*ft*(20916/22545967). 3. Pattern: Relaxed-first pattern to gradually increase traffic as the epidemic pressure in New Mexico decreases. 4. Trade-offs: Early strict control minimizes initial importation, while later relaxation supports economic activity. 5. Validation: 0.1 + 0.15 + 0.2 + 0.25 + 0.2 + 0.1 = 1.0."
  },
  "virginia": {
    "fractions": [0.15, 0.2, 0.2, 0.15, 0.15, 0.15],
    "notes": "1. Risk Interpretation: Virginia has a moderate number of infected individuals (I=15017) and a high number of exposed (E=63738). 2. Quantitative Logic: Imported infections ~ Flow*ft*(I/population) 「 1741.21*ft*(15017/8313352). 3. Pattern: Even distribution with a slight emphasis on early weeks to balance economic needs and health risks. 4. Trade-offs: Balanced approach to maintain economic activity while controlling the epidemic. 5. Validation: 0.15 + 0.2 + 0.2 + 0.15 + 0.15 + 0.15 = 1.0."
  },
  "global_guidance": "1. Cross-state Reasoning: By distributing the traffic in a balanced manner, we can minimize the cumulative imported infections and deaths in New Mexico. The relaxed-first pattern for Arizona and Texas allows for gradual economic recovery while maintaining control. 2. Quantitative Cooperation Logic: The even distribution for Mississippi and Virginia ensures that the overall risk is balanced across all states. 3. Sensitivity Reasoning: If the prevalence or transmission rate (beta) increases, the early strict control measures will be more critical to prevent a surge in cases. Conversely, if the prevalence decreases, the later relaxation can support economic activities without significant health risks."
}
```
2025-12-21 20:45:59,531 - new mexico - INFO - Parsed PolicyResponse: policy={'arizona': [0.10000000000000002, 0.15000000000000002, 0.20000000000000004, 0.25000000000000006, 0.20000000000000004, 0.0999999999999998], 'mississippi': [0.2, 0.15, 0.15, 0.15, 0.2, 0.15], 'texas': [0.10000000000000002, 0.15000000000000002, 0.20000000000000004, 0.25000000000000006, 0.20000000000000004, 0.0999999999999998], 'virginia': [0.15, 0.2, 0.2, 0.15, 0.15, 0.15]} explanation='1. Cross-state Reasoning: By distributing the traffic in a balanced manner, we can minimize the cumulative imported infections and deaths in New Mexico. The relaxed-first pattern for Arizona and Texas allows for gradual economic recovery while maintaining control. 2. Quantitative Cooperation Logic: The even distribution for Mississippi and Virginia ensures that the overall risk is balanced across all states. 3. Sensitivity Reasoning: If the prevalence or transmission rate (beta) increases, the early strict control measures will be more critical to prevent a surge in cases. Conversely, if the prevalence decreases, the later relaxation can support economic activities without significant health risks.'
2025-12-21 20:47:51,116 - new mexico - INFO - Region Agent new mexico - Iteration 6 / 6: Starting policy decision process.
2025-12-21 20:47:51,116 - new mexico - INFO - Region user prompt: For new mexico, you will be given the following information:

Epidemic and mobility information of this state are as follows:

SEIRD parameters:
- beta = 0.1117782502495318
- alpha = 0.1853333987657855
- gamma = 0.06304095002372422
- mu = 0.00037683170480265135
- delta = 0.9086749315713404

Current population composition:
- S = 9095126
- E = 14360
- I = 3078
- Q = 37717
- R = 141607
- D = 896

Other origin states:
1. arizona
   - Avg past 21-day population composition: S=8430847, E=117309, I=7575, Q=170195, R=234468, D=5634
   - Avg past 21-day inflow: arizona=13314477, mississippi=2547, new mexico=32612, texas=59093, virginia=6026

2. mississippi
   - Avg past 21-day population composition: S=480673, E=62828, I=23999, Q=14039, R=151586, D=4011
   - Avg past 21-day inflow: arizona=2856, mississippi=6631471, new mexico=1458, texas=23795, virginia=4984

3. texas
   - Avg past 21-day population composition: S=20612623, E=16377, I=27203, Q=155007, R=1353533, D=17416
   - Avg past 21-day inflow: arizona=47836, mississippi=37509, new mexico=81567, texas=59397204, virginia=22634

4. virginia
   - Avg past 21-day population composition: S=7823924, E=102507, I=24377, Q=164443, R=955846, D=2761
   - Avg past 21-day inflow: arizona=6878, mississippi=4430, new mexico=1778, texas=27250, virginia=15466694


 Ground truth daily average for next 42-day inbound by origin states; 
From arizona: Inflow =43754.86;
From mississippi: Inflow =1678.74;
From texas: Inflow =139538.48;
From virginia: Inflow =1271.17;

Please output the recommended traffic control policy in the required JSON format.
2025-12-21 20:48:39,486 - new mexico - INFO - Raw agent output:
```json
{
  "arizona": {
      "fractions": [0.1, 0.1, 0.2, 0.2, 0.2, 0.2],
      "notes": "1. Risk Interpretation: Arizona has a relatively high number of infected (I=7575) and exposed (E=117309) individuals, indicating a significant risk of importing infections. 2. Quantitative Logic: Imported infections ~ Flow*ft*(I/population) = 43754.86*ft*(7575/8430847). 3. Traffic Allocation Pattern: Even distribution to balance the risk over the 6 weeks. 4. Trade-offs: Even distribution helps in maintaining a steady flow without overwhelming the healthcare system at any point. 5. Validation: 0.1 + 0.1 + 0.2 + 0.2 + 0.2 + 0.2 = 1.0."
  },
  "mississippi": {
      "fractions": [0.15, 0.15, 0.2, 0.2, 0.15, 0.15],
      "notes": "1. Risk Interpretation: Mississippi has a moderate number of infected (I=23999) and exposed (E=62828) individuals, posing a moderate risk. 2. Quantitative Logic: Imported infections ~ Flow*ft*(I/population) = 1678.74*ft*(23999/480673). 3. Traffic Allocation Pattern: Relaxed-first to allow initial economic activity, then stricter to control potential outbreaks. 4. Trade-offs: Early relaxation can boost the economy, but later strictness is necessary to prevent a surge in cases. 5. Validation: 0.15 + 0.15 + 0.2 + 0.2 + 0.15 + 0.15 = 1.0."
  },
  "texas": {
      "fractions": [0.2, 0.15, 0.15, 0.15, 0.15, 0.2],
      "notes": "1. Risk Interpretation: Texas has a high number of infected (I=27203) and exposed (E=16377) individuals, indicating a high risk of importing infections. 2. Quantitative Logic: Imported infections ~ Flow*ft*(I/population) = 139538.48*ft*(27203/20612623). 3. Traffic Allocation Pattern: Strict-first to control the initial influx, followed by a gradual relaxation. 4. Trade-offs: Initial strictness helps in controlling the spread, but later relaxation allows for economic recovery. 5. Validation: 0.2 + 0.15 + 0.15 + 0.15 + 0.15 + 0.2 = 1.0."
  },
  "virginia": {
      "fractions": [0.1, 0.1, 0.2, 0.2, 0.2, 0.2],
      "notes": "1. Risk Interpretation: Virginia has a moderate number of infected (I=24377) and exposed (E=102507) individuals, indicating a moderate risk. 2. Quantitative Logic: Imported infections ~ Flow*ft*(I/population) = 1271.17*ft*(24377/7823924). 3. Traffic Allocation Pattern: Even distribution to maintain a balanced flow and avoid sudden spikes in cases. 4. Trade-offs: Even distribution helps in managing the healthcare system's capacity without overwhelming it. 5. Validation: 0.1 + 0.1 + 0.2 + 0.2 + 0.2 + 0.2 = 1.0."
  },
  "global_guidance": "1. Cross-state Reasoning: By distributing the traffic evenly or with a strategic pattern, we aim to reduce the cumulative imported infections and deaths in New Mexico. The even distribution helps in maintaining a steady flow, while the strategic patterns (strict-first, relaxed-first) help in balancing economic needs and epidemic control. 2. Quantitative Cooperation Logic: The total imported infections from all states are minimized by adjusting the weekly fractions based on the risk levels of each state. For example, Texas, with the highest risk, has a strict-first pattern to control the initial influx. 3. Sensitivity Reasoning: If the prevalence or transmission rate (beta) increases, the strict-first patterns become more critical to prevent a surge in cases. Conversely, if the prevalence decreases, a more relaxed approach can be considered to support economic activities."
}
```
2025-12-21 20:48:39,486 - new mexico - INFO - Parsed PolicyResponse: policy={'arizona': [0.1, 0.1, 0.2, 0.2, 0.2, 0.2], 'mississippi': [0.15, 0.15, 0.2, 0.2, 0.15, 0.15], 'texas': [0.2, 0.15, 0.15, 0.15, 0.15, 0.2], 'virginia': [0.1, 0.1, 0.2, 0.2, 0.2, 0.2]} explanation='1. Cross-state Reasoning: By distributing the traffic evenly or with a strategic pattern, we aim to reduce the cumulative imported infections and deaths in New Mexico. The even distribution helps in maintaining a steady flow, while the strategic patterns (strict-first, relaxed-first) help in balancing economic needs and epidemic control. 2. Quantitative Cooperation Logic: The total imported infections from all states are minimized by adjusting the weekly fractions based on the risk levels of each state. For example, Texas, with the highest risk, has a strict-first pattern to control the initial influx. 3. Sensitivity Reasoning: If the prevalence or transmission rate (beta) increases, the strict-first patterns become more critical to prevent a surge in cases. Conversely, if the prevalence decreases, a more relaxed approach can be considered to support economic activities.'
