2025-12-21 20:33:44,424 - texas - INFO - Region Agent texas - Iteration 1 / 6: Starting policy decision process.
2025-12-21 20:33:44,425 - texas - INFO - Region user prompt: For texas, you will be given the following information:

Epidemic and mobility information of this state are as follows:

SEIRD parameters:
- beta = 0.1282505889136005
- alpha = 0.9980485585499752
- gamma = 0.1
- mu = 0.0
- delta = 0.6277712284052059

Current population composition:
- S = 28984537
- E = 927
- I = 327
- Q = 7619
- R = 2141
- D = 330

Other origin states:
1. arizona
   - Avg past 21-day population composition: S=7272180, E=1952, I=962, Q=3319, R=186, D=118
   - Avg past 21-day inflow: arizona=9717467, mississippi=1551, new mexico=19529, texas=27907, virginia=3665

2. mississippi
   - Avg past 21-day population composition: S=2970629, E=906, I=1753, Q=2463, R=301, D=97
   - Avg past 21-day inflow: arizona=1194, mississippi=3987236, new mexico=942, texas=18479, virginia=2401

3. new mexico
   - Avg past 21-day population composition: S=2093484, E=816, I=1276, Q=959, R=265, D=29
   - Avg past 21-day inflow: arizona=14511, mississippi=1425, new mexico=2776969, texas=84217, virginia=1004

4. virginia
   - Avg past 21-day population composition: S=8524995, E=1825, I=3189, Q=4825, R=540, D=145
   - Avg past 21-day inflow: arizona=3171, mississippi=2260, new mexico=1385, texas=13780, virginia=11423959


 Ground truth daily average for next 42-day inbound by origin states; 
From arizona: Inflow =30725.98;
From mississippi: Inflow =35090.12;
From new mexico: Inflow =77899.05;
From virginia: Inflow =16518.67;

Please output the recommended traffic control policy in the required JSON format.
2025-12-21 20:34:24,418 - texas - INFO - Raw agent output:
```json
{
  "arizona": {
    "fractions": [0.1, 0.1, 0.1, 0.2, 0.2, 0.3],
    "notes": "1. Risk Interpretation: Arizona has a moderate number of infected individuals (I=962) and a relatively high exposed population (E=1952). 2. Quantitative Logic: Imported infections ~ Flow*ft*(I/population) = 30725.98*ft*(962/7272180). 3. Pattern: Strict-first to reduce initial exposure, followed by a gradual relaxation as the epidemic pressure decreases. 4. Trade-offs: Stricter controls initially may reduce economic activity but are necessary to prevent a surge in cases. 5. Validation: 0.1 + 0.1 + 0.1 + 0.2 + 0.2 + 0.3 = 1."
  },
  "mississippi": {
    "fractions": [0.2, 0.2, 0.15, 0.15, 0.15, 0.15],
    "notes": "1. Risk Interpretation: Mississippi has a higher number of infected individuals (I=1753) and a significant exposed population (E=906). 2. Quantitative Logic: Imported infections ~ Flow*ft*(I/population) = 35090.12*ft*(1753/2970629). 3. Pattern: Even distribution with a slight front-loading to balance economic needs and epidemic control. 4. Trade-offs: Balancing strict controls with maintaining essential travel. 5. Validation: 0.2 + 0.2 + 0.15 + 0.15 + 0.15 + 0.15 = 1."
  },
  "new mexico": {
    "fractions": [0.15, 0.15, 0.15, 0.15, 0.2, 0.2],
    "notes": "1. Risk Interpretation: New Mexico has a moderate number of infected individuals (I=1276) and a smaller exposed population (E=816). 2. Quantitative Logic: Imported infections ~ Flow*ft*(I/population) = 77899.05*ft*(1276/2093484). 3. Pattern: Even distribution with a slight back-loading to allow for economic recovery as the epidemic pressure decreases. 4. Trade-offs: Maintaining economic activity while controlling the spread of the virus. 5. Validation: 0.15 + 0.15 + 0.15 + 0.15 + 0.2 + 0.2 = 1."
  },
  "virginia": {
    "fractions": [0.2, 0.15, 0.15, 0.15, 0.15, 0.2],
    "notes": "1. Risk Interpretation: Virginia has the highest number of infected individuals (I=3189) and a significant exposed population (E=1825). 2. Quantitative Logic: Imported infections ~ Flow*ft*(I/population) = 16518.67*ft*(3189/8524995). 3. Pattern: Even distribution with a slight front-loading to reduce initial exposure. 4. Trade-offs: Balancing strict controls with maintaining essential travel. 5. Validation: 0.2 + 0.15 + 0.15 + 0.15 + 0.15 + 0.2 = 1."
  },
  "global_guidance": "1. Cross-state Reasoning: By distributing the traffic control fractions strategically, we aim to reduce the overall imported infections and deaths in Texas. 2. Quantitative Cooperation Logic: The fractions are designed to balance the risk of importing infections from states with higher I and E values, such as Virginia and Mississippi, while allowing for more relaxed controls from states with lower risk, like Arizona and New Mexico. 3. Sensitivity Reasoning: If the prevalence or transmission rate (beta) increases, the fractions can be adjusted to be more stringent, especially in the initial weeks, to mitigate the impact of higher infection rates."
}
```
2025-12-21 20:34:24,423 - texas - INFO - Parsed PolicyResponse: policy={'arizona': [0.1, 0.1, 0.1, 0.2, 0.2, 0.3], 'mississippi': [0.2, 0.2, 0.15, 0.15, 0.15, 0.15], 'new mexico': [0.15, 0.15, 0.15, 0.15, 0.2, 0.2], 'virginia': [0.2, 0.15, 0.15, 0.15, 0.15, 0.2]} explanation='1. Cross-state Reasoning: By distributing the traffic control fractions strategically, we aim to reduce the overall imported infections and deaths in Texas. 2. Quantitative Cooperation Logic: The fractions are designed to balance the risk of importing infections from states with higher I and E values, such as Virginia and Mississippi, while allowing for more relaxed controls from states with lower risk, like Arizona and New Mexico. 3. Sensitivity Reasoning: If the prevalence or transmission rate (beta) increases, the fractions can be adjusted to be more stringent, especially in the initial weeks, to mitigate the impact of higher infection rates.'
2025-12-21 20:36:58,726 - texas - INFO - Region Agent texas - Iteration 2 / 6: Starting policy decision process.
2025-12-21 20:36:58,726 - texas - INFO - Region user prompt: For texas, you will be given the following information:

Epidemic and mobility information of this state are as follows:

SEIRD parameters:
- beta = 0.1282505889136005
- alpha = 0.9980485585499752
- gamma = 0.07257077748556129
- mu = 0.0017912653755161197
- delta = 0.6277712284052059

Current population composition:
- S = 26727301
- E = 1984
- I = 3096
- Q = 20709
- R = 37421
- D = 1378

Other origin states:
1. arizona
   - Avg past 21-day population composition: S=7968404, E=5765, I=370, Q=8362, R=2756, D=650
   - Avg past 21-day inflow: arizona=12334093, mississippi=2454, new mexico=31674, texas=33956, virginia=5371

2. mississippi
   - Avg past 21-day population composition: S=2606676, E=9047, I=4278, Q=2281, R=5663, D=312
   - Avg past 21-day inflow: arizona=1840, mississippi=6201158, new mexico=1485, texas=33622, virginia=4028

3. new mexico
   - Avg past 21-day population composition: S=3325479, E=742, I=161, Q=2127, R=4438, D=60
   - Avg past 21-day inflow: arizona=30071, mississippi=1538, new mexico=3538501, texas=141793, virginia=696

4. virginia
   - Avg past 21-day population composition: S=8538993, E=6705, I=1572, Q=9624, R=22333, D=1100
   - Avg past 21-day inflow: arizona=4339, mississippi=3348, new mexico=1334, texas=23394, virginia=14133151


 Ground truth daily average for next 42-day inbound by origin states; 
From arizona: Inflow =48216.1;
From mississippi: Inflow =55114.43;
From new mexico: Inflow =120692.24;
From virginia: Inflow =25125.12;

Please output the recommended traffic control policy in the required JSON format.
2025-12-21 20:37:29,287 - texas - INFO - Raw agent output:
```json
{
  "arizona": {
    "fractions": [0.1, 0.1, 0.2, 0.2, 0.2, 0.2],
    "notes": "Arizonans have a relatively low number of infected individuals (I=370) compared to their population, suggesting a moderate risk. However, the exposed (E=5765) and confirmed (Q=8362) cases indicate ongoing transmission. The traffic allocation starts with stricter control (f1=f2=0.1) to minimize initial exposure, then gradually relaxes (f3=f4=f5=f6=0.2) to balance economic needs. This pattern aims to reduce the peak of imported infections while maintaining some mobility. The fractions sum to 1 (0.1 + 0.1 + 0.2 + 0.2 + 0.2 + 0.2 = 1)."
  },
  "mississippi": {
    "fractions": [0.2, 0.1, 0.1, 0.2, 0.2, 0.2],
    "notes": "Mississippi has a higher number of infected (I=4278) and exposed (E=9047) individuals, indicating a higher risk of importing infections. The traffic allocation starts with stricter control (f1=0.2) to significantly reduce initial exposure, followed by a period of very strict control (f2=f3=0.1) to further minimize risk. It then gradually relaxes (f4=f5=f6=0.2) to balance economic needs. This pattern aims to flatten the curve of imported infections. The fractions sum to 1 (0.2 + 0.1 + 0.1 + 0.2 + 0.2 + 0.2 = 1)."
  },
  "new mexico": {
    "fractions": [0.1, 0.1, 0.2, 0.2, 0.2, 0.2],
    "notes": "New Mexico has a low number of infected (I=161) and exposed (E=742) individuals, suggesting a lower risk. However, the confirmed (Q=2127) cases indicate ongoing transmission. The traffic allocation starts with stricter control (f1=f2=0.1) to minimize initial exposure, then gradually relaxes (f3=f4=f5=f6=0.2) to balance economic needs. This pattern aims to reduce the peak of imported infections while maintaining some mobility. The fractions sum to 1 (0.1 + 0.1 + 0.2 + 0.2 + 0.2 + 0.2 = 1)."
  },
  "virginia": {
    "fractions": [0.1, 0.1, 0.2, 0.2, 0.2, 0.2],
    "notes": "Virginia has a moderate number of infected (I=1572) and exposed (E=6705) individuals, indicating a moderate risk. The confirmed (Q=9624) cases suggest ongoing transmission. The traffic allocation starts with stricter control (f1=f2=0.1) to minimize initial exposure, then gradually relaxes (f3=f4=f5=f6=0.2) to balance economic needs. This pattern aims to reduce the peak of imported infections while maintaining some mobility. The fractions sum to 1 (0.1 + 0.1 + 0.2 + 0.2 + 0.2 + 0.2 = 1)."
  },
  "global_guidance": "The overall strategy aims to minimize the cumulative confirmed and deceased cases in Texas by carefully managing the influx of travelers from other states. By starting with stricter controls in the first two weeks and gradually relaxing them, we aim to flatten the curve of imported infections. This approach balances the need to control the epidemic with the economic benefits of maintaining some level of mobility. Cross-state cooperation is essential, as the traffic allocation patterns are designed to collectively reduce the risk of importing infections and deaths. Sensitivity analysis shows that if the prevalence or transmission rate (beta) increases, stricter controls in the initial weeks become even more critical to prevent a surge in cases."
}
```
2025-12-21 20:37:29,287 - texas - INFO - Parsed PolicyResponse: policy={'arizona': [0.1, 0.1, 0.2, 0.2, 0.2, 0.2], 'mississippi': [0.2, 0.1, 0.1, 0.2, 0.2, 0.2], 'new mexico': [0.1, 0.1, 0.2, 0.2, 0.2, 0.2], 'virginia': [0.1, 0.1, 0.2, 0.2, 0.2, 0.2]} explanation='The overall strategy aims to minimize the cumulative confirmed and deceased cases in Texas by carefully managing the influx of travelers from other states. By starting with stricter controls in the first two weeks and gradually relaxing them, we aim to flatten the curve of imported infections. This approach balances the need to control the epidemic with the economic benefits of maintaining some level of mobility. Cross-state cooperation is essential, as the traffic allocation patterns are designed to collectively reduce the risk of importing infections and deaths. Sensitivity analysis shows that if the prevalence or transmission rate (beta) increases, stricter controls in the initial weeks become even more critical to prevent a surge in cases.'
2025-12-21 20:39:36,634 - texas - INFO - Region Agent texas - Iteration 3 / 6: Starting policy decision process.
2025-12-21 20:39:36,634 - texas - INFO - Region user prompt: For texas, you will be given the following information:

Epidemic and mobility information of this state are as follows:

SEIRD parameters:
- beta = 0.1282505889136005
- alpha = 0.9980485585499752
- gamma = 0.08973952628844095
- mu = 0.0015933077959023464
- delta = 0.6277712284052059

Current population composition:
- S = 25118103
- E = 5790
- I = 9574
- Q = 48613
- R = 147971
- D = 3607

Other origin states:
1. arizona
   - Avg past 21-day population composition: S=8521938, E=13357, I=881, Q=18692, R=13930, D=2102
   - Avg past 21-day inflow: arizona=12691405, mississippi=3083, new mexico=39864, texas=67532, virginia=6841

2. mississippi
   - Avg past 21-day population composition: S=2172526, E=28652, I=13686, Q=7923, R=23078, D=930
   - Avg past 21-day inflow: arizona=2884, mississippi=6521022, new mexico=1514, texas=34858, virginia=5340

3. new mexico
   - Avg past 21-day population composition: S=4646889, E=1421, I=338, Q=3587, R=11575, D=103
   - Avg past 21-day inflow: arizona=43434, mississippi=1508, new mexico=3781302, texas=193648, virginia=1407

4. virginia
   - Avg past 21-day population composition: S=8706635, E=14466, I=3408, Q=21007, R=77028, D=2220
   - Avg past 21-day inflow: arizona=6710, mississippi=4957, new mexico=2112, texas=30186, virginia=15378004


 Ground truth daily average for next 42-day inbound by origin states; 
From arizona: Inflow =46447.12;
From mississippi: Inflow =55700.19;
From new mexico: Inflow =118588.31;
From virginia: Inflow =28665.05;

Please output the recommended traffic control policy in the required JSON format.
2025-12-21 20:40:00,744 - texas - INFO - Raw agent output:
```json
{
  "arizona": {
      "fractions": [0.1, 0.1, 0.2, 0.2, 0.2, 0.2],
      "notes": "Arizona has a relatively low number of infected individuals (I=881) and a moderate number of exposed (E=13357). The pattern chosen is even distribution to maintain consistent control without causing significant economic disruption. Imported infections can be estimated as ~ Flow*ft*(I/population). Trade-offs include maintaining economic activity while controlling the spread. Validation: 0.1 + 0.1 + 0.2 + 0.2 + 0.2 + 0.2 = 1.0."
  },
  "mississippi": {
      "fractions": [0.3, 0.2, 0.1, 0.1, 0.1, 0.2],
      "notes": "Mississippi has a higher number of infected (I=13686) and exposed (E=28652) individuals, indicating a higher risk. A strict-first pattern is chosen to reduce initial exposure. Imported infections can be estimated as ~ Flow*ft*(I/population). Trade-offs include early strict control to prevent a surge in cases, followed by gradual relaxation. Validation: 0.3 + 0.2 + 0.1 + 0.1 + 0.1 + 0.2 = 1.0."
  },
  "new mexico": {
      "fractions": [0.1, 0.1, 0.2, 0.2, 0.2, 0.2],
      "notes": "New Mexico has a low number of infected (I=338) and exposed (E=1421) individuals, suggesting a lower risk. An even distribution is chosen to balance control and mobility. Imported infections can be estimated as ~ Flow*ft*(I/population). Trade-offs include maintaining economic activity while ensuring the spread remains manageable. Validation: 0.1 + 0.1 + 0.2 + 0.2 + 0.2 + 0.2 = 1.0."
  },
  "virginia": {
      "fractions": [0.2, 0.2, 0.1, 0.1, 0.2, 0.2],
      "notes": "Virginia has a moderate number of infected (I=3408) and exposed (E=14466) individuals, indicating a moderate risk. A relaxed-first pattern is chosen to allow initial mobility, followed by stricter control. Imported infections can be estimated as ~ Flow*ft*(I/population). Trade-offs include allowing initial economic activity while preparing for potential increases in cases. Validation: 0.2 + 0.2 + 0.1 + 0.1 + 0.2 + 0.2 = 1.0."
  },
  "global_guidance": "The inbound allocations collectively aim to minimize imported infections and deaths in Texas. By applying a strict-first pattern for Mississippi and a relaxed-first pattern for Virginia, we balance the initial risk with economic considerations. New Mexico and Arizona follow an even distribution to maintain consistent control. Cross-state cooperation ensures that the total imported infections are minimized, reducing the overall burden on Texas's healthcare system. Sensitivity analysis shows that if prevalence or transmission rates (beta) vary, the patterns can be adjusted to maintain optimal control. For example, if Mississippi's I increases, stricter controls in the first few weeks can be intensified."
}
```
2025-12-21 20:40:00,746 - texas - INFO - Parsed PolicyResponse: policy={'arizona': [0.1, 0.1, 0.2, 0.2, 0.2, 0.2], 'mississippi': [0.3, 0.2, 0.1, 0.1, 0.1, 0.2], 'new mexico': [0.1, 0.1, 0.2, 0.2, 0.2, 0.2], 'virginia': [0.2, 0.2, 0.1, 0.1, 0.2, 0.2]} explanation="The inbound allocations collectively aim to minimize imported infections and deaths in Texas. By applying a strict-first pattern for Mississippi and a relaxed-first pattern for Virginia, we balance the initial risk with economic considerations. New Mexico and Arizona follow an even distribution to maintain consistent control. Cross-state cooperation ensures that the total imported infections are minimized, reducing the overall burden on Texas's healthcare system. Sensitivity analysis shows that if prevalence or transmission rates (beta) vary, the patterns can be adjusted to maintain optimal control. For example, if Mississippi's I increases, stricter controls in the first few weeks can be intensified."
2025-12-21 20:42:49,582 - texas - INFO - Region Agent texas - Iteration 4 / 6: Starting policy decision process.
2025-12-21 20:42:49,582 - texas - INFO - Region user prompt: For texas, you will be given the following information:

Epidemic and mobility information of this state are as follows:

SEIRD parameters:
- beta = 0.1282505889136005
- alpha = 0.9980485585499752
- gamma = 0.09654221006261424
- mu = 0.0013089224950210254
- delta = 0.6277712284052059

Current population composition:
- S = 24724791
- E = 12080
- I = 19625
- Q = 95037
- R = 436829
- D = 8032

Other origin states:
1. arizona
   - Avg past 21-day population composition: S=8949333, E=29156, I=1922, Q=39965, R=42006, D=3892
   - Avg past 21-day inflow: arizona=12204458, mississippi=3375, new mexico=38069, texas=38224, virginia=7170

2. mississippi
   - Avg past 21-day population composition: S=1185019, E=42866, I=20938, Q=13303, R=62826, D=2140
   - Avg past 21-day inflow: arizona=2976, mississippi=6404182, new mexico=1589, texas=23218, virginia=3403

3. new mexico
   - Avg past 21-day population composition: S=5859863, E=3198, I=746, Q=8426, R=26706, D=197
   - Avg past 21-day inflow: arizona=24899, mississippi=1564, new mexico=3591304, texas=156352, virginia=1567

4. virginia
   - Avg past 21-day population composition: S=8471017, E=31757, I=7496, Q=46887, R=199197, D=2685
   - Avg past 21-day inflow: arizona=8264, mississippi=4171, new mexico=1870, texas=31926, virginia=14714026


 Ground truth daily average for next 42-day inbound by origin states; 
From arizona: Inflow =44076.02;
From mississippi: Inflow =42425.12;
From new mexico: Inflow =100158.24;
From virginia: Inflow =26401.71;

Please output the recommended traffic control policy in the required JSON format.
2025-12-21 20:43:15,771 - texas - INFO - Raw agent output:
```json
{
  "arizona": {
      "fractions": [0.1, 0.1, 0.2, 0.2, 0.2, 0.2],
      "notes": "1. Risk interpretation: Arizona has a relatively low number of infected (I) and exposed (E) individuals compared to its population, suggesting a moderate risk. 2. Quantitative logic: Imported infections can be estimated as Flow*ft*(I/population). 3. Traffic allocation pattern: Even distribution to maintain consistent control. 4. Trade-offs: Balancing mobility and epidemic control to avoid sudden spikes in cases. 5. Validation: 0.1 + 0.1 + 0.2 + 0.2 + 0.2 + 0.2 = 1.0."
  },
  "mississippi": {
      "fractions": [0.2, 0.1, 0.1, 0.2, 0.2, 0.2],
      "notes": "1. Risk interpretation: Mississippi has a higher number of infected (I) and exposed (E) individuals, indicating a higher risk. 2. Quantitative logic: Imported infections can be estimated as Flow*ft*(I/population). 3. Traffic allocation pattern: Strict-first to reduce initial exposure, followed by a more balanced approach. 4. Trade-offs: Early strict control to minimize initial impact, then gradual relaxation to maintain economic activity. 5. Validation: 0.2 + 0.1 + 0.1 + 0.2 + 0.2 + 0.2 = 1.0."
  },
  "new mexico": {
      "fractions": [0.1, 0.1, 0.2, 0.2, 0.2, 0.2],
      "notes": "1. Risk interpretation: New Mexico has a low number of infected (I) and exposed (E) individuals, suggesting a low risk. 2. Quantitative logic: Imported infections can be estimated as Flow*ft*(I/population). 3. Traffic allocation pattern: Even distribution to maintain consistent control. 4. Trade-offs: Balancing mobility and epidemic control to avoid sudden spikes in cases. 5. Validation: 0.1 + 0.1 + 0.2 + 0.2 + 0.2 + 0.2 = 1.0."
  },
  "virginia": {
      "fractions": [0.1, 0.1, 0.2, 0.2, 0.2, 0.2],
      "notes": "1. Risk interpretation: Virginia has a moderate number of infected (I) and exposed (E) individuals, indicating a moderate risk. 2. Quantitative logic: Imported infections can be estimated as Flow*ft*(I/population). 3. Traffic allocation pattern: Even distribution to maintain consistent control. 4. Trade-offs: Balancing mobility and epidemic control to avoid sudden spikes in cases. 5. Validation: 0.1 + 0.1 + 0.2 + 0.2 + 0.2 + 0.2 = 1.0."
  },
  "global_guidance": "1. Cross-state reasoning: By distributing the traffic allocation evenly across the six weeks, we aim to minimize the cumulative imported infections and deaths in Texas. 2. Quantitative cooperation logic: The even distribution ensures that the risk is balanced across weeks, preventing any single week from having a disproportionately high number of imported cases. 3. Sensitivity reasoning: If the prevalence or transmission rate (beta) increases, the even distribution helps to spread out the potential impact, making it easier to manage the epidemic. This approach also allows for flexibility in response to any unexpected changes in the epidemic dynamics."
}
```
2025-12-21 20:43:15,771 - texas - INFO - Parsed PolicyResponse: policy={'arizona': [0.1, 0.1, 0.2, 0.2, 0.2, 0.2], 'mississippi': [0.2, 0.1, 0.1, 0.2, 0.2, 0.2], 'new mexico': [0.1, 0.1, 0.2, 0.2, 0.2, 0.2], 'virginia': [0.1, 0.1, 0.2, 0.2, 0.2, 0.2]} explanation='1. Cross-state reasoning: By distributing the traffic allocation evenly across the six weeks, we aim to minimize the cumulative imported infections and deaths in Texas. 2. Quantitative cooperation logic: The even distribution ensures that the risk is balanced across weeks, preventing any single week from having a disproportionately high number of imported cases. 3. Sensitivity reasoning: If the prevalence or transmission rate (beta) increases, the even distribution helps to spread out the potential impact, making it easier to manage the epidemic. This approach also allows for flexibility in response to any unexpected changes in the epidemic dynamics.'
2025-12-21 20:45:59,532 - texas - INFO - Region Agent texas - Iteration 5 / 6: Starting policy decision process.
2025-12-21 20:45:59,533 - texas - INFO - Region user prompt: For texas, you will be given the following information:

Epidemic and mobility information of this state are as follows:

SEIRD parameters:
- beta = 0.1282505889136005
- alpha = 0.9980485585499752
- gamma = 0.09877227622790413
- mu = 0.0009931221825234529
- delta = 0.6277712284052059

Current population composition:
- S = 22563382
- E = 13617
- I = 22039
- Q = 129678
- R = 912361
- D = 13568

Other origin states:
1. arizona
   - Avg past 21-day population composition: S=9000465, E=61382, I=3979, Q=86169, R=104753, D=5148
   - Avg past 21-day inflow: arizona=12775936, mississippi=2400, new mexico=37543, texas=54992, virginia=6529

2. mississippi
   - Avg past 21-day population composition: S=504061, E=24737, I=11300, Q=10702, R=113584, D=3366
   - Avg past 21-day inflow: arizona=2572, mississippi=6474992, new mexico=1837, texas=42525, virginia=5144

3. new mexico
   - Avg past 21-day population composition: S=7392066, E=6620, I=1441, Q=17148, R=59560, D=400
   - Avg past 21-day inflow: arizona=39259, mississippi=706, new mexico=3611569, texas=118198, virginia=1715

4. virginia
   - Avg past 21-day population composition: S=8313352, E=63738, I=15017, Q=97845, R=465135, D=2760
   - Avg past 21-day inflow: arizona=8631, mississippi=3256, new mexico=1762, texas=26190, virginia=15126464


 Ground truth daily average for next 42-day inbound by origin states; 
From arizona: Inflow =47836.88;
From mississippi: Inflow =37509.52;
From new mexico: Inflow =90631.0;
From virginia: Inflow =22634.9;

Please output the recommended traffic control policy in the required JSON format.
2025-12-21 20:46:33,536 - texas - INFO - Raw agent output:
```json
{
  "arizona": {
    "fractions": [0.15, 0.15, 0.20, 0.20, 0.15, 0.15],
    "notes": "1. Risk Interpretation: Arizona has a moderate number of infected (I) and exposed (E) individuals, indicating ongoing transmission. 2. Quantitative Logic: Imported infections are proportional to Flow*ft*(I/population). 3. Traffic Allocation Pattern: Even distribution with slight emphasis on mid-weeks to balance mobility and control. 4. Trade-offs: This pattern balances the need to maintain some level of economic activity while controlling the influx of infections. 5. Validation: 0.15 + 0.15 + 0.20 + 0.20 + 0.15 + 0.15 = 1.00."
  },
  "mississippi": {
    "fractions": [0.20, 0.15, 0.15, 0.20, 0.15, 0.15],
    "notes": "1. Risk Interpretation: Mississippi has a relatively high number of exposed (E) and infected (I) individuals, suggesting a higher risk of importing infections. 2. Quantitative Logic: Imported infections are proportional to Flow*ft*(I/population). 3. Traffic Allocation Pattern: Strict-first to reduce initial importation, followed by a more balanced approach. 4. Trade-offs: Early strict control helps reduce initial spikes in cases, while later relaxation allows for economic recovery. 5. Validation: 0.20 + 0.15 + 0.15 + 0.20 + 0.15 + 0.15 = 1.00."
  },
  "new mexico": {
    "fractions": [0.15, 0.20, 0.20, 0.15, 0.15, 0.15],
    "notes": "1. Risk Interpretation: New Mexico has a lower number of infected (I) and exposed (E) individuals, indicating a lower risk compared to other states. 2. Quantitative Logic: Imported infections are proportional to Flow*ft*(I/population). 3. Traffic Allocation Pattern: Relaxed-first to allow for early economic activity, followed by a balanced approach. 4. Trade-offs: Early relaxation can boost the economy, but requires careful monitoring to avoid outbreaks. 5. Validation: 0.15 + 0.20 + 0.20 + 0.15 + 0.15 + 0.15 = 1.00."
  },
  "virginia": {
    "fractions": [0.15, 0.15, 0.20, 0.20, 0.15, 0.15],
    "notes": "1. Risk Interpretation: Virginia has a moderate number of infected (I) and exposed (E) individuals, similar to Arizona. 2. Quantitative Logic: Imported infections are proportional to Flow*ft*(I/population). 3. Traffic Allocation Pattern: Even distribution with slight emphasis on mid-weeks to balance mobility and control. 4. Trade-offs: This pattern aims to maintain economic activity while managing the risk of imported infections. 5. Validation: 0.15 + 0.15 + 0.20 + 0.20 + 0.15 + 0.15 = 1.00."
  },
  "global_guidance": "1. Cross-state Reasoning: By implementing a balanced approach across all states, we aim to reduce the overall number of imported infections and deaths in Texas. 2. Quantitative Cooperation Logic: The traffic allocation patterns are designed to balance the risk of infection importation with the need for economic activity, ensuring that no single state disproportionately contributes to the epidemic burden. 3. Sensitivity Reasoning: If the prevalence or transmission rate (beta) changes, the traffic control policies should be adjusted accordingly. For example, if the number of infected individuals increases significantly in any state, stricter controls should be implemented to prevent a surge in imported cases."
}
```
2025-12-21 20:46:33,537 - texas - INFO - Parsed PolicyResponse: policy={'arizona': [0.15, 0.15, 0.2, 0.2, 0.15, 0.15], 'mississippi': [0.2, 0.15, 0.15, 0.2, 0.15, 0.15], 'new mexico': [0.15, 0.2, 0.2, 0.15, 0.15, 0.15], 'virginia': [0.15, 0.15, 0.2, 0.2, 0.15, 0.15]} explanation='1. Cross-state Reasoning: By implementing a balanced approach across all states, we aim to reduce the overall number of imported infections and deaths in Texas. 2. Quantitative Cooperation Logic: The traffic allocation patterns are designed to balance the risk of infection importation with the need for economic activity, ensuring that no single state disproportionately contributes to the epidemic burden. 3. Sensitivity Reasoning: If the prevalence or transmission rate (beta) changes, the traffic control policies should be adjusted accordingly. For example, if the number of infected individuals increases significantly in any state, stricter controls should be implemented to prevent a surge in imported cases.'
2025-12-21 20:48:39,486 - texas - INFO - Region Agent texas - Iteration 6 / 6: Starting policy decision process.
2025-12-21 20:48:39,486 - texas - INFO - Region user prompt: For texas, you will be given the following information:

Epidemic and mobility information of this state are as follows:

SEIRD parameters:
- beta = 0.1282505889136005
- alpha = 0.9980485585499752
- gamma = 0.09945653442714063
- mu = 0.0006959306018464415
- delta = 0.6277712284052059

Current population composition:
- S = 19939954
- E = 18670
- I = 30264
- Q = 169987
- R = 1511670
- D = 18587

Other origin states:
1. arizona
   - Avg past 21-day population composition: S=8430847, E=117309, I=7575, Q=170195, R=234468, D=5634
   - Avg past 21-day inflow: arizona=13314477, mississippi=2547, new mexico=32612, texas=59093, virginia=6026

2. mississippi
   - Avg past 21-day population composition: S=480673, E=62828, I=23999, Q=14039, R=151586, D=4011
   - Avg past 21-day inflow: arizona=2856, mississippi=6631471, new mexico=1458, texas=23795, virginia=4984

3. new mexico
   - Avg past 21-day population composition: S=8734311, E=13108, I=2875, Q=32098, R=120300, D=768
   - Avg past 21-day inflow: arizona=37999, mississippi=1147, new mexico=3541362, texas=157166, virginia=1566

4. virginia
   - Avg past 21-day population composition: S=7823924, E=102507, I=24377, Q=164443, R=955846, D=2761
   - Avg past 21-day inflow: arizona=6878, mississippi=4430, new mexico=1778, texas=27250, virginia=15466694


 Ground truth daily average for next 42-day inbound by origin states; 
From arizona: Inflow =53117.55;
From mississippi: Inflow =40516.71;
From new mexico: Inflow =79410.95;
From virginia: Inflow =22254.64;

Please output the recommended traffic control policy in the required JSON format.
2025-12-21 20:49:09,312 - texas - INFO - Raw agent output:
```json
{
  "arizona": {
      "fractions": [0.1, 0.15, 0.2, 0.25, 0.2, 0.1],
      "notes": "1. Risk Interpretation: Arizona has a relatively low number of infected (I) and confirmed (Q) cases compared to its population, indicating a moderate risk. 2. Quantitative Logic: Imported infections can be estimated as Flow*ft*(I/population). 3. Pattern: Relaxed-first to allow economic activity early on, followed by stricter controls to prevent a surge. 4. Trade-offs: Early relaxation supports economic recovery, but later strictness is necessary to control potential outbreaks. 5. Validation: 0.1 + 0.15 + 0.2 + 0.25 + 0.2 + 0.1 = 1."
  },
  "mississippi": {
      "fractions": [0.2, 0.15, 0.15, 0.15, 0.2, 0.15],
      "notes": "1. Risk Interpretation: Mississippi has a higher proportion of infected (I) and confirmed (Q) cases relative to its population, indicating a higher risk. 2. Quantitative Logic: Imported infections can be estimated as Flow*ft*(I/population). 3. Pattern: Strict-first to mitigate initial risk, followed by a balanced approach. 4. Trade-offs: Early strictness reduces immediate risk but may impact economic activity. Later balance helps sustain economic activities while controlling the epidemic. 5. Validation: 0.2 + 0.15 + 0.15 + 0.15 + 0.2 + 0.15 = 1."
  },
  "new mexico": {
      "fractions": [0.15, 0.2, 0.2, 0.2, 0.15, 0.1],
      "notes": "1. Risk Interpretation: New Mexico has a relatively low number of infected (I) and confirmed (Q) cases, indicating a lower risk. 2. Quantitative Logic: Imported infections can be estimated as Flow*ft*(I/population). 3. Pattern: Balanced approach with a slight relaxation in the middle weeks to support economic activities. 4. Trade-offs: Balanced approach helps maintain economic activities while keeping the risk manageable. 5. Validation: 0.15 + 0.2 + 0.2 + 0.2 + 0.15 + 0.1 = 1."
  },
  "virginia": {
      "fractions": [0.2, 0.15, 0.15, 0.2, 0.15, 0.15],
      "notes": "1. Risk Interpretation: Virginia has a moderate number of infected (I) and confirmed (Q) cases, indicating a moderate risk. 2. Quantitative Logic: Imported infections can be estimated as Flow*ft*(I/population). 3. Pattern: Balanced approach with a slight strictness in the first and last weeks to control potential surges. 4. Trade-offs: Balanced approach helps maintain economic activities while reducing the risk of large-scale outbreaks. 5. Validation: 0.2 + 0.15 + 0.15 + 0.2 + 0.15 + 0.15 = 1."
  },
  "global_guidance": "1. Cross-state Reasoning: By implementing a balanced approach across all states, we aim to reduce the overall imported infections and deaths in Texas. 2. Quantitative Cooperation Logic: The fractions are designed to balance the risk of importing infections with the need to maintain economic activities. By adjusting the fractions based on the risk levels of each state, we can effectively manage the epidemic. 3. Sensitivity Reasoning: If the prevalence or transmission rate (beta) increases, the fractions should be adjusted to be more stringent to prevent a larger influx of infections. Conversely, if the risk decreases, the fractions can be relaxed to support economic recovery."
}
```
2025-12-21 20:49:09,313 - texas - INFO - Parsed PolicyResponse: policy={'arizona': [0.10000000000000002, 0.15000000000000002, 0.20000000000000004, 0.25000000000000006, 0.20000000000000004, 0.0999999999999998], 'mississippi': [0.2, 0.15, 0.15, 0.15, 0.2, 0.15], 'new mexico': [0.15, 0.2, 0.2, 0.2, 0.15, 0.1], 'virginia': [0.2, 0.15, 0.15, 0.2, 0.15, 0.15]} explanation='1. Cross-state Reasoning: By implementing a balanced approach across all states, we aim to reduce the overall imported infections and deaths in Texas. 2. Quantitative Cooperation Logic: The fractions are designed to balance the risk of importing infections with the need to maintain economic activities. By adjusting the fractions based on the risk levels of each state, we can effectively manage the epidemic. 3. Sensitivity Reasoning: If the prevalence or transmission rate (beta) increases, the fractions should be adjusted to be more stringent to prevent a larger influx of infections. Conversely, if the risk decreases, the fractions can be relaxed to support economic recovery.'
