2025-12-22 10:14:31,248 - texas - INFO - Region Agent texas - Iteration 1 / 6: Starting policy decision process.
2025-12-22 10:14:31,250 - texas - INFO - Region user prompt: For texas, you will be given the following information:

Epidemic and mobility information of this state are as follows:

SEIRD parameters:
- beta = 0.1282505889136005
- alpha = 0.9980485585499752
- gamma = 0.1
- mu = 0.0
- delta = 0.6277712284052059

Current population composition:
- S = 28984537
- E = 927
- I = 327
- Q = 7619
- R = 2141
- D = 330

Other origin states:
1. arizona
   - Avg past 21-day population composition: S=7272180, E=1952, I=962, Q=3319, R=186, D=118
   - Avg past 21-day inflow: arizona=9717467, mississippi=1551, new mexico=19529, texas=27907, virginia=3665

2. mississippi
   - Avg past 21-day population composition: S=2970629, E=906, I=1753, Q=2463, R=301, D=97
   - Avg past 21-day inflow: arizona=1194, mississippi=3987236, new mexico=942, texas=18479, virginia=2401

3. new mexico
   - Avg past 21-day population composition: S=2093484, E=816, I=1276, Q=959, R=265, D=29
   - Avg past 21-day inflow: arizona=14511, mississippi=1425, new mexico=2776969, texas=84217, virginia=1004

4. virginia
   - Avg past 21-day population composition: S=8524995, E=1825, I=3189, Q=4825, R=540, D=145
   - Avg past 21-day inflow: arizona=3171, mississippi=2260, new mexico=1385, texas=13780, virginia=11423959


 Ground truth daily average for next 42-day inbound by origin states; 
From arizona: Inflow =30725.98;
From mississippi: Inflow =35090.12;
From new mexico: Inflow =77899.05;
From virginia: Inflow =16518.67;

Please output the recommended traffic control policy in the required JSON format.
2025-12-22 10:14:48,549 - texas - INFO - Raw agent output:
Here is the recommended traffic control policy in the required JSON format:

```json
{
  "arizona": {
    "fractions": [0.343, 0.244, 0.173, 0.121, 0.077, 0.042],
    "notes": "Risk interpretation: Arizona's high I and Q rates indicate a high risk of imported infections. Quantitative logic: imported infected ~ Flow*ft*(I/population). Pattern: even. Trade-offs: stricter control to reduce expected imported infections and deaths. Validation: fractions sum to 1."
  },
  "mississippi": {
    "fractions": [0.324, 0.249, 0.164, 0.123, 0.081, 0.059],
    "notes": "Risk interpretation: Mississippi's high E and I rates indicate a moderate risk of imported infections. Quantitative logic: imported infected ~ Flow*ft*(I/population). Pattern: even. Trade-offs: stricter control to reduce expected imported infections and deaths. Validation: fractions sum to 1."
  },
  "new mexico": {
    "fractions": [0.287, 0.243, 0.173, 0.
2025-12-22 10:14:48,552 - texas - INFO - Parsed PolicyResponse: policy={'arizona': [0.343, 0.244, 0.173, 0.121, 0.077, 0.042], 'mississippi': [0.324, 0.249, 0.164, 0.123, 0.081, 0.059]} explanation=''
2025-12-22 10:16:00,951 - texas - INFO - Region Agent texas - Iteration 2 / 6: Starting policy decision process.
2025-12-22 10:16:00,953 - texas - INFO - Region user prompt: For texas, you will be given the following information:

Epidemic and mobility information of this state are as follows:

SEIRD parameters:
- beta = 0.1282505889136005
- alpha = 0.9980485585499752
- gamma = 0.07257077748556129
- mu = 0.0017912653755161197
- delta = 0.6277712284052059

Current population composition:
- S = 26728273
- E = 1745
- I = 2720
- Q = 20235
- R = 38570
- D = 1413

Other origin states:
1. arizona
   - Avg past 21-day population composition: S=7474153, E=5721, I=366, Q=8205, R=2722, D=643
   - Avg past 21-day inflow: arizona=12334093, mississippi=1417, new mexico=22904, texas=41317, virginia=3797

2. mississippi
   - Avg past 21-day population composition: S=2458077, E=8505, I=4022, Q=2115, R=5435, D=298
   - Avg past 21-day inflow: arizona=1512, mississippi=6201158, new mexico=1245, texas=30835, virginia=3307

3. new mexico
   - Avg past 21-day population composition: S=3422699, E=734, I=160, Q=2143, R=4459, D=60
   - Avg past 21-day inflow: arizona=16586, mississippi=1987, new mexico=3538501, texas=136934, virginia=1155

4. virginia
   - Avg past 21-day population composition: S=8544475, E=6703, I=1571, Q=9620, R=22334, D=1100
   - Avg past 21-day inflow: arizona=4069, mississippi=3418, new mexico=1716, texas=19791, virginia=14133151


 Ground truth daily average for next 42-day inbound by origin states; 
From arizona: Inflow =48216.1;
From mississippi: Inflow =55114.43;
From new mexico: Inflow =120692.24;
From virginia: Inflow =25125.12;

Please output the recommended traffic control policy in the required JSON format.
2025-12-22 10:16:18,597 - texas - INFO - Raw agent output:
{
  "arizona": {
    "fractions": [0.145, 0.285, 0.235, 0.135, 0.15, 0.15],
    "notes": "Risk interpretation: Arizona's high I and Q values indicate a relatively high risk of imported infections. Quantitative logic: imported_infected ~ Flow*ft*(I/population). Pattern: strict-first. Trade-offs: stricter control for first 3 weeks to reduce imported infections, then gradually relax control. Validation: fractions sum to 1."
  },
  "mississippi": {
    "fractions": [0.15, 0.2, 0.175, 0.15, 0.15, 0.1],
    "notes": "Risk interpretation: Mississippi's moderate E and I values indicate a moderate risk of imported infections. Quantitative logic: imported_infected ~ Flow*ft*(I/population). Pattern: relaxed-first. Trade-offs: more relaxed control for first 2 weeks to balance mobility and epidemic control. Validation: fractions sum to 1."
  },
  "new mexico": {
    "fractions": [0.175, 0.2, 0.2, 0
2025-12-22 10:16:18,598 - texas - INFO - Parsed PolicyResponse: policy={'arizona': [0.13181818181818183, 0.2590909090909091, 0.21363636363636365, 0.12272727272727275, 0.13636363636363638, 0.13636363636363616], 'mississippi': [0.16216216216216217, 0.21621621621621626, 0.1891891891891892, 0.16216216216216217, 0.16216216216216217, 0.10810810810810813]} explanation=''
2025-12-22 10:17:28,719 - texas - INFO - Region Agent texas - Iteration 3 / 6: Starting policy decision process.
2025-12-22 10:17:28,719 - texas - INFO - Region user prompt: For texas, you will be given the following information:

Epidemic and mobility information of this state are as follows:

SEIRD parameters:
- beta = 0.1282505889136005
- alpha = 0.9980485585499752
- gamma = 0.08973952628844095
- mu = 0.0015933077959023464
- delta = 0.6277712284052059

Current population composition:
- S = 25125144
- E = 4645
- I = 7581
- Q = 45290
- R = 151352
- D = 3686

Other origin states:
1. arizona
   - Avg past 21-day population composition: S=8190200, E=13200, I=864, Q=18307, R=13738, D=2072
   - Avg past 21-day inflow: arizona=12691405, mississippi=2537, new mexico=39313, texas=57130, virginia=6387

2. mississippi
   - Avg past 21-day population composition: S=1895084, E=23866, I=11363, Q=6619, R=21212, D=860
   - Avg past 21-day inflow: arizona=2601, mississippi=6521022, new mexico=1605, texas=37844, virginia=4459

3. new mexico
   - Avg past 21-day population composition: S=5119916, E=1482, I=344, Q=3809, R=11678, D=104
   - Avg past 21-day inflow: arizona=31239, mississippi=1881, new mexico=3781302, texas=162187, virginia=1534

4. virginia
   - Avg past 21-day population composition: S=8731292, E=14492, I=3395, Q=21243, R=77792, D=2232
   - Avg past 21-day inflow: arizona=1943, mississippi=1704, new mexico=2165, texas=28512, virginia=15378004


 Ground truth daily average for next 42-day inbound by origin states; 
From arizona: Inflow =46447.12;
From mississippi: Inflow =55700.19;
From new mexico: Inflow =118588.31;
From virginia: Inflow =28665.05;

Please output the recommended traffic control policy in the required JSON format.
2025-12-22 10:17:46,527 - texas - INFO - Raw agent output:
Here is the recommended traffic control policy:

```json
{
  "arizona": {
    "fractions": [0.243, 0.243, 0.147, 0.163, 0.104, 0.0],
    "notes": "Arizona has a high prevalence of infected individuals. To minimize imported infections, we recommend stricter control in the first 2 weeks and relaxed control in the last 4 weeks. This pattern is chosen based on the trend of increasing infections in the state. The total inbound flow remains constant, but the distribution is adjusted to prioritize control in the initial weeks. Risk interpretation: Arizona's high infected population poses a significant threat to Texas. Quantitative logic: imported_infected ~ Flow*ft*(I/population). Pattern: even. Trade-offs: stricter control in the initial weeks reduces the risk of imported infections, but may lead to increased congestion. Validation: the 6 fractions sum to 1."
  },
  "mississippi": {
    "fractions": [0.234, 0.249, 0.143, 0.164, 0.1, 0.09],
    "notes": "Mississippi has a moderate prevalence of infected individuals. To minimize imported
2025-12-22 10:17:46,527 - texas - INFO - Parsed PolicyResponse: policy={'arizona': [0.26999999999999996, 0.26999999999999996, 0.16333333333333333, 0.1811111111111111, 0.11555555555555555, 1.1102230246251565e-16], 'mississippi': [0.23877551020408166, 0.2540816326530612, 0.14591836734693878, 0.1673469387755102, 0.10204081632653061, 0.09183673469387756]} explanation=''
2025-12-22 10:18:58,193 - texas - INFO - Region Agent texas - Iteration 4 / 6: Starting policy decision process.
2025-12-22 10:18:58,193 - texas - INFO - Region user prompt: For texas, you will be given the following information:

Epidemic and mobility information of this state are as follows:

SEIRD parameters:
- beta = 0.1282505889136005
- alpha = 0.9980485585499752
- gamma = 0.09654221006261424
- mu = 0.0013089224950210254
- delta = 0.6277712284052059

Current population composition:
- S = 24750118
- E = 8444
- I = 13676
- Q = 86369
- R = 432548
- D = 7979

Other origin states:
1. arizona
   - Avg past 21-day population composition: S=8399910, E=28247, I=1848, Q=38528, R=41072, D=3814
   - Avg past 21-day inflow: arizona=12204458, mississippi=2625, new mexico=36131, texas=44249, virginia=5239

2. mississippi
   - Avg past 21-day population composition: S=932534, E=28270, I=13609, Q=9653, R=54753, D=1887
   - Avg past 21-day inflow: arizona=2065, mississippi=6404182, new mexico=1451, texas=31542, virginia=3879

3. new mexico
   - Avg past 21-day population composition: S=5643212, E=3042, I=698, Q=7984, R=26568, D=197
   - Avg past 21-day inflow: arizona=24899, mississippi=1421, new mexico=3591304, texas=139917, virginia=1327

4. virginia
   - Avg past 21-day population composition: S=8553479, E=31531, I=7415, Q=46797, R=199579, D=2696
   - Avg past 21-day inflow: arizona=2571, mississippi=2949, new mexico=2362, texas=25141, virginia=14714026


 Ground truth daily average for next 42-day inbound by origin states; 
From arizona: Inflow =44076.02;
From mississippi: Inflow =42425.12;
From new mexico: Inflow =100158.24;
From virginia: Inflow =26401.71;

Please output the recommended traffic control policy in the required JSON format.
2025-12-22 10:19:15,313 - texas - INFO - Raw agent output:
{
  "arizona": {
    "fractions": [0.1512, 0.2231, 0.1753, 0.1448, 0.1222, 0.0834],
    "notes": "Arizona has a moderate risk with 2.5% of the population exposed and 0.2% infected. Imported infections are expected to be around 17.5 per day. We choose an even pattern to allocate traffic, as the risk is relatively stable across the 6 weeks. This pattern minimizes the cumulative confirmed and deceased cases in Texas, as it allows for a balanced reduction in imported infections. The fractions sum to 1, ensuring that the total inbound flow stays constant."
  },
  "mississippi": {
    "fractions": [0.1279, 0.1632, 0.1651, 0.1445, 0.1323, 0.1069],
    "notes": "Mississippi has a high risk with 3% of the population exposed and 0.5% infected. Imported infections are expected to be around 21.5 per day. We choose a relaxed-first pattern, as the risk is decreasing over the
2025-12-22 10:19:15,317 - texas - INFO - Parsed PolicyResponse: policy={'arizona': [0.168, 0.24788888888888888, 0.19477777777777777, 0.1608888888888889, 0.13577777777777778, 0.09266666666666666], 'mississippi': [0.15228003333730208, 0.19430884629122516, 0.1965710203595666, 0.17204429098702226, 0.15751875223240863, 0.12727705679247528]} explanation=''
2025-12-22 10:20:30,480 - texas - INFO - Region Agent texas - Iteration 5 / 6: Starting policy decision process.
2025-12-22 10:20:30,481 - texas - INFO - Region user prompt: For texas, you will be given the following information:

Epidemic and mobility information of this state are as follows:

SEIRD parameters:
- beta = 0.1282505889136005
- alpha = 0.9980485585499752
- gamma = 0.09877227622790413
- mu = 0.0009931221825234529
- delta = 0.6277712284052059

Current population composition:
- S = 22726946
- E = 10791
- I = 17349
- Q = 105958
- R = 840646
- D = 12730

Other origin states:
1. arizona
   - Avg past 21-day population composition: S=8921988, E=59044, I=3796, Q=82087, R=101270, D=5019
   - Avg past 21-day inflow: arizona=12775936, mississippi=1780, new mexico=18771, texas=45081, virginia=5287

2. mississippi
   - Avg past 21-day population composition: S=554164, E=22064, I=9643, Q=8310, R=91904, D=2780
   - Avg past 21-day inflow: arizona=1746, mississippi=6474992, new mexico=1312, texas=29713, virginia=3518

3. new mexico
   - Avg past 21-day population composition: S=6710724, E=5730, I=1269, Q=15041, R=56142, D=380
   - Avg past 21-day inflow: arizona=25727, mississippi=1030, new mexico=3611569, texas=146639, virginia=1472

4. virginia
   - Avg past 21-day population composition: S=8264723, E=60360, I=14228, Q=92156, R=454264, D=2769
   - Avg past 21-day inflow: arizona=5871, mississippi=4640, new mexico=1787, texas=23716, virginia=15126464


 Ground truth daily average for next 42-day inbound by origin states; 
From arizona: Inflow =47836.88;
From mississippi: Inflow =37509.52;
From new mexico: Inflow =90631.0;
From virginia: Inflow =22634.9;

Please output the recommended traffic control policy in the required JSON format.
2025-12-22 10:20:56,268 - texas - INFO - Raw agent output:
Here is the recommended traffic control policy in the required JSON format:

```json
{
  "arizona": {
    "fractions": [0.4545, 0.2727, 0.1364, 0.0722, 0.0442, 0.0200],
    "notes": "Risk interpretation: arizona's high I and D values indicate a high risk of imported infections. Quantitative logic: imported_infected ~ Flow*ft*(I/population). Pattern: strict-first. Trade-offs: stricter control reduces imported infections, but may impact local economy. Validation: 6 fractions sum to 1."
  },
  "mississippi": {
    "fractions": [0.3419, 0.3137, 0.1531, 0.0943, 0.0562, 0.0398],
    "notes": "Risk interpretation: mississippi's moderate I and D values indicate a moderate risk of imported infections. Quantitative logic: imported_infected ~ Flow*ft*(I/population). Pattern: even. Trade-offs: moderate control balances epidemic control and mobility. Validation: 6 fractions sum to 1."
  },
  "new mexico": {
    "
2025-12-22 10:20:56,270 - texas - INFO - Parsed PolicyResponse: policy={'arizona': [0.4545, 0.2727, 0.1364, 0.0722, 0.0442, 0.02], 'mississippi': [0.3422422422422422, 0.31401401401401396, 0.15325325325325326, 0.09439439439439438, 0.05625625625625625, 0.03983983983983995]} explanation=''
2025-12-22 10:22:17,547 - texas - INFO - Region Agent texas - Iteration 6 / 6: Starting policy decision process.
2025-12-22 10:22:17,549 - texas - INFO - Region user prompt: For texas, you will be given the following information:

Epidemic and mobility information of this state are as follows:

SEIRD parameters:
- beta = 0.1282505889136005
- alpha = 0.9980485585499752
- gamma = 0.09945653442714063
- mu = 0.0006959306018464415
- delta = 0.6277712284052059

Current population composition:
- S = 20101575
- E = 8615
- I = 13924
- Q = 102897
- R = 1359885
- D = 17122

Other origin states:
1. arizona
   - Avg past 21-day population composition: S=8351550, E=112101, I=7148, Q=159232, R=223708, D=5480
   - Avg past 21-day inflow: arizona=13314477, mississippi=1646, new mexico=18523, texas=45426, virginia=4496

2. mississippi
   - Avg past 21-day population composition: S=405076, E=12877, I=4535, Q=3123, R=113658, D=3168
   - Avg past 21-day inflow: arizona=1977, mississippi=6631471, new mexico=1137, texas=28922, virginia=3545

3. new mexico
   - Avg past 21-day population composition: S=8592643, E=10857, I=2309, Q=28084, R=111637, D=716
   - Avg past 21-day inflow: arizona=27221, mississippi=1184, new mexico=3541362, texas=134761, virginia=1577

4. virginia
   - Avg past 21-day population composition: S=7871614, E=96016, I=22718, Q=154902, R=920145, D=2770
   - Avg past 21-day inflow: arizona=2963, mississippi=4247, new mexico=1850, texas=25030, virginia=15466694


 Ground truth daily average for next 42-day inbound by origin states; 
From arizona: Inflow =53117.55;
From mississippi: Inflow =40516.71;
From new mexico: Inflow =79410.95;
From virginia: Inflow =22254.64;

Please output the recommended traffic control policy in the required JSON format.
2025-12-22 10:22:35,637 - texas - INFO - Raw agent output:
Here is the recommended traffic control policy in the required JSON format:

```json
{
  "arizona": {
    "fractions": [0.234, 0.241, 0.232, 0.243, 0.234, 0.216],
    "notes": "Risk interpretation: High risk from I in arizona (2309) and low gamma (0.09945653442714063) in texas. Quantitative logic: imported_infected ~ Flow*ft*(I/population). Pattern: even. Trade-offs: stricter control for first 3 weeks, relaxed for last 3 weeks. Validation: fractions sum to 1 (0.234 + 0.241 + 0.232 + 0.243 + 0.234 + 0.216 = 1.0)"
  },
  "mississippi": {
    "fractions": [0.169, 0.184, 0.181, 0.173, 0.174, 0.179],
    "notes": "Risk interpretation: High risk from I in mississippi (4535) and low gamma (0.09945653442714063) in texas. Quantitative logic: imported_inf
2025-12-22 10:22:35,638 - texas - INFO - Parsed PolicyResponse: policy={'arizona': [0.16714285714285718, 0.17214285714285715, 0.16571428571428573, 0.17357142857142857, 0.16714285714285718, 0.1542857142857143], 'mississippi': [0.15943396226415094, 0.17358490566037735, 0.17075471698113207, 0.1632075471698113, 0.1641509433962264, 0.16886792452830188]} explanation=''
