2025-12-21 21:28:00,521 - mississippi - INFO - Region Agent mississippi - Iteration 1 / 6: Starting policy decision process.
2025-12-21 21:28:00,521 - mississippi - INFO - Region user prompt: For mississippi, you will be given the following information:

Epidemic and mobility information of this state are as follows:

SEIRD parameters:
- beta = 0.1777045562951643
- alpha = 0.0557887604960571
- gamma = 0.1
- mu = 0.0
- delta = 0.0671164839606214

Current population composition:
- S = 2970629
- E = 906
- I = 1753
- Q = 2463
- R = 301
- D = 97

Other origin states:
1. arizona
   - Avg past 21-day population composition: S=7272180, E=1952, I=962, Q=3319, R=186, D=118
   - Avg past 21-day inflow: arizona=9717467, mississippi=1551, new mexico=19529, texas=27907, virginia=3665

2. new mexico
   - Avg past 21-day population composition: S=2093484, E=816, I=1276, Q=959, R=265, D=29
   - Avg past 21-day inflow: arizona=14511, mississippi=1425, new mexico=2776969, texas=84217, virginia=1004

3. texas
   - Avg past 21-day population composition: S=28984537, E=927, I=327, Q=7619, R=2141, D=330
   - Avg past 21-day inflow: arizona=22661, mississippi=24412, new mexico=47170, texas=39820832, virginia=11782

4. virginia
   - Avg past 21-day population composition: S=8524995, E=1825, I=3189, Q=4825, R=540, D=145
   - Avg past 21-day inflow: arizona=3171, mississippi=2260, new mexico=1385, texas=13780, virginia=11423959


 Ground truth daily average for next 42-day inbound by origin states; 
From arizona: Inflow =1533.93;
From new mexico: Inflow =1238.67;
From texas: Inflow =28019.38;
From virginia: Inflow =3357.86;

Please output the recommended traffic control policy in the required JSON format.
2025-12-21 21:30:46,792 - mississippi - INFO - Raw agent output:
```json
{
  "arizona": {
    "fractions": [0.1000, 0.1200, 0.1500, 0.1800, 0.2000, 0.2500],
    "notes": "Arizona has low infectious prevalence (I=962, 0.0132%) resulting in modest expected imported infections (8.5 over 6 weeks). Gradual weekly increase maintains total Flow while delaying arrivals. Pattern shifts imports to later weeks when epidemic conditions may improve, balancing mobility needs with minimal risk. Sum validation: 0.10+0.12+0.15+0.18+0.20+0.25=1.00."
  },
  "new mexico": {
    "fractions": [0.0300, 0.0600, 0.1200, 0.1800, 0.2500, 0.3600],
    "notes": "New Mexico poses high risk due to elevated infectious prevalence (I=1276, 0.0609%), yielding 31.7 expected imported infections. Strict initial controls (weeks 1-2: 3-6% allocation) reduce early seeding, followed by progressive relaxation. This delays peak importation, leveraging time for epidemic mitigation. Trade-off: stringent early limits preserve mobility later. Sum validation: 0.03+0.06+0.12+0.18+0.25+0.36=1.00."
  },
  "texas": {
    "fractions": [0.1000, 0.1200, 0.1500, 0.1800, 0.2000, 0.2500],
    "notes": "Texas combines high Flow with very low prevalence (I=327, 0.0011%), resulting in moderate expected imports (12.9). Moderately restrictive early weeks (10-15%) shift arrivals later without severe mobility disruption. Gradual increase accommodates essential travel while reducing early transmission pressure. Sum validation: 0.10+0.12+0.15+0.18+0.20+0.25=1.00."
  },
  "virginia": {
    "fractions": [0.0100, 0.0400, 0.0800, 0.1500, 0.3000, 0.4200],
    "notes": "Virginia presents highest risk: 52.7 expected imported infections due to high prevalence (I=3189, 0.0374%) and substantial Flow. Extreme early restrictions (weeks 1-2: 1-4% allocation) minimize near-term importation surge. Progressive relaxation defers 72% of Flow to weeks 5-6, allowing time for immunity buildup. Critical for mitigating Mississippi's R0>1 trajectory. Sum validation: 0.01+0.04+0.08+0.15+0.30+0.42=1.00."
  },
  "global_guidance": "Allocation strategy minimizes cumulative Mississippi cases by delaying high-risk imports during vulnerability (R0=1.06). High-risk states (Virginia/New Mexico) receive strict-frontloaded patterns to reduce early seeding, while lower-risk states (Texas/Arizona) follow moderated delays. Collectively, this flattens Mississippi's infection curve by reducing peak imported exposures. Quantitative cooperation: total expected imports = ¡Æ(Flow_i ¡Á prevalence_i) remains fixed per-state, but temporal shift leverages nonlinear transmission dynamics¡ªdelayed cases reduce secondary infections. Sensitivity: if origin prevalence rises, stricter early allocations gain importance; if Mississippi's beta increases, delay benefits amplify. Mobility trade-offs are weighted by risk-per-traveler (I_i/pop_i), prioritizing epidemic control without exceeding Flow constraints."
}
```
2025-12-21 21:30:46,792 - mississippi - INFO - Parsed PolicyResponse: policy={'arizona': [0.1, 0.12, 0.15, 0.18, 0.2, 0.25], 'new mexico': [0.03, 0.06, 0.12, 0.18, 0.25, 0.36], 'texas': [0.1, 0.12, 0.15, 0.18, 0.2, 0.25], 'virginia': [0.01, 0.04, 0.08, 0.15, 0.3, 0.42]} explanation="Allocation strategy minimizes cumulative Mississippi cases by delaying high-risk imports during vulnerability (R0=1.06). High-risk states (Virginia/New Mexico) receive strict-frontloaded patterns to reduce early seeding, while lower-risk states (Texas/Arizona) follow moderated delays. Collectively, this flattens Mississippi's infection curve by reducing peak imported exposures. Quantitative cooperation: total expected imports = ¡Æ(Flow_i ¡Á prevalence_i) remains fixed per-state, but temporal shift leverages nonlinear transmission dynamics¡ªdelayed cases reduce secondary infections. Sensitivity: if origin prevalence rises, stricter early allocations gain importance; if Mississippi's beta increases, delay benefits amplify. Mobility trade-offs are weighted by risk-per-traveler (I_i/pop_i), prioritizing epidemic control without exceeding Flow constraints."
2025-12-21 21:42:59,787 - mississippi - INFO - Region Agent mississippi - Iteration 2 / 6: Starting policy decision process.
2025-12-21 21:42:59,787 - mississippi - INFO - Region user prompt: For mississippi, you will be given the following information:

Epidemic and mobility information of this state are as follows:

SEIRD parameters:
- beta = 0.1777045562951643
- alpha = 0.0557887604960571
- gamma = 0.090291905
- mu = 0.003366272675632136
- delta = 0.0671164839606214

Current population composition:
- S = 2613556
- E = 12466
- I = 5923
- Q = 3235
- R = 8270
- D = 407

Other origin states:
1. arizona
   - Avg past 21-day population composition: S=7552329, E=5633, I=362, Q=8157, R=2712, D=642
   - Avg past 21-day inflow: arizona=12334093, mississippi=2103, new mexico=34553, texas=37722, virginia=4066

2. new mexico
   - Avg past 21-day population composition: S=4653565, E=859, I=181, Q=2481, R=4894, D=60
   - Avg past 21-day inflow: arizona=21050, mississippi=2692, new mexico=3538501, texas=64451, virginia=1044

3. texas
   - Avg past 21-day population composition: S=26115909, E=1594, I=2533, Q=16898, R=23630, D=1010
   - Avg past 21-day inflow: arizona=27652, mississippi=49125, new mexico=109058, texas=54356274, virginia=18170

4. virginia
   - Avg past 21-day population composition: S=8720888, E=6707, I=1567, Q=9685, R=22538, D=1111
   - Avg past 21-day inflow: arizona=1972, mississippi=1004, new mexico=500, texas=12597, virginia=14133151


 Ground truth daily average for next 42-day inbound by origin states; 
From arizona: Inflow =2404.48;
From new mexico: Inflow =1515.36;
From texas: Inflow =38731.55;
From virginia: Inflow =4450.45;

Please output the recommended traffic control policy in the required JSON format.
2025-12-21 21:44:37,214 - mississippi - INFO - Raw agent output:
```json
{
  "arizona": {
    "fractions": [0.05, 0.1, 0.15, 0.2, 0.25, 0.25],
    "notes": "Arizona shows high transmission risk (E=5633, I=362) with infectious prevalence of 0.0007915. Imported infections ¡Ö Flow ¡Á f_t ¡Á prevalence. Strict-first allocation minimizes early seeding during Mississippi's vulnerable phase (high S=2.61M, E=12.5K), reducing peak hospitalizations. Trade-off: Initial economic impact offsets later healthcare burden. Fractions sum to 1 (0.05+0.1+0.15+0.2+0.25+0.25=1)."
  },
  "new mexico": {
    "fractions": [0.1, 0.15, 0.15, 0.2, 0.2, 0.2],
    "notes": "New Mexico has moderate risk (E=859, I=181; prevalence=0.0002231). Expected imported infections scale with Flow ¡Á f_t ¡Á prevalence. Moderate strict-first pattern balances control: limits early importation while allowing gradual recovery of mobility. Critical given Mississippi's high beta (0.178). Trade-off: Delayed travel avoids compounding local transmission. Validation: 0.1+0.15+0.15+0.2+0.2+0.2=1."
  },
  "texas": {
    "fractions": [0.15, 0.15, 0.16, 0.18, 0.18, 0.18],
    "notes": "Texas poses lowest transmission risk (E=1594, I=2533; prevalence=0.0001578) due to large population. Nearly even allocation justified: low per-traveler infection probability minimizes marginal benefit of strict controls. Slight front-loading protects against Mississippi's high exposure (E=12.5K). Mobility trade-off: Maintaining flow supports essential exchanges. Sum validation: 0.15+0.15+0.16+0.18+0.18+0.18=1."
  },
  "virginia": {
    "fractions": [0.05, 0.1, 0.15, 0.2, 0.25, 0.25],
    "notes": "Virginia has highest per-traveler risk (E=6707, I=1567; prevalence=0.0009447). Strict-first allocation critical: early restrictions reduce imported infections by ¡Ö76% in week 1 vs baseline. Minimizes seeding into Mississippi's susceptible pool (S=2.61M). Trade-off: Sharp initial reduction prevents healthcare overload despite mobility costs. Validation: 0.05+0.1+0.15+0.2+0.25+0.25=1."
  },
  "global_guidance": "Policies prioritize high-risk states (Virginia, Arizona) for strict early controls, reducing imported infections when Mississippi is most vulnerable. Quantitative balancing: Total risk = ¦²[Flow_i ¡Á f_t,i ¡Á prevalence_i] minimized by allocating <20% of high-risk flows to first 2 weeks. Cooperation logic: Low-risk states (Texas) maintain mobility to offset economic impacts. Sensitivity: If origin prevalence rises 50%, week 1 allocations should tighten by 30-40%. Beta variations in Mississippi amplify benefits of front-loaded controls¡ªhigh local transmissibility (beta=0.178) makes imported cases exponentially more damaging. Cross-state alignment minimizes cumulative deaths by preventing synchronized peaks."
}
```
2025-12-21 21:44:37,214 - mississippi - INFO - Parsed PolicyResponse: policy={'arizona': [0.05, 0.1, 0.15, 0.2, 0.25, 0.25], 'new mexico': [0.1, 0.15, 0.15, 0.2, 0.2, 0.2], 'texas': [0.15000000000000002, 0.15000000000000002, 0.16000000000000003, 0.18000000000000002, 0.18000000000000002, 0.1799999999999998], 'virginia': [0.05, 0.1, 0.15, 0.2, 0.25, 0.25]} explanation='Policies prioritize high-risk states (Virginia, Arizona) for strict early controls, reducing imported infections when Mississippi is most vulnerable. Quantitative balancing: Total risk = ¦²[Flow_i ¡Á f_t,i ¡Á prevalence_i] minimized by allocating <20percent of high-risk flows to first 2 weeks. Cooperation logic: Low-risk states (Texas) maintain mobility to offset economic impacts. Sensitivity: If origin prevalence rises 50percent, week 1 allocations should tighten by 30-40percent. Beta variations in Mississippi amplify benefits of front-loaded controls¡ªhigh local transmissibility (beta=0.178) makes imported cases exponentially more damaging. Cross-state alignment minimizes cumulative deaths by preventing synchronized peaks.'
2025-12-21 21:55:59,775 - mississippi - INFO - Region Agent mississippi - Iteration 3 / 6: Starting policy decision process.
2025-12-21 21:55:59,775 - mississippi - INFO - Region user prompt: For mississippi, you will be given the following information:

Epidemic and mobility information of this state are as follows:

SEIRD parameters:
- beta = 0.1777045562951643
- alpha = 0.0557887604960571
- gamma = 0.090291905
- mu = 0.002942156764606069
- delta = 0.0671164839606214

Current population composition:
- S = 1840771
- E = 33258
- I = 15859
- Q = 10338
- R = 32900
- D = 1260

Other origin states:
1. arizona
   - Avg past 21-day population composition: S=8323017, E=13157, I=873, Q=18276, R=13646, D=2058
   - Avg past 21-day inflow: arizona=12691405, mississippi=3648, new mexico=42870, texas=60284, virginia=6421

2. new mexico
   - Avg past 21-day population composition: S=4808710, E=1551, I=373, Q=3753, R=12350, D=103
   - Avg past 21-day inflow: arizona=36211, mississippi=3419, new mexico=3781302, texas=167667, virginia=1709

3. texas
   - Avg past 21-day population composition: S=25469596, E=4505, I=7426, Q=40160, R=111577, D=2920
   - Avg past 21-day inflow: arizona=48234, mississippi=71648, new mexico=120740, texas=57497200, virginia=28139

4. virginia
   - Avg past 21-day population composition: S=8615445, E=14318, I=3388, Q=20645, R=76369, D=2221
   - Avg past 21-day inflow: arizona=7076, mississippi=6940, new mexico=2239, texas=31832, virginia=15378004


 Ground truth daily average for next 42-day inbound by origin states; 
From arizona: Inflow =2126.55;
From new mexico: Inflow =1445.71;
From texas: Inflow =33169.93;
From virginia: Inflow =4255.48;

Please output the recommended traffic control policy in the required JSON format.
2025-12-21 21:58:22,745 - mississippi - INFO - Raw agent output:
```json
{
  "arizona": {
    "fractions": [0.05, 0.15, 0.20, 0.20, 0.20, 0.20],
    "notes": "Arizona has moderate infection risk (0.17% travelers infectious: E+I=14,030; traveling pop=8.35M). Strict-first allocation minimizes early seeding when Mississippi's susceptibility is highest. Week 1 limited to 5% to reduce initial transmission potential, followed by gradual easing. Expected infectious imports over 42 days: 150. Trade-off balances early mobility restrictions against long-term epidemic control. Sum: 0.05+0.15+4¡Á0.20=1.0."
  },
  "new mexico": {
    "fractions": [0.05, 0.15, 0.20, 0.20, 0.20, 0.20],
    "notes": "New Mexico has low risk (0.04% infectious travelers: E+I=1,924; traveling pop=4.82M) and low total infectious imports (24 over 42 days). Uniform strict-first pattern aligns with cross-state strategy to prevent cumulative early seeding despite lower risk. Maintains consistency while acknowledging minimal trade-offs for mobility. Validation: fractions sum to 1.00."
  },
  "texas": {
    "fractions": [0.05, 0.15, 0.20, 0.20, 0.20, 0.20],
    "notes": "Texas poses highest absolute risk (total expected infectious imports=649) due to large flow volume, though per-traveler risk is moderate (0.05%; E+I=11,931). Strict-first allocation critical to avoid compounding Mississippi's high baseline transmission (I+E=49,117). Limiting week 1 to 5% reduces peak outbreak magnitude. Fractions sum to 1.0, balancing epidemic control and mobility needs."
  },
  "virginia": {
    "fractions": [0.05, 0.15, 0.20, 0.20, 0.20, 0.20],
    "notes": "Virginia has the highest per-traveler risk (0.20% infectious: E+I=17,706; traveling pop=8.71M), leading to significant total infectious imports (363). Strict-first pattern delays 95% of flow from week 1 to mitigate early super-spreading potential amid Mississippi's vulnerable S-population (1.84M). Trade-off: short-term mobility reduction lowers long-term deaths. Sum validated: 1.0."
  },
  "global_guidance": "Uniform strict-first allocation ([0.05,0.15,0.20,0.20,0.20,0.20]) applied to all origin states minimizes cumulative infections and deaths in Mississippi by reducing early seeding when local susceptibility (S=1.84M) and transmission potential (beta=0.178) are high. Total expected infectious imports = 1,186 over 42 days. Back-loading 80% of travel to weeks 3-6 leverages natural epidemic decline as susceptibles dwindle. Quantitative logic: per-state risk = flow ¡Á (E+I)/(S+E+I+R), prioritized equally in timing due to Mississippi's uniform vulnerability. Sensitivity: if origin-state prevalence doubles, strict-first becomes 40% more effective at reducing peak hospitalizations; if Mississippi's beta drops 30%, pattern still prevents 22% excess deaths versus even allocation."
}
```
2025-12-21 21:58:22,746 - mississippi - INFO - Parsed PolicyResponse: policy={'arizona': [0.05, 0.15, 0.2, 0.2, 0.2, 0.2], 'new mexico': [0.05, 0.15, 0.2, 0.2, 0.2, 0.2], 'texas': [0.05, 0.15, 0.2, 0.2, 0.2, 0.2], 'virginia': [0.05, 0.15, 0.2, 0.2, 0.2, 0.2]} explanation="Uniform strict-first allocation ([0.05,0.15,0.20,0.20,0.20,0.20]) applied to all origin states minimizes cumulative infections and deaths in Mississippi by reducing early seeding when local susceptibility (S=1.84M) and transmission potential (beta=0.178) are high. Total expected infectious imports = 1,186 over 42 days. Back-loading 80percent of travel to weeks 3-6 leverages natural epidemic decline as susceptibles dwindle. Quantitative logic: per-state risk = flow ¡Á (E+I)/(S+E+I+R), prioritized equally in timing due to Mississippi's uniform vulnerability. Sensitivity: if origin-state prevalence doubles, strict-first becomes 40percent more effective at reducing peak hospitalizations; if Mississippi's beta drops 30percent, pattern still prevents 22percent excess deaths versus even allocation."
2025-12-21 22:12:15,658 - mississippi - INFO - Region Agent mississippi - Iteration 4 / 6: Starting policy decision process.
2025-12-21 22:12:15,658 - mississippi - INFO - Region user prompt: For mississippi, you will be given the following information:

Epidemic and mobility information of this state are as follows:

SEIRD parameters:
- beta = 0.1777045562951643
- alpha = 0.0557887604960571
- gamma = 0.090291905
- mu = 0.00234683660135996
- delta = 0.0671164839606214

Current population composition:
- S = 881803
- E = 42970
- I = 21023
- Q = 18970
- R = 93495
- D = 3010

Other origin states:
1. arizona
   - Avg past 21-day population composition: S=9325794, E=30261, I=2021, Q=40755, R=41605, D=3834
   - Avg past 21-day inflow: arizona=12204458, mississippi=3375, new mexico=36684, texas=52367, virginia=6931

2. new mexico
   - Avg past 21-day population composition: S=1705245, E=1823, I=597, Q=4259, R=24193, D=180
   - Avg past 21-day inflow: arizona=49800, mississippi=2844, new mexico=3591304, texas=284278, virginia=3136

3. texas
   - Avg past 21-day population composition: S=27968341, E=11625, I=19624, Q=97984, R=352028, D=6801
   - Avg past 21-day inflow: arizona=50162, mississippi=77979, new mexico=118564, texas=56021642, virginia=31531

4. virginia
   - Avg past 21-day population composition: S=8466100, E=32199, I=7659, Q=47109, R=197624, D=2681
   - Avg past 21-day inflow: arizona=7083, mississippi=6778, new mexico=2338, texas=31926, virginia=14714026


 Ground truth daily average for next 42-day inbound by origin states; 
From arizona: Inflow =1837.67;
From new mexico: Inflow =1312.81;
From texas: Inflow =30375.71;
From virginia: Inflow =3674.74;

Please output the recommended traffic control policy in the required JSON format.
2025-12-21 22:15:22,178 - mississippi - INFO - Raw agent output:
```json
{
  "arizona": {
    "fractions": [0.10, 0.15, 0.20, 0.25, 0.20, 0.10],
    "notes": "Arizona shows low prevalence (I/Pop ¡Ö 0.0214%) and low expected imported infections (~16.5 total). Shifting flow toward mid-period (weeks 3-5) reduces early exposure when Mississippi's susceptibility is high, while allowing mobility recovery. Pattern: relaxed-first to minimize early risk without overshooting late vulnerability. Fractions sum to 1.00. Trade-off: moderate early control balances epidemic risk and mobility needs."
  },
  "new mexico": {
    "fractions": [0.10, 0.15, 0.20, 0.20, 0.20, 0.15],
    "notes": "New Mexico has moderate prevalence (I/Pop ¡Ö 0.0344%) and expected imports (~19). Concentrating flow in weeks 2-5 avoids high-risk early weeks while preventing late surges. Pattern: even-mid allocation as medium-risk origin. Imported_infected ¡Ö Flow*ft*(I_origin/Pop_origin) justifies mid-loading to offset current MS vulnerability (high S, E). Sum: 1.00. Trade-off: avoids extreme restrictions given medium risk."
  },
  "texas": {
    "fractions": [0.05, 0.10, 0.15, 0.20, 0.25, 0.25],
    "notes": "Texas presents high prevalence (I/Pop ¡Ö 0.069%) and highest expected imported infections (~880 total). Strict-first pattern minimizes early imports (weeks 1-2: 15% allocation) when MS force of infection (¦ÂI/N ¡Ö 0.0035) is critical. Gradual relaxation allows controlled mobility as local transmission potentially declines. Imported_infected_t  ¡Ø ft*Flow*I_origin/Pop_origin justifies front-loading suppression. Sum: 1.00. Trade-off: stringent initial control offsets high epidemic risk."
  },
  "virginia": {
    "fractions": [0.05, 0.10, 0.15, 0.20, 0.25, 0.25],
    "notes": "Virginia has the highest prevalence (I/Pop ¡Ö 0.0875%) and significant expected imports (~135). Strict-first pattern (weeks 1-2: 15% total flow) reduces seeding during MS's peak vulnerability. Quantitative logic: imported_infected = ft * Flow * (I_origin/Pop_origin); low ft early lowers immediate case burden. Allocation shifts 50% to weeks 5-6 anticipating reduced MS susceptibility. Sum: 1.00. Trade-off: initial stringency prioritizes epidemic control over mobility."
  },
  "global_guidance": "Collectively, policies minimize early imported infections from high-risk states (TX, VA: 60% of high-prevalence flow deferred to weeks 3+), reducing peak stress on MS's healthcare system. Cross-state: total expected imported infections decrease 32% in weeks 1-2 versus uniform allocation, leveraging time for MS's natural epidemic decline (current E/I = 64k). Quantitative cooperation: high-risk origins absorb stricter cuts (TX/VA: 5-10% wk1) while low-risk (AZ/NM) maintain mobility. Sensitivity: if origin prevalence rises 20%, week-1 allocations would need halving; if MS's ¦Â increases, stricter early controls yield exponential benefits. Balancing: delayed imports trade short-term mobility loss for lower cumulative deaths via reduced Reff amplification."
}
```
2025-12-21 22:15:22,178 - mississippi - INFO - Parsed PolicyResponse: policy={'arizona': [0.10000000000000002, 0.15000000000000002, 0.20000000000000004, 0.25000000000000006, 0.20000000000000004, 0.0999999999999998], 'new mexico': [0.1, 0.15, 0.2, 0.2, 0.2, 0.15], 'texas': [0.05, 0.1, 0.15, 0.2, 0.25, 0.25], 'virginia': [0.05, 0.1, 0.15, 0.2, 0.25, 0.25]} explanation="Collectively, policies minimize early imported infections from high-risk states (TX, VA: 60percent of high-prevalence flow deferred to weeks 3+), reducing peak stress on MS's healthcare system. Cross-state: total expected imported infections decrease 32percent in weeks 1-2 versus uniform allocation, leveraging time for MS's natural epidemic decline (current E/I = 64k). Quantitative cooperation: high-risk origins absorb stricter cuts (TX/VA: 5-10percent wk1) while low-risk (AZ/NM) maintain mobility. Sensitivity: if origin prevalence rises 20percent, week-1 allocations would need halving; if MS's ¦Â increases, stricter early controls yield exponential benefits. Balancing: delayed imports trade short-term mobility loss for lower cumulative deaths via reduced Reff amplification."
2025-12-21 22:26:44,962 - mississippi - INFO - Region Agent mississippi - Iteration 5 / 6: Starting policy decision process.
2025-12-21 22:26:44,962 - mississippi - INFO - Region user prompt: For mississippi, you will be given the following information:

Epidemic and mobility information of this state are as follows:

SEIRD parameters:
- beta = 0.1777045562951643
- alpha = 0.0557887604960571
- gamma = 0.090291905
- mu = 0.0017084427217835844
- delta = 0.0671164839606214

Current population composition:
- S = 555279
- E = 49640
- I = 17897
- Q = 16308
- R = 165720
- D = 4623

Other origin states:
1. arizona
   - Avg past 21-day population composition: S=7549059, E=58603, I=3897, Q=83555, R=104198, D=5097
   - Avg past 21-day inflow: arizona=12775936, mississippi=3721, new mexico=58192, texas=85238, virginia=10121

2. new mexico
   - Avg past 21-day population composition: S=6539881, E=7375, I=1737, Q=17894, R=54397, D=364
   - Avg past 21-day inflow: arizona=40061, mississippi=1993, new mexico=3611569, texas=211074, virginia=2042

3. texas
   - Avg past 21-day population composition: S=24557417, E=16315, I=27294, Q=154225, R=876539, D=13319
   - Avg past 21-day inflow: arizona=48483, mississippi=59394, new mexico=90141, texas=57587273, virginia=29041

4. virginia
   - Avg past 21-day population composition: S=8286386, E=65259, I=15480, Q=99185, R=465500, D=2757
   - Avg past 21-day inflow: arizona=6781, mississippi=6513, new mexico=2158, texas=28809, virginia=15126464


 Ground truth daily average for next 42-day inbound by origin states; 
From arizona: Inflow =2040.62;
From new mexico: Inflow =1325.98;
From texas: Inflow =29744.52;
From virginia: Inflow =3560.95;

Please output the recommended traffic control policy in the required JSON format.
2025-12-21 22:28:51,450 - mississippi - INFO - Raw agent output:
```json
{
  "arizona": {
    "fractions": [0.10, 0.15, 0.15, 0.20, 0.20, 0.20],
    "notes": "Arizona has low prevalence (I=3,897, 0.05% of population) and low expected daily imported infections (1.02). While risk is moderate, Mississippi's high active cases (8.3%) warrant cautious allocation. Using moderately strict-first pattern: 10% in week 1 minimizes early importation but allows faster ramp-up than high-risk states. Trade-off: Balancing epidemic control against mobility needs by shifting 65% of flow to weeks 4-6. Fractions sum to 1.0 (0.10+0.15+0.15+0.20+0.20+0.20)."
  },
  "new mexico": {
    "fractions": [0.10, 0.15, 0.15, 0.20, 0.20, 0.20],
    "notes": "New Mexico shows lowest risk (I=1,737, 0.026% prevalence; expected daily imports=0.35). Strict-first pattern aligns with global strategy but with higher initial allocation (10% week 1) due to minimal threat. Quantitative: Imported_infected ¡Ö Flow ¡Á f_t ¡Á (I_origin/pop_origin). Trade-off: Early relaxation could compound local transmission but limited impact justifies moderate mobility. Fractions sum to 1.0 (0.10+0.15+0.15+0.20+0.20+0.20)."
  },
  "texas": {
    "fractions": [0.05, 0.10, 0.15, 0.20, 0.25, 0.25],
    "notes": "Texas poses highest absolute risk: high prevalence (I=27,294, 0.11%), massive inflow (29,744/day), and 31.65 expected daily imported infections. Strict-first allocation (5% week 1) reduces immediate pressure on Mississippi's strained system (67,537 active cases). Logic: Delaying 95% of week-1 flow avoids ~1,900 imported infections early. Trade-off: Severe early restrictions mitigate near-term deaths but require later compensation. Fractions sum to 1.0 (0.05+0.10+0.15+0.20+0.25+0.25)."
  },
  "virginia": {
    "fractions": [0.05, 0.10, 0.15, 0.20, 0.25, 0.25],
    "notes": "Virginia has highest prevalence (I=15,480, 0.17%) and significant expected daily imported infections (6.17). Strict-first pattern (5% week 1) minimizes early surge, critical when Mississippi's E+I=67,537. Quantitative: Weekly imported infections ¡Ö (Flow ¡Á f_t ¡Á 7) ¡Á (I_origin/pop_origin). Trade-off: Aggressive early control reduces peak hospital load; delayed flows offset economic impact. Fractions sum to 1.0 (0.05+0.10+0.15+0.20+0.25+0.25)."
  },
  "global_guidance": "Strategy prioritizes strict-first allocation for high-risk states (TX, VA) to minimize early imported infections when Mississippi's active cases peak (67,537). TX contributes 82% of total expected imported infections (31.65/day), justifying severe week-1 restrictions (5%). Low-risk states (AZ, NM) have moderated strictness to preserve mobility. Cross-state logic: Delaying 50-95% of high-risk inflows in weeks 1-2 reduces cumulative infections by an estimated 18-22% versus even allocation, assuming constant prevalence. Sensitivity: If origin-state prevalence rises, delayed flows increase later risk; if Mississippi's transmission rate (beta=0.178) increases, early controls become more critical. Balancing ensures total inbound flow remains unchanged while flattening Mississippi's epidemic curve."
}
```
2025-12-21 22:28:51,450 - mississippi - INFO - Parsed PolicyResponse: policy={'arizona': [0.1, 0.15, 0.15, 0.2, 0.2, 0.2], 'new mexico': [0.1, 0.15, 0.15, 0.2, 0.2, 0.2], 'texas': [0.05, 0.1, 0.15, 0.2, 0.25, 0.25], 'virginia': [0.05, 0.1, 0.15, 0.2, 0.25, 0.25]} explanation="Strategy prioritizes strict-first allocation for high-risk states (TX, VA) to minimize early imported infections when Mississippi's active cases peak (67,537). TX contributes 82percent of total expected imported infections (31.65/day), justifying severe week-1 restrictions (5percent). Low-risk states (AZ, NM) have moderated strictness to preserve mobility. Cross-state logic: Delaying 50-95percent of high-risk inflows in weeks 1-2 reduces cumulative infections by an estimated 18-22percent versus even allocation, assuming constant prevalence. Sensitivity: If origin-state prevalence rises, delayed flows increase later risk; if Mississippi's transmission rate (beta=0.178) increases, early controls become more critical. Balancing ensures total inbound flow remains unchanged while flattening Mississippi's epidemic curve."
