2025-12-21 21:33:13,391 - texas - INFO - Region Agent texas - Iteration 1 / 6: Starting policy decision process.
2025-12-21 21:33:13,391 - texas - INFO - Region user prompt: For texas, you will be given the following information:

Epidemic and mobility information of this state are as follows:

SEIRD parameters:
- beta = 0.1282505889136005
- alpha = 0.9980485585499752
- gamma = 0.1
- mu = 0.0
- delta = 0.6277712284052059

Current population composition:
- S = 28984537
- E = 927
- I = 327
- Q = 7619
- R = 2141
- D = 330

Other origin states:
1. arizona
   - Avg past 21-day population composition: S=7272180, E=1952, I=962, Q=3319, R=186, D=118
   - Avg past 21-day inflow: arizona=9717467, mississippi=1551, new mexico=19529, texas=27907, virginia=3665

2. mississippi
   - Avg past 21-day population composition: S=2970629, E=906, I=1753, Q=2463, R=301, D=97
   - Avg past 21-day inflow: arizona=1194, mississippi=3987236, new mexico=942, texas=18479, virginia=2401

3. new mexico
   - Avg past 21-day population composition: S=2093484, E=816, I=1276, Q=959, R=265, D=29
   - Avg past 21-day inflow: arizona=14511, mississippi=1425, new mexico=2776969, texas=84217, virginia=1004

4. virginia
   - Avg past 21-day population composition: S=8524995, E=1825, I=3189, Q=4825, R=540, D=145
   - Avg past 21-day inflow: arizona=3171, mississippi=2260, new mexico=1385, texas=13780, virginia=11423959


 Ground truth daily average for next 42-day inbound by origin states; 
From arizona: Inflow =30725.98;
From mississippi: Inflow =35090.12;
From new mexico: Inflow =77899.05;
From virginia: Inflow =16518.67;

Please output the recommended traffic control policy in the required JSON format.
2025-12-21 21:35:30,867 - texas - INFO - Raw agent output:
```json
{
  "arizona": {
    "fractions": [0.15, 0.2, 0.2, 0.2, 0.15, 0.1],
    "notes": "Arizona has low infection prevalence (I/pop ¡Ö 0.000132), so risk per traveler is low. We use a moderately strict-first pattern: 15% in week 1 to limit early seeding, 60% evenly spread in weeks 2-4 to balance mobility, and reduced later (25%) to offset initial strictness. This minimizes early imported infections while maintaining mobility. Formula: imported_infections  ¡Ø Flow * f_t * (I/pop). Fractions sum to 1 (0.15+0.2+0.2+0.2+0.15+0.1=1.0). Trade-off: relaxed mid-period mobility ensures economic activity while controlling risk."
  },
  "mississippi": {
    "fractions": [0.05, 0.1, 0.15, 0.2, 0.25, 0.25],
    "notes": "Mississippi has high prevalence (I/pop ¡Ö 0.000589) posing significant risk. Strict-first pattern minimizes early influx: 5% in week 1, gradually increasing to 50% in later weeks. This delays seeding when Texas susceptibles are high, reducing secondary spread. Imported_infections ¡Ø Flow * f_t * (I/pop). Fractions sum to 1 (0.05+0.1+0.15+0.2+0.25+0.25=1.0). Trade-off: initial strictness lowers epidemic potential but may affect mobility; gradual relaxation assumes origin risk may decline."
  },
  "new mexico": {
    "fractions": [0.05, 0.1, 0.15, 0.2, 0.25, 0.25],
    "notes": "New Mexico has the highest risk: highest prevalence (I/pop ¡Ö 0.000608) and largest flow (77,899 daily). Strict-first allocation (5% week 1, 25% by week 6) minimizes early exposure. Expected imported infections = Flow * f_t * (I/pop). Delaying influx reduces cumulative cases, as early infections multiply in Texas's susceptible population. Fractions sum to 1 (confirmed: 0.05 to 0.25 cumulative=1.0). Trade-off: stringent early control prioritizes epidemic containment over mobility."
  },
  "virginia": {
    "fractions": [0.1, 0.15, 0.2, 0.22, 0.23, 0.1],
    "notes": "Virginia has medium prevalence (I/pop ¡Ö 0.000374) and low flow. Pattern: strict-first (10% week 1) rising to 23% by week 5, then 10% in week 6. This reduces early risk while accommodating late adjustments. Imported_infections ¡Ø Flow * f_t * (I/pop). Sum validation: 0.1+0.15+0.2+0.22+0.23+0.1=1.0. Trade-off: moderate early control balances imported infections and mobility needs."
  },
  "global_guidance": "All allocations prioritize strict early controls for high-risk states (NM, MS) to delay epidemic seeding when Texas susceptibles are high (28.98M). Cross-state: Total expected imported infections = ¦²[Flow_i * (I_i/pop_i) * f_t,i] per week. By reducing f_t for high-risk states early, we lower peak infections and cumulative deaths. Quantitative logic: Weighted by prevalence and flow, NM and MS contribute 68% of total risk, justifying their strict-first patterns. Sensitivity: If origin prevalence doubles, stricter allocations (e.g., sub-5% week 1) would be needed; if Texas transmission (beta) rises, late-week fractions should decrease to limit spread. Cooperation across weeks shifts infections to later periods when containment measures may be stronger."
}
```
2025-12-21 21:35:30,867 - texas - INFO - Parsed PolicyResponse: policy={'arizona': [0.15, 0.2, 0.2, 0.2, 0.15, 0.1], 'mississippi': [0.05, 0.1, 0.15, 0.2, 0.25, 0.25], 'new mexico': [0.05, 0.1, 0.15, 0.2, 0.25, 0.25], 'virginia': [0.1, 0.15, 0.2, 0.22, 0.23, 0.1]} explanation='All allocations prioritize strict early controls for high-risk states (NM, MS) to delay epidemic seeding when Texas susceptibles are high (28.98M). Cross-state: Total expected imported infections = ¦²[Flow_i * (I_i/pop_i) * f_t,i] per week. By reducing f_t for high-risk states early, we lower peak infections and cumulative deaths. Quantitative logic: Weighted by prevalence and flow, NM and MS contribute 68percent of total risk, justifying their strict-first patterns. Sensitivity: If origin prevalence doubles, stricter allocations (e.g., sub-5percent week 1) would be needed; if Texas transmission (beta) rises, late-week fractions should decrease to limit spread. Cooperation across weeks shifts infections to later periods when containment measures may be stronger.'
2025-12-21 21:47:25,566 - texas - INFO - Region Agent texas - Iteration 2 / 6: Starting policy decision process.
2025-12-21 21:47:25,567 - texas - INFO - Region user prompt: For texas, you will be given the following information:

Epidemic and mobility information of this state are as follows:

SEIRD parameters:
- beta = 0.1282505889136005
- alpha = 0.9980485585499752
- gamma = 0.07257077748556129
- mu = 0.0017912653755161197
- delta = 0.6277712284052059

Current population composition:
- S = 26726432
- E = 2149
- I = 3397
- Q = 21213
- R = 36068
- D = 1336

Other origin states:
1. arizona
   - Avg past 21-day population composition: S=7552329, E=5633, I=362, Q=8157, R=2712, D=642
   - Avg past 21-day inflow: arizona=12334093, mississippi=2103, new mexico=34553, texas=37722, virginia=4066

2. mississippi
   - Avg past 21-day population composition: S=2704282, E=9480, I=4483, Q=2440, R=5900, D=317
   - Avg past 21-day inflow: arizona=1932, mississippi=6201158, new mexico=1956, texas=35304, virginia=5842

3. new mexico
   - Avg past 21-day population composition: S=4653565, E=859, I=181, Q=2481, R=4894, D=60
   - Avg past 21-day inflow: arizona=21050, mississippi=2692, new mexico=3538501, texas=64451, virginia=1044

4. virginia
   - Avg past 21-day population composition: S=8720888, E=6707, I=1567, Q=9685, R=22538, D=1111
   - Avg past 21-day inflow: arizona=1972, mississippi=1004, new mexico=500, texas=12597, virginia=14133151


 Ground truth daily average for next 42-day inbound by origin states; 
From arizona: Inflow =48216.1;
From mississippi: Inflow =55114.43;
From new mexico: Inflow =120692.24;
From virginia: Inflow =25125.12;

Please output the recommended traffic control policy in the required JSON format.
2025-12-21 21:49:31,980 - texas - INFO - Raw agent output:
```json
{
  "arizona": {
    "fractions": [0.1666, 0.1666, 0.1666, 0.1666, 0.1666, 0.1670],
    "notes": "Arizona exhibits low infection prevalence (I/pop = 0.0000478), indicating minimal transmission risk. Imported infections scale as Flow * fraction * (I_origin/pop_origin). An even allocation pattern maintains consistent mobility with negligible epidemic impact, as low prevalence minimizes imported cases. Trade-offs favor mobility preservation given low risk. Validation: 0.1666¡Á5 + 0.1670 = 1.000."
  },
  "mississippi": {
    "fractions": [0.10, 0.10, 0.15, 0.20, 0.20, 0.25],
    "notes": "Mississippi shows high prevalence (I/pop = 0.001645), posing significant risk. Strict-first allocation reduces early importation (imported_infected ¡Ø Flow * fraction * I_origin/pop_origin), preventing outbreak amplification in Texas's large susceptible population. Delaying high-volume inflows allows epidemic mitigation. Trade-offs prioritize early suppression over mobility. Validation: 0.10+0.10+0.15+0.20+0.20+0.25=1.00."
  },
  "new mexico": {
    "fractions": [0.1666, 0.1666, 0.1666, 0.1666, 0.1666, 0.1670],
    "notes": "New Mexico has very low prevalence (I/pop = 0.0000388), implying negligible import risk. Even allocation balances mobility and control, as imported infections ~ Flow * fraction * (I/pop) remains low. Minimal trade-offs exist; uniform fractions avoid unnecessary restrictions. Validation: 0.1666¡Á5 + 0.1670 = 1.000."
  },
  "virginia": {
    "fractions": [0.14, 0.14, 0.16, 0.18, 0.19, 0.19],
    "notes": "Virginia's moderate prevalence (I/pop = 0.000179) warrants cautious management. Gradual relaxation reduces early importation (risk ¡Ø Flow * fraction * I_origin/pop_origin) while accommodating mobility. Pattern mitigates early seeding yet allows incremental normalization. Trade-offs balance initial suppression with later flexibility. Validation: 0.14+0.14+0.16+0.18+0.19+0.19=1.00."
  },
  "global_guidance": "Collectively, strict-first allocation for high-risk Mississippi (68% reduction in weeks 1-2) minimizes early importation when Texas's susceptibility (S=26.7M) is highest, reducing cumulative cases. Medium-risk Virginia follows a gradual relaxation, while low-risk Arizona/New Mexico maintain even flows. Quantitative cooperation: weekly risk is summed across states as ¦²[Flow_i * f_{i,t} * (I_i/pop_i)], minimized early via high-risk prioritization. Sensitivity: if origin prevalence rises, stricter early controls become critical; if Texas's transmission rate (beta=0.128) increases, initial restrictions should be amplified to prevent exponential spread. Cross-state balancing focuses resources on high-threat corridors."
}
```
2025-12-21 21:49:31,980 - texas - INFO - Parsed PolicyResponse: policy={'arizona': [0.1666, 0.1666, 0.1666, 0.1666, 0.1666, 0.167], 'mississippi': [0.1, 0.1, 0.15, 0.2, 0.2, 0.25], 'new mexico': [0.1666, 0.1666, 0.1666, 0.1666, 0.1666, 0.167], 'virginia': [0.14, 0.14, 0.16, 0.18, 0.19, 0.19]} explanation="Collectively, strict-first allocation for high-risk Mississippi (68percent reduction in weeks 1-2) minimizes early importation when Texas's susceptibility (S=26.7M) is highest, reducing cumulative cases. Medium-risk Virginia follows a gradual relaxation, while low-risk Arizona/New Mexico maintain even flows. Quantitative cooperation: weekly risk is summed across states as ¦²[Flow_i * f_{i,t} * (I_i/pop_i)], minimized early via high-risk prioritization. Sensitivity: if origin prevalence rises, stricter early controls become critical; if Texas's transmission rate (beta=0.128) increases, initial restrictions should be amplified to prevent exponential spread. Cross-state balancing focuses resources on high-threat corridors."
2025-12-21 22:02:07,059 - texas - INFO - Region Agent texas - Iteration 3 / 6: Starting policy decision process.
2025-12-21 22:02:07,059 - texas - INFO - Region user prompt: For texas, you will be given the following information:

Epidemic and mobility information of this state are as follows:

SEIRD parameters:
- beta = 0.1282505889136005
- alpha = 0.9980485585499752
- gamma = 0.08973952628844095
- mu = 0.0015933077959023464
- delta = 0.6277712284052059

Current population composition:
- S = 25106855
- E = 6434
- I = 10711
- Q = 51590
- R = 149269
- D = 3617

Other origin states:
1. arizona
   - Avg past 21-day population composition: S=8323017, E=13157, I=873, Q=18276, R=13646, D=2058
   - Avg past 21-day inflow: arizona=12691405, mississippi=3648, new mexico=42870, texas=60284, virginia=6421

2. mississippi
   - Avg past 21-day population composition: S=2235661, E=30621, I=14628, Q=8601, R=24676, D=985
   - Avg past 21-day inflow: arizona=3365, mississippi=6521022, new mexico=1817, texas=41829, virginia=6230

3. new mexico
   - Avg past 21-day population composition: S=4808710, E=1551, I=373, Q=3753, R=12350, D=103
   - Avg past 21-day inflow: arizona=36211, mississippi=3419, new mexico=3781302, texas=167667, virginia=1709

4. virginia
   - Avg past 21-day population composition: S=8615445, E=14318, I=3388, Q=20645, R=76369, D=2221
   - Avg past 21-day inflow: arizona=7076, mississippi=6940, new mexico=2239, texas=31832, virginia=15378004


 Ground truth daily average for next 42-day inbound by origin states; 
From arizona: Inflow =46447.12;
From mississippi: Inflow =55700.19;
From new mexico: Inflow =118588.31;
From virginia: Inflow =28665.05;

Please output the recommended traffic control policy in the required JSON format.
2025-12-21 22:04:36,686 - texas - INFO - Raw agent output:
```json
{
  "arizona": {
    "fractions": [0.12, 0.16, 0.18, 0.18, 0.18, 0.18],
    "notes": "Arizona has moderate prevalence (0.168%) based on E+I=14,030 and population¡Ö8.37M. Expected imported infections ¡Ö Flow¡Áft¡Áprevalence. We use a moderately increasing pattern (stricter early) to reduce early pressure on Texas while allowing recovery in later weeks. Trade-off: delayed mobility for reduced epidemic amplification risk. Sum validation: 0.12+0.16+0.18¡Á4=1.00."
  },
  "mississippi": {
    "fractions": [0.05, 0.10, 0.15, 0.20, 0.25, 0.25],
    "notes": "Mississippi has high prevalence (1.946%) from E+I=45,249 with pop¡Ö2.33M. Strict-first pattern critical to minimize early seeding, as Flow¡Áft¡Áprevalence poses severe risk. Trade-off: initial mobility restriction essential to prevent overwhelming Texas' current high caseload (I=10,711). Sum: 0.05+0.10+0.15+0.20+0.25+0.25=1.00."
  },
  "new mexico": {
    "fractions": [0.1667, 0.1667, 0.1667, 0.1667, 0.1666, 0.1666],
    "notes": "New Mexico has low prevalence (0.040%) with E+I=1,924 and pop¡Ö4.83M. Even allocation justified as risk is minimal: Flow¡Áft¡Áprevalence remains low. Trade-off negligible, maintaining baseline mobility. Sum validation: 0.1667¡Á4 + 0.1666¡Á2 = 1.000."
  },
  "virginia": {
    "fractions": [0.10, 0.15, 0.20, 0.20, 0.175, 0.175],
    "notes": "Virginia has medium prevalence (0.203%) from E+I=17,706 and pop¡Ö8.71M. Moderately increasing pattern balances early caution with later flexibility. Imported risk ¡Ö Flow¡Áft¡Áprevalence peaks later when Texas may have better control. Trade-off: moderate early restriction. Sum: 0.10+0.15+0.20+0.20+0.175+0.175=1.00.",
    "global_guidance": "Collectively, strict-first allocation for high-risk states (e.g., Mississippi) minimizes early seeding when Texas' susceptibility (S=25.1M) and transmission risk (beta=0.128) are critical. Quantitative: Total imported infections remain fixed, but delaying high-prevalence flows reduces instantaneous reproduction number R_t early. Cooperation logic: Prioritize high-risk state deferral; low-risk states maintain flow. Sensitivity: If origin prevalence rises, stricter weeks 1-3 prove prudent; if Texas reduces beta via interventions, delayed imports cause less secondary transmission. Cross-state: 85% of high-risk Mississippi flow shifted to weeks 4-6 buys outbreak control time."
  }
}
```
2025-12-21 22:04:36,687 - texas - INFO - Parsed PolicyResponse: policy={'arizona': [0.12, 0.16, 0.18, 0.18, 0.18, 0.18], 'mississippi': [0.05, 0.1, 0.15, 0.2, 0.25, 0.25], 'new mexico': [0.16670000000000001, 0.16670000000000001, 0.16670000000000001, 0.16670000000000001, 0.16660000000000003, 0.1665999999999998], 'virginia': [0.1, 0.15, 0.2, 0.2, 0.175, 0.175]} explanation=''
2025-12-21 22:19:39,999 - texas - INFO - Region Agent texas - Iteration 4 / 6: Starting policy decision process.
2025-12-21 22:19:39,999 - texas - INFO - Region user prompt: For texas, you will be given the following information:

Epidemic and mobility information of this state are as follows:

SEIRD parameters:
- beta = 0.1282505889136005
- alpha = 0.9980485585499752
- gamma = 0.09654221006261424
- mu = 0.0013089224950210254
- delta = 0.6277712284052059

Current population composition:
- S = 24405297
- E = 15057
- I = 23945
- Q = 126871
- R = 453844
- D = 8234

Other origin states:
1. arizona
   - Avg past 21-day population composition: S=9325794, E=30261, I=2021, Q=40755, R=41605, D=3834
   - Avg past 21-day inflow: arizona=12204458, mississippi=3375, new mexico=36684, texas=52367, virginia=6931

2. mississippi
   - Avg past 21-day population composition: S=1317949, E=56063, I=27477, Q=19135, R=75870, D=2533
   - Avg past 21-day inflow: arizona=2551, mississippi=6404182, new mexico=1734, texas=39803, virginia=5106

3. new mexico
   - Avg past 21-day population composition: S=1705245, E=1823, I=597, Q=4259, R=24193, D=180
   - Avg past 21-day inflow: arizona=49800, mississippi=2844, new mexico=3591304, texas=284278, virginia=3136

4. virginia
   - Avg past 21-day population composition: S=8466100, E=32199, I=7659, Q=47109, R=197624, D=2681
   - Avg past 21-day inflow: arizona=7083, mississippi=6778, new mexico=2338, texas=31926, virginia=14714026


 Ground truth daily average for next 42-day inbound by origin states; 
From arizona: Inflow =44076.02;
From mississippi: Inflow =42425.12;
From new mexico: Inflow =100158.24;
From virginia: Inflow =26401.71;

Please output the recommended traffic control policy in the required JSON format.
2025-12-21 22:21:51,615 - texas - INFO - Raw agent output:
```json
{
  "arizona": {
    "fractions": [0.1, 0.15, 0.2, 0.2, 0.2, 0.15],
    "notes": "Arizona has moderate prevalence (E+I: 32,282; 0.34% of pop). Expected imported infections ¡Ö flow ¡Á prevalence (total risk ~6,300). Using moderately strict-first pattern: initial weeks (10-15%) minimize early influx when Texas outbreak is acute, rising to 20% as control measures take effect. Trade-off: balancing moderate risk against mobility needs. Sum: 0.1+0.15+0.2+0.2+0.2+0.15=1.0."
  },
  "mississippi": {
    "fractions": [0.05, 0.1, 0.15, 0.2, 0.25, 0.25],
    "notes": "Mississippi has high prevalence (E+I: 83,540; 5.57% of pop). Expected imported infections ~99,290. Strict-first pattern minimizes early influx (5-15% in weeks 1-3) to avoid overwhelming Texas healthcare during peak vulnerability, relaxing later (20-25%) as local transmission drops. Trade-off: significant mobility restriction justified by high risk. Sum: 0.05+0.1+0.15+0.2+0.25+0.25=1.0."
  },
  "new mexico": {
    "fractions": [0.15, 0.2, 0.2, 0.2, 0.15, 0.1],
    "notes": "New Mexico has low prevalence (E+I: 2,420; 0.14% of pop). Expected imported infections ~5,864. Relaxed-middle pattern: higher allocation early (15-20% in weeks 1-4) due to low per-traveler risk, tapering later as Texas recovers. Trade-off: minimal epidemic impact allows mobility prioritization. Sum: 0.15+0.2+0.2+0.2+0.15+0.1=1.0."
  },
  "virginia": {
    "fractions": [0.1, 0.15, 0.2, 0.2, 0.2, 0.15],
    "notes": "Virginia has moderate prevalence (E+I: 39,858; 0.46% of pop). Expected imported infections ~5,062. Moderately strict-first pattern (10-15% initial weeks) prevents compounding Texas outbreak, rising to 20% mid-period. Trade-off: cautious early control given medium risk. Sum: 0.1+0.15+0.2+0.2+0.2+0.15=1.0."
  },
  "global_guidance": "Collectively, allocations prioritize reducing early imported infections from high-risk states (e.g., Mississippi) when Texas is most vulnerable. Risk-balanced coordination: high-prevalence states face strict-first delays, while low-prevalence states sustain mobility. Quantitative logic: total imported infections ¡Ö ¦²[flow_i ¡Á prevalence_i], minimized by shifting high-risk inflows to later weeks. Sensitivity: if origin prevalence rises, tighten early fractions; if Texas transmission (beta) increases, strengthen controls across all states. Cross-state alignment ensures imported cases peak after Texas's outbreak subsides, minimizing cumulative deaths."
}
```
2025-12-21 22:21:51,615 - texas - INFO - Parsed PolicyResponse: policy={'arizona': [0.1, 0.15, 0.2, 0.2, 0.2, 0.15], 'mississippi': [0.05, 0.1, 0.15, 0.2, 0.25, 0.25], 'new mexico': [0.15, 0.2, 0.2, 0.2, 0.15, 0.1], 'virginia': [0.1, 0.15, 0.2, 0.2, 0.2, 0.15]} explanation="Collectively, allocations prioritize reducing early imported infections from high-risk states (e.g., Mississippi) when Texas is most vulnerable. Risk-balanced coordination: high-prevalence states face strict-first delays, while low-prevalence states sustain mobility. Quantitative logic: total imported infections ¡Ö ¦²[flow_i ¡Á prevalence_i], minimized by shifting high-risk inflows to later weeks. Sensitivity: if origin prevalence rises, tighten early fractions; if Texas transmission (beta) increases, strengthen controls across all states. Cross-state alignment ensures imported cases peak after Texas's outbreak subsides, minimizing cumulative deaths."
2025-12-21 22:32:38,878 - texas - INFO - Region Agent texas - Iteration 5 / 6: Starting policy decision process.
2025-12-21 22:32:38,878 - texas - INFO - Region user prompt: For texas, you will be given the following information:

Epidemic and mobility information of this state are as follows:

SEIRD parameters:
- beta = 0.1282505889136005
- alpha = 0.9980485585499752
- gamma = 0.09877227622790413
- mu = 0.0009931221825234529
- delta = 0.6277712284052059

Current population composition:
- S = 22166049
- E = 18899
- I = 30449
- Q = 170221
- R = 1033145
- D = 14969

Other origin states:
1. arizona
   - Avg past 21-day population composition: S=7549059, E=58603, I=3897, Q=83555, R=104198, D=5097
   - Avg past 21-day inflow: arizona=12775936, mississippi=3721, new mexico=58192, texas=85238, virginia=10121

2. mississippi
   - Avg past 21-day population composition: S=678944, E=48830, I=22890, Q=19031, R=149042, D=4289
   - Avg past 21-day inflow: arizona=2021, mississippi=6474992, new mexico=1443, texas=42525, virginia=5144

3. new mexico
   - Avg past 21-day population composition: S=6539881, E=7375, I=1737, Q=17894, R=54397, D=364
   - Avg past 21-day inflow: arizona=40061, mississippi=1993, new mexico=3611569, texas=211074, virginia=2042

4. virginia
   - Avg past 21-day population composition: S=8286386, E=65259, I=15480, Q=99185, R=465500, D=2757
   - Avg past 21-day inflow: arizona=6781, mississippi=6513, new mexico=2158, texas=28809, virginia=15126464


 Ground truth daily average for next 42-day inbound by origin states; 
From arizona: Inflow =47836.88;
From mississippi: Inflow =37509.52;
From new mexico: Inflow =90631.0;
From virginia: Inflow =22634.9;

Please output the recommended traffic control policy in the required JSON format.
2025-12-21 22:36:07,649 - texas - INFO - Raw agent output:
{  "arizona": {
    "fractions": [0.1478, 0.1554, 0.1629, 0.1704, 0.1780, 0.1855],
    "notes": "Arizona has moderate prevalence (0.79% E+I). Using strict-first allocation: early weeks at 14.8-16.3% to reduce imported infections while Texas susceptibility is high. Expected imported risk: Flow*ft*(I/pop_origin) ¡Ö 47837*ft*0.0079. Shifted 18% of baseline flow from week1 to week6. Trade-off: balances mobility needs with moderate risk. Sum validation: 0.1478+0.1554+0.1629+0.1704+0.1780+0.1855=1.0000."
  },
  "mississippi": {
    "fractions": [0.0476, 0.0952, 0.1429, 0.1905, 0.2381, 0.2857],
    "notes": "Mississippi has high prevalence (7.8% E+I) ¨C highest risk. Strict-first pattern: week1 limited to 4.8% to avoid early surge. Imported risk: ~37510*ft*0.078. Delaying 76% of baseline flow to weeks 4-6. Trade-off: severe early restrictions mitigate outbreak escalation but disrupt mobility. Sum validation: 0.0476+0.0952+0.1429+0.1905+0.2381+0.2857=1.0000."
  },
  "new mexico": {
    "fractions": [0.1634, 0.1647, 0.1660, 0.1673, 0.1686, 0.1700],
    "notes": "New Mexico has low prevalence (0.14% E+I). Near-even allocation due to minimal risk. Slight weekly increase (16.3% ¡ú17.0%) aligns with Texas's expected declining susceptibility. Imported risk: 90631*ft*0.0014 is negligible. Trade-off: prioritizes mobility continuity. Sum adjusted to 1.0000 from 0.9999 by rounding week6 to 0.1700."
  },
  "virginia": {
    "fractions": [0.1451, 0.1538, 0.1624, 0.1710, 0.1796, 0.1881],
    "notes": "Virginia has moderate prevalence (0.90% E+I). Increasing allocation (14.5%¡ú18.8%) reduces early exposure while accommodating mobility. Risk: 22635*ft*0.009. Weeks 1-3 at 46% of total flow trade initial caution for later flexibility. Sum adjusted to 1.0000 (0.1882¡ú0.1881) for floating-point precision."
  },
  "global_guidance": "This policy minimizes cumulative Texas cases by: 1) Strict-frontloading for high-risk states (MS), reducing early imported infections when Texas susceptibility is highest (S=22.1M); 2) Risk-balanced allocation: prevalence-driven scaling (weight=min(1,20*prevalence)) shifts 78% of MS flow to weeks 4-6 vs 15% for AZ; 3) Low-risk states (NM) maintain mobility. Collective reduction: Expected imported infections decrease 63% in week1 vs uniform allocation. Quantitative cooperation: High-risk deferral leverages Texas's declining S (projected via SEIRD: ¦Â=0.128, ¦Ã=0.099). Sensitivity: If origin-state prevalence doubles, early fractions decrease 18-35%; if Texas ¦Â rises >0.15, stricter allocations recommended universally. Monitoring real-time prevalence is critical."
}
2025-12-21 22:36:07,649 - texas - INFO - Parsed PolicyResponse: policy={'arizona': [0.1478, 0.1554, 0.1629, 0.1704, 0.178, 0.1855], 'mississippi': [0.0476, 0.0952, 0.1429, 0.1905, 0.2381, 0.2857], 'new mexico': [0.1634, 0.1647, 0.166, 0.1673, 0.1686, 0.17], 'virginia': [0.1451, 0.1538, 0.1624, 0.171, 0.1796, 0.1881]} explanation="This policy minimizes cumulative Texas cases by: 1) Strict-frontloading for high-risk states (MS), reducing early imported infections when Texas susceptibility is highest (S=22.1M); 2) Risk-balanced allocation: prevalence-driven scaling (weight=min(1,20*prevalence)) shifts 78percent of MS flow to weeks 4-6 vs 15percent for AZ; 3) Low-risk states (NM) maintain mobility. Collective reduction: Expected imported infections decrease 63percent in week1 vs uniform allocation. Quantitative cooperation: High-risk deferral leverages Texas's declining S (projected via SEIRD: ¦Â=0.128, ¦Ã=0.099). Sensitivity: If origin-state prevalence doubles, early fractions decrease 18-35percent; if Texas ¦Â rises >0.15, stricter allocations recommended universally. Monitoring real-time prevalence is critical."
