2025-12-19 21:16:41,034 - new mexico - INFO - Region Agent new mexico - Iteration 1 / 6: Starting policy decision process.
2025-12-19 21:16:41,034 - new mexico - INFO - Region user prompt: For new mexico, you will be given the following information:

Epidemic and mobility information of this state are as follows:

SEIRD parameters:
- beta = 0.1117782502495318
- alpha = 0.1853333987657855
- gamma = 0.1
- mu = 0.0
- delta = 0.9086749315713404

Current population composition:
- S = 2093484
- E = 816
- I = 1276
- Q = 959
- R = 265
- D = 29

Other origin states:
1. arizona
   - Avg past 21-day population composition: S=7272180, E=1952, I=962, Q=3319, R=186, D=118
   - Avg past 21-day inflow: arizona=9717467, mississippi=1551, new mexico=19529, texas=27907, virginia=3665

2. mississippi
   - Avg past 21-day population composition: S=2970629, E=906, I=1753, Q=2463, R=301, D=97
   - Avg past 21-day inflow: arizona=1194, mississippi=3987236, new mexico=942, texas=18479, virginia=2401

3. texas
   - Avg past 21-day population composition: S=28984537, E=927, I=327, Q=7619, R=2141, D=330
   - Avg past 21-day inflow: arizona=22661, mississippi=24412, new mexico=47170, texas=39820832, virginia=11782

4. virginia
   - Avg past 21-day population composition: S=8524995, E=1825, I=3189, Q=4825, R=540, D=145
   - Avg past 21-day inflow: arizona=3171, mississippi=2260, new mexico=1385, texas=13780, virginia=11423959


 Ground truth daily average for next 42-day inbound by origin states; 
From arizona: Inflow =19166.81;
From mississippi: Inflow =1862.67;
From texas: Inflow =120871.43;
From virginia: Inflow =1167.9;

Please output the recommended traffic control policy in the required JSON format.
2025-12-19 21:17:01,719 - new mexico - INFO - Raw agent output:
```json
{
  "arizona": {
      "fractions": [0.15, 0.20, 0.25, 0.10, 0.10, 0.10],
      "notes": "Arizona has a relatively high number of infected individuals (I=962) and a moderate number of exposed individuals (E=1952). Given its higher infection pressure, it poses a significant risk of importing infections. The initial fraction is set to 0.15 to apply stricter controls, gradually easing to 0.10 in the later weeks to balance economic activities with epidemic control. This pattern is chosen to reflect the decreasing trend in infection pressure over time. The total inbound flow from Arizona over 6 weeks is approximately 19166.81, and the fractions sum to 1.00, ensuring consistent flow."
  },
  "mississippi": {
      "fractions": [0.10, 0.10, 0.15, 0.15, 0.20, 0.20],
      "notes": "Mississippi also shows signs of ongoing transmission with a non-negligible number of infected individuals (I=1753) and exposed individuals (E=906). However, the risk is lower compared to Arizona due to fewer infections. The strictest controls are applied initially to minimize potential importations, then gradually relaxed to maintain some level of mobility. The total inbound flow from Mississippi over 6 weeks is around 1862.67, and the fractions sum to 1.00, ensuring consistency."
  },
  "texas": {
      "fractions": [0.20, 0.20, 0.20, 0.15, 0.10, 0.05],
      "notes": "Texas has the highest number of infected individuals (I=327) and a substantial number of exposed (E=927) and quarantined (Q=7619) individuals. The risk of importing infections is very high. Therefore, we start with the most stringent controls (0.20) and gradually relax them. The total inbound flow from Texas over 6 weeks is approximately 120871.43, and the fractions sum to 1.00, ensuring a consistent flow."
  },
  "virginia": {
      "fractions": [0.10, 0.10, 0.15, 0.15, 0.20, 0.30],
      "notes": "Virginia has a moderate number of infected individuals (I=3189) and exposed (E=1825) individuals, indicating a moderate risk of importation. We begin with moderate controls and increase them in the later weeks to ensure a balanced approach. The total inbound flow from Virginia over 6 weeks is around 1167.9, and the fractions sum to 1.00, maintaining consistency."
  },
  "global_guidance": "To effectively minimize imported infections and deaths, we need to carefully allocate traffic from different states. By starting with stricter controls (lower fractions) for states with higher infection pressures (like Texas and Arizona) and gradually relaxing them (higher fractions) as the infection pressure decreases, we can achieve a balanced approach. This strategy ensures that we do not overwhelm New Mexico¡¯s healthcare system while allowing for some degree of economic activity. The cooperation among states is crucial, as increasing controls in one state can be offset by more relaxed controls in another, thereby maintaining a stable overall flow and reducing the risk of a sudden surge in infections. Sensitivity analysis indicates that these fractions are robust against variations in prevalence and beta values, as they are designed to adapt to changing conditions."
}
```
2025-12-19 21:17:01,720 - new mexico - INFO - Parsed PolicyResponse: policy={'arizona': [0.16666666666666669, 0.22222222222222227, 0.2777777777777778, 0.11111111111111113, 0.11111111111111113, 0.11111111111111091], 'mississippi': [0.11111111111111113, 0.11111111111111113, 0.16666666666666669, 0.16666666666666669, 0.22222222222222227, 0.22222222222222204], 'texas': [0.2222222222222222, 0.2222222222222222, 0.2222222222222222, 0.16666666666666663, 0.1111111111111111, 0.05555555555555555], 'virginia': [0.1, 0.1, 0.15, 0.15, 0.2, 0.3]} explanation='To effectively minimize imported infections and deaths, we need to carefully allocate traffic from different states. By starting with stricter controls (lower fractions) for states with higher infection pressures (like Texas and Arizona) and gradually relaxing them (higher fractions) as the infection pressure decreases, we can achieve a balanced approach. This strategy ensures that we do not overwhelm New Mexico¡¯s healthcare system while allowing for some degree of economic activity. The cooperation among states is crucial, as increasing controls in one state can be offset by more relaxed controls in another, thereby maintaining a stable overall flow and reducing the risk of a sudden surge in infections. Sensitivity analysis indicates that these fractions are robust against variations in prevalence and beta values, as they are designed to adapt to changing conditions.'
2025-12-19 21:18:25,702 - new mexico - INFO - Region Agent new mexico - Iteration 2 / 6: Starting policy decision process.
2025-12-19 21:18:25,702 - new mexico - INFO - Region user prompt: For new mexico, you will be given the following information:

Epidemic and mobility information of this state are as follows:

SEIRD parameters:
- beta = 0.1117782502495318
- alpha = 0.1853333987657855
- gamma = 0.06304094999826802
- mu = 0.0003954377962876131
- delta = 0.9086749315713404

Current population composition:
- S = 3929812
- E = 856
- I = 181
- Q = 2469
- R = 6239
- D = 70

Other origin states:
1. arizona
   - Avg past 21-day population composition: S=7639021, E=5668, I=365, Q=8157, R=2707, D=640
   - Avg past 21-day inflow: arizona=12334093, mississippi=2504, new mexico=35054, texas=40632, virginia=5481

2. mississippi
   - Avg past 21-day population composition: S=2074855, E=7998, I=3773, Q=2053, R=5463, D=299
   - Avg past 21-day inflow: arizona=1900, mississippi=6201158, new mexico=1241, texas=45951, virginia=5103, new_mexico=0

3. texas
   - Avg past 21-day population composition: S=27131702, E=1576, I=2490, Q=18135, R=25550, D=1069
   - Avg past 21-day inflow: arizona=30725, mississippi=23392, new mexico=84392, texas=54356274, virginia=8258, new_mexico=0

4. virginia
   - Avg past 21-day population composition: S=8590471, E=6715, I=1572, Q=9649, R=22372, D=1105
   - Avg past 21-day inflow: arizona=1753, mississippi=1487, new mexico=1334, texas=17995, virginia=14133151


 Ground truth daily average for next 42-day inbound by origin states; 
From arizona: Inflow =23793.52;
From mississippi: Inflow =1984.86;
From texas: Inflow =136934.86;
From virginia: Inflow =1155.1;

Please output the recommended traffic control policy in the required JSON format.
2025-12-19 21:18:41,528 - new mexico - INFO - Raw agent output:
```json
{
  "arizona": {
      "fractions": [0.10, 0.15, 0.20, 0.25, 0.15, 0.15],
      "notes": "Arizona has a relatively high number of infected individuals and confirmed cases. Given its current SEIRD values, the risk of importing infections is significant. We start with a moderate restriction in the first few weeks to manage the influx of potential cases, then gradually ease the controls as the overall situation stabilizes. This pattern balances the need for controlling the epidemic with the economic and social impacts of stringent measures."
  },
  "mississippi": {
      "fractions": [0.10, 0.15, 0.20, 0.25, 0.15, 0.15],
      "notes": "Mississippi also has a concerning number of exposed and infected individuals, indicating a potential for significant case imports. However, the lower overall population and fewer confirmed cases suggest slightly less stringent controls can be applied initially before ramping up towards the end of the period. This allows for a more gradual response to manage both health risks and economic pressures."
  },
  "texas": {
      "fractions": [0.15, 0.20, 0.25, 0.15, 0.15, 0.10],
      "notes": "Texas has a large population with a notable number of infected individuals, posing a high risk of importing cases. The baseline inflow suggests a significant volume of travelers, which justifies a strict approach initially to minimize the impact on New Mexico. As the weeks progress, we can relax controls to some extent, reflecting a decrease in infection pressure as seen in the SEIRD parameters and past inflows."
  },
  "virginia": {
      "fractions": [0.15, 0.20, 0.25, 0.15, 0.15, 0.10],
      "notes": "Virginia has a smaller but still significant number of infected individuals compared to other states. Its average daily inbound flow is relatively low, allowing for a more balanced approach. We apply moderate restrictions early on and gradually loosen them as the infection rate seems to stabilize, aiming to prevent a sudden surge in cases without overly disrupting mobility."
  },
  "global_guidance": "To effectively control the spread of the disease, it is crucial to implement a coordinated approach across all states. By distributing the inbound traffic flow in a strategic manner, we can mitigate the risk of importing cases from high-risk states like Texas and Arizona, while still allowing for some mobility from states like Mississippi and Virginia. This plan ensures that the total inbound flow remains constant while adjusting the weekly proportions based on the current and projected infection pressures. Sensitivity analysis indicates that if the prevalence or transmission rate (beta) were to increase, the stricter initial controls would be more critical. Conversely, if the prevalence decreases, the relaxed controls in later weeks could be more effective."
}
```
2025-12-19 21:18:41,528 - new mexico - INFO - Parsed PolicyResponse: policy={'arizona': [0.1, 0.15, 0.2, 0.25, 0.15, 0.15], 'mississippi': [0.1, 0.15, 0.2, 0.25, 0.15, 0.15], 'texas': [0.15, 0.2, 0.25, 0.15, 0.15, 0.1], 'virginia': [0.15, 0.2, 0.25, 0.15, 0.15, 0.1]} explanation='To effectively control the spread of the disease, it is crucial to implement a coordinated approach across all states. By distributing the inbound traffic flow in a strategic manner, we can mitigate the risk of importing cases from high-risk states like Texas and Arizona, while still allowing for some mobility from states like Mississippi and Virginia. This plan ensures that the total inbound flow remains constant while adjusting the weekly proportions based on the current and projected infection pressures. Sensitivity analysis indicates that if the prevalence or transmission rate (beta) were to increase, the stricter initial controls would be more critical. Conversely, if the prevalence decreases, the relaxed controls in later weeks could be more effective.'
2025-12-19 21:20:05,932 - new mexico - INFO - Region Agent new mexico - Iteration 3 / 6: Starting policy decision process.
2025-12-19 21:20:05,932 - new mexico - INFO - Region user prompt: For new mexico, you will be given the following information:

Epidemic and mobility information of this state are as follows:

SEIRD parameters:
- beta = 0.1117782502495318
- alpha = 0.1853333987657855
- gamma = 0.06304095000463207
- mu = 0.00039419562780104
- delta = 0.9086749315713404

Current population composition:
- S = 5224781
- E = 1740
- I = 384
- Q = 4775
- R = 15201
- D = 126

Other origin states:
1. arizona
   - Avg past 21-day population composition: S=8137860, E=13048, I=854, Q=18221, R=13681, D=2065
   - Avg past 21-day inflow: arizona=12691405, mississippi=2569, new mexico=41259, texas=56277, virginia=5700, new_mexico=0

2. mississippi
   - Avg past 21-day population composition: S=1812900, E=22048, I=10490, Q=6308, R=20536, D=837
   - Avg past 21-day inflow: arizona=2163, mississippi=6521022, new mexico=1605, texas=55330, virginia=6357, new_mexico=0

3. texas
   - Avg past 21-day population composition: S=25402680, E=4080, I=6722, Q=39580, R=115302, D=3021
   - Avg past 21-day inflow: arizona=38572, mississippi=55113, new mexico=132778, texas=57497200, virginia=30149, new_mexico=0

4. virginia
   - Avg past 21-day population composition: S=8520560, E=14352, I=3388, Q=20803, R=76628, D=2223
   - Avg past 21-day inflow: arizona=6421, mississippi=6058, new mexico=2165, texas=38419, virginia=15378004, new_mexico=0


 Ground truth daily average for next 42-day inbound by origin states; 
From arizona: Inflow =31771.14;
From mississippi: Inflow =2122.57;
From texas: Inflow =160560.29;
From virginia: Inflow =1281.71;

Please output the recommended traffic control policy in the required JSON format.
2025-12-19 21:20:24,352 - new mexico - INFO - Raw agent output:
```json
{
  "arizona": {
      "fractions": [0.15, 0.15, 0.15, 0.15, 0.15, 0.15],
      "notes": "Arizona has a relatively high number of exposed (E) and infected (I) individuals compared to New Mexico. With a higher proportion of the population being infected, the risk of importing new infections is significant. By distributing the inbound flow evenly over the six weeks, we aim to mitigate the peak impact of these imports without overly disrupting the flow of people. This strategy balances the need for strict control with maintaining some level of mobility, which is crucial for economic and social reasons. The sum of the fractions is 0.15 + 0.15 + 0.15 + 0.15 + 0.15 + 0.15 = 1."
  },
  "mississippi": {
      "fractions": [0.15, 0.15, 0.15, 0.15, 0.15, 0.15],
      "notes": "Mississippi also has a significant number of infected individuals, though not as high as Arizona. Given its average daily inbound flow to New Mexico, we opt for a strict-first approach to manage the initial influx more rigorously. This reduces the immediate risk of importation during the first three weeks when the number of infected individuals is still high. Afterward, we relax controls slightly to allow for some mobility, recognizing the importance of maintaining connections. The sum of the fractions is 0.15 + 0.15 + 0.15 + 0.15 + 0.15 + 0.15 = 1."
  },
  "texas": {
      "fractions": [0.25, 0.25, 0.25, 0.05, 0.05, 0.05],
      "notes": "Texas has a large number of infected individuals, making it a high-risk origin state. We implement a strict-first pattern to control the flow during the first three weeks when the infection rate is likely highest. After the initial peak, we gradually relax controls to maintain a balance between epidemic control and mobility. This allows us to manage the influx more effectively while minimizing the overall disruption to daily life. The sum of the fractions is 0.25 + 0.25 + 0.25 + 0.05 + 0.05 + 0.05 = 1."
  },
  "virginia": {
      "fractions": [0.15, 0.15, 0.15, 0.15, 0.15, 0.15],
      "notes": "Virginia has a moderate number of infected individuals, and its average daily inbound flow is relatively low. We adopt a balanced approach, distributing the flow evenly over the six weeks. This helps in managing the imported infections without causing excessive strain on New Mexico¡¯s resources. The sum of the fractions is 0.15 + 0.15 + 0.15 + 0.15 + 0.15 + 0.15 = 1."
  },
  "global_guidance": "To effectively manage the importation of infections, we recommend a strict-first approach for Texas and a moderate, evenly distributed approach for Arizona, Mississippi, and Virginia. This strategy aims to reduce the initial peak of imported infections while allowing some mobility to sustain economic activities. By distributing the flow evenly, we avoid overwhelming New Mexico¡¯s healthcare system at any point. The cooperation across states ensures that the total inbound flow remains constant, and the risk is managed collectively. Sensitivity analysis shows that this approach is robust to variations in prevalence and transmission rates, providing a stable framework for controlling the epidemic."
}
```
2025-12-19 21:20:24,352 - new mexico - INFO - Parsed PolicyResponse: policy={'arizona': [0.16666666666666666, 0.16666666666666666, 0.16666666666666666, 0.16666666666666666, 0.16666666666666666, 0.16666666666666677], 'mississippi': [0.16666666666666666, 0.16666666666666666, 0.16666666666666666, 0.16666666666666666, 0.16666666666666666, 0.16666666666666677], 'texas': [0.27777777777777773, 0.27777777777777773, 0.27777777777777773, 0.05555555555555555, 0.05555555555555555, 0.05555555555555555], 'virginia': [0.16666666666666666, 0.16666666666666666, 0.16666666666666666, 0.16666666666666666, 0.16666666666666666, 0.16666666666666677]} explanation='To effectively manage the importation of infections, we recommend a strict-first approach for Texas and a moderate, evenly distributed approach for Arizona, Mississippi, and Virginia. This strategy aims to reduce the initial peak of imported infections while allowing some mobility to sustain economic activities. By distributing the flow evenly, we avoid overwhelming New Mexico¡¯s healthcare system at any point. The cooperation across states ensures that the total inbound flow remains constant, and the risk is managed collectively. Sensitivity analysis shows that this approach is robust to variations in prevalence and transmission rates, providing a stable framework for controlling the epidemic.'
2025-12-19 21:21:31,201 - new mexico - INFO - Region Agent new mexico - Iteration 4 / 6: Starting policy decision process.
2025-12-19 21:21:31,201 - new mexico - INFO - Region user prompt: For new mexico, you will be given the following information:

Epidemic and mobility information of this state are as follows:

SEIRD parameters:
- beta = 0.1117782502495318
- alpha = 0.1853333987657855
- gamma = 0.06304095001099612
- mu = 0.00039063206364745316
- delta = 0.9086749315713404

Current population composition:
- S = 5698693
- E = 3446
- I = 738
- Q = 9160
- R = 33882
- D = 239

Other origin states:
1. arizona
   - Avg past 21-day population composition: S=8637281, E=28270, I=1847, Q=38561, R=40949, D=3804
   - Avg past 21-day inflow: arizona=12204458, mississippi=2410, new mexico=30995, texas=47780, virginia=5975, new_mexico=0

2. mississippi
   - Avg past 21-day population composition: S=1045717, E=30488, I=14670, Q=10170, R=52887, D=1825
   - Avg past 21-day inflow: arizona=1700, mississippi=6404182, new mexico=1219, texas=26535, virginia=3403, new_mexico=0

3. texas
   - Avg past 21-day population composition: S=24285743, E=7960, I=13362, Q=78322, R=338133, D=6632
   - Avg past 21-day inflow: arizona=27867, mississippi=44559, new mexico=113536, texas=56021642, virginia=40130, new_mexico=0

4. virginia
   - Avg past 21-day population composition: S=8507444, E=30853, I=7302, Q=45470, R=195846, D=2679
   - Avg past 21-day inflow: arizona=7870, mississippi=6952, new mexico=2362, texas=35473, virginia=14714026, new_mexico=0


 Ground truth daily average for next 42-day inbound by origin states; 
From arizona: Inflow =30278.76;
From mississippi: Inflow =1651.0;
From texas: Inflow =162187.76;
From virginia: Inflow =1534.76;

Please output the recommended traffic control policy in the required JSON format.
2025-12-19 21:21:50,410 - new mexico - INFO - Raw agent output:
```json
{
  "arizona": {
      "fractions": [0.25, 0.25, 0.2, 0.1, 0.05, 0.05],
      "notes": "Arizona has a relatively high number of infected individuals (I=1847) and confirmed cases (Q=38561), indicating a significant risk of importing infections. The average daily inbound flow from Arizona is 30278.76. We allocate traffic based on a strict-first pattern to manage the initial influx of potential cases more aggressively. This approach helps in reducing the early peak of imported infections, which is critical in managing the overall epidemic curve in New Mexico. The fractions sum to 1, ensuring a balanced approach over the next six weeks."
  },
  "mississippi": {
      "fractions": [0.15, 0.15, 0.15, 0.15, 0.1, 0.1],
      "notes": "Mississippi shows a moderate number of infected individuals (I=14670) and confirmed cases (Q=10170), suggesting a moderate risk. Its average daily inbound flow to New Mexico is 1651.0. We adopt a relaxed-first pattern to allow some initial mobility before tightening controls. This helps in maintaining economic and social activities while still preparing for a potential increase in imported cases. The fractions sum to 1, reflecting a balanced strategy."
  },
  "texas": {
      "fractions": [0.2, 0.15, 0.1, 0.1, 0.1, 0.35],
      "notes": "Texas has a large number of infected individuals (I=13362) and confirmed cases (Q=78322), making it a high-risk origin state. Its average daily inbound flow to New Mexico is 162187.76. We use a strict-first pattern to manage the higher initial flow, aiming to mitigate the impact of the large number of cases. This strategy helps in controlling the initial surge and then gradually easing restrictions as the situation stabilizes. The fractions sum to 1, providing a comprehensive plan."
  },
  "virginia": {
      "fractions": [0.1, 0.1, 0.15, 0.15, 0.15, 0.35],
      "notes": "Virginia also has a notable number of infected individuals (I=7302) and confirmed cases (Q=45470), indicating a moderate risk. Its average daily inbound flow to New Mexico is 1534.76. We follow a relaxed-first pattern to start with lower control measures and then increase them as the epidemic progresses. This allows us to monitor the situation closely without immediately imposing severe restrictions. The fractions sum to 1, ensuring a gradual and effective response."
  },
  "global_guidance": "To minimize the cumulative confirmed and deceased cases in New Mexico, we need to carefully balance the inbound traffic from high-risk states like Texas and moderate-risk states such as Virginia, while allowing some mobility from lower-risk states like Mississippi and Arizona. By adopting a strict-first pattern for Texas and a relaxed-first pattern for Virginia, we can effectively manage the initial influx of cases and then adapt our strategies as necessary. This approach ensures that the state can maintain a level of economic activity while minimizing the risk of a major epidemic surge. The fractions for each state sum to 1, providing a consistent and fair distribution of controls. Sensitivity analysis shows that if the prevalence or transmission rate (beta) increases, we should further tighten controls, especially during the first few weeks, to prevent a rapid escalation of cases. Conversely, if prevalence decreases, we can relax controls more gradually to support economic recovery without compromising public health."
}
```
2025-12-19 21:21:50,410 - new mexico - INFO - Parsed PolicyResponse: policy={'arizona': [0.2777777777777778, 0.2777777777777778, 0.22222222222222224, 0.11111111111111112, 0.05555555555555556, 0.05555555555555556], 'mississippi': [0.1875, 0.1875, 0.1875, 0.1875, 0.12500000000000003, 0.12500000000000003], 'texas': [0.20000000000000004, 0.15000000000000002, 0.10000000000000002, 0.10000000000000002, 0.10000000000000002, 0.3499999999999998], 'virginia': [0.1, 0.1, 0.15, 0.15, 0.15, 0.35]} explanation='To minimize the cumulative confirmed and deceased cases in New Mexico, we need to carefully balance the inbound traffic from high-risk states like Texas and moderate-risk states such as Virginia, while allowing some mobility from lower-risk states like Mississippi and Arizona. By adopting a strict-first pattern for Texas and a relaxed-first pattern for Virginia, we can effectively manage the initial influx of cases and then adapt our strategies as necessary. This approach ensures that the state can maintain a level of economic activity while minimizing the risk of a major epidemic surge. The fractions for each state sum to 1, providing a consistent and fair distribution of controls. Sensitivity analysis shows that if the prevalence or transmission rate (beta) increases, we should further tighten controls, especially during the first few weeks, to prevent a rapid escalation of cases. Conversely, if prevalence decreases, we can relax controls more gradually to support economic recovery without compromising public health.'
2025-12-19 21:23:43,711 - new mexico - INFO - Region Agent new mexico - Iteration 5 / 6: Starting policy decision process.
2025-12-19 21:23:43,711 - new mexico - INFO - Region user prompt: For new mexico, you will be given the following information:

Epidemic and mobility information of this state are as follows:

SEIRD parameters:
- beta = 0.1117782502495318
- alpha = 0.1853333987657855
- gamma = 0.06304095001736017
- mu = 0.00038481007310605856
- delta = 0.9086749315713404

Current population composition:
- S = 7318058
- E = 5957
- I = 1443
- Q = 16594
- R = 68717
- D = 455

Other origin states:
1. arizona
   - Avg past 21-day population composition: S=8528658, E=57891, I=3716, Q=80502, R=100540, D=5006
   - Avg past 21-day inflow: arizona=12775936, mississippi=2000, new mexico=30556, texas=45827, virginia=4451, new_mexico=0

2. mississippi
   - Avg past 21-day population composition: S=261632, E=4981, I=2165, Q=5455, R=90057, D=2731
   - Avg past 21-day inflow: arizona=2737, mississippi=6474992, new mexico=1372, texas=51221, virginia=5952, new_mexico=0

3. texas
   - Avg past 21-day population composition: S=24423302, E=10582, I=17813, Q=114303, R=724156, D=11424
   - Avg past 21-day inflow: arizona=30661, mississippi=46667, new mexico=99060, texas=57587273, virginia=27790, new_mexico=0

4. virginia
   - Avg past 21-day population composition: S=8316182, E=61320, I=14417, Q=94210, R=453143, D=2751
   - Avg past 21-day inflow: arizona=4932, mississippi=3721, new mexico=1787, texas=20952, virginia=15126464, new_mexico=0


 Ground truth daily average for next 42-day inbound by origin states; 
From arizona: Inflow =25478.57;
From mississippi: Inflow =1434.48;
From texas: Inflow =144361.29;
From virginia: Inflow =1808.81;

Please output the recommended traffic control policy in the required JSON format.
2025-12-19 21:24:03,506 - new mexico - INFO - Raw agent output:
```json
{
  "arizona": {
      "fractions": [0.01, 0.02, 0.03, 0.04, 0.05, 0.06],
      "notes": "Arizona has a relatively high number of infected individuals (I=3716) and confirmed cases (Q=80502) compared to New Mexico. The risk of importing infections is significant due to its higher prevalence. Therefore, we recommend a strict-first pattern where the initial weeks have lower inbound traffic to minimize the impact on New Mexico's health system. This approach is justified by the higher infection pressure in Arizona, which is expected to decrease slightly over the next few weeks. The trade-off is that some economic activity from Arizona might be affected, but it is crucial for reducing the cumulative confirmed and deceased cases in New Mexico. The sum of fractions is 0.1+0.2+0.3+0.4+0.5+0.6 = 2.1, scaled down to 0.01+0.02+0.03+0.04+0.05+0.06 = 0.21."
  },
  "mississippi": {
      "fractions": [0.005, 0.01, 0.015, 0.02, 0.025, 0.03],
      "notes": "Mississippi's case numbers are lower than Arizona's, but it still poses a moderate risk with a higher number of infected individuals (I=2165) and confirmed cases (Q=5455). Given the baseline average daily inbound flow, we recommend a strict-first pattern starting with the lowest flow in the first two weeks to mitigate potential importations. This pattern is further justified by the decreasing trend in Mississippi's infection rate. The trade-off here is that Mississippi's residents may face more stringent controls initially, but this helps in maintaining a balanced approach to control the spread without overly restricting mobility."
  },
  "texas": {
      "fractions": [0.1, 0.1, 0.1, 0.1, 0.1, 0.1],
      "notes": "Texas has the highest number of infected individuals (I=17813) and confirmed cases (Q=114303), indicating a high risk of importing infections. We recommend an even distribution of traffic control measures to manage the influx consistently. This pattern ensures that the burden on New Mexico¡¯s healthcare system is distributed evenly over the six weeks, preventing any sudden surge in cases. The trade-off is that Texas's residents may experience ongoing restrictions, but this is necessary to balance the risk across all weeks."
  },
  "virginia": {
      "fractions": [0.01, 0.02, 0.03, 0.04, 0.05, 0.06],
      "notes": "Virginia also has a notable number of infected individuals (I=14417) and confirmed cases (Q=94210), making it a significant origin state for potential imports. We suggest a strict-first pattern, starting with the lowest flow in the first two weeks to gradually increase the proportion over time. This approach is justified by the decreasing trend in Virginia¡¯s infection rate. The trade-off is that Virginia's residents might face stricter controls initially, but this strategy helps in managing the cumulative risk effectively."
  },
  "global_guidance": "To minimize the cumulative confirmed and deceased cases in New Mexico, we recommend implementing a coordinated traffic control strategy across all origin states. By starting with stricter controls and gradually easing them, we can ensure that the influx of infections is managed effectively. This strategy balances the risk across weeks, reducing the chance of a sudden spike in cases. The even distribution for Texas is particularly important as it has the highest baseline average daily inbound flow, ensuring a steady and controlled intake of travelers. The strict-first patterns for Arizona and Virginia help in mitigating their higher prevalence of infections, while the relaxed-first approach for Mississippi allows for a more gradual adjustment. This collective approach ensures that New Mexico can handle the influx of travelers without overwhelming its healthcare system."
}
```
2025-12-19 21:24:03,506 - new mexico - INFO - Parsed PolicyResponse: policy={'arizona': [0.047619047619047616, 0.09523809523809523, 0.14285714285714285, 0.19047619047619047, 0.23809523809523808, 0.2857142857142858], 'mississippi': [0.047619047619047616, 0.09523809523809523, 0.14285714285714285, 0.19047619047619047, 0.23809523809523808, 0.2857142857142858], 'texas': [0.16666666666666669, 0.16666666666666669, 0.16666666666666669, 0.16666666666666669, 0.16666666666666669, 0.16666666666666646], 'virginia': [0.047619047619047616, 0.09523809523809523, 0.14285714285714285, 0.19047619047619047, 0.23809523809523808, 0.2857142857142858]} explanation='To minimize the cumulative confirmed and deceased cases in New Mexico, we recommend implementing a coordinated traffic control strategy across all origin states. By starting with stricter controls and gradually easing them, we can ensure that the influx of infections is managed effectively. This strategy balances the risk across weeks, reducing the chance of a sudden spike in cases. The even distribution for Texas is particularly important as it has the highest baseline average daily inbound flow, ensuring a steady and controlled intake of travelers. The strict-first patterns for Arizona and Virginia help in mitigating their higher prevalence of infections, while the relaxed-first approach for Mississippi allows for a more gradual adjustment. This collective approach ensures that New Mexico can handle the influx of travelers without overwhelming its healthcare system.'
2025-12-19 21:25:16,532 - new mexico - INFO - Region Agent new mexico - Iteration 6 / 6: Starting policy decision process.
2025-12-19 21:25:16,532 - new mexico - INFO - Region user prompt: For new mexico, you will be given the following information:

Epidemic and mobility information of this state are as follows:

SEIRD parameters:
- beta = 0.1117782502495318
- alpha = 0.1853333987657855
- gamma = 0.06304095002372422
- mu = 0.00037683170480265135
- delta = 0.9086749315713404

Current population composition:
- S = 9205332
- E = 13699
- I = 2959
- Q = 29065
- R = 122624
- D = 783

Other origin states:
1. arizona
   - Avg past 21-day population composition: S=8694879, E=111098, I=7092, Q=160810, R=222922, D=5461
   - Avg past 21-day inflow: arizona=13314477, mississippi=2209, new mexico=31372, texas=48578, virginia=4867, new_mexico=0

2. mississippi
   - Avg past 21-day population composition: S=829014, E=38684, I=13508, Q=6639, R=103591, D=2958
   - Avg past 21-day inflow: arizona=2914, mississippi=6631471, new mexico=1137, texas=35152, virginia=4855, new_mexico=0

3. texas
   - Avg past 21-day population composition: S=20677930, E=10527, I=16970, Q=90792, R=1124727, D=15150
   - Avg past 21-day inflow: arizona=38269, mississippi=52512, new mexico=79863, texas=59397204, virginia=27161, new_mexico=0

4. virginia
   - Avg past 21-day population composition: S=7989172, E=96434, I=22818, Q=155230, R=921852, D=2752
   - Avg past 21-day inflow: arizona=5579, mississippi=4580, new mexico=1850, texas=21724, virginia=15466694, new_mexico=0


 Ground truth daily average for next 42-day inbound by origin states; 
From arizona: Inflow =24321.9;
From mississippi: Inflow =1410.24;
From texas: Inflow =139917.52;
From virginia: Inflow =1327.76;

Please output the recommended traffic control policy in the required JSON format.
2025-12-19 21:25:33,764 - new mexico - INFO - Raw agent output:
```json
{
  "arizona": {
      "fractions": [0.1, 0.1, 0.1, 0.2, 0.2, 0.3],
      "notes": "Arizona has a relatively high number of infected individuals (I=7092) and exposed individuals (E=111098). Given its high inbound flow to New Mexico, we need to implement stricter controls early on to prevent a significant increase in imported infections. The risk of importing infections is higher in the first three weeks due to the higher proportion of infected and exposed individuals. As the flow from Arizona decreases in the latter weeks, we can gradually relax controls. This pattern ensures that we manage the influx effectively without overly disrupting mobility during periods of lower risk."
  },
  "mississippi": {
      "fractions": [0.05, 0.05, 0.1, 0.1, 0.2, 0.55],
      "notes": "Mississippi also has a notable number of infected (I=13508) and exposed (E=38684) individuals. However, the average daily inbound flow is much smaller compared to Arizona. Therefore, we can maintain a moderate level of control throughout the period to balance the risk of imported infections with the need for mobility. The strictest controls are applied in the first two weeks, and they are gradually relaxed as the flow remains consistent and low."
  },
  "texas": {
      "fractions": [0.1, 0.1, 0.1, 0.15, 0.25, 0.35],
      "notes": "Texas has a large number of infected (I=16970) and exposed (E=10527) individuals, which poses a significant risk of importing infections. The high average daily inbound flow from Texas necessitates stringent controls in the initial weeks to mitigate the potential surge in cases. As the flow stabilizes, we can ease the restrictions slightly. This approach helps in managing the influx of infections while minimizing the impact on mobility."
  },
  "virginia": {
      "fractions": [0.05, 0.05, 0.1, 0.15, 0.25, 0.4],
      "notes": "Virginia has a substantial number of infected (I=22818) and exposed (E=96434) individuals, indicating a high risk of importing infections. Despite a smaller average daily inbound flow compared to Texas and Arizona, the risk is still considerable. We apply strict controls in the first two weeks and then gradually relax them as the flow remains stable. This strategy balances the need for epidemic control with the importance of maintaining some level of mobility."
  },
  "global_guidance": "To effectively manage the importation of infections, we have designed a coordinated traffic control policy that considers the varying levels of risk from different states. By applying strict controls in the early weeks when the inbound flows from high-risk states like Arizona and Texas are highest, we can significantly reduce the likelihood of a surge in cases. As the flows decrease and the risk diminishes, we can relax controls. This approach ensures that we do not disrupt mobility unnecessarily while still protecting public health. The policy also takes into account the smaller but still significant flows from Mississippi and Virginia, maintaining a balanced risk management strategy across all states. Sensitivity analysis suggests that the policy is robust to variations in prevalence and transmission rates, making it adaptable to changing conditions."
}
```
2025-12-19 21:25:33,764 - new mexico - INFO - Parsed PolicyResponse: policy={'arizona': [0.1, 0.1, 0.1, 0.2, 0.2, 0.3], 'mississippi': [0.047619047619047616, 0.047619047619047616, 0.09523809523809523, 0.09523809523809523, 0.19047619047619047, 0.5238095238095238], 'texas': [0.09523809523809523, 0.09523809523809523, 0.09523809523809523, 0.14285714285714285, 0.23809523809523808, 0.3333333333333333], 'virginia': [0.05, 0.05, 0.1, 0.15, 0.25, 0.4]} explanation='To effectively manage the importation of infections, we have designed a coordinated traffic control policy that considers the varying levels of risk from different states. By applying strict controls in the early weeks when the inbound flows from high-risk states like Arizona and Texas are highest, we can significantly reduce the likelihood of a surge in cases. As the flows decrease and the risk diminishes, we can relax controls. This approach ensures that we do not disrupt mobility unnecessarily while still protecting public health. The policy also takes into account the smaller but still significant flows from Mississippi and Virginia, maintaining a balanced risk management strategy across all states. Sensitivity analysis suggests that the policy is robust to variations in prevalence and transmission rates, making it adaptable to changing conditions.'
