2025-12-19 21:17:01,721 - texas - INFO - Region Agent texas - Iteration 1 / 6: Starting policy decision process.
2025-12-19 21:17:01,721 - texas - INFO - Region user prompt: For texas, you will be given the following information:

Epidemic and mobility information of this state are as follows:

SEIRD parameters:
- beta = 0.1282505889136005
- alpha = 0.9980485585499752
- gamma = 0.1
- mu = 0.0
- delta = 0.6277712284052059

Current population composition:
- S = 28984537
- E = 927
- I = 327
- Q = 7619
- R = 2141
- D = 330

Other origin states:
1. arizona
   - Avg past 21-day population composition: S=7272180, E=1952, I=962, Q=3319, R=186, D=118
   - Avg past 21-day inflow: arizona=9717467, mississippi=1551, new mexico=19529, texas=27907, virginia=3665

2. mississippi
   - Avg past 21-day population composition: S=2970629, E=906, I=1753, Q=2463, R=301, D=97
   - Avg past 21-day inflow: arizona=1194, mississippi=3987236, new mexico=942, texas=18479, virginia=2401

3. new mexico
   - Avg past 21-day population composition: S=2093484, E=816, I=1276, Q=959, R=265, D=29
   - Avg past 21-day inflow: arizona=14511, mississippi=1425, new mexico=2776969, texas=84217, virginia=1004

4. virginia
   - Avg past 21-day population composition: S=8524995, E=1825, I=3189, Q=4825, R=540, D=145
   - Avg past 21-day inflow: arizona=3171, mississippi=2260, new mexico=1385, texas=13780, virginia=11423959


 Ground truth daily average for next 42-day inbound by origin states; 
From arizona: Inflow =28201.62;
From mississippi: Inflow =31557.62;
From new mexico: Inflow =71405.43;
From virginia: Inflow =15644.0;

Please output the recommended traffic control policy in the required JSON format.
2025-12-19 21:17:21,555 - texas - INFO - Raw agent output:
```json
{
  "arizona": {
      "fractions": [0.15, 0.15, 0.15, 0.15, 0.15, 0.15],
      "notes": "Arizona has a relatively high number of infected individuals (I=962) and a moderate daily inbound flow to Texas. Given its current situation, we need to maintain a steady but cautious approach to minimize the risk of importing infections. We allocate 15% of the flow for each of the six weeks to balance the risk and ensure that no single week becomes overly vulnerable to a surge in imported cases. This strategy helps in maintaining a consistent pressure on the epidemic curve without imposing extreme restrictions that could cause significant economic hardship."
  },
  "mississippi": {
      "fractions": [0.20, 0.20, 0.20, 0.15, 0.10, 0.05],
      "notes": "Mississippi also has a notable number of infected individuals (I=1753) and a higher daily inbound flow to Texas. To address this, we start with a more restrictive approach in the first two weeks, reducing the flow to 20%, and then gradually relax it over the subsequent weeks. This pattern reflects the higher risk in the early stages and allows for some easing as the situation stabilizes. However, the flow remains relatively low to keep the risk manageable."
  },
  "new_mexico": {
      "fractions": [0.25, 0.25, 0.20, 0.15, 0.10, 0.05],
      "notes": "New Mexico's situation is slightly better than Mississippi¡¯s, with fewer infected individuals (I=1276) but still a substantial daily inbound flow (71405.43). We adopt a strict-first approach, starting with 25% of the flow in the first two weeks and then gradually reducing it to 20% in the third week and below in the remaining weeks. This strategy aims to protect Texas during the peak transmission periods while allowing some flexibility in later weeks."
  },
  "virginia": {
      "fractions": [0.25, 0.20, 0.15, 0.10, 0.05, 0.05],
      "notes": "Virginia has the highest number of infected individuals among the origin states (I=3189), and its daily inbound flow is also quite high. We implement a relaxed-first approach, beginning with 25% of the flow in the first two weeks and then decreasing it progressively. This allows us to monitor the situation closely and respond flexibly to any emerging trends. The reduction in flow in the latter weeks ensures that we do not overwhelm our healthcare system, especially given the high baseline of infected cases."
  },
  "global_guidance": "To effectively control the disease spread in Texas, we must carefully manage the inbound flows from neighboring states. By adopting a strict-first approach for Mississippi and New Mexico, we aim to mitigate their higher risk of imported infections. For Arizona and Virginia, which have lower risks but still significant flows, we use a balanced approach. This strategy ensures that the total inbound flow remains constant while adjusting the weekly proportions to reflect varying risk levels. The cooperation among states in reducing flows during peak transmission periods helps in flattening the epidemic curve and minimizing the cumulative confirmed and deceased cases. Sensitivity analysis shows that this approach is robust against changes in prevalence and transmission rates, providing a flexible framework for managing the epidemic."
}
```
2025-12-19 21:17:21,556 - texas - INFO - Parsed PolicyResponse: policy={'arizona': [0.16666666666666666, 0.16666666666666666, 0.16666666666666666, 0.16666666666666666, 0.16666666666666666, 0.16666666666666677], 'mississippi': [0.2222222222222222, 0.2222222222222222, 0.2222222222222222, 0.16666666666666663, 0.1111111111111111, 0.05555555555555555], 'new_mexico': [0.25, 0.25, 0.2, 0.15, 0.1, 0.05], 'virginia': [0.3125, 0.25, 0.18749999999999997, 0.125, 0.0625, 0.0625]} explanation='To effectively control the disease spread in Texas, we must carefully manage the inbound flows from neighboring states. By adopting a strict-first approach for Mississippi and New Mexico, we aim to mitigate their higher risk of imported infections. For Arizona and Virginia, which have lower risks but still significant flows, we use a balanced approach. This strategy ensures that the total inbound flow remains constant while adjusting the weekly proportions to reflect varying risk levels. The cooperation among states in reducing flows during peak transmission periods helps in flattening the epidemic curve and minimizing the cumulative confirmed and deceased cases. Sensitivity analysis shows that this approach is robust against changes in prevalence and transmission rates, providing a flexible framework for managing the epidemic.'
2025-12-19 21:18:41,533 - texas - INFO - Region Agent texas - Iteration 2 / 6: Starting policy decision process.
2025-12-19 21:18:41,533 - texas - INFO - Region user prompt: For texas, you will be given the following information:

Epidemic and mobility information of this state are as follows:

SEIRD parameters:
- beta = 0.1282505889136005
- alpha = 0.9980485585499752
- gamma = 0.07257077748556129
- mu = 0.0017912653755161197
- delta = 0.6277712284052059

Current population composition:
- S = 26727121
- E = 1810
- I = 2830
- Q = 20948
- R = 38677
- D = 1414

Other origin states:
1. arizona
   - Avg past 21-day population composition: S=7639021, E=5668, I=365, Q=8157, R=2707, D=640
   - Avg past 21-day inflow: arizona=12334093, mississippi=2504, new mexico=35054, texas=40632, virginia=5481

2. mississippi
   - Avg past 21-day population composition: S=2074855, E=7998, I=3773, Q=2053, R=5463, D=299
   - Avg past 21-day inflow: arizona=1900, mississippi=6201158, new mexico=1241, texas=45951, virginia=5103, new_mexico=0

3. new mexico
   - Avg past 21-day population composition: S=4311242, E=825, I=176, Q=2385, R=4720, D=60
   - Avg past 21-day inflow: arizona=14319, mississippi=2350, new mexico=3538501, texas=85934, virginia=1509

4. virginia
   - Avg past 21-day population composition: S=8590471, E=6715, I=1572, Q=9649, R=22372, D=1105
   - Avg past 21-day inflow: arizona=1753, mississippi=1487, new mexico=1334, texas=17995, virginia=14133151


 Ground truth daily average for next 42-day inbound by origin states; 
From arizona: Inflow =33250.33;
From mississippi: Inflow =38622.62;
From new mexico: Inflow =84392.67;
From virginia: Inflow =17393.33;

Please output the recommended traffic control policy in the required JSON format.
2025-12-19 21:19:00,489 - texas - INFO - Raw agent output:
```json
{
  "arizona": {
      "fractions": [0.2, 0.2, 0.2, 0.2, 0.1, 0.1],
      "notes": "Arizona has a relatively high number of infected individuals (I=365) compared to its recovered and deceased populations, indicating a higher risk of exporting active infections. Given its current flow of 33250.33 people daily, we aim to allocate traffic in a balanced manner. A strict-first approach (f1-f3 lower, f4-f6 higher) is chosen to initially mitigate the risk of importing cases, followed by a slight relaxation as the situation stabilizes. This pattern ensures that the peak influx of infected individuals is managed effectively without completely halting all inbound traffic."
  },
  "mississippi": {
      "fractions": [0.15, 0.15, 0.15, 0.15, 0.15, 0.15],
      "notes": "Mississippi has a slightly higher proportion of exposed (E=3773) and infected (I=3773) individuals than Texas, suggesting a moderate risk of exporting cases. With a daily flow of 38622.62 people, a more relaxed-first approach (f1-f3 higher, f4-f6 lower) is adopted to maintain some level of mobility while controlling imported infections. This strategy balances the need for reducing risk with the importance of sustaining economic and social activities."
  },
  "new_mexico": {
      "fractions": [0.1, 0.1, 0.1, 0.2, 0.2, 0.3],
      "notes": "New Mexico has a very low number of infected individuals (I=176) relative to its exposed population (E=825), indicating a lower risk of exporting active infections. However, due to its significant daily flow of 84392.67 people, a strict-first pattern (f1-f3 lower, f4-f6 higher) is implemented to manage potential risks effectively. This allows for a gradual easing of controls as the situation improves, ensuring that we do not overly restrict necessary mobility."
  },
  "virginia": {
      "fractions": [0.1, 0.1, 0.2, 0.2, 0.2, 0.2],
      "notes": "Virginia has a substantial number of confirmed cases (Q=9649) and infected individuals (I=1572), making it a significant source of imported infections. With a daily flow of 17393.33 people, a strict-first approach (f1-f3 lower, f4-f6 higher) is chosen to minimize the risk of importing new cases. This strategy aims to protect Texas by initially imposing stringent controls before gradually relaxing them, allowing for a safer reopening."
  },
  "global_guidance": "To minimize the cumulative confirmed and deceased cases in Texas, we recommend implementing a coordinated traffic control policy where each state adjusts its weekly inbound traffic allocation based on their current SEIRD values and historical flows. By adopting a strict-first pattern for states like Arizona and Virginia, we can effectively manage the initial influx of potential cases. Meanwhile, Mississippi and New Mexico, which have lower risks but still significant flows, benefit from a more relaxed-first approach. This strategy ensures that the overall importation rate remains stable while optimizing the balance between epidemic control and maintaining essential mobility. Sensitivity analysis shows that if the prevalence or transmission rate (beta) increases, the strictness of controls should also increase to prevent a surge in imported cases. Conversely, if these factors decrease, the policy can be adjusted to allow for more mobility, supporting economic recovery while minimizing health risks."
}
```
2025-12-19 21:19:00,489 - texas - INFO - Parsed PolicyResponse: policy={'arizona': [0.2, 0.2, 0.2, 0.2, 0.1, 0.1], 'mississippi': [0.16666666666666666, 0.16666666666666666, 0.16666666666666666, 0.16666666666666666, 0.16666666666666666, 0.16666666666666677], 'new_mexico': [0.1, 0.1, 0.1, 0.2, 0.2, 0.3], 'virginia': [0.1, 0.1, 0.2, 0.2, 0.2, 0.2]} explanation='To minimize the cumulative confirmed and deceased cases in Texas, we recommend implementing a coordinated traffic control policy where each state adjusts its weekly inbound traffic allocation based on their current SEIRD values and historical flows. By adopting a strict-first pattern for states like Arizona and Virginia, we can effectively manage the initial influx of potential cases. Meanwhile, Mississippi and New Mexico, which have lower risks but still significant flows, benefit from a more relaxed-first approach. This strategy ensures that the overall importation rate remains stable while optimizing the balance between epidemic control and maintaining essential mobility. Sensitivity analysis shows that if the prevalence or transmission rate (beta) increases, the strictness of controls should also increase to prevent a surge in imported cases. Conversely, if these factors decrease, the policy can be adjusted to allow for more mobility, supporting economic recovery while minimizing health risks.'
2025-12-19 21:20:24,364 - texas - INFO - Region Agent texas - Iteration 3 / 6: Starting policy decision process.
2025-12-19 21:20:24,364 - texas - INFO - Region user prompt: For texas, you will be given the following information:

Epidemic and mobility information of this state are as follows:

SEIRD parameters:
- beta = 0.1282505889136005
- alpha = 0.9980485585499752
- gamma = 0.08973952628844095
- mu = 0.0015933077959023464
- delta = 0.6277712284052059

Current population composition:
- S = 25121180
- E = 4974
- I = 8195
- Q = 46282
- R = 151794
- D = 3697

Other origin states:
1. arizona
   - Avg past 21-day population composition: S=8137860, E=13048, I=854, Q=18221, R=13681, D=2065
   - Avg past 21-day inflow: arizona=12691405, mississippi=2569, new mexico=41259, texas=56277, virginia=5700, new_mexico=0

2. mississippi
   - Avg past 21-day population composition: S=1812900, E=22048, I=10490, Q=6308, R=20536, D=837
   - Avg past 21-day inflow: arizona=2163, mississippi=6521022, new mexico=1605, texas=55330, virginia=6357, new_mexico=0

3. new mexico
   - Avg past 21-day population composition: S=5594797, E=1610, I=364, Q=4123, R=12472, D=107
   - Avg past 21-day inflow: arizona=34127, mississippi=2074, new mexico=3781302, texas=129098, virginia=1126

4. virginia
   - Avg past 21-day population composition: S=8520560, E=14352, I=3388, Q=20803, R=76628, D=2223
   - Avg past 21-day inflow: arizona=6421, mississippi=6058, new mexico=2165, texas=38419, virginia=15378004, new_mexico=0


 Ground truth daily average for next 42-day inbound by origin states; 
From arizona: Inflow =46623.1;
From mississippi: Inflow =49897.48;
From new mexico: Inflow =108606.05;
From virginia: Inflow =23307.95;

Please output the recommended traffic control policy in the required JSON format.
2025-12-19 21:20:40,078 - texas - INFO - Raw agent output:
```json
{
  "arizona": {
      "fractions": [0.25, 0.25, 0.2, 0.15, 0.1, 0.05],
      "notes": "Arizona has a relatively low infected population (I=854) and a moderate exposed population (E=13048). However, its inflow into Texas is significant, with an average of 46623.1 daily arrivals. Given the current infection pressure in Arizona, we can afford to be more lenient initially. As the exposed and infected populations start to increase, we will gradually tighten controls. This pattern ensures a balanced approach, minimizing the risk of importing infections while maintaining some level of mobility."
  },
  "mississippi": {
      "fractions": [0.2, 0.2, 0.2, 0.2, 0.1, 0.1],
      "notes": "Mississippi has a higher infected population (I=10490) and a significant number of exposed individuals (E=22048). Its daily inbound flow to Texas is 49897.48, which is substantial. To manage this, we will apply strict controls in the first few weeks to reduce the initial influx of infections. As the situation stabilizes, we will ease the restrictions slightly. This strategy aims to prevent a sudden surge of imported cases."
  },
  "new_mexico": {
      "fractions": [0.15, 0.15, 0.15, 0.15, 0.15, 0.15],
      "notes": "New Mexico's inflow into Texas is 108606.05 daily, with a lower infected population (I=364) but a higher exposed population (E=1610). We will maintain a consistent but moderately strict control throughout the 6 weeks to balance the risk of imported infections. This approach helps in managing the exposure without overwhelming the system early on."
  },
  "virginia": {
      "fractions": [0.1, 0.1, 0.1, 0.1, 0.2, 0.4],
      "notes": "Virginia has a large infected population (I=3388) and a considerable number of exposed individuals (E=14352), making it a high-risk state. Its daily inbound flow to Texas is 23307.95, which is also significant. We will start with strict controls to minimize the immediate impact of imported cases. As the situation improves, we will gradually relax the controls to allow for some mobility. This phased approach helps in reducing the risk of a major influx of infections."
  },
  "global_guidance": "To minimize imported infections and deaths, we need to coordinate traffic control policies across states. By applying strict controls in the initial weeks and gradually relaxing them, we can prevent a sudden surge of imported cases. The even distribution of controls among states helps in balancing the overall risk. Sensitivity analysis shows that if prevalence or beta increases, we may need to adjust the fractions more aggressively to ensure the total inbound flow remains constant and the risk is managed effectively."
}
```
2025-12-19 21:20:40,078 - texas - INFO - Parsed PolicyResponse: policy={'arizona': [0.25, 0.25, 0.2, 0.15, 0.1, 0.05], 'mississippi': [0.2, 0.2, 0.2, 0.2, 0.1, 0.1], 'new_mexico': [0.16666666666666666, 0.16666666666666666, 0.16666666666666666, 0.16666666666666666, 0.16666666666666666, 0.16666666666666677], 'virginia': [0.1, 0.1, 0.1, 0.1, 0.2, 0.4]} explanation='To minimize imported infections and deaths, we need to coordinate traffic control policies across states. By applying strict controls in the initial weeks and gradually relaxing them, we can prevent a sudden surge of imported cases. The even distribution of controls among states helps in balancing the overall risk. Sensitivity analysis shows that if prevalence or beta increases, we may need to adjust the fractions more aggressively to ensure the total inbound flow remains constant and the risk is managed effectively.'
2025-12-19 21:21:50,410 - texas - INFO - Region Agent texas - Iteration 4 / 6: Starting policy decision process.
2025-12-19 21:21:50,410 - texas - INFO - Region user prompt: For texas, you will be given the following information:

Epidemic and mobility information of this state are as follows:

SEIRD parameters:
- beta = 0.1282505889136005
- alpha = 0.9980485585499752
- gamma = 0.09654221006261424
- mu = 0.0013089224950210254
- delta = 0.6277712284052059

Current population composition:
- S = 24768465
- E = 8773
- I = 14222
- Q = 84250
- R = 415375
- D = 7723

Other origin states:
1. arizona
   - Avg past 21-day population composition: S=8637281, E=28270, I=1847, Q=38561, R=40949, D=3804
   - Avg past 21-day inflow: arizona=12204458, mississippi=2410, new mexico=30995, texas=47780, virginia=5975, new_mexico=0

2. mississippi
   - Avg past 21-day population composition: S=1045717, E=30488, I=14670, Q=10170, R=52887, D=1825
   - Avg past 21-day inflow: arizona=1700, mississippi=6404182, new mexico=1219, texas=26535, virginia=3403, new_mexico=0

3. new mexico
   - Avg past 21-day population composition: S=6410670, E=3131, I=671, Q=8356, R=28482, D=207
   - Avg past 21-day inflow: arizona=24899, mississippi=1421, new mexico=3591304, texas=47379, virginia=1567

4. virginia
   - Avg past 21-day population composition: S=8507444, E=30853, I=7302, Q=45470, R=195846, D=2679
   - Avg past 21-day inflow: arizona=7870, mississippi=6952, new mexico=2362, texas=35473, virginia=14714026, new_mexico=0


 Ground truth daily average for next 42-day inbound by origin states; 
From arizona: Inflow =49809.1;
From mississippi: Inflow =60331.38;
From new mexico: Inflow =132778.43;
From virginia: Inflow =26942.29;

Please output the recommended traffic control policy in the required JSON format.
2025-12-19 21:22:06,089 - texas - INFO - Raw agent output:
```json
{
  "arizona": {
      "fractions": [0.25, 0.25, 0.25, 0.2, 0.15, 0.05],
      "notes": "Arizona has a relatively high number of exposed and infected individuals, indicating a significant risk of importing cases into Texas. The inflow from Arizona is also substantial, contributing to the overall importation rate. We recommend a strict-first pattern with decreasing levels of restriction over time. This approach balances the need to control the influx of infections while allowing some degree of mobility. By starting with a higher restriction level and gradually relaxing it, we aim to mitigate the peak impact of imported cases on the state's healthcare system."
  },
  "mississippi": {
      "fractions": [0.1, 0.15, 0.2, 0.25, 0.2, 0.1],
      "notes": "Mississippi shows a moderate number of infected individuals and a high daily inflow into Texas. We suggest a relaxed-first pattern to allow initial mobility and then increase restrictions as the inflow begins to pose a greater risk. This strategy aims to avoid overwhelming the healthcare system during the peak period of imported cases. The fractions are designed to ensure that the total inflow remains consistent with historical averages."
  },
  "new_mexico": {
      "fractions": [0.15, 0.2, 0.25, 0.25, 0.1, 0.05],
      "notes": "New Mexico has a lower number of infected individuals compared to other states, but its daily inflow into Texas is still significant. We propose a strict-first pattern to manage the initial influx of cases and then ease restrictions. This helps in preventing a sudden surge in imported cases and allows for better preparedness and response strategies. The fractions are structured to maintain a steady and controlled flow of people into Texas."
  },
  "virginia": {
      "fractions": [0.1, 0.15, 0.2, 0.25, 0.2, 0.05],
      "notes": "Virginia has a large daily inflow into Texas, which includes both infected and recovered individuals. Given the high inflow, we recommend a strict-first pattern with decreasing restrictions. This ensures that the early stages of the influx are managed more rigorously to prevent a rapid increase in imported cases. The fractions are calibrated to keep the total inflow consistent with historical averages, thus providing a balanced approach to control the spread."
  },
  "global_guidance": "To minimize the cumulative confirmed and deceased cases in Texas, we must carefully balance the inbound traffic from different states. By implementing a strict-first pattern for Arizona and New Mexico, and a relaxed-first pattern for Mississippi and Virginia, we can effectively manage the peak periods of imported infections. This strategy ensures that the total inflow from each state remains consistent with historical averages, thereby reducing the overall risk. The cooperation among states is crucial, as a sudden increase in any single state's inflow could lead to a spike in cases. Sensitivity analysis indicates that if the prevalence or beta changes, the fractions should be adjusted accordingly to maintain optimal control."
}
```
2025-12-19 21:22:06,090 - texas - INFO - Parsed PolicyResponse: policy={'arizona': [0.2173913043478261, 0.2173913043478261, 0.2173913043478261, 0.1739130434782609, 0.13043478260869565, 0.04347826086956522], 'mississippi': [0.10000000000000002, 0.15000000000000002, 0.20000000000000004, 0.25000000000000006, 0.20000000000000004, 0.0999999999999998], 'new_mexico': [0.15, 0.2, 0.25, 0.25, 0.1, 0.05], 'virginia': [0.10526315789473685, 0.15789473684210525, 0.2105263157894737, 0.2631578947368421, 0.2105263157894737, 0.052631578947368425]} explanation="To minimize the cumulative confirmed and deceased cases in Texas, we must carefully balance the inbound traffic from different states. By implementing a strict-first pattern for Arizona and New Mexico, and a relaxed-first pattern for Mississippi and Virginia, we can effectively manage the peak periods of imported infections. This strategy ensures that the total inflow from each state remains consistent with historical averages, thereby reducing the overall risk. The cooperation among states is crucial, as a sudden increase in any single state's inflow could lead to a spike in cases. Sensitivity analysis indicates that if the prevalence or beta changes, the fractions should be adjusted accordingly to maintain optimal control."
2025-12-19 21:24:03,506 - texas - INFO - Region Agent texas - Iteration 5 / 6: Starting policy decision process.
2025-12-19 21:24:03,506 - texas - INFO - Region user prompt: For texas, you will be given the following information:

Epidemic and mobility information of this state are as follows:

SEIRD parameters:
- beta = 0.1282505889136005
- alpha = 0.9980485585499752
- gamma = 0.09877227622790413
- mu = 0.0009931221825234529
- delta = 0.6277712284052059

Current population composition:
- S = 22496020
- E = 8498
- I = 13536
- Q = 104708
- R = 836808
- D = 12616

Other origin states:
1. arizona
   - Avg past 21-day population composition: S=8528658, E=57891, I=3716, Q=80502, R=100540, D=5006
   - Avg past 21-day inflow: arizona=12775936, mississippi=2000, new mexico=30556, texas=45827, virginia=4451, new_mexico=0

2. mississippi
   - Avg past 21-day population composition: S=261632, E=4981, I=2165, Q=5455, R=90057, D=2731
   - Avg past 21-day inflow: arizona=2737, mississippi=6474992, new mexico=1372, texas=51221, virginia=5952, new_mexico=0

3. new mexico
   - Avg past 21-day population composition: S=6387371, E=5480, I=1221, Q=15283, R=58893, D=395
   - Avg past 21-day inflow: arizona=12463, mississippi=1030, new mexico=3611569, texas=162523, virginia=1858

4. virginia
   - Avg past 21-day population composition: S=8316182, E=61320, I=14417, Q=94210, R=453143, D=2751
   - Avg past 21-day inflow: arizona=4932, mississippi=3721, new mexico=1787, texas=20952, virginia=15126464, new_mexico=0


 Ground truth daily average for next 42-day inbound by origin states; 
From arizona: Inflow =48046.05;
From mississippi: Inflow =60330.14;
From new mexico: Inflow =123639.86;
From virginia: Inflow =29755.24;

Please output the recommended traffic control policy in the required JSON format.
2025-12-19 21:24:19,966 - texas - INFO - Raw agent output:
```json
{
  "arizona": {
      "fractions": [0.2, 0.2, 0.2, 0.2, 0.1, 0.1],
      "notes": "Arizona has a relatively high number of infected individuals (I=3716) and a significant average daily inbound flow (48046.05). Given its high infection pressure, we aim to apply strict traffic controls early on to prevent a large influx of cases. However, as the weeks progress, the situation may stabilize, allowing for a gradual relaxation of controls. This pattern ensures that the initial weeks see reduced flow to mitigate the immediate risk, while later weeks see more relaxed controls to balance mobility needs."
  },
  "mississippi": {
      "fractions": [0.1, 0.1, 0.1, 0.1, 0.2, 0.4],
      "notes": "Mississippi has a moderate number of infected individuals (I=2165) and a substantial average daily inbound flow (60330.14). We choose a pattern where controls are gradually eased over time to manage both the risk of imported infections and the need for economic mobility. The initial strict controls (ft=0.1) help in reducing the immediate impact, while later weeks see higher flows (ft=0.4) to support ongoing economic activities without overwhelming the healthcare system."
  },
  "new_mexico": {
      "fractions": [0.15, 0.15, 0.15, 0.15, 0.15, 0.15],
      "notes": "New Mexico has a lower number of infected individuals (I=1221) and a smaller average daily inbound flow (123639.86). Its risk profile suggests that it poses a lower threat to Texas. Therefore, we opt for a balanced approach throughout the 6 weeks, with moderate controls (ft=0.15) to ensure a steady but not overly restrictive flow of people into Texas."
  },
  "virginia": {
      "fractions": [0.1, 0.1, 0.2, 0.2, 0.2, 0.2],
      "notes": "Virginia has a higher number of confirmed cases (Q=94210) and deaths (D=2751), indicating a significant risk. However, its average daily inbound flow to Texas is relatively low (29755.24). To minimize imported infections while considering the economic importance of Virginia, we apply strict controls initially (ft=0.1) and then relax them as the weeks progress (ft=0.2). This approach allows for controlled economic mobility while keeping the risk of imported infections manageable."
  },
  "global_guidance": "To effectively control the disease spread, we need to balance the risk of imported infections from different states while ensuring economic mobility. By applying strict controls early from high-risk states like Arizona and Virginia, we can significantly reduce the initial influx of cases. Meanwhile, states like Mississippi and New Mexico, which pose a lower risk, can have their inbound flows gradually increased to support mobility. This strategy aims to keep the total inbound flow constant over the 6 weeks, minimizing the cumulative confirmed and deceased cases in Texas through targeted and adaptive traffic control measures."
}
```
2025-12-19 21:24:19,968 - texas - INFO - Parsed PolicyResponse: policy={'arizona': [0.2, 0.2, 0.2, 0.2, 0.1, 0.1], 'mississippi': [0.1, 0.1, 0.1, 0.1, 0.2, 0.4], 'new_mexico': [0.16666666666666666, 0.16666666666666666, 0.16666666666666666, 0.16666666666666666, 0.16666666666666666, 0.16666666666666677], 'virginia': [0.1, 0.1, 0.2, 0.2, 0.2, 0.2]} explanation='To effectively control the disease spread, we need to balance the risk of imported infections from different states while ensuring economic mobility. By applying strict controls early from high-risk states like Arizona and Virginia, we can significantly reduce the initial influx of cases. Meanwhile, states like Mississippi and New Mexico, which pose a lower risk, can have their inbound flows gradually increased to support mobility. This strategy aims to keep the total inbound flow constant over the 6 weeks, minimizing the cumulative confirmed and deceased cases in Texas through targeted and adaptive traffic control measures.'
2025-12-19 21:25:33,764 - texas - INFO - Region Agent texas - Iteration 6 / 6: Starting policy decision process.
2025-12-19 21:25:33,769 - texas - INFO - Region user prompt: For texas, you will be given the following information:

Epidemic and mobility information of this state are as follows:

SEIRD parameters:
- beta = 0.1282505889136005
- alpha = 0.9980485585499752
- gamma = 0.09945653442714063
- mu = 0.0006959306018464415
- delta = 0.6277712284052059

Current population composition:
- S = 20173976
- E = 16796
- I = 26501
- Q = 112721
- R = 1216989
- D = 15835

Other origin states:
1. arizona
   - Avg past 21-day population composition: S=8694879, E=111098, I=7092, Q=160810, R=222922, D=5461
   - Avg past 21-day inflow: arizona=13314477, mississippi=2209, new mexico=31372, texas=48578, virginia=4867, new_mexico=0

2. mississippi
   - Avg past 21-day population composition: S=829014, E=38684, I=13508, Q=6639, R=103591, D=2958
   - Avg past 21-day inflow: arizona=2914, mississippi=6631471, new mexico=1137, texas=35152, virginia=4855, new_mexico=0

3. new mexico
   - Avg past 21-day population composition: S=8391419, E=10212, I=2179, Q=23452, R=107110, D=689
   - Avg past 21-day inflow: arizona=49349, mississippi=1639, new mexico=3541362, texas=142878, virginia=2486

4. virginia
   - Avg past 21-day population composition: S=7989172, E=96434, I=22818, Q=155230, R=921852, D=2752
   - Avg past 21-day inflow: arizona=5579, mississippi=4580, new mexico=1850, texas=21724, virginia=15466694, new_mexico=0


 Ground truth daily average for next 42-day inbound by origin states; 
From arizona: Inflow =44848.19;
From mississippi: Inflow =51070.24;
From new mexico: Inflow =113536.76;
From virginia: Inflow =27574.86;

Please output the recommended traffic control policy in the required JSON format.
2025-12-19 21:25:59,092 - texas - INFO - Raw agent output:
```json
{
  "arizona": {
      "fractions": [0.15, 0.15, 0.15, 0.15, 0.15, 0.15],
      "notes": "Arizona has a relatively high number of infected individuals (I) and a significant average daily inbound flow to Texas. Given its current high infection pressure, it is crucial to implement stricter controls to minimize the risk of imported infections. By allocating 15% of the flow each week, we aim to balance the influx without overwhelming the healthcare system in Texas. This approach is justified by the need to control the epidemic effectively, especially considering the high number of exposed (E) and infected (I) individuals in Arizona. The trade-off here is that while it reduces the risk of importing infections, it also limits economic and social mobility, which is necessary during this critical period."
  },
  "mississippi": {
      "fractions": [0.15, 0.15, 0.15, 0.15, 0.15, 0.15],
      "notes": "Mississippi also shows a concerning number of infected individuals (I) and a substantial average daily inbound flow to Texas. Implementing moderate controls over the next six weeks will help manage the risk of imported infections while maintaining some level of mobility. By setting each week's flow at 15%, we ensure a balanced reduction in inbound traffic, which is essential for containing the spread within Texas. This strategy is sensitive to changes in prevalence; if Mississippi¡¯s infection rates rise, more stringent measures should be considered to further reduce the flow."
  },
  "new_mexico": {
      "fractions": [0.25, 0.25, 0.25, 0.1, 0.05, 0.05],
      "notes": "New Mexico has a lower number of infected individuals compared to other states but still contributes significantly to the inbound flow. By allocating 25% of the flow in the first three weeks and then reducing it to 10% and 5% in the latter weeks, we can effectively manage the risk of imported infections while allowing for gradual easing of controls as the situation improves. This approach is based on the assumption that New Mexico's infection dynamics are stabilizing, thus justifying a more relaxed control later on. However, if there is any unexpected increase in infections, these fractions should be adjusted accordingly."
  },
  "virginia": {
      "fractions": [0.15, 0.15, 0.15, 0.15, 0.15, 0.15],
      "notes": "Virginia has a large average daily inbound flow and a significant number of infected individuals. To mitigate the risk of imported infections, we recommend implementing strict controls early and then gradually relaxing them. By setting the first three weeks' flow at 15% and the last three weeks' flow at 15%, we aim to balance the reduction in traffic with the need to maintain some level of economic activity. This strategy is justified by the current high infection pressure in Virginia, which necessitates more rigorous measures initially. If Virginia's infection rates start to decline, the control measures could be further relaxed."
  },
  "global_guidance": "To minimize cumulative confirmed and deceased cases in Texas, we recommend a coordinated approach where each state's inbound flow is managed according to its current SEIRD status and the potential impact on Texas. Arizona and Virginia, with higher infection rates, require stricter controls early on to prevent significant importation of cases. Mississippi and New Mexico, despite having fewer infected individuals, still pose a risk due to their substantial inbound flows. By allocating 15% of the flow each week for Arizona and Virginia and 25% for New Mexico initially, we ensure that the overall risk of imported infections is minimized. This strategy is sensitive to changes in prevalence; if any state experiences a surge in infections, the control measures should be immediately tightened. The cooperation among states in managing inbound traffic is crucial for effective epidemic control and reducing the burden on Texas's healthcare system."
}
```
2025-12-19 21:25:59,092 - texas - INFO - Parsed PolicyResponse: policy={'arizona': [0.16666666666666666, 0.16666666666666666, 0.16666666666666666, 0.16666666666666666, 0.16666666666666666, 0.16666666666666677], 'mississippi': [0.16666666666666666, 0.16666666666666666, 0.16666666666666666, 0.16666666666666666, 0.16666666666666666, 0.16666666666666677], 'new_mexico': [0.2631578947368421, 0.2631578947368421, 0.2631578947368421, 0.10526315789473684, 0.05263157894736842, 0.05263157894736842], 'virginia': [0.16666666666666666, 0.16666666666666666, 0.16666666666666666, 0.16666666666666666, 0.16666666666666666, 0.16666666666666677]} explanation="To minimize cumulative confirmed and deceased cases in Texas, we recommend a coordinated approach where each state's inbound flow is managed according to its current SEIRD status and the potential impact on Texas. Arizona and Virginia, with higher infection rates, require stricter controls early on to prevent significant importation of cases. Mississippi and New Mexico, despite having fewer infected individuals, still pose a risk due to their substantial inbound flows. By allocating 15percent of the flow each week for Arizona and Virginia and 25percent for New Mexico initially, we ensure that the overall risk of imported infections is minimized. This strategy is sensitive to changes in prevalence; if any state experiences a surge in infections, the control measures should be immediately tightened. The cooperation among states in managing inbound traffic is crucial for effective epidemic control and reducing the burden on Texas's healthcare system."
