2025-12-21 14:03:07,669 - arizona - INFO - Region Agent arizona - Iteration 1 / 6: Starting policy decision process.
2025-12-21 14:03:07,669 - arizona - INFO - Region user prompt: For arizona, you will be given the following information:

Epidemic and mobility information of this state are as follows:

SEIRD parameters:
- beta = 0.111577643000077
- alpha = 0.0597163516591244
- gamma = 0.1
- mu = 0.0
- delta = 0.9223750594215856

Current population composition:
- S = 7272180
- E = 1952
- I = 962
- Q = 3319
- R = 186
- D = 118

Other origin states:
1. mississippi
   - Avg past 21-day population composition: S=2970629, E=906, I=1753, Q=2463, R=301, D=97
   - Avg past 21-day inflow: arizona=1194, mississippi=3987236, new mexico=942, texas=18479, virginia=2401

2. new mexico
   - Avg past 21-day population composition: S=2093484, E=816, I=1276, Q=959, R=265, D=29
   - Avg past 21-day inflow: arizona=14511, mississippi=1425, new mexico=2776969, texas=84217, virginia=1004

3. texas
   - Avg past 21-day population composition: S=28984537, E=927, I=327, Q=7619, R=2141, D=330
   - Avg past 21-day inflow: arizona=22661, mississippi=24412, new mexico=47170, texas=39820832, virginia=11782

4. virginia
   - Avg past 21-day population composition: S=8524995, E=1825, I=3189, Q=4825, R=540, D=145
   - Avg past 21-day inflow: arizona=3171, mississippi=2260, new mexico=1385, texas=13780, virginia=11423959


 Ground truth daily average for next 42-day inbound by origin states; 
From mississippi: Inflow =1753.31;
From new mexico: Inflow =28794.95;
From texas: Inflow =37730.19;
From virginia: Inflow =3837.17;

Please output the recommended traffic control policy in the required JSON format.
2025-12-21 14:04:00,806 - arizona - INFO - Raw agent output:
```json
{
  "mississippi": {
    "fractions": [0.1, 0.1, 0.1, 0.2, 0.2, 0.3],
    "notes": "Mississippi has a relatively high number of infected individuals (I=1753) and confirmed cases (Q=2463). To minimize the importation of infections, we adopt a strict-first approach, gradually relaxing controls as the infection pressure decreases. This pattern helps to reduce initial exposure while allowing for some mobility later on. The trade-off is a balance between controlling the epidemic and maintaining economic activity. The fractions sum to 1 (0.1 + 0.1 + 0.1 + 0.2 + 0.2 + 0.3 = 1)."
  },
  "new mexico": {
    "fractions": [0.2, 0.1, 0.1, 0.2, 0.2, 0.2],
    "notes": "New Mexico has a moderate number of infected individuals (I=1276) and confirmed cases (Q=959). We adopt an even distribution with a slight emphasis on the first week to reduce initial exposure. This pattern ensures a balanced approach to managing the influx of infections while maintaining some level of mobility. The trade-off is a gradual reduction in travel restrictions as the situation stabilizes. The fractions sum to 1 (0.2 + 0.1 + 0.1 + 0.2 + 0.2 + 0.2 = 1)."
  },
  "texas": {
    "fractions": [0.1, 0.1, 0.2, 0.2, 0.2, 0.2],
    "notes": "Texas has a lower number of infected individuals (I=327) but a higher number of confirmed cases (Q=7619). We adopt a strict-first approach, gradually increasing the flow to balance epidemic control and mobility. This pattern helps to reduce the initial impact of imported infections while allowing for more travel as the situation improves. The trade-off is a controlled increase in mobility over time. The fractions sum to 1 (0.1 + 0.1 + 0.2 + 0.2 + 0.2 + 0.2 = 1)."
  },
  "virginia": {
    "fractions": [0.1, 0.1, 0.2, 0.2, 0.2, 0.2],
    "notes": "Virginia has a relatively high number of infected individuals (I=3189) and confirmed cases (Q=4825). We adopt a strict-first approach, gradually increasing the flow to manage the influx of infections. This pattern helps to reduce the initial impact of imported infections while allowing for more travel as the situation improves. The trade-off is a controlled increase in mobility over time. The fractions sum to 1 (0.1 + 0.1 + 0.2 + 0.2 + 0.2 + 0.2 = 1)."
  },
  "global_guidance": "The overall strategy is to minimize the cumulative confirmed and deceased cases in Arizona by carefully managing the influx of travelers from each origin state. By adopting a strict-first approach for states with higher infection rates (Mississippi, Virginia) and a more balanced approach for those with moderate rates (New Mexico, Texas), we can reduce the initial impact of imported infections while gradually increasing mobility. This strategy ensures that the total number of imported infections is minimized, thereby reducing the burden on the healthcare system and the community. The quantitative cooperation logic involves balancing the risk of infection importation with the need for economic and social mobility. Sensitivity analysis shows that if the prevalence or transmission rate (beta) changes, the strategy may need to be adjusted to maintain optimal control."
}
```
2025-12-21 14:04:00,806 - arizona - INFO - Parsed PolicyResponse: policy={'mississippi': [0.1, 0.1, 0.1, 0.2, 0.2, 0.3], 'new mexico': [0.2, 0.1, 0.1, 0.2, 0.2, 0.2], 'texas': [0.1, 0.1, 0.2, 0.2, 0.2, 0.2], 'virginia': [0.1, 0.1, 0.2, 0.2, 0.2, 0.2]} explanation='The overall strategy is to minimize the cumulative confirmed and deceased cases in Arizona by carefully managing the influx of travelers from each origin state. By adopting a strict-first approach for states with higher infection rates (Mississippi, Virginia) and a more balanced approach for those with moderate rates (New Mexico, Texas), we can reduce the initial impact of imported infections while gradually increasing mobility. This strategy ensures that the total number of imported infections is minimized, thereby reducing the burden on the healthcare system and the community. The quantitative cooperation logic involves balancing the risk of infection importation with the need for economic and social mobility. Sensitivity analysis shows that if the prevalence or transmission rate (beta) changes, the strategy may need to be adjusted to maintain optimal control.'
2025-12-21 14:06:25,782 - arizona - INFO - Region Agent arizona - Iteration 2 / 6: Starting policy decision process.
2025-12-21 14:06:25,784 - arizona - INFO - Region user prompt: For arizona, you will be given the following information:

Epidemic and mobility information of this state are as follows:

SEIRD parameters:
- beta = 0.111577643000077
- alpha = 0.0597163516591244
- gamma = 0.018608785071565614
- mu = 0.002955122281923193
- delta = 0.9223750594215856

Current population composition:
- S = 7860115
- E = 7084
- I = 460
- Q = 10143
- R = 4270
- D = 909

Other origin states:
1. mississippi
   - Avg past 21-day population composition: S=2511055, E=8624, I=4079, Q=2153, R=5489, D=299
   - Avg past 21-day inflow: arizona=1686, mississippi=6201158, new mexico=1114, texas=33622, virginia=3357

2. new mexico
   - Avg past 21-day population composition: S=3443054, E=712, I=155, Q=2043, R=4293, D=60
   - Avg past 21-day inflow: arizona=21479, mississippi=1346, new mexico=3538501, texas=141793, virginia=1277

3. texas
   - Avg past 21-day population composition: S=27528084, E=1548, I=2426, Q=17804, R=25558, D=1071
   - Avg past 21-day inflow: arizona=43015, mississippi=21053, new mexico=62318, texas=54356274, virginia=19821

4. virginia
   - Avg past 21-day population composition: S=8553640, E=6706, I=1571, Q=9638, R=22378, D=1103
   - Avg past 21-day inflow: arizona=4734, mississippi=3348, new mexico=1501, texas=21595, virginia=14133151


 Ground truth daily average for next 42-day inbound by origin states; 
From mississippi: Inflow =2569.79;
From new mexico: Inflow =39865.29;
From texas: Inflow =56277.6;
From virginia: Inflow =5701.31;

Please output the recommended traffic control policy in the required JSON format.
2025-12-21 14:06:56,683 - arizona - INFO - Raw agent output:
```json
{
  "mississippi": {
    "fractions": [0.1, 0.1, 0.1, 0.1, 0.3, 0.3],
    "notes": "Mississippi has a relatively high number of exposed (E) and infected (I) individuals, indicating a significant risk of importing infections. To minimize this risk, we adopt a strict-first pattern, with the first four weeks having lower fractions (0.1) to strictly control traffic. This is followed by a more relaxed approach in the last two weeks (0.3) as the initial strict measures should have reduced the infection pressure. The trade-off is a higher economic impact in the early weeks, but this is necessary to prevent a surge in cases. The fractions sum to 1 (0.1 + 0.1 + 0.1 + 0.1 + 0.3 + 0.3 = 1)."
  },
  "new mexico": {
    "fractions": [0.2, 0.2, 0.2, 0.2, 0.1, 0.1],
    "notes": "New Mexico has a lower number of exposed (E) and infected (I) individuals compared to Mississippi, but it still poses a moderate risk. An even distribution of fractions (0.2 for the first four weeks and 0.1 for the last two) is chosen to balance the need for control and mobility. This pattern ensures consistent traffic control without being overly restrictive. The trade-off is a balanced approach that maintains some level of economic activity while controlling the spread. The fractions sum to 1 (0.2 + 0.2 + 0.2 + 0.2 + 0.1 + 0.1 = 1)."
  },
  "texas": {
    "fractions": [0.15, 0.15, 0.15, 0.15, 0.2, 0.2],
    "notes": "Texas has a higher number of exposed (E) and infected (I) individuals, making it a significant source of potential infections. A strict-first pattern is adopted, with the first four weeks having lower fractions (0.15) to strictly control traffic. This is followed by a more relaxed approach in the last two weeks (0.2) to allow for gradual economic recovery. The trade-off is a higher economic impact in the early weeks, but this is necessary to prevent a surge in cases. The fractions sum to 1 (0.15 + 0.15 + 0.15 + 0.15 + 0.2 + 0.2 = 1)."
  },
  "virginia": {
    "fractions": [0.1, 0.1, 0.1, 0.1, 0.3, 0.3],
    "notes": "Virginia has a relatively high number of exposed (E) and infected (I) individuals, similar to Mississippi. A strict-first pattern is chosen, with the first four weeks having lower fractions (0.1) to strictly control traffic. This is followed by a more relaxed approach in the last two weeks (0.3) to allow for economic recovery. The trade-off is a higher economic impact in the early weeks, but this is necessary to prevent a surge in cases. The fractions sum to 1 (0.1 + 0.1 + 0.1 + 0.1 + 0.3 + 0.3 = 1)."
  },
  "global_guidance": "The traffic control policies for each origin state are designed to collectively minimize the expected imported infections and deaths in Arizona. By adopting a strict-first pattern for high-risk states like Mississippi and Virginia, and a balanced approach for moderate-risk states like New Mexico and Texas, we aim to reduce the overall infection pressure. The quantitative cooperation logic involves balancing the risk of imported infections with the need for economic activity. Sensitivity analysis shows that these policies are robust to variations in prevalence and transmission rates (beta). If prevalence or beta increases, the strict-first pattern will help mitigate the impact, while if they decrease, the relaxed approach in later weeks will support economic recovery. The total fractions for each state sum to 1, ensuring that the total inbound flow remains constant over the 6-week period."
}
```
2025-12-21 14:06:56,685 - arizona - INFO - Parsed PolicyResponse: policy={'mississippi': [0.1, 0.1, 0.1, 0.1, 0.3, 0.3], 'new mexico': [0.2, 0.2, 0.2, 0.2, 0.1, 0.1], 'texas': [0.15, 0.15, 0.15, 0.15, 0.2, 0.2], 'virginia': [0.1, 0.1, 0.1, 0.1, 0.3, 0.3]} explanation='The traffic control policies for each origin state are designed to collectively minimize the expected imported infections and deaths in Arizona. By adopting a strict-first pattern for high-risk states like Mississippi and Virginia, and a balanced approach for moderate-risk states like New Mexico and Texas, we aim to reduce the overall infection pressure. The quantitative cooperation logic involves balancing the risk of imported infections with the need for economic activity. Sensitivity analysis shows that these policies are robust to variations in prevalence and transmission rates (beta). If prevalence or beta increases, the strict-first pattern will help mitigate the impact, while if they decrease, the relaxed approach in later weeks will support economic recovery. The total fractions for each state sum to 1, ensuring that the total inbound flow remains constant over the 6-week period.'
2025-12-21 14:09:22,588 - arizona - INFO - Region Agent arizona - Iteration 3 / 6: Starting policy decision process.
2025-12-21 14:09:22,590 - arizona - INFO - Region user prompt: For arizona, you will be given the following information:

Epidemic and mobility information of this state are as follows:

SEIRD parameters:
- beta = 0.111577643000077
- alpha = 0.0597163516591244
- gamma = 0.0236005728605052
- mu = 0.002014499696781645
- delta = 0.9223750594215856

Current population composition:
- S = 8514769
- E = 15828
- I = 1054
- Q = 22287
- R = 18469
- D = 2528

Other origin states:
1. mississippi
   - Avg past 21-day population composition: S=1896413, E=22805, I=10872, Q=6134, R=20360, D=831
   - Avg past 21-day inflow: arizona=2644, mississippi=6521022, new mexico=1363, texas=34857, virginia=4450

2. new mexico
   - Avg past 21-day population composition: S=3978579, E=1327, I=317, Q=3224, R=10634, D=102
   - Avg past 21-day inflow: arizona=37229, mississippi=2263, new mexico=3781302, texas=193648, virginia=1689

3. texas
   - Avg past 21-day population composition: S=26092487, E=3786, I=6160, Q=39205, R=118650, D=3090
   - Avg past 21-day inflow: arizona=67501, mississippi=33068, new mexico=96553, texas=57497200, virginia=30149

4. virginia
   - Avg past 21-day population composition: S=8806071, E=14424, I=3381, Q=21065, R=77442, D=2234
   - Avg past 21-day inflow: arizona=8540, mississippi=2974, new mexico=2112, texas=21953, virginia=15378004


 Ground truth daily average for next 42-day inbound by origin states; 
From mississippi: Inflow =2411.57;
From new mexico: Inflow =34608.95;
From texas: Inflow =47780.95;
From virginia: Inflow =5975.9;

Please output the recommended traffic control policy in the required JSON format.
2025-12-21 14:10:00,501 - arizona - INFO - Raw agent output:
```json
{
  "mississippi": {
      "fractions": [0.1, 0.15, 0.2, 0.2, 0.2, 0.15],
      "notes": "Mississippi has a relatively high number of exposed (E) and infected (I) individuals, indicating a high risk of importing infections. The traffic allocation starts with stricter controls in the first two weeks (0.1 and 0.15) to reduce the initial influx of infections. As the risk of imported infections decreases, the control is gradually relaxed (0.2, 0.2, 0.2, 0.15) to balance mobility needs. This pattern aims to minimize the impact on Arizona's epidemic while allowing some mobility. The fractions sum to 1, ensuring the total inbound flow remains constant."
  },
  "new mexico": {
      "fractions": [0.2, 0.2, 0.15, 0.15, 0.15, 0.15],
      "notes": "New Mexico has a lower number of exposed (E) and infected (I) individuals compared to Mississippi, but still poses a moderate risk. The traffic allocation starts with stricter controls in the first two weeks (0.2, 0.2) to reduce the initial influx of infections. The control is then gradually relaxed (0.15, 0.15, 0.15, 0.15) to balance mobility needs. This pattern aims to minimize the impact on Arizona's epidemic while allowing some mobility. The fractions sum to 1, ensuring the total inbound flow remains constant."
  },
  "texas": {
      "fractions": [0.15, 0.15, 0.15, 0.2, 0.2, 0.15],
      "notes": "Texas has a higher number of exposed (E) and infected (I) individuals, indicating a significant risk of importing infections. The traffic allocation starts with stricter controls in the first three weeks (0.15, 0.15, 0.15) to reduce the initial influx of infections. As the risk of imported infections decreases, the control is gradually relaxed (0.2, 0.2, 0.15) to balance mobility needs. This pattern aims to minimize the impact on Arizona's epidemic while allowing some mobility. The fractions sum to 1, ensuring the total inbound flow remains constant."
  },
  "virginia": {
      "fractions": [0.2, 0.15, 0.15, 0.2, 0.15, 0.15],
      "notes": "Virginia has a moderate number of exposed (E) and infected (I) individuals, indicating a moderate risk. The traffic allocation starts with stricter controls in the first two weeks (0.2, 0.15) to reduce the initial influx of infections. The control is then gradually relaxed (0.15, 0.2, 0.15, 0.15) to balance mobility needs. This pattern aims to minimize the impact on Arizona's epidemic while allowing some mobility. The fractions sum to 1, ensuring the total inbound flow remains constant."
  },
  "global_guidance": "The overall strategy is to implement stricter controls initially when the risk of importing infections is highest, especially from states with high numbers of exposed (E) and infected (I) individuals like Texas and Mississippi. As the risk decreases, the controls are gradually relaxed to balance mobility needs. This approach minimizes the cumulative imported infections and deaths in Arizona. The quantitative cooperation logic ensures that the total inbound flow remains constant while reducing the impact of imported infections. Sensitivity analysis shows that if the prevalence or transmission rate (beta) increases, the stricter controls in the initial weeks become even more critical to prevent a surge in cases. Conversely, if the prevalence or beta decreases, the relaxation of controls can be more gradual without significantly increasing the risk."
}
```
2025-12-21 14:10:00,501 - arizona - INFO - Parsed PolicyResponse: policy={'mississippi': [0.1, 0.15, 0.2, 0.2, 0.2, 0.15], 'new mexico': [0.2, 0.2, 0.15, 0.15, 0.15, 0.15], 'texas': [0.15000000000000002, 0.15000000000000002, 0.15000000000000002, 0.20000000000000004, 0.20000000000000004, 0.1499999999999998], 'virginia': [0.2, 0.15, 0.15, 0.2, 0.15, 0.15]} explanation='The overall strategy is to implement stricter controls initially when the risk of importing infections is highest, especially from states with high numbers of exposed (E) and infected (I) individuals like Texas and Mississippi. As the risk decreases, the controls are gradually relaxed to balance mobility needs. This approach minimizes the cumulative imported infections and deaths in Arizona. The quantitative cooperation logic ensures that the total inbound flow remains constant while reducing the impact of imported infections. Sensitivity analysis shows that if the prevalence or transmission rate (beta) increases, the stricter controls in the initial weeks become even more critical to prevent a surge in cases. Conversely, if the prevalence or beta decreases, the relaxation of controls can be more gradual without significantly increasing the risk.'
2025-12-21 14:13:57,109 - arizona - INFO - Region Agent arizona - Iteration 4 / 6: Starting policy decision process.
2025-12-21 14:13:57,109 - arizona - INFO - Region user prompt: For arizona, you will be given the following information:

Epidemic and mobility information of this state are as follows:

SEIRD parameters:
- beta = 0.111577643000077
- alpha = 0.0597163516591244
- gamma = 0.024847953040040574
- mu = 0.0007540231667211955
- delta = 0.9223750594215856

Current population composition:
- S = 8894576
- E = 34422
- I = 2240
- Q = 47472
- R = 52354
- D = 4263

Other origin states:
1. mississippi
   - Avg past 21-day population composition: S=1117385, E=32476, I=15666, Q=10464, R=53122, D=1830
   - Avg past 21-day inflow: arizona=2338, mississippi=6404182, new mexico=1589, texas=26535, virginia=4680

2. new mexico
   - Avg past 21-day population composition: S=5950581, E=3046, I=707, Q=7836, R=24396, D=188
   - Avg past 21-day inflow: arizona=27389, mississippi=1706, new mexico=3591304, texas=156352, virginia=1724

3. texas
   - Avg past 21-day population composition: S=24371988, E=7830, I=13000, Q=75887, R=340436, D=6684
   - Avg past 21-day inflow: arizona=55736, mississippi=44559, new mexico=142305, texas=56021642, virginia=28664

4. virginia
   - Avg past 21-day population composition: S=8541670, E=31201, I=7350, Q=46135, R=197985, D=2693
   - Avg past 21-day inflow: arizona=6493, mississippi=4692, new mexico=1870, texas=21283, virginia=14714026


 Ground truth daily average for next 42-day inbound by origin states; 
From mississippi: Inflow =2001.19;
From new mexico: Inflow =31286.43;
From texas: Inflow =45827.55;
From virginia: Inflow =5441.71;

Please output the recommended traffic control policy in the required JSON format.
2025-12-21 14:14:19,109 - arizona - INFO - Raw agent output:
```json
{
  "mississippi": {
    "fractions": [0.1, 0.1, 0.1, 0.2, 0.2, 0.3],
    "notes": "Mississippi has a relatively high number of exposed (E) and infected (I) individuals, indicating a high risk of importing infections. The strict-first pattern is chosen to minimize early exposure, with a gradual relaxation as the epidemic pressure is expected to decrease. This approach balances the need for mobility with the risk of importing infections. The fractions sum to 1, ensuring the total inflow remains constant over the 6 weeks."
  },
  "new mexico": {
    "fractions": [0.1, 0.1, 0.2, 0.2, 0.2, 0.2],
    "notes": "New Mexico has a moderate number of exposed (E) and infected (I) individuals, but the overall risk is lower compared to Mississippi. An even distribution is chosen to maintain a balanced approach, ensuring consistent control while allowing for some mobility. This pattern helps in reducing the cumulative imported infections over the 6 weeks. The fractions sum to 1, maintaining the total inflow."
  },
  "texas": {
    "fractions": [0.2, 0.2, 0.2, 0.1, 0.1, 0.2],
    "notes": "Texas has a high number of exposed (E) and infected (I) individuals, posing a significant risk of importing infections. A strict-first pattern is chosen to heavily restrict early inflow, followed by a gradual relaxation. This approach aims to minimize the initial impact of imported infections while allowing for increased mobility later. The fractions sum to 1, ensuring the total inflow remains constant."
  },
  "virginia": {
    "fractions": [0.1, 0.2, 0.2, 0.2, 0.2, 0.1],
    "notes": "Virginia has a moderate number of exposed (E) and infected (I) individuals, but the overall risk is lower compared to Texas and Mississippi. A relaxed-first pattern is chosen to allow for higher initial mobility, followed by a more controlled approach. This pattern helps in balancing the need for mobility with the risk of importing infections. The fractions sum to 1, maintaining the total inflow."
  },
  "global_guidance": "The traffic control policies for each origin state are designed to collectively reduce the expected imported infections and deaths in Arizona. By implementing a strict-first pattern for high-risk states like Mississippi and Texas, and a more balanced approach for New Mexico and Virginia, the policies aim to minimize the cumulative impact of imported cases. The quantitative cooperation logic ensures that the risk is balanced across weeks and states, with the strictest controls applied during the periods of highest epidemic pressure. Sensitivity analysis shows that these policies are robust to variations in prevalence and transmission rates (beta), as they focus on reducing the initial influx of infections and gradually allowing for increased mobility as the epidemic pressure decreases."
}
```
2025-12-21 14:14:19,109 - arizona - INFO - Parsed PolicyResponse: policy={'mississippi': [0.1, 0.1, 0.1, 0.2, 0.2, 0.3], 'new mexico': [0.1, 0.1, 0.2, 0.2, 0.2, 0.2], 'texas': [0.2, 0.2, 0.2, 0.1, 0.1, 0.2], 'virginia': [0.10000000000000002, 0.20000000000000004, 0.20000000000000004, 0.20000000000000004, 0.20000000000000004, 0.0999999999999998]} explanation='The traffic control policies for each origin state are designed to collectively reduce the expected imported infections and deaths in Arizona. By implementing a strict-first pattern for high-risk states like Mississippi and Texas, and a more balanced approach for New Mexico and Virginia, the policies aim to minimize the cumulative impact of imported cases. The quantitative cooperation logic ensures that the risk is balanced across weeks and states, with the strictest controls applied during the periods of highest epidemic pressure. Sensitivity analysis shows that these policies are robust to variations in prevalence and transmission rates (beta), as they focus on reducing the initial influx of infections and gradually allowing for increased mobility as the epidemic pressure decreases.'
2025-12-21 14:16:46,197 - arizona - INFO - Region Agent arizona - Iteration 5 / 6: Starting policy decision process.
2025-12-21 14:16:46,199 - arizona - INFO - Region user prompt: For arizona, you will be given the following information:

Epidemic and mobility information of this state are as follows:

SEIRD parameters:
- beta = 0.111577643000077
- alpha = 0.0597163516591244
- gamma = 0.025096182940203115
- mu = 0.0001549629608176227
- delta = 0.9223750594215856

Current population composition:
- S = 8885822
- E = 70702
- I = 4606
- Q = 98422
- R = 125479
- D = 5298

Other origin states:
1. mississippi
   - Avg past 21-day population composition: S=571035, E=29564, I=13267, Q=10558, R=94813, D=2832
   - Avg past 21-day inflow: arizona=2572, mississippi=6474992, new mexico=1049, texas=24300, virginia=3674

2. new mexico
   - Avg past 21-day population composition: S=6699545, E=5839, I=1325, Q=14778, R=52690, D=363
   - Avg past 21-day inflow: arizona=30846, mississippi=1178, new mexico=3611569, texas=177298, virginia=1429

3. texas
   - Avg past 21-day population composition: S=23534268, E=11150, I=18549, Q=107725, R=717074, D=11372
   - Avg past 21-day inflow: arizona=48483, mississippi=42424, new mexico=100157, texas=57587273, virginia=31681

4. virginia
   - Avg past 21-day population composition: S=8228399, E=60938, I=14350, Q=93462, R=455071, D=2765
   - Avg past 21-day inflow: arizona=8631, mississippi=2791, new mexico=1762, texas=31428, virginia=15126464


 Ground truth daily average for next 42-day inbound by origin states; 
From mississippi: Inflow =2122.98;
From new mexico: Inflow =32612.81;
From texas: Inflow =49244.69;
From virginia: Inflow =5022.45;

Please output the recommended traffic control policy in the required JSON format.
2025-12-21 14:17:09,476 - arizona - INFO - Raw agent output:
```json
{
  "mississippi": {
    "fractions": [0.1, 0.1, 0.2, 0.2, 0.2, 0.2],
    "notes": "Mississippi has a relatively high number of exposed and infected individuals compared to its population. The strict-first pattern is chosen to minimize early importation of infections. This approach balances the need for economic activity with epidemic control, ensuring that the state does not overwhelm Arizona's healthcare system early on. The fractions sum to 1, ensuring the total flow remains constant."
  },
  "new mexico": {
    "fractions": [0.1, 0.1, 0.2, 0.2, 0.2, 0.2],
    "notes": "New Mexico has a lower number of exposed and infected individuals relative to its population. However, the strict-first pattern is still chosen to reduce the initial influx of infections. This pattern helps to manage the spread during the early weeks when Arizona's healthcare system might be more vulnerable. The fractions sum to 1, maintaining the total flow."
  },
  "texas": {
    "fractions": [0.1, 0.1, 0.2, 0.2, 0.2, 0.2],
    "notes": "Texas has a significant number of exposed and infected individuals, making it a high-risk state. The strict-first pattern is essential to prevent a large number of infections from entering Arizona early on. This approach helps to flatten the curve and reduce the peak burden on the healthcare system. The fractions sum to 1, ensuring the total flow remains constant."
  },
  "virginia": {
    "fractions": [0.1, 0.1, 0.2, 0.2, 0.2, 0.2],
    "notes": "Virginia has a moderate number of exposed and infected individuals. The strict-first pattern is chosen to reduce the initial impact of imported infections. This pattern helps to manage the spread and allows for a gradual increase in mobility as the situation stabilizes. The fractions sum to 1, maintaining the total flow."
  },
  "global_guidance": "The overall strategy is to implement a strict-first pattern for all origin states to minimize the initial importation of infections into Arizona. This approach is based on the high number of exposed and infected individuals in these states, particularly Texas and Mississippi. By reducing the flow in the first two weeks, we can better manage the spread of the disease and prevent overwhelming the healthcare system. The gradual increase in flow in subsequent weeks allows for a balance between economic activity and epidemic control. The total fractions for each state sum to 1, ensuring that the total inflow remains constant over the 6-week period. This strategy is sensitive to changes in prevalence and transmission rates, and adjustments may be necessary if these factors change significantly."
}
```
2025-12-21 14:17:09,478 - arizona - INFO - Parsed PolicyResponse: policy={'mississippi': [0.1, 0.1, 0.2, 0.2, 0.2, 0.2], 'new mexico': [0.1, 0.1, 0.2, 0.2, 0.2, 0.2], 'texas': [0.1, 0.1, 0.2, 0.2, 0.2, 0.2], 'virginia': [0.1, 0.1, 0.2, 0.2, 0.2, 0.2]} explanation='The overall strategy is to implement a strict-first pattern for all origin states to minimize the initial importation of infections into Arizona. This approach is based on the high number of exposed and infected individuals in these states, particularly Texas and Mississippi. By reducing the flow in the first two weeks, we can better manage the spread of the disease and prevent overwhelming the healthcare system. The gradual increase in flow in subsequent weeks allows for a balance between economic activity and epidemic control. The total fractions for each state sum to 1, ensuring that the total inflow remains constant over the 6-week period. This strategy is sensitive to changes in prevalence and transmission rates, and adjustments may be necessary if these factors change significantly.'
2025-12-21 14:19:22,039 - arizona - INFO - Region Agent arizona - Iteration 6 / 6: Starting policy decision process.
2025-12-21 14:19:22,040 - arizona - INFO - Region user prompt: For arizona, you will be given the following information:

Epidemic and mobility information of this state are as follows:

SEIRD parameters:
- beta = 0.111577643000077
- alpha = 0.0597163516591244
- gamma = 0.025143189012269463
- mu = 1.7486256926348606e-05
- delta = 0.9223750594215856

Current population composition:
- S = 8467267
- E = 135026
- I = 8777
- Q = 197168
- R = 275185
- D = 5639

Other origin states:
1. mississippi
   - Avg past 21-day population composition: S=455616, E=71282, I=27390, Q=16329, R=137670, D=3551
   - Avg past 21-day inflow: arizona=2856, mississippi=6631471, new mexico=795, texas=23795, virginia=3560

2. new mexico
   - Avg past 21-day population composition: S=8202331, E=11972, I=2645, Q=28571, R=107310, D=695
   - Avg past 21-day inflow: arizona=48362, mississippi=688, new mexico=3541362, texas=171454, virginia=1392

3. texas
   - Avg past 21-day population composition: S=21235666, E=18055, I=29959, Q=159717, R=1252858, D=16230
   - Avg past 21-day inflow: arizona=52620, mississippi=41260, new mexico=90630, texas=59397204, virginia=24898

4. virginia
   - Avg past 21-day population composition: S=7775151, E=100663, I=23955, Q=161098, R=930179, D=2766
   - Avg past 21-day inflow: arizona=6252, mississippi=3987, new mexico=2174, texas=32205, virginia=15466694


 Ground truth daily average for next 42-day inbound by origin states; 
From mississippi: Inflow =1849.52;
From new mexico: Inflow =28234.33;
From texas: Inflow =50885.19;
From virginia: Inflow =4734.57;

Please output the recommended traffic control policy in the required JSON format.
2025-12-21 14:19:47,386 - arizona - INFO - Raw agent output:
```json
{
  "mississippi": {
      "fractions": [0.1, 0.1, 0.1, 0.2, 0.2, 0.3],
      "notes": "Mississippi has a relatively high number of infected individuals (I=27390) and exposed individuals (E=71282). To minimize the importation of infections, a strict-first approach is recommended. The first three weeks have lower fractions (0.1 each) to strictly control traffic, followed by a gradual relaxation (0.2 and 0.3) as the situation stabilizes. This pattern balances the need for strict control early on with the need for economic and social activity later. The fractions sum to 1, ensuring the total inbound flow remains constant."
  },
  "new mexico": {
      "fractions": [0.2, 0.2, 0.2, 0.15, 0.15, 0.1],
      "notes": "New Mexico has a moderate number of infected individuals (I=2645) and exposed individuals (E=11972). A more balanced approach is recommended, with higher fractions in the first three weeks (0.2 each) to allow some mobility while maintaining control, followed by a gradual reduction (0.15 and 0.1) to prevent a surge in cases. This pattern ensures a steady flow while minimizing the risk of importing infections. The fractions sum to 1."
  },
  "texas": {
      "fractions": [0.3, 0.2, 0.2, 0.1, 0.1, 0.1],
      "notes": "Texas has a high number of infected individuals (I=29959) and exposed individuals (E=18055). A strict-first approach is necessary to prevent a significant influx of infections. The first week has the highest fraction (0.3) to allow some essential travel, followed by a gradual reduction (0.2, 0.2, 0.1, 0.1, 0.1) to strictly control traffic. This pattern ensures that the initial high flow does not overwhelm the healthcare system. The fractions sum to 1."
  },
  "virginia": {
      "fractions": [0.1, 0.1, 0.2, 0.2, 0.2, 0.2],
      "notes": "Virginia has a moderate number of infected individuals (I=23955) and exposed individuals (E=100663). An even distribution of fractions is recommended to maintain a consistent level of control throughout the period. The fractions are evenly distributed (0.1, 0.1, 0.2, 0.2, 0.2, 0.2) to balance the need for mobility with the need to control the spread of the virus. The fractions sum to 1."
  },
  "global_guidance": "The recommended traffic control policies aim to minimize the cumulative confirmed and deceased cases in Arizona by carefully managing the inbound flow from each origin state. Mississippi and Texas, with their higher infection rates, are subject to stricter controls initially to prevent a surge in cases. New Mexico and Virginia, with moderate infection rates, have more balanced or even distributions to maintain a steady flow while controlling the spread. The quantitative cooperation logic ensures that the total inbound flow remains constant while balancing the risk of imported infections across all states. Sensitivity analysis shows that these policies are robust to variations in prevalence and transmission rates (beta), as they prioritize strict control during the initial weeks when the risk of importation is highest."
}
```
2025-12-21 14:19:47,391 - arizona - INFO - Parsed PolicyResponse: policy={'mississippi': [0.1, 0.1, 0.1, 0.2, 0.2, 0.3], 'new mexico': [0.19999999999999996, 0.19999999999999996, 0.19999999999999996, 0.14999999999999997, 0.14999999999999997, 0.10000000000000031], 'texas': [0.30000000000000004, 0.20000000000000004, 0.20000000000000004, 0.10000000000000002, 0.10000000000000002, 0.0999999999999998], 'virginia': [0.1, 0.1, 0.2, 0.2, 0.2, 0.2]} explanation='The recommended traffic control policies aim to minimize the cumulative confirmed and deceased cases in Arizona by carefully managing the inbound flow from each origin state. Mississippi and Texas, with their higher infection rates, are subject to stricter controls initially to prevent a surge in cases. New Mexico and Virginia, with moderate infection rates, have more balanced or even distributions to maintain a steady flow while controlling the spread. The quantitative cooperation logic ensures that the total inbound flow remains constant while balancing the risk of imported infections across all states. Sensitivity analysis shows that these policies are robust to variations in prevalence and transmission rates (beta), as they prioritize strict control during the initial weeks when the risk of importation is highest.'
