2025-12-21 14:04:00,806 - mississippi - INFO - Region Agent mississippi - Iteration 1 / 6: Starting policy decision process.
2025-12-21 14:04:00,806 - mississippi - INFO - Region user prompt: For mississippi, you will be given the following information:

Epidemic and mobility information of this state are as follows:

SEIRD parameters:
- beta = 0.1777045562951643
- alpha = 0.0557887604960571
- gamma = 0.1
- mu = 0.0
- delta = 0.0671164839606214

Current population composition:
- S = 2970629
- E = 906
- I = 1753
- Q = 2463
- R = 301
- D = 97

Other origin states:
1. arizona
   - Avg past 21-day population composition: S=7272180, E=1952, I=962, Q=3319, R=186, D=118
   - Avg past 21-day inflow: arizona=9717467, mississippi=1551, new mexico=19529, texas=27907, virginia=3665

2. new mexico
   - Avg past 21-day population composition: S=2093484, E=816, I=1276, Q=959, R=265, D=29
   - Avg past 21-day inflow: arizona=14511, mississippi=1425, new mexico=2776969, texas=84217, virginia=1004

3. texas
   - Avg past 21-day population composition: S=28984537, E=927, I=327, Q=7619, R=2141, D=330
   - Avg past 21-day inflow: arizona=22661, mississippi=24412, new mexico=47170, texas=39820832, virginia=11782

4. virginia
   - Avg past 21-day population composition: S=8524995, E=1825, I=3189, Q=4825, R=540, D=145
   - Avg past 21-day inflow: arizona=3171, mississippi=2260, new mexico=1385, texas=13780, virginia=11423959


 Ground truth daily average for next 42-day inbound by origin states; 
From arizona: Inflow =1533.93;
From new mexico: Inflow =1238.67;
From texas: Inflow =28019.38;
From virginia: Inflow =3357.86;

Please output the recommended traffic control policy in the required JSON format.
2025-12-21 14:04:30,355 - mississippi - INFO - Raw agent output:
```json
{
  "arizona": {
      "fractions": [0.1, 0.15, 0.2, 0.2, 0.2, 0.15],
      "notes": "1. Risk interpretation: Arizona has a moderate number of infected individuals (I=962) and confirmed cases (Q=3319), indicating a significant risk of importing infections. 2. Quantitative logic: Imported infections ~ Flow*ft*(I/population). 3. Pattern: Strict-first to reduce initial importation, then gradually relax as the risk decreases. 4. Trade-offs: Strict control initially may reduce economic activity but is necessary to prevent a surge in cases. 5. Validation: 0.1 + 0.15 + 0.2 + 0.2 + 0.2 + 0.15 = 1."
  },
  "new mexico": {
      "fractions": [0.15, 0.2, 0.2, 0.2, 0.15, 0.1],
      "notes": "1. Risk interpretation: New Mexico has a relatively high number of infected individuals (I=1276) and confirmed cases (Q=959), posing a significant risk. 2. Quantitative logic: Imported infections ~ Flow*ft*(I/population). 3. Pattern: Strict-first to reduce initial importation, then gradually relax. 4. Trade-offs: Strict control initially may reduce economic activity but is necessary to prevent a surge in cases. 5. Validation: 0.15 + 0.2 + 0.2 + 0.2 + 0.15 + 0.1 = 1."
  },
  "texas": {
      "fractions": [0.1, 0.1, 0.2, 0.2, 0.2, 0.2],
      "notes": "1. Risk interpretation: Texas has a lower number of infected individuals (I=327) and confirmed cases (Q=7619), but the large population and high flow make it a significant risk. 2. Quantitative logic: Imported infections ~ Flow*ft*(I/population). 3. Pattern: Even distribution to balance the risk over the period. 4. Trade-offs: An even distribution helps maintain economic activity while controlling the spread. 5. Validation: 0.1 + 0.1 + 0.2 + 0.2 + 0.2 + 0.2 = 1."
  },
  "virginia": {
      "fractions": [0.15, 0.15, 0.2, 0.2, 0.15, 0.15],
      "notes": "1. Risk interpretation: Virginia has a high number of infected individuals (I=3189) and confirmed cases (Q=4825), making it a high-risk state. 2. Quantitative logic: Imported infections ~ Flow*ft*(I/population). 3. Pattern: Strict-first to reduce initial importation, then gradually relax. 4. Trade-offs: Strict control initially may reduce economic activity but is necessary to prevent a surge in cases. 5. Validation: 0.15 + 0.15 + 0.2 + 0.2 + 0.15 + 0.15 = 1."
  },
  "global_guidance": "1. Cross-state reasoning: By implementing strict controls initially and gradually relaxing them, we can reduce the overall importation of infections and deaths. The strict-first approach is particularly important for high-risk states like Virginia and New Mexico. 2. Quantitative cooperation logic: Balancing the risk across weeks and states ensures that the total imported infections are minimized while maintaining some level of economic activity. 3. Sensitivity reasoning: If the prevalence or transmission rate (beta) increases, the strict-first approach becomes even more critical to prevent a surge in cases. Conversely, if the prevalence decreases, a more relaxed approach can be considered."
}
```
2025-12-21 14:04:30,362 - mississippi - INFO - Parsed PolicyResponse: policy={'arizona': [0.1, 0.15, 0.2, 0.2, 0.2, 0.15], 'new mexico': [0.15, 0.2, 0.2, 0.2, 0.15, 0.1], 'texas': [0.1, 0.1, 0.2, 0.2, 0.2, 0.2], 'virginia': [0.15, 0.15, 0.2, 0.2, 0.15, 0.15]} explanation='1. Cross-state reasoning: By implementing strict controls initially and gradually relaxing them, we can reduce the overall importation of infections and deaths. The strict-first approach is particularly important for high-risk states like Virginia and New Mexico. 2. Quantitative cooperation logic: Balancing the risk across weeks and states ensures that the total imported infections are minimized while maintaining some level of economic activity. 3. Sensitivity reasoning: If the prevalence or transmission rate (beta) increases, the strict-first approach becomes even more critical to prevent a surge in cases. Conversely, if the prevalence decreases, a more relaxed approach can be considered.'
2025-12-21 14:06:56,685 - mississippi - INFO - Region Agent mississippi - Iteration 2 / 6: Starting policy decision process.
2025-12-21 14:06:56,685 - mississippi - INFO - Region user prompt: For mississippi, you will be given the following information:

Epidemic and mobility information of this state are as follows:

SEIRD parameters:
- beta = 0.1777045562951643
- alpha = 0.0557887604960571
- gamma = 0.090291905
- mu = 0.003366272675632136
- delta = 0.0671164839606214

Current population composition:
- S = 2613933
- E = 12302
- I = 5877
- Q = 2988
- R = 7590
- D = 379

Other origin states:
1. arizona
   - Avg past 21-day population composition: S=7711463, E=5727, I=369, Q=8313, R=2746, D=649
   - Avg past 21-day inflow: arizona=12334093, mississippi=2454, new mexico=34553, texas=45275, virginia=4604

2. new mexico
   - Avg past 21-day population composition: S=3443054, E=712, I=155, Q=2043, R=4293, D=60
   - Avg past 21-day inflow: arizona=21479, mississippi=1346, new mexico=3538501, texas=141793, virginia=1277

3. texas
   - Avg past 21-day population composition: S=27528084, E=1548, I=2426, Q=17804, R=25558, D=1071
   - Avg past 21-day inflow: arizona=43015, mississippi=21053, new mexico=62318, texas=54356274, virginia=19821

4. virginia
   - Avg past 21-day population composition: S=8553640, E=6706, I=1571, Q=9638, R=22378, D=1103
   - Avg past 21-day inflow: arizona=4734, mississippi=3348, new mexico=1501, texas=21595, virginia=14133151


 Ground truth daily average for next 42-day inbound by origin states; 
From arizona: Inflow =2404.48;
From new mexico: Inflow =1515.36;
From texas: Inflow =38731.55;
From virginia: Inflow =4450.45;

Please output the recommended traffic control policy in the required JSON format.
2025-12-21 14:07:29,399 - mississippi - INFO - Raw agent output:
```json
{
  "arizona": {
    "fractions": [0.1, 0.15, 0.2, 0.2, 0.2, 0.15],
    "notes": "1. Risk Interpretation: Arizona has a moderate number of infected (I=369) and confirmed (Q=8313) cases, indicating ongoing transmission. 2. Quantitative Logic: Imported infections ~ 2404.48 * ft * (369/7711463). 3. Traffic Allocation Pattern: Strict-first to reduce initial importation, then gradually relax to balance economic needs. 4. Trade-offs: Early strict control reduces initial case load, but later relaxation may increase cases. 5. Validation: 0.1 + 0.15 + 0.2 + 0.2 + 0.2 + 0.15 = 1.0."
  },
  "new mexico": {
    "fractions": [0.15, 0.2, 0.2, 0.2, 0.15, 0.1],
    "notes": "1. Risk Interpretation: New Mexico has a relatively low number of infected (I=155) and confirmed (Q=2043) cases, suggesting lower transmission pressure. 2. Quantitative Logic: Imported infections ~ 1515.36 * ft * (155/3443054). 3. Traffic Allocation Pattern: Even distribution to maintain steady control. 4. Trade-offs: Balanced approach to minimize economic disruption while controlling importation. 5. Validation: 0.15 + 0.2 + 0.2 + 0.2 + 0.15 + 0.1 = 1.0."
  },
  "texas": {
    "fractions": [0.2, 0.2, 0.15, 0.15, 0.2, 0.1],
    "notes": "1. Risk Interpretation: Texas has a higher number of infected (I=2426) and confirmed (Q=17804) cases, indicating significant transmission. 2. Quantitative Logic: Imported infections ~ 38731.55 * ft * (2426/27528084). 3. Traffic Allocation Pattern: Strict-first to reduce initial importation, then gradual relaxation. 4. Trade-offs: Early strict control is crucial due to high case numbers, but later relaxation helps economic recovery. 5. Validation: 0.2 + 0.2 + 0.15 + 0.15 + 0.2 + 0.1 = 1.0."
  },
  "virginia": {
    "fractions": [0.2, 0.15, 0.15, 0.2, 0.15, 0.15],
    "notes": "1. Risk Interpretation: Virginia has a moderate number of infected (I=1571) and confirmed (Q=9638) cases, indicating ongoing transmission. 2. Quantitative Logic: Imported infections ~ 4450.45 * ft * (1571/8553640). 3. Traffic Allocation Pattern: Even distribution with slight emphasis on early and mid-weeks. 4. Trade-offs: Balanced approach to manage importation while minimizing economic impact. 5. Validation: 0.2 + 0.15 + 0.15 + 0.2 + 0.15 + 0.15 = 1.0."
  },
  "global_guidance": "1. Cross-state Reasoning: By implementing strict-first policies for states with higher infection rates (Texas and Arizona) and more balanced approaches for states with lower rates (New Mexico and Virginia), we can collectively reduce the expected imported infections and deaths in Mississippi. 2. Quantitative Cooperation Logic: The traffic allocation patterns are designed to balance the importation of infections, ensuring that the highest-risk periods are managed with stricter controls. This approach helps to flatten the curve and reduce peak hospitalization pressures. 3. Sensitivity Reasoning: If the prevalence or transmission rate (beta) increases, the need for stricter controls becomes more critical, especially in the early weeks. Conversely, if these parameters decrease, a more relaxed approach can be considered, particularly in later weeks."
}
```
2025-12-21 14:07:29,408 - mississippi - INFO - Parsed PolicyResponse: policy={'arizona': [0.1, 0.15, 0.2, 0.2, 0.2, 0.15], 'new mexico': [0.15, 0.2, 0.2, 0.2, 0.15, 0.1], 'texas': [0.19999999999999996, 0.19999999999999996, 0.14999999999999997, 0.14999999999999997, 0.19999999999999996, 0.10000000000000031], 'virginia': [0.2, 0.15, 0.15, 0.2, 0.15, 0.15]} explanation='1. Cross-state Reasoning: By implementing strict-first policies for states with higher infection rates (Texas and Arizona) and more balanced approaches for states with lower rates (New Mexico and Virginia), we can collectively reduce the expected imported infections and deaths in Mississippi. 2. Quantitative Cooperation Logic: The traffic allocation patterns are designed to balance the importation of infections, ensuring that the highest-risk periods are managed with stricter controls. This approach helps to flatten the curve and reduce peak hospitalization pressures. 3. Sensitivity Reasoning: If the prevalence or transmission rate (beta) increases, the need for stricter controls becomes more critical, especially in the early weeks. Conversely, if these parameters decrease, a more relaxed approach can be considered, particularly in later weeks.'
2025-12-21 14:10:00,501 - mississippi - INFO - Region Agent mississippi - Iteration 3 / 6: Starting policy decision process.
2025-12-21 14:10:00,507 - mississippi - INFO - Region user prompt: For mississippi, you will be given the following information:

Epidemic and mobility information of this state are as follows:

SEIRD parameters:
- beta = 0.1777045562951643
- alpha = 0.0557887604960571
- gamma = 0.090291905
- mu = 0.002942156764606069
- delta = 0.0671164839606214

Current population composition:
- S = 1846829
- E = 29534
- I = 14172
- Q = 7897
- R = 26253
- D = 1029

Other origin states:
1. arizona
   - Avg past 21-day population composition: S=8692950, E=13397, I=882, Q=18716, R=13923, D=2096
   - Avg past 21-day inflow: arizona=12691405, mississippi=3597, new mexico=31891, texas=61904, virginia=7981

2. new mexico
   - Avg past 21-day population composition: S=3978579, E=1327, I=317, Q=3224, R=10634, D=102
   - Avg past 21-day inflow: arizona=37229, mississippi=2263, new mexico=3781302, texas=193648, virginia=1689

3. texas
   - Avg past 21-day population composition: S=26092487, E=3786, I=6160, Q=39205, R=118650, D=3090
   - Avg past 21-day inflow: arizona=67501, mississippi=33068, new mexico=96553, texas=57497200, virginia=30149

4. virginia
   - Avg past 21-day population composition: S=8806071, E=14424, I=3381, Q=21065, R=77442, D=2234
   - Avg past 21-day inflow: arizona=8540, mississippi=2974, new mexico=2112, texas=21953, virginia=15378004


 Ground truth daily average for next 42-day inbound by origin states; 
From arizona: Inflow =2126.55;
From new mexico: Inflow =1445.71;
From texas: Inflow =33169.93;
From virginia: Inflow =4255.48;

Please output the recommended traffic control policy in the required JSON format.
2025-12-21 14:11:03,667 - mississippi - INFO - Raw agent output:
```json
{
  "arizona": {
    "fractions": [0.1, 0.15, 0.2, 0.25, 0.2, 0.1],
    "notes": "1. Risk interpretation: Arizona has a relatively low number of infected individuals (I=882) but a significant number of exposed (E=13397). 2. Quantitative logic: Imported infections ~ Flow*ft*(I/population) = 2126.55*ft*(882/8692950). 3. Pattern: Strict-first to reduce initial exposure, then gradually relax as the situation stabilizes. 4. Trade-offs: Strict control initially reduces the risk of importing new cases but may impact economic activities. 5. Validation: 0.1 + 0.15 + 0.2 + 0.25 + 0.2 + 0.1 = 1."
  },
  "new mexico": {
    "fractions": [0.1, 0.15, 0.2, 0.25, 0.2, 0.1],
    "notes": "1. Risk interpretation: New Mexico has a very low number of infected individuals (I=317) and exposed (E=1327). 2. Quantitative logic: Imported infections ~ Flow*ft*(I/population) = 1445.71*ft*(317/3978579). 3. Pattern: Strict-first to minimize initial risk, then gradually relax. 4. Trade-offs: Initial strict control minimizes the importation of new cases but may affect travel and commerce. 5. Validation: 0.1 + 0.15 + 0.2 + 0.25 + 0.2 + 0.1 = 1."
  },
  "texas": {
    "fractions": [0.15, 0.2, 0.25, 0.2, 0.1, 0.1],
    "notes": "1. Risk interpretation: Texas has a higher number of infected individuals (I=6160) and exposed (E=3786). 2. Quantitative logic: Imported infections ~ Flow*ft*(I/population) = 33169.93*ft*(6160/26092487). 3. Pattern: Strict-first to reduce the high initial risk, then gradually relax. 4. Trade-offs: Strict control initially helps in reducing the influx of new cases but may have economic impacts. 5. Validation: 0.15 + 0.2 + 0.25 + 0.2 + 0.1 + 0.1 = 1."
  },
  "virginia": {
    "fractions": [0.1, 0.15, 0.2, 0.25, 0.2, 0.1],
    "notes": "1. Risk interpretation: Virginia has a moderate number of infected individuals (I=3381) and exposed (E=14424). 2. Quantitative logic: Imported infections ~ Flow*ft*(I/population) = 4255.48*ft*(3381/8806071). 3. Pattern: Strict-first to reduce the initial risk, then gradually relax. 4. Trade-offs: Initial strict control helps in minimizing the importation of new cases but may impact travel and commerce. 5. Validation: 0.1 + 0.15 + 0.2 + 0.25 + 0.2 + 0.1 = 1."
  },
  "global_guidance": "1. Cross-state reasoning: By implementing strict-first traffic control policies, we can significantly reduce the initial influx of infected individuals from all states, especially from Texas, which has the highest number of infected individuals. 2. Quantitative cooperation logic: The total imported infections are minimized by allocating a lower fraction of traffic in the first few weeks when the risk is highest, and gradually increasing it as the risk decreases. 3. Sensitivity reasoning: If the prevalence or transmission rate (beta) increases, the strict-first approach becomes even more critical to prevent a surge in cases. Conversely, if the prevalence decreases, a more relaxed approach can be considered after the initial period."
}
```
2025-12-21 14:11:03,669 - mississippi - INFO - Parsed PolicyResponse: policy={'arizona': [0.10000000000000002, 0.15000000000000002, 0.20000000000000004, 0.25000000000000006, 0.20000000000000004, 0.0999999999999998], 'new mexico': [0.10000000000000002, 0.15000000000000002, 0.20000000000000004, 0.25000000000000006, 0.20000000000000004, 0.0999999999999998], 'texas': [0.15, 0.2, 0.25, 0.2, 0.1, 0.1], 'virginia': [0.10000000000000002, 0.15000000000000002, 0.20000000000000004, 0.25000000000000006, 0.20000000000000004, 0.0999999999999998]} explanation='1. Cross-state reasoning: By implementing strict-first traffic control policies, we can significantly reduce the initial influx of infected individuals from all states, especially from Texas, which has the highest number of infected individuals. 2. Quantitative cooperation logic: The total imported infections are minimized by allocating a lower fraction of traffic in the first few weeks when the risk is highest, and gradually increasing it as the risk decreases. 3. Sensitivity reasoning: If the prevalence or transmission rate (beta) increases, the strict-first approach becomes even more critical to prevent a surge in cases. Conversely, if the prevalence decreases, a more relaxed approach can be considered after the initial period.'
2025-12-21 14:14:19,111 - mississippi - INFO - Region Agent mississippi - Iteration 4 / 6: Starting policy decision process.
2025-12-21 14:14:19,113 - mississippi - INFO - Region user prompt: For mississippi, you will be given the following information:

Epidemic and mobility information of this state are as follows:

SEIRD parameters:
- beta = 0.1777045562951643
- alpha = 0.0557887604960571
- gamma = 0.090291905
- mu = 0.00234683660135996
- delta = 0.0671164839606214

Current population composition:
- S = 882585
- E = 33258
- I = 16196
- Q = 11122
- R = 62785
- D = 2090

Other origin states:
1. arizona
   - Avg past 21-day population composition: S=8900244, E=29016, I=1897, Q=39933, R=42002, D=3885
   - Avg past 21-day inflow: arizona=12204458, mississippi=2652, new mexico=31147, texas=52558, virginia=5975

2. new mexico
   - Avg past 21-day population composition: S=5950581, E=3046, I=707, Q=7836, R=24396, D=188
   - Avg past 21-day inflow: arizona=27389, mississippi=1706, new mexico=3591304, texas=156352, virginia=1724

3. texas
   - Avg past 21-day population composition: S=24371988, E=7830, I=13000, Q=75887, R=340436, D=6684
   - Avg past 21-day inflow: arizona=55736, mississippi=44559, new mexico=142305, texas=56021642, virginia=28664

4. virginia
   - Avg past 21-day population composition: S=8541670, E=31201, I=7350, Q=46135, R=197985, D=2693
   - Avg past 21-day inflow: arizona=6493, mississippi=4692, new mexico=1870, texas=21283, virginia=14714026


 Ground truth daily average for next 42-day inbound by origin states; 
From arizona: Inflow =1837.67;
From new mexico: Inflow =1312.81;
From texas: Inflow =30375.71;
From virginia: Inflow =3674.74;

Please output the recommended traffic control policy in the required JSON format.
2025-12-21 14:14:50,184 - mississippi - INFO - Raw agent output:
```json
{
  "arizona": {
      "fractions": [0.1, 0.1, 0.1, 0.2, 0.2, 0.3],
      "notes": "1. Risk Interpretation: Arizona has a relatively low number of infected (I) and confirmed (Q) cases compared to its population, indicating a moderate risk. 2. Quantitative Logic: Imported infections ~ Flow*ft*(I/population) = 1837.67*ft*(1897/8900244). 3. Traffic Allocation Pattern: Relaxed-first to allow economic recovery while maintaining some control. 4. Trade-offs: Early strict control reduces immediate risk but later relaxation allows for economic activity. 5. Validation: 0.1 + 0.1 + 0.1 + 0.2 + 0.2 + 0.3 = 1."
  },
  "new mexico": {
      "fractions": [0.2, 0.2, 0.2, 0.1, 0.1, 0.2],
      "notes": "1. Risk Interpretation: New Mexico has a very low number of infected (I) and confirmed (Q) cases, indicating a low risk. 2. Quantitative Logic: Imported infections ~ Flow*ft*(I/population) = 1312.81*ft*(707/5950581). 3. Traffic Allocation Pattern: Even distribution to balance risk and mobility. 4. Trade-offs: Even distribution minimizes the impact on both epidemic control and mobility. 5. Validation: 0.2 + 0.2 + 0.2 + 0.1 + 0.1 + 0.2 = 1."
  },
  "texas": {
      "fractions": [0.3, 0.2, 0.1, 0.1, 0.1, 0.2],
      "notes": "1. Risk Interpretation: Texas has a high number of infected (I) and confirmed (Q) cases, indicating a high risk. 2. Quantitative Logic: Imported infections ~ Flow*ft*(I/population) = 30375.71*ft*(13000/24371988). 3. Traffic Allocation Pattern: Strict-first to control the initial high risk. 4. Trade-offs: Early strict control is necessary to prevent a surge in cases, but later relaxation supports economic recovery. 5. Validation: 0.3 + 0.2 + 0.1 + 0.1 + 0.1 + 0.2 = 1."
  },
  "virginia": {
      "fractions": [0.1, 0.2, 0.2, 0.2, 0.1, 0.2],
      "notes": "1. Risk Interpretation: Virginia has a moderate number of infected (I) and confirmed (Q) cases, indicating a moderate risk. 2. Quantitative Logic: Imported infections ~ Flow*ft*(I/population) = 3674.74*ft*(7350/8541670). 3. Traffic Allocation Pattern: Relaxed-first to support economic activities while maintaining some control. 4. Trade-offs: Early relaxation helps the economy, but later control prevents a potential surge. 5. Validation: 0.1 + 0.2 + 0.2 + 0.2 + 0.1 + 0.2 = 1."
  },
  "global_guidance": "1. Cross-State Reasoning: By allocating more stringent controls early for high-risk states like Texas and moderate controls for states like Arizona and Virginia, we can significantly reduce the cumulative imported infections and deaths in Mississippi. 2. Quantitative Cooperation Logic: The traffic allocation pattern ensures that the highest risk is managed early, while lower risk states have more balanced control, thus balancing the overall risk and mobility. 3. Sensitivity Reasoning: If the prevalence or transmission rate (beta) increases, the strict-first approach for high-risk states becomes even more critical to prevent a surge in cases. Conversely, if these factors decrease, a more relaxed approach can be considered, especially in later weeks."
}
```
2025-12-21 14:14:50,186 - mississippi - INFO - Parsed PolicyResponse: policy={'arizona': [0.1, 0.1, 0.1, 0.2, 0.2, 0.3], 'new mexico': [0.2, 0.2, 0.2, 0.1, 0.1, 0.2], 'texas': [0.3, 0.2, 0.1, 0.1, 0.1, 0.2], 'virginia': [0.1, 0.2, 0.2, 0.2, 0.1, 0.2]} explanation='1. Cross-State Reasoning: By allocating more stringent controls early for high-risk states like Texas and moderate controls for states like Arizona and Virginia, we can significantly reduce the cumulative imported infections and deaths in Mississippi. 2. Quantitative Cooperation Logic: The traffic allocation pattern ensures that the highest risk is managed early, while lower risk states have more balanced control, thus balancing the overall risk and mobility. 3. Sensitivity Reasoning: If the prevalence or transmission rate (beta) increases, the strict-first approach for high-risk states becomes even more critical to prevent a surge in cases. Conversely, if these factors decrease, a more relaxed approach can be considered, especially in later weeks.'
2025-12-21 14:17:09,478 - mississippi - INFO - Region Agent mississippi - Iteration 5 / 6: Starting policy decision process.
2025-12-21 14:17:09,481 - mississippi - INFO - Region user prompt: For mississippi, you will be given the following information:

Epidemic and mobility information of this state are as follows:

SEIRD parameters:
- beta = 0.1777045562951643
- alpha = 0.0557887604960571
- gamma = 0.090291905
- mu = 0.0017084427217835844
- delta = 0.0671164839606214

Current population composition:
- S = 492855
- E = 34782
- I = 12275
- Q = 9514
- R = 104140
- D = 3019

Other origin states:
1. arizona
   - Avg past 21-day population composition: S=8863402, E=59383, I=3837, Q=83478, R=103630, D=5120
   - Avg past 21-day inflow: arizona=12775936, mississippi=2801, new mexico=37543, texas=36661, virginia=5441

2. new mexico
   - Avg past 21-day population composition: S=6699545, E=5839, I=1325, Q=14778, R=52690, D=363
   - Avg past 21-day inflow: arizona=30846, mississippi=1178, new mexico=3611569, texas=177298, virginia=1429

3. texas
   - Avg past 21-day population composition: S=23534268, E=11150, I=18549, Q=107725, R=717074, D=11372
   - Avg past 21-day inflow: arizona=48483, mississippi=42424, new mexico=100157, texas=57587273, virginia=31681

4. virginia
   - Avg past 21-day population composition: S=8228399, E=60938, I=14350, Q=93462, R=455071, D=2765
   - Avg past 21-day inflow: arizona=8631, mississippi=2791, new mexico=1762, texas=31428, virginia=15126464


 Ground truth daily average for next 42-day inbound by origin states; 
From arizona: Inflow =2040.62;
From new mexico: Inflow =1325.98;
From texas: Inflow =29744.52;
From virginia: Inflow =3560.95;

Please output the recommended traffic control policy in the required JSON format.
2025-12-21 14:17:42,205 - mississippi - INFO - Raw agent output:
```json
{
  "arizona": {
    "fractions": [0.1, 0.1, 0.1, 0.2, 0.2, 0.3],
    "notes": "1. Risk interpretation: Arizona has a moderate number of infected individuals (I=3837) and a relatively high number of confirmed cases (Q=83478). 2. Quantitative logic: Imported infections are estimated as Flow*ft*(I/population). 3. Pattern: Relaxed-first to allow economic recovery while maintaining control. 4. Trade-offs: Early strict control reduces immediate risk but later relaxation could increase it. 5. Validation: 0.1 + 0.1 + 0.1 + 0.2 + 0.2 + 0.3 = 1."
  },
  "new mexico": {
    "fractions": [0.3, 0.2, 0.2, 0.1, 0.1, 0.1],
    "notes": "1. Risk interpretation: New Mexico has a lower number of infected individuals (I=1325) and confirmed cases (Q=14778). 2. Quantitative logic: Imported infections are estimated as Flow*ft*(I/population). 3. Pattern: Strict-first to minimize early risk. 4. Trade-offs: Early strict control may impact economic activities but reduces initial spread. 5. Validation: 0.3 + 0.2 + 0.2 + 0.1 + 0.1 + 0.1 = 1."
  },
  "texas": {
    "fractions": [0.2, 0.2, 0.2, 0.15, 0.15, 0.1],
    "notes": "1. Risk interpretation: Texas has a high number of infected individuals (I=18549) and confirmed cases (Q=107725). 2. Quantitative logic: Imported infections are estimated as Flow*ft*(I/population). 3. Pattern: Even distribution to balance risk and mobility. 4. Trade-offs: Balanced approach to maintain economic activity while controlling spread. 5. Validation: 0.2 + 0.2 + 0.2 + 0.15 + 0.15 + 0.1 = 1."
  },
  "virginia": {
    "fractions": [0.15, 0.15, 0.2, 0.2, 0.15, 0.15],
    "notes": "1. Risk interpretation: Virginia has a moderate number of infected individuals (I=14350) and confirmed cases (Q=93462). 2. Quantitative logic: Imported infections are estimated as Flow*ft*(I/population). 3. Pattern: Relaxed-first to allow economic recovery while maintaining control. 4. Trade-offs: Early strict control reduces immediate risk but later relaxation could increase it. 5. Validation: 0.15 + 0.15 + 0.2 + 0.2 + 0.15 + 0.15 = 1."
  },
  "global_guidance": "1. Cross-state reasoning: By distributing the traffic control fractions strategically, we aim to reduce the cumulative imported infections and deaths in Mississippi. 2. Quantitative cooperation logic: Balancing the risk across weeks and states ensures that the overall imported infections are minimized. 3. Sensitivity reasoning: If the prevalence or transmission rate (beta) increases, the fractions should be adjusted to be more stringent initially to prevent a surge in cases. Conversely, if the prevalence decreases, the fractions can be relaxed to promote economic recovery."
}
```
2025-12-21 14:17:42,205 - mississippi - INFO - Parsed PolicyResponse: policy={'arizona': [0.1, 0.1, 0.1, 0.2, 0.2, 0.3], 'new mexico': [0.30000000000000004, 0.20000000000000004, 0.20000000000000004, 0.10000000000000002, 0.10000000000000002, 0.0999999999999998], 'texas': [0.19999999999999996, 0.19999999999999996, 0.19999999999999996, 0.14999999999999997, 0.14999999999999997, 0.10000000000000031], 'virginia': [0.15, 0.15, 0.2, 0.2, 0.15, 0.15]} explanation='1. Cross-state reasoning: By distributing the traffic control fractions strategically, we aim to reduce the cumulative imported infections and deaths in Mississippi. 2. Quantitative cooperation logic: Balancing the risk across weeks and states ensures that the overall imported infections are minimized. 3. Sensitivity reasoning: If the prevalence or transmission rate (beta) increases, the fractions should be adjusted to be more stringent initially to prevent a surge in cases. Conversely, if the prevalence decreases, the fractions can be relaxed to promote economic recovery.'
2025-12-21 14:19:47,393 - mississippi - INFO - Region Agent mississippi - Iteration 6 / 6: Starting policy decision process.
2025-12-21 14:19:47,395 - mississippi - INFO - Region user prompt: For mississippi, you will be given the following information:

Epidemic and mobility information of this state are as follows:

SEIRD parameters:
- beta = 0.1777045562951643
- alpha = 0.0557887604960571
- gamma = 0.090291905
- mu = 0.001135059216634949
- delta = 0.0671164839606214

Current population composition:
- S = 321225
- E = 69555
- I = 28137
- Q = 19460
- R = 153357
- D = 3762

Other origin states:
1. arizona
   - Avg past 21-day population composition: S=8561786, E=116753, I=7561, Q=168986, R=230929, D=5593
   - Avg past 21-day inflow: arizona=13314477, mississippi=2547, new mexico=39134, texas=59093, virginia=6026

2. new mexico
   - Avg past 21-day population composition: S=8202331, E=11972, I=2645, Q=28571, R=107310, D=695
   - Avg past 21-day inflow: arizona=48362, mississippi=688, new mexico=3541362, texas=171454, virginia=1392

3. texas
   - Avg past 21-day population composition: S=21235666, E=18055, I=29959, Q=159717, R=1252858, D=16230
   - Avg past 21-day inflow: arizona=52620, mississippi=41260, new mexico=90630, texas=59397204, virginia=24898

4. virginia
   - Avg past 21-day population composition: S=7775151, E=100663, I=23955, Q=161098, R=930179, D=2766
   - Avg past 21-day inflow: arizona=6252, mississippi=3987, new mexico=2174, texas=32205, virginia=15466694


 Ground truth daily average for next 42-day inbound by origin states; 
From arizona: Inflow =2070.81;
From new mexico: Inflow =1036.93;
From texas: Inflow =35639.64;
From virginia: Inflow =3914.6;

Please output the recommended traffic control policy in the required JSON format.
2025-12-21 14:20:17,800 - mississippi - INFO - Raw agent output:
```json
{
  "arizona": {
    "fractions": [0.1, 0.15, 0.2, 0.25, 0.2, 0.1],
    "notes": "1. Risk interpretation: Arizona has a relatively low number of infected individuals (I=7561) but a high number of exposed (E=116753). 2. Quantitative logic: Imported infections ~ Flow*ft*(I/population). 3. Pattern: Strict-first to minimize initial exposure, then gradually relax to balance economic needs. 4. Trade-offs: Early strict control reduces immediate risk but may impact long-term mobility. 5. Validation: 0.1 + 0.15 + 0.2 + 0.25 + 0.2 + 0.1 = 1.0."
  },
  "new mexico": {
    "fractions": [0.2, 0.2, 0.15, 0.15, 0.15, 0.15],
    "notes": "1. Risk interpretation: New Mexico has a moderate number of exposed (E=11972) and infected (I=2645). 2. Quantitative logic: Imported infections ~ Flow*ft*(I/population). 3. Pattern: Even distribution to maintain consistent control without sudden spikes. 4. Trade-offs: Balanced approach to avoid overwhelming healthcare while maintaining some mobility. 5. Validation: 0.2 + 0.2 + 0.15 + 0.15 + 0.15 + 0.15 = 1.0."
  },
  "texas": {
    "fractions": [0.15, 0.15, 0.15, 0.2, 0.2, 0.15],
    "notes": "1. Risk interpretation: Texas has a high number of infected (I=29959) and exposed (E=18055). 2. Quantitative logic: Imported infections ~ Flow*ft*(I/population). 3. Pattern: Strict-first to mitigate initial risk, then relax to support economic recovery. 4. Trade-offs: Early strict control is crucial due to high infection rates, but gradual relaxation is necessary for economic stability. 5. Validation: 0.15 + 0.15 + 0.15 + 0.2 + 0.2 + 0.15 = 1.0."
  },
  "virginia": {
    "fractions": [0.2, 0.15, 0.15, 0.2, 0.15, 0.15],
    "notes": "1. Risk interpretation: Virginia has a moderate number of infected (I=23955) and exposed (E=100663). 2. Quantitative logic: Imported infections ~ Flow*ft*(I/population). 3. Pattern: Even distribution with slight relaxation in the middle weeks to balance control and mobility. 4. Trade-offs: Maintaining consistent control while allowing some flexibility for economic activities. 5. Validation: 0.2 + 0.15 + 0.15 + 0.2 + 0.15 + 0.15 = 1.0."
  },
  "global_guidance": "1. Cross-state reasoning: By distributing traffic controls evenly and with strategic adjustments, we can minimize the cumulative imported infections and deaths in Mississippi. 2. Quantitative cooperation logic: Balancing strict and relaxed periods across states ensures that no single state overwhelms Mississippi's healthcare system while maintaining overall economic activity. 3. Sensitivity reasoning: If prevalence or transmission rate (beta) increases, stricter controls in the early weeks will be more critical to prevent a surge in cases. Conversely, if these factors decrease, a more relaxed approach can be adopted."
}
```
2025-12-21 14:20:17,805 - mississippi - INFO - Parsed PolicyResponse: policy={'arizona': [0.10000000000000002, 0.15000000000000002, 0.20000000000000004, 0.25000000000000006, 0.20000000000000004, 0.0999999999999998], 'new mexico': [0.2, 0.2, 0.15, 0.15, 0.15, 0.15], 'texas': [0.15000000000000002, 0.15000000000000002, 0.15000000000000002, 0.20000000000000004, 0.20000000000000004, 0.1499999999999998], 'virginia': [0.2, 0.15, 0.15, 0.2, 0.15, 0.15]} explanation="1. Cross-state reasoning: By distributing traffic controls evenly and with strategic adjustments, we can minimize the cumulative imported infections and deaths in Mississippi. 2. Quantitative cooperation logic: Balancing strict and relaxed periods across states ensures that no single state overwhelms Mississippi's healthcare system while maintaining overall economic activity. 3. Sensitivity reasoning: If prevalence or transmission rate (beta) increases, stricter controls in the early weeks will be more critical to prevent a surge in cases. Conversely, if these factors decrease, a more relaxed approach can be adopted."
