2025-12-21 14:05:51,396 - virginia - INFO - Region Agent virginia - Iteration 1 / 6: Starting policy decision process.
2025-12-21 14:05:51,396 - virginia - INFO - Region user prompt: For virginia, you will be given the following information:

Epidemic and mobility information of this state are as follows:

SEIRD parameters:
- beta = 0.1916503060909957
- alpha = 0.1636446530789299
- gamma = 0.1
- mu = 0.0
- delta = 0.68254039242497

Current population composition:
- S = 8524995
- E = 1825
- I = 3189
- Q = 4825
- R = 540
- D = 145

Other origin states:
1. arizona
   - Avg past 21-day population composition: S=7272180, E=1952, I=962, Q=3319, R=186, D=118
   - Avg past 21-day inflow: arizona=9717467, mississippi=1551, new mexico=19529, texas=27907, virginia=3665

2. mississippi
   - Avg past 21-day population composition: S=2970629, E=906, I=1753, Q=2463, R=301, D=97
   - Avg past 21-day inflow: arizona=1194, mississippi=3987236, new mexico=942, texas=18479, virginia=2401

3. new mexico
   - Avg past 21-day population composition: S=2093484, E=816, I=1276, Q=959, R=265, D=29
   - Avg past 21-day inflow: arizona=14511, mississippi=1425, new mexico=2776969, texas=84217, virginia=1004

4. texas
   - Avg past 21-day population composition: S=28984537, E=927, I=327, Q=7619, R=2141, D=330
   - Avg past 21-day inflow: arizona=22661, mississippi=24412, new mexico=47170, texas=39820832, virginia=11782


 Ground truth daily average for next 42-day inbound by origin states; 
From arizona: Inflow =3945.74;
From mississippi: Inflow =3349.12;
From new mexico: Inflow =1668.81;
From texas: Inflow =17996.5;

Please output the recommended traffic control policy in the required JSON format.
2025-12-21 14:06:25,219 - virginia - INFO - Raw agent output:
```json
{
  "arizona": {
      "fractions": [0.1, 0.1, 0.2, 0.2, 0.2, 0.2],
      "notes": "1. Risk Interpretation: Arizona has a moderate number of infected individuals (I=962) and confirmed cases (Q=3319). 2. Quantitative Logic: Imported infections can be estimated as Flow*ft*(I/population). 3. Traffic Allocation Pattern: Even distribution to balance risk over the 6 weeks. 4. Trade-offs: This pattern maintains a steady flow, balancing epidemic control and economic activity. 5. Validation: 0.1 + 0.1 + 0.2 + 0.2 + 0.2 + 0.2 = 1."
  },
  "mississippi": {
      "fractions": [0.15, 0.15, 0.2, 0.2, 0.15, 0.15],
      "notes": "1. Risk Interpretation: Mississippi has a higher proportion of infected individuals (I=1753) relative to its population. 2. Quantitative Logic: Imported infections can be estimated as Flow*ft*(I/population). 3. Traffic Allocation Pattern: Even distribution with slightly more stringent controls in the middle weeks to reduce peak infection pressure. 4. Trade-offs: This pattern helps manage the peak infection period while maintaining some mobility. 5. Validation: 0.15 + 0.15 + 0.2 + 0.2 + 0.15 + 0.15 = 1."
  },
  "new mexico": {
      "fractions": [0.2, 0.2, 0.15, 0.15, 0.15, 0.15],
      "notes": "1. Risk Interpretation: New Mexico has a lower number of infected individuals (I=1276) compared to other states. 2. Quantitative Logic: Imported infections can be estimated as Flow*ft*(I/population). 3. Traffic Allocation Pattern: Relaxed-first to allow for initial economic activity, followed by stricter controls. 4. Trade-offs: This pattern supports early economic recovery while mitigating later risks. 5. Validation: 0.2 + 0.2 + 0.15 + 0.15 + 0.15 + 0.15 = 1."
  },
  "texas": {
      "fractions": [0.1, 0.1, 0.2, 0.2, 0.2, 0.2],
      "notes": "1. Risk Interpretation: Texas has a large population with a relatively low number of infected individuals (I=327). 2. Quantitative Logic: Imported infections can be estimated as Flow*ft*(I/population). 3. Traffic Allocation Pattern: Even distribution to maintain a steady flow and balance risk over the 6 weeks. 4. Trade-offs: This pattern ensures consistent mobility while controlling the spread of the virus. 5. Validation: 0.1 + 0.1 + 0.2 + 0.2 + 0.2 + 0.2 = 1."
  },
  "global_guidance": "1. Cross-state Reasoning: By distributing the traffic evenly across the 6 weeks, we reduce the peak infection pressure from any single state. 2. Quantitative Cooperation Logic: The even distribution strategy ensures that the total imported infections are minimized over the 6-week period, balancing the risk across all origin states. 3. Sensitivity Reasoning: If the prevalence of infected individuals (I) or the transmission rate (beta) increases, the even distribution strategy remains robust, as it avoids concentrating the risk in any single week."
}
```
2025-12-21 14:06:25,219 - virginia - INFO - Parsed PolicyResponse: policy={'arizona': [0.1, 0.1, 0.2, 0.2, 0.2, 0.2], 'mississippi': [0.15, 0.15, 0.2, 0.2, 0.15, 0.15], 'new mexico': [0.2, 0.2, 0.15, 0.15, 0.15, 0.15], 'texas': [0.1, 0.1, 0.2, 0.2, 0.2, 0.2]} explanation='1. Cross-state Reasoning: By distributing the traffic evenly across the 6 weeks, we reduce the peak infection pressure from any single state. 2. Quantitative Cooperation Logic: The even distribution strategy ensures that the total imported infections are minimized over the 6-week period, balancing the risk across all origin states. 3. Sensitivity Reasoning: If the prevalence of infected individuals (I) or the transmission rate (beta) increases, the even distribution strategy remains robust, as it avoids concentrating the risk in any single week.'
2025-12-21 14:08:53,950 - virginia - INFO - Region Agent virginia - Iteration 2 / 6: Starting policy decision process.
2025-12-21 14:08:53,954 - virginia - INFO - Region user prompt: For virginia, you will be given the following information:

Epidemic and mobility information of this state are as follows:

SEIRD parameters:
- beta = 0.1916503060909957
- alpha = 0.1636446530789299
- gamma = 0.09065305
- mu = 0.002725652647274652
- delta = 0.68254039242497

Current population composition:
- S = 8570347
- E = 7915
- I = 1858
- Q = 11398
- R = 31508
- D = 1416

Other origin states:
1. arizona
   - Avg past 21-day population composition: S=7711463, E=5727, I=369, Q=8313, R=2746, D=649
   - Avg past 21-day inflow: arizona=12334093, mississippi=2454, new mexico=34553, texas=45275, virginia=4604

2. mississippi
   - Avg past 21-day population composition: S=2511055, E=8624, I=4079, Q=2153, R=5489, D=299
   - Avg past 21-day inflow: arizona=1686, mississippi=6201158, new mexico=1114, texas=33622, virginia=3357

3. new mexico
   - Avg past 21-day population composition: S=3443054, E=712, I=155, Q=2043, R=4293, D=60
   - Avg past 21-day inflow: arizona=21479, mississippi=1346, new mexico=3538501, texas=141793, virginia=1277

4. texas
   - Avg past 21-day population composition: S=27528084, E=1548, I=2426, Q=17804, R=25558, D=1071
   - Avg past 21-day inflow: arizona=43015, mississippi=21053, new mexico=62318, texas=54356274, virginia=19821


 Ground truth daily average for next 42-day inbound by origin states; 
From arizona: Inflow =6100.74;
From mississippi: Inflow =4957.52;
From new mexico: Inflow =2113.05;
From texas: Inflow =27442.57;

Please output the recommended traffic control policy in the required JSON format.
2025-12-21 14:09:22,003 - virginia - INFO - Raw agent output:
```json
{
  "arizona": {
    "fractions": [0.1, 0.1, 0.1, 0.2, 0.2, 0.3],
    "notes": "1. Risk interpretation: Arizona has a relatively low number of infected (I) and exposed (E) individuals compared to its population, indicating a moderate risk. 2. Quantitative logic: Imported infections can be estimated as Flow*ft*(I/population). 3. Pattern: Relaxed-first pattern is chosen because the infection pressure is moderate and can be managed with gradual relaxation. 4. Trade-offs: Early strict control helps in reducing initial importation, while later relaxation supports economic activities. 5. Validation: 0.1 + 0.1 + 0.1 + 0.2 + 0.2 + 0.3 = 1.0."
  },
  "mississippi": {
    "fractions": [0.3, 0.2, 0.2, 0.1, 0.1, 0.1],
    "notes": "1. Risk interpretation: Mississippi has a higher number of infected (I) and exposed (E) individuals, indicating a high risk. 2. Quantitative logic: Imported infections can be estimated as Flow*ft*(I/population). 3. Pattern: Strict-first pattern is chosen to minimize early importation of cases. 4. Trade-offs: Early strict control is crucial to prevent a surge in cases, while later relaxation allows for some mobility. 5. Validation: 0.3 + 0.2 + 0.2 + 0.1 + 0.1 + 0.1 = 1.0."
  },
  "new mexico": {
    "fractions": [0.1, 0.2, 0.2, 0.2, 0.2, 0.1],
    "notes": "1. Risk interpretation: New Mexico has a very low number of infected (I) and exposed (E) individuals, indicating a low risk. 2. Quantitative logic: Imported infections can be estimated as Flow*ft*(I/population). 3. Pattern: Even distribution is chosen because the risk is consistently low. 4. Trade-offs: Maintaining a steady flow supports economic activities without significantly increasing the risk. 5. Validation: 0.1 + 0.2 + 0.2 + 0.2 + 0.2 + 0.1 = 1.0."
  },
  "texas": {
    "fractions": [0.2, 0.2, 0.2, 0.2, 0.1, 0.1],
    "notes": "1. Risk interpretation: Texas has a moderate number of infected (I) and exposed (E) individuals, indicating a moderate risk. 2. Quantitative logic: Imported infections can be estimated as Flow*ft*(I/population). 3. Pattern: Even distribution is chosen to balance the risk over the period. 4. Trade-offs: A balanced approach ensures that the risk is managed while allowing for steady mobility. 5. Validation: 0.2 + 0.2 + 0.2 + 0.2 + 0.1 + 0.1 = 1.0."
  },
  "global_guidance": "1. Cross-state reasoning: By implementing a strict-first pattern for Mississippi and a relaxed-first pattern for Arizona, we can effectively manage the initial importation of cases. New Mexico's low risk allows for a steady flow, while Texas's balanced approach ensures controlled mobility. 2. Quantitative cooperation logic: The total imported infections are minimized by strategically allocating traffic based on the current risk levels of each state. 3. Sensitivity reasoning: If the prevalence or transmission rate (beta) increases, the strict-first patterns for high-risk states like Mississippi should be extended to ensure better control. Conversely, if the risk decreases, more relaxed patterns can be adopted to support economic recovery."
}
```
2025-12-21 14:09:22,012 - virginia - INFO - Parsed PolicyResponse: policy={'arizona': [0.1, 0.1, 0.1, 0.2, 0.2, 0.3], 'mississippi': [0.30000000000000004, 0.20000000000000004, 0.20000000000000004, 0.10000000000000002, 0.10000000000000002, 0.0999999999999998], 'new mexico': [0.10000000000000002, 0.20000000000000004, 0.20000000000000004, 0.20000000000000004, 0.20000000000000004, 0.0999999999999998], 'texas': [0.2, 0.2, 0.2, 0.2, 0.1, 0.1]} explanation="1. Cross-state reasoning: By implementing a strict-first pattern for Mississippi and a relaxed-first pattern for Arizona, we can effectively manage the initial importation of cases. New Mexico's low risk allows for a steady flow, while Texas's balanced approach ensures controlled mobility. 2. Quantitative cooperation logic: The total imported infections are minimized by strategically allocating traffic based on the current risk levels of each state. 3. Sensitivity reasoning: If the prevalence or transmission rate (beta) increases, the strict-first patterns for high-risk states like Mississippi should be extended to ensure better control. Conversely, if the risk decreases, more relaxed patterns can be adopted to support economic recovery."
2025-12-21 14:12:58,217 - virginia - INFO - Region Agent virginia - Iteration 3 / 6: Starting policy decision process.
2025-12-21 14:12:58,217 - virginia - INFO - Region user prompt: For virginia, you will be given the following information:

Epidemic and mobility information of this state are as follows:

SEIRD parameters:
- beta = 0.1916503060909957
- alpha = 0.1636446530789299
- gamma = 0.09065305
- mu = 0.0006078852659420187
- delta = 0.68254039242497

Current population composition:
- S = 8649846
- E = 17059
- I = 4001
- Q = 25002
- R = 97424
- D = 2413

Other origin states:
1. arizona
   - Avg past 21-day population composition: S=8692950, E=13397, I=882, Q=18716, R=13923, D=2096
   - Avg past 21-day inflow: arizona=12691405, mississippi=3597, new mexico=31891, texas=61904, virginia=7981

2. mississippi
   - Avg past 21-day population composition: S=1896413, E=22805, I=10872, Q=6134, R=20360, D=831
   - Avg past 21-day inflow: arizona=2644, mississippi=6521022, new mexico=1363, texas=34857, virginia=4450

3. new mexico
   - Avg past 21-day population composition: S=3978579, E=1327, I=317, Q=3224, R=10634, D=102
   - Avg past 21-day inflow: arizona=37229, mississippi=2263, new mexico=3781302, texas=193648, virginia=1689

4. texas
   - Avg past 21-day population composition: S=26092487, E=3786, I=6160, Q=39205, R=118650, D=3090
   - Avg past 21-day inflow: arizona=67501, mississippi=33068, new mexico=96553, texas=57497200, virginia=30149


 Ground truth daily average for next 42-day inbound by origin states; 
From arizona: Inflow =5903.43;
From mississippi: Inflow =5214.74;
From new mexico: Inflow =2338.57;
From texas: Inflow =26605.43;

Please output the recommended traffic control policy in the required JSON format.
2025-12-21 14:13:56,587 - virginia - INFO - Raw agent output:
```json
{
  "arizona": {
    "fractions": [0.1, 0.15, 0.2, 0.2, 0.2, 0.15],
    "notes": "1. Risk interpretation: Arizona has a relatively low number of infected (I=882) and exposed (E=13397) individuals compared to its population, indicating a moderate risk. 2. Quantitative logic: Imported infections ~ Flow*ft*(I/population) = 5903.43*ft*(882/8692950). 3. Pattern: Strict-first, then relaxed, to ensure initial control and gradual easing. 4. Trade-offs: Initial strict control reduces immediate risk but may impact economic activities. 5. Validation: 0.1 + 0.15 + 0.2 + 0.2 + 0.2 + 0.15 = 1.0."
  },
  "mississippi": {
    "fractions": [0.15, 0.2, 0.2, 0.2, 0.15, 0.1],
    "notes": "1. Risk interpretation: Mississippi has a higher number of infected (I=10872) and exposed (E=22805) individuals, indicating a high risk. 2. Quantitative logic: Imported infections ~ Flow*ft*(I/population) = 5214.74*ft*(10872/1896413). 3. Pattern: Relaxed-first, then strict, to manage initial economic impact while controlling later. 4. Trade-offs: Early relaxation may increase short-term risk but can help maintain economic activities. 5. Validation: 0.15 + 0.2 + 0.2 + 0.2 + 0.15 + 0.1 = 1.0."
  },
  "new mexico": {
    "fractions": [0.2, 0.2, 0.2, 0.15, 0.15, 0.1],
    "notes": "1. Risk interpretation: New Mexico has a very low number of infected (I=317) and exposed (E=1327) individuals, indicating a low risk. 2. Quantitative logic: Imported infections ~ Flow*ft*(I/population) = 2338.57*ft*(317/3978579). 3. Pattern: Even distribution, as the risk is consistently low. 4. Trade-offs: Balanced approach to maintain economic activities without significant risk. 5. Validation: 0.2 + 0.2 + 0.2 + 0.15 + 0.15 + 0.1 = 1.0."
  },
  "texas": {
    "fractions": [0.2, 0.2, 0.2, 0.15, 0.15, 0.1],
    "notes": "1. Risk interpretation: Texas has a moderate number of infected (I=6160) and exposed (E=3786) individuals, indicating a moderate risk. 2. Quantitative logic: Imported infections ~ Flow*ft*(I/population) = 26605.43*ft*(6160/26092487). 3. Pattern: Even distribution, as the risk is consistent over time. 4. Trade-offs: Balanced approach to maintain economic activities while managing risk. 5. Validation: 0.2 + 0.2 + 0.2 + 0.15 + 0.15 + 0.1 = 1.0."
  },
  "global_guidance": "1. Cross-state reasoning: By distributing the fractions to balance the risk across states, we ensure that the overall imported infections and deaths are minimized. 2. Quantitative cooperation logic: The fractions are chosen to reflect the relative risk levels of each state, with higher-risk states receiving stricter controls initially. 3. Sensitivity reasoning: If the prevalence or transmission rate (beta) changes, the fractions can be adjusted accordingly to maintain optimal control. For example, if beta increases, stricter controls (lower fractions) should be implemented earlier to prevent a surge in cases."
}
```
2025-12-21 14:13:56,587 - virginia - INFO - Parsed PolicyResponse: policy={'arizona': [0.1, 0.15, 0.2, 0.2, 0.2, 0.15], 'mississippi': [0.15, 0.2, 0.2, 0.2, 0.15, 0.1], 'new mexico': [0.19999999999999996, 0.19999999999999996, 0.19999999999999996, 0.14999999999999997, 0.14999999999999997, 0.10000000000000031], 'texas': [0.19999999999999996, 0.19999999999999996, 0.19999999999999996, 0.14999999999999997, 0.14999999999999997, 0.10000000000000031]} explanation='1. Cross-state reasoning: By distributing the fractions to balance the risk across states, we ensure that the overall imported infections and deaths are minimized. 2. Quantitative cooperation logic: The fractions are chosen to reflect the relative risk levels of each state, with higher-risk states receiving stricter controls initially. 3. Sensitivity reasoning: If the prevalence or transmission rate (beta) changes, the fractions can be adjusted accordingly to maintain optimal control. For example, if beta increases, stricter controls (lower fractions) should be implemented earlier to prevent a surge in cases.'
2025-12-21 14:15:54,618 - virginia - INFO - Region Agent virginia - Iteration 4 / 6: Starting policy decision process.
2025-12-21 14:15:54,619 - virginia - INFO - Region user prompt: For virginia, you will be given the following information:

Epidemic and mobility information of this state are as follows:

SEIRD parameters:
- beta = 0.1916503060909957
- alpha = 0.1636446530789299
- gamma = 0.09065305
- mu = 4.885756195017515e-05
- delta = 0.68254039242497

Current population composition:
- S = 8446009
- E = 36874
- I = 8685
- Q = 54710
- R = 241764
- D = 2731

Other origin states:
1. arizona
   - Avg past 21-day population composition: S=8900244, E=29016, I=1897, Q=39933, R=42002, D=3885
   - Avg past 21-day inflow: arizona=12204458, mississippi=2652, new mexico=31147, texas=52558, virginia=5975

2. mississippi
   - Avg past 21-day population composition: S=1117385, E=32476, I=15666, Q=10464, R=53122, D=1830
   - Avg past 21-day inflow: arizona=2338, mississippi=6404182, new mexico=1589, texas=26535, virginia=4680

3. new mexico
   - Avg past 21-day population composition: S=5950581, E=3046, I=707, Q=7836, R=24396, D=188
   - Avg past 21-day inflow: arizona=27389, mississippi=1706, new mexico=3591304, texas=156352, virginia=1724

4. texas
   - Avg past 21-day population composition: S=24371988, E=7830, I=13000, Q=75887, R=340436, D=6684
   - Avg past 21-day inflow: arizona=55736, mississippi=44559, new mexico=142305, texas=56021642, virginia=28664


 Ground truth daily average for next 42-day inbound by origin states; 
From arizona: Inflow =6165.52;
From mississippi: Inflow =4653.07;
From new mexico: Inflow =2203.43;
From texas: Inflow =26190.67;

Please output the recommended traffic control policy in the required JSON format.
2025-12-21 14:16:45,520 - virginia - INFO - Raw agent output:
```json
{
  "arizona": {
      "fractions": [0.1, 0.1, 0.1, 0.2, 0.2, 0.3],
      "notes": "1. Risk interpretation: Arizona has a relatively low number of infected (I) and exposed (E) individuals compared to its population. 2. Quantitative logic: Imported infections are estimated as Flow*ft*(I/population). 3. Pattern: Relaxed-first to allow economic recovery while maintaining some control. 4. Trade-offs: Balancing economic needs with health risks. 5. Validation: 0.1 + 0.1 + 0.1 + 0.2 + 0.2 + 0.3 = 1."
  },
  "mississippi": {
      "fractions": [0.3, 0.2, 0.2, 0.1, 0.1, 0.1],
      "notes": "1. Risk interpretation: Mississippi has a higher proportion of infected (I) and exposed (E) individuals. 2. Quantitative logic: Imported infections are estimated as Flow*ft*(I/population). 3. Pattern: Strict-first to reduce initial exposure. 4. Trade-offs: Stricter control initially to protect public health. 5. Validation: 0.3 + 0.2 + 0.2 + 0.1 + 0.1 + 0.1 = 1."
  },
  "new mexico": {
      "fractions": [0.2, 0.2, 0.2, 0.1, 0.1, 0.2],
      "notes": "1. Risk interpretation: New Mexico has a moderate number of infected (I) and exposed (E) individuals. 2. Quantitative logic: Imported infections are estimated as Flow*ft*(I/population). 3. Pattern: Even distribution to maintain consistent control. 4. Trade-offs: Balanced approach to manage both health and mobility. 5. Validation: 0.2 + 0.2 + 0.2 + 0.1 + 0.1 + 0.2 = 1."
  },
  "texas": {
      "fractions": [0.1, 0.1, 0.2, 0.2, 0.2, 0.2],
      "notes": "1. Risk interpretation: Texas has a significant number of infected (I) and exposed (E) individuals. 2. Quantitative logic: Imported infections are estimated as Flow*ft*(I/population). 3. Pattern: Gradual relaxation to monitor and control spread. 4. Trade-offs: Gradual easing to balance health and economic impacts. 5. Validation: 0.1 + 0.1 + 0.2 + 0.2 + 0.2 + 0.2 = 1."
  },
  "global_guidance": "1. Cross-state reasoning: By implementing stricter controls early on for states with higher infection rates (Mississippi and Texas) and gradually relaxing controls, we can reduce the overall imported infections and deaths in Virginia. 2. Quantitative cooperation logic: The total imported infections are minimized by balancing the risk across all states, ensuring that no single state contributes disproportionately to the spread. 3. Sensitivity reasoning: If the prevalence or transmission rate (beta) changes, the fractions can be adjusted to maintain the same level of control. For example, if the infection rate increases, stricter controls (lower fractions) can be implemented in the early weeks."
}
```
2025-12-21 14:16:45,523 - virginia - INFO - Parsed PolicyResponse: policy={'arizona': [0.1, 0.1, 0.1, 0.2, 0.2, 0.3], 'mississippi': [0.30000000000000004, 0.20000000000000004, 0.20000000000000004, 0.10000000000000002, 0.10000000000000002, 0.0999999999999998], 'new mexico': [0.2, 0.2, 0.2, 0.1, 0.1, 0.2], 'texas': [0.1, 0.1, 0.2, 0.2, 0.2, 0.2]} explanation='1. Cross-state reasoning: By implementing stricter controls early on for states with higher infection rates (Mississippi and Texas) and gradually relaxing controls, we can reduce the overall imported infections and deaths in Virginia. 2. Quantitative cooperation logic: The total imported infections are minimized by balancing the risk across all states, ensuring that no single state contributes disproportionately to the spread. 3. Sensitivity reasoning: If the prevalence or transmission rate (beta) changes, the fractions can be adjusted to maintain the same level of control. For example, if the infection rate increases, stricter controls (lower fractions) can be implemented in the early weeks.'
2025-12-21 14:18:46,283 - virginia - INFO - Region Agent virginia - Iteration 5 / 6: Starting policy decision process.
2025-12-21 14:18:46,359 - virginia - INFO - Region user prompt: For virginia, you will be given the following information:

Epidemic and mobility information of this state are as follows:

SEIRD parameters:
- beta = 0.1916503060909957
- alpha = 0.1636446530789299
- gamma = 0.09065305
- mu = 1.4151452970096705e-06
- delta = 0.68254039242497

Current population composition:
- S = 8170390
- E = 69229
- I = 16316
- Q = 106943
- R = 542934
- D = 2766

Other origin states:
1. arizona
   - Avg past 21-day population composition: S=8863402, E=59383, I=3837, Q=83478, R=103630, D=5120
   - Avg past 21-day inflow: arizona=12775936, mississippi=2801, new mexico=37543, texas=36661, virginia=5441

2. mississippi
   - Avg past 21-day population composition: S=571035, E=29564, I=13267, Q=10558, R=94813, D=2832
   - Avg past 21-day inflow: arizona=2572, mississippi=6474992, new mexico=1049, texas=24300, virginia=3674

3. new mexico
   - Avg past 21-day population composition: S=6699545, E=5839, I=1325, Q=14778, R=52690, D=363
   - Avg past 21-day inflow: arizona=30846, mississippi=1178, new mexico=3611569, texas=177298, virginia=1429

4. texas
   - Avg past 21-day population composition: S=23534268, E=11150, I=18549, Q=107725, R=717074, D=11372
   - Avg past 21-day inflow: arizona=48483, mississippi=42424, new mexico=100157, texas=57587273, virginia=31681


 Ground truth daily average for next 42-day inbound by origin states; 
From arizona: Inflow =6253.24;
From mississippi: Inflow =4430.95;
From new mexico: Inflow =1976.9;
From texas: Inflow =24773.95;

Please output the recommended traffic control policy in the required JSON format.
2025-12-21 14:19:21,396 - virginia - INFO - Raw agent output:
```json
{
  "arizona": {
      "fractions": [0.2, 0.15, 0.15, 0.15, 0.2, 0.15],
      "notes": "1. Risk Interpretation: Arizona has a relatively low number of infected (I) and confirmed (Q) cases compared to its population, but the exposed (E) count is significant. 2. Quantitative Logic: Imported infections ~ Flow * ft * (I/population). 3. Pattern: Strict-first, then relaxed. This pattern aims to reduce initial exposure and gradually increase mobility as the situation stabilizes. 4. Trade-offs: Strict controls initially may reduce economic activity but are necessary to prevent a surge in cases. 5. Validation: 0.2 + 0.15 + 0.15 + 0.15 + 0.2 + 0.15 = 1.0."
  },
  "mississippi": {
      "fractions": [0.15, 0.2, 0.2, 0.2, 0.15, 0.1],
      "notes": "1. Risk Interpretation: Mississippi has a higher proportion of infected (I) and exposed (E) cases relative to its population. 2. Quantitative Logic: Imported infections ~ Flow * ft * (I/population). 3. Pattern: Relaxed-first, then strict. This pattern allows for initial mobility to support economic activities while tightening controls later to manage potential outbreaks. 4. Trade-offs: Early relaxation can boost the economy but requires careful monitoring to avoid a spike in cases. 5. Validation: 0.15 + 0.2 + 0.2 + 0.2 + 0.15 + 0.1 = 1.0."
  },
  "new mexico": {
      "fractions": [0.1, 0.15, 0.2, 0.2, 0.2, 0.15],
      "notes": "1. Risk Interpretation: New Mexico has a low number of infected (I) and confirmed (Q) cases, making it a lower-risk state. 2. Quantitative Logic: Imported infections ~ Flow * ft * (I/population). 3. Pattern: Even distribution. This pattern maintains a balanced approach to mobility and control. 4. Trade-offs: Balanced control minimizes economic disruption while managing the risk of imported infections. 5. Validation: 0.1 + 0.15 + 0.2 + 0.2 + 0.2 + 0.15 = 1.0."
  },
  "texas": {
      "fractions": [0.1, 0.1, 0.15, 0.2, 0.25, 0.2],
      "notes": "1. Risk Interpretation: Texas has a high number of infected (I) and confirmed (Q) cases, making it a high-risk state. 2. Quantitative Logic: Imported infections ~ Flow * ft * (I/population). 3. Pattern: Strict-first, then relaxed. This pattern aims to significantly reduce initial exposure and gradually increase mobility as the situation improves. 4. Trade-offs: Initial strict controls may have economic impacts but are crucial for preventing a major outbreak. 5. Validation: 0.1 + 0.1 + 0.15 + 0.2 + 0.25 + 0.2 = 1.0."
  },
  "global_guidance": "1. Cross-state Reasoning: By implementing a strict-first, then relaxed pattern for high-risk states like Texas and Arizona, and a more balanced approach for lower-risk states like New Mexico, we can collectively reduce the expected imported infections and deaths in Virginia. 2. Quantitative Cooperation Logic: The traffic allocation ensures that the highest risk periods (initial weeks) have the strictest controls, thereby reducing the overall burden on Virginia's healthcare system. 3. Sensitivity Reasoning: If the prevalence or transmission rate (beta) increases, the strict-first pattern will be more effective in minimizing the impact, while a balanced approach can be adjusted to maintain control without severe economic disruption."
}
```
2025-12-21 14:19:21,396 - virginia - INFO - Parsed PolicyResponse: policy={'arizona': [0.2, 0.15, 0.15, 0.15, 0.2, 0.15], 'mississippi': [0.15, 0.2, 0.2, 0.2, 0.15, 0.1], 'new mexico': [0.1, 0.15, 0.2, 0.2, 0.2, 0.15], 'texas': [0.1, 0.1, 0.15, 0.2, 0.25, 0.2]} explanation="1. Cross-state Reasoning: By implementing a strict-first, then relaxed pattern for high-risk states like Texas and Arizona, and a more balanced approach for lower-risk states like New Mexico, we can collectively reduce the expected imported infections and deaths in Virginia. 2. Quantitative Cooperation Logic: The traffic allocation ensures that the highest risk periods (initial weeks) have the strictest controls, thereby reducing the overall burden on Virginia's healthcare system. 3. Sensitivity Reasoning: If the prevalence or transmission rate (beta) increases, the strict-first pattern will be more effective in minimizing the impact, while a balanced approach can be adjusted to maintain control without severe economic disruption."
2025-12-21 14:21:16,171 - virginia - INFO - Region Agent virginia - Iteration 6 / 6: Starting policy decision process.
2025-12-21 14:21:16,171 - virginia - INFO - Region user prompt: For virginia, you will be given the following information:

Epidemic and mobility information of this state are as follows:

SEIRD parameters:
- beta = 0.1916503060909957
- alpha = 0.1636446530789299
- gamma = 0.09065305
- mu = 1.4771661264081724e-08
- delta = 0.68254039242497

Current population composition:
- S = 7736046
- E = 110063
- I = 26248
- Q = 178557
- R = 1080458
- D = 2766

Other origin states:
1. arizona
   - Avg past 21-day population composition: S=8561786, E=116753, I=7561, Q=168986, R=230929, D=5593
   - Avg past 21-day inflow: arizona=13314477, mississippi=2547, new mexico=39134, texas=59093, virginia=6026

2. mississippi
   - Avg past 21-day population composition: S=455616, E=71282, I=27390, Q=16329, R=137670, D=3551
   - Avg past 21-day inflow: arizona=2856, mississippi=6631471, new mexico=795, texas=23795, virginia=3560

3. new mexico
   - Avg past 21-day population composition: S=8202331, E=11972, I=2645, Q=28571, R=107310, D=695
   - Avg past 21-day inflow: arizona=48362, mississippi=688, new mexico=3541362, texas=171454, virginia=1392

4. texas
   - Avg past 21-day population composition: S=21235666, E=18055, I=29959, Q=159717, R=1252858, D=16230
   - Avg past 21-day inflow: arizona=52620, mississippi=41260, new mexico=90630, texas=59397204, virginia=24898


 Ground truth daily average for next 42-day inbound by origin states; 
From arizona: Inflow =6722.12;
From mississippi: Inflow =4244.62;
From new mexico: Inflow =1656.12;
From texas: Inflow =27201.14;

Please output the recommended traffic control policy in the required JSON format.
2025-12-21 14:21:43,745 - virginia - INFO - Raw agent output:
```json
{
  "arizona": {
    "fractions": [0.1, 0.1, 0.1, 0.2, 0.2, 0.3],
    "notes": "1. Risk Interpretation: Arizona has a moderate number of infected (I) and confirmed (Q) cases. 2. Quantitative Logic: Imported infections ~ Flow*ft*(I/population) = 6722.12*ft*(7561/8561786). 3. Pattern: Relaxed-first to allow economic recovery while maintaining some control initially. 4. Trade-offs: Early strict control reduces initial spread, but later relaxation helps maintain mobility. 5. Validation: 0.1 + 0.1 + 0.1 + 0.2 + 0.2 + 0.3 = 1."
  },
  "mississippi": {
    "fractions": [0.3, 0.2, 0.1, 0.1, 0.1, 0.2],
    "notes": "1. Risk Interpretation: Mississippi has a higher proportion of infected (I) and exposed (E) cases relative to its population. 2. Quantitative Logic: Imported infections ~ Flow*ft*(I/population) = 4244.62*ft*(27390/455616). 3. Pattern: Strict-first to mitigate the high initial infection pressure. 4. Trade-offs: Early strict control is crucial to prevent a surge, but gradual relaxation allows for some mobility. 5. Validation: 0.3 + 0.2 + 0.1 + 0.1 + 0.1 + 0.2 = 1."
  },
  "new mexico": {
    "fractions": [0.1, 0.1, 0.2, 0.2, 0.2, 0.2],
    "notes": "1. Risk Interpretation: New Mexico has a lower number of infected (I) and confirmed (Q) cases. 2. Quantitative Logic: Imported infections ~ Flow*ft*(I/population) = 1656.12*ft*(2645/8202331). 3. Pattern: Even distribution to balance control and mobility. 4. Trade-offs: Maintaining a consistent flow helps avoid sudden spikes in cases. 5. Validation: 0.1 + 0.1 + 0.2 + 0.2 + 0.2 + 0.2 = 1."
  },
  "texas": {
    "fractions": [0.2, 0.2, 0.2, 0.1, 0.1, 0.2],
    "notes": "1. Risk Interpretation: Texas has a high number of infected (I) and confirmed (Q) cases. 2. Quantitative Logic: Imported infections ~ Flow*ft*(I/population) = 27201.14*ft*(29959/21235666). 3. Pattern: Even distribution with a slight emphasis on early control. 4. Trade-offs: Balancing strict control with maintaining essential travel. 5. Validation: 0.2 + 0.2 + 0.2 + 0.1 + 0.1 + 0.2 = 1."
  },
  "global_guidance": "1. Cross-state Reasoning: By distributing the traffic controls across states, we aim to reduce the overall imported infections and deaths in Virginia. 2. Quantitative Cooperation Logic: The fractions are designed to balance the infection pressure from each state, ensuring that no single state contributes disproportionately to the spread. 3. Sensitivity Reasoning: If the prevalence or transmission rate (beta) changes, the fractions can be adjusted to maintain the same level of control. For example, if beta increases, stricter controls (lower fractions) can be implemented in the early weeks to mitigate the impact."
}
```
2025-12-21 14:21:43,748 - virginia - INFO - Parsed PolicyResponse: policy={'arizona': [0.1, 0.1, 0.1, 0.2, 0.2, 0.3], 'mississippi': [0.3, 0.2, 0.1, 0.1, 0.1, 0.2], 'new mexico': [0.1, 0.1, 0.2, 0.2, 0.2, 0.2], 'texas': [0.2, 0.2, 0.2, 0.1, 0.1, 0.2]} explanation='1. Cross-state Reasoning: By distributing the traffic controls across states, we aim to reduce the overall imported infections and deaths in Virginia. 2. Quantitative Cooperation Logic: The fractions are designed to balance the infection pressure from each state, ensuring that no single state contributes disproportionately to the spread. 3. Sensitivity Reasoning: If the prevalence or transmission rate (beta) changes, the fractions can be adjusted to maintain the same level of control. For example, if beta increases, stricter controls (lower fractions) can be implemented in the early weeks to mitigate the impact.'
