2025-12-27 11:22:53,201 - iowa - INFO - Region Agent iowa - Iteration 1 / 18: Starting policy decision process.
2025-12-27 11:22:53,201 - iowa - INFO - Region user prompt: For iowa, you will be given the following information:

Epidemic and mobility information of this state are as follows:

SEIRD parameters:
- beta = 0.1419908947343254
- alpha = 0.2395715487587797
- gamma = 0.1
- mu = 0.0
- delta = 1.6363358898317888

Current population composition:
- S = 3150422
- E = 1000
- I = 2000
- Q = 852
- R = 749
- D = 47

Other origin states:
1. alabama
   - Avg past 21-day population composition: S=4890917, E=1500, I=7000, Q=3644, R=28, D=96
   - Avg past 21-day inflow: alabama=6761781, arizona=1733, arkansas=3268, idaho=526, indiana=3839, iowa=1623, kentucky=4859, michigan=3795, minnesota=1831, mississippi=25569, nebraska=658, new mexico=1129, ohio=3861, oklahoma=1963, south carolina=4332, tennessee=26216, texas=14797, utah=680, virginia=4091, wisconsin=2325

2. arizona
   - Avg past 21-day population composition: S=7256094, E=9500, I=9500, Q=3319, R=186, D=118
   - Avg past 21-day inflow: alabama=1667, arizona=9717467, arkansas=2715, idaho=10395, indiana=6477, iowa=12993, kentucky=2501, michigan=11694, minnesota=24358, mississippi=1551, nebraska=7156, new mexico=19529, ohio=6147, oklahoma=5449, south carolina=1415, tennessee=4247, texas=27907, utah=13401, virginia=3665, wisconsin=13323

3. arkansas
   - Avg past 21-day population composition: S=3013459, E=1000, I=2000, Q=938, R=379, D=28
   - Avg past 21-day inflow: alabama=2881, arizona=1892, arkansas=4352370, idaho=358, indiana=1669, iowa=1447, kentucky=1533, michigan=1323, minnesota=655, mississippi=7235, nebraska=1026, new mexico=1199, ohio=2238, oklahoma=22128, south carolina=1063, tennessee=14335, texas=49933, utah=420, virginia=1558, wisconsin=766

4. idaho
   - Avg past 21-day population composition: S=1778649, E=5500, I=1500, Q=1268, R=117, D=31
   - Avg past 21-day inflow: alabama=431, arizona=5427, arkansas=333, idaho=2235913, indiana=822, iowa=1469, kentucky=470, michigan=548, minnesota=803, mississippi=901, nebraska=1606, new mexico=1175, ohio=1058, oklahoma=587, south carolina=411, tennessee=862, texas=4487, utah=16635, virginia=685, wisconsin=548

5. indiana
   - Avg past 21-day population composition: S=6721076, E=1500, I=1500, Q=7626, R=52, D=465
   - Avg past 21-day inflow: alabama=3468, arizona=3438, arkansas=3376, idaho=429, indiana=9016313, iowa=3515, kentucky=48335, michigan=29823, minnesota=2302, mississippi=1673, nebraska=1765, new mexico=1304, ohio=40414, oklahoma=2701, south carolina=2148, tennessee=9117, texas=10053, utah=859, virginia=3131, wisconsin=5433

6. kentucky
   - Avg past 21-day population composition: S=4459183, E=3500, I=3000, Q=1350, R=535, D=105
   - Avg past 21-day inflow: alabama=4466, arizona=1148, arkansas=2485, idaho=298, indiana=39525, iowa=1053, kentucky=6095824, michigan=2768, minnesota=786, mississippi=2469, nebraska=707, new mexico=1038, ohio=50849, oklahoma=1635, south carolina=3381, tennessee=38754, texas=6291, utah=723, virginia=4514, wisconsin=2422

7. michigan
   - Avg past 21-day population composition: S=9959918, E=1000, I=1000, Q=22959, R=440, D=1540
   - Avg past 21-day inflow: alabama=2858, arizona=4842, arkansas=2858, idaho=874, indiana=34751, iowa=2303, kentucky=5615, michigan=12500044, minnesota=2975, mississippi=1059, nebraska=1328, new mexico=1614, ohio=45764, oklahoma=1714, south carolina=3261, tennessee=6758, texas=10709, utah=1395, virginia=4068, wisconsin=10743

8. minnesota
   - Avg past 21-day population composition: S=5635511, E=1000, I=1500, Q=653, R=892, D=76
   - Avg past 21-day inflow: alabama=843, arizona=3287, arkansas=1135, idaho=395, indiana=2426, iowa=14646, kentucky=1187, michigan=2615, minnesota=6573004, mississippi=705, nebraska=3665, new mexico=998, ohio=3648, oklahoma=1841, south carolina=1307, tennessee=2030, texas=6109, utah=1067, virginia=963, wisconsin=44144

9. mississippi
   - Avg past 21-day population composition: S=2969788, E=2000, I=1500, Q=2463, R=301, D=97
   - Avg past 21-day inflow: alabama=29278, arizona=1194, arkansas=10584, idaho=402, indiana=1797, iowa=1055, kentucky=2036, michigan=1231, minnesota=452, mississippi=3987236, nebraska=502, new mexico=942, ohio=2212, oklahoma=2426, south carolina=1860, tennessee=39021, texas=18479, utah=565, virginia=2401, wisconsin=917

10. nebraska
   - Avg past 21-day population composition: S=1931106, E=1000, I=1500, Q=769, R=14, D=19
   - Avg past 21-day inflow: alabama=579, arizona=1414, arkansas=875, idaho=498, indiana=983, iowa=27689, kentucky=565, michigan=511, minnesota=2882, mississippi=498, nebraska=2367839, new mexico=632, ohio=1158, oklahoma=1885, south carolina=269, tennessee=1212, texas=4403, utah=646, virginia=363, wisconsin=1050

11. new mexico
   - Avg past 21-day population composition: S=2092576, E=1000, I=2000, Q=959, R=265, D=29
   - Avg past 21-day inflow: alabama=1589, arizona=14511, arkansas=1635, idaho=724, indiana=794, iowa=817, kentucky=677, michigan=1051, minnesota=1121, mississippi=1425, nebraska=1285, new mexico=2776969, ohio=1168, oklahoma=5795, south carolina=607, tennessee=1378, texas=84217, utah=2593, virginia=1004, wisconsin=817

12. ohio
   - Avg past 21-day population composition: S=11679311, E=1000, I=2000, Q=6365, R=43, D=381
   - Avg past 21-day inflow: alabama=3923, arizona=3688, arkansas=2672, idaho=734, indiana=45187, iowa=3172, kentucky=56253, michigan=39060, minnesota=1828, mississippi=2297, nebraska=1703, new mexico=1641, ohio=16030434, oklahoma=3032, south carolina=6064, tennessee=14035, texas=12222, utah=1469, virginia=8127, wisconsin=3860

13. oklahoma
   - Avg past 21-day population composition: S=3952452, E=1500, I=1000, Q=911, R=1011, D=97
   - Avg past 21-day inflow: alabama=2490, arizona=2640, arkansas=28383, idaho=691, indiana=1785, iowa=2037, kentucky=1219, michigan=880, minnesota=918, mississippi=2351, nebraska=1760, new mexico=3747, ohio=2389, oklahoma=5642816, south carolina=616, tennessee=2615, texas=85126, utah=1006, virginia=1408, wisconsin=716

14. south carolina
   - Avg past 21-day population composition: S=5129359, E=9000, I=7000, Q=2604, R=658, D=93
   - Avg past 21-day inflow: alabama=5167, arizona=1850, arkansas=1603, idaho=356, indiana=2480, iowa=1192, kentucky=3590, michigan=3357, minnesota=1041, mississippi=2138, nebraska=685, new mexico=561, ohio=7702, oklahoma=1192, south carolina=6777040, tennessee=8730, texas=6894, utah=644, virginia=10882, wisconsin=1548

15. tennessee
   - Avg past 21-day population composition: S=6820676, E=2000, I=1000, Q=3806, R=1587, D=105
   - Avg past 21-day inflow: alabama=31117, arizona=3230, arkansas=17766, idaho=484, indiana=8842, iowa=2247, kentucky=38210, michigan=4199, minnesota=1884, mississippi=37416, nebraska=1319, new mexico=1547, ohio=8546, oklahoma=3459, south carolina=8304, tennessee=8763649, texas=16097, utah=874, virginia=22342, wisconsin=2247

16. texas
   - Avg past 21-day population composition: S=28983291, E=1500, I=1000, Q=7619, R=2141, D=330
   - Avg past 21-day inflow: alabama=18340, arizona=22661, arkansas=49977, idaho=3973, indiana=12074, iowa=12782, kentucky=7530, michigan=10392, minnesota=10462, mississippi=24412, nebraska=7878, new mexico=47170, ohio=16422, oklahoma=88937, south carolina=6627, tennessee=19896, texas=39820832, utah=7225, virginia=11782, wisconsin=9656

17. utah
   - Avg past 21-day population composition: S=3201625, E=1000, I=1000, Q=2186, R=132, D=15
   - Avg past 21-day inflow: alabama=1134, arizona=14261, arkansas=997, idaho=19602, indiana=1447, iowa=1721, kentucky=1056, michigan=919, minnesota=997, mississippi=743, nebraska=2582, new mexico=2699, ohio=1975, oklahoma=1643, south carolina=684, tennessee=2015, texas=11738, utah=4083408, virginia=1721, wisconsin=684

18. virginia
   - Avg past 21-day population composition: S=8514509, E=8500, I=7000, Q=4825, R=540, D=145
   - Avg past 21-day inflow: alabama=5760, arizona=3171, arkansas=2770, idaho=492, indiana=4867, iowa=1348, kentucky=5997, michigan=3755, minnesota=1039, mississippi=2260, nebraska=729, new mexico=1385, ohio=8822, oklahoma=2242, south carolina=14929, tennessee=29129, texas=13780, utah=1093, virginia=11423959, wisconsin=1914

19. wisconsin
   - Avg past 21-day population composition: S=5816050, E=2000, I=1000, Q=2956, R=279, D=149
   - Avg past 21-day inflow: alabama=1288, arizona=3847, arkansas=1497, idaho=626, indiana=5623, iowa=12255, kentucky=1967, michigan=10932, minnesota=44497, mississippi=1027, nebraska=1444, new mexico=853, ohio=3812, oklahoma=2210, south carolina=1253, tennessee=3446, texas=7102, utah=696, virginia=2872, wisconsin=7368227

Please output the recommended traffic control policy in the required JSON format.
2025-12-27 11:22:53,645 - iowa - INFO - Raw agent output:

2025-12-27 11:22:53,646 - iowa - INFO - Parsed PolicyResponse: policy={} explanation=''
