2025-12-25 02:54:47,353 - mississippi - INFO - Region Agent mississippi - Iteration 1 / 18: Starting policy decision process.
2025-12-25 02:54:47,354 - mississippi - INFO - Region user prompt: For mississippi, you will be given the following information:

Epidemic and mobility information of this state are as follows:

SEIRD parameters:
- beta = 0.1777045562951643
- alpha = 0.0557887604960571
- gamma = 0.1
- mu = 0.0
- delta = 0.0671164839606214

Current population composition:
- S = 2970629
- E = 906
- I = 1753
- Q = 2463
- R = 301
- D = 97

Other origin states:
1. arizona
   - Avg past 21-day population composition: S=7272180, E=1952, I=962, Q=3319, R=186, D=118
   - Avg past 21-day inflow: arizona=9717467, mississippi=1551, new mexico=19529, texas=27907, virginia=3665

2. new mexico
   - Avg past 21-day population composition: S=2093484, E=816, I=1276, Q=959, R=265, D=29
   - Avg past 21-day inflow: arizona=14511, mississippi=1425, new mexico=2776969, texas=84217, virginia=1004

3. texas
   - Avg past 21-day population composition: S=28984537, E=927, I=327, Q=7619, R=2141, D=330
   - Avg past 21-day inflow: arizona=22661, mississippi=24412, new mexico=47170, texas=39820832, virginia=11782

4. virginia
   - Avg past 21-day population composition: S=8524995, E=1825, I=3189, Q=4825, R=540, D=145
   - Avg past 21-day inflow: arizona=3171, mississippi=2260, new mexico=1385, texas=13780, virginia=11423959

Please output the recommended traffic control policy in the required JSON format.
2025-12-25 02:54:59,922 - mississippi - INFO - Raw agent output:
{
  "weekly_policy": {
    "restricted_state": "arizona"
  },
  "global_guidance": "The infectious density of arizona is relatively high with (E+I)/Population = 0.2681, which poses a significant risk to mississippi. By implementing a targeted inbound screening policy for arizona, we can detect and convert a substantial number of 'hidden infections' (E and I) into Q-status, thereby reducing the potential for disease importation. This strategy is particularly effective given the relatively low infectious density of mississippi itself. Additionally, arizona's high inflow into mississippi (9717467) makes it a high-priority target for control. In contrast, the other origin states, while also posing some risk, have lower inflows and infectious densities, making arizona the most critical source to target."
}
2025-12-25 02:54:59,923 - mississippi - INFO - Parsed PolicyResponse: policy={'arizona': [0.5, 0.5]} explanation="The infectious density of arizona is relatively high with (E+I)/Population = 0.2681, which poses a significant risk to mississippi. By implementing a targeted inbound screening policy for arizona, we can detect and convert a substantial number of 'hidden infections' (E and I) into Q-status, thereby reducing the potential for disease importation. This strategy is particularly effective given the relatively low infectious density of mississippi itself. Additionally, arizona's high inflow into mississippi (9717467) makes it a high-priority target for control. In contrast, the other origin states, while also posing some risk, have lower inflows and infectious densities, making arizona the most critical source to target."
2025-12-25 02:55:54,325 - mississippi - INFO - Region Agent mississippi - Iteration 2 / 18: Starting policy decision process.
2025-12-25 02:55:54,326 - mississippi - INFO - Region user prompt: For mississippi, you will be given the following information:

Epidemic and mobility information of this state are as follows:

SEIRD parameters:
- beta = 0.1777045562951643
- alpha = 0.0557887604960571
- gamma = 0.090291905
- mu = 0.0035001206694907656
- delta = 0.0671164839606214

Current population composition:
- S = 2873586
- E = 4813
- I = 2189
- Q = 1621
- R = 2694
- D = 195

Other origin states:
1. arizona
   - Avg past 21-day population composition: S=7365717, E=2857, I=185, Q=4823, R=518, D=202
   - Avg past 21-day inflow: arizona=11371640, mississippi=1616, new mexico=25816, texas=33181, virginia=3902

2. new mexico
   - Avg past 21-day population composition: S=2396030, E=717, I=154, Q=2143, R=1204, D=35
   - Avg past 21-day inflow: arizona=18891, mississippi=1902, new mexico=3323857, texas=117318, virginia=1118

3. texas
   - Avg past 21-day population composition: S=28614316, E=797, I=1239, Q=9292, R=5201, D=446
   - Avg past 21-day inflow: arizona=27201, mississippi=31103, new mexico=69252, texas=48379264, virginia=15325

4. virginia
   - Avg past 21-day population composition: S=8525936, E=4060, I=988, Q=6796, R=4750, D=358
   - Avg past 21-day inflow: arizona=3345, mississippi=3005, new mexico=1552, texas=16423, virginia=13217229

Please output the recommended traffic control policy in the required JSON format.
2025-12-25 02:56:07,242 - mississippi - INFO - Raw agent output:
{
  "weekly_policy": {
    "restricted_state": "arizona"
  },
  "global_guidance": "By implementing a Targeted Inbound Screening policy targeting Arizona, we aim to minimize the cumulative confirmed cases and deaths in Mississippi. The 'Source Risk Profile' evaluation reveals that Arizona has a higher 'Infectious Density' (E+I)/Population compared to other origin states, posing a significant threat to Mississippi's population. The 'Detection Utility' of the screening policy is estimated to capture and convert around 90% of 'Hidden Infections' (E and I) into Q-status, effectively reducing the 'hidden' infectious population entering the community. Furthermore, targeting Arizona allows for coordination with other agents, as it is an obvious high-risk state. By doing so, we can effectively reduce the systemic risks of disease importation and minimize the cumulative confirmed cases and deaths in Mississippi."
}
2025-12-25 02:56:07,242 - mississippi - INFO - Parsed PolicyResponse: policy={'arizona': [0.5, 0.5]} explanation="By implementing a Targeted Inbound Screening policy targeting Arizona, we aim to minimize the cumulative confirmed cases and deaths in Mississippi. The 'Source Risk Profile' evaluation reveals that Arizona has a higher 'Infectious Density' (E+I)/Population compared to other origin states, posing a significant threat to Mississippi's population. The 'Detection Utility' of the screening policy is estimated to capture and convert around 90percent of 'Hidden Infections' (E and I) into Q-status, effectively reducing the 'hidden' infectious population entering the community. Furthermore, targeting Arizona allows for coordination with other agents, as it is an obvious high-risk state. By doing so, we can effectively reduce the systemic risks of disease importation and minimize the cumulative confirmed cases and deaths in Mississippi."
2025-12-25 02:57:06,592 - mississippi - INFO - Region Agent mississippi - Iteration 3 / 18: Starting policy decision process.
2025-12-25 02:57:06,593 - mississippi - INFO - Region user prompt: For mississippi, you will be given the following information:

Epidemic and mobility information of this state are as follows:

SEIRD parameters:
- beta = 0.1777045562951643
- alpha = 0.0557887604960571
- gamma = 0.090291905
- mu = 0.0034500205415555043
- delta = 0.0671164839606214

Current population composition:
- S = 2776972
- E = 8108
- I = 3825
- Q = 2057
- R = 4895
- D = 282

Other origin states:
1. arizona
   - Avg past 21-day population composition: S=7519902, E=4010, I=255, Q=6095, R=1231, D=360
   - Avg past 21-day inflow: arizona=11633875, mississippi=1614, new mexico=28282, texas=35167, virginia=3673

2. new mexico
   - Avg past 21-day population composition: S=2829350, E=658, I=139, Q=2092, R=2608, D=46
   - Avg past 21-day inflow: arizona=19789, mississippi=1821, new mexico=3427556, texas=124957, virginia=1199

3. texas
   - Avg past 21-day population composition: S=28080591, E=1097, I=1708, Q=12524, R=11574, D=661
   - Avg past 21-day inflow: arizona=28967, mississippi=32701, new mexico=75115, texas=51352865, virginia=15964

4. virginia
   - Avg past 21-day population composition: S=8518236, E=5240, I=1222, Q=7602, R=11559, D=670
   - Avg past 21-day inflow: arizona=3556, mississippi=2877, new mexico=1594, texas=16543, virginia=13637675

Please output the recommended traffic control policy in the required JSON format.
2025-12-25 02:57:23,443 - mississippi - INFO - Raw agent output:
{
  "weekly_policy": {
    "restricted_state": "arizona"
  },
  "global_guidance": "For the next 2-week horizon, I recommend implementing a Targeted Inbound Screening policy, focusing on Arizona. Arizona's infectious density is significantly higher than the other origin states, with an exposed population share of 0.053% and an infected population share of 0.0034%. This high risk is attributed to its past 21-day average of 4010 exposed individuals and 255 infected individuals. By targeting Arizona, we can effectively identify and move individuals from the Exposed (E) and Infected (I) compartments directly into the Confirmed (Q) compartment upon arrival, significantly reducing the 'hidden' infectious population entering Mississippi. This policy will minimize cumulative confirmed cases and deaths in Mississippi while considering the systemic risks of disease importation. The coordination aspect of this policy is also important, as it addresses a significant source of infection and fills a gap in regional defense. The competition aspect is low, as the other origin states have lower infectious densities and are not a significant source of infection. Overall, this policy is expected to have a positive impact on disease spread in Mississippi."
}
2025-12-25 02:57:23,445 - mississippi - INFO - Parsed PolicyResponse: policy={'arizona': [0.5, 0.5]} explanation="For the next 2-week horizon, I recommend implementing a Targeted Inbound Screening policy, focusing on Arizona. Arizona's infectious density is significantly higher than the other origin states, with an exposed population share of 0.053percent and an infected population share of 0.0034percent. This high risk is attributed to its past 21-day average of 4010 exposed individuals and 255 infected individuals. By targeting Arizona, we can effectively identify and move individuals from the Exposed (E) and Infected (I) compartments directly into the Confirmed (Q) compartment upon arrival, significantly reducing the 'hidden' infectious population entering Mississippi. This policy will minimize cumulative confirmed cases and deaths in Mississippi while considering the systemic risks of disease importation. The coordination aspect of this policy is also important, as it addresses a significant source of infection and fills a gap in regional defense. The competition aspect is low, as the other origin states have lower infectious densities and are not a significant source of infection. Overall, this policy is expected to have a positive impact on disease spread in Mississippi."
2025-12-25 02:58:27,110 - mississippi - INFO - Region Agent mississippi - Iteration 4 / 18: Starting policy decision process.
2025-12-25 02:58:27,111 - mississippi - INFO - Region user prompt: For mississippi, you will be given the following information:

Epidemic and mobility information of this state are as follows:

SEIRD parameters:
- beta = 0.1777045562951643
- alpha = 0.0557887604960571
- gamma = 0.090291905
- mu = 0.003366272675632136
- delta = 0.0671164839606214

Current population composition:
- S = 2613301
- E = 12618
- I = 6009
- Q = 3233
- R = 8127
- D = 404

Other origin states:
1. arizona
   - Avg past 21-day population composition: S=7722692, E=5666, I=361, Q=8231, R=2731, D=648
   - Avg past 21-day inflow: arizona=12334093, mississippi=1920, new mexico=30253, texas=41317, virginia=3797

2. new mexico
   - Avg past 21-day population composition: S=3426610, E=679, I=140, Q=2029, R=4424, D=60
   - Avg past 21-day inflow: arizona=23793, mississippi=1984, new mexico=3538501, texas=136934, virginia=1155

3. texas
   - Avg past 21-day population composition: S=27330034, E=1411, I=2208, Q=16601, R=24344, D=1033
   - Avg past 21-day inflow: arizona=33250, mississippi=38622, new mexico=84392, texas=54356274, virginia=17393

4. virginia
   - Avg past 21-day population composition: S=8530437, E=6637, I=1552, Q=9559, R=22293, D=1099
   - Avg past 21-day inflow: arizona=4434, mississippi=3671, new mexico=1716, texas=19791, virginia=14133151

Please output the recommended traffic control policy in the required JSON format.
2025-12-25 02:58:38,667 - mississippi - INFO - Raw agent output:
{
  "weekly_policy": {
    "restricted_state": "arizona"
  },
  "global_guidance": "Our analysis indicates that the highest infectious density originates from Arizona, with an exposed and infected population ratio of (E+I)/Population = 0.00073. The detection utility of the targeted screening is estimated to capture 3000-4000 hidden infections, significantly reducing the risk of disease spread. By restricting inbound traffic from Arizona, we can effectively fill a gap in regional defense while minimizing the overall cumulative confirmed cases and deaths in Mississippi. Additionally, Arizona's past 14-day averages of S, E, I, Q, R, and D reveal a relatively high number of confirmed cases and inflow into Mississippi, making it a prime target for targeted screening."
}
2025-12-25 02:58:38,668 - mississippi - INFO - Parsed PolicyResponse: policy={'arizona': [0.5, 0.5]} explanation="Our analysis indicates that the highest infectious density originates from Arizona, with an exposed and infected population ratio of (E+I)/Population = 0.00073. The detection utility of the targeted screening is estimated to capture 3000-4000 hidden infections, significantly reducing the risk of disease spread. By restricting inbound traffic from Arizona, we can effectively fill a gap in regional defense while minimizing the overall cumulative confirmed cases and deaths in Mississippi. Additionally, Arizona's past 14-day averages of S, E, I, Q, R, and D reveal a relatively high number of confirmed cases and inflow into Mississippi, making it a prime target for targeted screening."
2025-12-25 02:59:19,277 - mississippi - INFO - Region Agent mississippi - Iteration 5 / 18: Starting policy decision process.
2025-12-25 02:59:19,277 - mississippi - INFO - Region user prompt: For mississippi, you will be given the following information:

Epidemic and mobility information of this state are as follows:

SEIRD parameters:
- beta = 0.1777045562951643
- alpha = 0.0557887604960571
- gamma = 0.090291905
- mu = 0.00325136592763443
- delta = 0.0671164839606214

Current population composition:
- S = 2444069
- E = 18593
- I = 8863
- Q = 4888
- R = 13120
- D = 586

Other origin states:
1. arizona
   - Avg past 21-day population composition: S=7917179, E=7522, I=481, Q=10813, R=5128, D=1032
   - Avg past 21-day inflow: arizona=12544263, mississippi=2480, new mexico=36541, texas=52438, virginia=4525

2. new mexico
   - Avg past 21-day population composition: S=4137352, E=781, I=161, Q=2108, R=6232, D=74
   - Avg past 21-day inflow: arizona=30727, mississippi=2180, new mexico=3593103, texas=158164, virginia=1190

3. texas
   - Avg past 21-day population composition: S=26455422, E=1916, I=3037, Q=20299, R=42537, D=1491
   - Avg past 21-day inflow: arizona=42323, mississippi=47996, new mexico=101339, texas=56028179, virginia=21124

4. virginia
   - Avg past 21-day population composition: S=8600868, E=8336, I=1948, Q=12090, R=35854, D=1521
   - Avg past 21-day inflow: arizona=5988, mississippi=4364, new mexico=2080, texas=25397, virginia=14398916

Please output the recommended traffic control policy in the required JSON format.
2025-12-25 02:59:34,051 - mississippi - INFO - Raw agent output:
{
  "weekly_policy": {
    "restricted_state": "arizona"
  },
  "global_guidance": "For the next 2-week horizon, we recommend implementing a Targeted Inbound Screening policy, restricting inbound traffic from Arizona. Arizona has the highest Infectious Density (E+I)/Population of the origin states, with a value of 0.0101. This suggests a higher risk of disease importation. The Targeted Inbound Screening policy will detect and convert a significant proportion of 'Hidden Infections' (E and I) into Q-status individuals, reducing the hidden infectious population entering Mississippi. This policy minimizes the cumulative confirmed cases and deaths in Mississippi while considering the systemic risks of disease importation. We do not target a secondary source to fill a gap in regional defense, as Arizona's high Infectious Density and large average daily inbound flow into Mississippi justify a focused intervention. The policy will remain effective for the next 14 days, after which we will reassess the situation and adjust our strategy accordingly."
}
2025-12-25 02:59:34,052 - mississippi - INFO - Parsed PolicyResponse: policy={'arizona': [0.5, 0.5]} explanation="For the next 2-week horizon, we recommend implementing a Targeted Inbound Screening policy, restricting inbound traffic from Arizona. Arizona has the highest Infectious Density (E+I)/Population of the origin states, with a value of 0.0101. This suggests a higher risk of disease importation. The Targeted Inbound Screening policy will detect and convert a significant proportion of 'Hidden Infections' (E and I) into Q-status individuals, reducing the hidden infectious population entering Mississippi. This policy minimizes the cumulative confirmed cases and deaths in Mississippi while considering the systemic risks of disease importation. We do not target a secondary source to fill a gap in regional defense, as Arizona's high Infectious Density and large average daily inbound flow into Mississippi justify a focused intervention. The policy will remain effective for the next 14 days, after which we will reassess the situation and adjust our strategy accordingly."
2025-12-25 03:00:25,669 - mississippi - INFO - Region Agent mississippi - Iteration 6 / 18: Starting policy decision process.
2025-12-25 03:00:25,670 - mississippi - INFO - Region user prompt: For mississippi, you will be given the following information:

Epidemic and mobility information of this state are as follows:

SEIRD parameters:
- beta = 0.1777045562951643
- alpha = 0.0557887604960571
- gamma = 0.090291905
- mu = 0.0031086466218188174
- delta = 0.0671164839606214

Current population composition:
- S = 2203542
- E = 25864
- I = 12342
- Q = 7104
- R = 20547
- D = 848

Other origin states:
1. arizona
   - Avg past 21-day population composition: S=8106730, E=9715, I=622, Q=13861, R=8645, D=1507
   - Avg past 21-day inflow: arizona=12721796, mississippi=2607, new mexico=38678, texas=56414, virginia=5493

2. new mexico
   - Avg past 21-day population composition: S=4759901, E=874, I=197, Q=2403, R=8201, D=88
   - Avg past 21-day inflow: arizona=31247, mississippi=1954, new mexico=3714782, texas=160356, virginia=1318

3. texas
   - Avg past 21-day population composition: S=25686659, E=2259, I=3639, Q=24749, R=67362, D=2041
   - Avg past 21-day inflow: arizona=48951, mississippi=52561, new mexico=115020, texas=58274699, virginia=25244

4. virginia
   - Avg past 21-day population composition: S=8648884, E=10639, I=2497, Q=15422, R=53050, D=1893
   - Avg past 21-day inflow: arizona=6406, mississippi=4702, new mexico=2088, texas=25749, virginia=15056158

Please output the recommended traffic control policy in the required JSON format.
2025-12-25 03:00:37,238 - mississippi - INFO - Raw agent output:
{
  "weekly_policy": {
    "restricted_state": "arizona"
  },
  "global_guidance": "The infectious density of arizona is the highest among the origin states, with (E+I)/Population = 0.0012. The detection utility of the targeted screening is estimated to be 90% effective in capturing the hidden infections, which is substantial considering the current population composition in mississippi. Implementing a targeted inbound screening policy for arizona could help mitigate the spread of the disease by reducing the number of infected individuals entering the state. Furthermore, arizona's past 14-day average daily inbound flow into mississippi is relatively high, which justifies targeting this state to fill a gap in regional defense. The policy will be in effect for the next 14 days, after which the effectiveness will be reassessed."
}
2025-12-25 03:00:37,239 - mississippi - INFO - Parsed PolicyResponse: policy={'arizona': [0.5, 0.5]} explanation="The infectious density of arizona is the highest among the origin states, with (E+I)/Population = 0.0012. The detection utility of the targeted screening is estimated to be 90percent effective in capturing the hidden infections, which is substantial considering the current population composition in mississippi. Implementing a targeted inbound screening policy for arizona could help mitigate the spread of the disease by reducing the number of infected individuals entering the state. Furthermore, arizona's past 14-day average daily inbound flow into mississippi is relatively high, which justifies targeting this state to fill a gap in regional defense. The policy will be in effect for the next 14 days, after which the effectiveness will be reassessed."
2025-12-25 03:01:31,192 - mississippi - INFO - Region Agent mississippi - Iteration 7 / 18: Starting policy decision process.
2025-12-25 03:01:31,193 - mississippi - INFO - Region user prompt: For mississippi, you will be given the following information:

Epidemic and mobility information of this state are as follows:

SEIRD parameters:
- beta = 0.1777045562951643
- alpha = 0.0557887604960571
- gamma = 0.090291905
- mu = 0.002942156764606069
- delta = 0.0671164839606214

Current population composition:
- S = 1842377
- E = 32589
- I = 15571
- Q = 9580
- R = 30965
- D = 1196

Other origin states:
1. arizona
   - Avg past 21-day population composition: S=8303114, E=12385, I=793, Q=17506, R=13489, D=2045
   - Avg past 21-day inflow: arizona=12691405, mississippi=2443, new mexico=41259, texas=57130, virginia=6387

2. new mexico
   - Avg past 21-day population composition: S=5166758, E=979, I=227, Q=2802, R=10484, D=102
   - Avg past 21-day inflow: arizona=30278, mississippi=1651, new mexico=3781302, texas=162187, virginia=1534

3. texas
   - Avg past 21-day population composition: S=25246152, E=2327, I=3705, Q=26021, R=97630, D=2645
   - Avg past 21-day inflow: arizona=49809, mississippi=60331, new mexico=132778, texas=57497200, virginia=26942

4. virginia
   - Avg past 21-day population composition: S=8645223, E=13585, I=3181, Q=19863, R=75135, D=2191
   - Avg past 21-day inflow: arizona=5763, mississippi=5376, new mexico=2165, texas=28512, virginia=15378004

Please output the recommended traffic control policy in the required JSON format.
2025-12-25 03:01:45,529 - mississippi - INFO - Raw agent output:
{
  "weekly_policy": {
    "restricted_state": "arizona"
  },
  "global_guidance": "Based on the given SEIRD parameters and the current population composition of mississippi, I have decided to implement a Targeted Inbound Screening policy targeting arizona as the origin state. This decision is based on the 'Source Risk Profile', which indicates that arizona has a higher Infectious Density (E+I)/Population compared to the other origin states. The 'Detection Utility' of this screening is high, as it will effectively identify and move individuals from the Exposed (E) and Infected (I) compartments directly into the Confirmed (Q) compartment upon arrival, significantly reducing the 'hidden' infectious population entering mississippi. This policy aims to minimize cumulative confirmed cases and deaths in mississippi while considering the systemic risks of disease importation. Additionally, targeting arizona fills a gap in regional defense, as it is not the 'obvious' high-risk state, making it a strategic decision to reduce the risk of disease spread."
}
2025-12-25 03:01:45,530 - mississippi - INFO - Parsed PolicyResponse: policy={'arizona': [0.5, 0.5]} explanation="Based on the given SEIRD parameters and the current population composition of mississippi, I have decided to implement a Targeted Inbound Screening policy targeting arizona as the origin state. This decision is based on the 'Source Risk Profile', which indicates that arizona has a higher Infectious Density (E+I)/Population compared to the other origin states. The 'Detection Utility' of this screening is high, as it will effectively identify and move individuals from the Exposed (E) and Infected (I) compartments directly into the Confirmed (Q) compartment upon arrival, significantly reducing the 'hidden' infectious population entering mississippi. This policy aims to minimize cumulative confirmed cases and deaths in mississippi while considering the systemic risks of disease importation. Additionally, targeting arizona fills a gap in regional defense, as it is not the 'obvious' high-risk state, making it a strategic decision to reduce the risk of disease spread."
2025-12-25 03:02:36,467 - mississippi - INFO - Region Agent mississippi - Iteration 8 / 18: Starting policy decision process.
2025-12-25 03:02:36,467 - mississippi - INFO - Region user prompt: For mississippi, you will be given the following information:

Epidemic and mobility information of this state are as follows:

SEIRD parameters:
- beta = 0.1777045562951643
- alpha = 0.0557887604960571
- gamma = 0.090291905
- mu = 0.00275644422805234
- delta = 0.0671164839606214

Current population composition:
- S = 1436735
- E = 36506
- I = 17498
- Q = 11575
- R = 44273
- D = 1615

Other origin states:
1. arizona
   - Avg past 21-day population composition: S=8586180, E=15979, I=1037, Q=22151, R=19907, D=2611
   - Avg past 21-day inflow: arizona=12227260, mississippi=2819, new mexico=41834, texas=54141, virginia=6789

2. new mexico
   - Avg past 21-day population composition: S=5244047, E=1201, I=260, Q=3204, R=13119, D=116
   - Avg past 21-day inflow: arizona=26540, mississippi=1570, new mexico=3686705, texas=149098, virginia=1704

3. texas
   - Avg past 21-day population composition: S=25135797, E=2450, I=3931, Q=26339, R=130189, D=3233
   - Avg past 21-day inflow: arizona=49331, mississippi=63448, new mexico=132369, texas=55946397, virginia=28822

4. virginia
   - Avg past 21-day population composition: S=8638815, E=17429, I=4103, Q=25484, R=103480, D=2404
   - Avg past 21-day inflow: arizona=5547, mississippi=6108, new mexico=2484, texas=29795, virginia=15359071

Please output the recommended traffic control policy in the required JSON format.
2025-12-25 03:02:51,073 - mississippi - INFO - Raw agent output:
{
  "weekly_policy": {
    "restricted_state": "arizona"
  },
  "global_guidance": "Given the provided data, we will focus on implementing a Targeted Inbound Screening policy to slow disease spread in Mississippi. Our analysis reveals that Arizona poses the highest risk due to its relatively high Infectious Density (E+I)/Population of 0.00186, which is significantly higher than the other origin states. This indicates a higher probability of disease importation. The Detection Utility of the screening policy is estimated to capture a substantial number of 'Hidden Infections', thus reducing the risk of undetected disease transmission. Additionally, targeting Arizona allows for coordination with other agents, as it is likely to be an important source of disease importation for multiple states. Therefore, we recommend restricting inbound traffic from Arizona for the next 14 days, with a rigorous 90% screening mandate, to minimize the cumulative confirmed cases and deaths in Mississippi while considering systemic risks of disease importation."
}
2025-12-25 03:02:51,073 - mississippi - INFO - Parsed PolicyResponse: policy={'arizona': [0.5, 0.5]} explanation="Given the provided data, we will focus on implementing a Targeted Inbound Screening policy to slow disease spread in Mississippi. Our analysis reveals that Arizona poses the highest risk due to its relatively high Infectious Density (E+I)/Population of 0.00186, which is significantly higher than the other origin states. This indicates a higher probability of disease importation. The Detection Utility of the screening policy is estimated to capture a substantial number of 'Hidden Infections', thus reducing the risk of undetected disease transmission. Additionally, targeting Arizona allows for coordination with other agents, as it is likely to be an important source of disease importation for multiple states. Therefore, we recommend restricting inbound traffic from Arizona for the next 14 days, with a rigorous 90percent screening mandate, to minimize the cumulative confirmed cases and deaths in Mississippi while considering systemic risks of disease importation."
2025-12-25 03:03:48,795 - mississippi - INFO - Region Agent mississippi - Iteration 9 / 18: Starting policy decision process.
2025-12-25 03:03:48,796 - mississippi - INFO - Region user prompt: For mississippi, you will be given the following information:

Epidemic and mobility information of this state are as follows:

SEIRD parameters:
- beta = 0.1777045562951643
- alpha = 0.0557887604960571
- gamma = 0.090291905
- mu = 0.0025563573169277358
- delta = 0.0671164839606214

Current population composition:
- S = 1152262
- E = 38797
- I = 18763
- Q = 12958
- R = 59743
- D = 2070

Other origin states:
1. arizona
   - Avg past 21-day population composition: S=8805504, E=20534, I=1319, Q=28258, R=28314, D=3172
   - Avg past 21-day inflow: arizona=12326316, mississippi=2415, new mexico=34721, texas=49757, virginia=6475

2. new mexico
   - Avg past 21-day population composition: S=5324855, E=1412, I=314, Q=3765, R=16162, D=132
   - Avg past 21-day inflow: arizona=25111, mississippi=1408, new mexico=3618932, texas=142786, virginia=1914

3. texas
   - Avg past 21-day population composition: S=25097860, E=2576, I=4165, Q=26949, R=164546, D=3800
   - Avg past 21-day inflow: arizona=46103, mississippi=57006, new mexico=119576, texas=55789157, virginia=29507

4. virginia
   - Avg past 21-day population composition: S=8581921, E=22348, I=5243, Q=32964, R=140071, D=2542
   - Avg past 21-day inflow: arizona=6027, mississippi=5270, new mexico=2367, texas=27064, virginia=15109651

Please output the recommended traffic control policy in the required JSON format.
2025-12-25 03:04:02,767 - mississippi - INFO - Raw agent output:
{
  "weekly_policy": {
    "restricted_state": "arizona"
  },
  "global_guidance": "The decision to implement a Targeted Inbound Screening policy focuses on arizona as the origin state with the highest 'Infectious Density' $(E+I)/Population$. With an average of 20534 Exposed (E) and 1319 Infected (I) individuals over the past 21 days, arizona poses a significant risk to mississippi. Our policy aims to mitigate this risk by capturing and converting a substantial portion of the 'Hidden Infections' (E and I) into Confirmed (Q) status via rigorous screening. This targeted approach also considers the regional dynamics, as arizona's high mobility baseline into mississippi (12326316) suggests a potential overlap with other origin states' inflows. By targeting arizona, we can effectively reduce the systemic risks of disease importation while minimizing cumulative confirmed cases and deaths in mississippi."
2025-12-25 03:04:02,768 - mississippi - INFO - Parsed PolicyResponse: policy={} explanation=''
2025-12-25 03:04:51,070 - mississippi - INFO - Region Agent mississippi - Iteration 10 / 18: Starting policy decision process.
2025-12-25 03:04:51,071 - mississippi - INFO - Region user prompt: For mississippi, you will be given the following information:

Epidemic and mobility information of this state are as follows:

SEIRD parameters:
- beta = 0.1777045562951643
- alpha = 0.0557887604960571
- gamma = 0.090291905
- mu = 0.00234683660135996
- delta = 0.0671164839606214

Current population composition:
- S = 894137
- E = 37674
- I = 18464
- Q = 13613
- R = 76590
- D = 2527

Other origin states:
1. arizona
   - Avg past 21-day population composition: S=8905252, E=25874, I=1653, Q=35797, R=39192, D=3691
   - Avg past 21-day inflow: arizona=12204458, mississippi=2079, new mexico=30995, texas=44249, virginia=5239

2. new mexico
   - Avg past 21-day population composition: S=5526185, E=1730, I=375, Q=4463, R=19762, D=157
   - Avg past 21-day inflow: arizona=24321, mississippi=1410, new mexico=3591304, texas=139917, virginia=1327

3. texas
   - Avg past 21-day population composition: S=24972998, E=4393, I=7303, Q=34531, R=203041, D=4378
   - Avg past 21-day inflow: arizona=44848, mississippi=51070, new mexico=113536, texas=56021642, virginia=27574

4. virginia
   - Avg past 21-day population composition: S=8501295, E=27828, I=6505, Q=41571, R=186867, D=2621
   - Avg past 21-day inflow: arizona=6041, mississippi=4887, new mexico=2362, texas=25141, virginia=14714026

Please output the recommended traffic control policy in the required JSON format.
2025-12-25 03:05:02,102 - mississippi - INFO - Raw agent output:
{
  "weekly_policy": {
    "restricted_state": "arizona"
  },
  "global_guidance": "Based on the given SEIRD parameters and population compositions, I selected Arizona as the origin state for targeted inbound screening. The 'Source Risk Profile' shows that Arizona has a higher infectious density (E+I)/Population compared to other origin states. The 'Detection Utility' of the screening policy is estimated to capture a significant number of 'Hidden Infections' (E and I). Furthermore, targeting Arizona does not necessarily create competition with other agents, as it is likely that other states will follow a similar strategy. Overall, this policy aims to minimize cumulative confirmed cases and deaths in Mississippi while considering the systemic risks of disease importation."
}
2025-12-25 03:05:02,102 - mississippi - INFO - Parsed PolicyResponse: policy={'arizona': [0.5, 0.5]} explanation="Based on the given SEIRD parameters and population compositions, I selected Arizona as the origin state for targeted inbound screening. The 'Source Risk Profile' shows that Arizona has a higher infectious density (E+I)/Population compared to other origin states. The 'Detection Utility' of the screening policy is estimated to capture a significant number of 'Hidden Infections' (E and I). Furthermore, targeting Arizona does not necessarily create competition with other agents, as it is likely that other states will follow a similar strategy. Overall, this policy aims to minimize cumulative confirmed cases and deaths in Mississippi while considering the systemic risks of disease importation."
2025-12-25 03:05:52,083 - mississippi - INFO - Region Agent mississippi - Iteration 11 / 18: Starting policy decision process.
2025-12-25 03:05:52,084 - mississippi - INFO - Region user prompt: For mississippi, you will be given the following information:

Epidemic and mobility information of this state are as follows:

SEIRD parameters:
- beta = 0.1777045562951643
- alpha = 0.0557887604960571
- gamma = 0.090291905
- mu = 0.002132716335975645
- delta = 0.0671164839606214

Current population composition:
- S = 694027
- E = 31194
- I = 15433
- Q = 12620
- R = 93370
- D = 2942

Other origin states:
1. arizona
   - Avg past 21-day population composition: S=8923793, E=32544, I=2081, Q=45271, R=53093, D=4141
   - Avg past 21-day inflow: arizona=12300752, mississippi=2383, new mexico=31002, texas=46652, virginia=5591

2. new mexico
   - Avg past 21-day population composition: S=5893300, E=2263, I=480, Q=5472, R=24082, D=185
   - Avg past 21-day inflow: arizona=26310, mississippi=1338, new mexico=3560268, texas=145606, virginia=1293

3. texas
   - Avg past 21-day population composition: S=24654844, E=5308, I=9032, Q=51097, R=260850, D=5169
   - Avg past 21-day inflow: arizona=45155, mississippi=47740, new mexico=102177, texas=56597764, virginia=28749

4. virginia
   - Avg past 21-day population composition: S=8459766, E=34441, I=8060, Q=51800, R=245455, D=2661
   - Avg past 21-day inflow: arizona=6980, mississippi=5593, new mexico=2638, texas=28806, virginia=14873143

Please output the recommended traffic control policy in the required JSON format.
2025-12-25 03:06:04,410 - mississippi - INFO - Raw agent output:
{
  "weekly_policy": {
    "restricted_state": "texas"
  },
  "global_guidance": "Considering the high infectious density of $(E+I)/Population$ of origin states, we choose to implement a Targeted Inbound Screening policy to slow disease spread. We select Texas as the origin state with the highest infectious density, which is $((5308+9032)/24654844) \approx 0.0275$, significantly higher than other origin states. The screening will effectively identify and move individuals from the Exposed (E) and Infected (I) compartments directly into the Confirmed (Q) compartment upon arrival, reducing the 'hidden' infectious population entering our community. This policy aims to minimize cumulative confirmed cases and deaths in Mississippi, while considering the systemic risks of disease importation."
}
2025-12-25 03:06:04,410 - mississippi - INFO - Parsed PolicyResponse: policy={} explanation=''
2025-12-25 03:06:54,495 - mississippi - INFO - Region Agent mississippi - Iteration 12 / 18: Starting policy decision process.
2025-12-25 03:06:54,495 - mississippi - INFO - Region user prompt: For mississippi, you will be given the following information:

Epidemic and mobility information of this state are as follows:

SEIRD parameters:
- beta = 0.1777045562951643
- alpha = 0.0557887604960571
- gamma = 0.090291905
- mu = 0.0019185463050188718
- delta = 0.0671164839606214

Current population composition:
- S = 619759
- E = 25188
- I = 12536
- Q = 10653
- R = 108228
- D = 3275

Other origin states:
1. arizona
   - Avg past 21-day population composition: S=8959952, E=40869, I=2608, Q=57149, R=70761, D=4505
   - Avg past 21-day inflow: arizona=12593850, mississippi=2059, new mexico=33023, texas=45336, virginia=5351

2. new mexico
   - Avg past 21-day population composition: S=6433472, E=2670, I=605, Q=6925, R=29484, D=217
   - Avg past 21-day inflow: arizona=28122, mississippi=1297, new mexico=3587724, texas=149077, virginia=1361

3. texas
   - Avg past 21-day population composition: S=24018600, E=6036, I=10052, Q=57260, R=334479, D=6092
   - Avg past 21-day inflow: arizona=43694, mississippi=42933, new mexico=103286, texas=56938135, virginia=26283

4. virginia
   - Avg past 21-day population composition: S=8421225, E=42791, I=10065, Q=64445, R=318314, D=2679
   - Avg past 21-day inflow: arizona=5952, mississippi=4911, new mexico=2285, texas=26290, virginia=15100136

Please output the recommended traffic control policy in the required JSON format.
2025-12-25 03:07:08,707 - mississippi - INFO - Raw agent output:
{
  "weekly_policy": {
    "restricted_state": "arizona"
  },
  "global_guidance": "The decision to implement a Targeted Inbound Screening policy is based on the assessment of source risk profiles and detection utility. Arizona stands out as the origin state with the highest infectious density, with a past 21-day average of (E+I)/Population = 0.0046. This is due to its relatively low susceptible population and moderate-to-high infected population. Screening inbound travelers from Arizona would effectively identify and convert a significant number of hidden infections, estimated to be around 40% of the exposed and infected compartments. Furthermore, targeting Arizona would fill a gap in regional defense, as it is not overlapping with other agents' high-risk states. Overall, the policy is designed to minimize cumulative confirmed cases and deaths in Mississippi while taking into account the systemic risks of disease importation."
2025-12-25 03:07:08,708 - mississippi - INFO - Parsed PolicyResponse: policy={} explanation=''
2025-12-25 03:08:03,693 - mississippi - INFO - Region Agent mississippi - Iteration 13 / 18: Starting policy decision process.
2025-12-25 03:08:03,693 - mississippi - INFO - Region user prompt: For mississippi, you will be given the following information:

Epidemic and mobility information of this state are as follows:

SEIRD parameters:
- beta = 0.1777045562951643
- alpha = 0.0557887604960571
- gamma = 0.090291905
- mu = 0.0017084427217835844
- delta = 0.0671164839606214

Current population composition:
- S = 559606
- E = 37939
- I = 13444
- Q = 9434
- R = 120748
- D = 3525

Other origin states:
1. arizona
   - Avg past 21-day population composition: S=8966367, E=51328, I=3275, Q=72047, R=93122, D=4781
   - Avg past 21-day inflow: arizona=12775936, mississippi=1718, new mexico=30556, texas=45081, virginia=5287

2. new mexico
   - Avg past 21-day population composition: S=6951357, E=3241, I=694, Q=8346, R=36190, D=258
   - Avg past 21-day inflow: arizona=28008, mississippi=1016, new mexico=3611569, texas=146639, virginia=1472

3. texas
   - Avg past 21-day population composition: S=23356498, E=7688, I=12836, Q=70181, R=420665, D=7068
   - Avg past 21-day inflow: arizona=44065, mississippi=39373, new mexico=99060, texas=57587273, virginia=24012

4. virginia
   - Avg past 21-day population composition: S=8331570, E=52875, I=12447, Q=80235, R=409109, D=2685
   - Avg past 21-day inflow: arizona=5618, mississippi=3822, new mexico=1787, texas=23716, virginia=15126464

Please output the recommended traffic control policy in the required JSON format.
2025-12-25 03:08:18,840 - mississippi - INFO - Raw agent output:
{
  "weekly_policy": {
    "restricted_state": "arizona"
  },
  "global_guidance": "Given the epidemic situation in Mississippi, I recommend implementing a Targeted Inbound Screening policy. Arizona is chosen as the origin state to be targeted due to its higher 'Infectious Density' (0.0057) compared to the other origin states. This suggests that Arizona has a higher potential to import infectious cases to Mississippi. The 'Detection Utility' of the screening policy is estimated to capture approximately 15% of the 'Hidden Infections' (E and I) entering Mississippi, significantly reducing the number of newly infected individuals. Additionally, targeting Arizona fills a gap in regional defense, as it is a high-risk state that has not been previously targeted. The policy will be in effect for the next 2 weeks, with a rigorous ninety percent screening mandate enforced for travelers arriving from Arizona. This will help minimize the cumulative confirmed cases and deaths in Mississippi while mitigating the systemic risks of disease importation."
2025-12-25 03:08:18,841 - mississippi - INFO - Parsed PolicyResponse: policy={} explanation=''
2025-12-25 03:09:11,164 - mississippi - INFO - Region Agent mississippi - Iteration 14 / 18: Starting policy decision process.
2025-12-25 03:09:11,165 - mississippi - INFO - Region user prompt: For mississippi, you will be given the following information:

Epidemic and mobility information of this state are as follows:

SEIRD parameters:
- beta = 0.1777045562951643
- alpha = 0.0557887604960571
- gamma = 0.090291905
- mu = 0.0015059741170298164
- delta = 0.0671164839606214

Current population composition:
- S = 496033
- E = 51439
- I = 19034
- Q = 11525
- R = 133612
- D = 3753

Other origin states:
1. arizona
   - Avg past 21-day population composition: S=8969967, E=64714, I=4165, Q=90965, R=121372, D=4977
   - Avg past 21-day inflow: arizona=13101290, mississippi=2159, new mexico=32596, texas=51399, virginia=5679

2. new mexico
   - Avg past 21-day population composition: S=7590535, E=4041, I=914, Q=10285, R=44270, D=306
   - Avg past 21-day inflow: arizona=30633, mississippi=1120, new mexico=3686616, texas=151282, virginia=1936

3. texas
   - Avg past 21-day population composition: S=22527435, E=9823, I=16257, Q=86963, R=527675, D=8159
   - Avg past 21-day inflow: arizona=47229, mississippi=39010, new mexico=99222, texas=59112431, virginia=24366

4. virginia
   - Avg past 21-day population composition: S=8198957, E=64177, I=15143, Q=98479, R=521413, D=2686
   - Avg past 21-day inflow: arizona=5800, mississippi=4112, new mexico=2025, texas=24277, virginia=15457936

Please output the recommended traffic control policy in the required JSON format.
2025-12-25 03:09:25,208 - mississippi - INFO - Raw agent output:
{
  "weekly_policy": {
    "restricted_state": "arizona"
  },
  "global_guidance": "Based on the analysis, I have decided to implement a Targeted Inbound Screening policy for the next 14 days, focusing on Arizona as the origin state. This decision is based on the 'Infectious Density' (E+I)/Population of Arizona, which is relatively high compared to the other origin states. Additionally, the 'Detection Utility' of the screening policy is expected to be high, as Arizona has a significant number of 'Hidden Infections' (E and I) that would be converted to Q-status upon arrival in Mississippi. By targeting Arizona, we can effectively reduce the systemic risks of disease importation and minimize cumulative confirmed cases and deaths in Mississippi. This policy is expected to have a positive impact on the state's epidemic dynamics, reducing the 'hidden' infectious population entering the community and slowing down the spread of the disease."
}
2025-12-25 03:09:25,209 - mississippi - INFO - Parsed PolicyResponse: policy={'arizona': [0.5, 0.5]} explanation="Based on the analysis, I have decided to implement a Targeted Inbound Screening policy for the next 14 days, focusing on Arizona as the origin state. This decision is based on the 'Infectious Density' (E+I)/Population of Arizona, which is relatively high compared to the other origin states. Additionally, the 'Detection Utility' of the screening policy is expected to be high, as Arizona has a significant number of 'Hidden Infections' (E and I) that would be converted to Q-status upon arrival in Mississippi. By targeting Arizona, we can effectively reduce the systemic risks of disease importation and minimize cumulative confirmed cases and deaths in Mississippi. This policy is expected to have a positive impact on the state's epidemic dynamics, reducing the 'hidden' infectious population entering the community and slowing down the spread of the disease."
2025-12-25 03:10:11,851 - mississippi - INFO - Region Agent mississippi - Iteration 15 / 18: Starting policy decision process.
2025-12-25 03:10:11,852 - mississippi - INFO - Region user prompt: For mississippi, you will be given the following information:

Epidemic and mobility information of this state are as follows:

SEIRD parameters:
- beta = 0.1777045562951643
- alpha = 0.0557887604960571
- gamma = 0.090291905
- mu = 0.0013140852480992276
- delta = 0.0671164839606214

Current population composition:
- S = 472627
- E = 64642
- I = 24738
- Q = 15160
- R = 150224
- D = 4011

Other origin states:
1. arizona
   - Avg past 21-day population composition: S=8964199, E=81460, I=5250, Q=115158, R=157147, D=5107
   - Avg past 21-day inflow: arizona=13080168, mississippi=2109, new mexico=34666, texas=51916, virginia=5224

2. new mexico
   - Avg past 21-day population composition: S=8172086, E=4819, I=1108, Q=12926, R=54421, D=368
   - Avg past 21-day inflow: arizona=33774, mississippi=1148, new mexico=3628380, texas=146052, virginia=1760

3. texas
   - Avg past 21-day population composition: S=21654431, E=9861, I=16358, Q=100911, R=659561, D=9363
   - Avg past 21-day inflow: arizona=49267, mississippi=38445, new mexico=98410, texas=59134908, virginia=23381

4. virginia
   - Avg past 21-day population composition: S=8069044, E=77258, I=18302, Q=119763, R=658589, D=2686
   - Avg past 21-day inflow: arizona=6174, mississippi=4465, new mexico=2035, texas=24801, virginia=15326305

Please output the recommended traffic control policy in the required JSON format.
2025-12-25 03:10:22,725 - mississippi - INFO - Raw agent output:
{
  "weekly_policy": {
    "restricted_state": "arizona"
  },
  "global_guidance": "Source Risk Profile: Arizona has an Infectious Density of (E + I) / Population = (81460 + 5250) / 8964199 ¡Ö 0.0094, which is relatively high compared to other origin states. Detection Utility: With a 90% screening rate, approximately 73.6% of 'Hidden Infections' (E and I) will be captured and converted to Q-status. Coordination vs. Competition: By targeting Arizona, we address a significant source of infections while also not overwhelming the screening capacity. This strategy allows for effective regional defense and minimizes the risk of disease importation."
}
2025-12-25 03:10:22,725 - mississippi - INFO - Parsed PolicyResponse: policy={'arizona': [0.5, 0.5]} explanation="Source Risk Profile: Arizona has an Infectious Density of (E + I) / Population = (81460 + 5250) / 8964199 ¡Ö 0.0094, which is relatively high compared to other origin states. Detection Utility: With a 90percent screening rate, approximately 73.6percent of 'Hidden Infections' (E and I) will be captured and converted to Q-status. Coordination vs. Competition: By targeting Arizona, we address a significant source of infections while also not overwhelming the screening capacity. This strategy allows for effective regional defense and minimizes the risk of disease importation."
2025-12-25 03:11:13,141 - mississippi - INFO - Region Agent mississippi - Iteration 16 / 18: Starting policy decision process.
2025-12-25 03:11:13,143 - mississippi - INFO - Region user prompt: For mississippi, you will be given the following information:

Epidemic and mobility information of this state are as follows:

SEIRD parameters:
- beta = 0.1777045562951643
- alpha = 0.0557887604960571
- gamma = 0.090291905
- mu = 0.001135059216634949
- delta = 0.0671164839606214

Current population composition:
- S = 423546
- E = 79701
- I = 31988
- Q = 19732
- R = 171924
- D = 4303

Other origin states:
1. arizona
   - Avg past 21-day population composition: S=8815454, E=101506, I=6508, Q=144934, R=202363, D=5188
   - Avg past 21-day inflow: arizona=13314477, mississippi=2086, new mexico=31372, texas=45426, virginia=4496

2. new mexico
   - Avg past 21-day population composition: S=8829147, E=6705, I=1423, Q=15914, R=66960, D=444
   - Avg past 21-day inflow: arizona=37298, mississippi=1158, new mexico=3541362, texas=134761, virginia=1577

3. texas
   - Avg past 21-day population composition: S=20741909, E=12036, I=19659, Q=107771, R=802170, D=10523
   - Avg past 21-day inflow: arizona=47112, mississippi=35978, new mexico=79863, texas=59397204, virginia=21662

4. virginia
   - Avg past 21-day population composition: S=7949347, E=89901, I=21281, Q=142699, R=824156, D=2686
   - Avg past 21-day inflow: arizona=6648, mississippi=4247, new mexico=1850, texas=25030, virginia=15466694

Please output the recommended traffic control policy in the required JSON format.
2025-12-25 03:11:29,542 - mississippi - INFO - Raw agent output:
{
  "weekly_policy": {
    "restricted_state": "arizona"
  },
  "global_guidance": "We decided to target Arizona as the origin state for implementing the Targeted Inbound Screening policy. This decision is based on the 'Infectious Density' (E+I)/Population of each origin state. Arizona's infectious density is the highest among the other origin states, with an average of (101506+6508)/8815454 ¡Ö 0.0119, indicating a higher risk of disease importation. Additionally, Arizona has a higher past 14-day average daily inbound flow into Mississippi, which increases the likelihood of disease spread. By implementing the screening policy for Arizona, we can potentially capture and convert a significant number of 'Hidden Infections' (E and I) into Q-status, thereby reducing the cumulative confirmed cases and deaths in Mississippi. This policy also considers the systemic risks of disease importation, as it targets a high-risk state with a significant inbound flow into Mississippi. The decision to target Arizona rather than other origin states is justified, as it addresses a priority risk and fills a gap in regional defense."
}
2025-12-25 03:11:29,542 - mississippi - INFO - Parsed PolicyResponse: policy={'arizona': [0.5, 0.5]} explanation="We decided to target Arizona as the origin state for implementing the Targeted Inbound Screening policy. This decision is based on the 'Infectious Density' (E+I)/Population of each origin state. Arizona's infectious density is the highest among the other origin states, with an average of (101506+6508)/8815454 ¡Ö 0.0119, indicating a higher risk of disease importation. Additionally, Arizona has a higher past 14-day average daily inbound flow into Mississippi, which increases the likelihood of disease spread. By implementing the screening policy for Arizona, we can potentially capture and convert a significant number of 'Hidden Infections' (E and I) into Q-status, thereby reducing the cumulative confirmed cases and deaths in Mississippi. This policy also considers the systemic risks of disease importation, as it targets a high-risk state with a significant inbound flow into Mississippi. The decision to target Arizona rather than other origin states is justified, as it addresses a priority risk and fills a gap in regional defense."
2025-12-25 03:12:17,096 - mississippi - INFO - Region Agent mississippi - Iteration 17 / 18: Starting policy decision process.
2025-12-25 03:12:17,098 - mississippi - INFO - Region user prompt: For mississippi, you will be given the following information:

Epidemic and mobility information of this state are as follows:

SEIRD parameters:
- beta = 0.1777045562951643
- alpha = 0.0557887604960571
- gamma = 0.090291905
- mu = 0.0009705154342321424
- delta = 0.0671164839606214

Current population composition:
- S = 407806
- E = 91460
- I = 38355
- Q = 25152
- R = 199973
- D = 4626

Other origin states:
1. arizona
   - Avg past 21-day population composition: S=8459606, E=124675, I=8018, Q=181024, R=259078, D=5235
   - Avg past 21-day inflow: arizona=13145499, mississippi=2050, new mexico=28775, texas=42590, virginia=4029

2. new mexico
   - Avg past 21-day population composition: S=9617308, E=10296, I=2254, Q=22120, R=83179, D=541
   - Avg past 21-day inflow: arizona=43462, mississippi=1293, new mexico=3435281, texas=129254, virginia=1197

3. texas
   - Avg past 21-day population composition: S=19804638, E=16760, I=27962, Q=143712, R=972606, D=11733
   - Avg past 21-day inflow: arizona=50257, mississippi=35622, new mexico=73550, texas=59303116, virginia=20129

4. virginia
   - Avg past 21-day population composition: S=7829389, E=101866, I=24234, Q=164793, R=1018274, D=2686
   - Avg past 21-day inflow: arizona=6592, mississippi=3845, new mexico=1710, texas=23739, virginia=15261036

Please output the recommended traffic control policy in the required JSON format.
2025-12-25 03:12:30,328 - mississippi - INFO - Raw agent output:
{
  "weekly_policy": {
    "restricted_state": "arizona"
  },
  "global_guidance": "Intervention reasoning: Source Risk Profile - Arizona has an Infectious Density of (124675 + 8018) / 8459606 ¡Ö 0.016, which is higher than the other origin states. Detection Utility - With a 90% screening mandate, we expect to capture and convert approximately 90% of the 124675 exposed individuals in Arizona, reducing the 'hidden' infectious population entering Mississippi. Coordination vs. Competition - By targeting Arizona, we are addressing the obvious high-risk state, which reduces the potential for 'gaps' in regional defense. Implementing a targeted screening policy for Arizona for the next 14 days will help minimize the cumulative confirmed cases and deaths in Mississippi, while considering the systemic risks of disease importation."
}
2025-12-25 03:12:30,329 - mississippi - INFO - Parsed PolicyResponse: policy={'arizona': [0.5, 0.5]} explanation="Intervention reasoning: Source Risk Profile - Arizona has an Infectious Density of (124675 + 8018) / 8459606 ¡Ö 0.016, which is higher than the other origin states. Detection Utility - With a 90percent screening mandate, we expect to capture and convert approximately 90percent of the 124675 exposed individuals in Arizona, reducing the 'hidden' infectious population entering Mississippi. Coordination vs. Competition - By targeting Arizona, we are addressing the obvious high-risk state, which reduces the potential for 'gaps' in regional defense. Implementing a targeted screening policy for Arizona for the next 14 days will help minimize the cumulative confirmed cases and deaths in Mississippi, while considering the systemic risks of disease importation."
2025-12-25 03:13:25,170 - mississippi - INFO - Region Agent mississippi - Iteration 18 / 18: Starting policy decision process.
2025-12-25 03:13:25,170 - mississippi - INFO - Region user prompt: For mississippi, you will be given the following information:

Epidemic and mobility information of this state are as follows:

SEIRD parameters:
- beta = 0.1777045562951643
- alpha = 0.0557887604960571
- gamma = 0.090291905
- mu = 0.0008214390046085522
- delta = 0.0671164839606214

Current population composition:
- S = 450333
- E = 79724
- I = 32695
- Q = 24038
- R = 231792
- D = 4939

Other origin states:
1. arizona
   - Avg past 21-day population composition: S=7918704, E=148840, I=9594, Q=223452, R=329588, D=5261
   - Avg past 21-day inflow: arizona=12798149, mississippi=1891, new mexico=27828, texas=53906, virginia=5103

2. new mexico
   - Avg past 21-day population composition: S=10500769, E=15022, I=3209, Q=32818, R=106861, D=681
   - Avg past 21-day inflow: arizona=46636, mississippi=1937, new mexico=3247252, texas=141481, virginia=1410

3. texas
   - Avg past 21-day population composition: S=18821756, E=21420, I=36569, Q=195641, R=1205275, D=13174
   - Avg past 21-day inflow: arizona=59869, mississippi=47560, new mexico=79862, texas=57427711, virginia=23877

4. virginia
   - Avg past 21-day population composition: S=7694011, E=112319, I=26772, Q=186368, R=1240439, D=2686
   - Avg past 21-day inflow: arizona=7210, mississippi=4629, new mexico=1614, texas=29515, virginia=14873036

Please output the recommended traffic control policy in the required JSON format.
2025-12-25 03:13:39,173 - mississippi - INFO - Raw agent output:
{
  "weekly_policy": {
    "restricted_state": "new mexico"
  },
  "global_guidance": "Intervention reasoning: The goal is to minimize cumulative confirmed cases and deaths in mississippi while considering the systemic risks of disease importation.  I evaluate the 'Infectious Density' $(E+I)/Population$ of each origin.  Arizona has the highest 'Infectious Density' due to its larger population and higher number of infected individuals.  However, I target new mexico instead of arizona because it has a higher 'Detection Utility' due to its higher proportion of exposed and infected individuals.  This decision also fills a gap in regional defense, as new mexico is a neighboring state with a higher average daily inbound flow into mississippi.  The Targeted Inbound Screening policy will effectively identify and move individuals from the exposed and infected compartments directly into the confirmed compartment upon arrival, significantly reducing the 'hidden' infectious population entering mississippi."
}
2025-12-25 03:13:39,174 - mississippi - INFO - Parsed PolicyResponse: policy={'new mexico': [0.5, 0.5]} explanation="Intervention reasoning: The goal is to minimize cumulative confirmed cases and deaths in mississippi while considering the systemic risks of disease importation.  I evaluate the 'Infectious Density' $(E+I)/Population$ of each origin.  Arizona has the highest 'Infectious Density' due to its larger population and higher number of infected individuals.  However, I target new mexico instead of arizona because it has a higher 'Detection Utility' due to its higher proportion of exposed and infected individuals.  This decision also fills a gap in regional defense, as new mexico is a neighboring state with a higher average daily inbound flow into mississippi.  The Targeted Inbound Screening policy will effectively identify and move individuals from the exposed and infected compartments directly into the confirmed compartment upon arrival, significantly reducing the 'hidden' infectious population entering mississippi."
