2025-12-27 11:23:31,468 - iowa - INFO - Region Agent iowa - Iteration 1 / 18: Starting policy decision process.
2025-12-27 11:23:31,468 - iowa - INFO - Region user prompt: For iowa, you will be given the following information:

Epidemic and mobility information of this state are as follows:

SEIRD parameters:
- beta = 0.1419908947343254
- alpha = 0.2395715487587797
- gamma = 0.1
- mu = 0.0
- delta = 1.6363358898317888

Current population composition:
- S = 3150422
- E = 1000
- I = 2000
- Q = 852
- R = 749
- D = 47

Other origin states:
1. alabama
   - Avg past 21-day population composition: S=4890917, E=1500, I=7000, Q=3644, R=28, D=96
   - Avg past 21-day inflow: alabama=6761781, arizona=1733, arkansas=3268, idaho=526, indiana=3839, iowa=1623, kentucky=4859, michigan=3795, minnesota=1831, mississippi=25569, nebraska=658, new mexico=1129, ohio=3861, oklahoma=1963, south carolina=4332, tennessee=26216, texas=14797, utah=680, virginia=4091, wisconsin=2325

2. arizona
   - Avg past 21-day population composition: S=7256094, E=9500, I=9500, Q=3319, R=186, D=118
   - Avg past 21-day inflow: alabama=1667, arizona=9717467, arkansas=2715, idaho=10395, indiana=6477, iowa=12993, kentucky=2501, michigan=11694, minnesota=24358, mississippi=1551, nebraska=7156, new mexico=19529, ohio=6147, oklahoma=5449, south carolina=1415, tennessee=4247, texas=27907, utah=13401, virginia=3665, wisconsin=13323

3. arkansas
   - Avg past 21-day population composition: S=3013459, E=1000, I=2000, Q=938, R=379, D=28
   - Avg past 21-day inflow: alabama=2881, arizona=1892, arkansas=4352370, idaho=358, indiana=1669, iowa=1447, kentucky=1533, michigan=1323, minnesota=655, mississippi=7235, nebraska=1026, new mexico=1199, ohio=2238, oklahoma=22128, south carolina=1063, tennessee=14335, texas=49933, utah=420, virginia=1558, wisconsin=766

4. idaho
   - Avg past 21-day population composition: S=1778649, E=5500, I=1500, Q=1268, R=117, D=31
   - Avg past 21-day inflow: alabama=431, arizona=5427, arkansas=333, idaho=2235913, indiana=822, iowa=1469, kentucky=470, michigan=548, minnesota=803, mississippi=901, nebraska=1606, new mexico=1175, ohio=1058, oklahoma=587, south carolina=411, tennessee=862, texas=4487, utah=16635, virginia=685, wisconsin=548

5. indiana
   - Avg past 21-day population composition: S=6721076, E=1500, I=1500, Q=7626, R=52, D=465
   - Avg past 21-day inflow: alabama=3468, arizona=3438, arkansas=3376, idaho=429, indiana=9016313, iowa=3515, kentucky=48335, michigan=29823, minnesota=2302, mississippi=1673, nebraska=1765, new mexico=1304, ohio=40414, oklahoma=2701, south carolina=2148, tennessee=9117, texas=10053, utah=859, virginia=3131, wisconsin=5433

6. kentucky
   - Avg past 21-day population composition: S=4459183, E=3500, I=3000, Q=1350, R=535, D=105
   - Avg past 21-day inflow: alabama=4466, arizona=1148, arkansas=2485, idaho=298, indiana=39525, iowa=1053, kentucky=6095824, michigan=2768, minnesota=786, mississippi=2469, nebraska=707, new mexico=1038, ohio=50849, oklahoma=1635, south carolina=3381, tennessee=38754, texas=6291, utah=723, virginia=4514, wisconsin=2422

7. michigan
   - Avg past 21-day population composition: S=9959918, E=1000, I=1000, Q=22959, R=440, D=1540
   - Avg past 21-day inflow: alabama=2858, arizona=4842, arkansas=2858, idaho=874, indiana=34751, iowa=2303, kentucky=5615, michigan=12500044, minnesota=2975, mississippi=1059, nebraska=1328, new mexico=1614, ohio=45764, oklahoma=1714, south carolina=3261, tennessee=6758, texas=10709, utah=1395, virginia=4068, wisconsin=10743

8. minnesota
   - Avg past 21-day population composition: S=5635511, E=1000, I=1500, Q=653, R=892, D=76
   - Avg past 21-day inflow: alabama=843, arizona=3287, arkansas=1135, idaho=395, indiana=2426, iowa=14646, kentucky=1187, michigan=2615, minnesota=6573004, mississippi=705, nebraska=3665, new mexico=998, ohio=3648, oklahoma=1841, south carolina=1307, tennessee=2030, texas=6109, utah=1067, virginia=963, wisconsin=44144

9. mississippi
   - Avg past 21-day population composition: S=2969788, E=2000, I=1500, Q=2463, R=301, D=97
   - Avg past 21-day inflow: alabama=29278, arizona=1194, arkansas=10584, idaho=402, indiana=1797, iowa=1055, kentucky=2036, michigan=1231, minnesota=452, mississippi=3987236, nebraska=502, new mexico=942, ohio=2212, oklahoma=2426, south carolina=1860, tennessee=39021, texas=18479, utah=565, virginia=2401, wisconsin=917

10. nebraska
   - Avg past 21-day population composition: S=1931106, E=1000, I=1500, Q=769, R=14, D=19
   - Avg past 21-day inflow: alabama=579, arizona=1414, arkansas=875, idaho=498, indiana=983, iowa=27689, kentucky=565, michigan=511, minnesota=2882, mississippi=498, nebraska=2367839, new mexico=632, ohio=1158, oklahoma=1885, south carolina=269, tennessee=1212, texas=4403, utah=646, virginia=363, wisconsin=1050

11. new mexico
   - Avg past 21-day population composition: S=2092576, E=1000, I=2000, Q=959, R=265, D=29
   - Avg past 21-day inflow: alabama=1589, arizona=14511, arkansas=1635, idaho=724, indiana=794, iowa=817, kentucky=677, michigan=1051, minnesota=1121, mississippi=1425, nebraska=1285, new mexico=2776969, ohio=1168, oklahoma=5795, south carolina=607, tennessee=1378, texas=84217, utah=2593, virginia=1004, wisconsin=817

12. ohio
   - Avg past 21-day population composition: S=11679311, E=1000, I=2000, Q=6365, R=43, D=381
   - Avg past 21-day inflow: alabama=3923, arizona=3688, arkansas=2672, idaho=734, indiana=45187, iowa=3172, kentucky=56253, michigan=39060, minnesota=1828, mississippi=2297, nebraska=1703, new mexico=1641, ohio=16030434, oklahoma=3032, south carolina=6064, tennessee=14035, texas=12222, utah=1469, virginia=8127, wisconsin=3860

13. oklahoma
   - Avg past 21-day population composition: S=3952452, E=1500, I=1000, Q=911, R=1011, D=97
   - Avg past 21-day inflow: alabama=2490, arizona=2640, arkansas=28383, idaho=691, indiana=1785, iowa=2037, kentucky=1219, michigan=880, minnesota=918, mississippi=2351, nebraska=1760, new mexico=3747, ohio=2389, oklahoma=5642816, south carolina=616, tennessee=2615, texas=85126, utah=1006, virginia=1408, wisconsin=716

14. south carolina
   - Avg past 21-day population composition: S=5129359, E=9000, I=7000, Q=2604, R=658, D=93
   - Avg past 21-day inflow: alabama=5167, arizona=1850, arkansas=1603, idaho=356, indiana=2480, iowa=1192, kentucky=3590, michigan=3357, minnesota=1041, mississippi=2138, nebraska=685, new mexico=561, ohio=7702, oklahoma=1192, south carolina=6777040, tennessee=8730, texas=6894, utah=644, virginia=10882, wisconsin=1548

15. tennessee
   - Avg past 21-day population composition: S=6820676, E=2000, I=1000, Q=3806, R=1587, D=105
   - Avg past 21-day inflow: alabama=31117, arizona=3230, arkansas=17766, idaho=484, indiana=8842, iowa=2247, kentucky=38210, michigan=4199, minnesota=1884, mississippi=37416, nebraska=1319, new mexico=1547, ohio=8546, oklahoma=3459, south carolina=8304, tennessee=8763649, texas=16097, utah=874, virginia=22342, wisconsin=2247

16. texas
   - Avg past 21-day population composition: S=28983291, E=1500, I=1000, Q=7619, R=2141, D=330
   - Avg past 21-day inflow: alabama=18340, arizona=22661, arkansas=49977, idaho=3973, indiana=12074, iowa=12782, kentucky=7530, michigan=10392, minnesota=10462, mississippi=24412, nebraska=7878, new mexico=47170, ohio=16422, oklahoma=88937, south carolina=6627, tennessee=19896, texas=39820832, utah=7225, virginia=11782, wisconsin=9656

17. utah
   - Avg past 21-day population composition: S=3201625, E=1000, I=1000, Q=2186, R=132, D=15
   - Avg past 21-day inflow: alabama=1134, arizona=14261, arkansas=997, idaho=19602, indiana=1447, iowa=1721, kentucky=1056, michigan=919, minnesota=997, mississippi=743, nebraska=2582, new mexico=2699, ohio=1975, oklahoma=1643, south carolina=684, tennessee=2015, texas=11738, utah=4083408, virginia=1721, wisconsin=684

18. virginia
   - Avg past 21-day population composition: S=8514509, E=8500, I=7000, Q=4825, R=540, D=145
   - Avg past 21-day inflow: alabama=5760, arizona=3171, arkansas=2770, idaho=492, indiana=4867, iowa=1348, kentucky=5997, michigan=3755, minnesota=1039, mississippi=2260, nebraska=729, new mexico=1385, ohio=8822, oklahoma=2242, south carolina=14929, tennessee=29129, texas=13780, utah=1093, virginia=11423959, wisconsin=1914

19. wisconsin
   - Avg past 21-day population composition: S=5816050, E=2000, I=1000, Q=2956, R=279, D=149
   - Avg past 21-day inflow: alabama=1288, arizona=3847, arkansas=1497, idaho=626, indiana=5623, iowa=12255, kentucky=1967, michigan=10932, minnesota=44497, mississippi=1027, nebraska=1444, new mexico=853, ohio=3812, oklahoma=2210, south carolina=1253, tennessee=3446, texas=7102, utah=696, virginia=2872, wisconsin=7368227

Please output the recommended traffic control policy in the required JSON format.
2025-12-27 11:23:31,889 - iowa - INFO - Raw agent output:

2025-12-27 11:23:31,893 - iowa - INFO - Parsed PolicyResponse: policy={} explanation=''
2025-12-27 11:23:41,771 - iowa - INFO - Region Agent iowa - Iteration 2 / 18: Starting policy decision process.
2025-12-27 11:23:41,773 - iowa - INFO - Region user prompt: For iowa, you will be given the following information:

Epidemic and mobility information of this state are as follows:

SEIRD parameters:
- beta = 0.1419908947343254
- alpha = 0.2395715487587797
- gamma = 0.03369652054989776
- mu = 0.0008149762937207784
- delta = 1.6363358898317888

Current population composition:
- S = 3145533
- E = 1452
- I = 219
- Q = 4839
- R = 2693
- D = 94

Other origin states:
1. alabama
   - Avg past 21-day population composition: S=4887272, E=1255, I=360, Q=14118, R=625, D=146
   - Avg past 21-day inflow: alabama=9197318, arizona=2040, arkansas=5579, idaho=455, indiana=5770, iowa=2093, kentucky=7192, michigan=4292, minnesota=2109, mississippi=53654, nebraska=832, new mexico=1310, ohio=5126, oklahoma=2707, south carolina=6592, tennessee=50169, texas=18517, utah=838, virginia=5537, wisconsin=3095

2. arizona
   - Avg past 21-day population composition: S=7252114, E=1803, I=541, Q=26407, R=585, D=211
   - Avg past 21-day inflow: alabama=2434, arizona=11371640, arkansas=3350, idaho=12637, indiana=7550, iowa=15800, kentucky=2693, michigan=12699, minnesota=31095, mississippi=1616, nebraska=9325, new mexico=25816, ohio=8189, oklahoma=6983, south carolina=1699, tennessee=4654, texas=33181, utah=21224, virginia=3902, wisconsin=16116

3. arkansas
   - Avg past 21-day population composition: S=3011189, E=1694, I=1323, Q=1512, R=1349, D=37
   - Avg past 21-day inflow: alabama=4545, arizona=2084, arkansas=5559966, idaho=344, indiana=3867, iowa=2109, kentucky=2404, michigan=1912, minnesota=1035, mississippi=13773, nebraska=1650, new mexico=1457, ohio=2739, oklahoma=34530, south carolina=1473, tennessee=27063, texas=84557, utah=536, virginia=1943, wisconsin=1208

4. idaho
   - Avg past 21-day population composition: S=1777577, E=3062, I=2346, Q=2799, R=251, D=31
   - Avg past 21-day inflow: alabama=457, arizona=6735, arkansas=663, idaho=2726064, indiana=1068, iowa=1606, kentucky=575, michigan=551, minnesota=803, mississippi=669, nebraska=1988, new mexico=1570, ohio=1277, oklahoma=850, south carolina=470, tennessee=1151, texas=6183, utah=27806, virginia=997, wisconsin=709

5. indiana
   - Avg past 21-day population composition: S=6718687, E=2222, I=1617, Q=7351, R=1494, D=552
   - Avg past 21-day inflow: alabama=4845, arizona=3947, arkansas=4270, idaho=504, indiana=10791677, iowa=4893, kentucky=92085, michigan=38767, minnesota=3957, mississippi=2143, nebraska=2302, new mexico=1169, ohio=72853, oklahoma=3056, south carolina=3524, tennessee=14252, texas=12142, utah=1027, virginia=4753, wisconsin=8220

6. kentucky
   - Avg past 21-day population composition: S=4458031, E=1022, I=194, Q=7846, R=666, D=122
   - Avg past 21-day inflow: alabama=6829, arizona=1270, arkansas=3697, idaho=350, indiana=78861, iowa=2103, kentucky=7478349, michigan=4125, minnesota=1504, mississippi=3218, nebraska=869, new mexico=852, ohio=88842, oklahoma=1753, south carolina=4689, tennessee=67290, texas=9017, utah=890, virginia=8353, wisconsin=2546

7. michigan
   - Avg past 21-day population composition: S=9958098, E=1882, I=1451, Q=19874, R=3025, D=1970
   - Avg past 21-day inflow: alabama=3845, arizona=5372, arkansas=3133, idaho=982, indiana=68068, iowa=3707, kentucky=7979, michigan=14633753, minnesota=4802, mississippi=1768, nebraska=2182, new mexico=1878, ohio=79105, oklahoma=1988, south carolina=4502, tennessee=9519, texas=13250, utah=1675, virginia=5349, wisconsin=18902

8. minnesota
   - Avg past 21-day population composition: S=5635158, E=847, I=1122, Q=1862, R=1212, D=118
   - Avg past 21-day inflow: alabama=1271, arizona=4355, arkansas=1382, idaho=868, indiana=4168, iowa=27107, kentucky=1726, michigan=3778, minnesota=8460288, mississippi=806, nebraska=5323, new mexico=1104, ohio=4278, oklahoma=2641, south carolina=1447, tennessee=2642, texas=8261, utah=1487, virginia=1409, wisconsin=77570

9. mississippi
   - Avg past 21-day population composition: S=2967794, E=2073, I=132, Q=4539, R=2245, D=181
   - Avg past 21-day inflow: alabama=57029, arizona=1524, arkansas=17002, idaho=598, indiana=2843, iowa=1587, kentucky=3648, michigan=1625, minnesota=970, mississippi=5486976, nebraska=658, new mexico=1230, ohio=3201, oklahoma=3217, south carolina=2670, tennessee=103074, texas=24904, utah=662, virginia=3440, wisconsin=1364

10. nebraska
   - Avg past 21-day population composition: S=1929878, E=1137, I=98, Q=2424, R=400, D=25
   - Avg past 21-day inflow: alabama=732, arizona=1811, arkansas=1033, idaho=760, indiana=1554, iowa=51743, kentucky=561, michigan=622, minnesota=4205, mississippi=640, nebraska=3151715, new mexico=614, ohio=1648, oklahoma=2910, south carolina=290, tennessee=1109, texas=5716, utah=1004, virginia=479, wisconsin=1546

11. new mexico
   - Avg past 21-day population composition: S=2091500, E=1044, I=1188, Q=2240, R=398, D=35
   - Avg past 21-day inflow: alabama=1706, arizona=18891, arkansas=2179, idaho=1257, indiana=1548, iowa=981, kentucky=886, michigan=1343, minnesota=1608, mississippi=1902, nebraska=1341, new mexico=3323857, ohio=1593, oklahoma=6799, south carolina=602, tennessee=1859, texas=117318, utah=3415, virginia=1118, wisconsin=1363

12. ohio
   - Avg past 21-day population composition: S=11678588, E=1283, I=1627, Q=7224, R=2305, D=486
   - Avg past 21-day inflow: alabama=5316, arizona=4289, arkansas=3917, idaho=1055, indiana=77496, iowa=4313, kentucky=90333, michigan=54102, minnesota=3466, mississippi=3154, nebraska=1734, new mexico=1694, ohio=18904354, oklahoma=3581, south carolina=8594, tennessee=17962, texas=15783, utah=1589, virginia=13374, wisconsin=5429

13. oklahoma
   - Avg past 21-day population composition: S=3951619, E=1255, I=1061, Q=1914, R=1225, D=107
   - Avg past 21-day inflow: alabama=2843, arizona=3786, arkansas=57526, idaho=916, indiana=2551, iowa=4180, kentucky=1814, michigan=1324, minnesota=1450, mississippi=2909, nebraska=2616, new mexico=4696, ohio=3359, oklahoma=7168973, south carolina=1158, tennessee=3651, texas=123854, utah=1042, virginia=1789, wisconsin=1677

14. south carolina
   - Avg past 21-day population composition: S=5125493, E=6658, I=6652, Q=7435, R=1244, D=108
   - Avg past 21-day inflow: alabama=8107, arizona=1844, arkansas=2276, idaho=493, indiana=3958, iowa=1308, kentucky=4809, michigan=3942, minnesota=1405, mississippi=2764, nebraska=829, new mexico=775, ohio=9476, oklahoma=1501, south carolina=8707993, tennessee=13606, texas=9170, utah=900, virginia=18539, wisconsin=2076

15. tennessee
   - Avg past 21-day population composition: S=6816551, E=3635, I=1486, Q=6435, R=2468, D=130
   - Avg past 21-day inflow: alabama=59649, arizona=3430, arkansas=27261, idaho=709, indiana=12824, iowa=3579, kentucky=71042, michigan=5783, minnesota=2782, mississippi=73904, nebraska=1765, new mexico=1722, ohio=13095, oklahoma=4551, south carolina=13514, tennessee=11605280, texas=21248, utah=1233, virginia=36164, wisconsin=3276

16. texas
   - Avg past 21-day population composition: S=28979454, E=1551, I=510, Q=16171, R=2640, D=386
   - Avg past 21-day inflow: alabama=25148, arizona=27201, arkansas=74383, idaho=4984, indiana=16751, iowa=17264, kentucky=10979, michigan=12851, minnesota=14252, mississippi=31103, nebraska=11203, new mexico=69252, ohio=19957, oklahoma=123081, south carolina=9302, tennessee=27934, texas=48379264, utah=9281, virginia=15325, wisconsin=12304

17. utah
   - Avg past 21-day population composition: S=3199654, E=1942, I=1312, Q=2882, R=921, D=22
   - Avg past 21-day inflow: alabama=1847, arizona=17608, arkansas=1376, idaho=24668, indiana=1922, iowa=1989, kentucky=1112, michigan=1157, minnesota=1426, mississippi=929, nebraska=2900, new mexico=3322, ohio=2676, oklahoma=1928, south carolina=899, tennessee=2568, texas=15273, utah=5128216, virginia=2115, wisconsin=1259

18. virginia
   - Avg past 21-day population composition: S=8511666, E=1421, I=424, Q=23450, R=752, D=240
   - Avg past 21-day inflow: alabama=6465, arizona=3345, arkansas=3251, idaho=689, indiana=5836, iowa=1955, kentucky=10233, michigan=4094, minnesota=1426, mississippi=3005, nebraska=943, new mexico=1552, ohio=11766, oklahoma=2813, south carolina=19801, tennessee=48588, texas=16423, utah=1495, virginia=13217229, wisconsin=2446

19. wisconsin
   - Avg past 21-day population composition: S=5814373, E=2063, I=1481, Q=3626, R=1019, D=167
   - Avg past 21-day inflow: alabama=1840, arizona=4116, arkansas=1840, idaho=914, indiana=10934, iowa=21248, kentucky=2676, michigan=17761, minnesota=93330, mississippi=1387, nebraska=2387, new mexico=966, ohio=6834, oklahoma=2571, south carolina=1655, tennessee=4417, texas=8785, utah=1073, virginia=4175, wisconsin=9010913

Please output the recommended traffic control policy in the required JSON format.
2025-12-27 11:23:42,184 - iowa - INFO - Raw agent output:

2025-12-27 11:23:42,184 - iowa - INFO - Parsed PolicyResponse: policy={} explanation=''
2025-12-27 11:23:50,976 - iowa - INFO - Region Agent iowa - Iteration 3 / 18: Starting policy decision process.
2025-12-27 11:23:50,976 - iowa - INFO - Region user prompt: For iowa, you will be given the following information:

Epidemic and mobility information of this state are as follows:

SEIRD parameters:
- beta = 0.1419908947343254
- alpha = 0.2395715487587797
- gamma = 0.03369652054993999
- mu = 0.0008098616356868634
- delta = 1.6363358898317888

Current population composition:
- S = 3139570
- E = 1813
- I = 271
- Q = 6020
- R = 5198
- D = 154

Other origin states:
1. alabama
   - Avg past 21-day population composition: S=4882043, E=1319, I=399, Q=14808, R=1634, D=229
   - Avg past 21-day inflow: alabama=9770746, arizona=1969, arkansas=5364, idaho=475, indiana=5713, iowa=1933, kentucky=7560, michigan=3874, minnesota=1626, mississippi=63722, nebraska=843, new mexico=1217, ohio=5498, oklahoma=3102, south carolina=7623, tennessee=60670, texas=19089, utah=800, virginia=5322, wisconsin=2735

2. arizona
   - Avg past 21-day population composition: S=7245508, E=1462, I=440, Q=31686, R=1335, D=401
   - Avg past 21-day inflow: alabama=2594, arizona=11633875, arkansas=3548, idaho=12810, indiana=7754, iowa=13907, kentucky=2493, michigan=12119, minnesota=28641, mississippi=1614, nebraska=8575, new mexico=28282, ohio=7847, oklahoma=8181, south carolina=1720, tennessee=4957, texas=35167, utah=25110, virginia=3673, wisconsin=15346

3. arkansas
   - Avg past 21-day population composition: S=3008084, E=1984, I=1201, Q=1913, R=3108, D=57
   - Avg past 21-day inflow: alabama=5602, arizona=2014, arkansas=5836144, idaho=352, indiana=3320, iowa=2498, kentucky=2976, michigan=1984, minnesota=997, mississippi=16479, nebraska=1737, new mexico=1556, ohio=3126, oklahoma=40995, south carolina=1623, tennessee=30875, texas=87540, utah=766, virginia=2178, wisconsin=1396

4. idaho
   - Avg past 21-day population composition: S=1775733, E=1996, I=1992, Q=4359, R=580, D=34
   - Avg past 21-day inflow: alabama=533, arizona=5429, arkansas=676, idaho=2849368, indiana=956, iowa=1573, kentucky=553, michigan=627, minnesota=1033, mississippi=659, nebraska=2101, new mexico=1359, ohio=1209, oklahoma=1152, south carolina=538, tennessee=1041, texas=6154, utah=31800, virginia=821, wisconsin=819

5. indiana
   - Avg past 21-day population composition: S=6715161, E=2643, I=1885, Q=7676, R=3537, D=676
   - Avg past 21-day inflow: alabama=6270, arizona=3890, arkansas=4395, idaho=537, indiana=11399603, iowa=5522, kentucky=102640, michigan=45827, minnesota=3638, mississippi=2613, nebraska=2260, new mexico=1285, ohio=80453, oklahoma=3136, south carolina=4692, tennessee=18498, texas=12983, utah=1096, virginia=4882, wisconsin=8559

6. kentucky
   - Avg past 21-day population composition: S=4456342, E=782, I=164, Q=8172, R=883, D=154
   - Avg past 21-day inflow: alabama=8581, arizona=1475, arkansas=3801, idaho=412, indiana=83824, iowa=2315, kentucky=7772681, michigan=5102, minnesota=1432, mississippi=3283, nebraska=972, new mexico=849, ohio=97429, oklahoma=1862, south carolina=6111, tennessee=83439, texas=9548, utah=852, virginia=9565, wisconsin=2497

7. michigan
   - Avg past 21-day population composition: S=9955707, E=2367, I=2067, Q=17465, R=6183, D=2489
   - Avg past 21-day inflow: alabama=5167, arizona=5112, arkansas=3154, idaho=824, indiana=79661, iowa=4947, kentucky=9164, michigan=15819916, minnesota=4836, mississippi=2110, nebraska=2463, new mexico=1733, ohio=92512, oklahoma=2352, south carolina=6091, tennessee=12922, texas=14203, utah=1529, virginia=5247, wisconsin=21135

8. minnesota
   - Avg past 21-day population composition: S=5634605, E=878, I=968, Q=2544, R=2501, D=217
   - Avg past 21-day inflow: alabama=1469, arizona=4521, arkansas=1422, idaho=844, indiana=4572, iowa=30987, kentucky=1776, michigan=4018, minnesota=8876334, mississippi=927, nebraska=7553, new mexico=1062, ohio=4135, oklahoma=3272, south carolina=1360, tennessee=2888, texas=9115, utah=1969, virginia=1453, wisconsin=92620

9. mississippi
   - Avg past 21-day population composition: S=2964918, E=2282, I=158, Q=4896, R=5180, D=312
   - Avg past 21-day inflow: alabama=73408, arizona=1474, arkansas=18579, idaho=650, indiana=3047, iowa=2026, kentucky=3943, michigan=1466, minnesota=938, mississippi=5834803, nebraska=726, new mexico=1233, ohio=3316, oklahoma=3529, south carolina=2978, tennessee=116389, texas=26190, utah=747, virginia=3303, wisconsin=1619

10. nebraska
   - Avg past 21-day population composition: S=1928131, E=1223, I=112, Q=2633, R=1031, D=36
   - Avg past 21-day inflow: alabama=730, arizona=1923, arkansas=1225, idaho=754, indiana=1497, iowa=56451, kentucky=719, michigan=785, minnesota=4218, mississippi=554, nebraska=3335491, new mexico=707, ohio=1896, oklahoma=3300, south carolina=408, tennessee=1253, texas=5925, utah=1191, virginia=569, wisconsin=1665

11. new mexico
   - Avg past 21-day population composition: S=2089946, E=1092, I=835, Q=3333, R=700, D=50
   - Avg past 21-day inflow: alabama=1507, arizona=19789, arkansas=2394, idaho=1222, indiana=1435, iowa=1269, kentucky=849, michigan=1267, minnesota=1599, mississippi=1821, nebraska=1210, new mexico=3427556, ohio=1665, oklahoma=7205, south carolina=516, tennessee=1934, texas=124957, utah=3960, virginia=1199, wisconsin=1547

12. ohio
   - Avg past 21-day population composition: S=11677505, E=1554, I=1623, Q=8288, R=5910, D=654
   - Avg past 21-day inflow: alabama=6537, arizona=4462, arkansas=4061, idaho=1108, indiana=83614, iowa=4768, kentucky=101063, michigan=59729, minnesota=3222, mississippi=3204, nebraska=1963, new mexico=1711, ohio=19823208, oklahoma=3579, south carolina=13084, tennessee=24693, texas=17200, utah=1731, virginia=13680, wisconsin=5953

13. oklahoma
   - Avg past 21-day population composition: S=3950247, E=1260, I=1027, Q=2375, R=2697, D=127
   - Avg past 21-day inflow: alabama=3014, arizona=4042, arkansas=65584, idaho=1080, indiana=2889, iowa=4827, kentucky=1841, michigan=1393, minnesota=1749, mississippi=3172, nebraska=2853, new mexico=5223, ohio=3391, oklahoma=7718079, south carolina=1322, tennessee=4121, texas=127357, utah=1225, virginia=1702, wisconsin=1799

14. south carolina
   - Avg past 21-day population composition: S=5119281, E=5706, I=5591, Q=11926, R=2751, D=154
   - Avg past 21-day inflow: alabama=9655, arizona=1801, arkansas=2292, idaho=412, indiana=4333, iowa=1369, kentucky=5077, michigan=4010, minnesota=1258, mississippi=2961, nebraska=878, new mexico=826, ohio=9080, oklahoma=1459, south carolina=9210219, tennessee=18035, texas=9425, utah=899, virginia=19241, wisconsin=1959

15. tennessee
   - Avg past 21-day population composition: S=6807932, E=5523, I=2249, Q=9182, R=4925, D=187
   - Avg past 21-day inflow: alabama=71448, arizona=3648, arkansas=30255, idaho=741, indiana=14687, iowa=3989, kentucky=75505, michigan=6576, minnesota=2625, mississippi=84755, nebraska=2036, new mexico=1959, ohio=14526, oklahoma=5192, south carolina=16503, tennessee=12324050, texas=23505, utah=1331, virginia=38274, wisconsin=3545

16. texas
   - Avg past 21-day population composition: S=28970104, E=2481, I=786, Q=28868, R=4826, D=552
   - Avg past 21-day inflow: alabama=27654, arizona=28967, arkansas=81509, idaho=5068, indiana=17402, iowa=17765, kentucky=11886, michigan=13447, minnesota=14130, mississippi=32701, nebraska=10938, new mexico=75115, ohio=21025, oklahoma=148348, south carolina=10855, tennessee=31298, texas=51352865, utah=11208, virginia=15964, wisconsin=14975

17. utah
   - Avg past 21-day population composition: S=3195711, E=3030, I=1979, Q=4249, R=2489, D=38
   - Avg past 21-day inflow: alabama=1949, arizona=17284, arkansas=1344, idaho=29605, indiana=1904, iowa=2276, kentucky=1177, michigan=1317, minnesota=1501, mississippi=956, nebraska=3188, new mexico=3827, ohio=2821, oklahoma=1996, south carolina=1028, tennessee=2409, texas=15720, utah=5437055, virginia=1966, wisconsin=1501

18. virginia
   - Avg past 21-day population composition: S=8507006, E=1084, I=317, Q=27540, R=1139, D=413
   - Avg past 21-day inflow: alabama=7019, arizona=3556, arkansas=3333, idaho=647, indiana=6050, iowa=2155, kentucky=10072, michigan=4231, minnesota=1498, mississippi=2877, nebraska=1133, new mexico=1594, ohio=13088, oklahoma=3060, south carolina=25536, tennessee=59847, texas=16543, utah=1533, virginia=13637675, wisconsin=2537

19. wisconsin
   - Avg past 21-day population composition: S=5811615, E=2286, I=1794, Q=3880, R=3240, D=198
   - Avg past 21-day inflow: alabama=2126, arizona=4014, arkansas=2083, idaho=885, indiana=11529, iowa=22113, kentucky=3240, michigan=20757, minnesota=102254, mississippi=1674, nebraska=2793, new mexico=1335, ohio=7456, oklahoma=2422, south carolina=2068, tennessee=5040, texas=8944, utah=1284, virginia=3359, wisconsin=9486721

Please output the recommended traffic control policy in the required JSON format.
2025-12-27 11:23:51,319 - iowa - INFO - Raw agent output:

2025-12-27 11:23:51,319 - iowa - INFO - Parsed PolicyResponse: policy={} explanation=''
2025-12-27 11:24:00,902 - iowa - INFO - Region Agent iowa - Iteration 4 / 18: Starting policy decision process.
2025-12-27 11:24:00,904 - iowa - INFO - Region user prompt: For iowa, you will be given the following information:

Epidemic and mobility information of this state are as follows:

SEIRD parameters:
- beta = 0.1419908947343254
- alpha = 0.2395715487587797
- gamma = 0.03369652054998223
- mu = 0.000801222463978136
- delta = 1.6363358898317888

Current population composition:
- S = 3131951
- E = 2274
- I = 348
- Q = 7509
- R = 8390
- D = 230

Other origin states:
1. alabama
   - Avg past 21-day population composition: S=4874824, E=1405, I=430, Q=14744, R=3093, D=340
   - Avg past 21-day inflow: alabama=10556224, arizona=2183, arkansas=5933, idaho=476, indiana=5917, iowa=1633, kentucky=8359, michigan=3801, minnesota=1131, mississippi=74494, nebraska=1062, new mexico=1251, ohio=6455, oklahoma=3561, south carolina=9693, tennessee=74635, texas=21836, utah=887, virginia=5966, wisconsin=2500

2. arizona
   - Avg past 21-day population composition: S=7235140, E=1784, I=529, Q=38405, R=2517, D=725
   - Avg past 21-day inflow: alabama=3134, arizona=12334093, arkansas=4086, idaho=12839, indiana=8519, iowa=10192, kentucky=2484, michigan=12369, minnesota=24089, mississippi=1920, nebraska=7077, new mexico=30253, ohio=8867, oklahoma=8670, south carolina=2300, tennessee=6092, texas=41317, utah=31911, virginia=3797, wisconsin=15611

3. arkansas
   - Avg past 21-day population composition: S=3003323, E=2387, I=1346, Q=2582, R=6093, D=93
   - Avg past 21-day inflow: alabama=9991, arizona=2349, arkansas=6101111, idaho=518, indiana=3820, iowa=3130, kentucky=3810, michigan=2453, minnesota=1278, mississippi=21092, nebraska=1568, new mexico=1799, ohio=3686, oklahoma=47548, south carolina=2449, tennessee=35593, texas=99473, utah=1106, virginia=2245, wisconsin=1541

4. idaho
   - Avg past 21-day population composition: S=1773139, E=1804, I=1642, Q=5434, R=1158, D=47
   - Avg past 21-day inflow: alabama=612, arizona=5181, arkansas=618, idaho=2961617, indiana=976, iowa=1468, kentucky=572, michigan=858, minnesota=1322, mississippi=758, nebraska=2309, new mexico=1250, ohio=1064, oklahoma=1528, south carolina=579, tennessee=882, texas=6100, utah=37080, virginia=660, wisconsin=1032

5. indiana
   - Avg past 21-day population composition: S=6709924, E=3109, I=2227, Q=8736, R=6485, D=852
   - Avg past 21-day inflow: alabama=11279, arizona=4480, arkansas=5096, idaho=639, indiana=11983369, iowa=6097, kentucky=118117, michigan=54704, minnesota=4218, mississippi=3294, nebraska=2311, new mexico=1481, ohio=90402, oklahoma=4034, south carolina=9113, tennessee=29435, texas=15499, utah=1468, virginia=5314, wisconsin=9434

6. kentucky
   - Avg past 21-day population composition: S=4453860, E=1034, I=222, Q=9535, R=1196, D=196
   - Avg past 21-day inflow: alabama=15343, arizona=2308, arkansas=4668, idaho=411, indiana=99979, iowa=2423, kentucky=8084793, michigan=6816, minnesota=1513, mississippi=3958, nebraska=1041, new mexico=1004, ohio=110822, oklahoma=2163, south carolina=11791, tennessee=118264, texas=11600, utah=1086, virginia=10625, wisconsin=2880

7. michigan
   - Avg past 21-day population composition: S=9952536, E=2780, I=2686, Q=16932, R=10074, D=3104
   - Avg past 21-day inflow: alabama=8174, arizona=6010, arkansas=4066, idaho=931, indiana=99336, iowa=5887, kentucky=13090, michigan=16832753, minnesota=5473, mississippi=2841, nebraska=2676, new mexico=1644, ohio=115955, oklahoma=2795, south carolina=11513, tennessee=20724, texas=17304, utah=1764, virginia=5638, wisconsin=24869

8. minnesota
   - Avg past 21-day population composition: S=5633818, E=1045, I=1066, Q=2604, R=5606, D=365
   - Avg past 21-day inflow: alabama=1883, arizona=5366, arkansas=1675, idaho=973, indiana=5787, iowa=35838, kentucky=2047, michigan=4956, minnesota=9092307, mississippi=1168, nebraska=7708, new mexico=1086, ohio=4337, oklahoma=3768, south carolina=1677, tennessee=3658, texas=10488, utah=2177, virginia=1523, wisconsin=113446

9. mississippi
   - Avg past 21-day population composition: S=2960362, E=2808, I=199, Q=6109, R=9746, D=519
   - Avg past 21-day inflow: alabama=107932, arizona=1596, arkansas=21759, idaho=883, indiana=3278, iowa=1965, kentucky=4544, michigan=1717, minnesota=930, mississippi=6201158, nebraska=801, new mexico=1241, ohio=4014, oklahoma=3657, south carolina=3643, tennessee=133740, texas=30835, utah=780, virginia=3307, wisconsin=1714

10. nebraska
   - Avg past 21-day population composition: S=1925527, E=1403, I=130, Q=3070, R=1964, D=50
   - Avg past 21-day inflow: alabama=865, arizona=2807, arkansas=1718, idaho=846, indiana=1670, iowa=57376, kentucky=1119, michigan=1375, minnesota=5183, mississippi=650, nebraska=3425629, new mexico=981, ohio=2306, oklahoma=4059, south carolina=626, tennessee=1745, texas=7443, utah=1430, virginia=752, wisconsin=1919

11. new mexico
   - Avg past 21-day population composition: S=2087506, E=1315, I=834, Q=4671, R=1250, D=79
   - Avg past 21-day inflow: alabama=1650, arizona=23793, arkansas=2228, idaho=1132, indiana=1571, iowa=1275, kentucky=918, michigan=1247, minnesota=1336, mississippi=1984, nebraska=1108, new mexico=3538501, ohio=1684, oklahoma=8663, south carolina=652, tennessee=1844, texas=136934, utah=4856, virginia=1155, wisconsin=1485

12. ohio
   - Avg past 21-day population composition: S=11675838, E=2061, I=2016, Q=10215, R=11499, D=912
   - Avg past 21-day inflow: alabama=9881, arizona=5282, arkansas=4824, idaho=1197, indiana=94839, iowa=4630, kentucky=118721, michigan=70358, minnesota=3704, mississippi=3583, nebraska=2306, new mexico=1930, ohio=20805227, oklahoma=4024, south carolina=28071, tennessee=42039, texas=20559, utah=2150, virginia=14528, wisconsin=6467

13. oklahoma
   - Avg past 21-day population composition: S=3948202, E=1461, I=1096, Q=2994, R=5615, D=160
   - Avg past 21-day inflow: alabama=4707, arizona=5089, arkansas=74551, idaho=1228, indiana=3756, iowa=5180, kentucky=2080, michigan=1644, minnesota=2220, mississippi=3869, nebraska=3334, new mexico=6548, ohio=3548, oklahoma=8176165, south carolina=1835, tennessee=5808, texas=141602, utah=1890, virginia=1761, wisconsin=1984

14. south carolina
   - Avg past 21-day population composition: S=5110501, E=5326, I=4619, Q=14152, R=5393, D=246
   - Avg past 21-day inflow: alabama=10158, arizona=1985, arkansas=2820, idaho=521, indiana=5273, iowa=1253, kentucky=6518, michigan=4561, minnesota=1182, mississippi=3516, nebraska=823, new mexico=928, ohio=10117, oklahoma=1732, south carolina=9771077, tennessee=24569, texas=10658, utah=1038, virginia=17782, wisconsin=2087

15. tennessee
   - Avg past 21-day population composition: S=6793095, E=6992, I=2885, Q=11094, R=10338, D=288
   - Avg past 21-day inflow: alabama=99077, arizona=4566, arkansas=33994, idaho=819, indiana=17115, iowa=4110, kentucky=82599, michigan=8366, minnesota=2768, mississippi=97658, nebraska=2082, new mexico=2258, ohio=17362, oklahoma=6013, south carolina=29250, tennessee=13148611, texas=28356, utah=1585, virginia=39755, wisconsin=4049

16. texas
   - Avg past 21-day population composition: S=28950269, E=3921, I=1217, Q=46542, R=12806, D=971
   - Avg past 21-day inflow: alabama=35667, arizona=33250, arkansas=95262, idaho=5362, indiana=19193, iowa=15813, kentucky=12735, michigan=15391, minnesota=13965, mississippi=38622, nebraska=10388, new mexico=84392, ohio=23146, oklahoma=175405, south carolina=13404, tennessee=36559, texas=54356274, utah=13819, virginia=17393, wisconsin=13178

17. utah
   - Avg past 21-day population composition: S=3188264, E=4424, I=2877, Q=6168, R=5459, D=67
   - Avg past 21-day inflow: alabama=1789, arizona=18846, arkansas=1106, idaho=35113, indiana=2134, iowa=2324, kentucky=1197, michigan=1597, minnesota=1569, mississippi=910, nebraska=3417, new mexico=4207, ohio=2842, oklahoma=2240, south carolina=1402, tennessee=2137, texas=15093, utah=5685449, virginia=1975, wisconsin=1705

18. virginia
   - Avg past 21-day population composition: S=8499688, E=1401, I=408, Q=34105, R=1747, D=679
   - Avg past 21-day inflow: alabama=8263, arizona=4434, arkansas=3338, idaho=735, indiana=7412, iowa=2425, kentucky=11913, michigan=5184, minnesota=1827, mississippi=3671, nebraska=1124, new mexico=1716, ohio=15718, oklahoma=4025, south carolina=44751, tennessee=79048, texas=19791, utah=1847, virginia=14133151, wisconsin=2437

19. wisconsin
   - Avg past 21-day population composition: S=5807481, E=2660, I=2111, Q=4411, R=6825, D=240
   - Avg past 21-day inflow: alabama=2788, arizona=5023, arkansas=2486, idaho=897, indiana=14252, iowa=24664, kentucky=4429, michigan=26542, minnesota=109766, mississippi=2204, nebraska=3245, new mexico=1902, ohio=9603, oklahoma=3069, south carolina=3337, tennessee=6616, texas=10704, utah=1870, virginia=3695, wisconsin=9879555

Please output the recommended traffic control policy in the required JSON format.
2025-12-27 11:24:01,762 - iowa - INFO - Raw agent output:

2025-12-27 11:24:01,762 - iowa - INFO - Parsed PolicyResponse: policy={} explanation=''
2025-12-27 11:24:11,030 - iowa - INFO - Region Agent iowa - Iteration 5 / 18: Starting policy decision process.
2025-12-27 11:24:11,030 - iowa - INFO - Region user prompt: For iowa, you will be given the following information:

Epidemic and mobility information of this state are as follows:

SEIRD parameters:
- beta = 0.1419908947343254
- alpha = 0.2395715487587797
- gamma = 0.033696520550024464
- mu = 0.0007891723282503776
- delta = 1.6363358898317888

Current population composition:
- S = 3122634
- E = 2696
- I = 413
- Q = 8888
- R = 12264
- D = 322

Other origin states:
1. alabama
   - Avg past 21-day population composition: S=4867863, E=1390, I=431, Q=13357, R=4565, D=442
   - Avg past 21-day inflow: alabama=10672208, arizona=2835, arkansas=6994, idaho=574, indiana=7040, iowa=1630, kentucky=9953, michigan=5257, minnesota=1362, mississippi=85824, nebraska=1403, new mexico=1681, ohio=8006, oklahoma=4319, south carolina=13759, tennessee=89785, texas=27237, utah=1444, virginia=7900, wisconsin=2945

2. arizona
   - Avg past 21-day population composition: S=7222678, E=2201, I=664, Q=45482, R=3933, D=1141
   - Avg past 21-day inflow: alabama=4119, arizona=12544263, arkansas=5144, idaho=16596, indiana=11547, iowa=12885, kentucky=3195, michigan=18172, minnesota=31367, mississippi=2480, nebraska=8586, new mexico=36541, ohio=12519, oklahoma=10513, south carolina=3835, tennessee=7795, texas=52438, utah=40809, virginia=4525, wisconsin=21448

3. arkansas
   - Avg past 21-day population composition: S=2997348, E=2866, I=1534, Q=3426, R=10108, D=148
   - Avg past 21-day inflow: alabama=16858, arizona=2953, arkansas=6203855, idaho=555, indiana=4644, iowa=3263, kentucky=4660, michigan=2751, minnesota=1913, mississippi=26707, nebraska=1857, new mexico=2101, ohio=4338, oklahoma=59117, south carolina=3457, tennessee=44250, texas=114234, utah=1324, virginia=2547, wisconsin=1810

4. idaho
   - Avg past 21-day population composition: S=1770387, E=1934, I=1641, Q=5943, R=1824, D=61
   - Avg past 21-day inflow: alabama=709, arizona=6536, arkansas=639, idaho=3024823, indiana=1197, iowa=1573, kentucky=673, michigan=928, minnesota=1466, mississippi=909, nebraska=2955, new mexico=1475, ohio=1122, oklahoma=1485, south carolina=734, tennessee=1022, texas=7517, utah=46155, virginia=795, wisconsin=1231

5. indiana
   - Avg past 21-day population composition: S=6703601, E=3821, I=2661, Q=10918, R=10006, D=1056
   - Avg past 21-day inflow: alabama=18084, arizona=6104, arkansas=6228, idaho=981, indiana=12529582, iowa=6876, kentucky=139558, michigan=71796, minnesota=6069, mississippi=4382, nebraska=2778, new mexico=1847, ohio=110050, oklahoma=5033, south carolina=18023, tennessee=47042, texas=20197, utah=2073, virginia=7148, wisconsin=12586

6. kentucky
   - Avg past 21-day population composition: S=4450755, E=1382, I=299, Q=11965, R=1578, D=247
   - Avg past 21-day inflow: alabama=26039, arizona=2863, arkansas=5597, idaho=486, indiana=119219, iowa=2796, kentucky=8430495, michigan=9591, minnesota=1931, mississippi=5026, nebraska=1134, new mexico=1119, ohio=130933, oklahoma=2545, south carolina=24569, tennessee=154926, texas=14358, utah=1601, virginia=12844, wisconsin=3445

7. michigan
   - Avg past 21-day population composition: S=9949077, E=3311, I=3253, Q=18534, R=14096, D=3692
   - Avg past 21-day inflow: alabama=8673, arizona=7728, arkansas=4429, idaho=1222, indiana=120434, iowa=6494, kentucky=16264, michigan=17811732, minnesota=6884, mississippi=2956, nebraska=3030, new mexico=1677, ohio=164489, oklahoma=3407, south carolina=15221, tennessee=26434, texas=21938, utah=2611, virginia=7306, wisconsin=30246

8. minnesota
   - Avg past 21-day population composition: S=5632925, E=1355, I=1356, Q=2817, R=10247, D=518
   - Avg past 21-day inflow: alabama=1999, arizona=6448, arkansas=2082, idaho=1398, indiana=6468, iowa=42873, kentucky=1992, michigan=6931, minnesota=9402485, mississippi=1300, nebraska=7625, new mexico=1254, ohio=5158, oklahoma=4313, south carolina=2312, tennessee=4048, texas=12425, utah=2403, virginia=2003, wisconsin=154258

9. mississippi
   - Avg past 21-day population composition: S=2954749, E=3223, I=230, Q=7095, R=15324, D=774
   - Avg past 21-day inflow: alabama=133617, arizona=1899, arkansas=27134, idaho=883, indiana=4025, iowa=2120, kentucky=5062, michigan=2501, minnesota=1200, mississippi=6282009, nebraska=809, new mexico=1324, ohio=4432, oklahoma=4372, south carolina=4825, tennessee=148677, texas=37780, utah=967, virginia=4177, wisconsin=1881

10. nebraska
   - Avg past 21-day population composition: S=1922310, E=1761, I=166, Q=3930, R=3104, D=64
   - Avg past 21-day inflow: alabama=1098, arizona=4081, arkansas=2066, idaho=1009, indiana=2194, iowa=68729, kentucky=1260, michigan=1871, minnesota=9544, mississippi=960, nebraska=3514570, new mexico=1233, ohio=2937, oklahoma=6000, south carolina=1091, tennessee=2451, texas=9521, utah=1936, virginia=1079, wisconsin=2482

11. new mexico
   - Avg past 21-day population composition: S=2084270, E=1693, I=1006, Q=6374, R=2015, D=123
   - Avg past 21-day inflow: alabama=1743, arizona=30727, arkansas=2800, idaho=1669, indiana=2136, iowa=1382, kentucky=1230, michigan=1774, minnesota=1703, mississippi=2180, nebraska=1265, new mexico=3593103, ohio=1870, oklahoma=10684, south carolina=1247, tennessee=2320, texas=158164, utah=6390, virginia=1190, wisconsin=1802

12. ohio
   - Avg past 21-day population composition: S=11673616, E=2956, I=2796, Q=14030, R=18816, D=1244
   - Avg past 21-day inflow: alabama=13087, arizona=7070, arkansas=5348, idaho=1396, indiana=115207, iowa=5157, kentucky=143576, michigan=99308, minnesota=5329, mississippi=4232, nebraska=2680, new mexico=2409, ohio=22035272, oklahoma=4896, south carolina=59551, tennessee=65964, texas=25635, utah=3189, virginia=22622, wisconsin=8432

13. oklahoma
   - Avg past 21-day population composition: S=3945602, E=1813, I=1261, Q=4124, R=9575, D=210
   - Avg past 21-day inflow: alabama=7662, arizona=7031, arkansas=84092, idaho=1258, indiana=4580, iowa=6987, kentucky=2359, michigan=2426, minnesota=2818, mississippi=5093, nebraska=3985, new mexico=8703, ohio=4445, oklahoma=8444197, south carolina=2913, tennessee=7087, texas=171715, utah=2635, virginia=2354, wisconsin=2603

14. south carolina
   - Avg past 21-day population composition: S=5102380, E=4262, I=3448, Q=12144, R=8062, D=353
   - Avg past 21-day inflow: alabama=13705, arizona=2611, arkansas=3120, idaho=582, indiana=6617, iowa=1553, kentucky=7847, michigan=6256, minnesota=1469, mississippi=3871, nebraska=829, new mexico=1000, ohio=13069, oklahoma=2012, south carolina=9905992, tennessee=30852, texas=12934, utah=1461, virginia=21198, wisconsin=2544

15. tennessee
   - Avg past 21-day population composition: S=6776029, E=7356, I=2999, Q=11818, R=18199, D=408
   - Avg past 21-day inflow: alabama=126031, arizona=6441, arkansas=41947, idaho=1095, indiana=19956, iowa=4962, kentucky=94873, michigan=10666, minnesota=3692, mississippi=111715, nebraska=2364, new mexico=2608, ohio=22224, oklahoma=6871, south carolina=59684, tennessee=13367300, texas=37216, utah=2428, virginia=44150, wisconsin=5392

16. texas
   - Avg past 21-day population composition: S=28921237, E=5436, I=1695, Q=62829, R=31467, D=1691
   - Avg past 21-day inflow: alabama=48465, arizona=42323, arkansas=111897, idaho=7211, indiana=22918, iowa=17943, kentucky=14696, michigan=22315, minnesota=17718, mississippi=47996, nebraska=12520, new mexico=101339, ohio=28878, oklahoma=227773, south carolina=17844, tennessee=46152, texas=56028179, utah=19002, virginia=21124, wisconsin=16199

17. utah
   - Avg past 21-day population composition: S=3177988, E=5761, I=3696, Q=8334, R=9607, D=108
   - Avg past 21-day inflow: alabama=1984, arizona=27939, arkansas=1401, idaho=47565, indiana=2400, iowa=2453, kentucky=1290, michigan=2050, minnesota=1998, mississippi=968, nebraska=3362, new mexico=4544, ohio=3018, oklahoma=2630, south carolina=1740, tennessee=2348, texas=16823, utah=5726331, virginia=2084, wisconsin=1898

18. virginia
   - Avg past 21-day population composition: S=8490475, E=1779, I=515, Q=42834, R=2509, D=996
   - Avg past 21-day inflow: alabama=10673, arizona=5988, arkansas=3530, idaho=1050, indiana=8990, iowa=3498, kentucky=13776, michigan=6915, minnesota=2298, mississippi=4364, nebraska=1312, new mexico=2080, ohio=20096, oklahoma=4220, south carolina=72495, tennessee=91411, texas=25397, utah=2469, virginia=14398916, wisconsin=3665

19. wisconsin
   - Avg past 21-day population composition: S=5802672, E=3004, I=2334, Q=5145, R=11015, D=285
   - Avg past 21-day inflow: alabama=3616, arizona=6496, arkansas=2846, idaho=1038, indiana=16896, iowa=29872, kentucky=5107, michigan=33371, minnesota=125088, mississippi=2469, nebraska=3579, new mexico=1604, ohio=11485, oklahoma=3832, south carolina=3733, tennessee=8089, texas=13130, utah=2289, virginia=4166, wisconsin=10386698

Please output the recommended traffic control policy in the required JSON format.
2025-12-27 11:24:11,514 - iowa - INFO - Raw agent output:

2025-12-27 11:24:11,515 - iowa - INFO - Parsed PolicyResponse: policy={} explanation=''
2025-12-27 11:24:21,281 - iowa - INFO - Region Agent iowa - Iteration 6 / 18: Starting policy decision process.
2025-12-27 11:24:21,283 - iowa - INFO - Region user prompt: For iowa, you will be given the following information:

Epidemic and mobility information of this state are as follows:

SEIRD parameters:
- beta = 0.1419908947343254
- alpha = 0.2395715487587797
- gamma = 0.033696520550066694
- mu = 0.0007738682353094933
- delta = 1.6363358898317888

Current population composition:
- S = 3111505
- E = 3210
- I = 492
- Q = 10555
- R = 16876
- D = 429

Other origin states:
1. alabama
   - Avg past 21-day population composition: S=4861330, E=1390, I=433, Q=12676, R=6013, D=532
   - Avg past 21-day inflow: alabama=11018348, arizona=3429, arkansas=6897, idaho=824, indiana=7342, iowa=2014, kentucky=11681, michigan=5495, minnesota=1524, mississippi=94015, nebraska=1412, new mexico=2187, ohio=7909, oklahoma=4417, south carolina=16406, tennessee=101929, texas=27767, utah=2225, virginia=8656, wisconsin=2714

2. arizona
   - Avg past 21-day population composition: S=7207988, E=2584, I=781, Q=53060, R=5597, D=1646
   - Avg past 21-day inflow: alabama=3911, arizona=12721796, arkansas=5580, idaho=17211, indiana=11833, iowa=12078, kentucky=3741, michigan=20377, minnesota=25811, mississippi=2607, nebraska=8196, new mexico=38678, ohio=12865, oklahoma=11755, south carolina=4716, tennessee=8549, texas=56414, utah=43105, virginia=5493, wisconsin=19186

3. arkansas
   - Avg past 21-day population composition: S=2990005, E=3406, I=1787, Q=4221, R=15263, D=226
   - Avg past 21-day inflow: alabama=21486, arizona=3665, arkansas=6419390, idaho=728, indiana=4909, iowa=3283, kentucky=4996, michigan=2878, minnesota=2375, mississippi=31119, nebraska=1898, new mexico=2652, ohio=4108, oklahoma=62158, south carolina=3951, tennessee=47184, texas=119734, utah=1731, virginia=2783, wisconsin=2076

4. idaho
   - Avg past 21-day population composition: S=1767403, E=2156, I=1800, Q=6484, R=2550, D=75
   - Avg past 21-day inflow: alabama=742, arizona=6292, arkansas=680, idaho=3091539, indiana=1407, iowa=1828, kentucky=600, michigan=809, minnesota=1507, mississippi=1039, nebraska=2780, new mexico=1806, ohio=1339, oklahoma=1556, south carolina=883, tennessee=1187, texas=7961, utah=49652, virginia=961, wisconsin=1360

5. indiana
   - Avg past 21-day population composition: S=6695623, E=4749, I=3254, Q=13876, R=14480, D=1306
   - Avg past 21-day inflow: alabama=22974, arizona=8125, arkansas=6338, idaho=1177, indiana=13225840, iowa=7408, kentucky=153051, michigan=88744, minnesota=7343, mississippi=4269, nebraska=3190, new mexico=2295, ohio=124523, oklahoma=4539, south carolina=23190, tennessee=60798, texas=21371, utah=3211, virginia=8571, wisconsin=15995

6. kentucky
   - Avg past 21-day population composition: S=4446857, E=1672, I=365, Q=14510, R=2053, D=308
   - Avg past 21-day inflow: alabama=36928, arizona=2958, arkansas=5515, idaho=553, indiana=135597, iowa=2613, kentucky=8793681, michigan=11779, minnesota=2156, mississippi=5153, nebraska=1263, new mexico=1280, ohio=152909, oklahoma=2988, south carolina=39668, tennessee=176774, texas=15187, utah=2095, virginia=15182, wisconsin=3751

7. michigan
   - Avg past 21-day population composition: S=9945094, E=3903, I=3840, Q=21315, R=18624, D=4280
   - Avg past 21-day inflow: alabama=8113, arizona=8680, arkansas=4560, idaho=1523, indiana=129703, iowa=7338, kentucky=18192, michigan=19316097, minnesota=8255, mississippi=2584, nebraska=3436, new mexico=2025, ohio=188909, oklahoma=3971, south carolina=14918, tennessee=29249, texas=24511, utah=3557, virginia=8626, wisconsin=35838

8. minnesota
   - Avg past 21-day population composition: S=5631861, E=1654, I=1641, Q=3254, R=16300, D=687
   - Avg past 21-day inflow: alabama=1899, arizona=6979, arkansas=2066, idaho=1940, indiana=7482, iowa=47204, kentucky=2381, michigan=8178, minnesota=9926499, mississippi=1245, nebraska=8556, new mexico=1542, ohio=6061, oklahoma=4811, south carolina=3275, tennessee=4135, texas=13754, utah=3293, virginia=2594, wisconsin=163059

9. mississippi
   - Avg past 21-day population composition: S=2948603, E=3357, I=240, Q=7379, R=21434, D=1053
   - Avg past 21-day inflow: alabama=136367, arizona=2382, arkansas=26693, idaho=810, indiana=4014, iowa=1977, kentucky=5220, michigan=2484, minnesota=1129, mississippi=6511171, nebraska=750, new mexico=1425, ohio=4085, oklahoma=4471, south carolina=5217, tennessee=161198, texas=39776, utah=1078, virginia=4198, wisconsin=1970

10. nebraska
   - Avg past 21-day population composition: S=1918162, E=2214, I=208, Q=4956, R=4570, D=86
   - Avg past 21-day inflow: alabama=1212, arizona=4266, arkansas=2049, idaho=1255, indiana=2462, iowa=76576, kentucky=1142, michigan=1804, minnesota=10459, mississippi=788, nebraska=3695661, new mexico=1259, ohio=2365, oklahoma=5509, south carolina=1129, tennessee=2417, texas=9553, utah=2085, virginia=1048, wisconsin=2633

11. new mexico
   - Avg past 21-day population composition: S=2080161, E=2007, I=1176, Q=7632, R=3004, D=183
   - Avg past 21-day inflow: alabama=2271, arizona=31247, arkansas=2849, idaho=1983, indiana=1830, iowa=1308, kentucky=1202, michigan=2117, minnesota=1727, mississippi=1954, nebraska=1324, new mexico=3714782, ohio=1809, oklahoma=9916, south carolina=1594, tennessee=2689, texas=160356, utah=6728, virginia=1318, wisconsin=1954

12. ohio
   - Avg past 21-day population composition: S=11670575, E=3890, I=3654, Q=18820, R=28812, D=1687
   - Avg past 21-day inflow: alabama=16822, arizona=9497, arkansas=4999, idaho=1660, indiana=129510, iowa=5386, kentucky=164286, michigan=121813, minnesota=5442, mississippi=3840, nebraska=2969, new mexico=2762, ohio=23204110, oklahoma=5368, south carolina=97174, tennessee=80342, texas=26107, utah=4292, virginia=32062, wisconsin=9819

13. oklahoma
   - Avg past 21-day population composition: S=3942329, E=2174, I=1457, Q=5130, R=14764, D=278
   - Avg past 21-day inflow: alabama=9491, arizona=7700, arkansas=89174, idaho=1352, indiana=4413, iowa=8123, kentucky=2608, michigan=2844, minnesota=3013, mississippi=6478, nebraska=4253, new mexico=10174, ohio=4396, oklahoma=8779277, south carolina=3472, tennessee=8091, texas=180630, utah=2586, virginia=3040, wisconsin=2704

14. south carolina
   - Avg past 21-day population composition: S=5096166, E=2995, I=2271, Q=9072, R=10171, D=448
   - Avg past 21-day inflow: alabama=16744, arizona=2661, arkansas=2557, idaho=741, indiana=7461, iowa=1734, kentucky=9102, michigan=6893, minnesota=1835, mississippi=3991, nebraska=1088, new mexico=1186, ohio=15455, oklahoma=2187, south carolina=10214517, tennessee=37901, texas=14781, utah=1800, virginia=27214, wisconsin=2636

15. tennessee
   - Avg past 21-day population composition: S=6758364, E=7157, I=2860, Q=11747, R=27892, D=542
   - Avg past 21-day inflow: alabama=135515, arizona=6876, arkansas=41028, idaho=1513, indiana=21903, iowa=4893, kentucky=104356, michigan=13441, minnesota=3848, mississippi=116968, nebraska=2587, new mexico=3295, ohio=24391, oklahoma=6859, south carolina=70356, tennessee=13935575, texas=38744, utah=3209, virginia=49216, wisconsin=5895

16. texas
   - Avg past 21-day population composition: S=28884041, E=6761, I=2120, Q=76454, R=64052, D=2741
   - Avg past 21-day inflow: alabama=61110, arizona=48951, arkansas=120834, idaho=9617, indiana=25533, iowa=19227, kentucky=17201, michigan=26780, minnesota=18853, mississippi=52561, nebraska=13531, new mexico=115020, ohio=31324, oklahoma=253534, south carolina=22896, tennessee=54940, texas=58274699, utah=23336, virginia=25244, wisconsin=18629

17. utah
   - Avg past 21-day population composition: S=3165140, E=6834, I=4364, Q=9923, R=14893, D=161
   - Avg past 21-day inflow: alabama=1697, arizona=26533, arkansas=1570, idaho=49681, indiana=2038, iowa=2495, kentucky=1274, michigan=2066, minnesota=2178, mississippi=1087, nebraska=3365, new mexico=5013, ohio=2700, oklahoma=2534, south carolina=1992, tennessee=2754, texas=16310, utah=5818205, virginia=2265, wisconsin=2002

18. virginia
   - Avg past 21-day population composition: S=8479231, E=2047, I=584, Q=50520, R=3441, D=1361
   - Avg past 21-day inflow: alabama=10570, arizona=6406, arkansas=3921, idaho=1326, indiana=9101, iowa=3532, kentucky=14658, michigan=8649, minnesota=2408, mississippi=4702, nebraska=1676, new mexico=2088, ohio=20211, oklahoma=4177, south carolina=94084, tennessee=97459, texas=25749, utah=3320, virginia=15056158, wisconsin=4346

19. wisconsin
   - Avg past 21-day population composition: S=5797182, E=3438, I=2616, Q=6071, R=15886, D=339
   - Avg past 21-day inflow: alabama=3659, arizona=7678, arkansas=3094, idaho=1433, indiana=20037, iowa=35312, kentucky=5833, michigan=37878, minnesota=143876, mississippi=2189, nebraska=3881, new mexico=1325, ohio=11041, oklahoma=3524, south carolina=4786, tennessee=11148, texas=13877, utah=2629, virginia=4632, wisconsin=10976509

Please output the recommended traffic control policy in the required JSON format.
2025-12-27 11:24:21,629 - iowa - INFO - Raw agent output:

2025-12-27 11:24:21,629 - iowa - INFO - Parsed PolicyResponse: policy={} explanation=''
