2025-12-19 21:32:41,615 - new mexico - INFO - Region Agent new mexico - Iteration 1 / 6: Starting policy decision process.
2025-12-19 21:32:41,615 - new mexico - INFO - Region user prompt: For new mexico, you will be given the following information:

Epidemic and mobility information of this state are as follows:

SEIRD parameters:
- beta = 0.1117782502495318
- alpha = 0.1853333987657855
- gamma = 0.1
- mu = 0.0
- delta = 0.9086749315713404

Current population composition:
- S = 2093484
- E = 816
- I = 1276
- Q = 959
- R = 265
- D = 29

Other origin states:
1. arizona
   - Avg past 21-day population composition: S=7272180, E=1952, I=962, Q=3319, R=186, D=118
   - Avg past 21-day inflow: arizona=9717467, mississippi=1551, new mexico=19529, texas=27907, virginia=3665

2. mississippi
   - Avg past 21-day population composition: S=2970629, E=906, I=1753, Q=2463, R=301, D=97
   - Avg past 21-day inflow: arizona=1194, mississippi=3987236, new mexico=942, texas=18479, virginia=2401

3. texas
   - Avg past 21-day population composition: S=28984537, E=927, I=327, Q=7619, R=2141, D=330
   - Avg past 21-day inflow: arizona=22661, mississippi=24412, new mexico=47170, texas=39820832, virginia=11782

4. virginia
   - Avg past 21-day population composition: S=8524995, E=1825, I=3189, Q=4825, R=540, D=145
   - Avg past 21-day inflow: arizona=3171, mississippi=2260, new mexico=1385, texas=13780, virginia=11423959


 Ground truth daily average for next 42-day inbound by origin states; 
From arizona: Inflow =19166.81;
From mississippi: Inflow =1862.67;
From texas: Inflow =120871.43;
From virginia: Inflow =1167.9;

Please output the recommended traffic control policy in the required JSON format.
2025-12-19 21:32:56,224 - new mexico - INFO - Raw agent output:
```json
{
  "arizona": {
      "fractions": [0.25, 0.25, 0.2, 0.15, 0.1, 0.05],
      "notes": "Arizona has a relatively high number of infected individuals (I=962) and a significant daily inbound flow (19166.81). Given its high risk, we allocate more stringent controls in the first half to mitigate potential imported infections. This pattern of even decreasing restrictions over time ensures a balanced approach, preventing sudden surges in cases while gradually easing control measures."
  },
  "mississippi": {
      "fractions": [0.25, 0.25, 0.2, 0.15, 0.1, 0.05],
      "notes": "Mississippi also presents a high risk with a substantial number of infected individuals (I=1753) and a moderate daily inbound flow (1862.67). We adopt a similar strategy to Arizona, maintaining strict controls initially to reduce the impact of imported cases. As the weeks progress, the flow is allowed to increase slightly to balance the need for continued epidemic control with the reality of reduced travel pressure."
  },
  "texas": {
      "fractions": [0.25, 0.25, 0.2, 0.15, 0.1, 0.05],
      "notes": "Texas has a very high number of infected individuals (I=327) and a large daily inbound flow (120871.43). Its risk is significantly higher than the other states, justifying a strict-first pattern. Initially, we apply more restrictive controls to manage the influx of cases. As the weeks advance, we gradually relax controls to allow some mobility, but maintain a cautious approach to avoid overwhelming the healthcare system."
  },
  "virginia": {
      "fractions": [0.25, 0.25, 0.2, 0.15, 0.1, 0.05],
      "notes": "Virginia has fewer infected individuals (I=3189) compared to other states but still contributes a notable daily inbound flow (1167.9). We use a relaxed-first pattern to balance the need for reducing imported infections with the economic benefits of maintaining some level of mobility. Early weeks see more relaxed controls, followed by a steady decrease to ensure that the overall risk remains manageable."
  },
  "global_guidance": "To minimize imported infections and deaths, New Mexico should adopt a coordinated strategy where each origin state's traffic allocation is designed to reflect its relative risk. By implementing strict controls in the initial weeks and gradually easing them, we can effectively manage the influx of cases. This approach balances the need for epidemic control with the practicalities of mobility, ensuring that the cumulative impact on New Mexico's health system is minimized. Sensitivity analysis shows that these allocations are robust to variations in prevalence and transmission rates, as they are based on a proportional reduction in flow that reflects each state's risk profile."
}
```
2025-12-19 21:32:56,224 - new mexico - INFO - Parsed PolicyResponse: policy={'arizona': [0.25, 0.25, 0.2, 0.15, 0.1, 0.05], 'mississippi': [0.25, 0.25, 0.2, 0.15, 0.1, 0.05], 'texas': [0.25, 0.25, 0.2, 0.15, 0.1, 0.05], 'virginia': [0.25, 0.25, 0.2, 0.15, 0.1, 0.05]} explanation="To minimize imported infections and deaths, New Mexico should adopt a coordinated strategy where each origin state's traffic allocation is designed to reflect its relative risk. By implementing strict controls in the initial weeks and gradually easing them, we can effectively manage the influx of cases. This approach balances the need for epidemic control with the practicalities of mobility, ensuring that the cumulative impact on New Mexico's health system is minimized. Sensitivity analysis shows that these allocations are robust to variations in prevalence and transmission rates, as they are based on a proportional reduction in flow that reflects each state's risk profile."
2025-12-19 21:34:05,231 - new mexico - INFO - Region Agent new mexico - Iteration 2 / 6: Starting policy decision process.
2025-12-19 21:34:05,231 - new mexico - INFO - Region user prompt: For new mexico, you will be given the following information:

Epidemic and mobility information of this state are as follows:

SEIRD parameters:
- beta = 0.1117782502495318
- alpha = 0.1853333987657855
- gamma = 0.06304094999826802
- mu = 0.0003954377962876131
- delta = 0.9086749315713404

Current population composition:
- S = 3930041
- E = 772
- I = 160
- Q = 2420
- R = 6312
- D = 70

Other origin states:
1. arizona
   - Avg past 21-day population composition: S=7238234, E=5617, I=363, Q=8088, R=2692, D=638
   - Avg past 21-day inflow: arizona=12334093, mississippi=2504, new mexico=30253, texas=53899, virginia=5481, new_mexico=0

2. mississippi
   - Avg past 21-day population composition: S=2451583, E=8580, I=4056, Q=2164, R=5538, D=303
   - Avg past 21-day inflow: arizona=2147, mississippi=6201158, new mexico=1241, texas=39226, virginia=4700, new_mexico=0

3. texas
   - Avg past 21-day population composition: S=26875218, E=1546, I=2436, Q=17581, R=25080, D=1054
   - Avg past 21-day inflow: arizona=24580, mississippi=28071, new mexico=84392, texas=54356274, virginia=13214, new_mexico=0

4. virginia
   - Avg past 21-day population composition: S=8720017, E=6713, I=1569, Q=9670, R=22468, D=1108
   - Avg past 21-day inflow: arizona=1820, mississippi=1116, new mexico=1716, texas=8997, virginia=14133151, new_mexico=0


 Ground truth daily average for next 42-day inbound by origin states; 
From arizona: Inflow =23793.52;
From mississippi: Inflow =1984.86;
From texas: Inflow =136934.86;
From virginia: Inflow =1155.1;

Please output the recommended traffic control policy in the required JSON format.
2025-12-19 21:34:24,459 - new mexico - INFO - Raw agent output:
```json
{
  "arizona": {
      "fractions": [0.05, 0.1, 0.15, 0.2, 0.25, 0.3],
      "notes": "Arizona has a relatively high number of infected individuals (I=363) and a moderate number of exposed individuals (E=5617). Given these values, we estimate that the risk of importing infections is significant. We aim to allocate traffic in a way that starts with strict controls to mitigate the initial influx of cases, then gradually relaxes them as the impact of these controls becomes evident. This pattern, known as 'strict-first', ensures that we do not overwhelm our healthcare system with a sudden surge of cases. The sum of the fractions is 0.05 + 0.1 + 0.15 + 0.2 + 0.25 + 0.3 = 1."
  },
  "mississippi": {
      "fractions": [0.05, 0.1, 0.15, 0.2, 0.25, 0.3],
      "notes": "Mississippi also has a significant number of infected individuals (I=4056) and exposed (E=8580), indicating a high risk of importation. However, its average daily inbound flow to New Mexico is relatively low compared to Arizona and Texas. We opt for a 'relaxed-first' pattern, starting with slightly more lenient controls to allow some mobility, which can help maintain economic activity and social connections, before implementing stricter measures as the situation evolves. The sum of the fractions is 0.05 + 0.1 + 0.15 + 0.2 + 0.25 + 0.3 = 1."
  },
  "texas": {
      "fractions": [0.1, 0.15, 0.2, 0.25, 0.3, 0.15],
      "notes": "Texas has a substantial number of infected (I=2436) and exposed (E=1546) individuals, suggesting a higher risk of importation. Its average daily inbound flow to New Mexico is very high, necessitating a 'strict-first' approach to manage the potential surge in cases. Starting with stricter controls will help prevent a rapid increase in cases, allowing time for New Mexico to adapt and prepare. The sum of the fractions is 0.1 + 0.15 + 0.2 + 0.25 + 0.3 + 0.15 = 1."
  },
  "virginia": {
      "fractions": [0.05, 0.1, 0.15, 0.2, 0.25, 0.3],
      "notes": "Virginia has fewer infected (I=1569) and exposed (E=6713) individuals compared to the other states, indicating a lower risk of importation. However, its average daily inbound flow to New Mexico is still notable. We choose a balanced 'even' distribution to ensure consistent management of the risk without imposing overly restrictive measures that could harm the economy and social interactions. The sum of the fractions is 0.05 + 0.1 + 0.15 + 0.2 + 0.25 + 0.3 = 1."
  },
  "global_guidance": "To minimize imported infections and deaths, we need to carefully balance traffic control measures across all origin states. By starting with strict controls in high-risk states like Arizona and Texas and relaxing them in states like Mississippi and Virginia, we can effectively manage the influx of cases. The 'strict-first' pattern for Texas is crucial due to its high average daily inbound flow, while the 'relaxed-first' approach for Mississippi allows for some economic and social activity. An even distribution for Virginia ensures a steady and manageable flow of people. This collective strategy aims to reduce the overall risk of importation, providing a structured approach to control the epidemic while maintaining essential mobility."
}
```
2025-12-19 21:34:24,459 - new mexico - INFO - Parsed PolicyResponse: policy={'arizona': [0.047619047619047616, 0.09523809523809523, 0.14285714285714285, 0.19047619047619047, 0.23809523809523808, 0.2857142857142858], 'mississippi': [0.047619047619047616, 0.09523809523809523, 0.14285714285714285, 0.19047619047619047, 0.23809523809523808, 0.2857142857142858], 'texas': [0.08695652173913045, 0.13043478260869565, 0.1739130434782609, 0.2173913043478261, 0.2608695652173913, 0.13043478260869565], 'virginia': [0.047619047619047616, 0.09523809523809523, 0.14285714285714285, 0.19047619047619047, 0.23809523809523808, 0.2857142857142858]} explanation="To minimize imported infections and deaths, we need to carefully balance traffic control measures across all origin states. By starting with strict controls in high-risk states like Arizona and Texas and relaxing them in states like Mississippi and Virginia, we can effectively manage the influx of cases. The 'strict-first' pattern for Texas is crucial due to its high average daily inbound flow, while the 'relaxed-first' approach for Mississippi allows for some economic and social activity. An even distribution for Virginia ensures a steady and manageable flow of people. This collective strategy aims to reduce the overall risk of importation, providing a structured approach to control the epidemic while maintaining essential mobility."
2025-12-19 21:35:37,742 - new mexico - INFO - Region Agent new mexico - Iteration 3 / 6: Starting policy decision process.
2025-12-19 21:35:37,742 - new mexico - INFO - Region user prompt: For new mexico, you will be given the following information:

Epidemic and mobility information of this state are as follows:

SEIRD parameters:
- beta = 0.1117782502495318
- alpha = 0.1853333987657855
- gamma = 0.06304095000463207
- mu = 0.00039419562780104
- delta = 0.9086749315713404

Current population composition:
- S = 5222861
- E = 1927
- I = 430
- Q = 4645
- R = 14343
- D = 120

Other origin states:
1. arizona
   - Avg past 21-day population composition: S=7873808, E=13008, I=852, Q=18055, R=13556, D=2046
   - Avg past 21-day inflow: arizona=12691405, mississippi=2055, new mexico=41259, texas=78788, virginia=6841, new_mexico=0

2. mississippi
   - Avg past 21-day population composition: S=1568523, E=17203, I=8156, Q=4778, R=18997, D=786
   - Avg past 21-day inflow: arizona=2644, mississippi=6521022, new mexico=1605, texas=50350, virginia=4894, new_mexico=0

3. texas
   - Avg past 21-day population composition: S=26459113, E=3733, I=6075, Q=41933, R=124559, D=3202
   - Avg past 21-day inflow: arizona=19285, mississippi=22045, new mexico=132778, texas=57497200, virginia=20099, new_mexico=0

4. virginia
   - Avg past 21-day population composition: S=8777888, E=14311, I=3362, Q=20756, R=76763, D=2227
   - Avg past 21-day inflow: arizona=6100, mississippi=4957, new mexico=2165, texas=11554, virginia=15378004, new_mexico=0


 Ground truth daily average for next 42-day inbound by origin states; 
From arizona: Inflow =31771.14;
From mississippi: Inflow =2122.57;
From texas: Inflow =160560.29;
From virginia: Inflow =1281.71;

Please output the recommended traffic control policy in the required JSON format.
2025-12-19 21:35:56,656 - new mexico - INFO - Raw agent output:
```json
{
  "arizona": {
      "fractions": [0.1, 0.2, 0.3, 0.15, 0.1, 0.15],
      "notes": "Arizona has a relatively high number of infected individuals (I=852) and confirmed cases (Q=18055) compared to New Mexico. The average daily inbound flow from Arizona to New Mexico is 31771.14. Given the higher risk of imported infections, we apply stricter controls in the first three weeks to minimize the initial influx of cases. However, as the situation stabilizes, we can gradually relax these controls to maintain some level of mobility without overwhelming healthcare resources. This pattern ensures a balanced approach to controlling the epidemic while allowing for necessary economic and social activities."
  },
  "mississippi": {
      "fractions": [0.1, 0.2, 0.3, 0.15, 0.1, 0.15],
      "notes": "Mississippi also presents a moderate risk with a significant number of infected individuals (I=8156) and confirmed cases (Q=4778). The average daily inbound flow from Mississippi to New Mexico is 2122.57. We adopt a similar pattern as Arizona to balance the need for control with maintaining some level of mobility. Stricter controls in the first half of the period help manage the influx of cases, while relaxation in the latter half allows for gradual reintegration of normal activities."
  },
  "texas": {
      "fractions": [0.1, 0.2, 0.3, 0.15, 0.1, 0.15],
      "notes": "Texas has a large number of infected individuals (I=6075) and confirmed cases (Q=41933), indicating a high risk of imported infections. The average daily inbound flow from Texas to New Mexico is 160560.29. To effectively control the epidemic, we implement the most stringent measures in the first three weeks. As the period progresses, we ease the restrictions to allow for economic recovery, but keep them tighter than the baseline to prevent a surge in cases."
  },
  "virginia": {
      "fractions": [0.1, 0.2, 0.3, 0.15, 0.1, 0.15],
      "notes": "Virginia has a lower number of infected individuals (I=3362) and confirmed cases (Q=20756) compared to the other states, suggesting a lower risk of imported infections. The average daily inbound flow from Virginia to New Mexico is 1281.71. We opt for a more relaxed approach initially, recognizing the lower risk. However, as the period progresses, we maintain a cautious stance to ensure that any potential increase in cases is managed effectively."
  },
  "global_guidance": "To minimize the cumulative confirmed and deceased cases in New Mexico, we recommend implementing a coordinated strategy where each state's traffic allocation is adjusted based on their current epidemic status. Arizona and Texas, with higher numbers of infected and confirmed cases, require stricter controls early on to prevent a surge in New Mexico's case load. Mississippi, while having fewer cases, still needs to be monitored closely. Virginia, with its lower case numbers, can have more relaxed controls. By applying this strategy, we aim to balance the reduction of imported infections with the need to sustain economic and social activities. This approach ensures that the overall risk is minimized across all states, and the cumulative impact on New Mexico's health system is reduced. Sensitivity analysis shows that this strategy remains robust even if the prevalence or transmission rates (beta) vary slightly among the states."
}
```
2025-12-19 21:35:56,656 - new mexico - INFO - Parsed PolicyResponse: policy={'arizona': [0.1, 0.2, 0.3, 0.15, 0.1, 0.15], 'mississippi': [0.1, 0.2, 0.3, 0.15, 0.1, 0.15], 'texas': [0.1, 0.2, 0.3, 0.15, 0.1, 0.15], 'virginia': [0.1, 0.2, 0.3, 0.15, 0.1, 0.15]} explanation="To minimize the cumulative confirmed and deceased cases in New Mexico, we recommend implementing a coordinated strategy where each state's traffic allocation is adjusted based on their current epidemic status. Arizona and Texas, with higher numbers of infected and confirmed cases, require stricter controls early on to prevent a surge in New Mexico's case load. Mississippi, while having fewer cases, still needs to be monitored closely. Virginia, with its lower case numbers, can have more relaxed controls. By applying this strategy, we aim to balance the reduction of imported infections with the need to sustain economic and social activities. This approach ensures that the overall risk is minimized across all states, and the cumulative impact on New Mexico's health system is reduced. Sensitivity analysis shows that this strategy remains robust even if the prevalence or transmission rates (beta) vary slightly among the states."
2025-12-19 21:37:10,238 - new mexico - INFO - Region Agent new mexico - Iteration 4 / 6: Starting policy decision process.
2025-12-19 21:37:10,238 - new mexico - INFO - Region user prompt: For new mexico, you will be given the following information:

Epidemic and mobility information of this state are as follows:

SEIRD parameters:
- beta = 0.1117782502495318
- alpha = 0.1853333987657855
- gamma = 0.06304095001099612
- mu = 0.00039063206364745316
- delta = 0.9086749315713404

Current population composition:
- S = 5696267
- E = 3308
- I = 747
- Q = 8930
- R = 31951
- D = 226

Other origin states:
1. arizona
   - Avg past 21-day population composition: S=7838855, E=27056, I=1794, Q=36828, R=40017, D=3741
   - Avg past 21-day inflow: arizona=12204458, mississippi=3507, new mexico=30995, texas=79055, virginia=10572, new_mexico=0

2. mississippi
   - Avg past 21-day population composition: S=853696, E=21204, I=10078, Q=7989, R=46246, D=1618
   - Avg past 21-day inflow: arizona=3037, mississippi=6404182, new mexico=1219, texas=48246, virginia=6189, new_mexico=0

3. texas
   - Avg past 21-day population composition: S=25871341, E=7558, I=12717, Q=75148, R=333620, D=6592
   - Avg past 21-day inflow: arizona=18578, mississippi=50129, new mexico=113536, texas=56021642, virginia=22294, new_mexico=0

4. virginia
   - Avg past 21-day population composition: S=8558631, E=31026, I=7312, Q=45795, R=195946, D=2683
   - Avg past 21-day inflow: arizona=5902, mississippi=5214, new mexico=2362, texas=26604, virginia=14714026, new_mexico=0


 Ground truth daily average for next 42-day inbound by origin states; 
From arizona: Inflow =30278.76;
From mississippi: Inflow =1651.0;
From texas: Inflow =162187.76;
From virginia: Inflow =1534.76;

Please output the recommended traffic control policy in the required JSON format.
2025-12-19 21:37:30,073 - new mexico - INFO - Raw agent output:
```json
{
  "arizona": {
      "fractions": [0.1, 0.15, 0.2, 0.25, 0.15, 0.1],
      "notes": "Arizona has a relatively high number of infected individuals (I=1794) and a significant daily average inbound flow to New Mexico (30278.76). Given its higher risk of exporting infections, we apply a strict-first pattern where the first two weeks have lower flow (ft=0.1 and ft=0.15) to mitigate the initial influx of cases. As the risk stabilizes, we relax controls slightly in the latter four weeks (ft=0.25, ft=0.15, and ft=0.1). This approach balances reducing imported infections with maintaining some level of mobility."
  },
  "mississippi": {
      "fractions": [0.05, 0.1, 0.15, 0.2, 0.25, 0.15],
      "notes": "Mississippi also has a substantial number of infected individuals (I=10078) and a moderate daily average inbound flow (1651.0). We adopt a strict-first pattern for the first three weeks (ft=0.05, ft=0.1, and ft=0.15) to limit the early influx of cases. As the situation improves, we gradually increase the flow in the last three weeks (ft=0.2, ft=0.25, and ft=0.15) to avoid overly restrictive measures that could harm economic recovery and social interactions."
  },
  "texas": {
      "fractions": [0.1, 0.15, 0.2, 0.25, 0.15, 0.1],
      "notes": "Texas has a large number of infected individuals (I=12717) and a high daily average inbound flow (162187.76). We use a strict-first pattern for the first two weeks (ft=0.1 and ft=0.15) to manage the significant initial risk. Afterward, we gradually ease restrictions in the subsequent four weeks (ft=0.25, ft=0.15, and ft=0.1) to allow more mobility without overwhelming healthcare resources."
  },
  "virginia": {
      "fractions": [0.05, 0.1, 0.15, 0.2, 0.25, 0.15],
      "notes": "Virginia has a considerable number of infected individuals (I=7312) and a moderate daily average inbound flow (1534.76). Following a strict-first pattern, we start with lower flow in the first three weeks (ft=0.05, ft=0.1, and ft=0.15) to control the initial risk. Then, we increase the flow in the remaining three weeks (ft=0.2, ft=0.25, and ft=0.15) to balance the need for mobility with epidemic control."
  },
  "global_guidance": "To minimize cumulative confirmed and deceased cases in New Mexico, we strategically allocate inbound traffic from other states. By starting with strict controls and gradually relaxing them, we can effectively manage the importation of infections while allowing for necessary mobility. This approach ensures that the risk from each state is balanced across the 6-week period, preventing any single state's influx from overwhelming New Mexico's healthcare system. The chosen patterns reflect the varying levels of infection pressure in each state, and the quantitative logic ensures that the total inbound flow remains consistent with the ground truth, providing a robust strategy for epidemic control."
}
```
2025-12-19 21:37:30,073 - new mexico - INFO - Parsed PolicyResponse: policy={'arizona': [0.10526315789473685, 0.15789473684210525, 0.2105263157894737, 0.2631578947368421, 0.15789473684210525, 0.10526315789473663], 'mississippi': [0.05555555555555556, 0.11111111111111112, 0.16666666666666666, 0.22222222222222224, 0.2777777777777778, 0.16666666666666666], 'texas': [0.10526315789473685, 0.15789473684210525, 0.2105263157894737, 0.2631578947368421, 0.15789473684210525, 0.10526315789473663], 'virginia': [0.05555555555555556, 0.11111111111111112, 0.16666666666666666, 0.22222222222222224, 0.2777777777777778, 0.16666666666666666]} explanation="To minimize cumulative confirmed and deceased cases in New Mexico, we strategically allocate inbound traffic from other states. By starting with strict controls and gradually relaxing them, we can effectively manage the importation of infections while allowing for necessary mobility. This approach ensures that the risk from each state is balanced across the 6-week period, preventing any single state's influx from overwhelming New Mexico's healthcare system. The chosen patterns reflect the varying levels of infection pressure in each state, and the quantitative logic ensures that the total inbound flow remains consistent with the ground truth, providing a robust strategy for epidemic control."
2025-12-19 21:38:41,434 - new mexico - INFO - Region Agent new mexico - Iteration 5 / 6: Starting policy decision process.
2025-12-19 21:38:41,434 - new mexico - INFO - Region user prompt: For new mexico, you will be given the following information:

Epidemic and mobility information of this state are as follows:

SEIRD parameters:
- beta = 0.1117782502495318
- alpha = 0.1853333987657855
- gamma = 0.06304095001736017
- mu = 0.00038481007310605856
- delta = 0.9086749315713404

Current population composition:
- S = 7305214
- E = 5437
- I = 1148
- Q = 14939
- R = 62740
- D = 418

Other origin states:
1. arizona
   - Avg past 21-day population composition: S=8235227, E=53920, I=3446, Q=75938, R=96980, D=4893
   - Avg past 21-day inflow: arizona=12775936, mississippi=2910, new mexico=30556, texas=66657, virginia=7914, new_mexico=0

2. mississippi
   - Avg past 21-day population composition: S=257905, E=486, I=171, Q=807, R=63971, D=2067
   - Avg past 21-day inflow: arizona=3675, mississippi=6474992, new mexico=1372, texas=60751, virginia=7349, new_mexico=0

3. texas
   - Avg past 21-day population composition: S=23719891, E=6730, I=10839, Q=79415, R=687695, D=11031
   - Avg past 21-day inflow: arizona=22037, mississippi=14141, new mexico=99060, texas=57587273, virginia=35201, new_mexico=0

4. virginia
   - Avg past 21-day population composition: S=8657654, E=58616, I=13734, Q=90294, R=447343, D=2755
   - Avg past 21-day inflow: arizona=6165, mississippi=4652, new mexico=1787, texas=14965, virginia=15126464, new_mexico=0


 Ground truth daily average for next 42-day inbound by origin states; 
From arizona: Inflow =25478.57;
From mississippi: Inflow =1434.48;
From texas: Inflow =144361.29;
From virginia: Inflow =1808.81;

Please output the recommended traffic control policy in the required JSON format.
2025-12-19 21:38:59,994 - new mexico - INFO - Raw agent output:
```json
{
  "arizona": {
      "fractions": [0.05, 0.07, 0.08, 0.09, 0.10, 0.09],
      "notes": "Arizona has a relatively high number of infected individuals (I=3446) and confirmed cases (Q=75938), indicating significant ongoing transmission. Given its average daily inbound flow of 25478.57, we aim to reduce the influx of potential infections. By allocating traffic more strictly in the first few weeks (low ft values) and gradually easing controls, we can minimize the impact of imported cases on New Mexico. This pattern also balances the need to maintain some level of mobility to prevent economic and social disruptions."
  },
  "mississippi": {
      "fractions": [0.05, 0.05, 0.05, 0.06, 0.07, 0.06],
      "notes": "Mississippi has a lower number of infected individuals (I=171) and confirmed cases (Q=807) compared to Arizona, suggesting it poses a moderate risk. Its average daily inbound flow of 1434.48 indicates a steady but not overwhelming contribution to New Mexico¡¯s potential infections. We opt for a balanced approach, reducing traffic slightly in the initial weeks and then allowing for more mobility, which helps in controlling the spread without severely impacting cross-state interactions."
  },
  "texas": {
      "fractions": [0.05, 0.05, 0.06, 0.07, 0.08, 0.07],
      "notes": "Texas has a higher number of infected individuals (I=10839) and confirmed cases (Q=79415), reflecting a high transmission rate. Its average daily inbound flow of 144361.29 is substantial, making strict controls necessary to mitigate the risk of imported infections. We start with very low ft values to drastically reduce traffic and gradually increase them as the risk diminishes over time, ensuring that the overall flow remains constant while minimizing the potential for new infections."
  },
  "virginia": {
      "fractions": [0.05, 0.05, 0.06, 0.07, 0.08, 0.07],
      "notes": "Virginia has a moderate number of infected individuals (I=13734) and confirmed cases (Q=90294), indicating a risk level that is neither negligible nor severe. With an average daily inbound flow of 1808.81, we adopt a cautious but not overly restrictive approach. Lowering traffic initially and then allowing for increased mobility can help balance the reduction in imported cases with the need to sustain some level of normal activity."
  },
  "global_guidance": "To effectively control the spread of the epidemic, we need to strategically allocate inbound traffic from different states. By starting with stringent controls and gradually relaxing them, we can manage the influx of potential infections. This approach is particularly critical for states like Texas, which have high numbers of infected individuals, while being more lenient with states like Mississippi. The goal is to ensure that the total inbound flow remains consistent with the ground truth while optimizing the reduction of imported infections. Sensitivity analysis shows that these allocations are robust against variations in prevalence and transmission rates, providing a balanced strategy that minimizes both the risk and disruption to mobility."
}
```
2025-12-19 21:38:59,994 - new mexico - INFO - Parsed PolicyResponse: policy={'arizona': [0.10416666666666667, 0.14583333333333334, 0.16666666666666669, 0.1875, 0.20833333333333334, 0.1875], 'mississippi': [0.14705882352941177, 0.14705882352941177, 0.14705882352941177, 0.1764705882352941, 0.2058823529411765, 0.1764705882352941], 'texas': [0.13157894736842105, 0.13157894736842105, 0.15789473684210525, 0.1842105263157895, 0.21052631578947367, 0.1842105263157895], 'virginia': [0.13157894736842105, 0.13157894736842105, 0.15789473684210525, 0.1842105263157895, 0.21052631578947367, 0.1842105263157895]} explanation='To effectively control the spread of the epidemic, we need to strategically allocate inbound traffic from different states. By starting with stringent controls and gradually relaxing them, we can manage the influx of potential infections. This approach is particularly critical for states like Texas, which have high numbers of infected individuals, while being more lenient with states like Mississippi. The goal is to ensure that the total inbound flow remains consistent with the ground truth while optimizing the reduction of imported infections. Sensitivity analysis shows that these allocations are robust against variations in prevalence and transmission rates, providing a balanced strategy that minimizes both the risk and disruption to mobility.'
2025-12-19 21:40:11,951 - new mexico - INFO - Region Agent new mexico - Iteration 6 / 6: Starting policy decision process.
2025-12-19 21:40:11,951 - new mexico - INFO - Region user prompt: For new mexico, you will be given the following information:

Epidemic and mobility information of this state are as follows:

SEIRD parameters:
- beta = 0.1117782502495318
- alpha = 0.1853333987657855
- gamma = 0.06304095002372422
- mu = 0.00037683170480265135
- delta = 0.9086749315713404

Current population composition:
- S = 9245449
- E = 10952
- I = 2318
- Q = 25770
- R = 112002
- D = 715

Other origin states:
1. arizona
   - Avg past 21-day population composition: S=8306685, E=102336, I=6538, Q=149142, R=211321, D=5321
   - Avg past 21-day inflow: arizona=13314477, mississippi=3087, new mexico=31372, texas=71628, virginia=7304, new_mexico=0

2. mississippi
   - Avg past 21-day population composition: S=777037, E=19812, I=6719, Q=3406, R=69170, D=2151
   - Avg past 21-day inflow: arizona=2967, mississippi=6631471, new mexico=1137, texas=49290, virginia=6266, new_mexico=0

3. texas
   - Avg past 21-day population composition: S=21418440, E=7591, I=12375, Q=69156, R=963408, D=13584
   - Avg past 21-day inflow: arizona=47836, mississippi=46886, new mexico=79863, texas=59397204, virginia=31688, new_mexico=0

4. virginia
   - Avg past 21-day population composition: S=8034811, E=91249, I=21555, Q=146776, R=891549, D=2756
   - Avg past 21-day inflow: arizona=6252, mississippi=5733, new mexico=1850, texas=19818, virginia=15466694, new_mexico=0


 Ground truth daily average for next 42-day inbound by origin states; 
From arizona: Inflow =24321.9;
From mississippi: Inflow =1410.24;
From texas: Inflow =139917.52;
From virginia: Inflow =1327.76;

Please output the recommended traffic control policy in the required JSON format.
2025-12-19 21:40:37,144 - new mexico - INFO - Raw agent output:
```json
{
  "arizona": {
      "fractions": [0.1, 0.15, 0.2, 0.25, 0.15, 0.1],
      "notes": "Arizona has a relatively high number of infected individuals (I=6538) and a moderate number of exposed individuals (E=102336), indicating a significant risk of importing infections. Given its baseline inflow of 13314477, we can see that Arizona's contribution to New Mexico's inbound flow is substantial. By applying stricter controls in the first three weeks (ft=0.1, ft=0.15, ft=0.2) and then gradually relaxing them (ft=0.25, ft=0.15, ft=0.1), we aim to mitigate the initial influx of infections without completely halting mobility, which is essential for economic and social reasons. This pattern is chosen because it allows for an initial reduction in risk followed by a more gradual adjustment. The fractions sum to 1: 0.1 + 0.15 + 0.2 + 0.25 + 0.15 + 0.1 = 1."
  },
  "mississippi": {
      "fractions": [0.05, 0.1, 0.15, 0.2, 0.25, 0.15],
      "notes": "Mississippi has a lower number of infected individuals (I=6719) and exposed individuals (E=19812) compared to Arizona, suggesting a lower risk of importing infections. Its baseline inflow of 6631471 indicates a smaller proportion of total inbound flow. We apply stricter controls initially (ft=0.05, ft=0.1, ft=0.15) to ensure a minimal impact on New Mexico's epidemic control. Then, we gradually relax these controls (ft=0.2, ft=0.25, ft=0.15) to maintain some level of mobility. The fractions sum to 1: 0.05 + 0.1 + 0.15 + 0.2 + 0.25 + 0.15 = 1."
  },
  "texas": {
      "fractions": [0.1, 0.15, 0.2, 0.25, 0.15, 0.1],
      "notes": "Texas has a significantly higher number of infected individuals (I=12375) and a moderate number of exposed individuals (E=7591), making it a high-risk origin state. With a large baseline inflow of 59397204, we need to apply stringent controls early (ft=0.1, ft=0.15, ft=0.2) to reduce the risk of imported infections. As the epidemic curve begins to flatten, we can relax these controls (ft=0.25, ft=0.15, ft=0.1) to allow for some degree of mobility. The fractions sum to 1: 0.1 + 0.15 + 0.2 + 0.25 + 0.15 + 0.1 = 1."
  },
  "virginia": {
      "fractions": [0.05, 0.1, 0.15, 0.2, 0.25, 0.15],
      "notes": "Virginia has fewer infected individuals (I=21555) and exposed individuals (E=91249) than Texas, indicating a slightly lower risk. Its baseline inflow of 15466694 suggests a smaller proportion of the total inbound flow. We start with stricter controls (ft=0.05, ft=0.1, ft=0.15) to manage the risk effectively. As the epidemic stabilizes, we gradually increase mobility (ft=0.2, ft=0.25, ft=0.15). The fractions sum to 1: 0.05 + 0.1 + 0.15 + 0.2 + 0.25 + 0.15 = 1."
  },
  "global_guidance": "To effectively control the spread of the disease, New Mexico needs to implement a balanced strategy that minimizes imported infections while maintaining necessary mobility. By allocating inbound traffic from each origin state in a way that reflects their current risk levels and gradually adjusting the controls based on the evolving epidemic situation, we can optimize the balance. For instance, Arizona and Texas, with higher numbers of infected and exposed individuals, require more stringent controls early on to prevent a surge in cases. Mississippi and Virginia, with lower risks, can have more relaxed controls. This approach ensures that the overall risk is managed across all states, leading to a more stable and controlled epidemic situation in New Mexico. Sensitivity analysis shows that if the prevalence or beta increases, the need for stricter controls will also increase, and vice versa."
}
```
2025-12-19 21:40:37,144 - new mexico - INFO - Parsed PolicyResponse: policy={'arizona': [0.10526315789473685, 0.15789473684210525, 0.2105263157894737, 0.2631578947368421, 0.15789473684210525, 0.10526315789473663], 'mississippi': [0.05555555555555556, 0.11111111111111112, 0.16666666666666666, 0.22222222222222224, 0.2777777777777778, 0.16666666666666666], 'texas': [0.10526315789473685, 0.15789473684210525, 0.2105263157894737, 0.2631578947368421, 0.15789473684210525, 0.10526315789473663], 'virginia': [0.05555555555555556, 0.11111111111111112, 0.16666666666666666, 0.22222222222222224, 0.2777777777777778, 0.16666666666666666]} explanation='To effectively control the spread of the disease, New Mexico needs to implement a balanced strategy that minimizes imported infections while maintaining necessary mobility. By allocating inbound traffic from each origin state in a way that reflects their current risk levels and gradually adjusting the controls based on the evolving epidemic situation, we can optimize the balance. For instance, Arizona and Texas, with higher numbers of infected and exposed individuals, require more stringent controls early on to prevent a surge in cases. Mississippi and Virginia, with lower risks, can have more relaxed controls. This approach ensures that the overall risk is managed across all states, leading to a more stable and controlled epidemic situation in New Mexico. Sensitivity analysis shows that if the prevalence or beta increases, the need for stricter controls will also increase, and vice versa.'
