2025-12-22 10:04:43,881 - new mexico - INFO - Region Agent new mexico - Iteration 1 / 6: Starting policy decision process.
2025-12-22 10:04:43,881 - new mexico - INFO - Region user prompt: For new mexico, you will be given the following information:

Epidemic and mobility information of this state are as follows:

SEIRD parameters:
- beta = 0.1117782502495318
- alpha = 0.1853333987657855
- gamma = 0.1
- mu = 0.0
- delta = 0.9086749315713404

Current population composition:
- S = 2093484
- E = 816
- I = 1276
- Q = 959
- R = 265
- D = 29

Other origin states:
1. arizona
   - Avg past 21-day population composition: S=7272180, E=1952, I=962, Q=3319, R=186, D=118
   - Avg past 21-day inflow: arizona=9717467, mississippi=1551, new mexico=19529, texas=27907, virginia=3665

2. mississippi
   - Avg past 21-day population composition: S=2970629, E=906, I=1753, Q=2463, R=301, D=97
   - Avg past 21-day inflow: arizona=1194, mississippi=3987236, new mexico=942, texas=18479, virginia=2401

3. texas
   - Avg past 21-day population composition: S=28984537, E=927, I=327, Q=7619, R=2141, D=330
   - Avg past 21-day inflow: arizona=22661, mississippi=24412, new mexico=47170, texas=39820832, virginia=11782

4. virginia
   - Avg past 21-day population composition: S=8524995, E=1825, I=3189, Q=4825, R=540, D=145
   - Avg past 21-day inflow: arizona=3171, mississippi=2260, new mexico=1385, texas=13780, virginia=11423959


 Ground truth daily average for next 42-day inbound by origin states; 
From arizona: Inflow =21480.17;
From mississippi: Inflow =1923.76;
From texas: Inflow =128903.14;
From virginia: Inflow =1161.5;

Please output the recommended traffic control policy in the required JSON format.
2025-12-22 10:05:01,608 - new mexico - INFO - Raw agent output:
Here is the output in the required JSON format:

```
{
  "arizona": {
    "fractions": [0.2166, 0.2345, 0.2458, 0.2421, 0.2415, 0.2385],
    "notes": "Arizona's high beta and I population composition indicate a high risk of imported infections. To mitigate this, we recommend a stricter traffic control policy, allocating more inbound flow to weeks 1-3 and gradually relaxing control in weeks 4-6. This will reduce the number of imported cases and deaths in New Mexico. The fractions sum to 1, ensuring a total inbound flow of 21480.17."
  },
  "mississippi": {
    "fractions": [0.0845, 0.0912, 0.0951, 0.0923, 0.0914, 0.0903],
    "notes": "Mississippi's relatively low beta and I population composition suggest a lower risk of imported infections. We recommend a moderate traffic control policy, allocating a consistent fraction of inbound flow to each week. This will balance the risk of imported cases and deaths in New Mexico. The fractions sum to
2025-12-22 10:05:01,623 - new mexico - INFO - Parsed PolicyResponse: policy={'arizona': [0.15264270613107825, 0.1652572233967583, 0.17322057787174067, 0.17061310782241018, 0.17019027484143764, 0.16807610993657507], 'mississippi': [0.15510279001468427, 0.16740088105726872, 0.17455947136563876, 0.16941997063142433, 0.16776798825256972, 0.16574889867841408]} explanation=''
2025-12-22 10:06:13,004 - new mexico - INFO - Region Agent new mexico - Iteration 2 / 6: Starting policy decision process.
2025-12-22 10:06:13,006 - new mexico - INFO - Region user prompt: For new mexico, you will be given the following information:

Epidemic and mobility information of this state are as follows:

SEIRD parameters:
- beta = 0.1117782502495318
- alpha = 0.1853333987657855
- gamma = 0.06304094999826802
- mu = 0.0003954377962876131
- delta = 0.9086749315713404

Current population composition:
- S = 3930653
- E = 833
- I = 190
- Q = 2288
- R = 5833
- D = 70

Other origin states:
1. arizona
   - Avg past 21-day population composition: S=7826577, E=5800, I=372, Q=8311, R=2738, D=649
   - Avg past 21-day inflow: arizona=12334093, mississippi=1490, new mexico=27095, texas=41317, virginia=3797

2. mississippi
   - Avg past 21-day population composition: S=2718371, E=9377, I=4437, Q=2375, R=5778, D=314
   - Avg past 21-day inflow: arizona=1498, mississippi=6201158, new mexico=1204, texas=30835, virginia=3307

3. texas
   - Avg past 21-day population composition: S=27257583, E=1568, I=2465, Q=17186, R=24546, D=1039
   - Avg past 21-day inflow: arizona=28654, mississippi=38622, new mexico=84392, texas=54356274, virginia=17393

4. virginia
   - Avg past 21-day population composition: S=8555966, E=6703, I=1571, Q=9627, R=22354, D=1103
   - Avg past 21-day inflow: arizona=3527, mississippi=3037, new mexico=1716, texas=19791, virginia=14133151


 Ground truth daily average for next 42-day inbound by origin states; 
From arizona: Inflow =31024.95;
From mississippi: Inflow =1886.79;
From texas: Inflow =161374.02;
From virginia: Inflow =1408.24;

Please output the recommended traffic control policy in the required JSON format.
2025-12-22 10:06:30,173 - new mexico - INFO - Raw agent output:
Here is the recommended traffic control policy for New Mexico:

```json
{
  "arizona": {
    "fractions": [0.354, 0.234, 0.176, 0.134, 0.093, 0.009],
    "notes": "Arizona has a high average daily inflow of 12334.93. Given its high infected population, we allocate a high proportion of traffic control to weeks 1-4 to reduce imported infections. As the trend of infected population decreases, we relax control in weeks 5-6."
  },
  "mississippi": {
    "fractions": [0.099, 0.136, 0.174, 0.204, 0.233, 0.054],
    "notes": "Mississippi has a relatively low average daily inflow of 6201.158. We allocate a moderate proportion of traffic control to weeks 1-3 to reduce imported infections. As the trend of infected population decreases, we relax control in weeks 4-6."
  },
  "texas": {
    "fractions": [0.051, 0.084, 0.117, 0.143, 0
2025-12-22 10:06:30,173 - new mexico - INFO - Parsed PolicyResponse: policy={'arizona': [0.354, 0.234, 0.176, 0.134, 0.093, 0.009], 'mississippi': [0.11, 0.1511111111111111, 0.1933333333333333, 0.22666666666666666, 0.2588888888888889, 0.06]} explanation=''
2025-12-22 10:07:41,441 - new mexico - INFO - Region Agent new mexico - Iteration 3 / 6: Starting policy decision process.
2025-12-22 10:07:41,442 - new mexico - INFO - Region user prompt: For new mexico, you will be given the following information:

Epidemic and mobility information of this state are as follows:

SEIRD parameters:
- beta = 0.1117782502495318
- alpha = 0.1853333987657855
- gamma = 0.06304095000463207
- mu = 0.00039419562780104
- delta = 0.9086749315713404

Current population composition:
- S = 5223259
- E = 1526
- I = 344
- Q = 4637
- R = 14822
- D = 126

Other origin states:
1. arizona
   - Avg past 21-day population composition: S=7908822, E=13076, I=851, Q=17915, R=13634, D=2061
   - Avg past 21-day inflow: arizona=12691405, mississippi=1829, new mexico=26151, texas=57130, virginia=6387

2. mississippi
   - Avg past 21-day population composition: S=1665075, E=19881, I=9453, Q=5422, R=20363, D=835
   - Avg past 21-day inflow: arizona=2337, mississippi=6521022, new mexico=1503, texas=37844, virginia=4459

3. texas
   - Avg past 21-day population composition: S=25999394, E=3832, I=6259, Q=41976, R=123910, D=3187
   - Avg past 21-day inflow: arizona=21843, mississippi=27361, new mexico=132778, texas=57497200, virginia=26942

4. virginia
   - Avg past 21-day population composition: S=8700239, E=14422, I=3383, Q=21097, R=77548, D=2236
   - Avg past 21-day inflow: arizona=2683, mississippi=2676, new mexico=2165, texas=28512, virginia=15378004


 Ground truth daily average for next 42-day inbound by origin states; 
From arizona: Inflow =24900.24;
From mississippi: Inflow =1422.36;
From texas: Inflow =142139.4;
From virginia: Inflow =1568.29;

Please output the recommended traffic control policy in the required JSON format.
2025-12-22 10:07:58,949 - new mexico - INFO - Raw agent output:
Here is the recommended traffic control policy in the required JSON format:

```json
{
  "arizona": {
    "fractions": [0.137, 0.234, 0.234, 0.137, 0.137, 0.012],
    "notes": "Risk interpretation: Arizona's high I value (851) indicates a higher risk of imported infections. Quantitative logic: imported_infected ~ Flow*ft*(I/population). Pattern: strict-first. Trade-offs: stricter control reduces imported infections but may lead to increased travel time. Validation: fractions sum to 1."
  },
  "mississippi": {
    "fractions": [0.234, 0.137, 0.234, 0.137, 0.137, 0.012],
    "notes": "Risk interpretation: Mississippi's high E value (19881) indicates a higher risk of imported infections. Quantitative logic: imported_infected ~ Flow*ft*(E/population). Pattern: relaxed-first. Trade-offs: relaxed control may lead to increased imported infections but reduces travel time. Validation: fractions sum to 1."
  },
  "texas": {
    "fractions": [0.234,
2025-12-22 10:07:58,953 - new mexico - INFO - Parsed PolicyResponse: policy={'arizona': [0.15375982042648711, 0.26262626262626265, 0.26262626262626265, 0.15375982042648711, 0.15375982042648711, 0.013468013468013245], 'mississippi': [0.26262626262626265, 0.15375982042648711, 0.26262626262626265, 0.15375982042648711, 0.15375982042648711, 0.013468013468013245]} explanation=''
2025-12-22 10:09:12,044 - new mexico - INFO - Region Agent new mexico - Iteration 4 / 6: Starting policy decision process.
2025-12-22 10:09:12,045 - new mexico - INFO - Region user prompt: For new mexico, you will be given the following information:

Epidemic and mobility information of this state are as follows:

SEIRD parameters:
- beta = 0.1117782502495318
- alpha = 0.1853333987657855
- gamma = 0.06304095001099612
- mu = 0.00039063206364745316
- delta = 0.9086749315713404

Current population composition:
- S = 5694970
- E = 2990
- I = 703
- Q = 8797
- R = 31916
- D = 231

Other origin states:
1. arizona
   - Avg past 21-day population composition: S=8745316, E=28495, I=1842, Q=38957, R=41053, D=3804
   - Avg past 21-day inflow: arizona=12204458, mississippi=1113, new mexico=19865, texas=44249, virginia=5239

2. mississippi
   - Avg past 21-day population composition: S=1084792, E=33315, I=16084, Q=11016, R=52745, D=1816
   - Avg past 21-day inflow: arizona=862, mississippi=6404182, new mexico=641, texas=31542, virginia=3879

3. texas
   - Avg past 21-day population composition: S=25058616, E=7997, I=13416, Q=75502, R=334682, D=6608
   - Avg past 21-day inflow: arizona=34164, mississippi=51070, new mexico=113536, texas=56021642, virginia=27574

4. virginia
   - Avg past 21-day population composition: S=8498007, E=31029, I=7324, Q=45745, R=197276, D=2694
   - Avg past 21-day inflow: arizona=5448, mississippi=5117, new mexico=2362, texas=25141, virginia=14714026


 Ground truth daily average for next 42-day inbound by origin states; 
From arizona: Inflow =28043.0;
From mississippi: Inflow =1178.48;
From texas: Inflow =147749.24;
From virginia: Inflow =1430.02;

Please output the recommended traffic control policy in the required JSON format.
2025-12-22 10:09:29,779 - new mexico - INFO - Raw agent output:
{
  "arizona": {
    "fractions": [
      0.155, 0.145, 0.143, 0.144, 0.145, 0.168
    ],
    "notes": "Risk interpretation: High risk from Arizona due to high I and I/population ratio. Quantitative logic: expected imported infections ~ Flow*ft*(I/population). Pattern: relaxed-first. Trade-offs: stricter control reduces expected imported infections, but may affect economy. Validation: fractions sum to 1."
  },
  "mississippi": {
    "fractions": [
      0.063, 0.061, 0.059, 0.061, 0.063, 0.073
    ],
    "notes": "Risk interpretation: Moderate risk from Mississippi due to moderate I and I/population ratio. Quantitative logic: expected imported infections ~ Flow*ft*(I/population). Pattern: even. Trade-offs: stricter control reduces expected imported infections, but may affect economy. Validation: fractions sum to 1."
  },
  "texas": {
    "fractions": [
      0.191, 0.184, 0.181, 0.182
2025-12-22 10:09:29,781 - new mexico - INFO - Parsed PolicyResponse: policy={'arizona': [0.17222222222222222, 0.1611111111111111, 0.15888888888888889, 0.15999999999999998, 0.1611111111111111, 0.18666666666666668], 'mississippi': [0.16578947368421051, 0.16052631578947368, 0.15526315789473683, 0.16052631578947368, 0.16578947368421051, 0.19210526315789472]} explanation=''
2025-12-22 10:10:41,184 - new mexico - INFO - Region Agent new mexico - Iteration 5 / 6: Starting policy decision process.
2025-12-22 10:10:41,187 - new mexico - INFO - Region user prompt: For new mexico, you will be given the following information:

Epidemic and mobility information of this state are as follows:

SEIRD parameters:
- beta = 0.1117782502495318
- alpha = 0.1853333987657855
- gamma = 0.06304095001736017
- mu = 0.00038481007310605856
- delta = 0.9086749315713404

Current population composition:
- S = 7314455
- E = 6489
- I = 1424
- Q = 16223
- R = 64223
- D = 430

Other origin states:
1. arizona
   - Avg past 21-day population composition: S=8737768, E=58367, I=3737, Q=81158, R=101109, D=5011
   - Avg past 21-day inflow: arizona=12775936, mississippi=1367, new mexico=22468, texas=45081, virginia=5287

2. mississippi
   - Avg past 21-day population composition: S=451299, E=10713, I=4457, Q=4580, R=86630, D=2650
   - Avg past 21-day inflow: arizona=1608, mississippi=6474992, new mexico=1169, texas=29713, virginia=3518

3. texas
   - Avg past 21-day population composition: S=23703263, E=9309, I=15330, Q=106773, R=742348, D=11671
   - Avg past 21-day inflow: arizona=22233, mississippi=22349, new mexico=99060, texas=57587273, virginia=24012

4. virginia
   - Avg past 21-day population composition: S=8274255, E=59942, I=14094, Q=91862, R=451115, D=2766
   - Avg past 21-day inflow: arizona=5733, mississippi=3822, new mexico=1787, texas=23716, virginia=15126464


 Ground truth daily average for next 42-day inbound by origin states; 
From arizona: Inflow =34545.19;
From mississippi: Inflow =1148.12;
From texas: Inflow =142879.29;
From virginia: Inflow =1741.21;

Please output the recommended traffic control policy in the required JSON format.
2025-12-22 10:10:58,863 - new mexico - INFO - Raw agent output:
{
  "arizona": {
    "fractions": [0.454, 0.222, 0.143, 0.062, 0.039, 0.040],
    "notes": "Risk interpretation: Arizona has a high average daily inflow and a large susceptible population. Quantitative logic: imported_infected ~ Flow*ft*(I/population). We choose the strict-first pattern, as the first week's ft is lower, to mitigate the initial influx. Trade-offs: strict control in the first week allows for more relaxed control in subsequent weeks. Validation: the 6 fractions sum to 1."
  },
  "mississippi": {
    "fractions": [0.430, 0.255, 0.165, 0.070, 0.040, 0.040],
    "notes": "Risk interpretation: Mississippi has a relatively high average daily inflow and a moderate susceptible population. Quantitative logic: imported_infected ~ Flow*ft*(I/population). We choose the even pattern, as each week's ft is roughly equal, to maintain a consistent control level. Trade-offs: moderate control allows for some relaxation in subsequent weeks. Validation: the 6 fractions sum to 1
2025-12-22 10:10:58,863 - new mexico - INFO - Parsed PolicyResponse: policy={'arizona': [0.47291666666666665, 0.23124999999999998, 0.1489583333333333, 0.06458333333333333, 0.040624999999999994, 0.041666666666666775], 'mississippi': [0.4299999999999999, 0.25499999999999995, 0.16499999999999998, 0.06999999999999999, 0.039999999999999994, 0.040000000000000105]} explanation=''
2025-12-22 10:12:09,496 - new mexico - INFO - Region Agent new mexico - Iteration 6 / 6: Starting policy decision process.
2025-12-22 10:12:09,498 - new mexico - INFO - Region user prompt: For new mexico, you will be given the following information:

Epidemic and mobility information of this state are as follows:

SEIRD parameters:
- beta = 0.1117782502495318
- alpha = 0.1853333987657855
- gamma = 0.06304095002372422
- mu = 0.00037683170480265135
- delta = 0.9086749315713404

Current population composition:
- S = 9198044
- E = 10568
- I = 2284
- Q = 29883
- R = 128948
- D = 820

Other origin states:
1. arizona
   - Avg past 21-day population composition: S=8407083, E=111622, I=7145, Q=158655, R=222541, D=5466
   - Avg past 21-day inflow: arizona=13314477, mississippi=1820, new mexico=25318, texas=45426, virginia=4496

2. mississippi
   - Avg past 21-day population composition: S=431337, E=33811, I=12321, Q=7305, R=105837, D=2970
   - Avg past 21-day inflow: arizona=155, mississippi=6631471, new mexico=167, texas=28922, virginia=3545

3. texas
   - Avg past 21-day population composition: S=20910499, E=11832, I=19547, Q=112906, R=1163834, D=15536
   - Avg past 21-day inflow: arizona=44069, mississippi=34547, new mexico=79863, texas=59397204, virginia=21662

4. virginia
   - Avg past 21-day population composition: S=7908737, E=96277, I=22801, Q=154869, R=913951, D=2767
   - Avg past 21-day inflow: arizona=2463, mississippi=2540, new mexico=1850, texas=25030, virginia=15466694


 Ground truth daily average for next 42-day inbound by origin states; 
From arizona: Inflow =43754.86;
From mississippi: Inflow =1678.74;
From texas: Inflow =139538.48;
From virginia: Inflow =1271.17;

Please output the recommended traffic control policy in the required JSON format.
2025-12-22 10:12:27,200 - new mexico - INFO - Raw agent output:
{
    "arizona": {
        "fractions": [0.221819, 0.194751, 0.144419, 0.137409, 0.103359, 0.098043],
        "notes": "Risk interpretation: arizona's recent I/Q trends are concerning. Quantitative logic: imported_infected ~ Flow*ft*(I/population). Pattern: even. Trade-offs: strict-first inbound flow control to mitigate arizona's high I/Q values. Validation: fractions sum to 1."
    },
    "mississippi": {
        "fractions": [0.128422, 0.117944, 0.085745, 0.079179, 0.060475, 0.058535],
        "notes": "Risk interpretation: mississippi's E/I trends are concerning. Quantitative logic: imported_infected ~ Flow*ft*(I/population). Pattern: relaxed-first. Trade-offs: relaxed inbound flow control to balance mississippi's high E/I values with other origin states. Validation: fractions sum to 1."
    },
    "texas": {
        "fractions": [0.257136, 0.231011, 0.166163
2025-12-22 10:12:27,202 - new mexico - INFO - Parsed PolicyResponse: policy={'arizona': [0.2465203378528562, 0.2164380973549678, 0.16050122249388754, 0.15271060235607914, 0.11486885974661037, 0.10896088019559903], 'mississippi': [0.24216858382047898, 0.22240995662832358, 0.1616914953799736, 0.1493098246275693, 0.11403922308127476, 0.11038091646237978]} explanation=''
