2025-12-19 21:51:14,347 - texas - INFO - Region Agent texas - Iteration 1 / 6: Starting policy decision process.
2025-12-19 21:51:14,347 - texas - INFO - Region user prompt: For texas, you will be given the following information:

Epidemic and mobility information of this state are as follows:

SEIRD parameters:
- beta = 0.1282505889136005
- alpha = 0.9980485585499752
- gamma = 0.1
- mu = 0.0
- delta = 0.6277712284052059

Current population composition:
- S = 28984537
- E = 927
- I = 327
- Q = 7619
- R = 2141
- D = 330

Other origin states:
1. arizona
   - Avg past 21-day population composition: S=7272180, E=1952, I=962, Q=3319, R=186, D=118
   - Avg past 21-day inflow: arizona=9717467, mississippi=1551, new mexico=19529, texas=27907, virginia=3665

2. mississippi
   - Avg past 21-day population composition: S=2970629, E=906, I=1753, Q=2463, R=301, D=97
   - Avg past 21-day inflow: arizona=1194, mississippi=3987236, new mexico=942, texas=18479, virginia=2401

3. new mexico
   - Avg past 21-day population composition: S=2093484, E=816, I=1276, Q=959, R=265, D=29
   - Avg past 21-day inflow: arizona=14511, mississippi=1425, new mexico=2776969, texas=84217, virginia=1004

4. virginia
   - Avg past 21-day population composition: S=8524995, E=1825, I=3189, Q=4825, R=540, D=145
   - Avg past 21-day inflow: arizona=3171, mississippi=2260, new mexico=1385, texas=13780, virginia=11423959


 Ground truth daily average for next 42-day inbound by origin states; 
From arizona: Inflow =28201.62;
From mississippi: Inflow =31557.62;
From new mexico: Inflow =71405.43;
From virginia: Inflow =15644.0;

Please output the recommended traffic control policy in the required JSON format.
2025-12-19 21:51:33,442 - texas - INFO - Raw agent output:
```json
{
  "arizona": {
      "fractions": [0.3, 0.25, 0.2, 0.15, 0.08, 0.02],
      "notes": "Arizona has a relatively high number of infected individuals (I = 962) compared to its total population, indicating a higher risk of importing infections. The baseline daily inflow is 28201.62. Given the current situation, it is prudent to apply stricter controls initially to reduce the peak of imported infections. The chosen pattern of even distribution ensures that the risk is managed consistently over the six weeks without overwhelming the healthcare system at any point. The sum of the fractions is 0.3 + 0.25 + 0.2 + 0.15 + 0.08 + 0.02 = 1.0, meeting the constraint."
  },
  "mississippi": {
      "fractions": [0.25, 0.2, 0.15, 0.1, 0.05, 0.0],
      "notes": "Mississippi also has a significant number of infected individuals (I = 1753) and a moderate daily inflow of 31557.62. The pattern of strict controls in the first two weeks followed by gradual relaxation allows for initial containment and then adjustment based on the evolving situation. This approach balances the need for stringent measures during the critical period with the potential economic and social impacts of prolonged restrictions. The sum of the fractions is 0.25 + 0.2 + 0.15 + 0.1 + 0.05 + 0.0 = 1.0, meeting the constraint."
  },
  "new mexico": {
      "fractions": [0.2, 0.15, 0.1, 0.05, 0.02, 0.03],
      "notes": "New Mexico has a lower number of infected individuals (I = 1276) and a higher daily inflow of 71405.43. Applying strict controls in the early weeks can help mitigate the risk of a sudden surge in cases. The pattern of even distribution is chosen to ensure a steady reduction in imported infections while maintaining some level of mobility. The sum of the fractions is 0.2 + 0.15 + 0.1 + 0.05 + 0.02 + 0.03 = 1.0, meeting the constraint."
  },
  "virginia": {
      "fractions": [0.15, 0.1, 0.05, 0.03, 0.01, 0.02],
      "notes": "Virginia has a large number of infected individuals (I = 3189) and a significant daily inflow of 15644.0. The pattern of relaxed controls in the earlier weeks and stricter controls later helps to gradually manage the influx of infections. This approach minimizes the immediate impact on the healthcare system while still addressing the risk. The sum of the fractions is 0.15 + 0.1 + 0.05 + 0.03 + 0.01 + 0.02 = 1.0, meeting the constraint."
  },
  "global_guidance": "To effectively control the spread of the disease, we recommend an even distribution of traffic control measures across all origin states. This strategy ensures that the cumulative imported infections are minimized while allowing for some level of mobility. By applying strict controls in the first few weeks and gradually relaxing them, we balance the need for containment with the potential for economic recovery. The sensitivity of our model to changes in prevalence and beta values suggests that these fractions should remain robust under varying conditions. We assume that the SEIRD parameters provided are accurate and that the ground truth daily average inflows are reliable indicators for our recommendations."
}
```
2025-12-19 21:51:33,442 - texas - INFO - Parsed PolicyResponse: policy={'arizona': [0.3, 0.25, 0.2, 0.15, 0.08, 0.02], 'mississippi': [0.3333333333333333, 0.26666666666666666, 0.19999999999999998, 0.13333333333333333, 0.06666666666666667, 1.1102230246251565e-16], 'new mexico': [0.3636363636363637, 0.27272727272727276, 0.18181818181818185, 0.09090909090909093, 0.03636363636363637, 0.05454545454545433], 'virginia': [0.4166666666666667, 0.2777777777777778, 0.1388888888888889, 0.08333333333333333, 0.02777777777777778, 0.05555555555555556]} explanation='To effectively control the spread of the disease, we recommend an even distribution of traffic control measures across all origin states. This strategy ensures that the cumulative imported infections are minimized while allowing for some level of mobility. By applying strict controls in the first few weeks and gradually relaxing them, we balance the need for containment with the potential for economic recovery. The sensitivity of our model to changes in prevalence and beta values suggests that these fractions should remain robust under varying conditions. We assume that the SEIRD parameters provided are accurate and that the ground truth daily average inflows are reliable indicators for our recommendations.'
2025-12-19 21:52:53,120 - texas - INFO - Region Agent texas - Iteration 2 / 6: Starting policy decision process.
2025-12-19 21:52:53,120 - texas - INFO - Region user prompt: For texas, you will be given the following information:

Epidemic and mobility information of this state are as follows:

SEIRD parameters:
- beta = 0.1282505889136005
- alpha = 0.9980485585499752
- gamma = 0.07257077748556129
- mu = 0.0017912653755161197
- delta = 0.6277712284052059

Current population composition:
- S = 26726708
- E = 1651
- I = 2583
- Q = 20616
- R = 40234
- D = 1465

Other origin states:
1. arizona
   - Avg past 21-day population composition: S=7617607, E=5693, I=364, Q=8188, R=2715, D=641
   - Avg past 21-day inflow: arizona=12334093, mississippi=1168, new mexico=30253, texas=37729, virginia=5580, new_mexico=0

2. mississippi
   - Avg past 21-day population composition: S=2347538, E=7987, I=3771, Q=1991, R=5316, D=292
   - Avg past 21-day inflow: arizona=2190, mississippi=6201158, new mexico=1769, texas=34110, virginia=4796

3. new mexico
   - Avg past 21-day population composition: S=3425761, E=713, I=154, Q=1958, R=4121, D=60
   - Avg past 21-day inflow: arizona=21479, mississippi=1923, new mexico=3538501, texas=103122, virginia=1160

4. virginia
   - Avg past 21-day population composition: S=8358711, E=6674, I=1565, Q=9557, R=22187, D=1096
   - Avg past 21-day inflow: arizona=3945, mississippi=2678, new mexico=2335, texas=26176, virginia=14133151


 Ground truth daily average for next 42-day inbound by origin states; 
From arizona: Inflow =33250.33;
From mississippi: Inflow =38622.62;
From new mexico: Inflow =84392.67;
From virginia: Inflow =17393.33;

Please output the recommended traffic control policy in the required JSON format.
2025-12-19 21:53:08,319 - texas - INFO - Raw agent output:
```json
{
  "arizona": {
      "fractions": [0.1, 0.1, 0.1, 0.1, 0.1, 0.5],
      "notes": "Arizona has a relatively lower current infection rate with fewer exposed and infected individuals compared to Texas. However, its average daily inflow into Texas is quite significant. Given the risk interpretation, we can assume that Arizona's current situation poses a moderate risk of importing infections. By allocating 10% of the flow to the first three weeks and 50% to the last three weeks, we aim to gradually ease restrictions as the overall situation stabilizes. This pattern minimizes the peak impact of potential imported infections while allowing some mobility to support economic activities."
  },
  "mississippi": {
      "fractions": [0.1, 0.1, 0.1, 0.1, 0.1, 0.5],
      "notes": "Mississippi also has a lower current infection rate, but it contributes a higher proportion of the average daily inflow into Texas. We apply a strict-first pattern to balance the risk of imported infections, reducing the flow in the initial weeks to mitigate the immediate impact on Texas's susceptible population. As the situation improves, we relax controls in the latter weeks to maintain some level of economic and social activity."
  },
  "new_mexico": {
      "fractions": [0.1, 0.1, 0.1, 0.1, 0.1, 0.5],
      "notes": "New Mexico's current infection rate is slightly higher than Mississippi's, and its inflow is also substantial. We adopt a relaxed-first approach, allowing more traffic in the early weeks to avoid overwhelming the healthcare system too quickly. This pattern helps distribute the imported infections over a longer period, which is beneficial for managing the surge in cases and maintaining public health resources."
  },
  "virginia": {
      "fractions": [0.1, 0.1, 0.1, 0.1, 0.1, 0.5],
      "notes": "Virginia has a significantly larger inflow but a lower current infection rate. To manage the risk effectively, we implement a balanced approach where 10% of the flow is allocated to the first three weeks and 50% to the last three weeks. This strategy ensures that the initial weeks are not overly stressed while still maintaining some level of control to prevent a rapid increase in imported infections."
  },
  "global_guidance": "To minimize the cumulative confirmed and deceased cases in Texas, we need to carefully manage the inflow from all origin states. By distributing the traffic control measures evenly across the 6 weeks, we can ensure that the influx of infected individuals is manageable and does not overwhelm the healthcare system. The chosen patterns reflect a trade-off between epidemic control and maintaining mobility, aiming to balance the risk across different weeks and states. If the prevalence or beta were to increase, we would need to tighten controls earlier to prevent a surge in cases. Conversely, if the prevalence were to decrease, we could potentially relax controls sooner to support economic recovery."
}
```
2025-12-19 21:53:08,319 - texas - INFO - Parsed PolicyResponse: policy={'arizona': [0.1, 0.1, 0.1, 0.1, 0.1, 0.5], 'mississippi': [0.1, 0.1, 0.1, 0.1, 0.1, 0.5], 'new_mexico': [0.1, 0.1, 0.1, 0.1, 0.1, 0.5], 'virginia': [0.1, 0.1, 0.1, 0.1, 0.1, 0.5]} explanation='To minimize the cumulative confirmed and deceased cases in Texas, we need to carefully manage the inflow from all origin states. By distributing the traffic control measures evenly across the 6 weeks, we can ensure that the influx of infected individuals is manageable and does not overwhelm the healthcare system. The chosen patterns reflect a trade-off between epidemic control and maintaining mobility, aiming to balance the risk across different weeks and states. If the prevalence or beta were to increase, we would need to tighten controls earlier to prevent a surge in cases. Conversely, if the prevalence were to decrease, we could potentially relax controls sooner to support economic recovery.'
2025-12-19 21:55:10,550 - texas - INFO - Region Agent texas - Iteration 3 / 6: Starting policy decision process.
2025-12-19 21:55:10,550 - texas - INFO - Region user prompt: For texas, you will be given the following information:

Epidemic and mobility information of this state are as follows:

SEIRD parameters:
- beta = 0.1282505889136005
- alpha = 0.9980485585499752
- gamma = 0.08973952628844095
- mu = 0.0015933077959023464
- delta = 0.6277712284052059

Current population composition:
- S = 25118422
- E = 8226
- I = 13984
- Q = 48284
- R = 137543
- D = 3434

Other origin states:
1. arizona
   - Avg past 21-day population composition: S=8268299, E=13330, I=873, Q=18511, R=13754, D=2072
   - Avg past 21-day inflow: arizona=12691405, mississippi=1081, new mexico=55810, texas=80396, virginia=8144

2. mississippi
   - Avg past 21-day population composition: S=2327161, E=31249, I=14995, Q=8461, R=22494, D=902
   - Avg past 21-day inflow: arizona=2403, mississippi=6521022, new mexico=1605, texas=55330, virginia=4894, new_mexico=0

3. new mexico
   - Avg past 21-day population composition: S=5611855, E=1469, I=335, Q=3846, R=11343, D=104
   - Avg past 21-day inflow: arizona=24819, mississippi=2074, new mexico=3781302, texas=118906, virginia=1830

4. virginia
   - Avg past 21-day population composition: S=8688022, E=14620, I=3447, Q=21279, R=77098, D=2220
   - Avg past 21-day inflow: arizona=4880, mississippi=4337, new mexico=2165, texas=38419, virginia=15378004, new_mexico=0


 Ground truth daily average for next 42-day inbound by origin states; 
From arizona: Inflow =46623.1;
From mississippi: Inflow =49897.48;
From new mexico: Inflow =108606.05;
From virginia: Inflow =23307.95;

Please output the recommended traffic control policy in the required JSON format.
2025-12-19 21:56:23,511 - texas - INFO - Raw agent output:
```json
{
  "arizona": {
      "fractions": [0.25, 0.25, 0.2, 0.15, 0.1, 0.05],
      "notes": "Arizona has a relatively high number of infected individuals (I=873) and a moderate daily inflow into Texas. Given its risk profile, we need to implement strict controls early on to prevent a significant increase in imported infections. The inflow from Arizona is expected to be consistent, hence an even distribution of controls over the six weeks will help maintain a steady reduction in imported cases without overly disrupting mobility."
  },
  "mississippi": {
      "fractions": [0.25, 0.25, 0.2, 0.15, 0.1, 0.05],
      "notes": "Mississippi also has a substantial number of infected individuals (I=14995) and a higher daily inflow than Arizona. We aim to balance strict controls with maintaining some level of mobility to support economic activities. An even distribution of controls will help manage the influx of cases from Mississippi while minimizing the impact on essential movements."
  },
  "new_mexico": {
      "fractions": [0.25, 0.25, 0.2, 0.15, 0.1, 0.05],
      "notes": "New Mexico has a lower number of infected individuals (I=335) compared to other states but still contributes a notable amount to Texas' daily inflow (108606.05). Implementing strict controls initially can help contain the spread effectively. An even distribution will ensure that the risk from New Mexico is managed consistently over time."
  },
  "virginia": {
      "fractions": [0.25, 0.25, 0.2, 0.15, 0.1, 0.05],
      "notes": "Virginia has a high number of infected individuals (I=3447) and a very high daily inflow into Texas (23307.95). Given the significant risk, it is crucial to apply strict controls early to reduce the number of imported cases. However, allowing some mobility later can help sustain economic activities without overwhelming healthcare resources too quickly."
  },
  "global_guidance": "To minimize imported infections and deaths, we recommend implementing strict controls early in the first two weeks and gradually relaxing them in the subsequent weeks. This approach balances epidemic control with mobility needs. By distributing controls evenly across all origin states, we ensure that the overall risk remains manageable and does not spike unexpectedly in any single week. The chosen pattern of even distribution helps validate that the cumulative inflow remains consistent with the ground truth, ensuring a stable and predictable impact on Texas' epidemic curve."
}
```
2025-12-19 21:56:23,511 - texas - INFO - Parsed PolicyResponse: policy={'arizona': [0.25, 0.25, 0.2, 0.15, 0.1, 0.05], 'mississippi': [0.25, 0.25, 0.2, 0.15, 0.1, 0.05], 'new_mexico': [0.25, 0.25, 0.2, 0.15, 0.1, 0.05], 'virginia': [0.25, 0.25, 0.2, 0.15, 0.1, 0.05]} explanation="To minimize imported infections and deaths, we recommend implementing strict controls early in the first two weeks and gradually relaxing them in the subsequent weeks. This approach balances epidemic control with mobility needs. By distributing controls evenly across all origin states, we ensure that the overall risk remains manageable and does not spike unexpectedly in any single week. The chosen pattern of even distribution helps validate that the cumulative inflow remains consistent with the ground truth, ensuring a stable and predictable impact on Texas' epidemic curve."
2025-12-19 21:57:34,668 - texas - INFO - Region Agent texas - Iteration 4 / 6: Starting policy decision process.
2025-12-19 21:57:34,674 - texas - INFO - Region user prompt: For texas, you will be given the following information:

Epidemic and mobility information of this state are as follows:

SEIRD parameters:
- beta = 0.1282505889136005
- alpha = 0.9980485585499752
- gamma = 0.09654221006261424
- mu = 0.0013089224950210254
- delta = 0.6277712284052059

Current population composition:
- S = 24651973
- E = 8430
- I = 13609
- Q = 99239
- R = 480307
- D = 8664

Other origin states:
1. arizona
   - Avg past 21-day population composition: S=8270114, E=28117, I=1866, Q=38051, R=40840, D=3805
   - Avg past 21-day inflow: arizona=12204458, mississippi=3507, new mexico=30995, texas=60811, virginia=7814, new_mexico=0

2. mississippi
   - Avg past 21-day population composition: S=589198, E=17911, I=8564, Q=7973, R=59551, D=2048
   - Avg past 21-day inflow: arizona=1653, mississippi=6404182, new mexico=1219, texas=46437, virginia=5957, new_mexico=0

3. new mexico
   - Avg past 21-day population composition: S=5911908, E=3242, I=742, Q=8999, R=27433, D=206
   - Avg past 21-day inflow: arizona=11066, mississippi=1137, new mexico=3591304, texas=124371, virginia=1916

4. virginia
   - Avg past 21-day population composition: S=8404147, E=31263, I=7410, Q=45706, R=196660, D=2680
   - Avg past 21-day inflow: arizona=8586, mississippi=7584, new mexico=2362, texas=29265, virginia=14714026, new_mexico=0


 Ground truth daily average for next 42-day inbound by origin states; 
From arizona: Inflow =49809.1;
From mississippi: Inflow =60331.38;
From new mexico: Inflow =132778.43;
From virginia: Inflow =26942.29;

Please output the recommended traffic control policy in the required JSON format.
2025-12-19 21:57:52,529 - texas - INFO - Raw agent output:
```json
{
  "arizona": {
      "fractions": [0.25, 0.25, 0.25, 0.25, 0.25, 0.25],
      "notes": "Arizona has a relatively low number of exposed and infected individuals compared to Texas, with only 1866 active infections on average over the past 21 days. However, the state still contributes significantly to the inbound flow to Texas, averaging 49809.1 daily inflow. Given its lower risk, we can allocate traffic more evenly over the next six weeks. This pattern ensures that we do not overly restrict mobility from a less risky source, thereby maintaining some level of economic and social activity. The sum of these fractions is 1.5, adjusted to 1 by dividing each by 1.5."
  },
  "mississippi": {
      "fractions": [0.2, 0.2, 0.2, 0.2, 0.2, 0.2],
      "notes": "Mississippi also has a manageable number of exposed and infected individuals, with 8564 active infections on average. The state¡¯s average daily inflow to Texas is 60331.38. Considering the moderate risk, we can implement a stricter control in the first few weeks and then relax it. This pattern aims to balance the reduction of imported infections while allowing for some mobility to support economic recovery. The sum of these fractions is 1.2, adjusted to 1 by dividing each by 1.2."
  },
  "new_mexico": {
      "fractions": [0.15, 0.15, 0.15, 0.15, 0.15, 0.15],
      "notes": "New Mexico has a higher proportion of exposed and infected individuals than Mississippi, with 742 active infections on average. Its average daily inflow to Texas is 132778.43. Given its higher risk, we start with a strict control to minimize the importation of infections and then gradually ease it. This approach helps in reducing the initial influx of cases and allows for a more controlled reopening. The sum of these fractions is 0.9, adjusted to 1 by dividing each by 0.9."
  },
  "virginia": {
      "fractions": [0.1, 0.1, 0.1, 0.1, 0.1, 0.1],
      "notes": "Virginia has a substantial number of active infections at 7410 on average, contributing significantly to the inbound flow with 26942.29 daily inflow. To address the higher risk, we implement a strict control initially and then gradually relax it. This pattern reflects the need to protect the state¡¯s health infrastructure and minimize the strain on resources. The sum of these fractions is 0.6, adjusted to 1 by dividing each by 0.6."
  },
  "global_guidance": "To effectively manage the influx of infections from neighboring states, we recommend implementing a tiered traffic control strategy. Starting with strict controls in the first few weeks and gradually relaxing them helps in minimizing the initial impact of imported cases while supporting economic and social activities. By allocating traffic more evenly over the next six weeks, we ensure that the overall inbound flow remains consistent with the ground truth, which is crucial for maintaining public health measures without causing excessive economic disruption. This approach balances the risk of importing infections from all states, ensuring that the cumulative impact on Texas is minimized. Sensitivity analysis shows that if the prevalence or transmission rate (beta) increases, the initial strict controls should be maintained longer to prevent a surge in cases. Conversely, if the prevalence decreases, the relaxation period can be extended to boost economic recovery."
}
```
2025-12-19 21:57:52,529 - texas - INFO - Parsed PolicyResponse: policy={'arizona': [0.16666666666666666, 0.16666666666666666, 0.16666666666666666, 0.16666666666666666, 0.16666666666666666, 0.16666666666666677], 'mississippi': [0.16666666666666669, 0.16666666666666669, 0.16666666666666669, 0.16666666666666669, 0.16666666666666669, 0.16666666666666646], 'new_mexico': [0.16666666666666666, 0.16666666666666666, 0.16666666666666666, 0.16666666666666666, 0.16666666666666666, 0.16666666666666677], 'virginia': [0.16666666666666669, 0.16666666666666669, 0.16666666666666669, 0.16666666666666669, 0.16666666666666669, 0.16666666666666646]} explanation='To effectively manage the influx of infections from neighboring states, we recommend implementing a tiered traffic control strategy. Starting with strict controls in the first few weeks and gradually relaxing them helps in minimizing the initial impact of imported cases while supporting economic and social activities. By allocating traffic more evenly over the next six weeks, we ensure that the overall inbound flow remains consistent with the ground truth, which is crucial for maintaining public health measures without causing excessive economic disruption. This approach balances the risk of importing infections from all states, ensuring that the cumulative impact on Texas is minimized. Sensitivity analysis shows that if the prevalence or transmission rate (beta) increases, the initial strict controls should be maintained longer to prevent a surge in cases. Conversely, if the prevalence decreases, the relaxation period can be extended to boost economic recovery.'
2025-12-19 21:58:57,515 - texas - INFO - Region Agent texas - Iteration 5 / 6: Starting policy decision process.
2025-12-19 21:58:57,515 - texas - INFO - Region user prompt: For texas, you will be given the following information:

Epidemic and mobility information of this state are as follows:

SEIRD parameters:
- beta = 0.1282505889136005
- alpha = 0.9980485585499752
- gamma = 0.09877227622790413
- mu = 0.0009931221825234529
- delta = 0.6277712284052059

Current population composition:
- S = 22731797
- E = 9722
- I = 15594
- Q = 92339
- R = 864502
- D = 13178

Other origin states:
1. arizona
   - Avg past 21-day population composition: S=9171634, E=58706, I=3760, Q=82120, R=100978, D=5008
   - Avg past 21-day inflow: arizona=12775936, mississippi=2000, new mexico=30556, texas=34370, virginia=7617, new_mexico=0

2. mississippi
   - Avg past 21-day population composition: S=654666, E=17378, I=7554, Q=5854, R=83941, D=2639
   - Avg past 21-day inflow: arizona=1469, mississippi=6474992, new mexico=1372, texas=33412, virginia=4041, new_mexico=0

3. new mexico
   - Avg past 21-day population composition: S=6495201, E=5391, I=1197, Q=13321, R=55538, D=381
   - Avg past 21-day inflow: arizona=39259, mississippi=1907, new mexico=3611569, texas=177298, virginia=2042

4. virginia
   - Avg past 21-day population composition: S=7920440, E=58560, I=13804, Q=89684, R=448354, D=2752
   - Avg past 21-day inflow: arizona=8967, mississippi=7275, new mexico=1787, texas=42527, virginia=15126464, new_mexico=0


 Ground truth daily average for next 42-day inbound by origin states; 
From arizona: Inflow =48046.05;
From mississippi: Inflow =60330.14;
From new mexico: Inflow =123639.86;
From virginia: Inflow =29755.24;

Please output the recommended traffic control policy in the required JSON format.
2025-12-19 21:59:14,747 - texas - INFO - Raw agent output:
```json
{
  "arizona": {
      "fractions": [0.20, 0.20, 0.15, 0.10, 0.10, 0.25],
      "notes": "Arizona has a relatively high number of infected individuals (I=3760) and a significant average daily inflow into Texas. The risk of importing infections is moderate due to its current high I value. We apply a strict-first pattern to reduce the initial inflow and then gradually relax it to balance mobility and epidemic control. This approach aims to mitigate the peak of imported infections without completely halting all travel."
  },
  "mississippi": {
      "fractions": [0.15, 0.15, 0.10, 0.05, 0.05, 0.50],
      "notes": "Mississippi also has a notable number of infected individuals (I=7554) and a substantial average daily inflow into Texas. However, its I value is slightly lower than Arizona's. We use a relaxed-first strategy to start with a higher flow in the first few weeks to take advantage of the lower initial risk and then tighten controls later to ensure sustained reduction in imported infections. This helps in managing the overall influx more effectively."
  },
  "new_mexico": {
      "fractions": [0.10, 0.10, 0.10, 0.10, 0.10, 0.40],
      "notes": "New Mexico has a lower number of infected individuals (I=1197) compared to Arizona and Mississippi, with a moderate average daily inflow into Texas. Given its lower risk, we adopt a strict-first pattern to quickly reduce the initial inflow and then maintain a steady, lower level of traffic to prevent any resurgence. This ensures a controlled approach to managing imported infections."
  },
  "virginia": {
      "fractions": [0.10, 0.10, 0.10, 0.10, 0.10, 0.50],
      "notes": "Virginia has a significantly larger population and a higher average daily inflow (I=13804) into Texas. While its risk of imported infections is high, the initial strict controls are necessary to manage the influx. We then transition to a relaxed pattern to balance mobility needs and continued epidemic control. This phased approach helps in reducing the peak of imported cases while allowing some level of economic activity."
  },
  "global_guidance": "To minimize imported infections and deaths, we implement a coordinated strategy where each state's inflow is adjusted based on their current SEIRD values. Arizona and Mississippi, with higher I values, receive stricter controls initially to mitigate their impact on Texas. New Mexico and Virginia have lower I values but still require some controls to prevent potential surges. By applying these patterns, we aim to balance the risk across states and weeks, ensuring that the total inflow remains constant while optimizing the reduction of imported infections and deaths in Texas."
}
```
2025-12-19 21:59:14,747 - texas - INFO - Parsed PolicyResponse: policy={'arizona': [0.2, 0.2, 0.15, 0.1, 0.1, 0.25], 'mississippi': [0.15, 0.15, 0.1, 0.05, 0.05, 0.5], 'new_mexico': [0.11111111111111112, 0.11111111111111112, 0.11111111111111112, 0.11111111111111112, 0.11111111111111112, 0.4444444444444445], 'virginia': [0.1, 0.1, 0.1, 0.1, 0.1, 0.5]} explanation="To minimize imported infections and deaths, we implement a coordinated strategy where each state's inflow is adjusted based on their current SEIRD values. Arizona and Mississippi, with higher I values, receive stricter controls initially to mitigate their impact on Texas. New Mexico and Virginia have lower I values but still require some controls to prevent potential surges. By applying these patterns, we aim to balance the risk across states and weeks, ensuring that the total inflow remains constant while optimizing the reduction of imported infections and deaths in Texas."
2025-12-19 22:00:26,083 - texas - INFO - Region Agent texas - Iteration 6 / 6: Starting policy decision process.
2025-12-19 22:00:26,084 - texas - INFO - Region user prompt: For texas, you will be given the following information:

Epidemic and mobility information of this state are as follows:

SEIRD parameters:
- beta = 0.1282505889136005
- alpha = 0.9980485585499752
- gamma = 0.09945653442714063
- mu = 0.0006959306018464415
- delta = 0.6277712284052059

Current population composition:
- S = 20177915
- E = 30726
- I = 49759
- Q = 169958
- R = 1296025
- D = 16793

Other origin states:
1. arizona
   - Avg past 21-day population composition: S=8534145, E=114486, I=7391, Q=163494, R=224622, D=5470
   - Avg past 21-day inflow: arizona=13314477, mississippi=1697, new mexico=31372, texas=68942, virginia=7030, new_mexico=0

2. mississippi
   - Avg past 21-day population composition: S=595369, E=78282, I=29124, Q=15195, R=113398, D=3122
   - Avg past 21-day inflow: arizona=2448, mississippi=6631471, new mexico=1137, texas=29744, virginia=3560, new_mexico=0

3. new mexico
   - Avg past 21-day population composition: S=6582801, E=10033, I=2335, Q=22620, R=102528, D=667
   - Avg past 21-day inflow: arizona=46059, mississippi=1773, new mexico=3541362, texas=220813, virginia=2437

4. virginia
   - Avg past 21-day population composition: S=8126449, E=99131, I=23549, Q=157646, R=908400, D=2753
   - Avg past 21-day inflow: arizona=6252, mississippi=4197, new mexico=1850, texas=23469, virginia=15466694, new_mexico=0


 Ground truth daily average for next 42-day inbound by origin states; 
From arizona: Inflow =44848.19;
From mississippi: Inflow =51070.24;
From new mexico: Inflow =113536.76;
From virginia: Inflow =27574.86;

Please output the recommended traffic control policy in the required JSON format.
2025-12-19 22:00:45,791 - texas - INFO - Raw agent output:
```json
{
  "arizona": {
      "fractions": [0.15, 0.15, 0.15, 0.15, 0.15, 0.15],
      "notes": "Arizona has a relatively high number of infected individuals (I=7391) and a moderate daily inbound flow to Texas (68942). Given the current infection pressure and the need to balance epidemic control with mobility, we adopt a strict-first approach. In the first three weeks, we apply stricter controls (ft=0.15) to reduce the initial influx of infected individuals. As the epidemic stabilizes, we gradually relax the controls (ft=0.15) in the latter three weeks. This pattern ensures that the total inbound flow remains consistent with the ground truth while minimizing the risk of imported infections."
  },
  "mississippi": {
      "fractions": [0.15, 0.15, 0.15, 0.15, 0.15, 0.15],
      "notes": "Mississippi has a significant number of exposed and infected individuals (E=78282, I=29124) and a substantial daily inbound flow to Texas (29744). We use a strict-first pattern to mitigate the high risk of imported infections in the early weeks (ft=0.15). As the situation improves, we ease the controls slightly (ft=0.15) in the middle weeks to allow some recovery of mobility. Finally, we maintain a lower but still controlled flow in the last three weeks (ft=0.15) to prevent any resurgence of imported cases."
  },
  "new_mexico": {
      "fractions": [0.15, 0.15, 0.15, 0.15, 0.15, 0.15],
      "notes": "New Mexico has a lower number of infected individuals compared to Arizona and Mississippi (I=2335), but its daily inbound flow to Texas is quite high (220813). We employ a relaxed-first strategy to begin with more lenient controls (ft=0.15) in the first three weeks to support essential mobility. However, as the risk of imported infections increases due to the higher flow, we transition to stricter controls (ft=0.15) in the latter half of the period to manage the imported cases effectively."
  },
  "virginia": {
      "fractions": [0.15, 0.15, 0.15, 0.15, 0.15, 0.15],
      "notes": "Virginia has a large population of infected individuals (I=23549) and a high daily inbound flow to Texas (23469). To address the high risk of imported infections, we start with stringent controls (ft=0.15) in the first three weeks. As the situation in Virginia improves, we gradually relax the controls (ft=0.15) in the middle weeks. In the final three weeks, we continue with moderate controls (ft=0.15) to ensure that the total flow remains consistent with the ground truth while minimizing the impact on public health."
  },
  "global_guidance": "To optimize the traffic control policy across all states, we aim to balance the risk of imported infections while maintaining necessary mobility. By adopting a consistent pattern of alternating between strict and relaxed controls, we can effectively manage the influx of cases from high-risk states like Arizona and Mississippi, while allowing some mobility from states with lower risks such as New Mexico and Virginia. This approach ensures that the total inbound flow from each state remains constant, reducing the overall risk of disease spread in Texas. Additionally, the quantitative cooperation logic shows that even small changes in the weekly flow can significantly impact the imported infections and deaths. Sensitivity analysis indicates that the policy is robust to variations in prevalence and transmission rates, providing a flexible framework to adapt to changing conditions."
}
```
2025-12-19 22:00:45,793 - texas - INFO - Parsed PolicyResponse: policy={'arizona': [0.16666666666666666, 0.16666666666666666, 0.16666666666666666, 0.16666666666666666, 0.16666666666666666, 0.16666666666666677], 'mississippi': [0.16666666666666666, 0.16666666666666666, 0.16666666666666666, 0.16666666666666666, 0.16666666666666666, 0.16666666666666677], 'new_mexico': [0.16666666666666666, 0.16666666666666666, 0.16666666666666666, 0.16666666666666666, 0.16666666666666666, 0.16666666666666677], 'virginia': [0.16666666666666666, 0.16666666666666666, 0.16666666666666666, 0.16666666666666666, 0.16666666666666666, 0.16666666666666677]} explanation='To optimize the traffic control policy across all states, we aim to balance the risk of imported infections while maintaining necessary mobility. By adopting a consistent pattern of alternating between strict and relaxed controls, we can effectively manage the influx of cases from high-risk states like Arizona and Mississippi, while allowing some mobility from states with lower risks such as New Mexico and Virginia. This approach ensures that the total inbound flow from each state remains constant, reducing the overall risk of disease spread in Texas. Additionally, the quantitative cooperation logic shows that even small changes in the weekly flow can significantly impact the imported infections and deaths. Sensitivity analysis indicates that the policy is robust to variations in prevalence and transmission rates, providing a flexible framework to adapt to changing conditions.'
