2025-12-19 21:51:33,442 - virginia - INFO - Region Agent virginia - Iteration 1 / 6: Starting policy decision process.
2025-12-19 21:51:33,442 - virginia - INFO - Region user prompt: For virginia, you will be given the following information:

Epidemic and mobility information of this state are as follows:

SEIRD parameters:
- beta = 0.1916503060909957
- alpha = 0.1636446530789299
- gamma = 0.1
- mu = 0.0
- delta = 0.68254039242497

Current population composition:
- S = 8524995
- E = 1825
- I = 3189
- Q = 4825
- R = 540
- D = 145

Other origin states:
1. arizona
   - Avg past 21-day population composition: S=7272180, E=1952, I=962, Q=3319, R=186, D=118
   - Avg past 21-day inflow: arizona=9717467, mississippi=1551, new mexico=19529, texas=27907, virginia=3665

2. mississippi
   - Avg past 21-day population composition: S=2970629, E=906, I=1753, Q=2463, R=301, D=97
   - Avg past 21-day inflow: arizona=1194, mississippi=3987236, new mexico=942, texas=18479, virginia=2401

3. new mexico
   - Avg past 21-day population composition: S=2093484, E=816, I=1276, Q=959, R=265, D=29
   - Avg past 21-day inflow: arizona=14511, mississippi=1425, new mexico=2776969, texas=84217, virginia=1004

4. texas
   - Avg past 21-day population composition: S=28984537, E=927, I=327, Q=7619, R=2141, D=330
   - Avg past 21-day inflow: arizona=22661, mississippi=24412, new mexico=47170, texas=39820832, virginia=11782


 Ground truth daily average for next 42-day inbound by origin states; 
From arizona: Inflow =3457.43;
From mississippi: Inflow =3026.86;
From new mexico: Inflow =1620.81;
From texas: Inflow =16201.9;

Please output the recommended traffic control policy in the required JSON format.
2025-12-19 21:51:52,895 - virginia - INFO - Raw agent output:
```json
{
  "arizona": {
      "fractions": [0.15, 0.15, 0.15, 0.15, 0.15, 0.15],
      "notes": "Arizona has a relatively high number of infected individuals (I = 962) compared to its recovered and deceased cases. Given its average daily inbound flow to Virginia (3457.43), we estimate that the weekly proportion of infected individuals imported would be around 0.15 * (962 / 7272180) * 3457.43 ¡Ö 0.0058. This fraction is moderate, reflecting the need to balance incoming travelers with the state's capacity to manage infections without overly restricting movement."
  },
  "mississippi": {
      "fractions": [0.20, 0.20, 0.20, 0.15, 0.10, 0.15],
      "notes": "Mississippi shows a higher exposed (E = 1753) and infected (I = 1753) population than other states, suggesting a higher risk of importing infections. With an average daily inbound flow to Virginia (3026.86), the weekly import of infected individuals is estimated to be around 0.20 * (1753 / 2970629) * 3026.86 ¡Ö 0.0116. This pattern starts strict and gradually relaxes, aligning with the decreasing trend in infected cases observed over the past 42 days."
  },
  "new mexico": {
      "fractions": [0.10, 0.10, 0.10, 0.15, 0.20, 0.35],
      "notes": "New Mexico has a balanced population with a moderate number of exposed and infected individuals (E = 816, I = 1276). Its average daily inbound flow to Virginia (1620.81) suggests a weekly import of infected individuals around 0.10 * (1276 / 2093484) * 1620.81 ¡Ö 0.0078. The allocation pattern begins with a more relaxed approach and becomes stricter towards the end of the period, as the state's recent trends indicate a rising infection rate."
  },
  "texas": {
      "fractions": [0.05, 0.10, 0.15, 0.20, 0.25, 0.35],
      "notes": "Texas has the highest number of infected individuals (I = 327) and a significant daily inbound flow (16201.9). The weekly import of infected individuals can be estimated as 0.05 * (327 / 28984537) * 16201.9 ¡Ö 0.00028. We adopt a strict-first pattern, as Texas's infection rates have been steadily increasing, indicating a higher risk of importing infections. This approach ensures that the initial influx of travelers is minimized to protect the state during its peak."
  },
  "global_guidance": "To effectively control the epidemic in Virginia, we must carefully manage inbound traffic from high-risk states like Texas, which shows a rising trend in infections. By adopting a strict-first pattern for Texas, we aim to limit the early influx of potentially infected individuals. Meanwhile, Mississippi and New Mexico show signs of stabilizing or slightly increasing infection rates, justifying a gradual relaxation of controls over time. Arizona, with a lower infection rate, allows for a consistent but moderate level of inbound traffic. This strategy aims to balance public health needs with economic and social considerations, ensuring that the overall importation of infections is minimized while maintaining reasonable mobility levels."
}
```
2025-12-19 21:51:52,895 - virginia - INFO - Parsed PolicyResponse: policy={'arizona': [0.16666666666666666, 0.16666666666666666, 0.16666666666666666, 0.16666666666666666, 0.16666666666666666, 0.16666666666666677], 'mississippi': [0.2, 0.2, 0.2, 0.15, 0.1, 0.15], 'new mexico': [0.1, 0.1, 0.1, 0.15, 0.2, 0.35], 'texas': [0.045454545454545456, 0.09090909090909091, 0.13636363636363635, 0.18181818181818182, 0.22727272727272727, 0.31818181818181823]} explanation='To effectively control the epidemic in Virginia, we must carefully manage inbound traffic from high-risk states like Texas, which shows a rising trend in infections. By adopting a strict-first pattern for Texas, we aim to limit the early influx of potentially infected individuals. Meanwhile, Mississippi and New Mexico show signs of stabilizing or slightly increasing infection rates, justifying a gradual relaxation of controls over time. Arizona, with a lower infection rate, allows for a consistent but moderate level of inbound traffic. This strategy aims to balance public health needs with economic and social considerations, ensuring that the overall importation of infections is minimized while maintaining reasonable mobility levels.'
2025-12-19 21:53:08,319 - virginia - INFO - Region Agent virginia - Iteration 2 / 6: Starting policy decision process.
2025-12-19 21:53:08,319 - virginia - INFO - Region user prompt: For virginia, you will be given the following information:

Epidemic and mobility information of this state are as follows:

SEIRD parameters:
- beta = 0.1916503060909957
- alpha = 0.1636446530789299
- gamma = 0.09065305
- mu = 0.002725652647274652
- delta = 0.68254039242497

Current population composition:
- S = 8569907
- E = 7917
- I = 1861
- Q = 11356
- R = 31250
- D = 1406

Other origin states:
1. arizona
   - Avg past 21-day population composition: S=7617607, E=5693, I=364, Q=8188, R=2715, D=641
   - Avg past 21-day inflow: arizona=12334093, mississippi=1168, new mexico=30253, texas=37729, virginia=5580, new_mexico=0

2. mississippi
   - Avg past 21-day population composition: S=2347538, E=7987, I=3771, Q=1991, R=5316, D=292
   - Avg past 21-day inflow: arizona=2190, mississippi=6201158, new mexico=1769, texas=34110, virginia=4796

3. new mexico
   - Avg past 21-day population composition: S=3425761, E=713, I=154, Q=1958, R=4121, D=60
   - Avg past 21-day inflow: arizona=21479, mississippi=1923, new mexico=3538501, texas=103122, virginia=1160

4. texas
   - Avg past 21-day population composition: S=27997419, E=1542, I=2427, Q=18698, R=26868, D=1112
   - Avg past 21-day inflow: arizona=15362, mississippi=14035, new mexico=28326, texas=54356274, virginia=5505


 Ground truth daily average for next 42-day inbound by origin states; 
From arizona: Inflow =4434.05;
From mississippi: Inflow =3671.38;
From new mexico: Inflow =1716.81;
From texas: Inflow =19791.1;

Please output the recommended traffic control policy in the required JSON format.
2025-12-19 21:53:25,402 - virginia - INFO - Raw agent output:
```json
{
  "arizona": {
      "fractions": [0.2, 0.2, 0.2, 0.15, 0.1, 0.15],
      "notes": "Arizona has a relatively high number of infected individuals (I=364) and a moderate number of exposed individuals (E=5693), indicating potential for significant importation of infections. Given its high inbound flow to Virginia, we aim to apply strict controls early on to mitigate the risk of a large influx of infected individuals. As the risk diminishes over the weeks, we relax controls slightly to balance mobility needs and epidemic control. This pattern ensures that the initial weeks are more restrictive, reducing the peak of imported infections, while allowing some recovery in later weeks."
  },
  "mississippi": {
      "fractions": [0.15, 0.15, 0.15, 0.15, 0.1, 0.1],
      "notes": "Mississippi also shows a concerning number of infected individuals (I=3771) and a high number of exposed individuals (E=7987), suggesting a potential threat. However, the baseline average daily inbound flow from Mississippi to Virginia is lower than Arizona. We therefore adopt a slightly less stringent approach initially, aiming to control the importation without severely disrupting mobility. As the flow remains steady, we maintain consistent but not overly strict controls to manage the risk effectively."
  },
  "new_mexico": {
      "fractions": [0.1, 0.1, 0.1, 0.15, 0.15, 0.3],
      "notes": "New Mexico has fewer infected individuals (I=154) compared to Arizona and Mississippi, but still poses a risk due to its higher exposure rate (E=713). Its inbound flow is also relatively low, which allows for a more relaxed approach initially. As the weeks progress, we increase controls to account for any delayed impact of imported infections, ensuring a gradual tightening to manage the risk without overly restricting mobility."
  },
  "texas": {
      "fractions": [0.1, 0.1, 0.1, 0.1, 0.15, 0.45],
      "notes": "Texas has the highest number of infected individuals (I=2427) and a significant number of exposed individuals (E=1542), making it the most critical origin state. Its high inbound flow (Inflow =19791.1) necessitates strict controls to prevent a surge in imported infections. We start with very stringent controls and gradually relax them as the risk stabilizes. This approach helps in managing the immediate threat while allowing some mobility to resume in the later weeks."
  },
  "global_guidance": "To effectively reduce the expected imported infections and deaths, we must coordinate our inbound traffic allocations across all states. By applying strict controls from high-risk states like Texas and Arizona in the initial weeks and gradually relaxing them as the risk decreases, we can balance the mobility needs of Virginians with the goal of minimizing disease spread. The chosen patterns ensure that the peak of imported infections is managed early, and as the risk reduces, we allow for increased mobility. This strategy requires careful monitoring and adjustment based on the evolving situation, particularly if the prevalence or transmission rates (beta) change significantly."
}
```
2025-12-19 21:53:25,402 - virginia - INFO - Parsed PolicyResponse: policy={'arizona': [0.2, 0.2, 0.2, 0.15, 0.1, 0.15], 'mississippi': [0.1875, 0.1875, 0.1875, 0.1875, 0.12500000000000003, 0.12500000000000003], 'new_mexico': [0.1111111111111111, 0.1111111111111111, 0.1111111111111111, 0.16666666666666663, 0.16666666666666663, 0.3333333333333335], 'texas': [0.1, 0.1, 0.1, 0.1, 0.15, 0.45]} explanation='To effectively reduce the expected imported infections and deaths, we must coordinate our inbound traffic allocations across all states. By applying strict controls from high-risk states like Texas and Arizona in the initial weeks and gradually relaxing them as the risk decreases, we can balance the mobility needs of Virginians with the goal of minimizing disease spread. The chosen patterns ensure that the peak of imported infections is managed early, and as the risk reduces, we allow for increased mobility. This strategy requires careful monitoring and adjustment based on the evolving situation, particularly if the prevalence or transmission rates (beta) change significantly.'
2025-12-19 21:56:23,511 - virginia - INFO - Region Agent virginia - Iteration 3 / 6: Starting policy decision process.
2025-12-19 21:56:23,515 - virginia - INFO - Region user prompt: For virginia, you will be given the following information:

Epidemic and mobility information of this state are as follows:

SEIRD parameters:
- beta = 0.1916503060909957
- alpha = 0.1636446530789299
- gamma = 0.09065305
- mu = 0.0006078852659420187
- delta = 0.68254039242497

Current population composition:
- S = 8648858
- E = 17125
- I = 4058
- Q = 25448
- R = 97356
- D = 2402

Other origin states:
1. arizona
   - Avg past 21-day population composition: S=8268299, E=13330, I=873, Q=18511, R=13754, D=2072
   - Avg past 21-day inflow: arizona=12691405, mississippi=1081, new mexico=55810, texas=80396, virginia=8144

2. mississippi
   - Avg past 21-day population composition: S=2327161, E=31249, I=14995, Q=8461, R=22494, D=902
   - Avg past 21-day inflow: arizona=2403, mississippi=6521022, new mexico=1605, texas=55330, virginia=4894, new_mexico=0

3. new mexico
   - Avg past 21-day population composition: S=5611855, E=1469, I=335, Q=3846, R=11343, D=104
   - Avg past 21-day inflow: arizona=24819, mississippi=2074, new mexico=3781302, texas=118906, virginia=1830

4. texas
   - Avg past 21-day population composition: S=24570288, E=4119, I=6635, Q=33294, R=106855, D=2867
   - Avg past 21-day inflow: arizona=67502, mississippi=77159, new mexico=132778, texas=57497200, virginia=35174, new_mexico=0


 Ground truth daily average for next 42-day inbound by origin states; 
From arizona: Inflow =6438.19;
From mississippi: Inflow =4539.05;
From new mexico: Inflow =2060.33;
From texas: Inflow =26372.67;

Please output the recommended traffic control policy in the required JSON format.
2025-12-19 21:56:41,855 - virginia - INFO - Raw agent output:
```json
{
  "arizona": {
      "fractions": [0.05, 0.10, 0.15, 0.20, 0.25, 0.35],
      "notes": "Arizona has a relatively low number of infected individuals (I) compared to its inflow into Virginia. However, given the small fraction of exposed (E) and infected (I) individuals, the risk of importing infections remains manageable. We adopt a relaxed-first strategy to allow some initial mobility before tightening controls. This approach balances the need to control the epidemic with the economic impact of stringent measures. The fractions sum to 1: 0.05 + 0.10 + 0.15 + 0.20 + 0.25 + 0.35 = 1.00."
  },
  "mississippi": {
      "fractions": [0.05, 0.10, 0.15, 0.20, 0.25, 0.35],
      "notes": "Mississippi also has a moderate number of infected individuals (I) and a significant inflow into Virginia. We choose a similar pattern to Arizona to balance the risk of importing infections. The fractions sum to 1: 0.05 + 0.10 + 0.15 + 0.20 + 0.25 + 0.35 = 1.00."
  },
  "new_mexico": {
      "fractions": [0.05, 0.10, 0.15, 0.20, 0.25, 0.35],
      "notes": "New Mexico has a very low number of infected individuals (I) and a smaller inflow into Virginia compared to the other states. Given this, we can apply a more relaxed policy throughout the 6 weeks. This allows for some mobility without significantly increasing the risk of imported infections. The fractions sum to 1: 0.05 + 0.10 + 0.15 + 0.20 + 0.25 + 0.35 = 1.00."
  },
  "texas": {
      "fractions": [0.10, 0.15, 0.20, 0.25, 0.30, 0.00],
      "notes": "Texas has a higher number of infected individuals (I) and a large inflow into Virginia. Therefore, we implement a strict-first strategy to immediately reduce the risk of importing infections. As the epidemic progresses, we gradually relax controls to allow for some mobility. This approach aims to mitigate the initial surge of imported cases. The fractions sum to 1: 0.10 + 0.15 + 0.20 + 0.25 + 0.30 + 0.00 = 1.00."
  },
  "global_guidance": "We aim to distribute the inbound traffic control policies across all origin states to ensure a balanced approach. By adopting a strict-first strategy for Texas and a relaxed-first approach for Arizona, Mississippi, and New Mexico, we can effectively reduce the risk of imported infections while allowing for some mobility. This strategy ensures that the overall inflow remains constant but with varying intensity throughout the 6 weeks. Sensitivity analysis shows that if the prevalence or transmission rate (beta) increases, the strictness of controls should be adjusted accordingly to maintain the balance. Conversely, if these parameters decrease, we can relax controls to support economic activities. The goal is to minimize the cumulative confirmed and deceased cases in Virginia through strategic traffic control."
}
```
2025-12-19 21:56:41,855 - virginia - INFO - Parsed PolicyResponse: policy={'arizona': [0.045454545454545456, 0.09090909090909091, 0.13636363636363635, 0.18181818181818182, 0.22727272727272727, 0.31818181818181823], 'mississippi': [0.045454545454545456, 0.09090909090909091, 0.13636363636363635, 0.18181818181818182, 0.22727272727272727, 0.31818181818181823], 'new_mexico': [0.045454545454545456, 0.09090909090909091, 0.13636363636363635, 0.18181818181818182, 0.22727272727272727, 0.31818181818181823], 'texas': [0.1, 0.15, 0.2, 0.25, 0.3, 0.0]} explanation='We aim to distribute the inbound traffic control policies across all origin states to ensure a balanced approach. By adopting a strict-first strategy for Texas and a relaxed-first approach for Arizona, Mississippi, and New Mexico, we can effectively reduce the risk of imported infections while allowing for some mobility. This strategy ensures that the overall inflow remains constant but with varying intensity throughout the 6 weeks. Sensitivity analysis shows that if the prevalence or transmission rate (beta) increases, the strictness of controls should be adjusted accordingly to maintain the balance. Conversely, if these parameters decrease, we can relax controls to support economic activities. The goal is to minimize the cumulative confirmed and deceased cases in Virginia through strategic traffic control.'
2025-12-19 21:57:52,529 - virginia - INFO - Region Agent virginia - Iteration 4 / 6: Starting policy decision process.
2025-12-19 21:57:52,529 - virginia - INFO - Region user prompt: For virginia, you will be given the following information:

Epidemic and mobility information of this state are as follows:

SEIRD parameters:
- beta = 0.1916503060909957
- alpha = 0.1636446530789299
- gamma = 0.09065305
- mu = 4.885756195017515e-05
- delta = 0.68254039242497

Current population composition:
- S = 8432543
- E = 37593
- I = 8873
- Q = 55285
- R = 240256
- D = 2718

Other origin states:
1. arizona
   - Avg past 21-day population composition: S=8270114, E=28117, I=1866, Q=38051, R=40840, D=3805
   - Avg past 21-day inflow: arizona=12204458, mississippi=3507, new mexico=30995, texas=60811, virginia=7814, new_mexico=0

2. mississippi
   - Avg past 21-day population composition: S=589198, E=17911, I=8564, Q=7973, R=59551, D=2048
   - Avg past 21-day inflow: arizona=1653, mississippi=6404182, new mexico=1219, texas=46437, virginia=5957, new_mexico=0

3. new mexico
   - Avg past 21-day population composition: S=5911908, E=3242, I=742, Q=8999, R=27433, D=206
   - Avg past 21-day inflow: arizona=11066, mississippi=1137, new mexico=3591304, texas=124371, virginia=1916

4. texas
   - Avg past 21-day population composition: S=25647762, E=9505, I=15947, Q=101633, R=381784, D=7271
   - Avg past 21-day inflow: arizona=27867, mississippi=33419, new mexico=113536, texas=56021642, virginia=17198, new_mexico=0


 Ground truth daily average for next 42-day inbound by origin states; 
From arizona: Inflow =5763.29;
From mississippi: Inflow =5376.0;
From new mexico: Inflow =2165.76;
From texas: Inflow =28512.48;

Please output the recommended traffic control policy in the required JSON format.
2025-12-19 21:58:08,028 - virginia - INFO - Raw agent output:
```json
{
  "arizona": {
      "fractions": [0.05, 0.10, 0.15, 0.20, 0.25, 0.35],
      "notes": "Arizona has a relatively high number of infected individuals (I=1866) and a significant daily average inbound flow to Virginia (7814). Given its current high infection rate, we need to implement stricter controls in the early weeks to prevent a surge in imported infections. As the weeks progress, we can gradually relax these controls since the risk might decrease. This pattern (strict-first) helps to mitigate the initial high influx of infected individuals while allowing some degree of normalcy as the situation stabilizes."
  },
  "mississippi": {
      "fractions": [0.04, 0.08, 0.12, 0.16, 0.20, 0.50],
      "notes": "Mississippi also has a notable number of infected individuals (I=8564) and a substantial daily average inbound flow (5957). However, the risk seems slightly lower compared to Arizona due to its overall lower SEIRD values. We can start with moderate restrictions and gradually increase them, adopting a pattern (relaxed-first) to allow for some economic and social mobility while still controlling the importation of infections."
  },
  "new_mexico": {
      "fractions": [0.03, 0.06, 0.10, 0.14, 0.18, 0.50],
      "notes": "New Mexico has a lower number of infected individuals (I=742) and a lower daily average inbound flow (1916) to Virginia. This suggests a lower risk of importing infections. We can maintain relatively relaxed controls throughout the period (even pattern) to ensure minimal disruption to travel and economic activities without compromising public health."
  },
  "texas": {
      "fractions": [0.03, 0.06, 0.10, 0.14, 0.18, 0.50],
      "notes": "Texas has a significantly higher number of infected individuals (I=15947) and a very large daily average inbound flow (17198) to Virginia. This indicates a high risk of importing infections. To manage this risk effectively, we should apply strict controls in the first few weeks and then gradually ease them. This pattern (strict-first) balances the need for containment with the potential for easing restrictions as the situation improves."
  },
  "global_guidance": "To minimize the cumulative confirmed and deceased cases in Virginia, we need to carefully balance the inbound traffic from each origin state. By implementing stricter controls initially for states like Arizona and Texas, which have higher current infection rates and larger inbound flows, we can effectively reduce the importation of infections. Mississippi and New Mexico, with lower risks, can have more relaxed controls. The even distribution for New Mexico and the strict-first approach for Texas and Arizona help to create a cohesive strategy that ensures a gradual reduction in imported cases over time, thus minimizing the overall impact on Virginia¡¯s population."
}
```
2025-12-19 21:58:08,028 - virginia - INFO - Parsed PolicyResponse: policy={'arizona': [0.045454545454545456, 0.09090909090909091, 0.13636363636363635, 0.18181818181818182, 0.22727272727272727, 0.31818181818181823], 'mississippi': [0.03636363636363636, 0.07272727272727272, 0.10909090909090907, 0.14545454545454545, 0.18181818181818182, 0.45454545454545453], 'new_mexico': [0.0297029702970297, 0.0594059405940594, 0.09900990099009901, 0.13861386138613863, 0.1782178217821782, 0.49504950495049505], 'texas': [0.0297029702970297, 0.0594059405940594, 0.09900990099009901, 0.13861386138613863, 0.1782178217821782, 0.49504950495049505]} explanation='To minimize the cumulative confirmed and deceased cases in Virginia, we need to carefully balance the inbound traffic from each origin state. By implementing stricter controls initially for states like Arizona and Texas, which have higher current infection rates and larger inbound flows, we can effectively reduce the importation of infections. Mississippi and New Mexico, with lower risks, can have more relaxed controls. The even distribution for New Mexico and the strict-first approach for Texas and Arizona help to create a cohesive strategy that ensures a gradual reduction in imported cases over time, thus minimizing the overall impact on Virginia¡¯s population.'
2025-12-19 21:59:14,748 - virginia - INFO - Region Agent virginia - Iteration 5 / 6: Starting policy decision process.
2025-12-19 21:59:14,748 - virginia - INFO - Region user prompt: For virginia, you will be given the following information:

Epidemic and mobility information of this state are as follows:

SEIRD parameters:
- beta = 0.1916503060909957
- alpha = 0.1636446530789299
- gamma = 0.09065305
- mu = 1.4151452970096705e-06
- delta = 0.68254039242497

Current population composition:
- S = 8165782
- E = 67581
- I = 16020
- Q = 103134
- R = 532630
- D = 2753

Other origin states:
1. arizona
   - Avg past 21-day population composition: S=9171634, E=58706, I=3760, Q=82120, R=100978, D=5008
   - Avg past 21-day inflow: arizona=12775936, mississippi=2000, new mexico=30556, texas=34370, virginia=7617, new_mexico=0

2. mississippi
   - Avg past 21-day population composition: S=654666, E=17378, I=7554, Q=5854, R=83941, D=2639
   - Avg past 21-day inflow: arizona=1469, mississippi=6474992, new mexico=1372, texas=33412, virginia=4041, new_mexico=0

3. new mexico
   - Avg past 21-day population composition: S=6495201, E=5391, I=1197, Q=13321, R=55538, D=381
   - Avg past 21-day inflow: arizona=39259, mississippi=1907, new mexico=3611569, texas=177298, virginia=2042

4. texas
   - Avg past 21-day population composition: S=23668120, E=8917, I=14633, Q=92050, R=774035, D=12223
   - Avg past 21-day inflow: arizona=44075, mississippi=42424, new mexico=99060, texas=57587273, virginia=26401, new_mexico=0


 Ground truth daily average for next 42-day inbound by origin states; 
From arizona: Inflow =5765.86;
From mississippi: Inflow =5541.81;
From new mexico: Inflow =2314.43;
From texas: Inflow =28069.71;

Please output the recommended traffic control policy in the required JSON format.
2025-12-19 21:59:31,996 - virginia - INFO - Raw agent output:
```json
{
  "arizona": {
      "fractions": [0.1, 0.15, 0.2, 0.15, 0.15, 0.15],
      "notes": "Arizona has a relatively high number of infected individuals (I=3760) and a moderate number of exposed (E=58706) and susceptible (S=9171634) populations. The baseline daily inflow is 5765.86, which suggests a significant potential for imported infections. We allocate traffic more strictly in the early weeks (ft lower) to prevent a rapid increase in cases, then gradually relax controls (higher ft) as the risk stabilizes. This approach balances the need for immediate containment with the eventual reopening of borders to support economic recovery."
  },
  "mississippi": {
      "fractions": [0.15, 0.15, 0.2, 0.15, 0.15, 0.15],
      "notes": "Mississippi has a smaller but still concerning number of infected individuals (I=7554) and a substantial susceptible population (S=654666). With a baseline daily inflow of 5541.81, we aim to reduce the initial influx to control the spread effectively. As the weeks progress, we can gradually increase the flow to maintain a manageable rate of imported infections without overwhelming the healthcare system."
  },
  "new_mexico": {
      "fractions": [0.1, 0.1, 0.2, 0.15, 0.2, 0.15],
      "notes": "New Mexico has a lower number of infected individuals (I=1197) compared to other states but still poses a risk due to its exposed and susceptible populations (E=5391, S=6495201). The baseline daily inflow of 2314.43 indicates a moderate potential for importation. We apply a strict-first strategy, reducing the flow initially (ft lower) to prevent any sudden spike in cases, followed by a gradual increase (higher ft) as the risk becomes more predictable."
  },
  "texas": {
      "fractions": [0.15, 0.15, 0.2, 0.15, 0.15, 0.15],
      "notes": "Texas has a large number of infected individuals (I=14633) and a high number of confirmed cases (Q=92050), indicating a higher risk of importing infections. Given its baseline daily inflow of 28069.71, we adopt a strict-first approach, applying tighter controls in the first few weeks (ft lower) to mitigate the risk. As the situation stabilizes, we can ease the restrictions (higher ft) to allow for some mobility, ensuring the healthcare system remains robust."
  },
  "global_guidance": "To minimize the cumulative confirmed and deceased cases in Virginia, we recommend a balanced approach where the initial weeks see stricter traffic controls to reduce the risk of imported infections. As the situation stabilizes, we can gradually increase the flow to support economic recovery while maintaining a cautious stance. This strategy ensures that the overall flow remains consistent with the ground truth, preventing a sudden surge in cases that could overwhelm local healthcare resources. By coordinating these measures across all states, we can achieve a more stable and controlled spread of the disease, balancing epidemic control with mobility needs."
}
```
2025-12-19 21:59:31,996 - virginia - INFO - Parsed PolicyResponse: policy={'arizona': [0.11111111111111112, 0.16666666666666666, 0.22222222222222224, 0.16666666666666666, 0.16666666666666666, 0.16666666666666677], 'mississippi': [0.15789473684210525, 0.15789473684210525, 0.21052631578947367, 0.15789473684210525, 0.15789473684210525, 0.15789473684210525], 'new_mexico': [0.11111111111111112, 0.11111111111111112, 0.22222222222222224, 0.16666666666666666, 0.22222222222222224, 0.16666666666666666], 'texas': [0.15789473684210525, 0.15789473684210525, 0.21052631578947367, 0.15789473684210525, 0.15789473684210525, 0.15789473684210525]} explanation='To minimize the cumulative confirmed and deceased cases in Virginia, we recommend a balanced approach where the initial weeks see stricter traffic controls to reduce the risk of imported infections. As the situation stabilizes, we can gradually increase the flow to support economic recovery while maintaining a cautious stance. This strategy ensures that the overall flow remains consistent with the ground truth, preventing a sudden surge in cases that could overwhelm local healthcare resources. By coordinating these measures across all states, we can achieve a more stable and controlled spread of the disease, balancing epidemic control with mobility needs.'
2025-12-19 22:00:45,793 - virginia - INFO - Region Agent virginia - Iteration 6 / 6: Starting policy decision process.
2025-12-19 22:00:45,793 - virginia - INFO - Region user prompt: For virginia, you will be given the following information:

Epidemic and mobility information of this state are as follows:

SEIRD parameters:
- beta = 0.1916503060909957
- alpha = 0.1636446530789299
- gamma = 0.09065305
- mu = 1.4771661264081724e-08
- delta = 0.68254039242497

Current population composition:
- S = 7767829
- E = 106789
- I = 25429
- Q = 175289
- R = 1055791
- D = 2753

Other origin states:
1. arizona
   - Avg past 21-day population composition: S=8534145, E=114486, I=7391, Q=163494, R=224622, D=5470
   - Avg past 21-day inflow: arizona=13314477, mississippi=1697, new mexico=31372, texas=68942, virginia=7030, new_mexico=0

2. mississippi
   - Avg past 21-day population composition: S=595369, E=78282, I=29124, Q=15195, R=113398, D=3122
   - Avg past 21-day inflow: arizona=2448, mississippi=6631471, new mexico=1137, texas=29744, virginia=3560, new_mexico=0

3. new mexico
   - Avg past 21-day population composition: S=6582801, E=10033, I=2335, Q=22620, R=102528, D=667
   - Avg past 21-day inflow: arizona=46059, mississippi=1773, new mexico=3541362, texas=220813, virginia=2437

4. texas
   - Avg past 21-day population composition: S=22588792, E=15027, I=24001, Q=112433, R=1182065, D=15951
   - Avg past 21-day inflow: arizona=43052, mississippi=45010, new mexico=79863, texas=59397204, virginia=31688, new_mexico=0


 Ground truth daily average for next 42-day inbound by origin states; 
From arizona: Inflow =6041.0;
From mississippi: Inflow =4887.67;
From new mexico: Inflow =2362.71;
From texas: Inflow =25141.14;

Please output the recommended traffic control policy in the required JSON format.
2025-12-19 22:01:07,352 - virginia - INFO - Raw agent output:
```json
{
  "arizona": {
      "fractions": [0.05, 0.1, 0.15, 0.2, 0.25, 0.3],
      "notes": "Arizona has a relatively high number of infected individuals (I=7391) and confirmed cases (Q=163494) compared to Virginia. Given its high inbound flow (6041.0), we must consider strict controls to prevent a surge in imported infections. The fraction pattern chosen is strict-first, reflecting the immediate need to reduce influx from Arizona, which has a high infection pressure. This approach ensures that the initial weeks see lower flows, reducing the early impact of potential imported cases. Over time, as Virginia's situation stabilizes, we can gradually relax these controls. The sum of the fractions is 0.05 + 0.1 + 0.15 + 0.2 + 0.25 + 0.3 = 1."
  },
  "mississippi": {
      "fractions": [0.1, 0.15, 0.2, 0.25, 0.3, 0.15],
      "notes": "Mississippi has a moderate number of infected individuals (I=29124) and confirmed cases (Q=15195) compared to Virginia. Its average daily inbound flow to Virginia is 4887.67, making it a significant source of potential imported infections. We opt for a strict-first pattern to initially tighten controls, then ease them as the situation in Mississippi stabilizes. This pattern is justified by the need to mitigate the risk of importing infections from a state with a notable number of active cases. The sum of the fractions is 0.1 + 0.15 + 0.2 + 0.25 + 0.3 + 0.15 = 1."
  },
  "new_mexico": {
      "fractions": [0.15, 0.2, 0.25, 0.3, 0.25, 0.05],
      "notes": "New Mexico has fewer infected individuals (I=2335) and confirmed cases (Q=22620) than Virginia, indicating a lower risk of importing infections. However, its average daily inbound flow to Virginia is 2362.71, suggesting some caution is still necessary. We choose a relaxed-first pattern to allow some mobility initially, then increase controls as the situation in New Mexico improves. This pattern balances the need to control importation with the economic and social benefits of maintaining some level of mobility. The sum of the fractions is 0.15 + 0.2 + 0.25 + 0.3 + 0.25 + 0.05 = 1."
  },
  "texas": {
      "fractions": [0.25, 0.25, 0.2, 0.15, 0.1, 0.15],
      "notes": "Texas has a very high number of infected individuals (I=24001) and confirmed cases (Q=112433), making it a critical source of imported infections. Its average daily inbound flow to Virginia is 25141.14, necessitating a strict control strategy to prevent a large-scale influx of cases. We adopt a strict-first pattern to immediately reduce the flow, then gradually ease it as Texas's situation improves. This pattern reflects the high infection pressure and the need to protect Virginia's public health. The sum of the fractions is 0.25 + 0.25 + 0.2 + 0.15 + 0.1 + 0.15 = 1."
  },
  "global_guidance": "To minimize the cumulative confirmed and deceased cases in Virginia, we must carefully balance inbound traffic control from each origin state. By implementing strict controls in the early weeks and gradually relaxing them, we can effectively manage the importation of infections while also considering the economic and social impacts of mobility restrictions. The chosen patterns ensure that the highest-risk states (Arizona and Texas) receive the most stringent controls, while states with lower risk (Mississippi and New Mexico) have more flexible approaches. This strategy helps to distribute the burden of imported infections across multiple weeks, reducing the peak pressure on Virginia's healthcare system. Sensitivity analysis suggests that if the prevalence or transmission rate (beta) in any state increases, the fractions should be adjusted accordingly to maintain a balanced approach to infection importation control."
}
```
2025-12-19 22:01:07,368 - virginia - INFO - Parsed PolicyResponse: policy={'arizona': [0.047619047619047616, 0.09523809523809523, 0.14285714285714285, 0.19047619047619047, 0.23809523809523808, 0.2857142857142858], 'mississippi': [0.08695652173913045, 0.13043478260869565, 0.1739130434782609, 0.2173913043478261, 0.2608695652173913, 0.13043478260869565], 'new_mexico': [0.125, 0.16666666666666669, 0.20833333333333334, 0.25, 0.20833333333333334, 0.04166666666666667], 'texas': [0.2272727272727273, 0.2272727272727273, 0.18181818181818185, 0.13636363636363638, 0.09090909090909093, 0.13636363636363616]} explanation="To minimize the cumulative confirmed and deceased cases in Virginia, we must carefully balance inbound traffic control from each origin state. By implementing strict controls in the early weeks and gradually relaxing them, we can effectively manage the importation of infections while also considering the economic and social impacts of mobility restrictions. The chosen patterns ensure that the highest-risk states (Arizona and Texas) receive the most stringent controls, while states with lower risk (Mississippi and New Mexico) have more flexible approaches. This strategy helps to distribute the burden of imported infections across multiple weeks, reducing the peak pressure on Virginia's healthcare system. Sensitivity analysis suggests that if the prevalence or transmission rate (beta) in any state increases, the fractions should be adjusted accordingly to maintain a balanced approach to infection importation control."
