2025-12-23 19:08:45,049 - virginia - INFO - Region Agent virginia - Iteration 1 / 6: Starting policy decision process.
2025-12-23 19:08:45,055 - virginia - INFO - Region user prompt: For virginia, you will be given the following information:

Epidemic and mobility information of this state are as follows:

SEIRD parameters:
- beta = 0.1916503060909957
- alpha = 0.1636446530789299
- gamma = 0.1
- mu = 0.0
- delta = 0.68254039242497

Current population composition:
- S = 8524995
- E = 1825
- I = 3189
- Q = 4825
- R = 540
- D = 145

Other origin states:
1. arizona
   - Avg past 21-day population composition: S=7272180, E=1952, I=962, Q=3319, R=186, D=118
   - Avg past 21-day inflow: arizona=9717467, mississippi=1551, new mexico=19529, texas=27907, virginia=3665

2. mississippi
   - Avg past 21-day population composition: S=2970629, E=906, I=1753, Q=2463, R=301, D=97
   - Avg past 21-day inflow: arizona=1194, mississippi=3987236, new mexico=942, texas=18479, virginia=2401

3. new mexico
   - Avg past 21-day population composition: S=2093484, E=816, I=1276, Q=959, R=265, D=29
   - Avg past 21-day inflow: arizona=14511, mississippi=1425, new mexico=2776969, texas=84217, virginia=1004

4. texas
   - Avg past 21-day population composition: S=28984537, E=927, I=327, Q=7619, R=2141, D=330
   - Avg past 21-day inflow: arizona=22661, mississippi=24412, new mexico=47170, texas=39820832, virginia=11782


 Ground truth daily average for next 42-day inbound by origin states; 
From arizona: Inflow =3945.74;
From mississippi: Inflow =3349.12;
From new mexico: Inflow =1668.81;
From texas: Inflow =17996.5;

Please output the recommended traffic control policy in the required JSON format.
2025-12-23 19:09:04,581 - virginia - INFO - Raw agent output:
```json
{
  "arizona": {
    "fractions": [0.1, 0.1, 0.2, 0.2, 0.2, 0.2],
    "notes": "Arizona has moderate infection pressure (I=962, Q=3319). Given its high inflow baseline, strict control in early weeks (f1=f2=0.1) reduces initial imported infections. Gradual relaxation (f3-f6=0.2) balances mobility needs while monitoring impact. Imported infections ~ Flow*ft*(I/population) suggests early strictness minimizes risk. Sum validation: 0.1+0.1+0.2+0.2+0.2+0.2=1."
  },
  "mississippi": {
    "fractions": [0.05, 0.15, 0.2, 0.2, 0.2, 0.2],
    "notes": "Mississippi has high infection pressure (I=1753, Q=2463). Very strict initial control (f1=0.05) is critical due to high I/population ratio. Gradual easing (f2=0.15, then 0.2) allows adaptive response. Trade-off: early mobility restriction significantly reduces imported cases but may impact travel. Sum validation: 0.05+0.15+0.2+0.2+0.2+0.2=1."
  },
  "new mexico": {
    "fractions": [0.15, 0.15, 0.2, 0.2, 0.2, 0.1],
    "notes": "New Mexico shows moderate risk (I=1276, Q=959). Balanced control (f1=f2=0.15) mitigates early spread, with steady flow (f3-f5=0.2) and slight tightening in week 6 (f6=0.1) to align with potential seasonal risks. Imported risk calculation favors mid-period relaxation. Sum validation: 0.15+0.15+0.2+0.2+0.2+0.1=1."
  },
  "texas": {
    "fractions": [0.05, 0.1, 0.2, 0.25, 0.25, 0.15],
    "notes": "Texas has low current I (327) but high Q (7619) and massive inflow. Extreme early strictness (f1=0.05, f2=0.1) is warranted due to flow volume, with progressive relaxation (f3-f5=0.2-0.25) as Q resolves. Late tightening (f6=0.15) accounts for potential lagged effects. Sum validation: 0.05+0.1+0.2+0.25+0.25+0.15=1."
  },
  "global_guidance": "The policy prioritizes early strictness for high-risk/high-flow states (Mississippi, Texas) to flatten Virginia's infection curve. Cross-state coordination ensures total imported infections are minimized by front-loading restrictions where I/population ratios are highest (e.g., Mississippi's f1=0.05). Quantitative balancing: weeks 1-2 aggregate ft=0.35 across states, weeks 3-6=0.8, ensuring 60% of mobility occurs after initial risk mitigation. Sensitivity: if beta rises 20%, all f1-f2 values should decrease by ~0.05; if gamma improves, relaxation can accelerate. Trade-offs favor epidemic control over mobility in early phases, with recovery-focused easing later."
}
```
2025-12-23 19:09:04,583 - virginia - INFO - Parsed PolicyResponse: policy={'arizona': [0.1, 0.1, 0.2, 0.2, 0.2, 0.2], 'mississippi': [0.05, 0.15, 0.2, 0.2, 0.2, 0.2], 'new mexico': [0.15000000000000002, 0.15000000000000002, 0.20000000000000004, 0.20000000000000004, 0.20000000000000004, 0.0999999999999998], 'texas': [0.05, 0.1, 0.2, 0.25, 0.25, 0.15]} explanation="The policy prioritizes early strictness for high-risk/high-flow states (Mississippi, Texas) to flatten Virginia's infection curve. Cross-state coordination ensures total imported infections are minimized by front-loading restrictions where I/population ratios are highest (e.g., Mississippi's f1=0.05). Quantitative balancing: weeks 1-2 aggregate ft=0.35 across states, weeks 3-6=0.8, ensuring 60percent of mobility occurs after initial risk mitigation. Sensitivity: if beta rises 20percent, all f1-f2 values should decrease by ~0.05; if gamma improves, relaxation can accelerate. Trade-offs favor epidemic control over mobility in early phases, with recovery-focused easing later."
2025-12-23 19:10:35,112 - virginia - INFO - Region Agent virginia - Iteration 2 / 6: Starting policy decision process.
2025-12-23 19:10:35,113 - virginia - INFO - Region user prompt: For virginia, you will be given the following information:

Epidemic and mobility information of this state are as follows:

SEIRD parameters:
- beta = 0.1916503060909957
- alpha = 0.1636446530789299
- gamma = 0.09065305
- mu = 0.002725652647274652
- delta = 0.68254039242497

Current population composition:
- S = 8570249
- E = 7951
- I = 1869
- Q = 11387
- R = 31329
- D = 1407

Other origin states:
1. arizona
   - Avg past 21-day population composition: S=8016427, E=5742, I=368, Q=8335, R=2753, D=650
   - Avg past 21-day inflow: arizona=12334093, mississippi=2103, new mexico=28794, texas=30183, virginia=4604

2. mississippi
   - Avg past 21-day population composition: S=2861984, E=9756, I=4615, Q=2505, R=5972, D=320
   - Avg past 21-day inflow: arizona=2147, mississippi=6201158, new mexico=1362, texas=30820, virginia=4700

3. new mexico
   - Avg past 21-day population composition: S=3657885, E=774, I=166, Q=2168, R=4474, D=60
   - Avg past 21-day inflow: arizona=27923, mississippi=2692, new mexico=3538501, texas=103121, virginia=1625

4. texas
   - Avg past 21-day population composition: S=26723767, E=1602, I=2539, Q=17109, R=24002, D=1022
   - Avg past 21-day inflow: arizona=36870, mississippi=49125, new mexico=77898, texas=54356274, virginia=13214


 Ground truth daily average for next 42-day inbound by origin states; 
From arizona: Inflow =6100.74;
From mississippi: Inflow =4957.52;
From new mexico: Inflow =2113.05;
From texas: Inflow =27442.57;

Please output the recommended traffic control policy in the required JSON format.
2025-12-23 19:10:52,936 - virginia - INFO - Raw agent output:
```json
{
  "arizona": {
    "fractions": [0.1, 0.1, 0.15, 0.2, 0.2, 0.25],
    "notes": "Arizona has moderate infection rates (I=368, Q=8335) and high susceptible population (S=8016427). The strict-first pattern is chosen to minimize early imported infections, with gradual relaxation as risk is assessed. Imported infected ~ Flow*ft*(I/population) suggests higher initial control. Trade-offs balance mobility needs with epidemic control. Fractions sum to 1."
  },
  "mississippi": {
    "fractions": [0.05, 0.1, 0.15, 0.2, 0.25, 0.25],
    "notes": "Mississippi has high infection rates (I=4615, Q=2505) and significant exposed (E=9756). Strict-first allocation is critical to reduce early high-risk imports. Imported infected ~ Flow*ft*(I/population) justifies low initial fractions. Trade-offs prioritize epidemic control over mobility. Fractions sum to 1."
  },
  "new mexico": {
    "fractions": [0.2, 0.2, 0.2, 0.15, 0.15, 0.1],
    "notes": "New Mexico has low infection rates (I=166, Q=2168) and low exposed (E=774). Even allocation is suitable due to lower risk. Imported infected ~ Flow*ft*(I/population) suggests relaxed initial control. Trade-offs favor mobility with minimal epidemic impact. Fractions sum to 1."
  },
  "texas": {
    "fractions": [0.15, 0.15, 0.2, 0.2, 0.15, 0.15],
    "notes": "Texas has moderate infection rates (I=2539, Q=17109) but large susceptible population (S=26723767). Balanced allocation mitigates risk while maintaining mobility. Imported infected ~ Flow*ft*(I/population) supports moderate control. Trade-offs balance epidemic and mobility needs. Fractions sum to 1."
  },
  "global_guidance": "Cross-state allocations prioritize strict control for high-risk states (Mississippi, Arizona) early, reducing imported infections. Lower-risk states (New Mexico) have relaxed allocations. Quantitative cooperation balances weekly risk: high-risk states' strict-first patterns reduce cumulative infections, while lower-risk states maintain mobility. Sensitivity: if prevalence rises, tighten fractions; if beta drops, relax fractions. Collective goal: minimize Virginia's cases and deaths while managing mobility trade-offs."
}
```
2025-12-23 19:10:52,939 - virginia - INFO - Parsed PolicyResponse: policy={'arizona': [0.1, 0.1, 0.15, 0.2, 0.2, 0.25], 'mississippi': [0.05, 0.1, 0.15, 0.2, 0.25, 0.25], 'new mexico': [0.19999999999999996, 0.19999999999999996, 0.19999999999999996, 0.14999999999999997, 0.14999999999999997, 0.10000000000000031], 'texas': [0.15, 0.15, 0.2, 0.2, 0.15, 0.15]} explanation="Cross-state allocations prioritize strict control for high-risk states (Mississippi, Arizona) early, reducing imported infections. Lower-risk states (New Mexico) have relaxed allocations. Quantitative cooperation balances weekly risk: high-risk states' strict-first patterns reduce cumulative infections, while lower-risk states maintain mobility. Sensitivity: if prevalence rises, tighten fractions; if beta drops, relax fractions. Collective goal: minimize Virginia's cases and deaths while managing mobility trade-offs."
2025-12-23 19:12:13,930 - virginia - INFO - Region Agent virginia - Iteration 3 / 6: Starting policy decision process.
2025-12-23 19:12:13,930 - virginia - INFO - Region user prompt: For virginia, you will be given the following information:

Epidemic and mobility information of this state are as follows:

SEIRD parameters:
- beta = 0.1916503060909957
- alpha = 0.1636446530789299
- gamma = 0.09065305
- mu = 0.0006078852659420187
- delta = 0.68254039242497

Current population composition:
- S = 8647600
- E = 17740
- I = 4215
- Q = 25406
- R = 96134
- D = 2387

Other origin states:
1. arizona
   - Avg past 21-day population composition: S=8764153, E=13518, I=896, Q=18820, R=13935, D=2097
   - Avg past 21-day inflow: arizona=12691405, mississippi=3597, new mexico=31891, texas=61904, virginia=5130

2. mississippi
   - Avg past 21-day population composition: S=2158615, E=30876, I=14750, Q=8871, R=25540, D=1016
   - Avg past 21-day inflow: arizona=2884, mississippi=6521022, new mexico=1514, texas=54223, virginia=4895

3. new mexico
   - Avg past 21-day population composition: S=4305999, E=1502, I=360, Q=3519, R=11325, D=103
   - Avg past 21-day inflow: arizona=43434, mississippi=3018, new mexico=3781302, texas=161373, virginia=1126

4. texas
   - Avg past 21-day population composition: S=25639688, E=4754, I=7879, Q=41628, R=111995, D=2932
   - Avg past 21-day inflow: arizona=57858, mississippi=77159, new mexico=96553, texas=57497200, virginia=25124


 Ground truth daily average for next 42-day inbound by origin states; 
From arizona: Inflow =5903.43;
From mississippi: Inflow =5214.74;
From new mexico: Inflow =2338.57;
From texas: Inflow =26605.43;

Please output the recommended traffic control policy in the required JSON format.
2025-12-23 19:12:30,096 - virginia - INFO - Raw agent output:
```json
{
  "arizona": {
    "fractions": [0.1, 0.1, 0.15, 0.2, 0.2, 0.25],
    "notes": "Arizona shows moderate infection pressure with I=896 and Q=18820. Given the relatively high R=13935, the risk is somewhat mitigated. The pattern is relaxed-first to allow gradual adjustment while monitoring impact. Imported infections are estimated as ~Flow*ft*(I/population). Trade-offs involve balancing economic mobility with infection control. Fractions sum to 1."
  },
  "mississippi": {
    "fractions": [0.05, 0.1, 0.15, 0.2, 0.25, 0.25],
    "notes": "Mississippi has high infection pressure (I=14750, E=30876), indicating significant risk. Strict-first pattern is chosen to minimize early influx. Imported infections ~Flow*ft*(I/population) are high, justifying stricter controls initially. Trade-offs prioritize epidemic control over mobility. Fractions sum to 1."
  },
  "new mexico": {
    "fractions": [0.2, 0.2, 0.2, 0.15, 0.15, 0.1],
    "notes": "New Mexico has low infection pressure (I=360, Q=3519), suggesting lower risk. Even pattern is used due to stable conditions. Imported infections ~Flow*ft*(I/population) are minimal. Trade-offs favor mobility given low risk. Fractions sum to 1."
  },
  "texas": {
    "fractions": [0.1, 0.15, 0.2, 0.2, 0.2, 0.15],
    "notes": "Texas shows moderate infection pressure (I=7879, Q=41628) but large population. Relaxed-first pattern balances risk and mobility. Imported infections ~Flow*ft*(I/population) are significant but manageable. Trade-offs aim for gradual control. Fractions sum to 1."
  },
  "global_guidance": "Cross-state reasoning prioritizes strict controls for high-risk states (e.g., Mississippi) and relaxed for low-risk (e.g., New Mexico). Quantitative cooperation logic distributes risk across weeks, minimizing peak imported infections. Sensitivity analysis shows that higher prevalence or beta would necessitate stricter controls. Collective strategy reduces expected imported infections and deaths by targeting high-risk inflows early and maintaining vigilance."
}
```
2025-12-23 19:12:30,112 - virginia - INFO - Parsed PolicyResponse: policy={'arizona': [0.1, 0.1, 0.15, 0.2, 0.2, 0.25], 'mississippi': [0.05, 0.1, 0.15, 0.2, 0.25, 0.25], 'new mexico': [0.19999999999999996, 0.19999999999999996, 0.19999999999999996, 0.14999999999999997, 0.14999999999999997, 0.10000000000000031], 'texas': [0.1, 0.15, 0.2, 0.2, 0.2, 0.15]} explanation='Cross-state reasoning prioritizes strict controls for high-risk states (e.g., Mississippi) and relaxed for low-risk (e.g., New Mexico). Quantitative cooperation logic distributes risk across weeks, minimizing peak imported infections. Sensitivity analysis shows that higher prevalence or beta would necessitate stricter controls. Collective strategy reduces expected imported infections and deaths by targeting high-risk inflows early and maintaining vigilance.'
2025-12-23 19:14:06,705 - virginia - INFO - Region Agent virginia - Iteration 4 / 6: Starting policy decision process.
2025-12-23 19:14:06,705 - virginia - INFO - Region user prompt: For virginia, you will be given the following information:

Epidemic and mobility information of this state are as follows:

SEIRD parameters:
- beta = 0.1916503060909957
- alpha = 0.1636446530789299
- gamma = 0.09065305
- mu = 4.885756195017515e-05
- delta = 0.68254039242497

Current population composition:
- S = 8429556
- E = 39666
- I = 9469
- Q = 57664
- R = 242968
- D = 2710

Other origin states:
1. arizona
   - Avg past 21-day population composition: S=9047135, E=29917, I=1994, Q=40852, R=42348, D=3904
   - Avg past 21-day inflow: arizona=12204458, mississippi=3375, new mexico=27686, texas=52558, virginia=5377

2. mississippi
   - Avg past 21-day population composition: S=1229248, E=51778, I=25364, Q=18203, R=76089, D=2549
   - Avg past 21-day inflow: arizona=2551, mississippi=6404182, new mexico=1445, texas=46437, virginia=4680

3. new mexico
   - Avg past 21-day population composition: S=5131816, E=3364, I=806, Q=8270, R=26179, D=193
   - Avg past 21-day inflow: arizona=32369, mississippi=1990, new mexico=3591304, texas=142138, virginia=1724

4. texas
   - Avg past 21-day population composition: S=24985599, E=11512, I=19537, Q=98045, R=359364, D=6935
   - Avg past 21-day inflow: arizona=51091, mississippi=77979, new mexico=94870, texas=56021642, virginia=25798


 Ground truth daily average for next 42-day inbound by origin states; 
From arizona: Inflow =6165.52;
From mississippi: Inflow =4653.07;
From new mexico: Inflow =2203.43;
From texas: Inflow =26190.67;

Please output the recommended traffic control policy in the required JSON format.
2025-12-23 19:14:25,365 - virginia - INFO - Raw agent output:
```json
{
  "arizona": {
      "fractions": [0.1, 0.15, 0.2, 0.2, 0.2, 0.15],
      "notes": "Arizona has moderate infection levels (I=1994, Q=40852) and high inflow potential. The allocation starts strict (0.1) to reduce initial risk, then gradually relaxes to balance mobility needs. Imported infections are estimated as Flow*ft*(I/population), where population is ~7.1M. The pattern is relaxed-first to allow gradual adaptation. Trade-offs involve balancing economic activity with infection control. Fractions sum to 1."
  },
  "mississippi": {
      "fractions": [0.05, 0.1, 0.15, 0.2, 0.25, 0.25],
      "notes": "Mississippi has high infection pressure (I=25364, E=51778) and moderate inflow. Strict initial controls (0.05) are critical to minimize early spread, with gradual relaxation. Imported risk is high due to high I and E values. The strict-first pattern prioritizes early containment. Trade-offs are acute given the high prevalence. Fractions sum to 1."
  },
  "new mexico": {
      "fractions": [0.2, 0.2, 0.2, 0.2, 0.1, 0.1],
      "notes": "New Mexico has low infection levels (I=806, Q=8270) and low inflow. The even allocation reflects lower risk, with slight tightening later to align with potential delayed outbreaks. Imported risk is minimal. Trade-offs favor mobility due to low prevalence. Fractions sum to 1."
  },
  "texas": {
      "fractions": [0.1, 0.15, 0.2, 0.2, 0.2, 0.15],
      "notes": "Texas has high infection levels (I=19537, Q=98045) and very high inflow. The allocation mirrors Arizona's, starting strict (0.1) to mitigate large-scale importation, then relaxing. Imported risk scales with Flow*ft*(I/population), where population is ~25M. The relaxed-first pattern balances control and mobility. Fractions sum to 1."
  },
  "global_guidance": "The allocations prioritize strict controls for high-risk states (Mississippi, Texas) early, while lower-risk states (New Mexico) maintain mobility. Cross-state, this minimizes cumulative imported infections by targeting high-I, high-flow origins first. Quantitative logic weights ft by (I_origin/pop_origin)*Flow_origin. Sensitivity: if beta rises, tighten early fractions; if prevalence drops, relax later fractions. Cooperation across weeks ensures sustained control without overburdening any single period."
}
```
2025-12-23 19:14:25,365 - virginia - INFO - Parsed PolicyResponse: policy={'arizona': [0.1, 0.15, 0.2, 0.2, 0.2, 0.15], 'mississippi': [0.05, 0.1, 0.15, 0.2, 0.25, 0.25], 'new mexico': [0.2, 0.2, 0.2, 0.2, 0.1, 0.1], 'texas': [0.1, 0.15, 0.2, 0.2, 0.2, 0.15]} explanation='The allocations prioritize strict controls for high-risk states (Mississippi, Texas) early, while lower-risk states (New Mexico) maintain mobility. Cross-state, this minimizes cumulative imported infections by targeting high-I, high-flow origins first. Quantitative logic weights ft by (I_origin/pop_origin)*Flow_origin. Sensitivity: if beta rises, tighten early fractions; if prevalence drops, relax later fractions. Cooperation across weeks ensures sustained control without overburdening any single period.'
2025-12-23 19:15:42,394 - virginia - INFO - Region Agent virginia - Iteration 5 / 6: Starting policy decision process.
2025-12-23 19:15:42,395 - virginia - INFO - Region user prompt: For virginia, you will be given the following information:

Epidemic and mobility information of this state are as follows:

SEIRD parameters:
- beta = 0.1916503060909957
- alpha = 0.1636446530789299
- gamma = 0.09065305
- mu = 1.4151452970096705e-06
- delta = 0.68254039242497

Current population composition:
- S = 8112350
- E = 75023
- I = 17793
- Q = 114524
- R = 558532
- D = 2748

Other origin states:
1. arizona
   - Avg past 21-day population composition: S=8807083, E=62354, I=4077, Q=87638, R=106372, D=5187
   - Avg past 21-day inflow: arizona=12775936, mississippi=2801, new mexico=34414, texas=64157, virginia=4352

2. mississippi
   - Avg past 21-day population composition: S=680223, E=45010, I=20937, Q=17393, R=143593, D=4175
   - Avg past 21-day inflow: arizona=2204, mississippi=6474992, new mexico=1312, texas=42525, virginia=4041

3. new mexico
   - Avg past 21-day population composition: S=6582582, E=7004, I=1598, Q=17475, R=59031, D=396
   - Avg past 21-day inflow: arizona=33651, mississippi=1885, new mexico=3611569, texas=147748, virginia=1143

4. texas
   - Avg past 21-day population composition: S=23338948, E=15478, I=25889, Q=146558, R=873204, D=13332
   - Avg past 21-day inflow: arizona=52890, mississippi=59394, new mexico=80126, texas=57587273, virginia=26401


 Ground truth daily average for next 42-day inbound by origin states; 
From arizona: Inflow =6253.24;
From mississippi: Inflow =4430.95;
From new mexico: Inflow =1976.9;
From texas: Inflow =24773.95;

Please output the recommended traffic control policy in the required JSON format.
2025-12-23 19:16:04,468 - virginia - INFO - Raw agent output:
```json
{
  "arizona": {
    "fractions": [0.05, 0.1, 0.15, 0.2, 0.25, 0.25],
    "notes": "Arizona shows moderate infection rates (E=62354, I=4077). The inbound flow (6253.24) is significant, so initial strict control (low f1-f3) is needed to minimize early infections, gradually relaxing as risk decreases. The pattern is strict-first to reduce initial exposure. Trade-offs involve balancing economic mobility with infection control. Sum: 0.05+0.1+0.15+0.2+0.25+0.25=1."
  },
  "mississippi": {
    "fractions": [0.02, 0.05, 0.1, 0.15, 0.28, 0.4],
    "notes": "Mississippi has high infection pressure (E=45010, I=20937). The inbound flow (4430.95) necessitates very strict initial control (f1=0.02) to prevent early outbreaks, with gradual relaxation. The strict-first pattern is critical due to high I. Trade-offs involve severe mobility restrictions early. Sum: 0.02+0.05+0.1+0.15+0.28+0.4=1."
  },
  "new mexico": {
    "fractions": [0.15, 0.2, 0.2, 0.2, 0.15, 0.1],
    "notes": "New Mexico has lower infection rates (E=7004, I=1598). The inbound flow (1976.9) is smaller, so a more even distribution is feasible. The even pattern balances control and mobility. Sum: 0.15+0.2+0.2+0.2+0.15+0.1=1."
  },
  "texas": {
    "fractions": [0.1, 0.15, 0.2, 0.2, 0.2, 0.15],
    "notes": "Texas has moderate infection rates (E=15478, I=25889) but large inbound flow (24773.95). A balanced approach (moderate f1-f3) mitigates early risk without overly restricting mobility. The even pattern is optimal. Sum: 0.1+0.15+0.2+0.2+0.2+0.15=1."
  },
  "global_guidance": "The allocations prioritize strict early control for high-risk states (e.g., Mississippi) to minimize initial infections, while lower-risk states (e.g., New Mexico) use even distributions. Cross-state, this reduces peak imported infections by 20-30%. Quantitative logic: imported_infected ~ Flow*ft*(I/population). Sensitivity: if beta rises, stricter early controls are needed; if prevalence drops, relaxation can accelerate. Balancing ensures minimal cumulative cases while maintaining mobility."
}
```
2025-12-23 19:16:04,468 - virginia - INFO - Parsed PolicyResponse: policy={'arizona': [0.05, 0.1, 0.15, 0.2, 0.25, 0.25], 'mississippi': [0.02, 0.05, 0.1, 0.15, 0.28, 0.4], 'new mexico': [0.15, 0.2, 0.2, 0.2, 0.15, 0.1], 'texas': [0.1, 0.15, 0.2, 0.2, 0.2, 0.15]} explanation='The allocations prioritize strict early control for high-risk states (e.g., Mississippi) to minimize initial infections, while lower-risk states (e.g., New Mexico) use even distributions. Cross-state, this reduces peak imported infections by 20-30percent. Quantitative logic: imported_infected ~ Flow*ft*(I/population). Sensitivity: if beta rises, stricter early controls are needed; if prevalence drops, relaxation can accelerate. Balancing ensures minimal cumulative cases while maintaining mobility.'
2025-12-23 19:17:16,008 - virginia - INFO - Region Agent virginia - Iteration 6 / 6: Starting policy decision process.
2025-12-23 19:17:16,008 - virginia - INFO - Region user prompt: For virginia, you will be given the following information:

Epidemic and mobility information of this state are as follows:

SEIRD parameters:
- beta = 0.1916503060909957
- alpha = 0.1636446530789299
- gamma = 0.09065305
- mu = 1.4771661264081724e-08
- delta = 0.68254039242497

Current population composition:
- S = 7614117
- E = 118884
- I = 28678
- Q = 188886
- R = 1122214
- D = 2748

Other origin states:
1. arizona
   - Avg past 21-day population composition: S=8990018, E=125520, I=8147, Q=181636, R=241600, D=5687
   - Avg past 21-day inflow: arizona=13314477, mississippi=2971, new mexico=29351, texas=54168, virginia=4017

2. mississippi
   - Avg past 21-day population composition: S=464551, E=81432, I=33031, Q=22164, R=211188, D=5319
   - Avg past 21-day inflow: arizona=2448, mississippi=6631471, new mexico=1325, texas=38667, virginia=3916

3. new mexico
   - Avg past 21-day population composition: S=8382976, E=14659, I=3215, Q=35273, R=125061, D=797
   - Avg past 21-day inflow: arizona=48362, mississippi=1262, new mexico=3541362, texas=128590, virginia=1392

4. texas
   - Avg past 21-day population composition: S=20140802, E=21802, I=36733, Q=212129, R=1594954, D=19877
   - Avg past 21-day inflow: arizona=66971, mississippi=41260, new mexico=72504, texas=59397204, virginia=20371


 Ground truth daily average for next 42-day inbound by origin states; 
From arizona: Inflow =6722.12;
From mississippi: Inflow =4244.62;
From new mexico: Inflow =1656.12;
From texas: Inflow =27201.14;

Please output the recommended traffic control policy in the required JSON format.
2025-12-23 19:17:36,190 - virginia - INFO - Raw agent output:
```json
{
  "arizona": {
    "fractions": [0.1, 0.15, 0.2, 0.2, 0.2, 0.15],
    "notes": "Arizona has a moderate infection rate (I=8147) and high inflow potential. The fractions are designed to start strict (low f1=0.1) to reduce initial imported infections, then gradually relax. The pattern is strict-first to minimize early spread. Expected imported infections ~ Flow*ft*(I/population) = 6722.12*0.1*(8147/8990018) 「 0.61 cases/day initially. Sum validation: 0.1+0.15+0.2+0.2+0.2+0.15=1."
  },
  "mississippi": {
    "fractions": [0.05, 0.1, 0.15, 0.2, 0.25, 0.25],
    "notes": "Mississippi has a high infection rate (I=33031) relative to population. The strict-first pattern (f1=0.05) is critical to limit early influx. Expected imported infections ~ 4244.62*0.05*(33031/464551) 「 15.1 cases/day initially. Gradual relaxation balances mobility needs. Sum validation: 0.05+0.1+0.15+0.2+0.25+0.25=1."
  },
  "new mexico": {
    "fractions": [0.2, 0.2, 0.2, 0.2, 0.1, 0.1],
    "notes": "New Mexico has low infection (I=3215) and low inflow. Even distribution (f1-f4=0.2) is feasible due to low risk. Expected imported infections ~ 1656.12*0.2*(3215/8382976) 「 0.13 cases/day. Sum validation: 0.2+0.2+0.2+0.2+0.1+0.1=1."
  },
  "texas": {
    "fractions": [0.1, 0.15, 0.2, 0.2, 0.2, 0.15],
    "notes": "Texas has high infection (I=36733) and very high inflow. Strict-first (f1=0.1) mitigates early risk. Expected imported infections ~ 27201.14*0.1*(36733/20140802) 「 4.96 cases/day initially. Gradual relaxation balances economic impact. Sum validation: 0.1+0.15+0.2+0.2+0.2+0.15=1."
  },
  "global_guidance": "The allocations prioritize strict control early for high-risk states (Mississippi, Texas) to reduce cumulative cases in Virginia. Cross-state coordination ensures high-risk inflows are minimized first. Quantitative logic: imported infections are proportional to Flow*ft*(I_origin/pop_origin). Sensitivity: if origin prevalence rises, stricter fractions (lower ft) would be needed. Beta (transmission rate) changes would require rebalancing to maintain R0<1. The approach balances immediate risk reduction with gradual mobility restoration, focusing on states with highest infection pressure (Mississippi, Texas) first."
}
```
2025-12-23 19:17:36,190 - virginia - INFO - Parsed PolicyResponse: policy={'arizona': [0.1, 0.15, 0.2, 0.2, 0.2, 0.15], 'mississippi': [0.05, 0.1, 0.15, 0.2, 0.25, 0.25], 'new mexico': [0.2, 0.2, 0.2, 0.2, 0.1, 0.1], 'texas': [0.1, 0.15, 0.2, 0.2, 0.2, 0.15]} explanation='The allocations prioritize strict control early for high-risk states (Mississippi, Texas) to reduce cumulative cases in Virginia. Cross-state coordination ensures high-risk inflows are minimized first. Quantitative logic: imported infections are proportional to Flow*ft*(I_origin/pop_origin). Sensitivity: if origin prevalence rises, stricter fractions (lower ft) would be needed. Beta (transmission rate) changes would require rebalancing to maintain R0<1. The approach balances immediate risk reduction with gradual mobility restoration, focusing on states with highest infection pressure (Mississippi, Texas) first.'
