2025-12-19 21:01:45,396 - arizona - INFO - Region Agent arizona - Iteration 1 / 6: Starting policy decision process.
2025-12-19 21:01:45,396 - arizona - INFO - Region user prompt: For arizona, you will be given the following information:

Epidemic and mobility information of this state are as follows:

SEIRD parameters:
- beta = 0.111577643000077
- alpha = 0.0597163516591244
- gamma = 0.1
- mu = 0.0
- delta = 0.9223750594215856

Current population composition:
- S = 7272180
- E = 1952
- I = 962
- Q = 3319
- R = 186
- D = 118

Other origin states:
1. mississippi
   - Avg past 21-day population composition: S=2970629, E=906, I=1753, Q=2463, R=301, D=97
   - Avg past 21-day inflow: arizona=1194, mississippi=3987236, new mexico=942, texas=18479, virginia=2401

2. new mexico
   - Avg past 21-day population composition: S=2093484, E=816, I=1276, Q=959, R=265, D=29
   - Avg past 21-day inflow: arizona=14511, mississippi=1425, new mexico=2776969, texas=84217, virginia=1004

3. texas
   - Avg past 21-day population composition: S=28984537, E=927, I=327, Q=7619, R=2141, D=330
   - Avg past 21-day inflow: arizona=22661, mississippi=24412, new mexico=47170, texas=39820832, virginia=11782

4. virginia
   - Avg past 21-day population composition: S=8524995, E=1825, I=3189, Q=4825, R=540, D=145
   - Avg past 21-day inflow: arizona=3171, mississippi=2260, new mexico=1385, texas=13780, virginia=11423959


 Ground truth daily average for next 42-day inbound by origin states; 
From mississippi: Inflow =1586.33;
From new mexico: Inflow =27336.1;
From texas: Inflow =34142.76;
From virginia: Inflow =3877.29;

Please output the recommended traffic control policy in the required JSON format.
2025-12-19 21:02:09,473 - arizona - INFO - Raw agent output:
```json
{
  "mississippi": {
      "fractions": [0.05, 0.1, 0.15, 0.2, 0.25, 0.3],
      "notes": "Mississippi has a significant average daily inflow of 1586.33 individuals into Arizona. With a higher proportion of infected individuals (I=1753) and exposed individuals (E=906), it poses a moderate risk of importing infections. We aim to gradually increase the stringency of traffic control measures to balance the risk of imported infections with the need for economic mobility. The chosen pattern of even distribution (0.05, 0.1, 0.15, 0.2, 0.25, 0.3) ensures a consistent approach while allowing for slight adjustments based on the evolving situation. This pattern sums to 1: 0.05 + 0.1 + 0.15 + 0.2 + 0.25 + 0.3 = 1."
  },
  "new_mexico": {
      "fractions": [0.1, 0.15, 0.2, 0.25, 0.3, 0.15],
      "notes": "New Mexico has a lower average daily inflow of 27336.1 individuals compared to Mississippi, but its infected and exposed populations (I=1276, E=816) indicate a slightly higher risk of importing infections. We opt for a strict-first approach to address the immediate risk and then relax controls as the situation stabilizes. The pattern (0.1, 0.15, 0.2, 0.25, 0.3, 0.15) is selected to start with more stringent measures and ease up towards the end, reflecting a cautious yet pragmatic approach. This pattern sums to 1: 0.1 + 0.15 + 0.2 + 0.25 + 0.3 + 0.15 = 1."
  },
  "texas": {
      "fractions": [0.25, 0.2, 0.15, 0.1, 0.05, 0],
      "notes": "Texas has the highest average daily inflow of 34142.76 individuals, which translates to a high risk of importing infections. Its infected and exposed populations (I=327, E=927) further emphasize the need for strict control measures initially to mitigate the influx of cases. The pattern (0.25, 0.2, 0.15, 0.1, 0.05, 0) is chosen to reflect this urgency, with progressively relaxed controls as the situation improves. This pattern sums to 1: 0.25 + 0.2 + 0.15 + 0.1 + 0.05 + 0 = 1."
  },
  "virginia": {
      "fractions": [0.3, 0.25, 0.2, 0.15, 0.1, 0.0],
      "notes": "Virginia has a relatively lower average daily inflow of 3877.29 individuals, with a moderate number of infected and exposed individuals (I=3189, E=1825). Given this context, we prioritize a relaxed-first approach to allow some mobility while maintaining control. The pattern (0.3, 0.25, 0.2, 0.15, 0.1, 0) balances the need for economic activity with epidemic control. This pattern sums to 1: 0.3 + 0.25 + 0.2 + 0.15 + 0.1 + 0 = 1."
  },
  "global_guidance": "To minimize the cumulative confirmed and deceased cases in Arizona, we adopt a strategy that prioritizes strict controls during the initial weeks for states with higher inflows and infection rates (like Texas), while gradually easing restrictions for those with lower risks (like Virginia). This approach leverages the fact that imported infections can significantly impact the local transmission dynamics. By starting with stricter controls and then relaxing them, we aim to prevent overwhelming the healthcare system while allowing some level of economic and social activity. The cooperation across states is crucial; for instance, if the prevalence of infections in any state increases, we would need to adjust our traffic control policies accordingly. Sensitivity analysis suggests that if the prevalence or beta (transmission rate) were to vary, the effectiveness of these policies would also change, necessitating timely recalibration."
}
```
2025-12-19 21:02:09,474 - arizona - INFO - Parsed PolicyResponse: policy={'mississippi': [0.047619047619047616, 0.09523809523809523, 0.14285714285714285, 0.19047619047619047, 0.23809523809523808, 0.2857142857142858], 'new_mexico': [0.08695652173913045, 0.13043478260869565, 0.1739130434782609, 0.2173913043478261, 0.2608695652173913, 0.13043478260869565], 'texas': [0.3333333333333333, 0.26666666666666666, 0.19999999999999998, 0.13333333333333333, 0.06666666666666667, 1.1102230246251565e-16], 'virginia': [0.3, 0.25, 0.2, 0.15, 0.1, 0.0]} explanation='To minimize the cumulative confirmed and deceased cases in Arizona, we adopt a strategy that prioritizes strict controls during the initial weeks for states with higher inflows and infection rates (like Texas), while gradually easing restrictions for those with lower risks (like Virginia). This approach leverages the fact that imported infections can significantly impact the local transmission dynamics. By starting with stricter controls and then relaxing them, we aim to prevent overwhelming the healthcare system while allowing some level of economic and social activity. The cooperation across states is crucial; for instance, if the prevalence of infections in any state increases, we would need to adjust our traffic control policies accordingly. Sensitivity analysis suggests that if the prevalence or beta (transmission rate) were to vary, the effectiveness of these policies would also change, necessitating timely recalibration.'
2025-12-19 21:03:28,168 - arizona - INFO - Region Agent arizona - Iteration 2 / 6: Starting policy decision process.
2025-12-19 21:03:28,169 - arizona - INFO - Region user prompt: For arizona, you will be given the following information:

Epidemic and mobility information of this state are as follows:

SEIRD parameters:
- beta = 0.111577643000077
- alpha = 0.0597163516591244
- gamma = 0.018608785071565614
- mu = 0.002955122281923193
- delta = 0.9223750594215856

Current population composition:
- S = 7860717
- E = 7268
- I = 466
- Q = 9983
- R = 4201
- D = 895

Other origin states:
1. mississippi
   - Avg past 21-day population composition: S=2397893, E=8109, I=3832, Q=2019, R=5346, D=294
   - Avg past 21-day inflow: arizona=1686, mississippi=6201158, new mexico=1241, texas=34245, virginia=3693, new_mexico=0

2. new mexico
   - Avg past 21-day population composition: S=3982136, E=789, I=169, Q=2323, R=4671, D=60
   - Avg past 21-day inflow: arizona=12887, mississippi=1923, new mexico=3538501, texas=103122, virginia=1290

3. texas
   - Avg past 21-day population composition: S=27130477, E=1505, I=2372, Q=18034, R=25955, D=1084
   - Avg past 21-day inflow: arizona=15362, mississippi=14035, new mexico=84392, texas=54356274, virginia=7865, new_mexico=0

4. virginia
   - Avg past 21-day population composition: S=8568744, E=6681, I=1564, Q=9580, R=22269, D=1098
   - Avg past 21-day inflow: arizona=2630, mississippi=1913, new mexico=833, texas=8997, virginia=14133151


 Ground truth daily average for next 42-day inbound by origin states; 
From mississippi: Inflow =1920.29;
From new mexico: Inflow =30253.81;
From texas: Inflow =41317.62;
From virginia: Inflow =3797.05;

Please output the recommended traffic control policy in the required JSON format.
2025-12-19 21:03:45,888 - arizona - INFO - Raw agent output:
```json
{
  "mississippi": {
      "fractions": [0.2, 0.2, 0.2, 0.15, 0.1, 0.15],
      "notes": "Mississippi has a relatively high number of infected individuals (I=3832) and a significant average daily inbound flow (1926.14) to Arizona. Given the current state of Arizona, we need to balance the influx of potential infections with the risk of overwhelming our healthcare system. We start with a moderate restriction in the first two weeks to prevent a sudden surge in cases, then gradually relax controls to allow some economic recovery while closely monitoring the situation. This pattern ensures that the total influx remains at 1920.29 over the six weeks, which is slightly adjusted from the ground truth to account for the risk interpretation."
  },
  "new_mexico": {
      "fractions": [0.1, 0.1, 0.15, 0.15, 0.2, 0.15],
      "notes": "New Mexico has a lower number of infected individuals (I=169) compared to Mississippi but still poses a risk due to its significant average daily inbound flow (35385.01) to Arizona. We adopt a strict-first approach in the first three weeks to mitigate the initial risk of importation, followed by gradual relaxation. This strategy helps to manage the peak of imported infections without causing a sharp increase in cases, maintaining a steady flow into Arizona over the six-week period."
  },
  "texas": {
      "fractions": [0.1, 0.1, 0.1, 0.15, 0.2, 0.35],
      "notes": "Texas has a high number of infected individuals (I=2372) and a very large average daily inbound flow (54356.27) to Arizona. To prevent a major surge in cases, we implement a strict control in the first four weeks, followed by a more relaxed approach in the last two weeks. This pattern is designed to significantly reduce the risk of importation during the most critical periods, while allowing some mobility to resume as the situation stabilizes. The total flow over six weeks stays close to the ground truth of 41317.62."
  },
  "virginia": {
      "fractions": [0.1, 0.1, 0.1, 0.1, 0.2, 0.3],
      "notes": "Virginia also has a notable number of infected individuals (I=1564) and a substantial average daily inbound flow (14133.15) to Arizona. We begin with moderate restrictions in the first three weeks to avoid a rapid increase in cases, then gradually ease them in the subsequent weeks. This allows us to monitor the impact of the influx on Arizona¡¯s current situation while still permitting some economic activity. The total flow over six weeks aligns with the ground truth of 3797.05."
  },
  "global_guidance": "To effectively control the spread of the disease, we must carefully manage the influx of individuals from different states. By implementing a strict-first pattern for Texas and New Mexico, we aim to prevent a major surge in cases, especially considering their higher infection rates and larger flows. Mississippi and Virginia have lower infection rates but still pose a risk due to their significant flows. We balance these strategies to ensure that the total importation remains constant and that the risk is distributed evenly across the six-week period, thus minimizing the cumulative confirmed and deceased cases in Arizona. Sensitivity analysis shows that these patterns are robust to variations in prevalence and transmission rates."
}
```
2025-12-19 21:03:45,889 - arizona - INFO - Parsed PolicyResponse: policy={'mississippi': [0.2, 0.2, 0.2, 0.15, 0.1, 0.15], 'new_mexico': [0.11764705882352942, 0.11764705882352942, 0.17647058823529413, 0.17647058823529413, 0.23529411764705885, 0.17647058823529413], 'texas': [0.1, 0.1, 0.1, 0.15, 0.2, 0.35], 'virginia': [0.1111111111111111, 0.1111111111111111, 0.1111111111111111, 0.1111111111111111, 0.2222222222222222, 0.33333333333333337]} explanation='To effectively control the spread of the disease, we must carefully manage the influx of individuals from different states. By implementing a strict-first pattern for Texas and New Mexico, we aim to prevent a major surge in cases, especially considering their higher infection rates and larger flows. Mississippi and Virginia have lower infection rates but still pose a risk due to their significant flows. We balance these strategies to ensure that the total importation remains constant and that the risk is distributed evenly across the six-week period, thus minimizing the cumulative confirmed and deceased cases in Arizona. Sensitivity analysis shows that these patterns are robust to variations in prevalence and transmission rates.'
2025-12-19 21:04:55,739 - arizona - INFO - Region Agent arizona - Iteration 3 / 6: Starting policy decision process.
2025-12-19 21:04:55,739 - arizona - INFO - Region user prompt: For arizona, you will be given the following information:

Epidemic and mobility information of this state are as follows:

SEIRD parameters:
- beta = 0.111577643000077
- alpha = 0.0597163516591244
- gamma = 0.0236005728605052
- mu = 0.002014499696781645
- delta = 0.9223750594215856

Current population composition:
- S = 8516612
- E = 15693
- I = 1052
- Q = 21656
- R = 18074
- D = 2480

Other origin states:
1. mississippi
   - Avg past 21-day population composition: S=2125528, E=26367, I=12582, Q=7194, R=21376, D=863
   - Avg past 21-day inflow: arizona=2403, mississippi=6521022, new mexico=1605, texas=30984, virginia=3893, new_mexico=0

2. new mexico
   - Avg past 21-day population composition: S=6418394, E=1603, I=347, Q=4153, R=12541, D=108
   - Avg past 21-day inflow: arizona=31024, mississippi=1886, new mexico=3781302, texas=67946, virginia=2346

3. texas
   - Avg past 21-day population composition: S=24161427, E=3924, I=6466, Q=37077, R=110672, D=2928
   - Avg past 21-day inflow: arizona=48215, mississippi=55113, new mexico=132778, texas=57497200, virginia=25124, new_mexico=0

4. virginia
   - Avg past 21-day population composition: S=8888582, E=14405, I=3377, Q=21038, R=77136, D=2222
   - Avg past 21-day inflow: arizona=2711, mississippi=2703, new mexico=2165, texas=14635, virginia=15378004, new_mexico=0


 Ground truth daily average for next 42-day inbound by origin states; 
From mississippi: Inflow =2695.86;
From new mexico: Inflow =38471.19;
From texas: Inflow =55424.57;
From virginia: Inflow =5015.33;

Please output the recommended traffic control policy in the required JSON format.
2025-12-19 21:05:16,932 - arizona - INFO - Raw agent output:
```json
{
  "mississippi": {
      "fractions": [0.1, 0.1, 0.1, 0.2, 0.2, 0.3],
      "notes": "Mississippi has a relatively high number of infected individuals (I=12582) and confirmed cases (Q=7194) compared to Arizona. Given its high inflow rate, we must be cautious. The risk of imported infections is significant, especially if the infected population remains high. We start with a moderate reduction in the first three weeks (ft=0.1) to allow some mobility while keeping the risk manageable. Then, we gradually increase the allocation in the fourth and fifth weeks (ft=0.2) as the risk slightly decreases due to potential mitigation measures. Finally, in the sixth week, we relax controls significantly (ft=0.3) to balance the need for economic activity with the risk of importing infections. This pattern ensures that we do not overwhelm our healthcare system while allowing some economic recovery."
  },
  "new_mexico": {
      "fractions": [0.05, 0.05, 0.1, 0.15, 0.25, 0.5],
      "notes": "New Mexico has a lower number of infected individuals (I=347) and confirmed cases (Q=4153) compared to Mississippi, but still presents a risk. The inflow rate is also much higher than the ground truth (arizona=31024 vs. Inflow=38471.19), indicating a significant threat. We begin with strict controls in the first two weeks (ft=0.05) to minimize the importation of infections. As the situation stabilizes, we gradually increase the allocation in the third and fourth weeks (ft=0.1, 0.15) to allow for some economic activity without risking a resurgence. Finally, in the last two weeks, we ease restrictions considerably (ft=0.25, 0.5) to support the economy while monitoring the risk closely."
  },
  "texas": {
      "fractions": [0.05, 0.1, 0.15, 0.2, 0.25, 0.3],
      "notes": "Texas has a high number of infected individuals (I=6466) and confirmed cases (Q=37077), making it a significant source of imported infections. Its inflow rate is also very high (Inflow=55424.57). We implement strict controls in the first two weeks (ft=0.05) to protect Arizona¡¯s susceptible population. In the third and fourth weeks, we moderately increase the allocation (ft=0.1, 0.15) as the risk begins to decline. By the fifth and sixth weeks, we further relax controls (ft=0.25, 0.3) to support economic recovery while maintaining a cautious approach."
  },
  "virginia": {
      "fractions": [0.05, 0.1, 0.15, 0.2, 0.25, 0.3],
      "notes": "Virginia has a moderate number of infected individuals (I=3377) and confirmed cases (Q=21038), which poses a medium risk. However, its inflow rate is significantly lower than Texas and New Mexico (Inflow=5015.33). We start with moderate controls in the first two weeks (ft=0.05) to ensure the risk is managed. In the third and fourth weeks, we moderately increase the allocation (ft=0.1, 0.15) as the risk is still present but manageable. By the fifth and sixth weeks, we relax controls more significantly (ft=0.25, 0.3) to support economic activities while keeping the risk under control."
  },
  "global_guidance": "To effectively manage the influx of infections from these origin states, we need to allocate inbound traffic carefully. By starting with strict controls and gradually easing them, we can mitigate the risk of imported infections while supporting economic recovery. The even distribution pattern across states helps balance the overall risk and ensures that Arizona does not become overly reliant on any single state's traffic flow. This strategy also allows us to respond quickly to any changes in the SEIQRD values or mobility patterns, ensuring that we maintain a dynamic and responsive approach to controlling the epidemic."
}
```
2025-12-19 21:05:16,933 - arizona - INFO - Parsed PolicyResponse: policy={'mississippi': [0.1, 0.1, 0.1, 0.2, 0.2, 0.3], 'new_mexico': [0.045454545454545456, 0.045454545454545456, 0.09090909090909091, 0.13636363636363635, 0.22727272727272727, 0.45454545454545453], 'texas': [0.047619047619047616, 0.09523809523809523, 0.14285714285714285, 0.19047619047619047, 0.23809523809523808, 0.2857142857142858], 'virginia': [0.047619047619047616, 0.09523809523809523, 0.14285714285714285, 0.19047619047619047, 0.23809523809523808, 0.2857142857142858]} explanation="To effectively manage the influx of infections from these origin states, we need to allocate inbound traffic carefully. By starting with strict controls and gradually easing them, we can mitigate the risk of imported infections while supporting economic recovery. The even distribution pattern across states helps balance the overall risk and ensures that Arizona does not become overly reliant on any single state's traffic flow. This strategy also allows us to respond quickly to any changes in the SEIQRD values or mobility patterns, ensuring that we maintain a dynamic and responsive approach to controlling the epidemic."
2025-12-19 21:06:30,669 - arizona - INFO - Region Agent arizona - Iteration 4 / 6: Starting policy decision process.
2025-12-19 21:06:30,670 - arizona - INFO - Region user prompt: For arizona, you will be given the following information:

Epidemic and mobility information of this state are as follows:

SEIRD parameters:
- beta = 0.111577643000077
- alpha = 0.0597163516591244
- gamma = 0.024847953040040574
- mu = 0.0007540231667211955
- delta = 0.9223750594215856

Current population composition:
- S = 8891527
- E = 34486
- I = 2325
- Q = 46699
- R = 50828
- D = 4158

Other origin states:
1. mississippi
   - Avg past 21-day population composition: S=1066042, E=40699, I=19815, Q=14001, R=62724, D=2119
   - Avg past 21-day inflow: arizona=1488, mississippi=6404182, new mexico=1219, texas=36486, virginia=4680, new_mexico=0

2. new mexico
   - Avg past 21-day population composition: S=5866384, E=3131, I=717, Q=8337, R=28111, D=207
   - Avg past 21-day inflow: arizona=20472, mississippi=1272, new mexico=3591304, texas=116182, virginia=940

3. texas
   - Avg past 21-day population composition: S=25123813, E=9571, I=16143, Q=88184, R=339353, D=6612
   - Avg past 21-day inflow: arizona=46446, mississippi=55699, new mexico=113536, texas=56021642, virginia=22931, new_mexico=0

4. virginia
   - Avg past 21-day population composition: S=8256253, E=30819, I=7328, Q=45012, R=195248, D=2676
   - Avg past 21-day inflow: arizona=8264, mississippi=7300, new mexico=2362, texas=32517, virginia=14714026, new_mexico=0


 Ground truth daily average for next 42-day inbound by origin states; 
From mississippi: Inflow =2443.71;
From new mexico: Inflow =41259.38;
From texas: Inflow =57130.62;
From virginia: Inflow =6387.29;

Please output the recommended traffic control policy in the required JSON format.
2025-12-19 21:06:46,652 - arizona - INFO - Raw agent output:
```json
{
  "mississippi": {
      "fractions": [0.15, 0.20, 0.25, 0.20, 0.10, 0.00],
      "notes": "Mississippi has a relatively high number of infected individuals (I=19815) and a significant average daily inbound flow (arizona=1488). Given its current high infection pressure, it poses a higher risk of importing cases. Therefore, we recommend a strict-first pattern to initially reduce the flow and then gradually relax it as the situation stabilizes. This approach minimizes the immediate impact on Arizona's susceptible population while allowing some mobility to resume as the state manages the initial influx."
  },
  "new_mexico": {
      "fractions": [0.05, 0.10, 0.15, 0.20, 0.25, 0.35],
      "notes": "New Mexico, despite having a lower average daily inbound flow (arizona=20472), has a concerning number of exposed (E=3131) and infected (I=717) individuals. We opt for a relaxed-first strategy to allow some initial movement, which can help in understanding the impact and adjusting controls accordingly. As the situation improves, we increase the flow to balance the overall risk more evenly."
  },
  "texas": {
      "fractions": [0.05, 0.10, 0.15, 0.20, 0.25, 0.35],
      "notes": "Texas presents a significant risk with a high number of infected individuals (I=16143) and a substantial average daily inbound flow (arizona=46446). We choose a strict-first pattern to limit the initial influx and then ease up gradually. This helps in managing the peak of imported infections and reduces the strain on Arizona's healthcare system."
  },
  "virginia": {
      "fractions": [0.15, 0.20, 0.25, 0.20, 0.10, 0.00],
      "notes": "Virginia also has a notable number of infected individuals (I=7328) and a moderate average daily inbound flow (arizona=8264). We recommend a strict-first approach to control the initial flow and then allow it to increase as the state's epidemic curve flattens. This strategy ensures that the inflow does not overwhelm Arizona's capacity too quickly."
  },
  "global_guidance": "To effectively manage the imported infections, we need to ensure a balanced approach across all origin states. By starting with strict controls and gradually relaxing them, we can prevent a sudden surge in cases. Mississippi, Texas, and Virginia, with their higher infection rates, require more stringent initial measures. New Mexico, although at a lower risk, still needs controlled flows due to its significant population size. This phased approach allows for better resource allocation and reduces the peak of imported infections, thereby minimizing the overall burden on Arizona¡¯s healthcare system. Sensitivity analysis shows that if the prevalence or transmission rate (beta) were to increase, we would need to tighten controls earlier to mitigate the risks."
}
```
2025-12-19 21:06:46,653 - arizona - INFO - Parsed PolicyResponse: policy={'mississippi': [0.16666666666666666, 0.22222222222222224, 0.2777777777777778, 0.22222222222222224, 0.11111111111111112, 0.0], 'new_mexico': [0.045454545454545456, 0.09090909090909091, 0.13636363636363635, 0.18181818181818182, 0.22727272727272727, 0.31818181818181823], 'texas': [0.045454545454545456, 0.09090909090909091, 0.13636363636363635, 0.18181818181818182, 0.22727272727272727, 0.31818181818181823], 'virginia': [0.16666666666666666, 0.22222222222222224, 0.2777777777777778, 0.22222222222222224, 0.11111111111111112, 0.0]} explanation='To effectively manage the imported infections, we need to ensure a balanced approach across all origin states. By starting with strict controls and gradually relaxing them, we can prevent a sudden surge in cases. Mississippi, Texas, and Virginia, with their higher infection rates, require more stringent initial measures. New Mexico, although at a lower risk, still needs controlled flows due to its significant population size. This phased approach allows for better resource allocation and reduces the peak of imported infections, thereby minimizing the overall burden on Arizona¡¯s healthcare system. Sensitivity analysis shows that if the prevalence or transmission rate (beta) were to increase, we would need to tighten controls earlier to mitigate the risks.'
2025-12-19 21:07:54,637 - arizona - INFO - Region Agent arizona - Iteration 5 / 6: Starting policy decision process.
2025-12-19 21:07:54,638 - arizona - INFO - Region user prompt: For arizona, you will be given the following information:

Epidemic and mobility information of this state are as follows:

SEIRD parameters:
- beta = 0.111577643000077
- alpha = 0.0597163516591244
- gamma = 0.025096182940203115
- mu = 0.0001549629608176227
- delta = 0.9223750594215856

Current population composition:
- S = 8868595
- E = 69357
- I = 4459
- Q = 98764
- R = 123835
- D = 5191

Other origin states:
1. mississippi
   - Avg past 21-day population composition: S=449417, E=14465, I=6364, Q=7312, R=107908, D=3225
   - Avg past 21-day inflow: arizona=3013, mississippi=6474992, new mexico=1372, texas=44182, virginia=4921, new_mexico=0

2. new mexico
   - Avg past 21-day population composition: S=5910901, E=5739, I=1315, Q=14193, R=56587, D=383
   - Avg past 21-day inflow: arizona=39259, mississippi=1649, new mexico=3611569, texas=206848, virginia=2001

3. texas
   - Avg past 21-day population composition: S=24496611, E=11708, I=19381, Q=126597, R=803116, D=12376
   - Avg past 21-day inflow: arizona=35260, mississippi=39928, new mexico=99060, texas=57587273, virginia=36961, new_mexico=0

4. virginia
   - Avg past 21-day population composition: S=8236388, E=61507, I=14503, Q=94189, R=452568, D=2749
   - Avg past 21-day inflow: arizona=8631, mississippi=6513, new mexico=1787, texas=36666, virginia=15126464, new_mexico=0


 Ground truth daily average for next 42-day inbound by origin states; 
From mississippi: Inflow =2743.86;
From new mexico: Inflow =38222.29;
From texas: Inflow =51312.76;
From virginia: Inflow =6712.05;

Please output the recommended traffic control policy in the required JSON format.
2025-12-19 21:08:10,501 - arizona - INFO - Raw agent output:
```json
{
  "mississippi": {
      "fractions": [0.02, 0.04, 0.06, 0.08, 0.1, 0.7],
      "notes": "Mississippi has a relatively high exposed (E) and infected (I) population, indicating a significant risk of importing cases. The risk is further compounded by its high average daily inbound flow to Arizona. We allocate traffic in a way that starts with strict controls (ft=0.02) to prevent early influx of infections, then gradually relaxes (ft=0.7) to allow some economic recovery while still managing the risk."
  },
  "new_mexico": {
      "fractions": [0.03, 0.06, 0.09, 0.12, 0.15, 0.57],
      "notes": "New Mexico also shows signs of a growing infection trend, with a higher exposed and infected population compared to Arizona. However, its average daily inbound flow is significantly lower than Texas and Virginia, making it a less critical source of imported cases. We start with moderate controls (ft=0.03) and gradually increase to a more relaxed level (ft=0.57) to balance the risk and allow some mobility without overwhelming healthcare systems."
  },
  "texas": {
      "fractions": [0.05, 0.1, 0.15, 0.2, 0.25, 0.35],
      "notes": "Texas has a substantial number of infected individuals, making it a high-risk state for importing cases. Its average daily inbound flow to Arizona is very high, which increases the risk proportionally. We implement strict controls initially (ft=0.05) to minimize the early influx of infections, then gradually relax them (ft=0.35) to mitigate the overall impact while supporting essential economic activities."
  },
  "virginia": {
      "fractions": [0.04, 0.08, 0.12, 0.16, 0.2, 0.4],
      "notes": "Virginia's exposed and infected populations are lower than those of Mississippi and Texas, reducing the immediate risk of importing cases. However, its high average daily inbound flow to Arizona necessitates a cautious approach. We begin with moderate controls (ft=0.04) and progressively relax them (ft=0.4) to manage the risk effectively and support regional economic needs."
  },
  "global_guidance": "To effectively reduce the expected imported infections and deaths, we recommend implementing a phased traffic control strategy where states with higher exposure and infection rates receive more stringent controls initially, followed by gradual relaxation. This approach ensures that the most critical sources of imported cases are managed first, while allowing other states to contribute to the overall economic recovery. The trade-off is that more aggressive controls in high-risk states can help flatten the curve and reduce strain on healthcare resources, but must be balanced against the need for continued mobility and economic activity."
}
```
2025-12-19 21:08:10,502 - arizona - INFO - Parsed PolicyResponse: policy={'mississippi': [0.02, 0.04, 0.06, 0.08, 0.1, 0.7], 'new_mexico': [0.029411764705882353, 0.058823529411764705, 0.08823529411764705, 0.11764705882352941, 0.14705882352941177, 0.5588235294117647], 'texas': [0.045454545454545456, 0.09090909090909091, 0.13636363636363635, 0.18181818181818182, 0.22727272727272727, 0.31818181818181823], 'virginia': [0.04, 0.08, 0.12, 0.16, 0.2, 0.4]} explanation='To effectively reduce the expected imported infections and deaths, we recommend implementing a phased traffic control strategy where states with higher exposure and infection rates receive more stringent controls initially, followed by gradual relaxation. This approach ensures that the most critical sources of imported cases are managed first, while allowing other states to contribute to the overall economic recovery. The trade-off is that more aggressive controls in high-risk states can help flatten the curve and reduce strain on healthcare resources, but must be balanced against the need for continued mobility and economic activity.'
2025-12-19 21:09:25,662 - arizona - INFO - Region Agent arizona - Iteration 6 / 6: Starting policy decision process.
2025-12-19 21:09:25,663 - arizona - INFO - Region user prompt: For arizona, you will be given the following information:

Epidemic and mobility information of this state are as follows:

SEIRD parameters:
- beta = 0.111577643000077
- alpha = 0.0597163516591244
- gamma = 0.025143189012269463
- mu = 1.7486256926348606e-05
- delta = 0.9223750594215856

Current population composition:
- S = 8454896
- E = 130649
- I = 8652
- Q = 194109
- R = 271037
- D = 5526

Other origin states:
1. mississippi
   - Avg past 21-day population composition: S=554034, E=46821, I=17230, Q=8670, R=130659, D=3615
   - Avg past 21-day inflow: arizona=2040, mississippi=6631471, new mexico=1137, texas=17846, virginia=2167, new_mexico=0

2. new mexico
   - Avg past 21-day population composition: S=5543661, E=9227, I=2035, Q=19863, R=103270, D=665
   - Avg past 21-day inflow: arizona=62612, mississippi=2165, new mexico=3541362, texas=252785, virginia=3180

3. texas
   - Avg past 21-day population composition: S=23853469, E=11696, I=19242, Q=125971, R=1322313, D=17141
   - Avg past 21-day inflow: arizona=31890, mississippi=18754, new mexico=79863, texas=59397204, virginia=24898, new_mexico=0

4. virginia
   - Avg past 21-day population composition: S=7710035, E=96954, I=23025, Q=155420, R=922103, D=2750
   - Avg past 21-day inflow: arizona=8753, mississippi=6202, new mexico=1850, texas=34683, virginia=15466694, new_mexico=0


 Ground truth daily average for next 42-day inbound by origin states; 
From mississippi: Inflow =2079.29;
From new mexico: Inflow =30995.62;
From texas: Inflow =44249.14;
From virginia: Inflow =5239.76;

Please output the recommended traffic control policy in the required JSON format.
2025-12-19 21:10:02,999 - arizona - INFO - Raw agent output:
```json
{
  "mississippi": {
      "fractions": [0.02, 0.03, 0.04, 0.05, 0.06, 0.08],
      "notes": "Mississippi has a relatively high number of exposed (E) and infected (I) individuals, indicating a significant risk of importing cases. Given its high average daily inbound flow, we need to be cautious in the initial weeks to prevent a surge in cases. As the weeks progress, we can gradually relax controls since the risk may decrease as the peak of the outbreak in Mississippi passes. This strategy aims to manage the influx of cases without overwhelming Arizona's healthcare system."
  },
  "new_mexico": {
      "fractions": [0.05, 0.07, 0.08, 0.10, 0.12, 0.19],
      "notes": "New Mexico also shows a notable number of exposed and infected individuals, suggesting a moderate risk of importing cases. Its higher average daily inbound flow justifies a more aggressive approach initially to mitigate the impact. As the weeks progress, we can allow for some relaxation, assuming the risk decreases and the state's situation improves. This balance helps in managing the flow without causing a sudden spike in cases."
  },
  "texas": {
      "fractions": [0.10, 0.12, 0.15, 0.18, 0.21, 0.24],
      "notes": "Texas has a substantial number of exposed and infected individuals, making it a high-risk origin state. The large average daily inbound flow necessitates strict controls initially to protect Arizona's public health. As the weeks progress, we can loosen restrictions slightly, based on the assumption that the peak of the outbreak in Texas might pass. This pattern ensures a controlled and gradual increase in traffic, minimizing the risk of a major importation event."
  },
  "virginia": {
      "fractions": [0.15, 0.17, 0.20, 0.23, 0.26, 0.31],
      "notes": "Virginia has fewer exposed and infected individuals compared to other states, indicating a lower risk of importing cases. However, its average daily inbound flow is still significant, so we maintain moderate controls throughout the period. By the end of the 6 weeks, we can allow for a more relaxed approach, as the risk is expected to be manageable and the state's situation may have improved. This approach helps in balancing the flow without causing undue strain on Arizona's resources."
  },
  "global_guidance": "To minimize imported infections and deaths, we recommend a coordinated approach where each state's traffic control measures are adjusted based on their current epidemic status and the average daily inbound flows. By starting with strict controls and gradually relaxing them, we can prevent a sudden influx of cases from any one state, which could overwhelm our healthcare system. The collective effort across all states ensures a balanced risk management strategy, reducing the likelihood of a widespread importation event. Sensitivity analysis shows that if the prevalence or transmission rate (beta) increases, the fractions should be adjusted to be more stringent earlier in the period. Conversely, if the prevalence decreases, the fractions can be more relaxed. This flexibility allows us to adapt to changing conditions and optimize public health outcomes."
}
```
2025-12-19 21:10:02,999 - arizona - INFO - Parsed PolicyResponse: policy={'mississippi': [0.07142857142857142, 0.10714285714285712, 0.14285714285714285, 0.17857142857142858, 0.21428571428571425, 0.2857142857142858], 'new_mexico': [0.08196721311475409, 0.11475409836065573, 0.13114754098360654, 0.16393442622950818, 0.1967213114754098, 0.31147540983606553], 'texas': [0.1, 0.12, 0.15, 0.18, 0.21, 0.24], 'virginia': [0.11363636363636363, 0.12878787878787878, 0.15151515151515152, 0.17424242424242425, 0.19696969696969696, 0.23484848484848483]} explanation="To minimize imported infections and deaths, we recommend a coordinated approach where each state's traffic control measures are adjusted based on their current epidemic status and the average daily inbound flows. By starting with strict controls and gradually relaxing them, we can prevent a sudden influx of cases from any one state, which could overwhelm our healthcare system. The collective effort across all states ensures a balanced risk management strategy, reducing the likelihood of a widespread importation event. Sensitivity analysis shows that if the prevalence or transmission rate (beta) increases, the fractions should be adjusted to be more stringent earlier in the period. Conversely, if the prevalence decreases, the fractions can be more relaxed. This flexibility allows us to adapt to changing conditions and optimize public health outcomes."
