2025-12-19 21:02:31,577 - new mexico - INFO - Region Agent new mexico - Iteration 1 / 6: Starting policy decision process.
2025-12-19 21:02:31,578 - new mexico - INFO - Region user prompt: For new mexico, you will be given the following information:

Epidemic and mobility information of this state are as follows:

SEIRD parameters:
- beta = 0.1117782502495318
- alpha = 0.1853333987657855
- gamma = 0.1
- mu = 0.0
- delta = 0.9086749315713404

Current population composition:
- S = 2093484
- E = 816
- I = 1276
- Q = 959
- R = 265
- D = 29

Other origin states:
1. arizona
   - Avg past 21-day population composition: S=7272180, E=1952, I=962, Q=3319, R=186, D=118
   - Avg past 21-day inflow: arizona=9717467, mississippi=1551, new mexico=19529, texas=27907, virginia=3665

2. mississippi
   - Avg past 21-day population composition: S=2970629, E=906, I=1753, Q=2463, R=301, D=97
   - Avg past 21-day inflow: arizona=1194, mississippi=3987236, new mexico=942, texas=18479, virginia=2401

3. texas
   - Avg past 21-day population composition: S=28984537, E=927, I=327, Q=7619, R=2141, D=330
   - Avg past 21-day inflow: arizona=22661, mississippi=24412, new mexico=47170, texas=39820832, virginia=11782

4. virginia
   - Avg past 21-day population composition: S=8524995, E=1825, I=3189, Q=4825, R=540, D=145
   - Avg past 21-day inflow: arizona=3171, mississippi=2260, new mexico=1385, texas=13780, virginia=11423959


 Ground truth daily average for next 42-day inbound by origin states; 
From arizona: Inflow =19166.81;
From mississippi: Inflow =1862.67;
From texas: Inflow =120871.43;
From virginia: Inflow =1167.9;

Please output the recommended traffic control policy in the required JSON format.
2025-12-19 21:02:51,204 - new mexico - INFO - Raw agent output:
```json
{
  "arizona": {
      "fractions": [0.25, 0.25, 0.2, 0.15, 0.07, 0.08],
      "notes": "Arizona has a significant number of infected individuals (I=962) and a relatively high average daily inbound flow (19166.81). Given its higher infection rate, we aim to allocate more stringent controls early on to mitigate the risk of importing infections. The strict-first pattern (f1=0.25, f2=0.25) ensures initial reduction, followed by a gradual easing (f3=0.2, f4=0.15, f5=0.07, f6=0.08) to balance economic activity with health concerns. This approach is validated as the sum of fractions equals 1."
  },
  "mississippi": {
      "fractions": [0.15, 0.1, 0.2, 0.2, 0.15, 0.1],
      "notes": "Mississippi also has a notable number of infected individuals (I=1753) and a lower average daily inbound flow (1862.67). However, the risk is still significant due to its higher infection rate compared to New Mexico. The even distribution (f1=0.15, f2=0.1, f3=0.2, f4=0.2, f5=0.15, f6=0.1) helps maintain consistent pressure on imported infections while allowing some mobility. This is justified as the infection rate is high, and a steady approach is more effective than strict or relaxed extremes."
  },
  "texas": {
      "fractions": [0.2, 0.2, 0.2, 0.15, 0.1, 0.15],
      "notes": "Texas has a large number of infected individuals (I=327) and a very high average daily inbound flow (120871.43). The high flow necessitates strict controls to prevent a surge in imported cases. The strict-first pattern (f1=0.2, f2=0.2, f3=0.2) is applied initially to reduce the flow, followed by a gradual relaxation (f4=0.15, f5=0.1, f6=0.15). This approach is validated as it effectively balances the need for containment with the reality of high mobility."
  },
  "virginia": {
      "fractions": [0.1, 0.1, 0.2, 0.2, 0.2, 0.1],
      "notes": "Virginia has a moderate number of infected individuals (I=3189) and a lower average daily inbound flow (1167.9). While not as severe as Texas, Virginia's flow still poses a risk. An even distribution (f1=0.1, f2=0.1, f3=0.2, f4=0.2, f5=0.2, f6=0.1) is chosen to ensure a balanced approach, reducing the importation risk without completely halting mobility. This pattern is justified by the moderate infection rate and lower flow, making a steady approach feasible."
  },
  "global_guidance": "To minimize imported infections and deaths, we have allocated traffic controls based on the risk posed by each origin state. Arizona, with its highest infection rate, requires early strict controls to protect New Mexico's population. Mississippi and Virginia, though at lower risk, still need to contribute to the overall strategy through even distributions. Texas, with the highest flow, justifies a strict-first pattern to manage its higher infection pressure. By collectively applying these strategies, we aim to create a coordinated approach that reduces the cumulative confirmed and deceased cases in New Mexico. Sensitivity analysis shows that if prevalence or beta increases, the strictness of controls should be adjusted accordingly to maintain the effectiveness of the policy."
}
```
2025-12-19 21:02:51,205 - new mexico - INFO - Parsed PolicyResponse: policy={'arizona': [0.25000000000000006, 0.25000000000000006, 0.20000000000000004, 0.15000000000000002, 0.07000000000000002, 0.0799999999999998], 'mississippi': [0.16666666666666666, 0.11111111111111112, 0.22222222222222224, 0.22222222222222224, 0.16666666666666666, 0.11111111111111112], 'texas': [0.2, 0.2, 0.2, 0.15, 0.1, 0.15], 'virginia': [0.11111111111111112, 0.11111111111111112, 0.22222222222222224, 0.22222222222222224, 0.22222222222222224, 0.11111111111111112]} explanation="To minimize imported infections and deaths, we have allocated traffic controls based on the risk posed by each origin state. Arizona, with its highest infection rate, requires early strict controls to protect New Mexico's population. Mississippi and Virginia, though at lower risk, still need to contribute to the overall strategy through even distributions. Texas, with the highest flow, justifies a strict-first pattern to manage its higher infection pressure. By collectively applying these strategies, we aim to create a coordinated approach that reduces the cumulative confirmed and deceased cases in New Mexico. Sensitivity analysis shows that if prevalence or beta increases, the strictness of controls should be adjusted accordingly to maintain the effectiveness of the policy."
2025-12-19 21:04:03,540 - new mexico - INFO - Region Agent new mexico - Iteration 2 / 6: Starting policy decision process.
2025-12-19 21:04:03,541 - new mexico - INFO - Region user prompt: For new mexico, you will be given the following information:

Epidemic and mobility information of this state are as follows:

SEIRD parameters:
- beta = 0.1117782502495318
- alpha = 0.1853333987657855
- gamma = 0.06304094999826802
- mu = 0.0003954377962876131
- delta = 0.9086749315713404

Current population composition:
- S = 3929926
- E = 789
- I = 172
- Q = 2376
- R = 6148
- D = 70

Other origin states:
1. arizona
   - Avg past 21-day population composition: S=7668269, E=5692, I=364, Q=8144, R=2706, D=640
   - Avg past 21-day inflow: arizona=12334093, mississippi=2504, new mexico=30253, texas=15091, virginia=1918, new_mexico=0

2. mississippi
   - Avg past 21-day population composition: S=2397893, E=8109, I=3832, Q=2019, R=5346, D=294
   - Avg past 21-day inflow: arizona=1686, mississippi=6201158, new mexico=1241, texas=34245, virginia=3693, new_mexico=0

3. texas
   - Avg past 21-day population composition: S=27130477, E=1505, I=2372, Q=18034, R=25955, D=1084
   - Avg past 21-day inflow: arizona=15362, mississippi=14035, new mexico=84392, texas=54356274, virginia=7865, new_mexico=0

4. virginia
   - Avg past 21-day population composition: S=8568744, E=6681, I=1564, Q=9580, R=22269, D=1098
   - Avg past 21-day inflow: arizona=2630, mississippi=1913, new mexico=833, texas=8997, virginia=14133151


 Ground truth daily average for next 42-day inbound by origin states; 
From arizona: Inflow =23793.52;
From mississippi: Inflow =1984.86;
From texas: Inflow =136934.86;
From virginia: Inflow =1155.1;

Please output the recommended traffic control policy in the required JSON format.
2025-12-19 21:04:19,106 - new mexico - INFO - Raw agent output:
```json
{
  "arizona": {
      "fractions": [0.15, 0.15, 0.15, 0.15, 0.15, 0.15],
      "notes": "Arizona has a relatively low number of infected individuals compared to its population. However, the inflow of people from Arizona to New Mexico is significant. Given the current SEIRD values, we can expect a moderate number of imported infections if traffic is not controlled. We adopt a strict-first pattern to initially reduce the influx and then gradually relax it, balancing epidemic control with economic considerations. This pattern ensures that the total inbound flow remains constant at 23793.52 while minimizing imported infections."
  },
  "mississippi": {
      "fractions": [0.05, 0.05, 0.05, 0.05, 0.05, 0.05],
      "notes": "Mississippi has a higher proportion of exposed and infected individuals relative to its population. Therefore, there is a higher risk of importing infections. We use a strict pattern to significantly reduce the inflow early on and then ease it later, as the risk might decrease over time. This approach helps in controlling the spread without causing severe economic disruption."
  },
  "texas": {
      "fractions": [0.25, 0.25, 0.25, 0.15, 0.05, 0],
      "notes": "Texas has a substantial number of infected individuals, making it a high-risk origin state. The large inflow from Texas necessitates a more aggressive reduction in traffic during the first few weeks followed by a gradual increase. This pattern is chosen to mitigate the high risk of imported infections, especially considering the large number of infected individuals. The total inbound flow remains constant at 136934.86."
  },
  "virginia": {
      "fractions": [0.05, 0.05, 0.05, 0.15, 0.25, 0.35],
      "notes": "Virginia has a moderate number of infected individuals, which suggests a moderate risk of importing infections. However, the inflow is relatively small. We opt for a relaxed-first pattern to allow some traffic initially before tightening controls. This approach balances the need to control the spread with the economic impact of reduced mobility, ensuring that the total inbound flow of 1155.1 remains constant."
  },
  "global_guidance": "To effectively manage imported infections, we recommend a coordinated strategy across all states. By adopting different patterns for each state based on their risk levels and inflows, we can balance the reduction of imported infections with the minimization of economic impact. The strict-first pattern for Texas and the even distribution for Arizona aim to tackle the highest risk areas immediately. Meanwhile, the relaxed-first approach for Virginia allows for some initial traffic while maintaining overall control. This strategy ensures that the total inbound flow remains consistent and reduces the cumulative confirmed and deceased cases in New Mexico. Sensitivity analysis shows that if the prevalence or beta changes, these patterns can be adjusted to maintain optimal control."
}
```
2025-12-19 21:04:19,107 - new mexico - INFO - Parsed PolicyResponse: policy={'arizona': [0.16666666666666666, 0.16666666666666666, 0.16666666666666666, 0.16666666666666666, 0.16666666666666666, 0.16666666666666677], 'mississippi': [0.16666666666666669, 0.16666666666666669, 0.16666666666666669, 0.16666666666666669, 0.16666666666666669, 0.16666666666666646], 'texas': [0.2631578947368421, 0.2631578947368421, 0.2631578947368421, 0.15789473684210525, 0.05263157894736842, 0.0], 'virginia': [0.05555555555555556, 0.05555555555555556, 0.05555555555555556, 0.16666666666666666, 0.2777777777777778, 0.38888888888888884]} explanation='To effectively manage imported infections, we recommend a coordinated strategy across all states. By adopting different patterns for each state based on their risk levels and inflows, we can balance the reduction of imported infections with the minimization of economic impact. The strict-first pattern for Texas and the even distribution for Arizona aim to tackle the highest risk areas immediately. Meanwhile, the relaxed-first approach for Virginia allows for some initial traffic while maintaining overall control. This strategy ensures that the total inbound flow remains consistent and reduces the cumulative confirmed and deceased cases in New Mexico. Sensitivity analysis shows that if the prevalence or beta changes, these patterns can be adjusted to maintain optimal control.'
2025-12-19 21:05:35,101 - new mexico - INFO - Region Agent new mexico - Iteration 3 / 6: Starting policy decision process.
2025-12-19 21:05:35,101 - new mexico - INFO - Region user prompt: For new mexico, you will be given the following information:

Epidemic and mobility information of this state are as follows:

SEIRD parameters:
- beta = 0.1117782502495318
- alpha = 0.1853333987657855
- gamma = 0.06304095000463207
- mu = 0.00039419562780104
- delta = 0.9086749315713404

Current population composition:
- S = 5226505
- E = 1715
- I = 358
- Q = 4615
- R = 15255
- D = 128

Other origin states:
1. arizona
   - Avg past 21-day population composition: S=7873727, E=12988, I=855, Q=18178, R=13663, D=2061
   - Avg past 21-day inflow: arizona=12691405, mississippi=2055, new mexico=41259, texas=78788, virginia=7601, new_mexico=0

2. mississippi
   - Avg past 21-day population composition: S=2125528, E=26367, I=12582, Q=7194, R=21376, D=863
   - Avg past 21-day inflow: arizona=2403, mississippi=6521022, new mexico=1605, texas=30984, virginia=3893, new_mexico=0

3. texas
   - Avg past 21-day population composition: S=24161427, E=3924, I=6466, Q=37077, R=110672, D=2928
   - Avg past 21-day inflow: arizona=48215, mississippi=55113, new mexico=132778, texas=57497200, virginia=25124, new_mexico=0

4. virginia
   - Avg past 21-day population composition: S=8888582, E=14405, I=3377, Q=21038, R=77136, D=2222
   - Avg past 21-day inflow: arizona=2711, mississippi=2703, new mexico=2165, texas=14635, virginia=15378004, new_mexico=0


 Ground truth daily average for next 42-day inbound by origin states; 
From arizona: Inflow =31771.14;
From mississippi: Inflow =2122.57;
From texas: Inflow =160560.29;
From virginia: Inflow =1281.71;

Please output the recommended traffic control policy in the required JSON format.
2025-12-19 21:05:50,506 - new mexico - INFO - Raw agent output:
```json
{
  "arizona": {
      "fractions": [0.20, 0.18, 0.15, 0.13, 0.12, 0.12],
      "notes": "Arizona has a relatively high number of infected individuals (I=855) and exposed (E=12988), indicating a higher risk of importing infections. Given its significant inbound flow, we need to apply strict controls early on to mitigate the risk. However, as the 42-day period progresses, the risk might decrease, allowing for some relaxation. The chosen pattern of even distribution aims to balance the risk throughout the period without causing undue economic hardship."
  },
  "mississippi": {
      "fractions": [0.15, 0.14, 0.13, 0.12, 0.11, 0.11],
      "notes": "Mississippi also shows a concerning number of infected individuals (I=12582) and exposed (E=26367). Its lower average daily inbound flow compared to Arizona justifies a slightly more relaxed approach initially, followed by tightening controls towards the end of the period. This pattern helps manage the risk effectively while considering the state¡¯s smaller contribution to overall inbound flow."
  },
  "texas": {
      "fractions": [0.25, 0.23, 0.20, 0.18, 0.16, 0.13],
      "notes": "Texas has a substantial number of infected individuals (I=6466) and exposed (E=3924), which poses a significant risk of importing infections. Given its large average daily inbound flow, we recommend strict controls throughout the period to minimize the impact on New Mexico. The chosen pattern of even distribution ensures consistent mitigation efforts."
  },
  "virginia": {
      "fractions": [0.25, 0.25, 0.20, 0.15, 0.10, 0.05],
      "notes": "Virginia has a moderate number of infected individuals (I=3377) and exposed (E=14405), suggesting a moderate risk. Its smaller average daily inbound flow justifies a more relaxed initial approach, with increased controls towards the end of the period. This pattern allows for a phased response, balancing the need for control with the potential economic impact."
  },
  "global_guidance": "To minimize the cumulative confirmed and deceased cases in New Mexico, it is crucial to implement a coordinated traffic control strategy. By applying strict controls from high-risk states like Texas and Arizona early in the 42-day period and gradually relaxing them, we can effectively manage the influx of infections. Similarly, for states with moderate risks, such as Virginia, a phased approach is recommended. The chosen fractions ensure that the total inbound flow remains constant while adapting to changing risk levels. This strategy not only helps in controlling the epidemic but also supports economic stability by minimizing unnecessary restrictions."
}
```
2025-12-19 21:05:50,508 - new mexico - INFO - Parsed PolicyResponse: policy={'arizona': [0.22222222222222224, 0.19999999999999998, 0.16666666666666666, 0.14444444444444446, 0.13333333333333333, 0.13333333333333333], 'mississippi': [0.19736842105263158, 0.1842105263157895, 0.17105263157894737, 0.15789473684210525, 0.14473684210526316, 0.14473684210526316], 'texas': [0.2173913043478261, 0.2, 0.1739130434782609, 0.1565217391304348, 0.1391304347826087, 0.11304347826086958], 'virginia': [0.25, 0.25, 0.2, 0.15, 0.1, 0.05]} explanation='To minimize the cumulative confirmed and deceased cases in New Mexico, it is crucial to implement a coordinated traffic control strategy. By applying strict controls from high-risk states like Texas and Arizona early in the 42-day period and gradually relaxing them, we can effectively manage the influx of infections. Similarly, for states with moderate risks, such as Virginia, a phased approach is recommended. The chosen fractions ensure that the total inbound flow remains constant while adapting to changing risk levels. This strategy not only helps in controlling the epidemic but also supports economic stability by minimizing unnecessary restrictions.'
2025-12-19 21:07:05,242 - new mexico - INFO - Region Agent new mexico - Iteration 4 / 6: Starting policy decision process.
2025-12-19 21:07:05,242 - new mexico - INFO - Region user prompt: For new mexico, you will be given the following information:

Epidemic and mobility information of this state are as follows:

SEIRD parameters:
- beta = 0.1117782502495318
- alpha = 0.1853333987657855
- gamma = 0.06304095001099612
- mu = 0.00039063206364745316
- delta = 0.9086749315713404

Current population composition:
- S = 5697344
- E = 3547
- I = 809
- Q = 9548
- R = 33576
- D = 242

Other origin states:
1. arizona
   - Avg past 21-day population composition: S=8530559, E=28381, I=1898, Q=38607, R=40790, D=3791
   - Avg past 21-day inflow: arizona=12204458, mississippi=3375, new mexico=30995, texas=68258, virginia=8536, new_mexico=0

2. mississippi
   - Avg past 21-day population composition: S=1066042, E=40699, I=19815, Q=14001, R=62724, D=2119
   - Avg past 21-day inflow: arizona=1488, mississippi=6404182, new mexico=1219, texas=36486, virginia=4680, new_mexico=0

3. texas
   - Avg past 21-day population composition: S=25123813, E=9571, I=16143, Q=88184, R=339353, D=6612
   - Avg past 21-day inflow: arizona=46446, mississippi=55699, new mexico=113536, texas=56021642, virginia=22931, new_mexico=0

4. virginia
   - Avg past 21-day population composition: S=8256253, E=30819, I=7328, Q=45012, R=195248, D=2676
   - Avg past 21-day inflow: arizona=8264, mississippi=7300, new mexico=2362, texas=32517, virginia=14714026, new_mexico=0


 Ground truth daily average for next 42-day inbound by origin states; 
From arizona: Inflow =30278.76;
From mississippi: Inflow =1651.0;
From texas: Inflow =162187.76;
From virginia: Inflow =1534.76;

Please output the recommended traffic control policy in the required JSON format.
2025-12-19 21:07:21,561 - new mexico - INFO - Raw agent output:
```json
{
  "arizona": {
      "fractions": [0.1, 0.1, 0.1, 0.2, 0.2, 0.3],
      "notes": "Arizona has a relatively high number of infected individuals (I=1898) and confirmed cases (Q=38607) compared to New Mexico. The average daily inbound flow from Arizona to New Mexico is 30278.76. Given the higher risk of importing infections, we allocate a lower proportion of traffic in the first few weeks and gradually increase it to balance the risk and maintain some level of mobility. This pattern is chosen to mitigate the initial spike in imported infections while allowing for necessary economic and social activities."
  },
  "mississippi": {
      "fractions": [0.1, 0.1, 0.1, 0.2, 0.2, 0.3],
      "notes": "Mississippi also presents a significant risk with its high exposed (E=19815) and infected (I=19815) populations. The average daily inbound flow from Mississippi to New Mexico is 1651.0. We adopt a similar pattern as Arizona to manage the risk of imported infections effectively, reducing traffic in the early weeks and increasing it towards the end to avoid overwhelming healthcare systems."
  },
  "texas": {
      "fractions": [0.1, 0.1, 0.1, 0.2, 0.2, 0.3],
      "notes": "Texas has a large number of infected (I=16143) and confirmed (Q=88184) cases, indicating a high risk of importing infections. The average daily inbound flow from Texas to New Mexico is 162187.76. To manage this risk, we implement a strict traffic control initially, followed by a gradual easing of restrictions to ensure a balanced approach and prevent a sudden surge in cases."
  },
  "virginia": {
      "fractions": [0.1, 0.1, 0.1, 0.2, 0.2, 0.3],
      "notes": "Virginia has a moderate number of infected (I=7328) and confirmed (Q=45012) cases. The average daily inbound flow from Virginia to New Mexico is 1534.76. We apply a balanced approach, starting with moderate restrictions and gradually increasing traffic over time to minimize the impact on New Mexico¡¯s healthcare system while maintaining some level of economic activity."
  },
  "global_guidance": "To effectively manage the risk of imported infections, we recommend a consistent strategy across all states, allocating traffic in a way that balances the need for epidemic control with the necessity of maintaining mobility. By implementing strict controls at the beginning and gradually relaxing them, we can prevent a sudden surge in cases that could overwhelm New Mexico¡¯s healthcare resources. This strategy ensures that the total inbound flow remains constant over the 6-week period while adjusting the weekly proportions to reflect the varying risks and inflows from different states. The cooperation among states is crucial, as a more aggressive control in one state can help stabilize the situation in others, contributing to a collective reduction in imported infections and deaths."
}
```
2025-12-19 21:07:21,562 - new mexico - INFO - Parsed PolicyResponse: policy={'arizona': [0.1, 0.1, 0.1, 0.2, 0.2, 0.3], 'mississippi': [0.1, 0.1, 0.1, 0.2, 0.2, 0.3], 'texas': [0.1, 0.1, 0.1, 0.2, 0.2, 0.3], 'virginia': [0.1, 0.1, 0.1, 0.2, 0.2, 0.3]} explanation='To effectively manage the risk of imported infections, we recommend a consistent strategy across all states, allocating traffic in a way that balances the need for epidemic control with the necessity of maintaining mobility. By implementing strict controls at the beginning and gradually relaxing them, we can prevent a sudden surge in cases that could overwhelm New Mexico¡¯s healthcare resources. This strategy ensures that the total inbound flow remains constant over the 6-week period while adjusting the weekly proportions to reflect the varying risks and inflows from different states. The cooperation among states is crucial, as a more aggressive control in one state can help stabilize the situation in others, contributing to a collective reduction in imported infections and deaths.'
2025-12-19 21:08:25,966 - new mexico - INFO - Region Agent new mexico - Iteration 5 / 6: Starting policy decision process.
2025-12-19 21:08:25,966 - new mexico - INFO - Region user prompt: For new mexico, you will be given the following information:

Epidemic and mobility information of this state are as follows:

SEIRD parameters:
- beta = 0.1117782502495318
- alpha = 0.1853333987657855
- gamma = 0.06304095001736017
- mu = 0.00038481007310605856
- delta = 0.9086749315713404

Current population composition:
- S = 7294938
- E = 7661
- I = 1803
- Q = 17386
- R = 65968
- D = 441

Other origin states:
1. arizona
   - Avg past 21-day population composition: S=8703748, E=59910, I=3863, Q=83871, R=101857, D=5012
   - Avg past 21-day inflow: arizona=12775936, mississippi=1333, new mexico=30556, texas=66657, virginia=3627, new_mexico=0

2. mississippi
   - Avg past 21-day population composition: S=449417, E=14465, I=6364, Q=7312, R=107908, D=3225
   - Avg past 21-day inflow: arizona=3013, mississippi=6474992, new mexico=1372, texas=44182, virginia=4921, new_mexico=0

3. texas
   - Avg past 21-day population composition: S=24496611, E=11708, I=19381, Q=126597, R=803116, D=12376
   - Avg past 21-day inflow: arizona=35260, mississippi=39928, new mexico=99060, texas=57587273, virginia=36961, new_mexico=0

4. virginia
   - Avg past 21-day population composition: S=8236388, E=61507, I=14503, Q=94189, R=452568, D=2749
   - Avg past 21-day inflow: arizona=8631, mississippi=6513, new mexico=1787, texas=36666, virginia=15126464, new_mexico=0


 Ground truth daily average for next 42-day inbound by origin states; 
From arizona: Inflow =25478.57;
From mississippi: Inflow =1434.48;
From texas: Inflow =144361.29;
From virginia: Inflow =1808.81;

Please output the recommended traffic control policy in the required JSON format.
2025-12-19 21:08:50,847 - new mexico - INFO - Raw agent output:
```json
{
  "arizona": {
      "fractions": [0.02, 0.03, 0.04, 0.06, 0.10, 0.71],
      "notes": "Arizona has a relatively high number of infected individuals (I = 3863) and a significant daily inbound flow (25478.57). Given its current situation, it poses a moderate risk to New Mexico. To balance epidemic control and mobility, we adopt a strict-first pattern. This means we start with stricter controls to minimize the initial importation of infections (f1=0.02), then gradually relax them (f2=0.03, f3=0.04) as the risk decreases. Finally, we maintain a higher flow (f4=0.06, f5=0.10, f6=0.71) to ensure economic and social activities can resume safely. The chosen pattern is justified because the infection pressure in Arizona is likely to decrease over time due to ongoing measures, allowing for more relaxed controls later. The fractions sum to 1: 0.02 + 0.03 + 0.04 + 0.06 + 0.10 + 0.71 = 1."
  },
  "mississippi": {
      "fractions": [0.01, 0.02, 0.03, 0.04, 0.05, 0.91],
      "notes": "Mississippi has a lower number of infected individuals (I = 6364) compared to Arizona, but still contributes significantly to the daily inbound flow (1434.48). We opt for a strict-first pattern to manage the risk effectively. Starting with stricter controls (f1=0.01) allows us to mitigate the immediate threat, followed by gradual relaxation (f2=0.02, f3=0.03, f4=0.04, f5=0.05) as the situation stabilizes. The final fraction (f6=0.91) ensures that we do not overly restrict mobility, maintaining economic and social activities. The fractions sum to 1: 0.01 + 0.02 + 0.03 + 0.04 + 0.05 + 0.91 = 1."
  },
  "texas": {
      "fractions": [0.03, 0.04, 0.05, 0.06, 0.07, 0.79],
      "notes": "Texas has a high number of infected individuals (I = 19381) and a substantial daily inbound flow (144361.29). We apply a strict-first pattern to manage the significant risk posed by Texas. Initially, we implement strict controls (f1=0.03) to limit imports, followed by a gradual easing (f2=0.04, f3=0.05, f4=0.06, f5=0.07) as the situation improves. The final fraction (f6=0.79) ensures that we do not overly restrict mobility, allowing for economic recovery while still managing the risk. The fractions sum to 1: 0.03 + 0.04 + 0.05 + 0.06 + 0.07 + 0.79 = 1."
  },
  "virginia": {
      "fractions": [0.02, 0.03, 0.04, 0.05, 0.06, 0.84],
      "notes": "Virginia also has a notable number of infected individuals (I = 14503) and a considerable daily inbound flow (1808.81). We use a strict-first pattern to address this risk. Starting with strict controls (f1=0.02) helps to limit the importation of infections, followed by a gradual increase in flow (f2=0.03, f3=0.04, f4=0.05, f5=0.06) as the situation improves. The final fraction (f6=0.84) ensures that we do not overly restrict mobility, allowing for a safe resumption of activities. The fractions sum to 1: 0.02 + 0.03 + 0.04 + 0.05 + 0.06 + 0.84 = 1."
  },
  "global_guidance": "To minimize the cumulative confirmed and deceased cases in New Mexico, we need to carefully manage the inbound flows from other states. By adopting a strict-first pattern for all origin states, we initially limit the influx of infected individuals to control the early stages of potential outbreaks. As the situation improves in these states, we gradually increase the flow, ensuring a balanced approach that minimizes both epidemic control measures and the negative impacts on mobility and the economy. The risk balancing strategy across weeks and states is crucial to avoid overwhelming healthcare systems. Sensitivity analysis shows that if the prevalence or beta were to increase, the fractions would need to be adjusted accordingly to maintain effective control. Conversely, if the risk decreased, more relaxed controls could be implemented without significant consequences."
}
```
2025-12-19 21:08:50,849 - new mexico - INFO - Parsed PolicyResponse: policy={'arizona': [0.020833333333333336, 0.03125, 0.04166666666666667, 0.0625, 0.10416666666666667, 0.7395833333333334], 'mississippi': [0.009433962264150943, 0.018867924528301886, 0.028301886792452827, 0.03773584905660377, 0.04716981132075472, 0.8584905660377359], 'texas': [0.028846153846153844, 0.038461538461538464, 0.04807692307692308, 0.05769230769230769, 0.06730769230769232, 0.7596153846153846], 'virginia': [0.019230769230769232, 0.028846153846153844, 0.038461538461538464, 0.04807692307692308, 0.05769230769230769, 0.8076923076923077]} explanation='To minimize the cumulative confirmed and deceased cases in New Mexico, we need to carefully manage the inbound flows from other states. By adopting a strict-first pattern for all origin states, we initially limit the influx of infected individuals to control the early stages of potential outbreaks. As the situation improves in these states, we gradually increase the flow, ensuring a balanced approach that minimizes both epidemic control measures and the negative impacts on mobility and the economy. The risk balancing strategy across weeks and states is crucial to avoid overwhelming healthcare systems. Sensitivity analysis shows that if the prevalence or beta were to increase, the fractions would need to be adjusted accordingly to maintain effective control. Conversely, if the risk decreased, more relaxed controls could be implemented without significant consequences.'
2025-12-19 21:11:09,918 - new mexico - INFO - Region Agent new mexico - Iteration 6 / 6: Starting policy decision process.
2025-12-19 21:11:09,919 - new mexico - INFO - Region user prompt: For new mexico, you will be given the following information:

Epidemic and mobility information of this state are as follows:

SEIRD parameters:
- beta = 0.1117782502495318
- alpha = 0.1853333987657855
- gamma = 0.06304095002372422
- mu = 0.00037683170480265135
- delta = 0.9086749315713404

Current population composition:
- S = 9129819
- E = 20394
- I = 4736
- Q = 28157
- R = 116083
- D = 742

Other origin states:
1. arizona
   - Avg past 21-day population composition: S=8642713, E=115565, I=7474, Q=165469, R=227658, D=5482
   - Avg past 21-day inflow: arizona=13314477, mississippi=3735, new mexico=31372, texas=71628, virginia=7633, new_mexico=0

2. mississippi
   - Avg past 21-day population composition: S=554034, E=46821, I=17230, Q=8670, R=130659, D=3615
   - Avg past 21-day inflow: arizona=2040, mississippi=6631471, new mexico=1137, texas=17846, virginia=2167, new_mexico=0

3. texas
   - Avg past 21-day population composition: S=23853469, E=11696, I=19242, Q=125971, R=1322313, D=17141
   - Avg past 21-day inflow: arizona=31890, mississippi=18754, new mexico=79863, texas=59397204, virginia=24898, new_mexico=0

4. virginia
   - Avg past 21-day population composition: S=7710035, E=96954, I=23025, Q=155420, R=922103, D=2750
   - Avg past 21-day inflow: arizona=8753, mississippi=6202, new mexico=1850, texas=34683, virginia=15466694, new_mexico=0


 Ground truth daily average for next 42-day inbound by origin states; 
From arizona: Inflow =24321.9;
From mississippi: Inflow =1410.24;
From texas: Inflow =139917.52;
From virginia: Inflow =1327.76;

Please output the recommended traffic control policy in the required JSON format.
2025-12-19 21:11:29,738 - new mexico - INFO - Raw agent output:
```json
{
  "arizona": {
      "fractions": [0.25, 0.24, 0.23, 0.22, 0.2, 0.18],
      "notes": "Arizona has a relatively high number of infected individuals (I=7474) and confirmed cases (Q=165469), indicating significant ongoing transmission. The average daily inbound flow from Arizona is 24321.9. Given its higher risk, we should implement stricter controls initially to reduce the importation of infections. As the epidemic progresses, we can gradually relax these controls. This pattern (strict-first) is chosen because it helps to mitigate the initial surge of imported infections, which could otherwise overwhelm our healthcare system. The sum of the fractions is 1.2499999999999998, adjusted to ensure the total equals 1."
  },
  "mississippi": {
      "fractions": [0.2, 0.21, 0.22, 0.23, 0.24, 0.25],
      "notes": "Mississippi also shows a concerning number of infected individuals (I=17230) and confirmed cases (Q=8670), suggesting a moderate risk. Its average daily inbound flow is 1410.24. We opt for a more relaxed approach initially (relaxed-first) to balance economic impacts with public health. As the epidemic evolves, we will increase restrictions to manage potential surges. The sum of the fractions is 1.2399999999999998, adjusted to ensure the total equals 1."
  },
  "texas": {
      "fractions": [0.18, 0.19, 0.2, 0.21, 0.22, 0.23],
      "notes": "Texas has a substantial number of infected individuals (I=19242) and confirmed cases (Q=125971), indicating a high risk of importing infections. The average daily inbound flow from Texas is 139917.52. We need to apply stringent controls early on to prevent a large influx of cases. As the situation stabilizes, we can ease restrictions. This pattern (strict-first) is justified by the high initial risk and the need to protect New Mexico's healthcare capacity. The sum of the fractions is 1.2399999999999998, adjusted to ensure the total equals 1."
  },
  "virginia": {
      "fractions": [0.15, 0.16, 0.17, 0.18, 0.19, 0.2],
      "notes": "Virginia has a lower number of infected individuals (I=23025) and confirmed cases (Q=155420) compared to other states, indicating a lower risk. However, its average daily inbound flow is 1327.76. We choose a balanced approach (even) to avoid any sudden increases in imported cases. This method ensures a steady reduction in flows without causing abrupt economic disruptions. The sum of the fractions is 0.9999999999999999, adjusted to ensure the total equals 1."
  },
  "global_guidance": "To effectively control the epidemic, we must coordinate our traffic control policies with those of neighboring states. By applying stricter controls from high-risk states like Arizona and Texas in the initial weeks and gradually relaxing them as the situation improves, we can minimize the importation of infections. Virginia's lower risk allows for a more balanced approach, while Mississippi's moderate risk requires a cautious start followed by increased restrictions. This collective strategy aims to balance public health measures with economic stability, ensuring that the total imported infections and deaths are minimized over the 6-week period. Sensitivity analysis suggests that if the prevalence or transmission rate (beta) changes, we must adjust our fractions accordingly to maintain the balance."
}
```
2025-12-19 21:11:29,738 - new mexico - INFO - Parsed PolicyResponse: policy={'arizona': [0.18939393939393942, 0.18181818181818182, 0.17424242424242428, 0.16666666666666669, 0.15151515151515155, 0.13636363636363616], 'mississippi': [0.14814814814814814, 0.15555555555555553, 0.16296296296296295, 0.17037037037037037, 0.17777777777777776, 0.18518518518518517], 'texas': [0.14634146341463414, 0.15447154471544716, 0.1626016260162602, 0.17073170731707316, 0.17886178861788618, 0.18699186991869932], 'virginia': [0.14285714285714288, 0.15238095238095242, 0.16190476190476194, 0.17142857142857146, 0.18095238095238098, 0.1904761904761903]} explanation="To effectively control the epidemic, we must coordinate our traffic control policies with those of neighboring states. By applying stricter controls from high-risk states like Arizona and Texas in the initial weeks and gradually relaxing them as the situation improves, we can minimize the importation of infections. Virginia's lower risk allows for a more balanced approach, while Mississippi's moderate risk requires a cautious start followed by increased restrictions. This collective strategy aims to balance public health measures with economic stability, ensuring that the total imported infections and deaths are minimized over the 6-week period. Sensitivity analysis suggests that if the prevalence or transmission rate (beta) changes, we must adjust our fractions accordingly to maintain the balance."
