2025-12-25 02:32:33,998 - texas - INFO - Region Agent texas - Iteration 1 / 18: Starting policy decision process.
2025-12-25 02:32:33,998 - texas - INFO - Region user prompt: For texas, you will be given the following information:

Epidemic and mobility information of this state are as follows:

SEIRD parameters:
- beta = 0.1282505889136005
- alpha = 0.9980485585499752
- gamma = 0.1
- mu = 0.0
- delta = 0.6277712284052059

Current population composition:
- S = 28984537
- E = 927
- I = 327
- Q = 7619
- R = 2141
- D = 330

Other origin states:
1. arizona
   - Avg past 21-day population composition: S=7272180, E=1952, I=962, Q=3319, R=186, D=118
   - Avg past 21-day inflow: arizona=9717467, mississippi=1551, new mexico=19529, texas=27907, virginia=3665

2. mississippi
   - Avg past 21-day population composition: S=2970629, E=906, I=1753, Q=2463, R=301, D=97
   - Avg past 21-day inflow: arizona=1194, mississippi=3987236, new mexico=942, texas=18479, virginia=2401

3. new mexico
   - Avg past 21-day population composition: S=2093484, E=816, I=1276, Q=959, R=265, D=29
   - Avg past 21-day inflow: arizona=14511, mississippi=1425, new mexico=2776969, texas=84217, virginia=1004

4. virginia
   - Avg past 21-day population composition: S=8524995, E=1825, I=3189, Q=4825, R=540, D=145
   - Avg past 21-day inflow: arizona=3171, mississippi=2260, new mexico=1385, texas=13780, virginia=11423959

Please output the recommended traffic control policy in the required JSON format.
2025-12-25 02:32:49,087 - texas - INFO - Raw agent output:
{
  "weekly_policy": {
    "restricted_state": "virginia"
  },
  "global_guidance": "The source risk profile of Virginia stands out with a relatively high infectious density of 0.0349, driven by its past 14-day average of E+I = 4825. This, combined with a moderate baseline average daily inbound flow of 11423959, makes it an attractive target for our targeted inbound screening policy. The detection utility of this screening is estimated to capture a significant number of 'hidden infections', effectively reducing the risk of undetected spread. In light of this, we choose to focus on Virginia as our restricted state, implementing a 90% screening mandate for inbound travelers. This will significantly reduce the 'hidden' infectious population entering our community, thereby minimizing cumulative confirmed cases and deaths in Texas while addressing the systemic risks of disease importation. The coordination vs. competition aspect is also considered, as targeting Virginia allows us to address a moderate-risk state that may not be as heavily scrutinized by other agents, thereby augmenting our regional defense."
}
2025-12-25 02:32:49,087 - texas - INFO - Parsed PolicyResponse: policy={'virginia': [0.5, 0.5]} explanation="The source risk profile of Virginia stands out with a relatively high infectious density of 0.0349, driven by its past 14-day average of E+I = 4825. This, combined with a moderate baseline average daily inbound flow of 11423959, makes it an attractive target for our targeted inbound screening policy. The detection utility of this screening is estimated to capture a significant number of 'hidden infections', effectively reducing the risk of undetected spread. In light of this, we choose to focus on Virginia as our restricted state, implementing a 90percent screening mandate for inbound travelers. This will significantly reduce the 'hidden' infectious population entering our community, thereby minimizing cumulative confirmed cases and deaths in Texas while addressing the systemic risks of disease importation. The coordination vs. competition aspect is also considered, as targeting Virginia allows us to address a moderate-risk state that may not be as heavily scrutinized by other agents, thereby augmenting our regional defense."
2025-12-25 02:33:44,863 - texas - INFO - Region Agent texas - Iteration 2 / 18: Starting policy decision process.
2025-12-25 02:33:44,863 - texas - INFO - Region user prompt: For texas, you will be given the following information:

Epidemic and mobility information of this state are as follows:

SEIRD parameters:
- beta = 0.1282505889136005
- alpha = 0.9980485585499752
- gamma = 0.054219385507384685
- mu = 0.0018530448532721924
- delta = 0.6277712284052059

Current population composition:
- S = 28286810
- E = 969
- I = 1501
- Q = 11112
- R = 8430
- D = 562

Other origin states:
1. arizona
   - Avg past 21-day population composition: S=7365718, E=2864, I=186, Q=4827, R=518, D=202
   - Avg past 21-day inflow: arizona=11371640, mississippi=1616, new mexico=25816, texas=33181, virginia=3902

2. mississippi
   - Avg past 21-day population composition: S=2925414, E=3327, I=1787, Q=1921, R=1633, D=153
   - Avg past 21-day inflow: arizona=1524, mississippi=5486976, new mexico=1230, texas=24904, virginia=3440

3. new mexico
   - Avg past 21-day population composition: S=2396032, E=702, I=146, Q=2116, R=1197, D=35
   - Avg past 21-day inflow: arizona=18891, mississippi=1902, new mexico=3323857, texas=117318, virginia=1118

4. virginia
   - Avg past 21-day population composition: S=8525936, E=4060, I=988, Q=6796, R=4750, D=358
   - Avg past 21-day inflow: arizona=3345, mississippi=3005, new mexico=1552, texas=16423, virginia=13217229

Please output the recommended traffic control policy in the required JSON format.
2025-12-25 02:33:57,567 - texas - INFO - Raw agent output:
{
  "weekly_policy": {
    "restricted_state": "mississippi"
  },
  "global_guidance": "We decide to implement a Targeted Inbound Screening policy, restricting inbound traffic from Mississippi. This choice is based on the 'Source Risk Profile'. Mississippi has a relatively higher Infectious Density ($E+I$) compared to other origin states. Additionally, the 'Detection Utility' is high, as the screening will effectively identify and move individuals from the Exposed (E) and Infected (I) compartments directly into the Confirmed (Q) compartment upon arrival. With this policy, we expect to capture and convert a significant number of 'Hidden Infections'. Our choice does not prioritize filling a gap in regional defense, as we focus on the most critical source of risk. It is essential to note that this policy may have systemic risks of disease importation, and we will continue to monitor the situation closely."
}
2025-12-25 02:33:57,568 - texas - INFO - Parsed PolicyResponse: policy={'mississippi': [0.5, 0.5]} explanation="We decide to implement a Targeted Inbound Screening policy, restricting inbound traffic from Mississippi. This choice is based on the 'Source Risk Profile'. Mississippi has a relatively higher Infectious Density ($E+I$) compared to other origin states. Additionally, the 'Detection Utility' is high, as the screening will effectively identify and move individuals from the Exposed (E) and Infected (I) compartments directly into the Confirmed (Q) compartment upon arrival. With this policy, we expect to capture and convert a significant number of 'Hidden Infections'. Our choice does not prioritize filling a gap in regional defense, as we focus on the most critical source of risk. It is essential to note that this policy may have systemic risks of disease importation, and we will continue to monitor the situation closely."
2025-12-25 02:34:51,944 - texas - INFO - Region Agent texas - Iteration 3 / 18: Starting policy decision process.
2025-12-25 02:34:51,945 - texas - INFO - Region user prompt: For texas, you will be given the following information:

Epidemic and mobility information of this state are as follows:

SEIRD parameters:
- beta = 0.1282505889136005
- alpha = 0.9980485585499752
- gamma = 0.06390932941018498
- mu = 0.0018299575471542122
- delta = 0.6277712284052059

Current population composition:
- S = 27552203
- E = 1203
- I = 1857
- Q = 14499
- R = 19125
- D = 892

Other origin states:
1. arizona
   - Avg past 21-day population composition: S=7519911, E=4012, I=254, Q=6101, R=1232, D=360
   - Avg past 21-day inflow: arizona=11633875, mississippi=1614, new mexico=28282, texas=35167, virginia=3673

2. mississippi
   - Avg past 21-day population composition: S=2849794, E=5727, I=2658, Q=1747, R=3299, D=219
   - Avg past 21-day inflow: arizona=1474, mississippi=5834803, new mexico=1233, texas=26190, virginia=3303

3. new mexico
   - Avg past 21-day population composition: S=2829366, E=661, I=137, Q=2047, R=2571, D=46
   - Avg past 21-day inflow: arizona=19789, mississippi=1821, new mexico=3427556, texas=124957, virginia=1199

4. virginia
   - Avg past 21-day population composition: S=8518251, E=5217, I=1215, Q=7585, R=11554, D=670
   - Avg past 21-day inflow: arizona=3556, mississippi=2877, new mexico=1594, texas=16543, virginia=13637675

Please output the recommended traffic control policy in the required JSON format.
2025-12-25 02:35:06,225 - texas - INFO - Raw agent output:
{
  "weekly_policy": {
    "restricted_state": "arizona"
  },
  "global_guidance": "We are targeting Arizona as the origin state with the highest infectious density, $(E+I)/Population$, which is 0.0000054. This is due to its relatively high number of exposed and infected individuals compared to its population. The detection utility of the screening policy is 0.9, which means it can effectively identify and move 90% of the hidden infectious population into the confirmed compartment upon arrival. By doing so, we can significantly reduce the risk of disease importation and minimize the cumulative confirmed cases and deaths in Texas. The coordination vs. competition aspect is considered, as we are targeting the obvious high-risk state, Arizona, which has been experiencing a higher number of cases and inflows into Texas compared to other origin states. This targeted approach will help to fill the gap in regional defense and reduce the overall risk of disease spread."
}
2025-12-25 02:35:06,225 - texas - INFO - Parsed PolicyResponse: policy={'arizona': [0.5, 0.5]} explanation='We are targeting Arizona as the origin state with the highest infectious density, $(E+I)/Population$, which is 0.0000054. This is due to its relatively high number of exposed and infected individuals compared to its population. The detection utility of the screening policy is 0.9, which means it can effectively identify and move 90percent of the hidden infectious population into the confirmed compartment upon arrival. By doing so, we can significantly reduce the risk of disease importation and minimize the cumulative confirmed cases and deaths in Texas. The coordination vs. competition aspect is considered, as we are targeting the obvious high-risk state, Arizona, which has been experiencing a higher number of cases and inflows into Texas compared to other origin states. This targeted approach will help to fill the gap in regional defense and reduce the overall risk of disease spread.'
2025-12-25 02:35:58,144 - texas - INFO - Region Agent texas - Iteration 4 / 18: Starting policy decision process.
2025-12-25 02:35:58,145 - texas - INFO - Region user prompt: For texas, you will be given the following information:

Epidemic and mobility information of this state are as follows:

SEIRD parameters:
- beta = 0.1282505889136005
- alpha = 0.9980485585499752
- gamma = 0.07257077748556129
- mu = 0.0017912653755161197
- delta = 0.6277712284052059

Current population composition:
- S = 26729626
- E = 1885
- I = 2965
- Q = 18876
- R = 34898
- D = 1306

Other origin states:
1. arizona
   - Avg past 21-day population composition: S=7722739, E=5651, I=360, Q=8220, R=2732, D=648
   - Avg past 21-day inflow: arizona=12334093, mississippi=1920, new mexico=30253, texas=41317, virginia=3797

2. mississippi
   - Avg past 21-day population composition: S=2737685, E=9422, I=4460, Q=2389, R=5796, D=315
   - Avg past 21-day inflow: arizona=1596, mississippi=6201158, new mexico=1241, texas=30835, virginia=3307

3. new mexico
   - Avg past 21-day population composition: S=3426702, E=697, I=144, Q=2030, R=4363, D=60
   - Avg past 21-day inflow: arizona=23793, mississippi=1984, new mexico=3538501, texas=136934, virginia=1155

4. virginia
   - Avg past 21-day population composition: S=8530548, E=6578, I=1537, Q=9489, R=22236, D=1099
   - Avg past 21-day inflow: arizona=4434, mississippi=3671, new mexico=1716, texas=19791, virginia=14133151

Please output the recommended traffic control policy in the required JSON format.
2025-12-25 02:36:10,994 - texas - INFO - Raw agent output:
{
  "weekly_policy": {
    "restricted_state": "mississippi"
  },
  "global_guidance": "We select Mississippi as the origin state to implement a Targeted Inbound Screening policy due to its high Infectious Density $(E+I)/Population$ and the potential for many 'Hidden Infections' to be captured and converted to Q-status via the screening. The screening effectively identifies and moves individuals from the Exposed (E) and Infected (I) compartments directly into the Confirmed (Q) compartment upon arrival, significantly reducing the 'hidden' infectious population entering our community. Although Arizona has a higher average daily inbound flow, its Infectious Density is lower, and we choose to target the state with the highest potential for disease importation. By doing so, we minimize cumulative confirmed cases and deaths in Texas while considering the systemic risks of disease importation."
}
2025-12-25 02:36:10,995 - texas - INFO - Parsed PolicyResponse: policy={'mississippi': [0.5, 0.5]} explanation="We select Mississippi as the origin state to implement a Targeted Inbound Screening policy due to its high Infectious Density $(E+I)/Population$ and the potential for many 'Hidden Infections' to be captured and converted to Q-status via the screening. The screening effectively identifies and moves individuals from the Exposed (E) and Infected (I) compartments directly into the Confirmed (Q) compartment upon arrival, significantly reducing the 'hidden' infectious population entering our community. Although Arizona has a higher average daily inbound flow, its Infectious Density is lower, and we choose to target the state with the highest potential for disease importation. By doing so, we minimize cumulative confirmed cases and deaths in Texas while considering the systemic risks of disease importation."
2025-12-25 02:37:09,029 - texas - INFO - Region Agent texas - Iteration 5 / 18: Starting policy decision process.
2025-12-25 02:37:09,029 - texas - INFO - Region user prompt: For texas, you will be given the following information:

Epidemic and mobility information of this state are as follows:

SEIRD parameters:
- beta = 0.1282505889136005
- alpha = 0.9980485585499752
- gamma = 0.07979267514459501
- mu = 0.0017379716228836874
- delta = 0.6277712284052059

Current population composition:
- S = 25815066
- E = 1852
- I = 2895
- Q = 21183
- R = 56711
- D = 1809

Other origin states:
1. arizona
   - Avg past 21-day population composition: S=7917286, E=7506, I=479, Q=10791, R=5127, D=1032
   - Avg past 21-day inflow: arizona=12544263, mississippi=2480, new mexico=36541, texas=52438, virginia=4525

2. mississippi
   - Avg past 21-day population composition: S=2569595, E=14341, I=6828, Q=3692, R=9528, D=455
   - Avg past 21-day inflow: arizona=1899, mississippi=6282009, new mexico=1324, texas=37780, virginia=4177

3. new mexico
   - Avg past 21-day population composition: S=4137555, E=786, I=163, Q=2127, R=6186, D=74
   - Avg past 21-day inflow: arizona=30727, mississippi=2180, new mexico=3593103, texas=158164, virginia=1190

4. virginia
   - Avg past 21-day population composition: S=8601148, E=8263, I=1930, Q=11986, R=35687, D=1518
   - Avg past 21-day inflow: arizona=5988, mississippi=4364, new mexico=2080, texas=25397, virginia=14398916

Please output the recommended traffic control policy in the required JSON format.
2025-12-25 02:37:20,879 - texas - INFO - Raw agent output:
{
  "weekly_policy": {
    "restricted_state": "arizona"
    },
  "global_guidance": "Arizona is selected for targeted inbound screening based on its high Infectious Density (E+I)/Population. Since Texas has a relatively low E and I compartment size, a targeted approach is justified. The Detection Utility of the screening policy will be high, as Arizona has a significant proportion of E and I in its population. By restricting inbound traffic from Arizona, we can effectively capture and convert many 'Hidden Infections' (E and I) into Q-status, thereby reducing the risk of disease importation and minimizing cumulative confirmed cases and deaths in Texas. This policy decision is also supported by the low baseline mobility from other origin states, reducing potential competition for the targeted screening effort."
2025-12-25 02:37:20,880 - texas - INFO - Parsed PolicyResponse: policy={} explanation=''
2025-12-25 02:38:14,690 - texas - INFO - Region Agent texas - Iteration 6 / 18: Starting policy decision process.
2025-12-25 02:38:14,690 - texas - INFO - Region user prompt: For texas, you will be given the following information:

Epidemic and mobility information of this state are as follows:

SEIRD parameters:
- beta = 0.1282505889136005
- alpha = 0.9980485585499752
- gamma = 0.08547310348865451
- mu = 0.0016714341237829876
- delta = 0.6277712284052059

Current population composition:
- S = 25311854
- E = 3528
- I = 5513
- Q = 28948
- R = 84717
- D = 2383

Other origin states:
1. arizona
   - Avg past 21-day population composition: S=8106976, E=9690, I=621, Q=13824, R=8637, D=1506
   - Avg past 21-day inflow: arizona=12721796, mississippi=2607, new mexico=38678, texas=56414, virginia=5493

2. mississippi
   - Avg past 21-day population composition: S=2389780, E=20831, I=9928, Q=5514, R=15208, D=659
   - Avg past 21-day inflow: arizona=2382, mississippi=6511171, new mexico=1425, texas=39776, virginia=4198

3. new mexico
   - Avg past 21-day population composition: S=4760409, E=880, I=200, Q=2417, R=8168, D=88
   - Avg past 21-day inflow: arizona=31247, mississippi=1954, new mexico=3714782, texas=160356, virginia=1318

4. virginia
   - Avg past 21-day population composition: S=8649479, E=10388, I=2426, Q=15168, R=52696, D=1886
   - Avg past 21-day inflow: arizona=6406, mississippi=4702, new mexico=2088, texas=25749, virginia=15056158

Please output the recommended traffic control policy in the required JSON format.
2025-12-25 02:38:26,295 - texas - INFO - Raw agent output:
{
  "weekly_policy": {
    "restricted_state": "new mexico"
  },
  "global_guidance": "In selecting new mexico as the origin state for targeted inbound screening and detection, we consider the high infectious density of 0.0118 (E+I)/Population in this state, which is driven by its relatively high exposed population. The detection utility of this policy is estimated to be around 0.942, capturing approximately 94.2% of the hidden infections (E and I) that would otherwise enter texas undetected. By targeting new mexico, we aim to reduce the systemic risk of disease importation into texas while minimizing the potential impact on other origin states. This policy also helps to fill a gap in regional defense, as new mexico has a smaller average daily inbound flow into texas compared to other origin states."
}
2025-12-25 02:38:26,296 - texas - INFO - Parsed PolicyResponse: policy={'new mexico': [0.5, 0.5]} explanation='In selecting new mexico as the origin state for targeted inbound screening and detection, we consider the high infectious density of 0.0118 (E+I)/Population in this state, which is driven by its relatively high exposed population. The detection utility of this policy is estimated to be around 0.942, capturing approximately 94.2percent of the hidden infections (E and I) that would otherwise enter texas undetected. By targeting new mexico, we aim to reduce the systemic risk of disease importation into texas while minimizing the potential impact on other origin states. This policy also helps to fill a gap in regional defense, as new mexico has a smaller average daily inbound flow into texas compared to other origin states.'
2025-12-25 02:39:19,158 - texas - INFO - Region Agent texas - Iteration 7 / 18: Starting policy decision process.
2025-12-25 02:39:19,158 - texas - INFO - Region user prompt: For texas, you will be given the following information:

Epidemic and mobility information of this state are as follows:

SEIRD parameters:
- beta = 0.1282505889136005
- alpha = 0.9980485585499752
- gamma = 0.08973952628844095
- mu = 0.0015933077959023464
- delta = 0.6277712284052059

Current population composition:
- S = 25133513
- E = 5142
- I = 8554
- Q = 41970
- R = 127554
- D = 3178

Other origin states:
1. arizona
   - Avg past 21-day population composition: S=8303349, E=12508, I=815, Q=17566, R=13476, D=2043
   - Avg past 21-day inflow: arizona=12691405, mississippi=2443, new mexico=41259, texas=57130, virginia=6387

2. mississippi
   - Avg past 21-day population composition: S=2118392, E=28210, I=13466, Q=7815, R=23490, D=945
   - Avg past 21-day inflow: arizona=2601, mississippi=6521022, new mexico=1605, texas=37844, virginia=4459

3. new mexico
   - Avg past 21-day population composition: S=5167197, E=1058, I=231, Q=2833, R=10470, D=102
   - Avg past 21-day inflow: arizona=30278, mississippi=1651, new mexico=3781302, texas=162187, virginia=1534

4. virginia
   - Avg past 21-day population composition: S=8646541, E=13069, I=3054, Q=19203, R=74224, D=2177
   - Avg past 21-day inflow: arizona=5763, mississippi=5376, new mexico=2165, texas=28512, virginia=15378004

Please output the recommended traffic control policy in the required JSON format.
2025-12-25 02:39:31,352 - texas - INFO - Raw agent output:
{
  "weekly_policy": {
    "restricted_state": "mississippi"
  },
  "global_guidance": "For the next 2-week horizon, I recommend implementing a Targeted Inbound Screening policy targeting Mississippi. The Source Risk Profile of Mississippi shows a relatively high 'Infectious Density' of (E+I)/Population = 0.0134, which is higher than other origin states. The Detection Utility of the screening is estimated to capture and convert approximately 90% of 'Hidden Infections' in Mississippi, reducing the risk of disease importation into Texas. While Arizona and New Mexico may seem like obvious choices due to their higher population sizes, targeting Mississippi fills a gap in regional defense and provides a strategic advantage in controlling the spread of the disease. By implementing this policy, we expect to minimize cumulative confirmed cases and deaths in Texas."
}
2025-12-25 02:39:31,353 - texas - INFO - Parsed PolicyResponse: policy={'mississippi': [0.5, 0.5]} explanation="For the next 2-week horizon, I recommend implementing a Targeted Inbound Screening policy targeting Mississippi. The Source Risk Profile of Mississippi shows a relatively high 'Infectious Density' of (E+I)/Population = 0.0134, which is higher than other origin states. The Detection Utility of the screening is estimated to capture and convert approximately 90percent of 'Hidden Infections' in Mississippi, reducing the risk of disease importation into Texas. While Arizona and New Mexico may seem like obvious choices due to their higher population sizes, targeting Mississippi fills a gap in regional defense and provides a strategic advantage in controlling the spread of the disease. By implementing this policy, we expect to minimize cumulative confirmed cases and deaths in Texas."
2025-12-25 02:40:24,452 - texas - INFO - Region Agent texas - Iteration 8 / 18: Starting policy decision process.
2025-12-25 02:40:24,453 - texas - INFO - Region user prompt: For texas, you will be given the following information:

Epidemic and mobility information of this state are as follows:

SEIRD parameters:
- beta = 0.1282505889136005
- alpha = 0.9980485585499752
- gamma = 0.09283412341445442
- mu = 0.0015054763283272735
- delta = 0.6277712284052059

Current population composition:
- S = 25115238
- E = 3966
- I = 6288
- Q = 43302
- R = 184177
- D = 4136

Other origin states:
1. arizona
   - Avg past 21-day population composition: S=8585667, E=16159, I=1046, Q=22413, R=19952, D=2611
   - Avg past 21-day inflow: arizona=12227260, mississippi=2819, new mexico=41834, texas=54141, virginia=6789

2. mississippi
   - Avg past 21-day population composition: S=1738424, E=34242, I=16380, Q=10160, R=34773, D=1314
   - Avg past 21-day inflow: arizona=2337, mississippi=6371393, new mexico=1565, texas=36298, virginia=4848

3. new mexico
   - Avg past 21-day population composition: S=5242734, E=1376, I=312, Q=3466, R=13197, D=116
   - Avg past 21-day inflow: arizona=26540, mississippi=1570, new mexico=3686705, texas=149098, virginia=1704

4. virginia
   - Avg past 21-day population composition: S=8640942, E=16844, I=3965, Q=24580, R=101562, D=2384
   - Avg past 21-day inflow: arizona=5547, mississippi=6108, new mexico=2484, texas=29795, virginia=15359071

Please output the recommended traffic control policy in the required JSON format.
2025-12-25 02:40:33,731 - texas - INFO - Raw agent output:
{
  "weekly_policy": {
    "restricted_state": "arizona"
  },
  "global_guidance": "The source risk profile of Arizona is evaluated as high, with an infectious density of (16159+1046)/8585667, approximately 0.0195. Detection utility is estimated to capture 90% of hidden infections (E+I), effectively reducing the 'hidden' infectious population entering Texas. Coordination vs. competition reasoning suggests targeting Arizona, which possesses a significant inflow to Texas and a relatively higher infectious density compared to other origin states, thereby filling a gap in regional defense."
}
2025-12-25 02:40:33,731 - texas - INFO - Parsed PolicyResponse: policy={'arizona': [0.5, 0.5]} explanation="The source risk profile of Arizona is evaluated as high, with an infectious density of (16159+1046)/8585667, approximately 0.0195. Detection utility is estimated to capture 90percent of hidden infections (E+I), effectively reducing the 'hidden' infectious population entering Texas. Coordination vs. competition reasoning suggests targeting Arizona, which possesses a significant inflow to Texas and a relatively higher infectious density compared to other origin states, thereby filling a gap in regional defense."
2025-12-25 02:41:33,689 - texas - INFO - Region Agent texas - Iteration 9 / 18: Starting policy decision process.
2025-12-25 02:41:33,690 - texas - INFO - Region user prompt: For texas, you will be given the following information:

Epidemic and mobility information of this state are as follows:

SEIRD parameters:
- beta = 0.1282505889136005
- alpha = 0.9980485585499752
- gamma = 0.09502243190262455
- mu = 0.0014099769554918157
- delta = 0.6277712284052059

Current population composition:
- S = 24960571
- E = 7540
- I = 12139
- Q = 59833
- R = 249474
- D = 5143

Other origin states:
1. arizona
   - Avg past 21-day population composition: S=8803440, E=20743, I=1349, Q=28573, R=28451, D=3176
   - Avg past 21-day inflow: arizona=12326316, mississippi=2415, new mexico=34721, texas=49757, virginia=6475

2. mississippi
   - Avg past 21-day population composition: S=1372143, E=37984, I=18267, Q=12008, R=48762, D=1745
   - Avg past 21-day inflow: arizona=2348, mississippi=6369349, new mexico=1638, texas=33936, virginia=4413

3. new mexico
   - Avg past 21-day population composition: S=5319694, E=1690, I=400, Q=4497, R=16663, D=138
   - Avg past 21-day inflow: arizona=25111, mississippi=1408, new mexico=3618932, texas=142786, virginia=1914

4. virginia
   - Avg past 21-day population composition: S=8584615, E=21675, I=5089, Q=31909, R=136916, D=2516
   - Avg past 21-day inflow: arizona=6027, mississippi=5270, new mexico=2367, texas=27064, virginia=15109651

Please output the recommended traffic control policy in the required JSON format.
2025-12-25 02:41:45,071 - texas - INFO - Raw agent output:
{
  "weekly_policy": {
    "restricted_state": "arizona"
  },
  "global_guidance": "For the next 2-week horizon, we recommend implementing a Targeted Inbound Screening policy, focusing on Arizona as the origin state. This decision is based on the Source Risk Profile, where Arizona's Infectious Density (E+I)/Population is relatively high compared to other origin states. The Detection Utility of this screening is estimated to capture a significant portion of 'Hidden Infections' (E and I). We prioritize Arizona due to its potential to be an overlooked source of infection, filling a gap in regional defense, and its mobility baseline indicates a substantial daily inbound flow into Texas. This targeted approach aims to minimize cumulative confirmed cases and deaths in Texas while acknowledging the systemic risks of disease importation."
}
2025-12-25 02:41:45,072 - texas - INFO - Parsed PolicyResponse: policy={'arizona': [0.5, 0.5]} explanation="For the next 2-week horizon, we recommend implementing a Targeted Inbound Screening policy, focusing on Arizona as the origin state. This decision is based on the Source Risk Profile, where Arizona's Infectious Density (E+I)/Population is relatively high compared to other origin states. The Detection Utility of this screening is estimated to capture a significant portion of 'Hidden Infections' (E and I). We prioritize Arizona due to its potential to be an overlooked source of infection, filling a gap in regional defense, and its mobility baseline indicates a substantial daily inbound flow into Texas. This targeted approach aims to minimize cumulative confirmed cases and deaths in Texas while acknowledging the systemic risks of disease importation."
2025-12-25 02:42:41,021 - texas - INFO - Region Agent texas - Iteration 10 / 18: Starting policy decision process.
2025-12-25 02:42:41,022 - texas - INFO - Region user prompt: For texas, you will be given the following information:

Epidemic and mobility information of this state are as follows:

SEIRD parameters:
- beta = 0.1282505889136005
- alpha = 0.9980485585499752
- gamma = 0.09654221006261424
- mu = 0.0013089224950210254
- delta = 0.6277712284052059

Current population composition:
- S = 24768848
- E = 9279
- I = 15114
- Q = 79981
- R = 343086
- D = 6462

Other origin states:
1. arizona
   - Avg past 21-day population composition: S=8900492, E=26806, I=1750, Q=36720, R=39516, D=3705
   - Avg past 21-day inflow: arizona=12204458, mississippi=2079, new mexico=30995, texas=44249, virginia=5239

2. mississippi
   - Avg past 21-day population composition: S=1087674, E=39403, I=19157, Q=13235, R=64733, D=2202
   - Avg past 21-day inflow: arizona=1984, mississippi=6404182, new mexico=1219, texas=31542, virginia=3879

3. new mexico
   - Avg past 21-day population composition: S=5514164, E=2047, I=496, Q=5656, R=21097, D=166
   - Avg past 21-day inflow: arizona=24321, mississippi=1410, new mexico=3591304, texas=139917, virginia=1327

4. virginia
   - Avg past 21-day population composition: S=8503902, E=27574, I=6498, Q=40780, R=182422, D=2593
   - Avg past 21-day inflow: arizona=6041, mississippi=4887, new mexico=2362, texas=25141, virginia=14714026

Please output the recommended traffic control policy in the required JSON format.
2025-12-25 02:42:53,442 - texas - INFO - Raw agent output:
{
  "weekly_policy": {
    "restricted_state": "arizona"
  },
  "global_guidance": "Based on the provided SEIRD parameters and population compositions, I recommend implementing a Targeted Inbound Screening policy with Arizona as the origin state. Arizona presents a higher infectious density of (E+I)/Population, with 0.003% of its population in the Exposed (E) and Infected (I) compartments. This indicates a higher risk of disease importation. The rigorous ninety percent screening mandate will effectively identify and move individuals from the E and I compartments directly into the Confirmed (Q) compartment upon arrival, significantly reducing the 'hidden' infectious population entering the community. This policy is expected to minimize cumulative confirmed cases and deaths in Texas while considering the systemic risks of disease importation."
}
2025-12-25 02:42:53,443 - texas - INFO - Parsed PolicyResponse: policy={'arizona': [0.5, 0.5]} explanation="Based on the provided SEIRD parameters and population compositions, I recommend implementing a Targeted Inbound Screening policy with Arizona as the origin state. Arizona presents a higher infectious density of (E+I)/Population, with 0.003percent of its population in the Exposed (E) and Infected (I) compartments. This indicates a higher risk of disease importation. The rigorous ninety percent screening mandate will effectively identify and move individuals from the E and I compartments directly into the Confirmed (Q) compartment upon arrival, significantly reducing the 'hidden' infectious population entering the community. This policy is expected to minimize cumulative confirmed cases and deaths in Texas while considering the systemic risks of disease importation."
2025-12-25 02:43:48,096 - texas - INFO - Region Agent texas - Iteration 11 / 18: Starting policy decision process.
2025-12-25 02:43:48,097 - texas - INFO - Region user prompt: For texas, you will be given the following information:

Epidemic and mobility information of this state are as follows:

SEIRD parameters:
- beta = 0.1282505889136005
- alpha = 0.9980485585499752
- gamma = 0.09758452040908232
- mu = 0.001204424778905356
- delta = 0.6277712284052059

Current population composition:
- S = 24079343
- E = 10116
- I = 16757
- Q = 97327
- R = 464354
- D = 8024

Other origin states:
1. arizona
   - Avg past 21-day population composition: S=8914633, E=34144, I=2207, Q=47150, R=53891, D=4169
   - Avg past 21-day inflow: arizona=12300752, mississippi=2383, new mexico=31002, texas=46652, virginia=5591

2. mississippi
   - Avg past 21-day population composition: S=832862, E=36203, I=17813, Q=13417, R=81723, D=2650
   - Avg past 21-day inflow: arizona=1831, mississippi=6393211, new mexico=1134, texas=29893, virginia=3963

3. new mexico
   - Avg past 21-day population composition: S=5870617, E=2583, I=627, Q=7107, R=26659, D=199
   - Avg past 21-day inflow: arizona=26310, mississippi=1338, new mexico=3560268, texas=145606, virginia=1293

4. virginia
   - Avg past 21-day population composition: S=8459958, E=34966, I=8226, Q=52189, R=240675, D=2632
   - Avg past 21-day inflow: arizona=6980, mississippi=5593, new mexico=2638, texas=28806, virginia=14873143

Please output the recommended traffic control policy in the required JSON format.
2025-12-25 02:44:04,312 - texas - INFO - Raw agent output:
{
  "weekly_policy": {
    "restricted_state": "mississippi"
  },
  "global_guidance": "Based on the given information, I am recommending a Targeted Inbound Screening policy for the next 2-week horizon, targeting Mississippi as the origin state. The Infectious Density of Mississippi is $(36203+17813)/8328620$ 「 0.0053, which is higher than other origin states. The rigorous ninety percent screening mandate will effectively identify and move individuals from the Exposed (E) and Infected (I) compartments directly into the Confirmed (Q) compartment upon arrival. This will significantly reduce the 'hidden' infectious population entering the community. I am choosing Mississippi as the origin state as it has a relatively lower population, and the inbound flow from Mississippi into Texas is relatively low compared to other origin states. Additionally, this policy will help fill a gap in regional defense by targeting a secondary source of infections. The detection utility of this policy is estimated to capture and convert a significant number of 'Hidden Infections' (E and I) into Q-status, thereby minimizing the cumulative confirmed cases and deaths in Texas."
}
2025-12-25 02:44:04,313 - texas - INFO - Parsed PolicyResponse: policy={'mississippi': [0.5, 0.5]} explanation="Based on the given information, I am recommending a Targeted Inbound Screening policy for the next 2-week horizon, targeting Mississippi as the origin state. The Infectious Density of Mississippi is $(36203+17813)/8328620$ 「 0.0053, which is higher than other origin states. The rigorous ninety percent screening mandate will effectively identify and move individuals from the Exposed (E) and Infected (I) compartments directly into the Confirmed (Q) compartment upon arrival. This will significantly reduce the 'hidden' infectious population entering the community. I am choosing Mississippi as the origin state as it has a relatively lower population, and the inbound flow from Mississippi into Texas is relatively low compared to other origin states. Additionally, this policy will help fill a gap in regional defense by targeting a secondary source of infections. The detection utility of this policy is estimated to capture and convert a significant number of 'Hidden Infections' (E and I) into Q-status, thereby minimizing the cumulative confirmed cases and deaths in Texas."
2025-12-25 02:44:50,479 - texas - INFO - Region Agent texas - Iteration 12 / 18: Starting policy decision process.
2025-12-25 02:44:50,480 - texas - INFO - Region user prompt: For texas, you will be given the following information:

Epidemic and mobility information of this state are as follows:

SEIRD parameters:
- beta = 0.1282505889136005
- alpha = 0.9980485585499752
- gamma = 0.09829322534404634
- mu = 0.0010985232811674193
- delta = 0.6277712284052059

Current population composition:
- S = 23466858
- E = 7458
- I = 12031
- Q = 86476
- R = 593303
- D = 9534

Other origin states:
1. arizona
   - Avg past 21-day population composition: S=8944239, E=42881, I=2745, Q=59895, R=72363, D=4550
   - Avg past 21-day inflow: arizona=12593850, mississippi=2059, new mexico=33023, texas=45336, virginia=5351

2. mississippi
   - Avg past 21-day population composition: S=671288, E=29651, I=14729, Q=12136, R=98066, D=3044
   - Avg past 21-day inflow: arizona=1898, mississippi=6433672, new mexico=1317, texas=31493, virginia=3517

3. new mexico
   - Avg past 21-day population composition: S=6395090, E=3165, I=744, Q=8831, R=33640, D=242
   - Avg past 21-day inflow: arizona=28122, mississippi=1297, new mexico=3587724, texas=149077, virginia=1361

4. virginia
   - Avg past 21-day population composition: S=8416886, E=42905, I=10055, Q=65002, R=314346, D=2650
   - Avg past 21-day inflow: arizona=5952, mississippi=4911, new mexico=2285, texas=26290, virginia=15100136

Please output the recommended traffic control policy in the required JSON format.
2025-12-25 02:45:07,270 - texas - INFO - Raw agent output:
{
  "weekly_policy": {
    "restricted_state": "new mexico"
  },
  "global_guidance": "As the Agent for Texas Epidemic Control and Mobility Policy, my recommendation is to implement a Targeted Inbound Screening policy for the next 14-day horizon. After evaluating the Infectious Density (E+I)/Population of each origin state, I found that new mexico poses a higher risk due to its relatively high proportion of Exposed (E) and Infected (I) individuals. The avg past 21-day population composition in new mexico reveals E=3165 and I=744, which translates to an Infectious Density of approximately 0.49%. This is higher compared to other origin states, including arizona (0.03%) and mississippi (0.22%). Furthermore, the average daily inbound flow from new mexico to texas is 149077, which is a significant portion of the total inbound flow. By targeting new mexico, we can effectively capture and convert a substantial number of 'Hidden Infections' (E and I) into Q-status via the screening, thereby reducing the risk of disease importation and minimizing cumulative confirmed cases and deaths in Texas. The screening mandate will enforce a rigorous ninety percent screening, moving individuals from the
2025-12-25 02:45:07,271 - texas - INFO - Parsed PolicyResponse: policy={} explanation=''
2025-12-25 02:45:54,010 - texas - INFO - Region Agent texas - Iteration 13 / 18: Starting policy decision process.
2025-12-25 02:45:54,010 - texas - INFO - Region user prompt: For texas, you will be given the following information:

Epidemic and mobility information of this state are as follows:

SEIRD parameters:
- beta = 0.1282505889136005
- alpha = 0.9980485585499752
- gamma = 0.09877227622790413
- mu = 0.0009931221825234529
- delta = 0.6277712284052059

Current population composition:
- S = 22704785
- E = 10573
- I = 16958
- Q = 91661
- R = 713049
- D = 10800

Other origin states:
1. arizona
   - Avg past 21-day population composition: S=8942939, E=53829, I=3436, Q=75583, R=95816, D=4839
   - Avg past 21-day inflow: arizona=12775936, mississippi=1718, new mexico=30556, texas=45081, virginia=5287

2. mississippi
   - Avg past 21-day population composition: S=597316, E=28032, I=12444, Q=10259, R=112289, D=3354
   - Avg past 21-day inflow: arizona=1731, mississippi=6474992, new mexico=1372, texas=29713, virginia=3518

3. new mexico
   - Avg past 21-day population composition: S=6894720, E=3934, I=878, Q=10454, R=42085, D=295
   - Avg past 21-day inflow: arizona=28008, mississippi=1016, new mexico=3611569, texas=146639, virginia=1472

4. virginia
   - Avg past 21-day population composition: S=8323756, E=52452, I=12333, Q=79857, R=405288, D=2656
   - Avg past 21-day inflow: arizona=5618, mississippi=3822, new mexico=1787, texas=23716, virginia=15126464

Please output the recommended traffic control policy in the required JSON format.
2025-12-25 02:46:06,523 - texas - INFO - Raw agent output:
{
  "weekly_policy": {
    "restricted_state": "mississippi"
  },
  "global_guidance": "Given the epidemiological parameters of Texas and the origin states, I recommend implementing a Targeted Inbound Screening policy targeting Mississippi. Mississippi has a high Infectious Density (E+I)/Population of 0.0069, which is the highest among the origin states. The screening will effectively identify and move individuals from the Exposed (E) and Infected (I) compartments directly into the Confirmed (Q) compartment upon arrival, significantly reducing the 'hidden' infectious population entering the community. Additionally, the current population composition of Mississippi suggests that there may be a significant number of undetected cases, making it a prime target for screening. The selection of Mississippi also does not overlap with other agents, allowing for coordination in regional defense."
}
2025-12-25 02:46:06,524 - texas - INFO - Parsed PolicyResponse: policy={'mississippi': [0.5, 0.5]} explanation="Given the epidemiological parameters of Texas and the origin states, I recommend implementing a Targeted Inbound Screening policy targeting Mississippi. Mississippi has a high Infectious Density (E+I)/Population of 0.0069, which is the highest among the origin states. The screening will effectively identify and move individuals from the Exposed (E) and Infected (I) compartments directly into the Confirmed (Q) compartment upon arrival, significantly reducing the 'hidden' infectious population entering the community. Additionally, the current population composition of Mississippi suggests that there may be a significant number of undetected cases, making it a prime target for screening. The selection of Mississippi also does not overlap with other agents, allowing for coordination in regional defense."
2025-12-25 02:47:00,947 - texas - INFO - Region Agent texas - Iteration 14 / 18: Starting policy decision process.
2025-12-25 02:47:00,947 - texas - INFO - Region user prompt: For texas, you will be given the following information:

Epidemic and mobility information of this state are as follows:

SEIRD parameters:
- beta = 0.1282505889136005
- alpha = 0.9980485585499752
- gamma = 0.09909480689445353
- mu = 0.0008899383719878963
- delta = 0.6277712284052059

Current population composition:
- S = 21847274
- E = 7805
- I = 12414
- Q = 84752
- R = 838570
- D = 11989

Other origin states:
1. arizona
   - Avg past 21-day population composition: S=8937728, E=67238, I=4291, Q=95107, R=125426, D=5045
   - Avg past 21-day inflow: arizona=13101290, mississippi=2159, new mexico=32596, texas=51399, virginia=5679

2. mississippi
   - Avg past 21-day population composition: S=532010, E=40793, I=14808, Q=9902, R=124763, D=3597
   - Avg past 21-day inflow: arizona=1989, mississippi=6656709, new mexico=1497, texas=29421, virginia=3739

3. new mexico
   - Avg past 21-day population composition: S=7514224, E=4811, I=1080, Q=12742, R=52204, D=356
   - Avg past 21-day inflow: arizona=30633, mississippi=1120, new mexico=3686616, texas=151282, virginia=1936

4. virginia
   - Avg past 21-day population composition: S=8188253, E=63936, I=15085, Q=97941, R=516933, D=2657
   - Avg past 21-day inflow: arizona=5800, mississippi=4112, new mexico=2025, texas=24277, virginia=15457936

Please output the recommended traffic control policy in the required JSON format.
2025-12-25 02:47:13,981 - texas - INFO - Raw agent output:
{
  "weekly_policy": {
      "restricted_state": "arizona"
      },
  "global_guidance": "The Infectious Density of arizona is significantly higher than other origin states, with an exposed and infected population that accounts for about 0.75% of its population. Implementing a targeted inbound screening policy for arizona would effectively detect and convert a substantial portion of the hidden infections entering texas. By targeting arizona, we can fill a gap in regional defense and reduce the risk of disease importation. Although new mexico also has a moderate risk profile, its relatively small infected population and lower mobility to texas do not justify a targeted screening policy at this time. The other origin states, mississippi and virginia, have relatively low risk profiles and would not benefit from a targeted screening policy. Therefore, we recommend implementing a Targeted Inbound Screening policy for arizona for the next 2-week horizon."
}
2025-12-25 02:47:13,981 - texas - INFO - Parsed PolicyResponse: policy={'arizona': [0.5, 0.5]} explanation='The Infectious Density of arizona is significantly higher than other origin states, with an exposed and infected population that accounts for about 0.75percent of its population. Implementing a targeted inbound screening policy for arizona would effectively detect and convert a substantial portion of the hidden infections entering texas. By targeting arizona, we can fill a gap in regional defense and reduce the risk of disease importation. Although new mexico also has a moderate risk profile, its relatively small infected population and lower mobility to texas do not justify a targeted screening policy at this time. The other origin states, mississippi and virginia, have relatively low risk profiles and would not benefit from a targeted screening policy. Therefore, we recommend implementing a Targeted Inbound Screening policy for arizona for the next 2-week horizon.'
2025-12-25 02:48:09,538 - texas - INFO - Region Agent texas - Iteration 15 / 18: Starting policy decision process.
2025-12-25 02:48:09,539 - texas - INFO - Region user prompt: For texas, you will be given the following information:

Epidemic and mobility information of this state are as follows:

SEIRD parameters:
- beta = 0.1282505889136005
- alpha = 0.9980485585499752
- gamma = 0.09931137625330959
- mu = 0.0007904620361560658
- delta = 0.6277712284052059

Current population composition:
- S = 20996181
- E = 13268
- I = 21682
- Q = 109017
- R = 968259
- D = 13079

Other origin states:
1. arizona
   - Avg past 21-day population composition: S=8922992, E=83791, I=5377, Q=119340, R=162668, D=5181
   - Avg past 21-day inflow: arizona=13080168, mississippi=2109, new mexico=34666, texas=51916, virginia=5224

2. mississippi
   - Avg past 21-day population composition: S=482921, E=53369, I=19934, Q=12165, R=138401, D=3830
   - Avg past 21-day inflow: arizona=2279, mississippi=6606055, new mexico=1459, texas=30676, virginia=3551

3. new mexico
   - Avg past 21-day population composition: S=8077305, E=6234, I=1380, Q=15539, R=64504, D=430
   - Avg past 21-day inflow: arizona=33774, mississippi=1148, new mexico=3628380, texas=146052, virginia=1760

4. virginia
   - Avg past 21-day population composition: S=8055462, E=76923, I=18223, Q=119275, R=653484, D=2657
   - Avg past 21-day inflow: arizona=6174, mississippi=4465, new mexico=2035, texas=24801, virginia=15326305

Please output the recommended traffic control policy in the required JSON format.
2025-12-25 02:48:24,369 - texas - INFO - Raw agent output:
{
  "weekly_policy": {
    "restricted_state": "arizona"
  },
  "global_guidance": "For the next 14-day horizon, I recommend implementing a Targeted Inbound Screening policy, restricting inbound traffic from Arizona. The 'Source Risk Profile' of Arizona is high, with an Infectious Density of $(83791+5377)/8922992 「 0.0115$, indicating a significant number of potential cases entering Texas. The 'Detection Utility' of this policy is substantial, as it will effectively identify and convert a large portion of the 'Hidden Infections' (E and I) into Q-status, reducing the risk of undetected cases spreading in the community. By targeting Arizona, we fill a gap in regional defense, as it has been identified as a high-risk state, and its mobility patterns suggest a potential overlap with other origin states, making it a crucial target for our intervention. This policy aims to minimize cumulative confirmed cases and deaths in Texas while considering the systemic risks of disease importation."
}
2025-12-25 02:48:24,370 - texas - INFO - Parsed PolicyResponse: policy={'arizona': [0.5, 0.5]} explanation="For the next 14-day horizon, I recommend implementing a Targeted Inbound Screening policy, restricting inbound traffic from Arizona. The 'Source Risk Profile' of Arizona is high, with an Infectious Density of $(83791+5377)/8922992 「 0.0115$, indicating a significant number of potential cases entering Texas. The 'Detection Utility' of this policy is substantial, as it will effectively identify and convert a large portion of the 'Hidden Infections' (E and I) into Q-status, reducing the risk of undetected cases spreading in the community. By targeting Arizona, we fill a gap in regional defense, as it has been identified as a high-risk state, and its mobility patterns suggest a potential overlap with other origin states, making it a crucial target for our intervention. This policy aims to minimize cumulative confirmed cases and deaths in Texas while considering the systemic risks of disease importation."
2025-12-25 02:49:20,055 - texas - INFO - Region Agent texas - Iteration 16 / 18: Starting policy decision process.
2025-12-25 02:49:20,056 - texas - INFO - Region user prompt: For texas, you will be given the following information:

Epidemic and mobility information of this state are as follows:

SEIRD parameters:
- beta = 0.1282505889136005
- alpha = 0.9980485585499752
- gamma = 0.09945653442714063
- mu = 0.0006959306018464415
- delta = 0.6277712284052059

Current population composition:
- S = 20064430
- E = 16055
- I = 26141
- Q = 139894
- R = 1140675
- D = 14357

Other origin states:
1. arizona
   - Avg past 21-day population composition: S=8765721, E=103856, I=6644, Q=149414, R=209401, D=5265
   - Avg past 21-day inflow: arizona=13314477, mississippi=2086, new mexico=31372, texas=45426, virginia=4496

2. mississippi
   - Avg past 21-day population composition: S=450033, E=66093, I=25625, Q=15685, R=155752, D=4086
   - Avg past 21-day inflow: arizona=1918, mississippi=6631471, new mexico=1137, texas=28922, virginia=3545

3. new mexico
   - Avg past 21-day population composition: S=8715472, E=8994, I=1985, Q=20776, R=80133, D=525
   - Avg past 21-day inflow: arizona=37298, mississippi=1158, new mexico=3541362, texas=134761, virginia=1577

4. virginia
   - Avg past 21-day population composition: S=7932848, E=89345, I=21150, Q=141945, R=818295, D=2657
   - Avg past 21-day inflow: arizona=6648, mississippi=4247, new mexico=1850, texas=25030, virginia=15466694

Please output the recommended traffic control policy in the required JSON format.
2025-12-25 02:49:35,320 - texas - INFO - Raw agent output:
{
  "weekly_policy": {
    "restricted_state": "mississippi"
  },
  "global_guidance": "Based on the given information, I recommend implementing a Targeted Inbound Screening policy for the next 14 days, focusing on Mississippi as the origin state. Mississippi has a relatively high 'Infectious Density' $(E+I)/Population$ due to its higher proportion of Exposed and Infected individuals. The screening will effectively identify and move individuals from the Exposed and Infected compartments directly into the Confirmed compartment upon arrival, reducing the 'hidden' infectious population entering our community. Furthermore, Mississippi's average daily inbound flow into Texas is relatively low, making it a secondary source that can be targeted to fill a gap in regional defense. The screening will capture and convert a significant number of 'Hidden Infections' (E and I) into Q-status, thereby minimizing the cumulative confirmed cases and deaths in Texas. By targeting Mississippi, we can effectively reduce the systemic risks of disease importation from this origin state, while also considering the overall mobility patterns and population compositions of the other origin states."
}
2025-12-25 02:49:35,321 - texas - INFO - Parsed PolicyResponse: policy={'mississippi': [0.5, 0.5]} explanation="Based on the given information, I recommend implementing a Targeted Inbound Screening policy for the next 14 days, focusing on Mississippi as the origin state. Mississippi has a relatively high 'Infectious Density' $(E+I)/Population$ due to its higher proportion of Exposed and Infected individuals. The screening will effectively identify and move individuals from the Exposed and Infected compartments directly into the Confirmed compartment upon arrival, reducing the 'hidden' infectious population entering our community. Furthermore, Mississippi's average daily inbound flow into Texas is relatively low, making it a secondary source that can be targeted to fill a gap in regional defense. The screening will capture and convert a significant number of 'Hidden Infections' (E and I) into Q-status, thereby minimizing the cumulative confirmed cases and deaths in Texas. By targeting Mississippi, we can effectively reduce the systemic risks of disease importation from this origin state, while also considering the overall mobility patterns and population compositions of the other origin states."
2025-12-25 02:50:31,140 - texas - INFO - Region Agent texas - Iteration 17 / 18: Starting policy decision process.
2025-12-25 02:50:31,141 - texas - INFO - Region user prompt: For texas, you will be given the following information:

Epidemic and mobility information of this state are as follows:

SEIRD parameters:
- beta = 0.1282505889136005
- alpha = 0.9980485585499752
- gamma = 0.09955371109610621
- mu = 0.0006073159463312871
- delta = 0.6277712284052059

Current population composition:
- S = 19177545
- E = 12106
- I = 18888
- Q = 128018
- R = 1332528
- D = 15609

Other origin states:
1. arizona
   - Avg past 21-day population composition: S=8402220, E=125857, I=8013, Q=184961, R=267652, D=5314
   - Avg past 21-day inflow: arizona=13145499, mississippi=2050, new mexico=28775, texas=42590, virginia=4029

2. mississippi
   - Avg past 21-day population composition: S=414504, E=79785, I=32307, Q=20073, R=178068, D=4372
   - Avg past 21-day inflow: arizona=1900, mississippi=6630556, new mexico=1129, texas=28405, virginia=3183

3. new mexico
   - Avg past 21-day population composition: S=9483487, E=10879, I=2398, Q=27539, R=101305, D=652
   - Avg past 21-day inflow: arizona=43462, mississippi=1293, new mexico=3435281, texas=129254, virginia=1197

4. virginia
   - Avg past 21-day population composition: S=7810385, E=101529, I=24132, Q=163931, R=1011344, D=2657
   - Avg past 21-day inflow: arizona=6592, mississippi=3845, new mexico=1710, texas=23739, virginia=15261036

Please output the recommended traffic control policy in the required JSON format.
2025-12-25 02:50:46,376 - texas - INFO - Raw agent output:
{
  "weekly_policy": {
    "restricted_state": "mississippi"
  },
  "global_guidance": "We recommend implementing a Targeted Inbound Screening policy focusing on Mississippi, as it presents the highest Infectious Density (E+I)/Population. With an average past 21-day population composition of S=414504, E=79785, I=32307, Q=20073, R=178068, D=4372, Mississippi's E and I compartments are significantly higher compared to other origin states. This will allow for the most effective screening and detection of 'Hidden Infections' (E and I) entering Texas. Additionally, considering the mobility baselines, we anticipate a moderate inbound flow from Mississippi into Texas. By targeting Mississippi, we can reduce the risk of disease importation and thereby minimize cumulative confirmed cases and deaths in Texas. This decision is supported by the Coordination vs. Competition principle, as focusing on a secondary source like Mississippi fills a gap in regional defense and helps to complement the efforts of other state agents."
}
2025-12-25 02:50:46,377 - texas - INFO - Parsed PolicyResponse: policy={'mississippi': [0.5, 0.5]} explanation="We recommend implementing a Targeted Inbound Screening policy focusing on Mississippi, as it presents the highest Infectious Density (E+I)/Population. With an average past 21-day population composition of S=414504, E=79785, I=32307, Q=20073, R=178068, D=4372, Mississippi's E and I compartments are significantly higher compared to other origin states. This will allow for the most effective screening and detection of 'Hidden Infections' (E and I) entering Texas. Additionally, considering the mobility baselines, we anticipate a moderate inbound flow from Mississippi into Texas. By targeting Mississippi, we can reduce the risk of disease importation and thereby minimize cumulative confirmed cases and deaths in Texas. This decision is supported by the Coordination vs. Competition principle, as focusing on a secondary source like Mississippi fills a gap in regional defense and helps to complement the efforts of other state agents."
2025-12-25 02:51:38,735 - texas - INFO - Region Agent texas - Iteration 18 / 18: Starting policy decision process.
2025-12-25 02:51:38,735 - texas - INFO - Region user prompt: For texas, you will be given the following information:

Epidemic and mobility information of this state are as follows:

SEIRD parameters:
- beta = 0.1282505889136005
- alpha = 0.9980485585499752
- gamma = 0.09961871383783971
- mu = 0.000525324031575605
- delta = 0.6277712284052059

Current population composition:
- S = 18069775
- E = 10520
- I = 17091
- Q = 119643
- R = 1506860
- D = 16596

Other origin states:
1. arizona
   - Avg past 21-day population composition: S=7857160, E=148937, I=9514, Q=225613, R=339273, D=5340
   - Avg past 21-day inflow: arizona=12798149, mississippi=1891, new mexico=27828, texas=53906, virginia=5103

2. mississippi
   - Avg past 21-day population composition: S=406696, E=77330, I=31786, Q=23030, R=205671, D=4675
   - Avg past 21-day inflow: arizona=2184, mississippi=6318817, new mexico=1008, texas=38606, virginia=4148

3. new mexico
   - Avg past 21-day population composition: S=10354251, E=14366, I=3100, Q=34403, R=128211, D=812
   - Avg past 21-day inflow: arizona=46636, mississippi=1937, new mexico=3247252, texas=141481, virginia=1410

4. virginia
   - Avg past 21-day population composition: S=7672785, E=113913, I=27226, Q=187138, R=1233008, D=2657
   - Avg past 21-day inflow: arizona=7210, mississippi=4629, new mexico=1614, texas=29515, virginia=14873036

Please output the recommended traffic control policy in the required JSON format.
2025-12-25 02:51:50,707 - texas - INFO - Raw agent output:
{
  "weekly_policy": {
    "restricted_state": "arizona"
  },
  "global_guidance": "Intervention reasoning: Arizona is the origin state selected for targeted inbound screening policy. The infectious density of Arizona is $(148937+9514)/7857160$ which is 0.0205. This indicates a moderate risk of disease spread. The screening utility is estimated to capture approximately 95% of 'hidden infections' (E and I) entering Texas, thereby significantly reducing the risk of disease importation. Coordination vs. competition: While Arizona's risk profile is moderate, it is the highest among the four origin states. This decision prioritizes regional defense by targeting the most critical source of disease spread, filling a gap in regional defense while avoiding competition with other agents."
}
2025-12-25 02:51:50,708 - texas - INFO - Parsed PolicyResponse: policy={'arizona': [0.5, 0.5]} explanation="Intervention reasoning: Arizona is the origin state selected for targeted inbound screening policy. The infectious density of Arizona is $(148937+9514)/7857160$ which is 0.0205. This indicates a moderate risk of disease spread. The screening utility is estimated to capture approximately 95percent of 'hidden infections' (E and I) entering Texas, thereby significantly reducing the risk of disease importation. Coordination vs. competition: While Arizona's risk profile is moderate, it is the highest among the four origin states. This decision prioritizes regional defense by targeting the most critical source of disease spread, filling a gap in regional defense while avoiding competition with other agents."
