2025-12-25 10:35:11,646 - arizona - INFO - Region Agent arizona - Iteration 1 / 18: Starting policy decision process.
2025-12-25 10:35:11,646 - arizona - INFO - Region user prompt: For arizona, you will be given the following information:

Epidemic and mobility information of this state are as follows:

SEIRD parameters:
- beta = 0.111577643000077
- alpha = 0.0597163516591244
- gamma = 0.1
- mu = 0.0
- delta = 0.9223750594215856

Current population composition:
- S = 7272180
- E = 1952
- I = 962
- Q = 3319
- R = 186
- D = 118

Other origin states:
1. mississippi
   - Avg past 21-day population composition: S=2970629, E=906, I=1753, Q=2463, R=301, D=97
   - Avg past 21-day inflow: arizona=1194, mississippi=3987236, new mexico=942, texas=18479, virginia=2401

2. new mexico
   - Avg past 21-day population composition: S=2093484, E=816, I=1276, Q=959, R=265, D=29
   - Avg past 21-day inflow: arizona=14511, mississippi=1425, new mexico=2776969, texas=84217, virginia=1004

3. texas
   - Avg past 21-day population composition: S=28984537, E=927, I=327, Q=7619, R=2141, D=330
   - Avg past 21-day inflow: arizona=22661, mississippi=24412, new mexico=47170, texas=39820832, virginia=11782

4. virginia
   - Avg past 21-day population composition: S=8524995, E=1825, I=3189, Q=4825, R=540, D=145
   - Avg past 21-day inflow: arizona=3171, mississippi=2260, new mexico=1385, texas=13780, virginia=11423959

Please output the recommended traffic control policy in the required JSON format.
2025-12-25 10:35:20,032 - arizona - INFO - Raw agent output:
```json
{
  "weekly_policy": {
      "restricted_state": "texas"
  },
  "global_guidance": "Based on the current population composition and the past 21-day average daily inbound flow, Texas presents the highest risk profile with a significant number of exposed (E) and infected (I) individuals. Implementing a Targeted Inbound Screening policy for travelers from Texas would capture approximately 90% of these hidden infections, effectively reducing their impact on Arizona's susceptible population. While Mississippi and Virginia also have notable numbers of E and I individuals, Texas's higher average daily inbound flow makes it a more critical source to target. New Mexico, although having a lower flow rate, is less of a priority compared to Texas. Therefore, by focusing on Texas, we can maximize the reduction in imported infections and minimize the cumulative confirmed cases and deaths in Arizona."
}
```
2025-12-25 10:35:20,032 - arizona - INFO - Parsed PolicyResponse: policy={'texas': [0.5, 0.5]} explanation="Based on the current population composition and the past 21-day average daily inbound flow, Texas presents the highest risk profile with a significant number of exposed (E) and infected (I) individuals. Implementing a Targeted Inbound Screening policy for travelers from Texas would capture approximately 90percent of these hidden infections, effectively reducing their impact on Arizona's susceptible population. While Mississippi and Virginia also have notable numbers of E and I individuals, Texas's higher average daily inbound flow makes it a more critical source to target. New Mexico, although having a lower flow rate, is less of a priority compared to Texas. Therefore, by focusing on Texas, we can maximize the reduction in imported infections and minimize the cumulative confirmed cases and deaths in Arizona."
2025-12-25 10:35:43,989 - arizona - INFO - Region Agent arizona - Iteration 2 / 18: Starting policy decision process.
2025-12-25 10:35:43,989 - arizona - INFO - Region user prompt: For arizona, you will be given the following information:

Epidemic and mobility information of this state are as follows:

SEIRD parameters:
- beta = 0.111577643000077
- alpha = 0.0597163516591244
- gamma = 0.012122141642363015
- mu = 0.002734399207933894
- delta = 0.9223750594215856

Current population composition:
- S = 7457656
- E = 3558
- I = 225
- Q = 5524
- R = 879
- D = 288

Other origin states:
1. mississippi
   - Avg past 21-day population composition: S=2925419, E=3323, I=1781, Q=1920, R=1633, D=153
   - Avg past 21-day inflow: arizona=1524, mississippi=5486976, new mexico=1230, texas=24904, virginia=3440

2. new mexico
   - Avg past 21-day population composition: S=2396032, E=702, I=146, Q=2116, R=1197, D=35
   - Avg past 21-day inflow: arizona=18891, mississippi=1902, new mexico=3323857, texas=117318, virginia=1118

3. texas
   - Avg past 21-day population composition: S=28614340, E=787, I=1223, Q=9251, R=5192, D=446
   - Avg past 21-day inflow: arizona=27201, mississippi=31103, new mexico=69252, texas=48379264, virginia=15325

4. virginia
   - Avg past 21-day population composition: S=8525938, E=4056, I=987, Q=6791, R=4748, D=358
   - Avg past 21-day inflow: arizona=3345, mississippi=3005, new mexico=1552, texas=16423, virginia=13217229

Please output the recommended traffic control policy in the required JSON format.
2025-12-25 10:35:48,695 - arizona - INFO - Raw agent output:
```json
{
  "weekly_policy": {
      "restricted_state": "texas"
  },
  "global_guidance": "Based on the current population composition and the mobility data, Texas presents the highest risk due to its higher average daily inbound flow into Arizona compared to Mississippi and New Mexico. The 'Infectious Density' (E+I)/Population ratio for Texas is also notably higher, indicating a significant number of hidden infections that could potentially enter Arizona. Implementing a Targeted Inbound Screening policy from Texas would effectively reduce the number of exposed and infected individuals entering Arizona, thereby minimizing the cumulative confirmed cases and deaths. This approach complements the efforts of other states and fills a critical gap in regional defense against disease importation."
}
```
2025-12-25 10:35:48,695 - arizona - INFO - Parsed PolicyResponse: policy={'texas': [0.5, 0.5]} explanation="Based on the current population composition and the mobility data, Texas presents the highest risk due to its higher average daily inbound flow into Arizona compared to Mississippi and New Mexico. The 'Infectious Density' (E+I)/Population ratio for Texas is also notably higher, indicating a significant number of hidden infections that could potentially enter Arizona. Implementing a Targeted Inbound Screening policy from Texas would effectively reduce the number of exposed and infected individuals entering Arizona, thereby minimizing the cumulative confirmed cases and deaths. This approach complements the efforts of other states and fills a critical gap in regional defense against disease importation."
2025-12-25 10:36:21,809 - arizona - INFO - Region Agent arizona - Iteration 3 / 18: Starting policy decision process.
2025-12-25 10:36:21,809 - arizona - INFO - Region user prompt: For arizona, you will be given the following information:

Epidemic and mobility information of this state are as follows:

SEIRD parameters:
- beta = 0.111577643000077
- alpha = 0.0597163516591244
- gamma = 0.015576031242880931
- mu = 0.002938894019459115
- delta = 0.9223750594215856

Current population composition:
- S = 7668456
- E = 5143
- I = 327
- Q = 7503
- R = 2139
- D = 547

Other origin states:
1. mississippi
   - Avg past 21-day population composition: S=2849819, E=5706, I=2642, Q=1740, R=3296, D=219
   - Avg past 21-day inflow: arizona=1474, mississippi=5834803, new mexico=1233, texas=26190, virginia=3303

2. new mexico
   - Avg past 21-day population composition: S=2829360, E=645, I=130, Q=2018, R=2564, D=46
   - Avg past 21-day inflow: arizona=19789, mississippi=1821, new mexico=3427556, texas=124957, virginia=1199

3. texas
   - Avg past 21-day population composition: S=28080742, E=1074, I=1671, Q=12365, R=11505, D=658
   - Avg past 21-day inflow: arizona=28967, mississippi=32701, new mexico=75115, texas=51352865, virginia=15964

4. virginia
   - Avg past 21-day population composition: S=8518256, E=5227, I=1218, Q=7586, R=11549, D=670
   - Avg past 21-day inflow: arizona=3556, mississippi=2877, new mexico=1594, texas=16543, virginia=13637675

Please output the recommended traffic control policy in the required JSON format.
2025-12-25 10:36:32,921 - arizona - INFO - Raw agent output:
```json
{
  "weekly_policy": {
      "restricted_state": "texas"
  },
  "global_guidance": "Based on the current population composition and the past 21-day average daily inbound flows, Texas presents the highest risk profile with a significant number of exposed (E) and infected (I) individuals. Implementing a targeted inbound screening policy from Texas would capture a substantial number of hidden infections, reducing the risk of disease spread into Arizona. While Mississippi and Virginia also have notable numbers of E and I individuals, Texas's higher average daily inbound flow makes it a more critical source to monitor. New Mexico, although having a lower flow rate, shows a relatively stable situation compared to Texas. Therefore, selecting Texas for the screening policy aligns with the objective of minimizing cumulative confirmed cases and deaths in Arizona."
}
```
2025-12-25 10:36:32,922 - arizona - INFO - Parsed PolicyResponse: policy={'texas': [0.5, 0.5]} explanation="Based on the current population composition and the past 21-day average daily inbound flows, Texas presents the highest risk profile with a significant number of exposed (E) and infected (I) individuals. Implementing a targeted inbound screening policy from Texas would capture a substantial number of hidden infections, reducing the risk of disease spread into Arizona. While Mississippi and Virginia also have notable numbers of E and I individuals, Texas's higher average daily inbound flow makes it a more critical source to monitor. New Mexico, although having a lower flow rate, shows a relatively stable situation compared to Texas. Therefore, selecting Texas for the screening policy aligns with the objective of minimizing cumulative confirmed cases and deaths in Arizona."
2025-12-25 10:37:15,910 - arizona - INFO - Region Agent arizona - Iteration 4 / 18: Starting policy decision process.
2025-12-25 10:37:15,910 - arizona - INFO - Region user prompt: For arizona, you will be given the following information:

Epidemic and mobility information of this state are as follows:

SEIRD parameters:
- beta = 0.111577643000077
- alpha = 0.0597163516591244
- gamma = 0.018608785071565614
- mu = 0.002955122281923193
- delta = 0.9223750594215856

Current population composition:
- S = 7860593
- E = 6952
- I = 444
- Q = 9969
- R = 4228
- D = 904

Other origin states:
1. mississippi
   - Avg past 21-day population composition: S=2737757, E=9360, I=4421, Q=2372, R=5778, D=314
   - Avg past 21-day inflow: arizona=1596, mississippi=6201158, new mexico=1241, texas=30835, virginia=3307

2. new mexico
   - Avg past 21-day population composition: S=3426642, E=665, I=135, Q=1941, R=4303, D=60
   - Avg past 21-day inflow: arizona=23793, mississippi=1984, new mexico=3538501, texas=136934, virginia=1155

3. texas
   - Avg past 21-day population composition: S=27330510, E=1382, I=2161, Q=16283, R=24061, D=1023
   - Avg past 21-day inflow: arizona=33250, mississippi=38622, new mexico=84392, texas=54356274, virginia=17393

4. virginia
   - Avg past 21-day population composition: S=8530490, E=6663, I=1560, Q=9560, R=22265, D=1098
   - Avg past 21-day inflow: arizona=4434, mississippi=3671, new mexico=1716, texas=19791, virginia=14133151

Please output the recommended traffic control policy in the required JSON format.
2025-12-25 10:37:22,479 - arizona - INFO - Raw agent output:
```json
{
  "weekly_policy": {
      "restricted_state": "texas"
  },
  "global_guidance": "Based on the current population composition and the past 21-day average daily inbound flow, Texas presents the highest risk profile with a significant number of exposed (E) and infected (I) individuals. Implementing a targeted inbound screening policy from Texas would capture approximately 90% of these hidden infections, thereby reducing the influx of potential new cases into Arizona. While Mississippi and Virginia also have notable numbers of E and I individuals, Texas's higher average daily inbound flow makes it a more critical source to monitor. New Mexico, although having a lower flow rate, shows a relatively stable SEIRD status, suggesting less immediate risk. Therefore, prioritizing Texas aligns with the goal of minimizing cumulative confirmed cases and deaths in Arizona by addressing the largest systemic risk of disease importation."
}
```
2025-12-25 10:37:22,479 - arizona - INFO - Parsed PolicyResponse: policy={'texas': [0.5, 0.5]} explanation="Based on the current population composition and the past 21-day average daily inbound flow, Texas presents the highest risk profile with a significant number of exposed (E) and infected (I) individuals. Implementing a targeted inbound screening policy from Texas would capture approximately 90percent of these hidden infections, thereby reducing the influx of potential new cases into Arizona. While Mississippi and Virginia also have notable numbers of E and I individuals, Texas's higher average daily inbound flow makes it a more critical source to monitor. New Mexico, although having a lower flow rate, shows a relatively stable SEIRD status, suggesting less immediate risk. Therefore, prioritizing Texas aligns with the goal of minimizing cumulative confirmed cases and deaths in Arizona by addressing the largest systemic risk of disease importation."
2025-12-25 10:37:43,991 - arizona - INFO - Region Agent arizona - Iteration 5 / 18: Starting policy decision process.
2025-12-25 10:37:43,992 - arizona - INFO - Region user prompt: For arizona, you will be given the following information:

Epidemic and mobility information of this state are as follows:

SEIRD parameters:
- beta = 0.111577643000077
- alpha = 0.0597163516591244
- gamma = 0.020940995396388825
- mu = 0.002779946985751767
- delta = 0.9223750594215856

Current population composition:
- S = 8072580
- E = 9130
- I = 588
- Q = 12911
- R = 7385
- D = 1357

Other origin states:
1. mississippi
   - Avg past 21-day population composition: S=2569761, E=14202, I=6745, Q=3653, R=9474, D=451
   - Avg past 21-day inflow: arizona=1899, mississippi=6282009, new mexico=1324, texas=37780, virginia=4177

2. new mexico
   - Avg past 21-day population composition: S=4137401, E=761, I=157, Q=2038, R=6041, D=74
   - Avg past 21-day inflow: arizona=30727, mississippi=2180, new mexico=3593103, texas=158164, virginia=1190

3. texas
   - Avg past 21-day population composition: S=26456322, E=1881, I=2982, Q=19913, R=41902, D=1472
   - Avg past 21-day inflow: arizona=42323, mississippi=47996, new mexico=101339, texas=56028179, virginia=21124

4. virginia
   - Avg past 21-day population composition: S=8600798, E=8518, I=1997, Q=12256, R=35906, D=1522
   - Avg past 21-day inflow: arizona=5988, mississippi=4364, new mexico=2080, texas=25397, virginia=14398916

Please output the recommended traffic control policy in the required JSON format.
2025-12-25 10:37:49,100 - arizona - INFO - Raw agent output:
```json
{
  "weekly_policy": {
      "restricted_state": "texas"
  },
  "global_guidance": "Based on the current population composition and the past 21-day average daily inbound flows, Texas presents the highest risk profile with a significant number of exposed (E) and infected (I) individuals. Implementing a targeted inbound screening policy from Texas would reduce the 'hidden' infectious population entering Arizona, thereby minimizing the cumulative confirmed cases and deaths. While Mississippi and Virginia also have notable numbers of E and I individuals, Texas's higher average daily inbound flow makes it a more critical source to monitor. New Mexico, although having a lower flow rate, does not present as high a risk compared to Texas."
}
```
2025-12-25 10:37:49,101 - arizona - INFO - Parsed PolicyResponse: policy={'texas': [0.5, 0.5]} explanation="Based on the current population composition and the past 21-day average daily inbound flows, Texas presents the highest risk profile with a significant number of exposed (E) and infected (I) individuals. Implementing a targeted inbound screening policy from Texas would reduce the 'hidden' infectious population entering Arizona, thereby minimizing the cumulative confirmed cases and deaths. While Mississippi and Virginia also have notable numbers of E and I individuals, Texas's higher average daily inbound flow makes it a more critical source to monitor. New Mexico, although having a lower flow rate, does not present as high a risk compared to Texas."
2025-12-25 10:38:11,071 - arizona - INFO - Region Agent arizona - Iteration 6 / 18: Starting policy decision process.
2025-12-25 10:38:11,072 - arizona - INFO - Region user prompt: For arizona, you will be given the following information:

Epidemic and mobility information of this state are as follows:

SEIRD parameters:
- beta = 0.111577643000077
- alpha = 0.0597163516591244
- gamma = 0.02255811660652443
- mu = 0.00244662324266171
- delta = 0.9223750594215856

Current population composition:
- S = 8232175
- E = 11747
- I = 756
- Q = 16481
- R = 11833
- D = 1886

Other origin states:
1. mississippi
   - Avg past 21-day population composition: S=2390070, E=20558, I=9776, Q=5441, R=15087, D=653
   - Avg past 21-day inflow: arizona=2382, mississippi=6511171, new mexico=1425, texas=39776, virginia=4198

2. new mexico
   - Avg past 21-day population composition: S=4759988, E=902, I=188, Q=2313, R=7941, D=88
   - Avg past 21-day inflow: arizona=31247, mississippi=1954, new mexico=3714782, texas=160356, virginia=1318

3. texas
   - Avg past 21-day population composition: S=25688027, E=2224, I=3581, Q=24316, R=66273, D=2011
   - Avg past 21-day inflow: arizona=48951, mississippi=52561, new mexico=115020, texas=58274699, virginia=25244

4. virginia
   - Avg past 21-day population composition: S=8648347, E=10955, I=2571, Q=15831, R=53463, D=1901
   - Avg past 21-day inflow: arizona=6406, mississippi=4702, new mexico=2088, texas=25749, virginia=15056158

Please output the recommended traffic control policy in the required JSON format.
2025-12-25 10:38:15,573 - arizona - INFO - Raw agent output:
```json
{
  "weekly_policy": {
      "restricted_state": "texas"
  },
  "global_guidance": "Based on the current SEIRD parameters and population compositions, Texas presents a higher risk profile with a larger exposed (E) and infected (I) compartment compared to Mississippi, New Mexico, and Virginia. Implementing a Targeted Inbound Screening policy for travelers from Texas would capture a significant number of hidden infections, reducing the potential for disease spread in Arizona. This approach aligns with the principle of coordination rather than competition, as it addresses a primary source of infection without overburdening less risky regions."
}
```
2025-12-25 10:38:15,574 - arizona - INFO - Parsed PolicyResponse: policy={'texas': [0.5, 0.5]} explanation='Based on the current SEIRD parameters and population compositions, Texas presents a higher risk profile with a larger exposed (E) and infected (I) compartment compared to Mississippi, New Mexico, and Virginia. Implementing a Targeted Inbound Screening policy for travelers from Texas would capture a significant number of hidden infections, reducing the potential for disease spread in Arizona. This approach aligns with the principle of coordination rather than competition, as it addresses a primary source of infection without overburdening less risky regions.'
2025-12-25 10:38:37,440 - arizona - INFO - Region Agent arizona - Iteration 7 / 18: Starting policy decision process.
2025-12-25 10:38:37,440 - arizona - INFO - Region user prompt: For arizona, you will be given the following information:

Epidemic and mobility information of this state are as follows:

SEIRD parameters:
- beta = 0.111577643000077
- alpha = 0.0597163516591244
- gamma = 0.0236005728605052
- mu = 0.002014499696781645
- delta = 0.9223750594215856

Current population composition:
- S = 8520075
- E = 15181
- I = 986
- Q = 20965
- R = 17824
- D = 2456

Other origin states:
1. mississippi
   - Avg past 21-day population composition: S=2118923, E=27732, I=13206, Q=7683, R=23246, D=935
   - Avg past 21-day inflow: arizona=2601, mississippi=6521022, new mexico=1605, texas=37844, virginia=4459

2. new mexico
   - Avg past 21-day population composition: S=5166751, E=1029, I=237, Q=2769, R=10155, D=102
   - Avg past 21-day inflow: arizona=30278, mississippi=1651, new mexico=3781302, texas=162187, virginia=1534

3. texas
   - Avg past 21-day population composition: S=25246769, E=3106, I=5030, Q=28708, R=96989, D=2622
   - Avg past 21-day inflow: arizona=49809, mississippi=60331, new mexico=132778, texas=57497200, virginia=26942

4. virginia
   - Avg past 21-day population composition: S=8643861, E=14194, I=3339, Q=20575, R=76206, D=2207
   - Avg past 21-day inflow: arizona=5763, mississippi=5376, new mexico=2165, texas=28512, virginia=15378004

Please output the recommended traffic control policy in the required JSON format.
2025-12-25 10:38:42,329 - arizona - INFO - Raw agent output:
```json
{
  "weekly_policy": {
      "restricted_state": "texas"
  },
  "global_guidance": "Based on the current SEIRD parameters and population compositions, Texas presents the highest risk due to its higher average daily inbound flow into Arizona and a relatively higher number of exposed (E) and infected (I) individuals compared to Mississippi, New Mexico, and Virginia. Implementing a targeted screening policy for travelers from Texas would significantly reduce the 'hidden' infectious population entering Arizona, thereby minimizing the cumulative confirmed cases and deaths. This approach also helps in coordinating regional defense without overburdening more stable states like Virginia, which has a lower risk profile despite having a significant population size."
}
```
2025-12-25 10:38:42,330 - arizona - INFO - Parsed PolicyResponse: policy={'texas': [0.5, 0.5]} explanation="Based on the current SEIRD parameters and population compositions, Texas presents the highest risk due to its higher average daily inbound flow into Arizona and a relatively higher number of exposed (E) and infected (I) individuals compared to Mississippi, New Mexico, and Virginia. Implementing a targeted screening policy for travelers from Texas would significantly reduce the 'hidden' infectious population entering Arizona, thereby minimizing the cumulative confirmed cases and deaths. This approach also helps in coordinating regional defense without overburdening more stable states like Virginia, which has a lower risk profile despite having a significant population size."
2025-12-25 10:39:02,875 - arizona - INFO - Region Agent arizona - Iteration 8 / 18: Starting policy decision process.
2025-12-25 10:39:02,875 - arizona - INFO - Region user prompt: For arizona, you will be given the following information:

Epidemic and mobility information of this state are as follows:

SEIRD parameters:
- beta = 0.111577643000077
- alpha = 0.0597163516591244
- gamma = 0.024241342175232397
- mu = 0.001551803908762276
- delta = 0.9223750594215856

Current population composition:
- S = 8769740
- E = 19684
- I = 1280
- Q = 26862
- R = 25742
- D = 3038

Other origin states:
1. mississippi
   - Avg past 21-day population composition: S=1739292, E=33549, I=16004, Q=9949, R=34317, D=1297
   - Avg past 21-day inflow: arizona=2337, mississippi=6371393, new mexico=1565, texas=36298, virginia=4848

2. new mexico
   - Avg past 21-day population composition: S=5242846, E=1252, I=276, Q=3326, R=12826, D=116
   - Avg past 21-day inflow: arizona=26540, mississippi=1570, new mexico=3686705, texas=149098, virginia=1704

3. texas
   - Avg past 21-day population composition: S=25129120, E=3690, I=6134, Q=37334, R=138131, D=3359
   - Avg past 21-day inflow: arizona=49331, mississippi=63448, new mexico=132369, texas=55946397, virginia=28822

4. virginia
   - Avg past 21-day population composition: S=8635593, E=18541, I=4372, Q=26934, R=105873, D=2430
   - Avg past 21-day inflow: arizona=5547, mississippi=6108, new mexico=2484, texas=29795, virginia=15359071

Please output the recommended traffic control policy in the required JSON format.
2025-12-25 10:39:08,001 - arizona - INFO - Raw agent output:
```json
{
  "weekly_policy": {
      "restricted_state": "texas"
  },
  "global_guidance": "Based on the current population composition and the past 21-day average daily inbound flows, Texas presents the highest risk profile with a significant number of exposed (E) and infected (I) individuals. Implementing a targeted inbound screening policy from Texas would reduce the 'hidden' infectious population entering Arizona, thereby minimizing the cumulative confirmed cases and deaths. While Mississippi and Virginia also have notable numbers of E and I individuals, Texas's higher average daily inbound flow makes it a more critical source to monitor. New Mexico, although having a lower flow rate, still needs to be considered but is not the primary focus due to its relatively lower risk compared to Texas."
}
```
2025-12-25 10:39:08,002 - arizona - INFO - Parsed PolicyResponse: policy={'texas': [0.5, 0.5]} explanation="Based on the current population composition and the past 21-day average daily inbound flows, Texas presents the highest risk profile with a significant number of exposed (E) and infected (I) individuals. Implementing a targeted inbound screening policy from Texas would reduce the 'hidden' infectious population entering Arizona, thereby minimizing the cumulative confirmed cases and deaths. While Mississippi and Virginia also have notable numbers of E and I individuals, Texas's higher average daily inbound flow makes it a more critical source to monitor. New Mexico, although having a lower flow rate, still needs to be considered but is not the primary focus due to its relatively lower risk compared to Texas."
2025-12-25 10:39:27,361 - arizona - INFO - Region Agent arizona - Iteration 9 / 18: Starting policy decision process.
2025-12-25 10:39:27,361 - arizona - INFO - Region user prompt: For arizona, you will be given the following information:

Epidemic and mobility information of this state are as follows:

SEIRD parameters:
- beta = 0.111577643000077
- alpha = 0.0597163516591244
- gamma = 0.024623746982747986
- mu = 0.0011183455203421357
- delta = 0.9223750594215856

Current population composition:
- S = 8910417
- E = 25234
- I = 1628
- Q = 34473
- R = 36105
- D = 3592

Other origin states:
1. mississippi
   - Avg past 21-day population composition: S=1373237, E=37140, I=17804, Q=11725, R=47996, D=1718
   - Avg past 21-day inflow: arizona=2348, mississippi=6369349, new mexico=1638, texas=33936, virginia=4413

2. new mexico
   - Avg past 21-day population composition: S=5320863, E=1568, I=332, Q=3934, R=15999, D=133
   - Avg past 21-day inflow: arizona=25111, mississippi=1408, new mexico=3618932, texas=142786, virginia=1914

3. texas
   - Avg past 21-day population composition: S=25079590, E=4904, I=8059, Q=44016, R=189766, D=4208
   - Avg past 21-day inflow: arizona=46103, mississippi=57006, new mexico=119576, texas=55789157, virginia=29507

4. virginia
   - Avg past 21-day population composition: S=8575498, E=24100, I=5679, Q=35264, R=144762, D=2576
   - Avg past 21-day inflow: arizona=6027, mississippi=5270, new mexico=2367, texas=27064, virginia=15109651

Please output the recommended traffic control policy in the required JSON format.
2025-12-25 10:39:32,967 - arizona - INFO - Raw agent output:
```json
{
  "weekly_policy": {
      "restricted_state": "texas"
  },
  "global_guidance": "Based on the current population composition and the past 21-day average daily inbound flow, Texas presents the highest risk profile with a significant number of exposed (E) and infected (I) individuals. Implementing a targeted inbound screening policy from Texas would capture approximately 92% of these hidden infections, reducing their impact on Arizona's population. While Mississippi and Virginia also have notable numbers of E and I individuals, Texas's higher average daily inbound flow makes it a more critical source to monitor. New Mexico, although having a lower flow rate, shows a relatively stable SEIRD parameter distribution, suggesting less immediate risk. Therefore, targeting Texas aligns with the goal of minimizing cumulative confirmed cases and deaths in Arizona by addressing the largest potential influx of hidden infections."
}
```
2025-12-25 10:39:32,968 - arizona - INFO - Parsed PolicyResponse: policy={'texas': [0.5, 0.5]} explanation="Based on the current population composition and the past 21-day average daily inbound flow, Texas presents the highest risk profile with a significant number of exposed (E) and infected (I) individuals. Implementing a targeted inbound screening policy from Texas would capture approximately 92percent of these hidden infections, reducing their impact on Arizona's population. While Mississippi and Virginia also have notable numbers of E and I individuals, Texas's higher average daily inbound flow makes it a more critical source to monitor. New Mexico, although having a lower flow rate, shows a relatively stable SEIRD parameter distribution, suggesting less immediate risk. Therefore, targeting Texas aligns with the goal of minimizing cumulative confirmed cases and deaths in Arizona by addressing the largest potential influx of hidden infections."
2025-12-25 10:39:52,911 - arizona - INFO - Region Agent arizona - Iteration 10 / 18: Starting policy decision process.
2025-12-25 10:39:52,912 - arizona - INFO - Region user prompt: For arizona, you will be given the following information:

Epidemic and mobility information of this state are as follows:

SEIRD parameters:
- beta = 0.111577643000077
- alpha = 0.0597163516591244
- gamma = 0.024847953040040574
- mu = 0.0007540231667211955
- delta = 0.9223750594215856

Current population composition:
- S = 8911336
- E = 32238
- I = 2079
- Q = 44183
- R = 49543
- D = 4086

Other origin states:
1. mississippi
   - Avg past 21-day population composition: S=1088818, E=38439, I=18609, Q=12888, R=63571, D=2163
   - Avg past 21-day inflow: arizona=1984, mississippi=6404182, new mexico=1219, texas=31542, virginia=3879

2. new mexico
   - Avg past 21-day population composition: S=5517049, E=1932, I=411, Q=4786, R=19804, D=160
   - Avg past 21-day inflow: arizona=24321, mississippi=1410, new mexico=3591304, texas=139917, virginia=1327

3. texas
   - Avg past 21-day population composition: S=24938467, E=5514, I=9282, Q=55822, R=256053, D=5200
   - Avg past 21-day inflow: arizona=44848, mississippi=51070, new mexico=113536, texas=56021642, virginia=27574

4. virginia
   - Avg past 21-day population composition: S=8489372, E=30999, I=7306, Q=45682, R=195418, D=2662
   - Avg past 21-day inflow: arizona=6041, mississippi=4887, new mexico=2362, texas=25141, virginia=14714026

Please output the recommended traffic control policy in the required JSON format.
2025-12-25 10:39:58,217 - arizona - INFO - Raw agent output:
```json
{
  "weekly_policy": {
      "restricted_state": "texas"
  },
  "global_guidance": "Based on the current population composition and the past 21-day average daily inbound flow, Texas presents the highest risk profile with a significant number of exposed (E) and infected (I) individuals. Implementing a targeted inbound screening policy from Texas would reduce the 'hidden' infectious population entering Arizona, thereby minimizing the cumulative confirmed cases and deaths. While Mississippi and Virginia also have notable numbers of E and I individuals, Texas's higher average daily inbound flow makes it a more critical source to monitor. New Mexico, although having a lower flow, still needs to be considered but is less of a priority compared to Texas."
}
```
2025-12-25 10:39:58,218 - arizona - INFO - Parsed PolicyResponse: policy={'texas': [0.5, 0.5]} explanation="Based on the current population composition and the past 21-day average daily inbound flow, Texas presents the highest risk profile with a significant number of exposed (E) and infected (I) individuals. Implementing a targeted inbound screening policy from Texas would reduce the 'hidden' infectious population entering Arizona, thereby minimizing the cumulative confirmed cases and deaths. While Mississippi and Virginia also have notable numbers of E and I individuals, Texas's higher average daily inbound flow makes it a more critical source to monitor. New Mexico, although having a lower flow, still needs to be considered but is less of a priority compared to Texas."
2025-12-25 10:40:25,094 - arizona - INFO - Region Agent arizona - Iteration 11 / 18: Starting policy decision process.
2025-12-25 10:40:25,095 - arizona - INFO - Region user prompt: For arizona, you will be given the following information:

Epidemic and mobility information of this state are as follows:

SEIRD parameters:
- beta = 0.111577643000077
- alpha = 0.0597163516591244
- gamma = 0.02497804235947894
- mu = 0.000475623059516234
- delta = 0.9223750594215856

Current population composition:
- S = 8953188
- E = 41037
- I = 2647
- Q = 56577
- R = 66882
- D = 4497

Other origin states:
1. mississippi
   - Avg past 21-day population composition: S=833914, E=35208, I=17225, Q=13018, R=80089, D=2599
   - Avg past 21-day inflow: arizona=1831, mississippi=6393211, new mexico=1134, texas=29893, virginia=3963

2. new mexico
   - Avg past 21-day population composition: S=5877547, E=2422, I=513, Q=5892, R=24459, D=188
   - Avg past 21-day inflow: arizona=26310, mississippi=1338, new mexico=3560268, texas=145606, virginia=1293

3. texas
   - Avg past 21-day population composition: S=24615523, E=6597, I=10928, Q=61691, R=334399, D=6278
   - Avg past 21-day inflow: arizona=45155, mississippi=47740, new mexico=102177, texas=56597764, virginia=28749

4. virginia
   - Avg past 21-day population composition: S=8438690, E=39628, I=9354, Q=58814, R=260826, D=2706
   - Avg past 21-day inflow: arizona=6980, mississippi=5593, new mexico=2638, texas=28806, virginia=14873143

Please output the recommended traffic control policy in the required JSON format.
2025-12-25 10:40:34,169 - arizona - INFO - Raw agent output:
```json
{
  "weekly_policy": {
      "restricted_state": "texas"
  },
  "global_guidance": "Based on the current population composition and the past 21-day average daily inbound flow, Texas presents the highest risk profile with a significant number of exposed (E) and infected (I) individuals. Implementing a targeted inbound screening policy from Texas would reduce the 'hidden' infectious population entering Arizona, thereby minimizing the cumulative confirmed cases and deaths. While Mississippi and Virginia also have notable numbers of E and I individuals, Texas's higher average daily inbound flow makes it a more critical source to monitor. New Mexico, although having a lower flow rate, shows a relatively stable situation compared to Texas. Therefore, we target Texas for enhanced screening to bolster Arizona's defense against disease importation."
}
```
2025-12-25 10:40:34,170 - arizona - INFO - Parsed PolicyResponse: policy={'texas': [0.5, 0.5]} explanation="Based on the current population composition and the past 21-day average daily inbound flow, Texas presents the highest risk profile with a significant number of exposed (E) and infected (I) individuals. Implementing a targeted inbound screening policy from Texas would reduce the 'hidden' infectious population entering Arizona, thereby minimizing the cumulative confirmed cases and deaths. While Mississippi and Virginia also have notable numbers of E and I individuals, Texas's higher average daily inbound flow makes it a more critical source to monitor. New Mexico, although having a lower flow rate, shows a relatively stable situation compared to Texas. Therefore, we target Texas for enhanced screening to bolster Arizona's defense against disease importation."
2025-12-25 10:41:03,323 - arizona - INFO - Region Agent arizona - Iteration 12 / 18: Starting policy decision process.
2025-12-25 10:41:03,323 - arizona - INFO - Region user prompt: For arizona, you will be given the following information:

Epidemic and mobility information of this state are as follows:

SEIRD parameters:
- beta = 0.111577643000077
- alpha = 0.0597163516591244
- gamma = 0.02505306666091852
- mu = 0.00028067946561893055
- delta = 0.9223750594215856

Current population composition:
- S = 8959723
- E = 51701
- I = 3304
- Q = 71934
- R = 89115
- D = 4819

Other origin states:
1. mississippi
   - Avg past 21-day population composition: S=672164, E=28723, I=14157, Q=11719, R=95914, D=2981
   - Avg past 21-day inflow: arizona=1898, mississippi=6433672, new mexico=1317, texas=31493, virginia=3517

2. new mexico
   - Avg past 21-day population composition: S=6408889, E=3053, I=643, Q=7370, R=30239, D=224
   - Avg past 21-day inflow: arizona=28122, mississippi=1297, new mexico=3587724, texas=149077, virginia=1361

3. texas
   - Avg past 21-day population composition: S=23974171, E=8235, I=13959, Q=77539, R=427857, D=7446
   - Avg past 21-day inflow: arizona=43694, mississippi=42933, new mexico=103286, texas=56938135, virginia=26283

4. virginia
   - Avg past 21-day population composition: S=8386456, E=49674, I=11709, Q=74706, R=344584, D=2726
   - Avg past 21-day inflow: arizona=5952, mississippi=4911, new mexico=2285, texas=26290, virginia=15100136

Please output the recommended traffic control policy in the required JSON format.
2025-12-25 10:41:09,053 - arizona - INFO - Raw agent output:
```json
{
  "weekly_policy": {
      "restricted_state": "texas"
  },
  "global_guidance": "Based on the current population composition and the past 21-day average daily inbound flows, Texas presents the highest risk profile with a significant number of exposed (E) and infected (I) individuals. Implementing a targeted screening policy for travelers from Texas would capture a substantial number of hidden infections, reducing the potential for disease spread into Arizona. While Mississippi and Virginia also have notable numbers of E and I individuals, Texas's higher average daily inbound flow makes it a more critical source to monitor. New Mexico, although having a lower flow rate, does not present as high a risk compared to Texas. Therefore, selecting Texas for the screening policy aligns with the goal of minimizing cumulative confirmed cases and deaths in Arizona."
}
```
2025-12-25 10:41:09,054 - arizona - INFO - Parsed PolicyResponse: policy={'texas': [0.5, 0.5]} explanation="Based on the current population composition and the past 21-day average daily inbound flows, Texas presents the highest risk profile with a significant number of exposed (E) and infected (I) individuals. Implementing a targeted screening policy for travelers from Texas would capture a substantial number of hidden infections, reducing the potential for disease spread into Arizona. While Mississippi and Virginia also have notable numbers of E and I individuals, Texas's higher average daily inbound flow makes it a more critical source to monitor. New Mexico, although having a lower flow rate, does not present as high a risk compared to Texas. Therefore, selecting Texas for the screening policy aligns with the goal of minimizing cumulative confirmed cases and deaths in Arizona."
2025-12-25 10:41:29,757 - arizona - INFO - Region Agent arizona - Iteration 13 / 18: Starting policy decision process.
2025-12-25 10:41:29,758 - arizona - INFO - Region user prompt: For arizona, you will be given the following information:

Epidemic and mobility information of this state are as follows:

SEIRD parameters:
- beta = 0.111577643000077
- alpha = 0.0597163516591244
- gamma = 0.025096182940203115
- mu = 0.0001549629608176227
- delta = 0.9223750594215856

Current population composition:
- S = 8926260
- E = 64828
- I = 4144
- Q = 90977
- R = 117354
- D = 5050

Other origin states:
1. mississippi
   - Avg past 21-day population composition: S=597867, E=27074, I=11945, Q=9865, R=109620, D=3279
   - Avg past 21-day inflow: arizona=1731, mississippi=6474992, new mexico=1372, texas=29713, virginia=3518

2. new mexico
   - Avg past 21-day population composition: S=6915295, E=3701, I=768, Q=9033, R=37420, D=268
   - Avg past 21-day inflow: arizona=28008, mississippi=1016, new mexico=3611569, texas=146639, virginia=1472

3. texas
   - Avg past 21-day population composition: S=23305814, E=8922, I=14878, Q=88135, R=542102, D=8742
   - Avg past 21-day inflow: arizona=44065, mississippi=39373, new mexico=99060, texas=57587273, virginia=24012

4. virginia
   - Avg past 21-day population composition: S=8279979, E=60601, I=14262, Q=92580, R=449750, D=2734
   - Avg past 21-day inflow: arizona=5618, mississippi=3822, new mexico=1787, texas=23716, virginia=15126464

Please output the recommended traffic control policy in the required JSON format.
2025-12-25 10:41:34,830 - arizona - INFO - Raw agent output:
```json
{
  "weekly_policy": {
      "restricted_state": "texas"
  },
  "global_guidance": "Based on the current population composition and the past 21-day average daily inbound flow, Texas presents the highest risk profile with a significant number of exposed (E) and infected (I) individuals. Implementing a targeted screening policy for travelers from Texas would capture a substantial number of hidden infections, reducing the potential for disease spread within Arizona. While Mississippi and Virginia also have notable numbers of E and I individuals, Texas's higher average daily inbound flow makes it a more critical source to monitor. New Mexico, although having a lower flow rate, shows a relatively stable situation compared to Texas. Therefore, targeting Texas aligns with the objective of minimizing cumulative confirmed cases and deaths in Arizona."
}
```
2025-12-25 10:41:34,830 - arizona - INFO - Parsed PolicyResponse: policy={'texas': [0.5, 0.5]} explanation="Based on the current population composition and the past 21-day average daily inbound flow, Texas presents the highest risk profile with a significant number of exposed (E) and infected (I) individuals. Implementing a targeted screening policy for travelers from Texas would capture a substantial number of hidden infections, reducing the potential for disease spread within Arizona. While Mississippi and Virginia also have notable numbers of E and I individuals, Texas's higher average daily inbound flow makes it a more critical source to monitor. New Mexico, although having a lower flow rate, shows a relatively stable situation compared to Texas. Therefore, targeting Texas aligns with the objective of minimizing cumulative confirmed cases and deaths in Arizona."
2025-12-25 10:41:55,093 - arizona - INFO - Region Agent arizona - Iteration 14 / 18: Starting policy decision process.
2025-12-25 10:41:55,094 - arizona - INFO - Region user prompt: For arizona, you will be given the following information:

Epidemic and mobility information of this state are as follows:

SEIRD parameters:
- beta = 0.111577643000077
- alpha = 0.0597163516591244
- gamma = 0.02512091189866891
- mu = 8.004140369087751e-05
- delta = 0.9223750594215856

Current population composition:
- S = 8951945
- E = 81362
- I = 5214
- Q = 114945
- R = 153079
- D = 5206

Other origin states:
1. mississippi
   - Avg past 21-day population composition: S=532264, E=39372, I=14211, Q=9512, R=121610, D=3510
   - Avg past 21-day inflow: arizona=1989, mississippi=6656709, new mexico=1497, texas=29421, virginia=3739

2. new mexico
   - Avg past 21-day population composition: S=7540713, E=4703, I=976, Q=11118, R=46192, D=322
   - Avg past 21-day inflow: arizona=30633, mississippi=1120, new mexico=3686616, texas=151282, virginia=1936

3. texas
   - Avg past 21-day population composition: S=22480703, E=10604, I=17436, Q=98195, R=669400, D=10044
   - Avg past 21-day inflow: arizona=47229, mississippi=39010, new mexico=99222, texas=59112431, virginia=24366

4. virginia
   - Avg past 21-day population composition: S=8129610, E=72637, I=17126, Q=112352, R=578656, D=2735
   - Avg past 21-day inflow: arizona=5800, mississippi=4112, new mexico=2025, texas=24277, virginia=15457936

Please output the recommended traffic control policy in the required JSON format.
2025-12-25 10:42:00,295 - arizona - INFO - Raw agent output:
```json
{
  "weekly_policy": {
      "restricted_state": "texas"
  },
  "global_guidance": "Based on the current population composition and the past 21-day average daily inbound flows, Texas presents the highest risk profile with a significant number of exposed (E) and infected (I) individuals. Implementing a targeted screening policy for travelers from Texas would capture a substantial number of hidden infections, reducing the potential for disease spread into Arizona. While Mississippi and Virginia also have notable numbers of E and I individuals, Texas's higher average daily inbound flow makes it a more critical source to monitor. New Mexico, although having a lower flow rate, shows a relatively stable situation compared to Texas. Therefore, targeting Texas aligns with the goal of minimizing cumulative confirmed cases and deaths in Arizona."
}
```
2025-12-25 10:42:00,296 - arizona - INFO - Parsed PolicyResponse: policy={'texas': [0.5, 0.5]} explanation="Based on the current population composition and the past 21-day average daily inbound flows, Texas presents the highest risk profile with a significant number of exposed (E) and infected (I) individuals. Implementing a targeted screening policy for travelers from Texas would capture a substantial number of hidden infections, reducing the potential for disease spread into Arizona. While Mississippi and Virginia also have notable numbers of E and I individuals, Texas's higher average daily inbound flow makes it a more critical source to monitor. New Mexico, although having a lower flow rate, shows a relatively stable situation compared to Texas. Therefore, targeting Texas aligns with the goal of minimizing cumulative confirmed cases and deaths in Arizona."
2025-12-25 10:42:28,481 - arizona - INFO - Region Agent arizona - Iteration 15 / 18: Starting policy decision process.
2025-12-25 10:42:28,482 - arizona - INFO - Region user prompt: For arizona, you will be given the following information:

Epidemic and mobility information of this state are as follows:

SEIRD parameters:
- beta = 0.111577643000077
- alpha = 0.0597163516591244
- gamma = 0.025135078590390107
- mu = 3.8678623752005346e-05
- delta = 0.9223750594215856

Current population composition:
- S = 8853899
- E = 100932
- I = 6470
- Q = 144227
- R = 198119
- D = 5304

Other origin states:
1. mississippi
   - Avg past 21-day population composition: S=482459, E=51397, I=19043, Q=11653, R=134696, D=3732
   - Avg past 21-day inflow: arizona=2279, mississippi=6606055, new mexico=1459, texas=30676, virginia=3551

2. new mexico
   - Avg past 21-day population composition: S=8106608, E=6138, I=1278, Q=14190, R=57185, D=388
   - Avg past 21-day inflow: arizona=33774, mississippi=1148, new mexico=3628380, texas=146052, virginia=1760

3. texas
   - Avg past 21-day population composition: S=21616174, E=12841, I=21353, Q=118009, R=817539, D=11395
   - Avg past 21-day inflow: arizona=49267, mississippi=38445, new mexico=98410, texas=59134908, virginia=23381

4. virginia
   - Avg past 21-day population composition: S=7981762, E=85956, I=20346, Q=134677, R=734128, D=2735
   - Avg past 21-day inflow: arizona=6174, mississippi=4465, new mexico=2035, texas=24801, virginia=15326305

Please output the recommended traffic control policy in the required JSON format.
2025-12-25 10:42:33,395 - arizona - INFO - Raw agent output:
```json
{
  "weekly_policy": {
      "restricted_state": "texas"
  },
  "global_guidance": "Based on the current population composition and the past 21-day average daily inbound flow, Texas presents the highest risk profile with a significant number of exposed (E) and infected (I) individuals. Implementing a targeted screening policy for travelers from Texas would reduce the 'hidden' infectious population entering Arizona, thereby minimizing the cumulative confirmed cases and deaths. While Mississippi and Virginia also have notable numbers of E and I individuals, Texas's higher average daily inbound flow makes it a more critical source to monitor. New Mexico, although having a lower flow, still needs to be considered but is not the primary focus given the higher risk from Texas."
}
```
2025-12-25 10:42:33,395 - arizona - INFO - Parsed PolicyResponse: policy={'texas': [0.5, 0.5]} explanation="Based on the current population composition and the past 21-day average daily inbound flow, Texas presents the highest risk profile with a significant number of exposed (E) and infected (I) individuals. Implementing a targeted screening policy for travelers from Texas would reduce the 'hidden' infectious population entering Arizona, thereby minimizing the cumulative confirmed cases and deaths. While Mississippi and Virginia also have notable numbers of E and I individuals, Texas's higher average daily inbound flow makes it a more critical source to monitor. New Mexico, although having a lower flow, still needs to be considered but is not the primary focus given the higher risk from Texas."
2025-12-25 10:42:55,206 - arizona - INFO - Region Agent arizona - Iteration 16 / 18: Starting policy decision process.
2025-12-25 10:42:55,206 - arizona - INFO - Region user prompt: For arizona, you will be given the following information:

Epidemic and mobility information of this state are as follows:

SEIRD parameters:
- beta = 0.111577643000077
- alpha = 0.0597163516591244
- gamma = 0.025143189012269463
- mu = 1.7486256926348606e-05
- delta = 0.9223750594215856

Current population composition:
- S = 8549829
- E = 124235
- I = 7946
- Q = 180043
- R = 254536
- D = 5362

Other origin states:
1. mississippi
   - Avg past 21-day population composition: S=448722, E=63341, I=24330, Q=14952, R=151280, D=3977
   - Avg past 21-day inflow: arizona=1918, mississippi=6631471, new mexico=1137, texas=28922, virginia=3545

2. new mexico
   - Avg past 21-day population composition: S=8744569, E=8128, I=1688, Q=18464, R=71360, D=474
   - Avg past 21-day inflow: arizona=37298, mississippi=1158, new mexico=3541362, texas=134761, virginia=1577

3. texas
   - Avg past 21-day population composition: S=20704782, E=12231, I=20389, Q=129874, R=992293, D=12814
   - Avg past 21-day inflow: arizona=47112, mississippi=35978, new mexico=79863, texas=59397204, virginia=21662

4. virginia
   - Avg past 21-day population composition: S=7844340, E=99494, I=23628, Q=158720, R=919117, D=2735
   - Avg past 21-day inflow: arizona=6648, mississippi=4247, new mexico=1850, texas=25030, virginia=15466694

Please output the recommended traffic control policy in the required JSON format.
2025-12-25 10:43:00,742 - arizona - INFO - Raw agent output:
```json
{
  "weekly_policy": {
      "restricted_state": "texas"
  },
  "global_guidance": "Based on the current population composition and the SEIRD parameters, Texas presents a higher risk profile with a larger number of exposed (E) and infected (I) individuals compared to Mississippi, New Mexico, and Virginia. Implementing a Targeted Inbound Screening policy for travelers from Texas would significantly reduce the 'hidden' infectious population entering Arizona, thereby minimizing the cumulative confirmed cases and deaths. While Mississippi also has a notable number of exposed and infected individuals, Texas's much higher average daily inbound flow makes it a more critical source to target. This approach aligns with the principle of coordination rather than competition, ensuring that Arizona's efforts complement those of neighboring states in mitigating the spread of the disease."
}
```
2025-12-25 10:43:00,742 - arizona - INFO - Parsed PolicyResponse: policy={'texas': [0.5, 0.5]} explanation="Based on the current population composition and the SEIRD parameters, Texas presents a higher risk profile with a larger number of exposed (E) and infected (I) individuals compared to Mississippi, New Mexico, and Virginia. Implementing a Targeted Inbound Screening policy for travelers from Texas would significantly reduce the 'hidden' infectious population entering Arizona, thereby minimizing the cumulative confirmed cases and deaths. While Mississippi also has a notable number of exposed and infected individuals, Texas's much higher average daily inbound flow makes it a more critical source to target. This approach aligns with the principle of coordination rather than competition, ensuring that Arizona's efforts complement those of neighboring states in mitigating the spread of the disease."
2025-12-25 10:43:21,205 - arizona - INFO - Region Agent arizona - Iteration 17 / 18: Starting policy decision process.
2025-12-25 10:43:21,206 - arizona - INFO - Region user prompt: For arizona, you will be given the following information:

Epidemic and mobility information of this state are as follows:

SEIRD parameters:
- beta = 0.111577643000077
- alpha = 0.0597163516591244
- gamma = 0.025147830463207354
- mu = 7.395920318404787e-06
- delta = 0.9223750594215856

Current population composition:
- S = 8029026
- E = 149416
- I = 9547
- Q = 222288
- R = 324630
- D = 5394

Other origin states:
1. mississippi
   - Avg past 21-day population composition: S=413137, E=76018, I=30470, Q=19013, R=172488, D=4249
   - Avg past 21-day inflow: arizona=1900, mississippi=6630556, new mexico=1129, texas=28405, virginia=3183

2. new mexico
   - Avg past 21-day population composition: S=9513695, E=11058, I=2296, Q=24554, R=89988, D=585
   - Avg past 21-day inflow: arizona=43462, mississippi=1293, new mexico=3435281, texas=129254, virginia=1197

3. texas
   - Avg past 21-day population composition: S=19794358, E=13976, I=22725, Q=130453, R=1171394, D=14101
   - Avg past 21-day inflow: arizona=50257, mississippi=35622, new mexico=73550, texas=59303116, virginia=20129

4. virginia
   - Avg past 21-day population composition: S=7706245, E=112180, I=26730, Q=182841, R=1134859, D=2735
   - Avg past 21-day inflow: arizona=6592, mississippi=3845, new mexico=1710, texas=23739, virginia=15261036

Please output the recommended traffic control policy in the required JSON format.
2025-12-25 10:43:26,600 - arizona - INFO - Raw agent output:
```json
{
  "weekly_policy": {
      "restricted_state": "texas"
  },
  "global_guidance": "Based on the current SEIRD parameters and population compositions, Texas presents the highest risk due to its large number of exposed (E) and infected (I) individuals relative to its population size. Implementing a targeted screening policy for travelers from Texas would significantly reduce the influx of hidden infections into Arizona, thereby minimizing the cumulative confirmed cases and deaths. While Mississippi and Virginia also have notable numbers of E and I individuals, Texas's higher average daily inbound flow makes it a more critical source to monitor. New Mexico, although having a lower average daily inbound flow, does not currently pose as significant a risk compared to Texas."
}
```
2025-12-25 10:43:26,601 - arizona - INFO - Parsed PolicyResponse: policy={'texas': [0.5, 0.5]} explanation="Based on the current SEIRD parameters and population compositions, Texas presents the highest risk due to its large number of exposed (E) and infected (I) individuals relative to its population size. Implementing a targeted screening policy for travelers from Texas would significantly reduce the influx of hidden infections into Arizona, thereby minimizing the cumulative confirmed cases and deaths. While Mississippi and Virginia also have notable numbers of E and I individuals, Texas's higher average daily inbound flow makes it a more critical source to monitor. New Mexico, although having a lower average daily inbound flow, does not currently pose as significant a risk compared to Texas."
2025-12-25 10:43:47,441 - arizona - INFO - Region Agent arizona - Iteration 18 / 18: Starting policy decision process.
2025-12-25 10:43:47,442 - arizona - INFO - Region user prompt: For arizona, you will be given the following information:

Epidemic and mobility information of this state are as follows:

SEIRD parameters:
- beta = 0.111577643000077
- alpha = 0.0597163516591244
- gamma = 0.025150486107049154
- mu = 2.9265578800082016e-06
- delta = 0.9223750594215856

Current population composition:
- S = 7551256
- E = 175822
- I = 11174
- Q = 268156
- R = 410276
- D = 5409

Other origin states:
1. mississippi
   - Avg past 21-day population composition: S=403337, E=72934, I=29632, Q=21646, R=198548, D=4535
   - Avg past 21-day inflow: arizona=2184, mississippi=6318817, new mexico=1008, texas=38606, virginia=4148

2. new mexico
   - Avg past 21-day population composition: S=10381316, E=15252, I=3184, Q=33635, R=115120, D=735
   - Avg past 21-day inflow: arizona=46636, mississippi=1937, new mexico=3247252, texas=141481, virginia=1410

3. texas
   - Avg past 21-day population composition: S=18861237, E=18995, I=32448, Q=171272, R=1375117, D=15363
   - Avg past 21-day inflow: arizona=59869, mississippi=47560, new mexico=79862, texas=57427711, virginia=23877

4. virginia
   - Avg past 21-day population composition: S=7555663, E=122556, I=29300, Q=204940, R=1380276, D=2735
   - Avg past 21-day inflow: arizona=7210, mississippi=4629, new mexico=1614, texas=29515, virginia=14873036

Please output the recommended traffic control policy in the required JSON format.
2025-12-25 10:43:52,630 - arizona - INFO - Raw agent output:
```json
{
  "weekly_policy": {
      "restricted_state": "mississippi"
      },
  "global_guidance": "Based on the current population composition and the past 21-day average daily inbound flows, Mississippi presents a significant risk profile with a higher combined exposed (E) and infected (I) compartment count compared to other origin states. Implementing a targeted inbound screening policy from Mississippi would reduce the number of hidden infections entering Arizona, thereby minimizing the cumulative confirmed cases and deaths. While Texas also has a substantial inflow, its infectious density is lower than Mississippi's, making it less critical for immediate intervention. New Mexico and Virginia have lower infectious densities and fewer inbound flows, justifying the selection of Mississippi as the primary target for enhanced screening."
}
```
2025-12-25 10:43:52,631 - arizona - INFO - Parsed PolicyResponse: policy={'mississippi': [0.5, 0.5]} explanation="Based on the current population composition and the past 21-day average daily inbound flows, Mississippi presents a significant risk profile with a higher combined exposed (E) and infected (I) compartment count compared to other origin states. Implementing a targeted inbound screening policy from Mississippi would reduce the number of hidden infections entering Arizona, thereby minimizing the cumulative confirmed cases and deaths. While Texas also has a substantial inflow, its infectious density is lower than Mississippi's, making it less critical for immediate intervention. New Mexico and Virginia have lower infectious densities and fewer inbound flows, justifying the selection of Mississippi as the primary target for enhanced screening."
