2025-12-25 10:35:25,885 - new mexico - INFO - Region Agent new mexico - Iteration 1 / 18: Starting policy decision process.
2025-12-25 10:35:25,885 - new mexico - INFO - Region user prompt: For new mexico, you will be given the following information:

Epidemic and mobility information of this state are as follows:

SEIRD parameters:
- beta = 0.1117782502495318
- alpha = 0.1853333987657855
- gamma = 0.1
- mu = 0.0
- delta = 0.9086749315713404

Current population composition:
- S = 2093484
- E = 816
- I = 1276
- Q = 959
- R = 265
- D = 29

Other origin states:
1. arizona
   - Avg past 21-day population composition: S=7272180, E=1952, I=962, Q=3319, R=186, D=118
   - Avg past 21-day inflow: arizona=9717467, mississippi=1551, new mexico=19529, texas=27907, virginia=3665

2. mississippi
   - Avg past 21-day population composition: S=2970629, E=906, I=1753, Q=2463, R=301, D=97
   - Avg past 21-day inflow: arizona=1194, mississippi=3987236, new mexico=942, texas=18479, virginia=2401

3. texas
   - Avg past 21-day population composition: S=28984537, E=927, I=327, Q=7619, R=2141, D=330
   - Avg past 21-day inflow: arizona=22661, mississippi=24412, new mexico=47170, texas=39820832, virginia=11782

4. virginia
   - Avg past 21-day population composition: S=8524995, E=1825, I=3189, Q=4825, R=540, D=145
   - Avg past 21-day inflow: arizona=3171, mississippi=2260, new mexico=1385, texas=13780, virginia=11423959

Please output the recommended traffic control policy in the required JSON format.
2025-12-25 10:35:31,138 - new mexico - INFO - Raw agent output:
```json
{
  "weekly_policy": {
      "restricted_state": "texas"
  },
  "global_guidance": "Based on the current SEIRD parameters and population compositions, Texas presents a higher risk profile with a significant number of exposed (E) and infected (I) individuals. Implementing a targeted inbound screening policy from Texas would reduce the 'hidden' infectious population entering New Mexico, thereby minimizing the risk of disease spread. While Arizona and Virginia also have notable numbers of exposed and infected individuals, Texas's average daily inbound flow into New Mexico is the highest among the considered states, making it the primary source of concern. This policy aims to coordinate regional defenses by focusing on the state with the greatest potential for importing infections, without competing with other agents who might also be implementing similar measures."
}
```
2025-12-25 10:35:31,138 - new mexico - INFO - Parsed PolicyResponse: policy={'texas': [0.5, 0.5]} explanation="Based on the current SEIRD parameters and population compositions, Texas presents a higher risk profile with a significant number of exposed (E) and infected (I) individuals. Implementing a targeted inbound screening policy from Texas would reduce the 'hidden' infectious population entering New Mexico, thereby minimizing the risk of disease spread. While Arizona and Virginia also have notable numbers of exposed and infected individuals, Texas's average daily inbound flow into New Mexico is the highest among the considered states, making it the primary source of concern. This policy aims to coordinate regional defenses by focusing on the state with the greatest potential for importing infections, without competing with other agents who might also be implementing similar measures."
2025-12-25 10:35:53,683 - new mexico - INFO - Region Agent new mexico - Iteration 2 / 18: Starting policy decision process.
2025-12-25 10:35:53,683 - new mexico - INFO - Region user prompt: For new mexico, you will be given the following information:

Epidemic and mobility information of this state are as follows:

SEIRD parameters:
- beta = 0.1117782502495318
- alpha = 0.1853333987657855
- gamma = 0.06304094999402533
- mu = 0.00039496364860652674
- delta = 0.9086749315713404

Current population composition:
- S = 2671899
- E = 644
- I = 129
- Q = 2057
- R = 2063
- D = 42

Other origin states:
1. arizona
   - Avg past 21-day population composition: S=7365719, E=2859, I=184, Q=4823, R=518, D=202
   - Avg past 21-day inflow: arizona=11371640, mississippi=1616, new mexico=25816, texas=33181, virginia=3902

2. mississippi
   - Avg past 21-day population composition: S=2925419, E=3323, I=1781, Q=1920, R=1633, D=153
   - Avg past 21-day inflow: arizona=1524, mississippi=5486976, new mexico=1230, texas=24904, virginia=3440

3. texas
   - Avg past 21-day population composition: S=28614340, E=787, I=1223, Q=9251, R=5192, D=446
   - Avg past 21-day inflow: arizona=27201, mississippi=31103, new mexico=69252, texas=48379264, virginia=15325

4. virginia
   - Avg past 21-day population composition: S=8525938, E=4056, I=987, Q=6791, R=4748, D=358
   - Avg past 21-day inflow: arizona=3345, mississippi=3005, new mexico=1552, texas=16423, virginia=13217229

Please output the recommended traffic control policy in the required JSON format.
2025-12-25 10:35:58,915 - new mexico - INFO - Raw agent output:
```json
{
  "weekly_policy": {
      "restricted_state": "texas"
  },
  "global_guidance": "Based on the current SEIRD parameters and population compositions, Texas presents the highest risk due to its higher number of exposed (E) and infected (I) individuals compared to other states. Implementing a targeted inbound screening policy from Texas would significantly reduce the 'hidden' infectious population entering New Mexico, thereby minimizing the cumulative confirmed cases and deaths. While Arizona and Virginia also have notable numbers of exposed and infected individuals, Texas's large average daily inbound flow makes it a critical point of focus. This intervention aims to coordinate regional defense by addressing the primary source of potential importation while avoiding unnecessary competition with other states that might also benefit from similar measures."
}
```
2025-12-25 10:35:58,916 - new mexico - INFO - Parsed PolicyResponse: policy={'texas': [0.5, 0.5]} explanation="Based on the current SEIRD parameters and population compositions, Texas presents the highest risk due to its higher number of exposed (E) and infected (I) individuals compared to other states. Implementing a targeted inbound screening policy from Texas would significantly reduce the 'hidden' infectious population entering New Mexico, thereby minimizing the cumulative confirmed cases and deaths. While Arizona and Virginia also have notable numbers of exposed and infected individuals, Texas's large average daily inbound flow makes it a critical point of focus. This intervention aims to coordinate regional defense by addressing the primary source of potential importation while avoiding unnecessary competition with other states that might also benefit from similar measures."
2025-12-25 10:36:43,992 - new mexico - INFO - Region Agent new mexico - Iteration 3 / 18: Starting policy decision process.
2025-12-25 10:36:43,993 - new mexico - INFO - Region user prompt: For new mexico, you will be given the following information:

Epidemic and mobility information of this state are as follows:

SEIRD parameters:
- beta = 0.1117782502495318
- alpha = 0.1853333987657855
- gamma = 0.06304094999614668
- mu = 0.0003953309794195802
- delta = 0.9086749315713404

Current population composition:
- S = 3248200
- E = 645
- I = 131
- Q = 1931
- R = 3818
- D = 56

Other origin states:
1. arizona
   - Avg past 21-day population composition: S=7519919, E=4006, I=253, Q=6086, R=1229, D=360
   - Avg past 21-day inflow: arizona=11633875, mississippi=1614, new mexico=28282, texas=35167, virginia=3673

2. mississippi
   - Avg past 21-day population composition: S=2849819, E=5706, I=2642, Q=1740, R=3296, D=219
   - Avg past 21-day inflow: arizona=1474, mississippi=5834803, new mexico=1233, texas=26190, virginia=3303

3. texas
   - Avg past 21-day population composition: S=28080742, E=1074, I=1671, Q=12365, R=11505, D=658
   - Avg past 21-day inflow: arizona=28967, mississippi=32701, new mexico=75115, texas=51352865, virginia=15964

4. virginia
   - Avg past 21-day population composition: S=8518256, E=5227, I=1218, Q=7586, R=11549, D=670
   - Avg past 21-day inflow: arizona=3556, mississippi=2877, new mexico=1594, texas=16543, virginia=13637675

Please output the recommended traffic control policy in the required JSON format.
2025-12-25 10:36:56,111 - new mexico - INFO - Raw agent output:
```json
{
  "weekly_policy": {
      "restricted_state": "texas"
  },
  "global_guidance": "Based on the current population composition and the past 21-day average daily inbound flows, Texas presents the highest risk profile with a significant number of exposed (E) and infected (I) individuals. Implementing a targeted inbound screening policy from Texas would capture approximately 90% of these hidden infections, reducing their impact on New Mexico's susceptible population. While Arizona and Virginia also have notable numbers of E and I individuals, Texas has the highest average daily inbound flow into New Mexico, making it the primary focus for this intervention. This approach ensures that we address the most critical source of potential disease importation without overburdening other regions that might also be implementing similar measures."
}
```
2025-12-25 10:36:56,111 - new mexico - INFO - Parsed PolicyResponse: policy={'texas': [0.5, 0.5]} explanation="Based on the current population composition and the past 21-day average daily inbound flows, Texas presents the highest risk profile with a significant number of exposed (E) and infected (I) individuals. Implementing a targeted inbound screening policy from Texas would capture approximately 90percent of these hidden infections, reducing their impact on New Mexico's susceptible population. While Arizona and Virginia also have notable numbers of E and I individuals, Texas has the highest average daily inbound flow into New Mexico, making it the primary focus for this intervention. This approach ensures that we address the most critical source of potential disease importation without overburdening other regions that might also be implementing similar measures."
2025-12-25 10:37:27,188 - new mexico - INFO - Region Agent new mexico - Iteration 4 / 18: Starting policy decision process.
2025-12-25 10:37:27,189 - new mexico - INFO - Region user prompt: For new mexico, you will be given the following information:

Epidemic and mobility information of this state are as follows:

SEIRD parameters:
- beta = 0.1117782502495318
- alpha = 0.1853333987657855
- gamma = 0.06304094999826802
- mu = 0.0003954377962876131
- delta = 0.9086749315713404

Current population composition:
- S = 3930731
- E = 722
- I = 148
- Q = 1969
- R = 5525
- D = 70

Other origin states:
1. arizona
   - Avg past 21-day population composition: S=7722755, E=5663, I=360, Q=8204, R=2724, D=648
   - Avg past 21-day inflow: arizona=12334093, mississippi=1920, new mexico=30253, texas=41317, virginia=3797

2. mississippi
   - Avg past 21-day population composition: S=2737757, E=9360, I=4421, Q=2372, R=5778, D=314
   - Avg past 21-day inflow: arizona=1596, mississippi=6201158, new mexico=1241, texas=30835, virginia=3307

3. texas
   - Avg past 21-day population composition: S=27330510, E=1382, I=2161, Q=16283, R=24061, D=1023
   - Avg past 21-day inflow: arizona=33250, mississippi=38622, new mexico=84392, texas=54356274, virginia=17393

4. virginia
   - Avg past 21-day population composition: S=8530490, E=6663, I=1560, Q=9560, R=22265, D=1098
   - Avg past 21-day inflow: arizona=4434, mississippi=3671, new mexico=1716, texas=19791, virginia=14133151

Please output the recommended traffic control policy in the required JSON format.
2025-12-25 10:37:32,576 - new mexico - INFO - Raw agent output:
```json
{
  "weekly_policy": {
      "restricted_state": "texas"
  },
  "global_guidance": "Based on the current SEIRD parameters and population compositions, Texas presents the highest risk due to its higher number of exposed (E) and infected (I) individuals compared to other states. Implementing a targeted inbound screening policy from Texas would significantly reduce the 'hidden' infectious population entering New Mexico, thereby minimizing the cumulative confirmed cases and deaths. While Arizona and Virginia also have notable numbers of E and I individuals, Texas's average daily inbound flow into New Mexico is the highest, making it the primary source of concern. This policy aims to coordinate regional defenses by focusing on the state with the greatest potential for disease importation without competing with other agents who might also target high-risk states."
}
```
2025-12-25 10:37:32,577 - new mexico - INFO - Parsed PolicyResponse: policy={'texas': [0.5, 0.5]} explanation="Based on the current SEIRD parameters and population compositions, Texas presents the highest risk due to its higher number of exposed (E) and infected (I) individuals compared to other states. Implementing a targeted inbound screening policy from Texas would significantly reduce the 'hidden' infectious population entering New Mexico, thereby minimizing the cumulative confirmed cases and deaths. While Arizona and Virginia also have notable numbers of E and I individuals, Texas's average daily inbound flow into New Mexico is the highest, making it the primary source of concern. This policy aims to coordinate regional defenses by focusing on the state with the greatest potential for disease importation without competing with other agents who might also target high-risk states."
2025-12-25 10:37:55,547 - new mexico - INFO - Region Agent new mexico - Iteration 5 / 18: Starting policy decision process.
2025-12-25 10:37:55,548 - new mexico - INFO - Region user prompt: For new mexico, you will be given the following information:

Epidemic and mobility information of this state are as follows:

SEIRD parameters:
- beta = 0.1117782502495318
- alpha = 0.1853333987657855
- gamma = 0.06304095000038937
- mu = 0.00039528388796844987
- delta = 0.9086749315713404

Current population composition:
- S = 4638720
- E = 853
- I = 178
- Q = 2210
- R = 7348
- D = 84

Other origin states:
1. arizona
   - Avg past 21-day population composition: S=7917312, E=7569, I=484, Q=10801, R=5117, D=1032
   - Avg past 21-day inflow: arizona=12544263, mississippi=2480, new mexico=36541, texas=52438, virginia=4525

2. mississippi
   - Avg past 21-day population composition: S=2569761, E=14202, I=6745, Q=3653, R=9474, D=451
   - Avg past 21-day inflow: arizona=1899, mississippi=6282009, new mexico=1324, texas=37780, virginia=4177

3. texas
   - Avg past 21-day population composition: S=26456322, E=1881, I=2982, Q=19913, R=41902, D=1472
   - Avg past 21-day inflow: arizona=42323, mississippi=47996, new mexico=101339, texas=56028179, virginia=21124

4. virginia
   - Avg past 21-day population composition: S=8600798, E=8518, I=1997, Q=12256, R=35906, D=1522
   - Avg past 21-day inflow: arizona=5988, mississippi=4364, new mexico=2080, texas=25397, virginia=14398916

Please output the recommended traffic control policy in the required JSON format.
2025-12-25 10:38:00,456 - new mexico - INFO - Raw agent output:
```json
{
  "weekly_policy": {
      "restricted_state": "texas"
  },
  "global_guidance": "Based on the current SEIRD parameters and population compositions, Texas presents the highest risk due to its higher average daily inbound flow into New Mexico and a relatively higher number of exposed (E) and infected (I) individuals compared to other states. Implementing a targeted inbound screening policy from Texas would significantly reduce the 'hidden' infectious population entering New Mexico, thereby minimizing cumulative confirmed cases and deaths. This approach also helps in coordinating regional defense efforts without overburdening more obvious high-risk states like Arizona, which has a similar high-risk profile but lower average daily inbound flow to New Mexico."
}
```
2025-12-25 10:38:00,456 - new mexico - INFO - Parsed PolicyResponse: policy={'texas': [0.5, 0.5]} explanation="Based on the current SEIRD parameters and population compositions, Texas presents the highest risk due to its higher average daily inbound flow into New Mexico and a relatively higher number of exposed (E) and infected (I) individuals compared to other states. Implementing a targeted inbound screening policy from Texas would significantly reduce the 'hidden' infectious population entering New Mexico, thereby minimizing cumulative confirmed cases and deaths. This approach also helps in coordinating regional defense efforts without overburdening more obvious high-risk states like Arizona, which has a similar high-risk profile but lower average daily inbound flow to New Mexico."
2025-12-25 10:38:20,795 - new mexico - INFO - Region Agent new mexico - Iteration 6 / 18: Starting policy decision process.
2025-12-25 10:38:20,795 - new mexico - INFO - Region user prompt: For new mexico, you will be given the following information:

Epidemic and mobility information of this state are as follows:

SEIRD parameters:
- beta = 0.1117782502495318
- alpha = 0.1853333987657855
- gamma = 0.06304095000251071
- mu = 0.0003948695588207386
- delta = 0.9086749315713404

Current population composition:
- S = 5122639
- E = 1031
- I = 216
- Q = 2580
- R = 9440
- D = 98

Other origin states:
1. arizona
   - Avg past 21-day population composition: S=8106935, E=9866, I=633, Q=13925, R=8640, D=1508
   - Avg past 21-day inflow: arizona=12721796, mississippi=2607, new mexico=38678, texas=56414, virginia=5493

2. mississippi
   - Avg past 21-day population composition: S=2390070, E=20558, I=9776, Q=5441, R=15087, D=653
   - Avg past 21-day inflow: arizona=2382, mississippi=6511171, new mexico=1425, texas=39776, virginia=4198

3. texas
   - Avg past 21-day population composition: S=25688027, E=2224, I=3581, Q=24316, R=66273, D=2011
   - Avg past 21-day inflow: arizona=48951, mississippi=52561, new mexico=115020, texas=58274699, virginia=25244

4. virginia
   - Avg past 21-day population composition: S=8648347, E=10955, I=2571, Q=15831, R=53463, D=1901
   - Avg past 21-day inflow: arizona=6406, mississippi=4702, new mexico=2088, texas=25749, virginia=15056158

Please output the recommended traffic control policy in the required JSON format.
2025-12-25 10:38:26,313 - new mexico - INFO - Raw agent output:
```json
{
  "weekly_policy": {
      "restricted_state": "arizona"
      },
  "global_guidance": "Based on the current population composition and the 'Infectious Density' (E+I)/Population, Arizona presents the highest risk with an average of 10.47 exposed and infected individuals per 100,000 people over the past 14 days. Implementing a targeted screening policy for Arizona's travelers would significantly reduce the number of hidden infections entering New Mexico, thereby minimizing the cumulative confirmed cases and deaths. While Texas and Virginia also have notable numbers of exposed and infected individuals, Arizona's higher average daily inbound flow makes it a more critical source to target. Additionally, Mississippi has a relatively lower risk profile compared to these states. Therefore, selecting Arizona ensures that we address the primary risk of disease importation effectively."
}
```
2025-12-25 10:38:26,313 - new mexico - INFO - Parsed PolicyResponse: policy={'arizona': [0.5, 0.5]} explanation="Based on the current population composition and the 'Infectious Density' (E+I)/Population, Arizona presents the highest risk with an average of 10.47 exposed and infected individuals per 100,000 people over the past 14 days. Implementing a targeted screening policy for Arizona's travelers would significantly reduce the number of hidden infections entering New Mexico, thereby minimizing the cumulative confirmed cases and deaths. While Texas and Virginia also have notable numbers of exposed and infected individuals, Arizona's higher average daily inbound flow makes it a more critical source to target. Additionally, Mississippi has a relatively lower risk profile compared to these states. Therefore, selecting Arizona ensures that we address the primary risk of disease importation effectively."
2025-12-25 10:38:47,281 - new mexico - INFO - Region Agent new mexico - Iteration 7 / 18: Starting policy decision process.
2025-12-25 10:38:47,282 - new mexico - INFO - Region user prompt: For new mexico, you will be given the following information:

Epidemic and mobility information of this state are as follows:

SEIRD parameters:
- beta = 0.1117782502495318
- alpha = 0.1853333987657855
- gamma = 0.06304095000463207
- mu = 0.00039419562780104
- delta = 0.9086749315713404

Current population composition:
- S = 5228708
- E = 1132
- I = 277
- Q = 3208
- R = 11968
- D = 112

Other origin states:
1. arizona
   - Avg past 21-day population composition: S=8303282, E=12714, I=819, Q=17746, R=13525, D=2049
   - Avg past 21-day inflow: arizona=12691405, mississippi=2443, new mexico=41259, texas=57130, virginia=6387

2. mississippi
   - Avg past 21-day population composition: S=2118923, E=27732, I=13206, Q=7683, R=23246, D=935
   - Avg past 21-day inflow: arizona=2601, mississippi=6521022, new mexico=1605, texas=37844, virginia=4459

3. texas
   - Avg past 21-day population composition: S=25246769, E=3106, I=5030, Q=28708, R=96989, D=2622
   - Avg past 21-day inflow: arizona=49809, mississippi=60331, new mexico=132778, texas=57497200, virginia=26942

4. virginia
   - Avg past 21-day population composition: S=8643861, E=14194, I=3339, Q=20575, R=76206, D=2207
   - Avg past 21-day inflow: arizona=5763, mississippi=5376, new mexico=2165, texas=28512, virginia=15378004

Please output the recommended traffic control policy in the required JSON format.
2025-12-25 10:38:52,503 - new mexico - INFO - Raw agent output:
```json
{
  "weekly_policy": {
      "restricted_state": "texas"
  },
  "global_guidance": "Based on the current SEIRD parameters and population compositions, Texas presents the highest risk due to its higher number of exposed (E) and infected (I) individuals compared to other states. Implementing a targeted inbound screening policy from Texas would significantly reduce the 'hidden' infectious population entering New Mexico, thereby minimizing the cumulative confirmed cases and deaths. While Arizona also has a notable number of exposed and infected individuals, Texas's larger average daily inbound flow makes it a more critical source to monitor. This policy does not target Mississippi or Virginia as their average daily inbound flows into New Mexico are much smaller, reducing the potential impact of such measures."
}
```
2025-12-25 10:38:52,504 - new mexico - INFO - Parsed PolicyResponse: policy={'texas': [0.5, 0.5]} explanation="Based on the current SEIRD parameters and population compositions, Texas presents the highest risk due to its higher number of exposed (E) and infected (I) individuals compared to other states. Implementing a targeted inbound screening policy from Texas would significantly reduce the 'hidden' infectious population entering New Mexico, thereby minimizing the cumulative confirmed cases and deaths. While Arizona also has a notable number of exposed and infected individuals, Texas's larger average daily inbound flow makes it a more critical source to monitor. This policy does not target Mississippi or Virginia as their average daily inbound flows into New Mexico are much smaller, reducing the potential impact of such measures."
2025-12-25 10:39:12,731 - new mexico - INFO - Region Agent new mexico - Iteration 8 / 18: Starting policy decision process.
2025-12-25 10:39:12,731 - new mexico - INFO - Region user prompt: For new mexico, you will be given the following information:

Epidemic and mobility information of this state are as follows:

SEIRD parameters:
- beta = 0.1117782502495318
- alpha = 0.1853333987657855
- gamma = 0.06304095000675342
- mu = 0.0003932634257665254
- delta = 0.9086749315713404

Current population composition:
- S = 5271010
- E = 1480
- I = 316
- Q = 3725
- R = 14985
- D = 126

Other origin states:
1. arizona
   - Avg past 21-day population composition: S=8585794, E=16458, I=1066, Q=22637, R=20061, D=2624
   - Avg past 21-day inflow: arizona=12227260, mississippi=2819, new mexico=41834, texas=54141, virginia=6789

2. mississippi
   - Avg past 21-day population composition: S=1739292, E=33549, I=16004, Q=9949, R=34317, D=1297
   - Avg past 21-day inflow: arizona=2337, mississippi=6371393, new mexico=1565, texas=36298, virginia=4848

3. texas
   - Avg past 21-day population composition: S=25129120, E=3690, I=6134, Q=37334, R=138131, D=3359
   - Avg past 21-day inflow: arizona=49331, mississippi=63448, new mexico=132369, texas=55946397, virginia=28822

4. virginia
   - Avg past 21-day population composition: S=8635593, E=18541, I=4372, Q=26934, R=105873, D=2430
   - Avg past 21-day inflow: arizona=5547, mississippi=6108, new mexico=2484, texas=29795, virginia=15359071

Please output the recommended traffic control policy in the required JSON format.
2025-12-25 10:39:17,350 - new mexico - INFO - Raw agent output:
```json
{
  "weekly_policy": {
      "restricted_state": "texas"
  },
  "global_guidance": "Based on the current population composition and the inflow data, Texas presents the highest risk with a significant number of exposed (E) and infected (I) individuals. Implementing a targeted inbound screening policy from Texas would reduce the 'hidden' infectious population entering New Mexico, thereby minimizing the cumulative confirmed cases and deaths. While Arizona and Virginia also have notable numbers of E and I individuals, Texas's higher average daily inbound flow makes it a critical source to monitor. This policy does not target Mississippi as its risk profile is lower compared to Texas."
}
```
2025-12-25 10:39:17,350 - new mexico - INFO - Parsed PolicyResponse: policy={'texas': [0.5, 0.5]} explanation="Based on the current population composition and the inflow data, Texas presents the highest risk with a significant number of exposed (E) and infected (I) individuals. Implementing a targeted inbound screening policy from Texas would reduce the 'hidden' infectious population entering New Mexico, thereby minimizing the cumulative confirmed cases and deaths. While Arizona and Virginia also have notable numbers of E and I individuals, Texas's higher average daily inbound flow makes it a critical source to monitor. This policy does not target Mississippi as its risk profile is lower compared to Texas."
2025-12-25 10:39:38,192 - new mexico - INFO - Region Agent new mexico - Iteration 9 / 18: Starting policy decision process.
2025-12-25 10:39:38,193 - new mexico - INFO - Region user prompt: For new mexico, you will be given the following information:

Epidemic and mobility information of this state are as follows:

SEIRD parameters:
- beta = 0.1117782502495318
- alpha = 0.1853333987657855
- gamma = 0.06304095000887476
- mu = 0.00039207479109571884
- delta = 0.9086749315713404

Current population composition:
- S = 5456932
- E = 1829
- I = 391
- Q = 4497
- R = 18564
- D = 152

Other origin states:
1. arizona
   - Avg past 21-day population composition: S=8803832, E=21261, I=1375, Q=29022, R=28672, D=3197
   - Avg past 21-day inflow: arizona=12326316, mississippi=2415, new mexico=34721, texas=49757, virginia=6475

2. mississippi
   - Avg past 21-day population composition: S=1373237, E=37140, I=17804, Q=11725, R=47996, D=1718
   - Avg past 21-day inflow: arizona=2348, mississippi=6369349, new mexico=1638, texas=33936, virginia=4413

3. texas
   - Avg past 21-day population composition: S=25079590, E=4904, I=8059, Q=44016, R=189766, D=4208
   - Avg past 21-day inflow: arizona=46103, mississippi=57006, new mexico=119576, texas=55789157, virginia=29507

4. virginia
   - Avg past 21-day population composition: S=8575498, E=24100, I=5679, Q=35264, R=144762, D=2576
   - Avg past 21-day inflow: arizona=6027, mississippi=5270, new mexico=2367, texas=27064, virginia=15109651

Please output the recommended traffic control policy in the required JSON format.
2025-12-25 10:39:43,305 - new mexico - INFO - Raw agent output:
```json
{
  "weekly_policy": {
      "restricted_state": "texas"
  },
  "global_guidance": "Based on the current SEIRD parameters and population compositions, Texas presents the highest risk due to its higher number of exposed (E) and infected (I) individuals compared to other states. Implementing a targeted inbound screening policy from Texas would significantly reduce the 'hidden' infectious population entering New Mexico, thereby minimizing the cumulative confirmed cases and deaths. While Arizona and Virginia also have notable numbers of E and I individuals, Texas's average daily inbound flow into New Mexico is the highest, making it the primary source of concern. This policy aims to coordinate regional defenses by focusing on the state with the greatest potential for disease importation without competing with other agents."
}
```
2025-12-25 10:39:43,306 - new mexico - INFO - Parsed PolicyResponse: policy={'texas': [0.5, 0.5]} explanation="Based on the current SEIRD parameters and population compositions, Texas presents the highest risk due to its higher number of exposed (E) and infected (I) individuals compared to other states. Implementing a targeted inbound screening policy from Texas would significantly reduce the 'hidden' infectious population entering New Mexico, thereby minimizing the cumulative confirmed cases and deaths. While Arizona and Virginia also have notable numbers of E and I individuals, Texas's average daily inbound flow into New Mexico is the highest, making it the primary source of concern. This policy aims to coordinate regional defenses by focusing on the state with the greatest potential for disease importation without competing with other agents."
2025-12-25 10:40:04,172 - new mexico - INFO - Region Agent new mexico - Iteration 10 / 18: Starting policy decision process.
2025-12-25 10:40:04,172 - new mexico - INFO - Region user prompt: For new mexico, you will be given the following information:

Epidemic and mobility information of this state are as follows:

SEIRD parameters:
- beta = 0.1117782502495318
- alpha = 0.1853333987657855
- gamma = 0.06304095001099612
- mu = 0.00039063206364745316
- delta = 0.9086749315713404

Current population composition:
- S = 5713578
- E = 2245
- I = 473
- Q = 5514
- R = 22937
- D = 180

Other origin states:
1. arizona
   - Avg past 21-day population composition: S=8901276, E=27239, I=1757, Q=37211, R=39905, D=3734
   - Avg past 21-day inflow: arizona=12204458, mississippi=2079, new mexico=30995, texas=44249, virginia=5239

2. mississippi
   - Avg past 21-day population composition: S=1088818, E=38439, I=18609, Q=12888, R=63571, D=2163
   - Avg past 21-day inflow: arizona=1984, mississippi=6404182, new mexico=1219, texas=31542, virginia=3879

3. texas
   - Avg past 21-day population composition: S=24938467, E=5514, I=9282, Q=55822, R=256053, D=5200
   - Avg past 21-day inflow: arizona=44848, mississippi=51070, new mexico=113536, texas=56021642, virginia=27574

4. virginia
   - Avg past 21-day population composition: S=8489372, E=30999, I=7306, Q=45682, R=195418, D=2662
   - Avg past 21-day inflow: arizona=6041, mississippi=4887, new mexico=2362, texas=25141, virginia=14714026

Please output the recommended traffic control policy in the required JSON format.
2025-12-25 10:40:09,214 - new mexico - INFO - Raw agent output:
```json
{
  "weekly_policy": {
      "restricted_state": "texas"
  },
  "global_guidance": "Based on the current SEIRD parameters and population compositions, Texas presents the highest risk due to its large number of exposed (E) and infected (I) individuals relative to its population. Implementing a targeted inbound screening policy from Texas would significantly reduce the number of hidden infections entering New Mexico, thereby minimizing the cumulative confirmed cases and deaths. While Arizona and Virginia also have notable numbers of exposed and infected individuals, Texas's higher average daily inbound flow makes it a more critical source to monitor. Additionally, Mississippi, despite having a higher infectious density, does not pose as significant a risk due to its lower average daily inbound flow into New Mexico."
}
```
2025-12-25 10:40:09,215 - new mexico - INFO - Parsed PolicyResponse: policy={'texas': [0.5, 0.5]} explanation="Based on the current SEIRD parameters and population compositions, Texas presents the highest risk due to its large number of exposed (E) and infected (I) individuals relative to its population. Implementing a targeted inbound screening policy from Texas would significantly reduce the number of hidden infections entering New Mexico, thereby minimizing the cumulative confirmed cases and deaths. While Arizona and Virginia also have notable numbers of exposed and infected individuals, Texas's higher average daily inbound flow makes it a more critical source to monitor. Additionally, Mississippi, despite having a higher infectious density, does not pose as significant a risk due to its lower average daily inbound flow into New Mexico."
2025-12-25 10:40:41,211 - new mexico - INFO - Region Agent new mexico - Iteration 11 / 18: Starting policy decision process.
2025-12-25 10:40:41,212 - new mexico - INFO - Region user prompt: For new mexico, you will be given the following information:

Epidemic and mobility information of this state are as follows:

SEIRD parameters:
- beta = 0.1117782502495318
- alpha = 0.1853333987657855
- gamma = 0.06304095001311746
- mu = 0.000388938077085825
- delta = 0.9086749315713404

Current population composition:
- S = 6293775
- E = 2885
- I = 614
- Q = 6885
- R = 28321
- D = 212

Other origin states:
1. arizona
   - Avg past 21-day population composition: S=8916602, E=34742, I=2243, Q=47683, R=54447, D=4204
   - Avg past 21-day inflow: arizona=12300752, mississippi=2383, new mexico=31002, texas=46652, virginia=5591

2. mississippi
   - Avg past 21-day population composition: S=833914, E=35208, I=17225, Q=13018, R=80089, D=2599
   - Avg past 21-day inflow: arizona=1831, mississippi=6393211, new mexico=1134, texas=29893, virginia=3963

3. texas
   - Avg past 21-day population composition: S=24615523, E=6597, I=10928, Q=61691, R=334399, D=6278
   - Avg past 21-day inflow: arizona=45155, mississippi=47740, new mexico=102177, texas=56597764, virginia=28749

4. virginia
   - Avg past 21-day population composition: S=8438690, E=39628, I=9354, Q=58814, R=260826, D=2706
   - Avg past 21-day inflow: arizona=6980, mississippi=5593, new mexico=2638, texas=28806, virginia=14873143

Please output the recommended traffic control policy in the required JSON format.
2025-12-25 10:40:48,500 - new mexico - INFO - Raw agent output:
```json
{
  "weekly_policy": {
      "restricted_state": "texas"
  },
  "global_guidance": "Based on the current SEIRD parameters and population compositions, Texas presents the highest risk due to its higher number of exposed (E) and infected (I) individuals compared to other states. Implementing a targeted inbound screening policy from Texas would significantly reduce the 'hidden' infectious population entering New Mexico, thereby minimizing the cumulative confirmed cases and deaths. While Arizona and Virginia also have notable numbers of E and I individuals, Texas's average daily inbound flow into New Mexico is the highest, making it the primary source of concern. This policy aims to coordinate regional defenses by focusing on the state with the greatest potential for disease importation without competing with other agents."
}
```
2025-12-25 10:40:48,501 - new mexico - INFO - Parsed PolicyResponse: policy={'texas': [0.5, 0.5]} explanation="Based on the current SEIRD parameters and population compositions, Texas presents the highest risk due to its higher number of exposed (E) and infected (I) individuals compared to other states. Implementing a targeted inbound screening policy from Texas would significantly reduce the 'hidden' infectious population entering New Mexico, thereby minimizing the cumulative confirmed cases and deaths. While Arizona and Virginia also have notable numbers of E and I individuals, Texas's average daily inbound flow into New Mexico is the highest, making it the primary source of concern. This policy aims to coordinate regional defenses by focusing on the state with the greatest potential for disease importation without competing with other agents."
2025-12-25 10:41:14,254 - new mexico - INFO - Region Agent new mexico - Iteration 12 / 18: Starting policy decision process.
2025-12-25 10:41:14,255 - new mexico - INFO - Region user prompt: For new mexico, you will be given the following information:

Epidemic and mobility information of this state are as follows:

SEIRD parameters:
- beta = 0.1117782502495318
- alpha = 0.1853333987657855
- gamma = 0.06304095001523881
- mu = 0.00038699614960638736
- delta = 0.9086749315713404

Current population composition:
- S = 6755601
- E = 3483
- I = 723
- Q = 8558
- R = 35084
- D = 254

Other origin states:
1. arizona
   - Avg past 21-day population composition: S=8948165, E=44056, I=2827, Q=60936, R=73175, D=4590
   - Avg past 21-day inflow: arizona=12593850, mississippi=2059, new mexico=33023, texas=45336, virginia=5351

2. mississippi
   - Avg past 21-day population composition: S=672164, E=28723, I=14157, Q=11719, R=95914, D=2981
   - Avg past 21-day inflow: arizona=1898, mississippi=6433672, new mexico=1317, texas=31493, virginia=3517

3. texas
   - Avg past 21-day population composition: S=23974171, E=8235, I=13959, Q=77539, R=427857, D=7446
   - Avg past 21-day inflow: arizona=43694, mississippi=42933, new mexico=103286, texas=56938135, virginia=26283

4. virginia
   - Avg past 21-day population composition: S=8386456, E=49674, I=11709, Q=74706, R=344584, D=2726
   - Avg past 21-day inflow: arizona=5952, mississippi=4911, new mexico=2285, texas=26290, virginia=15100136

Please output the recommended traffic control policy in the required JSON format.
2025-12-25 10:41:18,955 - new mexico - INFO - Raw agent output:
```json
{
  "weekly_policy": {
      "restricted_state": "texas"
  },
  "global_guidance": "Based on the current SEIRD parameters and population compositions, Texas presents the highest risk due to its higher average daily inbound flow into New Mexico and a relatively higher number of exposed (E) and infected (I) individuals compared to other states. Implementing a targeted screening policy for travelers from Texas would significantly reduce the 'hidden' infectious population entering New Mexico, thereby minimizing the cumulative confirmed cases and deaths. This approach also helps in coordinating regional defenses without overburdening more stable states like Virginia, which has a lower risk profile despite having a large population. "
}
```
2025-12-25 10:41:18,956 - new mexico - INFO - Parsed PolicyResponse: policy={'texas': [0.5, 0.5]} explanation="Based on the current SEIRD parameters and population compositions, Texas presents the highest risk due to its higher average daily inbound flow into New Mexico and a relatively higher number of exposed (E) and infected (I) individuals compared to other states. Implementing a targeted screening policy for travelers from Texas would significantly reduce the 'hidden' infectious population entering New Mexico, thereby minimizing the cumulative confirmed cases and deaths. This approach also helps in coordinating regional defenses without overburdening more stable states like Virginia, which has a lower risk profile despite having a large population. "
2025-12-25 10:41:40,196 - new mexico - INFO - Region Agent new mexico - Iteration 13 / 18: Starting policy decision process.
2025-12-25 10:41:40,197 - new mexico - INFO - Region user prompt: For new mexico, you will be given the following information:

Epidemic and mobility information of this state are as follows:

SEIRD parameters:
- beta = 0.1117782502495318
- alpha = 0.1853333987657855
- gamma = 0.06304095001736017
- mu = 0.00038481007310605856
- delta = 0.9086749315713404

Current population composition:
- S = 7374731
- E = 4397
- I = 907
- Q = 10303
- R = 43313
- D = 305

Other origin states:
1. arizona
   - Avg past 21-day population composition: S=8948404, E=55469, I=3541, Q=77335, R=97108, D=4885
   - Avg past 21-day inflow: arizona=12775936, mississippi=1718, new mexico=30556, texas=45081, virginia=5287

2. mississippi
   - Avg past 21-day population composition: S=597867, E=27074, I=11945, Q=9865, R=109620, D=3279
   - Avg past 21-day inflow: arizona=1731, mississippi=6474992, new mexico=1372, texas=29713, virginia=3518

3. texas
   - Avg past 21-day population composition: S=23305814, E=8922, I=14878, Q=88135, R=542102, D=8742
   - Avg past 21-day inflow: arizona=44065, mississippi=39373, new mexico=99060, texas=57587273, virginia=24012

4. virginia
   - Avg past 21-day population composition: S=8279979, E=60601, I=14262, Q=92580, R=449750, D=2734
   - Avg past 21-day inflow: arizona=5618, mississippi=3822, new mexico=1787, texas=23716, virginia=15126464

Please output the recommended traffic control policy in the required JSON format.
2025-12-25 10:41:45,033 - new mexico - INFO - Raw agent output:
```json
{
  "weekly_policy": {
      "restricted_state": "texas"
  },
  "global_guidance": "Based on the current SEIRD parameters and population compositions, Texas presents the highest risk due to its higher average daily inbound flow into New Mexico and a relatively higher number of exposed (E) and infected (I) individuals compared to other states. Implementing a targeted screening policy for travelers from Texas would significantly reduce the 'hidden' infectious population entering New Mexico, thereby minimizing the cumulative confirmed cases and deaths. This approach also helps in coordinating regional defenses without overburdening more stable states like Virginia, which has a lower risk profile despite having a large population. "
}
```
2025-12-25 10:41:45,034 - new mexico - INFO - Parsed PolicyResponse: policy={'texas': [0.5, 0.5]} explanation="Based on the current SEIRD parameters and population compositions, Texas presents the highest risk due to its higher average daily inbound flow into New Mexico and a relatively higher number of exposed (E) and infected (I) individuals compared to other states. Implementing a targeted screening policy for travelers from Texas would significantly reduce the 'hidden' infectious population entering New Mexico, thereby minimizing the cumulative confirmed cases and deaths. This approach also helps in coordinating regional defenses without overburdening more stable states like Virginia, which has a lower risk profile despite having a large population. "
2025-12-25 10:42:04,664 - new mexico - INFO - Region Agent new mexico - Iteration 14 / 18: Starting policy decision process.
2025-12-25 10:42:04,665 - new mexico - INFO - Region user prompt: For new mexico, you will be given the following information:

Epidemic and mobility information of this state are as follows:

SEIRD parameters:
- beta = 0.1117782502495318
- alpha = 0.1853333987657855
- gamma = 0.06304095001948151
- mu = 0.0003823841008462238
- delta = 0.9086749315713404

Current population composition:
- S = 7964472
- E = 5779
- I = 1183
- Q = 13052
- R = 53501
- D = 367

Other origin states:
1. arizona
   - Avg past 21-day population composition: S=8944210, E=69702, I=4456, Q=97751, R=127465, D=5094
   - Avg past 21-day inflow: arizona=13101290, mississippi=2159, new mexico=32596, texas=51399, virginia=5679

2. mississippi
   - Avg past 21-day population composition: S=532264, E=39372, I=14211, Q=9512, R=121610, D=3510
   - Avg past 21-day inflow: arizona=1989, mississippi=6656709, new mexico=1497, texas=29421, virginia=3739

3. texas
   - Avg past 21-day population composition: S=22480703, E=10604, I=17436, Q=98195, R=669400, D=10044
   - Avg past 21-day inflow: arizona=47229, mississippi=39010, new mexico=99222, texas=59112431, virginia=24366

4. virginia
   - Avg past 21-day population composition: S=8129610, E=72637, I=17126, Q=112352, R=578656, D=2735
   - Avg past 21-day inflow: arizona=5800, mississippi=4112, new mexico=2025, texas=24277, virginia=15457936

Please output the recommended traffic control policy in the required JSON format.
2025-12-25 10:42:13,726 - new mexico - INFO - Raw agent output:
```json
{
  "weekly_policy": {
      "restricted_state": "texas"
  },
  "global_guidance": "Based on the current population composition and the past 21-day average daily inbound flows, Texas presents the highest risk profile with a significant number of exposed (E) and infected (I) individuals. Implementing a targeted screening policy for travelers from Texas would reduce the 'hidden' infectious population entering New Mexico, thereby minimizing the cumulative confirmed cases and deaths. While Arizona and Virginia also have notable numbers of exposed and infected individuals, Texas's higher average daily inbound flow makes it a critical point of focus. This approach ensures that we address the primary source of potential disease importation without overburdening less risky regions."
}
```
2025-12-25 10:42:13,727 - new mexico - INFO - Parsed PolicyResponse: policy={'texas': [0.5, 0.5]} explanation="Based on the current population composition and the past 21-day average daily inbound flows, Texas presents the highest risk profile with a significant number of exposed (E) and infected (I) individuals. Implementing a targeted screening policy for travelers from Texas would reduce the 'hidden' infectious population entering New Mexico, thereby minimizing the cumulative confirmed cases and deaths. While Arizona and Virginia also have notable numbers of exposed and infected individuals, Texas's higher average daily inbound flow makes it a critical point of focus. This approach ensures that we address the primary source of potential disease importation without overburdening less risky regions."
2025-12-25 10:42:37,871 - new mexico - INFO - Region Agent new mexico - Iteration 15 / 18: Starting policy decision process.
2025-12-25 10:42:37,871 - new mexico - INFO - Region user prompt: For new mexico, you will be given the following information:

Epidemic and mobility information of this state are as follows:

SEIRD parameters:
- beta = 0.1117782502495318
- alpha = 0.1853333987657855
- gamma = 0.06304095002160287
- mu = 0.0003797229336652049
- delta = 0.9086749315713404

Current population composition:
- S = 8541721
- E = 7523
- I = 1556
- Q = 16976
- R = 66551
- D = 445

Other origin states:
1. arizona
   - Avg past 21-day population composition: S=8929314, E=86996, I=5564, Q=123201, R=165837, D=5234
   - Avg past 21-day inflow: arizona=13080168, mississippi=2109, new mexico=34666, texas=51916, virginia=5224

2. mississippi
   - Avg past 21-day population composition: S=482459, E=51397, I=19043, Q=11653, R=134696, D=3732
   - Avg past 21-day inflow: arizona=2279, mississippi=6606055, new mexico=1459, texas=30676, virginia=3551

3. texas
   - Avg past 21-day population composition: S=21616174, E=12841, I=21353, Q=118009, R=817539, D=11395
   - Avg past 21-day inflow: arizona=49267, mississippi=38445, new mexico=98410, texas=59134908, virginia=23381

4. virginia
   - Avg past 21-day population composition: S=7981762, E=85956, I=20346, Q=134677, R=734128, D=2735
   - Avg past 21-day inflow: arizona=6174, mississippi=4465, new mexico=2035, texas=24801, virginia=15326305

Please output the recommended traffic control policy in the required JSON format.
2025-12-25 10:42:43,033 - new mexico - INFO - Raw agent output:
```json
{
  "weekly_policy": {
      "restricted_state": "texas"
  },
  "global_guidance": "Based on the current SEIRD parameters and population compositions, Texas presents the highest risk due to its higher average daily inbound flow into New Mexico and a relatively higher number of exposed (E) and infected (I) individuals compared to other states. Implementing a targeted screening policy for travelers from Texas would significantly reduce the 'hidden' infectious population entering New Mexico, thereby minimizing the cumulative confirmed cases and deaths. This approach also helps in coordinating regional defenses without overburdening more stable states like Virginia, which has a lower risk profile despite having a large population. "
}
```
2025-12-25 10:42:43,033 - new mexico - INFO - Parsed PolicyResponse: policy={'texas': [0.5, 0.5]} explanation="Based on the current SEIRD parameters and population compositions, Texas presents the highest risk due to its higher average daily inbound flow into New Mexico and a relatively higher number of exposed (E) and infected (I) individuals compared to other states. Implementing a targeted screening policy for travelers from Texas would significantly reduce the 'hidden' infectious population entering New Mexico, thereby minimizing the cumulative confirmed cases and deaths. This approach also helps in coordinating regional defenses without overburdening more stable states like Virginia, which has a lower risk profile despite having a large population. "
2025-12-25 10:43:06,231 - new mexico - INFO - Region Agent new mexico - Iteration 16 / 18: Starting policy decision process.
2025-12-25 10:43:06,232 - new mexico - INFO - Region user prompt: For new mexico, you will be given the following information:

Epidemic and mobility information of this state are as follows:

SEIRD parameters:
- beta = 0.1117782502495318
- alpha = 0.1853333987657855
- gamma = 0.06304095002372422
- mu = 0.00037683170480265135
- delta = 0.9086749315713404

Current population composition:
- S = 9286648
- E = 10172
- I = 2088
- Q = 22275
- R = 83577
- D = 547

Other origin states:
1. arizona
   - Avg past 21-day population composition: S=8770478, E=107802, I=6893, Q=154392, R=214102, D=5320
   - Avg past 21-day inflow: arizona=13314477, mississippi=2086, new mexico=31372, texas=45426, virginia=4496

2. mississippi
   - Avg past 21-day population composition: S=448722, E=63341, I=24330, Q=14952, R=151280, D=3977
   - Avg past 21-day inflow: arizona=1918, mississippi=6631471, new mexico=1137, texas=28922, virginia=3545

3. texas
   - Avg past 21-day population composition: S=20704782, E=12231, I=20389, Q=129874, R=992293, D=12814
   - Avg past 21-day inflow: arizona=47112, mississippi=35978, new mexico=79863, texas=59397204, virginia=21662

4. virginia
   - Avg past 21-day population composition: S=7844340, E=99494, I=23628, Q=158720, R=919117, D=2735
   - Avg past 21-day inflow: arizona=6648, mississippi=4247, new mexico=1850, texas=25030, virginia=15466694

Please output the recommended traffic control policy in the required JSON format.
2025-12-25 10:43:11,316 - new mexico - INFO - Raw agent output:
```json
{
  "weekly_policy": {
      "restricted_state": "texas"
  },
  "global_guidance": "Based on the current SEIRD parameters and population compositions, Texas presents the highest risk due to its large number of exposed (E) and infected (I) individuals relative to its population. Implementing a targeted inbound screening policy from Texas would significantly reduce the number of hidden infections entering New Mexico, thereby minimizing the cumulative confirmed cases and deaths. While Arizona and Virginia also have notable numbers of exposed and infected individuals, Texas's higher average daily inbound flow makes it a critical point of focus. Mississippi, despite having a higher proportion of exposed and infected individuals, has a much lower average daily inbound flow compared to Texas, making it less of a priority for this intervention."
}
```
2025-12-25 10:43:11,317 - new mexico - INFO - Parsed PolicyResponse: policy={'texas': [0.5, 0.5]} explanation="Based on the current SEIRD parameters and population compositions, Texas presents the highest risk due to its large number of exposed (E) and infected (I) individuals relative to its population. Implementing a targeted inbound screening policy from Texas would significantly reduce the number of hidden infections entering New Mexico, thereby minimizing the cumulative confirmed cases and deaths. While Arizona and Virginia also have notable numbers of exposed and infected individuals, Texas's higher average daily inbound flow makes it a critical point of focus. Mississippi, despite having a higher proportion of exposed and infected individuals, has a much lower average daily inbound flow compared to Texas, making it less of a priority for this intervention."
2025-12-25 10:43:31,135 - new mexico - INFO - Region Agent new mexico - Iteration 17 / 18: Starting policy decision process.
2025-12-25 10:43:31,136 - new mexico - INFO - Region user prompt: For new mexico, you will be given the following information:

Epidemic and mobility information of this state are as follows:

SEIRD parameters:
- beta = 0.1117782502495318
- alpha = 0.1853333987657855
- gamma = 0.06304095002584556
- mu = 0.0003737159634044114
- delta = 0.9086749315713404

Current population composition:
- S = 10129497
- E = 13884
- I = 2873
- Q = 30173
- R = 106321
- D = 683

Other origin states:
1. arizona
   - Avg past 21-day population composition: S=8405396, E=131719, I=8420, Q=192038, R=274408, D=5371
   - Avg past 21-day inflow: arizona=13145499, mississippi=2050, new mexico=28775, texas=42590, virginia=4029

2. mississippi
   - Avg past 21-day population composition: S=413137, E=76018, I=30470, Q=19013, R=172488, D=4249
   - Avg past 21-day inflow: arizona=1900, mississippi=6630556, new mexico=1129, texas=28405, virginia=3183

3. texas
   - Avg past 21-day population composition: S=19794358, E=13976, I=22725, Q=130453, R=1171394, D=14101
   - Avg past 21-day inflow: arizona=50257, mississippi=35622, new mexico=73550, texas=59303116, virginia=20129

4. virginia
   - Avg past 21-day population composition: S=7706245, E=112180, I=26730, Q=182841, R=1134859, D=2735
   - Avg past 21-day inflow: arizona=6592, mississippi=3845, new mexico=1710, texas=23739, virginia=15261036

Please output the recommended traffic control policy in the required JSON format.
2025-12-25 10:43:37,236 - new mexico - INFO - Raw agent output:
```json
{
  "weekly_policy": {
      "restricted_state": "texas"
  },
  "global_guidance": "Based on the current population composition and the past 21-day average daily inbound flows, Texas presents the highest risk due to its higher number of exposed (E) and infected (I) individuals relative to its population size. Implementing a targeted screening policy for travelers from Texas would significantly reduce the number of hidden infections entering New Mexico, thereby minimizing the cumulative confirmed cases and deaths. While Arizona and Virginia also have notable numbers of exposed and infected individuals, Texas's larger average daily inbound flow makes it a more critical source to monitor and control. This approach aligns with the principle of coordination rather than competition among regional agents, ensuring a more effective overall strategy against disease spread."
}
```
2025-12-25 10:43:37,237 - new mexico - INFO - Parsed PolicyResponse: policy={'texas': [0.5, 0.5]} explanation="Based on the current population composition and the past 21-day average daily inbound flows, Texas presents the highest risk due to its higher number of exposed (E) and infected (I) individuals relative to its population size. Implementing a targeted screening policy for travelers from Texas would significantly reduce the number of hidden infections entering New Mexico, thereby minimizing the cumulative confirmed cases and deaths. While Arizona and Virginia also have notable numbers of exposed and infected individuals, Texas's larger average daily inbound flow makes it a more critical source to monitor and control. This approach aligns with the principle of coordination rather than competition among regional agents, ensuring a more effective overall strategy against disease spread."
2025-12-25 10:44:00,215 - new mexico - INFO - Region Agent new mexico - Iteration 18 / 18: Starting policy decision process.
2025-12-25 10:44:00,215 - new mexico - INFO - Region user prompt: For new mexico, you will be given the following information:

Epidemic and mobility information of this state are as follows:

SEIRD parameters:
- beta = 0.1117782502495318
- alpha = 0.1853333987657855
- gamma = 0.06304095002796692
- mu = 0.0003703816567820574
- delta = 0.9086749315713404

Current population composition:
- S = 11037585
- E = 17872
- I = 3712
- Q = 41754
- R = 137624
- D = 868

Other origin states:
1. arizona
   - Avg past 21-day population composition: S=7857449, E=155916, I=9943, Q=235263, R=348957, D=5397
   - Avg past 21-day inflow: arizona=12798149, mississippi=1891, new mexico=27828, texas=53906, virginia=5103

2. mississippi
   - Avg past 21-day population composition: S=403337, E=72934, I=29632, Q=21646, R=198548, D=4535
   - Avg past 21-day inflow: arizona=2184, mississippi=6318817, new mexico=1008, texas=38606, virginia=4148

3. texas
   - Avg past 21-day population composition: S=18861237, E=18995, I=32448, Q=171272, R=1375117, D=15363
   - Avg past 21-day inflow: arizona=59869, mississippi=47560, new mexico=79862, texas=57427711, virginia=23877

4. virginia
   - Avg past 21-day population composition: S=7555663, E=122556, I=29300, Q=204940, R=1380276, D=2735
   - Avg past 21-day inflow: arizona=7210, mississippi=4629, new mexico=1614, texas=29515, virginia=14873036

Please output the recommended traffic control policy in the required JSON format.
2025-12-25 10:44:04,689 - new mexico - INFO - Raw agent output:
```json
{
  "weekly_policy": {
      "restricted_state": "texas"
  },
  "global_guidance": "Based on the current SEIRD parameters and population compositions, Texas presents the highest risk due to its higher average daily inbound flow into New Mexico and a relatively high combined exposed (E) and infected (I) compartment count. Implementing a targeted screening policy for travelers from Texas would significantly reduce the number of hidden infections entering New Mexico, thereby minimizing the cumulative confirmed cases and deaths. This approach also helps in coordinating regional defense without overburdening other states that might have similar high-risk profiles."
}
```
2025-12-25 10:44:04,689 - new mexico - INFO - Parsed PolicyResponse: policy={'texas': [0.5, 0.5]} explanation='Based on the current SEIRD parameters and population compositions, Texas presents the highest risk due to its higher average daily inbound flow into New Mexico and a relatively high combined exposed (E) and infected (I) compartment count. Implementing a targeted screening policy for travelers from Texas would significantly reduce the number of hidden infections entering New Mexico, thereby minimizing the cumulative confirmed cases and deaths. This approach also helps in coordinating regional defense without overburdening other states that might have similar high-risk profiles.'
